[4.018s] Invoking command in '/app/dev_ws/src/cam_client': PYTHONPATH=/app/dev_ws/install/cam_client/lib/python3.8/site-packages:/app/dev_ws/install/xsens_msgs/lib/python3.8/site-packages:/app/dev_ws/install/xsens_driver/lib/python3.8/site-packages:/app/dev_ws/install/cam_client/lib/python3.8/site-packages:/app/dev_ws/install/rosbridge_test_msgs/lib/python3.8/site-packages:/app/dev_ws/install/rosbridge_server/lib/python3.8/site-packages:/app/dev_ws/install/rosbridge_msgs/lib/python3.8/site-packages:/app/dev_ws/install/rosapi/lib/python3.8/site-packages:/app/dev_ws/install/rosbridge_library/lib/python3.8/site-packages:/app/dev_ws/install/rosapi_msgs/lib/python3.8/site-packages:/app/dev_ws/install/ntrip_client/lib/python3.8/site-packages:/app/dev_ws/install/central/lib/python3.8/site-packages:/opt/ros/foxy/lib/python3.8/site-packages /usr/bin/python3 setup.py egg_info --egg-base ../../build/cam_client build --build-base /app/dev_ws/build/cam_client/build install --prefix /app/dev_ws/install/cam_client --record /app/dev_ws/build/cam_client/install.log --single-version-externally-managed
[5.216s] running egg_info
[5.218s] writing ../../build/cam_client/cam_client.egg-info/PKG-INFO
[5.220s] writing dependency_links to ../../build/cam_client/cam_client.egg-info/dependency_links.txt
[5.221s] writing entry points to ../../build/cam_client/cam_client.egg-info/entry_points.txt
[5.222s] writing requirements to ../../build/cam_client/cam_client.egg-info/requires.txt
[5.223s] writing top-level names to ../../build/cam_client/cam_client.egg-info/top_level.txt
[5.392s] reading manifest file '../../build/cam_client/cam_client.egg-info/SOURCES.txt'
[5.397s] writing manifest file '../../build/cam_client/cam_client.egg-info/SOURCES.txt'
[5.398s] running build
[5.398s] running build_py
[5.400s] copying cam_client/utils/myTIS.py -> /app/dev_ws/build/cam_client/build/lib/cam_client/utils
[5.402s] running install
[5.406s] running install_lib
[5.411s] copying /app/dev_ws/build/cam_client/build/lib/cam_client/utils/myTIS.py -> /app/dev_ws/install/cam_client/lib/python3.8/site-packages/cam_client/utils
[5.415s] byte-compiling /app/dev_ws/install/cam_client/lib/python3.8/site-packages/cam_client/utils/myTIS.py to myTIS.cpython-38.pyc
[5.421s]   File "/app/dev_ws/install/cam_client/lib/python3.8/site-packages/cam_client/utils/myTIS.py", line 85
[5.422s]     def _createPipeline(self):
[5.422s]     ^
[5.423s] SyntaxError: invalid syntax
[5.423s] 
[5.423s] running install_data
[5.424s] running install_egg_info
[5.432s] removing '/app/dev_ws/install/cam_client/lib/python3.8/site-packages/cam_client-0.0.0-py3.8.egg-info' (and everything under it)
[5.435s] Copying ../../build/cam_client/cam_client.egg-info to /app/dev_ws/install/cam_client/lib/python3.8/site-packages/cam_client-0.0.0-py3.8.egg-info
[5.442s] running install_scripts
[5.525s] Installing main script to /app/dev_ws/install/cam_client/lib/cam_client
[5.527s] writing list of installed files to '/app/dev_ws/build/cam_client/install.log'
[5.633s] Invoked command in '/app/dev_ws/src/cam_client' returned '0': PYTHONPATH=/app/dev_ws/install/cam_client/lib/python3.8/site-packages:/app/dev_ws/install/xsens_msgs/lib/python3.8/site-packages:/app/dev_ws/install/xsens_driver/lib/python3.8/site-packages:/app/dev_ws/install/cam_client/lib/python3.8/site-packages:/app/dev_ws/install/rosbridge_test_msgs/lib/python3.8/site-packages:/app/dev_ws/install/rosbridge_server/lib/python3.8/site-packages:/app/dev_ws/install/rosbridge_msgs/lib/python3.8/site-packages:/app/dev_ws/install/rosapi/lib/python3.8/site-packages:/app/dev_ws/install/rosbridge_library/lib/python3.8/site-packages:/app/dev_ws/install/rosapi_msgs/lib/python3.8/site-packages:/app/dev_ws/install/ntrip_client/lib/python3.8/site-packages:/app/dev_ws/install/central/lib/python3.8/site-packages:/opt/ros/foxy/lib/python3.8/site-packages /usr/bin/python3 setup.py egg_info --egg-base ../../build/cam_client build --build-base /app/dev_ws/build/cam_client/build install --prefix /app/dev_ws/install/cam_client --record /app/dev_ws/build/cam_client/install.log --single-version-externally-managed
