[3.300s] Invoking command in '/app/dev_ws/src/central': PYTHONPATH=/app/dev_ws/install/central/lib/python3.8/site-packages:${PYTHONPATH} /usr/bin/python3 setup.py egg_info --egg-base ../../build/central build --build-base /app/dev_ws/build/central/build install --prefix /app/dev_ws/install/central --record /app/dev_ws/build/central/install.log --single-version-externally-managed
[4.422s] running egg_info
[4.424s] writing ../../build/central/central.egg-info/PKG-INFO
[4.425s] writing dependency_links to ../../build/central/central.egg-info/dependency_links.txt
[4.427s] writing entry points to ../../build/central/central.egg-info/entry_points.txt
[4.428s] writing requirements to ../../build/central/central.egg-info/requires.txt
[4.428s] writing top-level names to ../../build/central/central.egg-info/top_level.txt
[4.593s] reading manifest file '../../build/central/central.egg-info/SOURCES.txt'
[4.598s] writing manifest file '../../build/central/central.egg-info/SOURCES.txt'
[4.598s] running build
[4.599s] running build_py
[4.599s] copying central/central_data.py -> /app/dev_ws/build/central/build/lib/central
[4.601s] running install
[4.605s] running install_lib
[4.610s] copying /app/dev_ws/build/central/build/lib/central/central_data.py -> /app/dev_ws/install/central/lib/python3.8/site-packages/central
[4.614s] byte-compiling /app/dev_ws/install/central/lib/python3.8/site-packages/central/central_data.py to central_data.cpython-38.pyc
[4.630s]   File "/app/dev_ws/install/central/lib/python3.8/site-packages/central/central_data.py", line 473
[4.631s]     cd.kalman_filter_2(gnss, dt_KF)
[4.631s]     ^
[4.632s] SyntaxError: invalid syntax
[4.632s] 
[4.633s] running install_data
[4.633s] running install_egg_info
[4.641s] removing '/app/dev_ws/install/central/lib/python3.8/site-packages/central-0.0.0-py3.8.egg-info' (and everything under it)
[4.642s] Copying ../../build/central/central.egg-info to /app/dev_ws/install/central/lib/python3.8/site-packages/central-0.0.0-py3.8.egg-info
[4.648s] running install_scripts
[4.730s] Installing collect_data script to /app/dev_ws/install/central/lib/central
[4.732s] Installing config script to /app/dev_ws/install/central/lib/central
[4.734s] writing list of installed files to '/app/dev_ws/build/central/install.log'
[4.843s] Invoked command in '/app/dev_ws/src/central' returned '0': PYTHONPATH=/app/dev_ws/install/central/lib/python3.8/site-packages:${PYTHONPATH} /usr/bin/python3 setup.py egg_info --egg-base ../../build/central build --build-base /app/dev_ws/build/central/build install --prefix /app/dev_ws/install/central --record /app/dev_ws/build/central/install.log --single-version-externally-managed
