[3.133s] Invoking command in '/app/dev_ws/src/central': PYTHONPATH=/app/dev_ws/install/central/lib/python3.8/site-packages:${PYTHONPATH} /usr/bin/python3 setup.py egg_info --egg-base ../../build/central build --build-base /app/dev_ws/build/central/build install --prefix /app/dev_ws/install/central --record /app/dev_ws/build/central/install.log --single-version-externally-managed
[4.220s] running egg_info
[4.222s] writing ../../build/central/central.egg-info/PKG-INFO
[4.223s] writing dependency_links to ../../build/central/central.egg-info/dependency_links.txt
[4.225s] writing entry points to ../../build/central/central.egg-info/entry_points.txt
[4.226s] writing requirements to ../../build/central/central.egg-info/requires.txt
[4.227s] writing top-level names to ../../build/central/central.egg-info/top_level.txt
[4.391s] reading manifest file '../../build/central/central.egg-info/SOURCES.txt'
[4.395s] writing manifest file '../../build/central/central.egg-info/SOURCES.txt'
[4.396s] running build
[4.397s] running build_py
[4.397s] copying central/central_data.py -> /app/dev_ws/build/central/build/lib/central
[4.399s] running install
[4.403s] running install_lib
[4.408s] copying /app/dev_ws/build/central/build/lib/central/central_data.py -> /app/dev_ws/install/central/lib/python3.8/site-packages/central
[4.412s] byte-compiling /app/dev_ws/install/central/lib/python3.8/site-packages/central/central_data.py to central_data.cpython-38.pyc
[4.432s] running install_data
[4.434s] running install_egg_info
[4.442s] removing '/app/dev_ws/install/central/lib/python3.8/site-packages/central-0.0.0-py3.8.egg-info' (and everything under it)
[4.443s] Copying ../../build/central/central.egg-info to /app/dev_ws/install/central/lib/python3.8/site-packages/central-0.0.0-py3.8.egg-info
[4.451s] running install_scripts
[4.530s] Installing collect_data script to /app/dev_ws/install/central/lib/central
[4.531s] Installing config script to /app/dev_ws/install/central/lib/central
[4.533s] writing list of installed files to '/app/dev_ws/build/central/install.log'
[4.636s] Invoked command in '/app/dev_ws/src/central' returned '0': PYTHONPATH=/app/dev_ws/install/central/lib/python3.8/site-packages:${PYTHONPATH} /usr/bin/python3 setup.py egg_info --egg-base ../../build/central build --build-base /app/dev_ws/build/central/build install --prefix /app/dev_ws/install/central --record /app/dev_ws/build/central/install.log --single-version-externally-managed
