[4.445s] Invoking command in '/app/dev_ws/src/ntrip_client': PYTHONPATH=/app/dev_ws/install/ntrip_client/lib/python3.8/site-packages:${PYTHONPATH} /usr/bin/python3 setup.py egg_info --egg-base ../../build/ntrip_client build --build-base /app/dev_ws/build/ntrip_client/build install --prefix /app/dev_ws/install/ntrip_client --record /app/dev_ws/build/ntrip_client/install.log --single-version-externally-managed
[5.660s] running egg_info
[5.662s] creating ../../build/ntrip_client/ntrip_client.egg-info
[5.663s] writing ../../build/ntrip_client/ntrip_client.egg-info/PKG-INFO
[5.664s] writing dependency_links to ../../build/ntrip_client/ntrip_client.egg-info/dependency_links.txt
[5.665s] writing entry points to ../../build/ntrip_client/ntrip_client.egg-info/entry_points.txt
[5.666s] writing requirements to ../../build/ntrip_client/ntrip_client.egg-info/requires.txt
[5.666s] writing top-level names to ../../build/ntrip_client/ntrip_client.egg-info/top_level.txt
[5.673s] writing manifest file '../../build/ntrip_client/ntrip_client.egg-info/SOURCES.txt'
[5.851s] reading manifest file '../../build/ntrip_client/ntrip_client.egg-info/SOURCES.txt'
[5.855s] writing manifest file '../../build/ntrip_client/ntrip_client.egg-info/SOURCES.txt'
[5.856s] running build
[5.857s] running build_py
[5.858s] creating /app/dev_ws/build/ntrip_client/build
[5.859s] creating /app/dev_ws/build/ntrip_client/build/lib
[5.860s] creating /app/dev_ws/build/ntrip_client/build/lib/ntrip_client
[5.861s] copying ntrip_client/__init__.py -> /app/dev_ws/build/ntrip_client/build/lib/ntrip_client
[5.861s] copying ntrip_client/ntrip_pub.py -> /app/dev_ws/build/ntrip_client/build/lib/ntrip_client
[5.862s] running install
[5.865s] running install_lib
[5.870s] creating /app/dev_ws/install/ntrip_client/lib/python3.8/site-packages/ntrip_client
[5.871s] copying /app/dev_ws/build/ntrip_client/build/lib/ntrip_client/__init__.py -> /app/dev_ws/install/ntrip_client/lib/python3.8/site-packages/ntrip_client
[5.872s] copying /app/dev_ws/build/ntrip_client/build/lib/ntrip_client/ntrip_pub.py -> /app/dev_ws/install/ntrip_client/lib/python3.8/site-packages/ntrip_client
[5.875s] byte-compiling /app/dev_ws/install/ntrip_client/lib/python3.8/site-packages/ntrip_client/__init__.py to __init__.cpython-38.pyc
[5.885s] byte-compiling /app/dev_ws/install/ntrip_client/lib/python3.8/site-packages/ntrip_client/ntrip_pub.py to ntrip_pub.cpython-38.pyc
[5.890s] running install_data
[5.895s] creating /app/dev_ws/install/ntrip_client/share/ament_index
[5.896s] creating /app/dev_ws/install/ntrip_client/share/ament_index/resource_index
[5.897s] creating /app/dev_ws/install/ntrip_client/share/ament_index/resource_index/packages
[5.897s] copying resource/ntrip_client -> /app/dev_ws/install/ntrip_client/share/ament_index/resource_index/packages
[5.900s] copying package.xml -> /app/dev_ws/install/ntrip_client/share/ntrip_client
[5.901s] running install_egg_info
[5.904s] Copying ../../build/ntrip_client/ntrip_client.egg-info to /app/dev_ws/install/ntrip_client/lib/python3.8/site-packages/ntrip_client-0.0.0-py3.8.egg-info
[5.913s] running install_scripts
[6.037s] Installing main script to /app/dev_ws/install/ntrip_client/lib/ntrip_client
[6.039s] writing list of installed files to '/app/dev_ws/build/ntrip_client/install.log'
[6.157s] Invoked command in '/app/dev_ws/src/ntrip_client' returned '0': PYTHONPATH=/app/dev_ws/install/ntrip_client/lib/python3.8/site-packages:${PYTHONPATH} /usr/bin/python3 setup.py egg_info --egg-base ../../build/ntrip_client build --build-base /app/dev_ws/build/ntrip_client/build install --prefix /app/dev_ws/install/ntrip_client --record /app/dev_ws/build/ntrip_client/install.log --single-version-externally-managed
