[3.228s] Invoking command in '/app/dev_ws/src/central': PYTHONPATH=/app/dev_ws/install/central/lib/python3.8/site-packages:${PYTHONPATH} /usr/bin/python3 setup.py egg_info --egg-base ../../build/central build --build-base /app/dev_ws/build/central/build install --prefix /app/dev_ws/install/central --record /app/dev_ws/build/central/install.log --single-version-externally-managed
[4.321s] running egg_info
[4.323s] writing ../../build/central/central.egg-info/PKG-INFO
[4.324s] writing dependency_links to ../../build/central/central.egg-info/dependency_links.txt
[4.325s] writing entry points to ../../build/central/central.egg-info/entry_points.txt
[4.326s] writing requirements to ../../build/central/central.egg-info/requires.txt
[4.326s] writing top-level names to ../../build/central/central.egg-info/top_level.txt
[4.493s] reading manifest file '../../build/central/central.egg-info/SOURCES.txt'
[4.499s] writing manifest file '../../build/central/central.egg-info/SOURCES.txt'
[4.500s] running build
[4.500s] running build_py
[4.501s] copying central/central_data.py -> /app/dev_ws/build/central/build/lib/central
[4.503s] running install
[4.507s] running install_lib
[4.512s] copying /app/dev_ws/build/central/build/lib/central/central_data.py -> /app/dev_ws/install/central/lib/python3.8/site-packages/central
[4.516s] byte-compiling /app/dev_ws/install/central/lib/python3.8/site-packages/central/central_data.py to central_data.cpython-38.pyc
[4.537s] running install_data
[4.541s] running install_egg_info
[4.549s] removing '/app/dev_ws/install/central/lib/python3.8/site-packages/central-0.0.0-py3.8.egg-info' (and everything under it)
[4.550s] Copying ../../build/central/central.egg-info to /app/dev_ws/install/central/lib/python3.8/site-packages/central-0.0.0-py3.8.egg-info
[4.557s] running install_scripts
[4.638s] Installing collect_data script to /app/dev_ws/install/central/lib/central
[4.638s] Installing config script to /app/dev_ws/install/central/lib/central
[4.641s] writing list of installed files to '/app/dev_ws/build/central/install.log'
[4.745s] Invoked command in '/app/dev_ws/src/central' returned '0': PYTHONPATH=/app/dev_ws/install/central/lib/python3.8/site-packages:${PYTHONPATH} /usr/bin/python3 setup.py egg_info --egg-base ../../build/central build --build-base /app/dev_ws/build/central/build install --prefix /app/dev_ws/install/central --record /app/dev_ws/build/central/install.log --single-version-externally-managed
