[0.075s] Invoking command in '/app/dev_ws/build/xsens_msgs': CMAKE_PREFIX_PATH=${CMAKE_PREFIX_PATH}:/app/dev_ws/install/xsens_driver:/app/dev_ws/install/ntrip_client:/app/dev_ws/install/central:/opt/ros/foxy /usr/bin/cmake --build /app/dev_ws/build/xsens_msgs -- -j4 -l4
[0.279s] -- Found ament_cmake: 0.9.9 (/opt/ros/foxy/share/ament_cmake/cmake)
[0.421s] -- Found PythonInterp: /usr/bin/python3 (found suitable version "3.8.10", minimum required is "3") 
[0.421s] -- Using PYTHON_EXECUTABLE: /usr/bin/python3
[1.336s] -- Found std_msgs: 2.0.5 (/opt/ros/foxy/share/std_msgs/cmake)
[1.475s] -- Using all available rosidl_typesupport_c: rosidl_typesupport_fastrtps_c;rosidl_typesupport_introspection_c
[1.491s] -- Found rosidl_adapter: 1.2.1 (/opt/ros/foxy/share/rosidl_adapter/cmake)
[2.468s] -- Using all available rosidl_typesupport_cpp: rosidl_typesupport_fastrtps_cpp;rosidl_typesupport_introspection_cpp
[2.665s] -- Found rosidl_default_generators: 1.0.1 (/opt/ros/foxy/share/rosidl_default_generators/cmake)
[2.716s] -- Found sensor_msgs: 2.0.5 (/opt/ros/foxy/share/sensor_msgs/cmake)
[3.334s] -- Found PythonInterp: /usr/bin/python3 (found version "3.8.10") 
[4.575s] -- Found ament_cmake_cppcheck: 0.9.6 (/opt/ros/foxy/share/ament_cmake_cppcheck/cmake)
[4.579s] -- Found ament_cmake_cpplint: 0.9.6 (/opt/ros/foxy/share/ament_cmake_cpplint/cmake)
[4.583s] -- Found ament_cmake_uncrustify: 0.9.6 (/opt/ros/foxy/share/ament_cmake_uncrustify/cmake)
[4.588s] -- Found ament_cmake_ros: 0.9.2 (/opt/ros/foxy/share/ament_cmake_ros/cmake)
[6.502s] -- Using all available rosidl_typesupport_c: rosidl_typesupport_fastrtps_c;rosidl_typesupport_introspection_c
[7.297s] -- Using all available rosidl_typesupport_cpp: rosidl_typesupport_fastrtps_cpp;rosidl_typesupport_introspection_cpp
[7.458s] -- Found PythonInterp: /usr/bin/python3 (found suitable version "3.8.10", minimum required is "3.5") 
[7.460s] -- Found python_cmake_module: 0.8.1 (/opt/ros/foxy/share/python_cmake_module/cmake)
[7.597s] -- Using PYTHON_EXECUTABLE: /usr/bin/python3
[7.597s] -- Using PYTHON_INCLUDE_DIRS: /usr/include/python3.8
[7.597s] -- Using PYTHON_LIBRARIES: /usr/lib/aarch64-linux-gnu/libpython3.8.so
[7.964s] -- Found ament_cmake_flake8: 0.9.6 (/opt/ros/foxy/share/ament_cmake_flake8/cmake)
[7.968s] -- Found ament_cmake_pep257: 0.9.6 (/opt/ros/foxy/share/ament_cmake_pep257/cmake)
[7.977s] -- Found ament_lint_auto: 0.9.6 (/opt/ros/foxy/share/ament_lint_auto/cmake)
[8.072s] -- Configuring done
[8.507s] -- Generating done
[8.526s] -- Build files have been written to: /app/dev_ws/build/xsens_msgs
[8.682s] [  1%] [34m[1mGenerating C code for ROS interfaces[0m
[8.748s] [  2%] [34m[1mGenerating C++ code for ROS interfaces[0m
[12.003s] [  2%] Built target xsens_msgs__cpp
[12.134s] [  3%] [34m[1mGenerating C++ introspection for ROS interfaces[0m
[12.144s] [  4%] [34m[1mGenerating C++ type support for eProsima Fast-RTPS[0m
[12.296s] [  5%] [34m[1mGenerating C++ type support dispatch for ROS interfaces[0m
[12.319s] [35m[1mScanning dependencies of target xsens_msgs__rosidl_generator_c[0m
[12.465s] [  6%] [32mBuilding C object CMakeFiles/xsens_msgs__rosidl_generator_c.dir/rosidl_generator_c/xsens_msgs/msg/detail/ori_oe__functions.c.o[0m
[12.790s] [  8%] [32mBuilding C object CMakeFiles/xsens_msgs__rosidl_generator_c.dir/rosidl_generator_c/xsens_msgs/msg/detail/pos_pa__functions.c.o[0m
[13.090s] [  9%] [32mBuilding C object CMakeFiles/xsens_msgs__rosidl_generator_c.dir/rosidl_generator_c/xsens_msgs/msg/detail/pos_pl__functions.c.o[0m
[13.372s] [ 10%] [32mBuilding C object CMakeFiles/xsens_msgs__rosidl_generator_c.dir/rosidl_generator_c/xsens_msgs/msg/detail/sta_sw__functions.c.o[0m
[13.672s] [ 11%] [32mBuilding C object CMakeFiles/xsens_msgs__rosidl_generator_c.dir/rosidl_generator_c/xsens_msgs/msg/detail/rtc_mcorr__functions.c.o[0m
[13.968s] [ 12%] [32mBuilding C object CMakeFiles/xsens_msgs__rosidl_generator_c.dir/rosidl_generator_c/xsens_msgs/msg/detail/config_xsens__functions.c.o[0m
[14.310s] [ 13%] [32mBuilding C object CMakeFiles/xsens_msgs__rosidl_generator_c.dir/rosidl_generator_c/xsens_msgs/msg/detail/config_ntrip__functions.c.o[0m
[14.630s] [35m[1mScanning dependencies of target xsens_msgs__rosidl_typesupport_cpp[0m
[14.666s] [ 14%] [32mBuilding C object CMakeFiles/xsens_msgs__rosidl_generator_c.dir/rosidl_generator_c/xsens_msgs/srv/detail/rtc_mdata__functions.c.o[0m
[14.757s] [ 16%] [32mBuilding CXX object CMakeFiles/xsens_msgs__rosidl_typesupport_cpp.dir/rosidl_typesupport_cpp/xsens_msgs/msg/ori_oe__type_support.cpp.o[0m
[15.031s] [ 17%] [32m[1mLinking C shared library libxsens_msgs__rosidl_generator_c.so[0m
[15.403s] [ 17%] Built target xsens_msgs__rosidl_generator_c
[15.498s] [ 18%] [32mBuilding CXX object CMakeFiles/xsens_msgs__rosidl_typesupport_cpp.dir/rosidl_typesupport_cpp/xsens_msgs/msg/pos_pa__type_support.cpp.o[0m
[15.543s] [35m[1mScanning dependencies of target xsens_msgs__rosidl_typesupport_introspection_cpp[0m
[15.676s] [ 19%] [32mBuilding CXX object CMakeFiles/xsens_msgs__rosidl_typesupport_introspection_cpp.dir/rosidl_typesupport_introspection_cpp/xsens_msgs/msg/detail/ori_oe__type_support.cpp.o[0m
[15.853s] [35m[1mScanning dependencies of target xsens_msgs__rosidl_typesupport_fastrtps_cpp[0m
[16.013s] [ 20%] [32mBuilding CXX object CMakeFiles/xsens_msgs__rosidl_typesupport_fastrtps_cpp.dir/rosidl_typesupport_fastrtps_cpp/xsens_msgs/msg/detail/dds_fastrtps/ori_oe__type_support.cpp.o[0m
[16.778s] [ 21%] [32mBuilding CXX object CMakeFiles/xsens_msgs__rosidl_typesupport_introspection_cpp.dir/rosidl_typesupport_introspection_cpp/xsens_msgs/msg/detail/pos_pa__type_support.cpp.o[0m
[17.573s] [ 22%] [32mBuilding CXX object CMakeFiles/xsens_msgs__rosidl_typesupport_cpp.dir/rosidl_typesupport_cpp/xsens_msgs/msg/pos_pl__type_support.cpp.o[0m
[17.779s] [ 24%] [32mBuilding CXX object CMakeFiles/xsens_msgs__rosidl_typesupport_cpp.dir/rosidl_typesupport_cpp/xsens_msgs/msg/sta_sw__type_support.cpp.o[0m
[19.054s] [ 25%] [32mBuilding CXX object CMakeFiles/xsens_msgs__rosidl_typesupport_fastrtps_cpp.dir/rosidl_typesupport_fastrtps_cpp/xsens_msgs/msg/detail/dds_fastrtps/pos_pa__type_support.cpp.o[0m
[19.134s] [ 26%] [32mBuilding CXX object CMakeFiles/xsens_msgs__rosidl_typesupport_introspection_cpp.dir/rosidl_typesupport_introspection_cpp/xsens_msgs/msg/detail/pos_pl__type_support.cpp.o[0m
[19.584s] [ 27%] [32mBuilding CXX object CMakeFiles/xsens_msgs__rosidl_typesupport_fastrtps_cpp.dir/rosidl_typesupport_fastrtps_cpp/xsens_msgs/msg/detail/dds_fastrtps/pos_pl__type_support.cpp.o[0m
[19.801s] [ 28%] [32mBuilding CXX object CMakeFiles/xsens_msgs__rosidl_typesupport_cpp.dir/rosidl_typesupport_cpp/xsens_msgs/msg/rtc_mcorr__type_support.cpp.o[0m
[21.331s] [ 29%] [32mBuilding CXX object CMakeFiles/xsens_msgs__rosidl_typesupport_introspection_cpp.dir/rosidl_typesupport_introspection_cpp/xsens_msgs/msg/detail/sta_sw__type_support.cpp.o[0m
[22.013s] [ 31%] [32mBuilding CXX object CMakeFiles/xsens_msgs__rosidl_typesupport_cpp.dir/rosidl_typesupport_cpp/xsens_msgs/msg/config_xsens__type_support.cpp.o[0m
[22.029s] [ 32%] [32mBuilding CXX object CMakeFiles/xsens_msgs__rosidl_typesupport_fastrtps_cpp.dir/rosidl_typesupport_fastrtps_cpp/xsens_msgs/msg/detail/dds_fastrtps/sta_sw__type_support.cpp.o[0m
[22.737s] [ 33%] [32mBuilding CXX object CMakeFiles/xsens_msgs__rosidl_typesupport_cpp.dir/rosidl_typesupport_cpp/xsens_msgs/msg/config_ntrip__type_support.cpp.o[0m
[23.361s] [ 34%] [32mBuilding CXX object CMakeFiles/xsens_msgs__rosidl_typesupport_introspection_cpp.dir/rosidl_typesupport_introspection_cpp/xsens_msgs/msg/detail/rtc_mcorr__type_support.cpp.o[0m
[24.113s] [ 35%] [32mBuilding CXX object CMakeFiles/xsens_msgs__rosidl_typesupport_fastrtps_cpp.dir/rosidl_typesupport_fastrtps_cpp/xsens_msgs/msg/detail/dds_fastrtps/rtc_mcorr__type_support.cpp.o[0m
[24.769s] [ 36%] [32mBuilding CXX object CMakeFiles/xsens_msgs__rosidl_typesupport_cpp.dir/rosidl_typesupport_cpp/xsens_msgs/srv/rtc_mdata__type_support.cpp.o[0m
[24.888s] [ 37%] [32mBuilding CXX object CMakeFiles/xsens_msgs__rosidl_typesupport_introspection_cpp.dir/rosidl_typesupport_introspection_cpp/xsens_msgs/msg/detail/config_xsens__type_support.cpp.o[0m
[25.567s] [ 39%] [34m[1mGenerating C introspection for ROS interfaces[0m
[27.047s] [ 40%] [32m[1mLinking CXX shared library libxsens_msgs__rosidl_typesupport_cpp.so[0m
[27.112s] [ 41%] [32mBuilding CXX object CMakeFiles/xsens_msgs__rosidl_typesupport_introspection_cpp.dir/rosidl_typesupport_introspection_cpp/xsens_msgs/msg/detail/config_ntrip__type_support.cpp.o[0m
[27.138s] [ 42%] [32mBuilding CXX object CMakeFiles/xsens_msgs__rosidl_typesupport_fastrtps_cpp.dir/rosidl_typesupport_fastrtps_cpp/xsens_msgs/msg/detail/dds_fastrtps/config_xsens__type_support.cpp.o[0m
[27.332s] [ 42%] Built target xsens_msgs__rosidl_typesupport_cpp
[27.390s] [ 43%] [32mBuilding CXX object CMakeFiles/xsens_msgs__rosidl_typesupport_introspection_cpp.dir/rosidl_typesupport_introspection_cpp/xsens_msgs/srv/detail/rtc_mdata__type_support.cpp.o[0m
[29.243s] [ 44%] [32mBuilding CXX object CMakeFiles/xsens_msgs__rosidl_typesupport_fastrtps_cpp.dir/rosidl_typesupport_fastrtps_cpp/xsens_msgs/msg/detail/dds_fastrtps/config_ntrip__type_support.cpp.o[0m
[29.249s] [ 45%] [32m[1mLinking CXX shared library libxsens_msgs__rosidl_typesupport_introspection_cpp.so[0m
[29.289s] [35m[1mScanning dependencies of target xsens_msgs__rosidl_typesupport_introspection_c[0m
[29.425s] [ 47%] [32mBuilding C object CMakeFiles/xsens_msgs__rosidl_typesupport_introspection_c.dir/rosidl_typesupport_introspection_c/xsens_msgs/msg/detail/ori_oe__type_support.c.o[0m
[29.677s] [ 48%] [32mBuilding C object CMakeFiles/xsens_msgs__rosidl_typesupport_introspection_c.dir/rosidl_typesupport_introspection_c/xsens_msgs/msg/detail/pos_pa__type_support.c.o[0m
[29.845s] [ 48%] Built target xsens_msgs__rosidl_typesupport_introspection_cpp
[29.924s] [ 49%] [32mBuilding C object CMakeFiles/xsens_msgs__rosidl_typesupport_introspection_c.dir/rosidl_typesupport_introspection_c/xsens_msgs/msg/detail/sta_sw__type_support.c.o[0m
[29.933s] [ 50%] [32mBuilding C object CMakeFiles/xsens_msgs__rosidl_typesupport_introspection_c.dir/rosidl_typesupport_introspection_c/xsens_msgs/msg/detail/pos_pl__type_support.c.o[0m
[30.214s] [ 51%] [32mBuilding C object CMakeFiles/xsens_msgs__rosidl_typesupport_introspection_c.dir/rosidl_typesupport_introspection_c/xsens_msgs/msg/detail/rtc_mcorr__type_support.c.o[0m
[30.263s] [ 52%] [32mBuilding C object CMakeFiles/xsens_msgs__rosidl_typesupport_introspection_c.dir/rosidl_typesupport_introspection_c/xsens_msgs/msg/detail/config_xsens__type_support.c.o[0m
[30.509s] [ 54%] [32mBuilding CXX object CMakeFiles/xsens_msgs__rosidl_typesupport_fastrtps_cpp.dir/rosidl_typesupport_fastrtps_cpp/xsens_msgs/srv/detail/dds_fastrtps/rtc_mdata__type_support.cpp.o[0m
[30.511s] [ 55%] [32mBuilding C object CMakeFiles/xsens_msgs__rosidl_typesupport_introspection_c.dir/rosidl_typesupport_introspection_c/xsens_msgs/msg/detail/config_ntrip__type_support.c.o[0m
[30.552s] [ 56%] [32mBuilding C object CMakeFiles/xsens_msgs__rosidl_typesupport_introspection_c.dir/rosidl_typesupport_introspection_c/xsens_msgs/srv/detail/rtc_mdata__type_support.c.o[0m
[30.810s] [ 57%] [34m[1mGenerating C type support dispatch for ROS interfaces[0m
[30.816s] [ 58%] [32m[1mLinking C shared library libxsens_msgs__rosidl_typesupport_introspection_c.so[0m
[31.159s] [ 58%] Built target xsens_msgs__rosidl_typesupport_introspection_c
[33.055s] [35m[1mScanning dependencies of target xsens_msgs__rosidl_typesupport_c[0m
[33.193s] [ 59%] [32mBuilding CXX object CMakeFiles/xsens_msgs__rosidl_typesupport_c.dir/rosidl_typesupport_c/xsens_msgs/msg/pos_pa__type_support.cpp.o[0m
[33.271s] [ 60%] [32mBuilding CXX object CMakeFiles/xsens_msgs__rosidl_typesupport_c.dir/rosidl_typesupport_c/xsens_msgs/msg/ori_oe__type_support.cpp.o[0m
[33.341s] [ 62%] [32mBuilding CXX object CMakeFiles/xsens_msgs__rosidl_typesupport_c.dir/rosidl_typesupport_c/xsens_msgs/msg/pos_pl__type_support.cpp.o[0m
[33.684s] [ 63%] [32mBuilding CXX object CMakeFiles/xsens_msgs__rosidl_typesupport_c.dir/rosidl_typesupport_c/xsens_msgs/msg/sta_sw__type_support.cpp.o[0m
[33.725s] [ 64%] [32mBuilding CXX object CMakeFiles/xsens_msgs__rosidl_typesupport_c.dir/rosidl_typesupport_c/xsens_msgs/msg/rtc_mcorr__type_support.cpp.o[0m
[33.847s] [ 65%] [32mBuilding CXX object CMakeFiles/xsens_msgs__rosidl_typesupport_c.dir/rosidl_typesupport_c/xsens_msgs/msg/config_xsens__type_support.cpp.o[0m
[34.057s] [ 66%] [32mBuilding CXX object CMakeFiles/xsens_msgs__rosidl_typesupport_c.dir/rosidl_typesupport_c/xsens_msgs/msg/config_ntrip__type_support.cpp.o[0m
[34.169s] [ 67%] [32mBuilding CXX object CMakeFiles/xsens_msgs__rosidl_typesupport_c.dir/rosidl_typesupport_c/xsens_msgs/srv/rtc_mdata__type_support.cpp.o[0m
[34.244s] [ 68%] [32m[1mLinking CXX shared library libxsens_msgs__rosidl_typesupport_fastrtps_cpp.so[0m
[34.386s] [ 70%] [32m[1mLinking CXX shared library libxsens_msgs__rosidl_typesupport_c.so[0m
[34.667s] [ 70%] Built target xsens_msgs__rosidl_typesupport_c
[34.757s] [ 70%] Built target xsens_msgs__rosidl_typesupport_fastrtps_cpp
[34.828s] [ 71%] [34m[1mGenerating C type support for eProsima Fast-RTPS[0m
[37.177s] [35m[1mScanning dependencies of target xsens_msgs__rosidl_typesupport_fastrtps_c[0m
[37.390s] [ 72%] [32mBuilding CXX object CMakeFiles/xsens_msgs__rosidl_typesupport_fastrtps_c.dir/rosidl_typesupport_fastrtps_c/xsens_msgs/msg/detail/ori_oe__type_support_c.cpp.o[0m
[37.398s] [ 73%] [32mBuilding CXX object CMakeFiles/xsens_msgs__rosidl_typesupport_fastrtps_c.dir/rosidl_typesupport_fastrtps_c/xsens_msgs/msg/detail/pos_pa__type_support_c.cpp.o[0m
[37.401s] [ 74%] [32mBuilding CXX object CMakeFiles/xsens_msgs__rosidl_typesupport_fastrtps_c.dir/rosidl_typesupport_fastrtps_c/xsens_msgs/msg/detail/sta_sw__type_support_c.cpp.o[0m
[37.408s] [ 75%] [32mBuilding CXX object CMakeFiles/xsens_msgs__rosidl_typesupport_fastrtps_c.dir/rosidl_typesupport_fastrtps_c/xsens_msgs/msg/detail/pos_pl__type_support_c.cpp.o[0m
[39.833s] [ 77%] [32mBuilding CXX object CMakeFiles/xsens_msgs__rosidl_typesupport_fastrtps_c.dir/rosidl_typesupport_fastrtps_c/xsens_msgs/msg/detail/rtc_mcorr__type_support_c.cpp.o[0m
[40.027s] [ 78%] [32mBuilding CXX object CMakeFiles/xsens_msgs__rosidl_typesupport_fastrtps_c.dir/rosidl_typesupport_fastrtps_c/xsens_msgs/msg/detail/config_xsens__type_support_c.cpp.o[0m
[40.062s] [ 79%] [32mBuilding CXX object CMakeFiles/xsens_msgs__rosidl_typesupport_fastrtps_c.dir/rosidl_typesupport_fastrtps_c/xsens_msgs/msg/detail/config_ntrip__type_support_c.cpp.o[0m
[40.407s] [ 80%] [32mBuilding CXX object CMakeFiles/xsens_msgs__rosidl_typesupport_fastrtps_c.dir/rosidl_typesupport_fastrtps_c/xsens_msgs/srv/detail/rtc_mdata__type_support_c.cpp.o[0m
[42.784s] [ 81%] [32m[1mLinking CXX shared library libxsens_msgs__rosidl_typesupport_fastrtps_c.so[0m
[43.234s] [ 81%] Built target xsens_msgs__rosidl_typesupport_fastrtps_c
[43.359s] [ 81%] Built target xsens_msgs
[43.487s] [ 82%] [34m[1mGenerating Python code for ROS interfaces[0m
[48.319s] [ 82%] Built target xsens_msgs__py
[48.391s] [35m[1mScanning dependencies of target xsens_msgs__python[0m
[48.618s] [ 83%] [32mBuilding C object CMakeFiles/xsens_msgs__python.dir/rosidl_generator_py/xsens_msgs/msg/_ori_oe_s.c.o[0m
[48.627s] [ 86%] [32mBuilding C object CMakeFiles/xsens_msgs__python.dir/rosidl_generator_py/xsens_msgs/msg/_sta_sw_s.c.o[0m
[48.628s] [ 86%] [32mBuilding C object CMakeFiles/xsens_msgs__python.dir/rosidl_generator_py/xsens_msgs/msg/_pos_pa_s.c.o[0m
[48.635s] [ 87%] [32mBuilding C object CMakeFiles/xsens_msgs__python.dir/rosidl_generator_py/xsens_msgs/msg/_pos_pl_s.c.o[0m
[49.253s] [ 88%] [32mBuilding C object CMakeFiles/xsens_msgs__python.dir/rosidl_generator_py/xsens_msgs/msg/_rtc_mcorr_s.c.o[0m
[49.292s] [ 89%] [32mBuilding C object CMakeFiles/xsens_msgs__python.dir/rosidl_generator_py/xsens_msgs/msg/_config_xsens_s.c.o[0m
[49.308s] [ 90%] [32mBuilding C object CMakeFiles/xsens_msgs__python.dir/rosidl_generator_py/xsens_msgs/msg/_config_ntrip_s.c.o[0m
[49.392s] [ 91%] [32mBuilding C object CMakeFiles/xsens_msgs__python.dir/rosidl_generator_py/xsens_msgs/srv/_rtc_mdata_s.c.o[0m
[50.020s] [ 93%] [32m[1mLinking C shared library rosidl_generator_py/xsens_msgs/libxsens_msgs__python.so[0m
[50.383s] [ 93%] Built target xsens_msgs__python
[50.485s] [35m[1mScanning dependencies of target xsens_msgs__rosidl_typesupport_c__pyext[0m
[50.485s] [35m[1mScanning dependencies of target xsens_msgs__rosidl_typesupport_introspection_c__pyext[0m
[50.486s] [35m[1mScanning dependencies of target xsens_msgs__rosidl_typesupport_fastrtps_c__pyext[0m
[50.603s] [ 94%] [32mBuilding C object CMakeFiles/xsens_msgs__rosidl_typesupport_introspection_c__pyext.dir/rosidl_generator_py/xsens_msgs/_xsens_msgs_s.ep.rosidl_typesupport_introspection_c.c.o[0m
[50.664s] [ 95%] [32mBuilding C object CMakeFiles/xsens_msgs__rosidl_typesupport_fastrtps_c__pyext.dir/rosidl_generator_py/xsens_msgs/_xsens_msgs_s.ep.rosidl_typesupport_fastrtps_c.c.o[0m
[50.667s] [ 96%] [32mBuilding C object CMakeFiles/xsens_msgs__rosidl_typesupport_c__pyext.dir/rosidl_generator_py/xsens_msgs/_xsens_msgs_s.ep.rosidl_typesupport_c.c.o[0m
[51.259s] [ 97%] [32m[1mLinking C shared library rosidl_generator_py/xsens_msgs/xsens_msgs_s__rosidl_typesupport_introspection_c.cpython-38-aarch64-linux-gnu.so[0m
[51.307s] [ 98%] [32m[1mLinking C shared library rosidl_generator_py/xsens_msgs/xsens_msgs_s__rosidl_typesupport_c.cpython-38-aarch64-linux-gnu.so[0m
[51.340s] [100%] [32m[1mLinking CXX shared library rosidl_generator_py/xsens_msgs/xsens_msgs_s__rosidl_typesupport_fastrtps_c.cpython-38-aarch64-linux-gnu.so[0m
[51.618s] [100%] Built target xsens_msgs__rosidl_typesupport_introspection_c__pyext
[51.664s] [100%] Built target xsens_msgs__rosidl_typesupport_c__pyext
[51.847s] [100%] Built target xsens_msgs__rosidl_typesupport_fastrtps_c__pyext
[51.913s] Invoked command in '/app/dev_ws/build/xsens_msgs' returned '0': CMAKE_PREFIX_PATH=${CMAKE_PREFIX_PATH}:/app/dev_ws/install/xsens_driver:/app/dev_ws/install/ntrip_client:/app/dev_ws/install/central:/opt/ros/foxy /usr/bin/cmake --build /app/dev_ws/build/xsens_msgs -- -j4 -l4
[53.117s] Invoking command in '/app/dev_ws/build/xsens_msgs': CMAKE_PREFIX_PATH=${CMAKE_PREFIX_PATH}:/app/dev_ws/install/xsens_driver:/app/dev_ws/install/ntrip_client:/app/dev_ws/install/central:/opt/ros/foxy /usr/bin/cmake --install /app/dev_ws/build/xsens_msgs
[53.163s] -- Install configuration: ""
[53.163s] -- Up-to-date: /app/dev_ws/install/xsens_msgs/share/ament_index/resource_index/rosidl_interfaces/xsens_msgs
[53.164s] -- Up-to-date: /app/dev_ws/install/xsens_msgs/include/xsens_msgs
[53.164s] -- Up-to-date: /app/dev_ws/install/xsens_msgs/include/xsens_msgs/msg
[53.165s] -- Installing: /app/dev_ws/install/xsens_msgs/include/xsens_msgs/msg/config_xsens.h
[53.166s] -- Installing: /app/dev_ws/install/xsens_msgs/include/xsens_msgs/msg/rtc_mcorr.h
[53.167s] -- Installing: /app/dev_ws/install/xsens_msgs/include/xsens_msgs/msg/config_ntrip.h
[53.168s] -- Installing: /app/dev_ws/install/xsens_msgs/include/xsens_msgs/msg/sta_sw.h
[53.169s] -- Up-to-date: /app/dev_ws/install/xsens_msgs/include/xsens_msgs/msg/rosidl_generator_c__visibility_control.h
[53.170s] -- Up-to-date: /app/dev_ws/install/xsens_msgs/include/xsens_msgs/msg/detail
[53.172s] -- Installing: /app/dev_ws/install/xsens_msgs/include/xsens_msgs/msg/detail/config_ntrip__functions.h
[53.172s] -- Installing: /app/dev_ws/install/xsens_msgs/include/xsens_msgs/msg/detail/config_ntrip__struct.h
[53.173s] -- Installing: /app/dev_ws/install/xsens_msgs/include/xsens_msgs/msg/detail/config_ntrip__type_support.h
[53.174s] -- Installing: /app/dev_ws/install/xsens_msgs/include/xsens_msgs/msg/detail/ori_oe__struct.h
[53.175s] -- Installing: /app/dev_ws/install/xsens_msgs/include/xsens_msgs/msg/detail/rtc_mcorr__functions.c
[53.177s] -- Installing: /app/dev_ws/install/xsens_msgs/include/xsens_msgs/msg/detail/sta_sw__functions.c
[53.178s] -- Installing: /app/dev_ws/install/xsens_msgs/include/xsens_msgs/msg/detail/pos_pa__type_support.h
[53.179s] -- Installing: /app/dev_ws/install/xsens_msgs/include/xsens_msgs/msg/detail/ori_oe__functions.c
[53.180s] -- Installing: /app/dev_ws/install/xsens_msgs/include/xsens_msgs/msg/detail/pos_pa__functions.h
[53.182s] -- Installing: /app/dev_ws/install/xsens_msgs/include/xsens_msgs/msg/detail/config_xsens__functions.c
[53.183s] -- Installing: /app/dev_ws/install/xsens_msgs/include/xsens_msgs/msg/detail/rtc_mcorr__struct.h
[53.184s] -- Installing: /app/dev_ws/install/xsens_msgs/include/xsens_msgs/msg/detail/pos_pl__type_support.h
[53.185s] -- Installing: /app/dev_ws/install/xsens_msgs/include/xsens_msgs/msg/detail/config_xsens__type_support.h
[53.187s] -- Installing: /app/dev_ws/install/xsens_msgs/include/xsens_msgs/msg/detail/config_xsens__struct.h
[53.189s] -- Installing: /app/dev_ws/install/xsens_msgs/include/xsens_msgs/msg/detail/ori_oe__functions.h
[53.190s] -- Installing: /app/dev_ws/install/xsens_msgs/include/xsens_msgs/msg/detail/rtc_mcorr__functions.h
[53.191s] -- Installing: /app/dev_ws/install/xsens_msgs/include/xsens_msgs/msg/detail/rtc_mcorr__type_support.h
[53.192s] -- Installing: /app/dev_ws/install/xsens_msgs/include/xsens_msgs/msg/detail/config_ntrip__functions.c
[53.193s] -- Installing: /app/dev_ws/install/xsens_msgs/include/xsens_msgs/msg/detail/pos_pa__struct.h
[53.194s] -- Installing: /app/dev_ws/install/xsens_msgs/include/xsens_msgs/msg/detail/config_xsens__functions.h
[53.195s] -- Installing: /app/dev_ws/install/xsens_msgs/include/xsens_msgs/msg/detail/sta_sw__type_support.h
[53.197s] -- Installing: /app/dev_ws/install/xsens_msgs/include/xsens_msgs/msg/detail/sta_sw__functions.h
[53.198s] -- Installing: /app/dev_ws/install/xsens_msgs/include/xsens_msgs/msg/detail/pos_pa__functions.c
[53.200s] -- Installing: /app/dev_ws/install/xsens_msgs/include/xsens_msgs/msg/detail/pos_pl__functions.c
[53.201s] -- Installing: /app/dev_ws/install/xsens_msgs/include/xsens_msgs/msg/detail/pos_pl__struct.h
[53.202s] -- Installing: /app/dev_ws/install/xsens_msgs/include/xsens_msgs/msg/detail/pos_pl__functions.h
[53.203s] -- Installing: /app/dev_ws/install/xsens_msgs/include/xsens_msgs/msg/detail/sta_sw__struct.h
[53.204s] -- Installing: /app/dev_ws/install/xsens_msgs/include/xsens_msgs/msg/detail/ori_oe__type_support.h
[53.206s] -- Installing: /app/dev_ws/install/xsens_msgs/include/xsens_msgs/msg/pos_pa.h
[53.207s] -- Installing: /app/dev_ws/install/xsens_msgs/include/xsens_msgs/msg/pos_pl.h
[53.208s] -- Installing: /app/dev_ws/install/xsens_msgs/include/xsens_msgs/msg/ori_oe.h
[53.209s] -- Up-to-date: /app/dev_ws/install/xsens_msgs/include/xsens_msgs/srv
[53.210s] -- Up-to-date: /app/dev_ws/install/xsens_msgs/include/xsens_msgs/srv/detail
[53.210s] -- Installing: /app/dev_ws/install/xsens_msgs/include/xsens_msgs/srv/detail/rtc_mdata__functions.h
[53.211s] -- Installing: /app/dev_ws/install/xsens_msgs/include/xsens_msgs/srv/detail/rtc_mdata__functions.c
[53.213s] -- Installing: /app/dev_ws/install/xsens_msgs/include/xsens_msgs/srv/detail/rtc_mdata__struct.h
[53.214s] -- Installing: /app/dev_ws/install/xsens_msgs/include/xsens_msgs/srv/detail/rtc_mdata__type_support.h
[53.215s] -- Installing: /app/dev_ws/install/xsens_msgs/include/xsens_msgs/srv/rtc_mdata.h
[53.217s] -- Up-to-date: /app/dev_ws/install/xsens_msgs/share/xsens_msgs/environment/library_path.sh
[53.218s] -- Installing: /app/dev_ws/install/xsens_msgs/share/xsens_msgs/environment/library_path.dsv
[53.220s] -- Installing: /app/dev_ws/install/xsens_msgs/lib/libxsens_msgs__rosidl_generator_c.so
[53.223s] -- Set runtime path of "/app/dev_ws/install/xsens_msgs/lib/libxsens_msgs__rosidl_generator_c.so" to ""
[53.224s] -- Up-to-date: /app/dev_ws/install/xsens_msgs/include/xsens_msgs
[53.224s] -- Up-to-date: /app/dev_ws/install/xsens_msgs/include/xsens_msgs/msg
[53.225s] -- Up-to-date: /app/dev_ws/install/xsens_msgs/include/xsens_msgs/msg/detail
[53.225s] -- Installing: /app/dev_ws/install/xsens_msgs/include/xsens_msgs/msg/detail/pos_pa__rosidl_typesupport_fastrtps_c.h
[53.226s] -- Installing: /app/dev_ws/install/xsens_msgs/include/xsens_msgs/msg/detail/rtc_mcorr__rosidl_typesupport_fastrtps_c.h
[53.228s] -- Installing: /app/dev_ws/install/xsens_msgs/include/xsens_msgs/msg/detail/config_xsens__rosidl_typesupport_fastrtps_c.h
[53.229s] -- Installing: /app/dev_ws/install/xsens_msgs/include/xsens_msgs/msg/detail/sta_sw__rosidl_typesupport_fastrtps_c.h
[53.231s] -- Installing: /app/dev_ws/install/xsens_msgs/include/xsens_msgs/msg/detail/ori_oe__rosidl_typesupport_fastrtps_c.h
[53.232s] -- Installing: /app/dev_ws/install/xsens_msgs/include/xsens_msgs/msg/detail/pos_pl__rosidl_typesupport_fastrtps_c.h
[53.234s] -- Installing: /app/dev_ws/install/xsens_msgs/include/xsens_msgs/msg/detail/config_ntrip__rosidl_typesupport_fastrtps_c.h
[53.235s] -- Up-to-date: /app/dev_ws/install/xsens_msgs/include/xsens_msgs/msg/rosidl_typesupport_fastrtps_c__visibility_control.h
[53.236s] -- Up-to-date: /app/dev_ws/install/xsens_msgs/include/xsens_msgs/srv
[53.236s] -- Up-to-date: /app/dev_ws/install/xsens_msgs/include/xsens_msgs/srv/detail
[53.236s] -- Installing: /app/dev_ws/install/xsens_msgs/include/xsens_msgs/srv/detail/rtc_mdata__rosidl_typesupport_fastrtps_c.h
[53.239s] -- Installing: /app/dev_ws/install/xsens_msgs/lib/libxsens_msgs__rosidl_typesupport_fastrtps_c.so
[53.242s] -- Set runtime path of "/app/dev_ws/install/xsens_msgs/lib/libxsens_msgs__rosidl_typesupport_fastrtps_c.so" to ""
[53.243s] -- Up-to-date: /app/dev_ws/install/xsens_msgs/include/xsens_msgs
[53.244s] -- Up-to-date: /app/dev_ws/install/xsens_msgs/include/xsens_msgs/msg
[53.244s] -- Up-to-date: /app/dev_ws/install/xsens_msgs/include/xsens_msgs/msg/detail
[53.244s] -- Installing: /app/dev_ws/install/xsens_msgs/include/xsens_msgs/msg/detail/pos_pa__rosidl_typesupport_fastrtps_cpp.hpp
[53.246s] -- Installing: /app/dev_ws/install/xsens_msgs/include/xsens_msgs/msg/detail/config_xsens__rosidl_typesupport_fastrtps_cpp.hpp
[53.247s] -- Installing: /app/dev_ws/install/xsens_msgs/include/xsens_msgs/msg/detail/config_ntrip__rosidl_typesupport_fastrtps_cpp.hpp
[53.249s] -- Installing: /app/dev_ws/install/xsens_msgs/include/xsens_msgs/msg/detail/pos_pl__rosidl_typesupport_fastrtps_cpp.hpp
[53.250s] -- Installing: /app/dev_ws/install/xsens_msgs/include/xsens_msgs/msg/detail/rtc_mcorr__rosidl_typesupport_fastrtps_cpp.hpp
[53.251s] -- Installing: /app/dev_ws/install/xsens_msgs/include/xsens_msgs/msg/detail/ori_oe__rosidl_typesupport_fastrtps_cpp.hpp
[53.253s] -- Up-to-date: /app/dev_ws/install/xsens_msgs/include/xsens_msgs/msg/detail/dds_fastrtps
[53.253s] -- Installing: /app/dev_ws/install/xsens_msgs/include/xsens_msgs/msg/detail/sta_sw__rosidl_typesupport_fastrtps_cpp.hpp
[53.255s] -- Up-to-date: /app/dev_ws/install/xsens_msgs/include/xsens_msgs/msg/rosidl_typesupport_fastrtps_cpp__visibility_control.h
[53.255s] -- Up-to-date: /app/dev_ws/install/xsens_msgs/include/xsens_msgs/srv
[53.256s] -- Up-to-date: /app/dev_ws/install/xsens_msgs/include/xsens_msgs/srv/detail
[53.256s] -- Installing: /app/dev_ws/install/xsens_msgs/include/xsens_msgs/srv/detail/rtc_mdata__rosidl_typesupport_fastrtps_cpp.hpp
[53.257s] -- Up-to-date: /app/dev_ws/install/xsens_msgs/include/xsens_msgs/srv/detail/dds_fastrtps
[53.259s] -- Installing: /app/dev_ws/install/xsens_msgs/lib/libxsens_msgs__rosidl_typesupport_fastrtps_cpp.so
[53.264s] -- Set runtime path of "/app/dev_ws/install/xsens_msgs/lib/libxsens_msgs__rosidl_typesupport_fastrtps_cpp.so" to ""
[53.264s] -- Up-to-date: /app/dev_ws/install/xsens_msgs/include/xsens_msgs
[53.265s] -- Up-to-date: /app/dev_ws/install/xsens_msgs/include/xsens_msgs/msg
[53.265s] -- Up-to-date: /app/dev_ws/install/xsens_msgs/include/xsens_msgs/msg/rosidl_typesupport_introspection_c__visibility_control.h
[53.265s] -- Up-to-date: /app/dev_ws/install/xsens_msgs/include/xsens_msgs/msg/detail
[53.266s] -- Installing: /app/dev_ws/install/xsens_msgs/include/xsens_msgs/msg/detail/ori_oe__type_support.c
[53.267s] -- Installing: /app/dev_ws/install/xsens_msgs/include/xsens_msgs/msg/detail/ori_oe__rosidl_typesupport_introspection_c.h
[53.269s] -- Installing: /app/dev_ws/install/xsens_msgs/include/xsens_msgs/msg/detail/pos_pl__type_support.c
[53.270s] -- Installing: /app/dev_ws/install/xsens_msgs/include/xsens_msgs/msg/detail/rtc_mcorr__type_support.c
[53.272s] -- Installing: /app/dev_ws/install/xsens_msgs/include/xsens_msgs/msg/detail/rtc_mcorr__rosidl_typesupport_introspection_c.h
[53.273s] -- Installing: /app/dev_ws/install/xsens_msgs/include/xsens_msgs/msg/detail/config_ntrip__rosidl_typesupport_introspection_c.h
[53.274s] -- Installing: /app/dev_ws/install/xsens_msgs/include/xsens_msgs/msg/detail/config_xsens__type_support.c
[53.276s] -- Installing: /app/dev_ws/install/xsens_msgs/include/xsens_msgs/msg/detail/config_xsens__rosidl_typesupport_introspection_c.h
[53.277s] -- Installing: /app/dev_ws/install/xsens_msgs/include/xsens_msgs/msg/detail/pos_pa__rosidl_typesupport_introspection_c.h
[53.279s] -- Installing: /app/dev_ws/install/xsens_msgs/include/xsens_msgs/msg/detail/pos_pl__rosidl_typesupport_introspection_c.h
[53.280s] -- Installing: /app/dev_ws/install/xsens_msgs/include/xsens_msgs/msg/detail/sta_sw__rosidl_typesupport_introspection_c.h
[53.282s] -- Installing: /app/dev_ws/install/xsens_msgs/include/xsens_msgs/msg/detail/pos_pa__type_support.c
[53.283s] -- Installing: /app/dev_ws/install/xsens_msgs/include/xsens_msgs/msg/detail/sta_sw__type_support.c
[53.284s] -- Installing: /app/dev_ws/install/xsens_msgs/include/xsens_msgs/msg/detail/config_ntrip__type_support.c
[53.286s] -- Up-to-date: /app/dev_ws/install/xsens_msgs/include/xsens_msgs/srv
[53.286s] -- Up-to-date: /app/dev_ws/install/xsens_msgs/include/xsens_msgs/srv/detail
[53.286s] -- Installing: /app/dev_ws/install/xsens_msgs/include/xsens_msgs/srv/detail/rtc_mdata__rosidl_typesupport_introspection_c.h
[53.288s] -- Installing: /app/dev_ws/install/xsens_msgs/include/xsens_msgs/srv/detail/rtc_mdata__type_support.c
[53.291s] -- Installing: /app/dev_ws/install/xsens_msgs/lib/libxsens_msgs__rosidl_typesupport_introspection_c.so
[53.294s] -- Set runtime path of "/app/dev_ws/install/xsens_msgs/lib/libxsens_msgs__rosidl_typesupport_introspection_c.so" to ""
[53.295s] -- Installing: /app/dev_ws/install/xsens_msgs/lib/libxsens_msgs__rosidl_typesupport_c.so
[53.298s] -- Set runtime path of "/app/dev_ws/install/xsens_msgs/lib/libxsens_msgs__rosidl_typesupport_c.so" to ""
[53.299s] -- Up-to-date: /app/dev_ws/install/xsens_msgs/include/xsens_msgs
[53.299s] -- Up-to-date: /app/dev_ws/install/xsens_msgs/include/xsens_msgs/msg
[53.300s] -- Installing: /app/dev_ws/install/xsens_msgs/include/xsens_msgs/msg/sta_sw.hpp
[53.301s] -- Installing: /app/dev_ws/install/xsens_msgs/include/xsens_msgs/msg/ori_oe.hpp
[53.302s] -- Installing: /app/dev_ws/install/xsens_msgs/include/xsens_msgs/msg/pos_pa.hpp
[53.303s] -- Installing: /app/dev_ws/install/xsens_msgs/include/xsens_msgs/msg/config_ntrip.hpp
[53.305s] -- Installing: /app/dev_ws/install/xsens_msgs/include/xsens_msgs/msg/config_xsens.hpp
[53.306s] -- Installing: /app/dev_ws/install/xsens_msgs/include/xsens_msgs/msg/rtc_mcorr.hpp
[53.307s] -- Up-to-date: /app/dev_ws/install/xsens_msgs/include/xsens_msgs/msg/detail
[53.307s] -- Installing: /app/dev_ws/install/xsens_msgs/include/xsens_msgs/msg/detail/pos_pa__builder.hpp
[53.309s] -- Installing: /app/dev_ws/install/xsens_msgs/include/xsens_msgs/msg/detail/pos_pl__struct.hpp
[53.310s] -- Installing: /app/dev_ws/install/xsens_msgs/include/xsens_msgs/msg/detail/rtc_mcorr__struct.hpp
[53.311s] -- Installing: /app/dev_ws/install/xsens_msgs/include/xsens_msgs/msg/detail/pos_pa__struct.hpp
[53.312s] -- Installing: /app/dev_ws/install/xsens_msgs/include/xsens_msgs/msg/detail/ori_oe__builder.hpp
[53.314s] -- Installing: /app/dev_ws/install/xsens_msgs/include/xsens_msgs/msg/detail/rtc_mcorr__traits.hpp
[53.315s] -- Installing: /app/dev_ws/install/xsens_msgs/include/xsens_msgs/msg/detail/config_xsens__struct.hpp
[53.317s] -- Installing: /app/dev_ws/install/xsens_msgs/include/xsens_msgs/msg/detail/config_xsens__builder.hpp
[53.318s] -- Installing: /app/dev_ws/install/xsens_msgs/include/xsens_msgs/msg/detail/config_ntrip__traits.hpp
[53.320s] -- Installing: /app/dev_ws/install/xsens_msgs/include/xsens_msgs/msg/detail/pos_pl__builder.hpp
[53.321s] -- Installing: /app/dev_ws/install/xsens_msgs/include/xsens_msgs/msg/detail/config_ntrip__struct.hpp
[53.322s] -- Installing: /app/dev_ws/install/xsens_msgs/include/xsens_msgs/msg/detail/ori_oe__traits.hpp
[53.323s] -- Installing: /app/dev_ws/install/xsens_msgs/include/xsens_msgs/msg/detail/sta_sw__traits.hpp
[53.325s] -- Installing: /app/dev_ws/install/xsens_msgs/include/xsens_msgs/msg/detail/ori_oe__struct.hpp
[53.326s] -- Installing: /app/dev_ws/install/xsens_msgs/include/xsens_msgs/msg/detail/config_xsens__traits.hpp
[53.327s] -- Installing: /app/dev_ws/install/xsens_msgs/include/xsens_msgs/msg/detail/sta_sw__struct.hpp
[53.328s] -- Installing: /app/dev_ws/install/xsens_msgs/include/xsens_msgs/msg/detail/pos_pl__traits.hpp
[53.330s] -- Installing: /app/dev_ws/install/xsens_msgs/include/xsens_msgs/msg/detail/config_ntrip__builder.hpp
[53.331s] -- Installing: /app/dev_ws/install/xsens_msgs/include/xsens_msgs/msg/detail/sta_sw__builder.hpp
[53.332s] -- Installing: /app/dev_ws/install/xsens_msgs/include/xsens_msgs/msg/detail/pos_pa__traits.hpp
[53.334s] -- Installing: /app/dev_ws/install/xsens_msgs/include/xsens_msgs/msg/detail/rtc_mcorr__builder.hpp
[53.335s] -- Installing: /app/dev_ws/install/xsens_msgs/include/xsens_msgs/msg/pos_pl.hpp
[53.336s] -- Up-to-date: /app/dev_ws/install/xsens_msgs/include/xsens_msgs/srv
[53.336s] -- Installing: /app/dev_ws/install/xsens_msgs/include/xsens_msgs/srv/rtc_mdata.hpp
[53.337s] -- Up-to-date: /app/dev_ws/install/xsens_msgs/include/xsens_msgs/srv/detail
[53.338s] -- Installing: /app/dev_ws/install/xsens_msgs/include/xsens_msgs/srv/detail/rtc_mdata__builder.hpp
[53.339s] -- Installing: /app/dev_ws/install/xsens_msgs/include/xsens_msgs/srv/detail/rtc_mdata__traits.hpp
[53.341s] -- Installing: /app/dev_ws/install/xsens_msgs/include/xsens_msgs/srv/detail/rtc_mdata__struct.hpp
[53.342s] -- Up-to-date: /app/dev_ws/install/xsens_msgs/include/xsens_msgs
[53.343s] -- Up-to-date: /app/dev_ws/install/xsens_msgs/include/xsens_msgs/msg
[53.343s] -- Up-to-date: /app/dev_ws/install/xsens_msgs/include/xsens_msgs/msg/detail
[53.344s] -- Installing: /app/dev_ws/install/xsens_msgs/include/xsens_msgs/msg/detail/sta_sw__rosidl_typesupport_introspection_cpp.hpp
[53.345s] -- Installing: /app/dev_ws/install/xsens_msgs/include/xsens_msgs/msg/detail/sta_sw__type_support.cpp
[53.346s] -- Installing: /app/dev_ws/install/xsens_msgs/include/xsens_msgs/msg/detail/rtc_mcorr__type_support.cpp
[53.348s] -- Installing: /app/dev_ws/install/xsens_msgs/include/xsens_msgs/msg/detail/rtc_mcorr__rosidl_typesupport_introspection_cpp.hpp
[53.349s] -- Installing: /app/dev_ws/install/xsens_msgs/include/xsens_msgs/msg/detail/pos_pl__type_support.cpp
[53.351s] -- Installing: /app/dev_ws/install/xsens_msgs/include/xsens_msgs/msg/detail/config_ntrip__type_support.cpp
[53.352s] -- Installing: /app/dev_ws/install/xsens_msgs/include/xsens_msgs/msg/detail/ori_oe__type_support.cpp
[53.353s] -- Installing: /app/dev_ws/install/xsens_msgs/include/xsens_msgs/msg/detail/pos_pa__rosidl_typesupport_introspection_cpp.hpp
[53.355s] -- Installing: /app/dev_ws/install/xsens_msgs/include/xsens_msgs/msg/detail/config_xsens__type_support.cpp
[53.356s] -- Installing: /app/dev_ws/install/xsens_msgs/include/xsens_msgs/msg/detail/pos_pa__type_support.cpp
[53.358s] -- Installing: /app/dev_ws/install/xsens_msgs/include/xsens_msgs/msg/detail/pos_pl__rosidl_typesupport_introspection_cpp.hpp
[53.359s] -- Installing: /app/dev_ws/install/xsens_msgs/include/xsens_msgs/msg/detail/config_xsens__rosidl_typesupport_introspection_cpp.hpp
[53.361s] -- Installing: /app/dev_ws/install/xsens_msgs/include/xsens_msgs/msg/detail/ori_oe__rosidl_typesupport_introspection_cpp.hpp
[53.362s] -- Installing: /app/dev_ws/install/xsens_msgs/include/xsens_msgs/msg/detail/config_ntrip__rosidl_typesupport_introspection_cpp.hpp
[53.364s] -- Up-to-date: /app/dev_ws/install/xsens_msgs/include/xsens_msgs/srv
[53.364s] -- Up-to-date: /app/dev_ws/install/xsens_msgs/include/xsens_msgs/srv/detail
[53.364s] -- Installing: /app/dev_ws/install/xsens_msgs/include/xsens_msgs/srv/detail/rtc_mdata__type_support.cpp
[53.366s] -- Installing: /app/dev_ws/install/xsens_msgs/include/xsens_msgs/srv/detail/rtc_mdata__rosidl_typesupport_introspection_cpp.hpp
[53.369s] -- Installing: /app/dev_ws/install/xsens_msgs/lib/libxsens_msgs__rosidl_typesupport_introspection_cpp.so
[53.373s] -- Set runtime path of "/app/dev_ws/install/xsens_msgs/lib/libxsens_msgs__rosidl_typesupport_introspection_cpp.so" to ""
[53.375s] -- Installing: /app/dev_ws/install/xsens_msgs/lib/libxsens_msgs__rosidl_typesupport_cpp.so
[53.378s] -- Set runtime path of "/app/dev_ws/install/xsens_msgs/lib/libxsens_msgs__rosidl_typesupport_cpp.so" to ""
[53.378s] -- Up-to-date: /app/dev_ws/install/xsens_msgs/share/xsens_msgs/environment/pythonpath.sh
[53.379s] -- Installing: /app/dev_ws/install/xsens_msgs/share/xsens_msgs/environment/pythonpath.dsv
[53.380s] -- Installing: /app/dev_ws/install/xsens_msgs/lib/python3.8/site-packages/xsens_msgs/__init__.py
[53.568s] Compiling '/app/dev_ws/install/xsens_msgs/lib/python3.8/site-packages/xsens_msgs/__init__.py'...
[53.590s] -- Up-to-date: /app/dev_ws/install/xsens_msgs/lib/python3.8/site-packages/xsens_msgs/msg
[53.591s] -- Installing: /app/dev_ws/install/xsens_msgs/lib/python3.8/site-packages/xsens_msgs/msg/_config_xsens.py
[53.592s] -- Installing: /app/dev_ws/install/xsens_msgs/lib/python3.8/site-packages/xsens_msgs/msg/_sta_sw_s.c
[53.594s] -- Installing: /app/dev_ws/install/xsens_msgs/lib/python3.8/site-packages/xsens_msgs/msg/_ori_oe.py
[53.595s] -- Installing: /app/dev_ws/install/xsens_msgs/lib/python3.8/site-packages/xsens_msgs/msg/_pos_pl_s.c
[53.596s] -- Installing: /app/dev_ws/install/xsens_msgs/lib/python3.8/site-packages/xsens_msgs/msg/_ori_oe_s.c
[53.598s] -- Installing: /app/dev_ws/install/xsens_msgs/lib/python3.8/site-packages/xsens_msgs/msg/_pos_pa_s.c
[53.599s] -- Installing: /app/dev_ws/install/xsens_msgs/lib/python3.8/site-packages/xsens_msgs/msg/_rtc_mcorr.py
[53.600s] -- Installing: /app/dev_ws/install/xsens_msgs/lib/python3.8/site-packages/xsens_msgs/msg/_sta_sw.py
[53.602s] -- Installing: /app/dev_ws/install/xsens_msgs/lib/python3.8/site-packages/xsens_msgs/msg/_pos_pa.py
[53.603s] -- Installing: /app/dev_ws/install/xsens_msgs/lib/python3.8/site-packages/xsens_msgs/msg/_pos_pl.py
[53.604s] -- Installing: /app/dev_ws/install/xsens_msgs/lib/python3.8/site-packages/xsens_msgs/msg/_config_ntrip_s.c
[53.605s] -- Installing: /app/dev_ws/install/xsens_msgs/lib/python3.8/site-packages/xsens_msgs/msg/_config_ntrip.py
[53.607s] -- Installing: /app/dev_ws/install/xsens_msgs/lib/python3.8/site-packages/xsens_msgs/msg/__init__.py
[53.608s] -- Installing: /app/dev_ws/install/xsens_msgs/lib/python3.8/site-packages/xsens_msgs/msg/_config_xsens_s.c
[53.609s] -- Installing: /app/dev_ws/install/xsens_msgs/lib/python3.8/site-packages/xsens_msgs/msg/_rtc_mcorr_s.c
[53.611s] -- Up-to-date: /app/dev_ws/install/xsens_msgs/lib/python3.8/site-packages/xsens_msgs/srv
[53.612s] -- Installing: /app/dev_ws/install/xsens_msgs/lib/python3.8/site-packages/xsens_msgs/srv/_rtc_mdata.py
[53.613s] -- Installing: /app/dev_ws/install/xsens_msgs/lib/python3.8/site-packages/xsens_msgs/srv/_rtc_mdata_s.c
[53.614s] -- Installing: /app/dev_ws/install/xsens_msgs/lib/python3.8/site-packages/xsens_msgs/srv/__init__.py
[53.617s] -- Installing: /app/dev_ws/install/xsens_msgs/lib/python3.8/site-packages/xsens_msgs/xsens_msgs_s__rosidl_typesupport_fastrtps_c.cpython-38-aarch64-linux-gnu.so
[53.621s] -- Set runtime path of "/app/dev_ws/install/xsens_msgs/lib/python3.8/site-packages/xsens_msgs/xsens_msgs_s__rosidl_typesupport_fastrtps_c.cpython-38-aarch64-linux-gnu.so" to ""
[53.623s] -- Installing: /app/dev_ws/install/xsens_msgs/lib/python3.8/site-packages/xsens_msgs/xsens_msgs_s__rosidl_typesupport_introspection_c.cpython-38-aarch64-linux-gnu.so
[53.627s] -- Set runtime path of "/app/dev_ws/install/xsens_msgs/lib/python3.8/site-packages/xsens_msgs/xsens_msgs_s__rosidl_typesupport_introspection_c.cpython-38-aarch64-linux-gnu.so" to ""
[53.629s] -- Installing: /app/dev_ws/install/xsens_msgs/lib/python3.8/site-packages/xsens_msgs/xsens_msgs_s__rosidl_typesupport_c.cpython-38-aarch64-linux-gnu.so
[53.633s] -- Set runtime path of "/app/dev_ws/install/xsens_msgs/lib/python3.8/site-packages/xsens_msgs/xsens_msgs_s__rosidl_typesupport_c.cpython-38-aarch64-linux-gnu.so" to ""
[53.635s] -- Installing: /app/dev_ws/install/xsens_msgs/lib/libxsens_msgs__python.so
[53.638s] -- Set runtime path of "/app/dev_ws/install/xsens_msgs/lib/libxsens_msgs__python.so" to ""
[53.639s] -- Up-to-date: /app/dev_ws/install/xsens_msgs/share/xsens_msgs/msg/OriOE.idl
[53.639s] -- Up-to-date: /app/dev_ws/install/xsens_msgs/share/xsens_msgs/msg/PosPA.idl
[53.640s] -- Up-to-date: /app/dev_ws/install/xsens_msgs/share/xsens_msgs/msg/PosPL.idl
[53.640s] -- Up-to-date: /app/dev_ws/install/xsens_msgs/share/xsens_msgs/msg/StaSW.idl
[53.641s] -- Up-to-date: /app/dev_ws/install/xsens_msgs/share/xsens_msgs/msg/RTCMcorr.idl
[53.641s] -- Installing: /app/dev_ws/install/xsens_msgs/share/xsens_msgs/msg/ConfigXsens.idl
[53.643s] -- Up-to-date: /app/dev_ws/install/xsens_msgs/share/xsens_msgs/msg/ConfigNtrip.idl
[53.644s] -- Up-to-date: /app/dev_ws/install/xsens_msgs/share/xsens_msgs/srv/RTCMdata.idl
[53.644s] -- Up-to-date: /app/dev_ws/install/xsens_msgs/share/xsens_msgs/msg/OriOE.msg
[53.645s] -- Up-to-date: /app/dev_ws/install/xsens_msgs/share/xsens_msgs/msg/PosPA.msg
[53.645s] -- Up-to-date: /app/dev_ws/install/xsens_msgs/share/xsens_msgs/msg/PosPL.msg
[53.646s] -- Up-to-date: /app/dev_ws/install/xsens_msgs/share/xsens_msgs/msg/StaSW.msg
[53.646s] -- Up-to-date: /app/dev_ws/install/xsens_msgs/share/xsens_msgs/msg/RTCMcorr.msg
[53.646s] -- Installing: /app/dev_ws/install/xsens_msgs/share/xsens_msgs/msg/ConfigXsens.msg
[53.647s] -- Up-to-date: /app/dev_ws/install/xsens_msgs/share/xsens_msgs/msg/ConfigNtrip.msg
[53.648s] -- Up-to-date: /app/dev_ws/install/xsens_msgs/share/xsens_msgs/srv/RTCMdata.srv
[53.649s] -- Up-to-date: /app/dev_ws/install/xsens_msgs/share/xsens_msgs/srv/RTCMdata_Request.msg
[53.649s] -- Up-to-date: /app/dev_ws/install/xsens_msgs/share/xsens_msgs/srv/RTCMdata_Response.msg
[53.649s] -- Up-to-date: /app/dev_ws/install/xsens_msgs/share/ament_index/resource_index/package_run_dependencies/xsens_msgs
[53.650s] -- Up-to-date: /app/dev_ws/install/xsens_msgs/share/ament_index/resource_index/parent_prefix_path/xsens_msgs
[53.651s] -- Up-to-date: /app/dev_ws/install/xsens_msgs/share/xsens_msgs/environment/ament_prefix_path.sh
[53.651s] -- Installing: /app/dev_ws/install/xsens_msgs/share/xsens_msgs/environment/ament_prefix_path.dsv
[53.653s] -- Up-to-date: /app/dev_ws/install/xsens_msgs/share/xsens_msgs/environment/path.sh
[53.653s] -- Installing: /app/dev_ws/install/xsens_msgs/share/xsens_msgs/environment/path.dsv
[53.655s] -- Up-to-date: /app/dev_ws/install/xsens_msgs/share/xsens_msgs/local_setup.bash
[53.656s] -- Up-to-date: /app/dev_ws/install/xsens_msgs/share/xsens_msgs/local_setup.sh
[53.656s] -- Up-to-date: /app/dev_ws/install/xsens_msgs/share/xsens_msgs/local_setup.zsh
[53.656s] -- Installing: /app/dev_ws/install/xsens_msgs/share/xsens_msgs/local_setup.dsv
[53.658s] -- Installing: /app/dev_ws/install/xsens_msgs/share/xsens_msgs/package.dsv
[53.659s] -- Up-to-date: /app/dev_ws/install/xsens_msgs/share/ament_index/resource_index/packages/xsens_msgs
[53.660s] -- Up-to-date: /app/dev_ws/install/xsens_msgs/share/xsens_msgs/cmake/xsens_msgs__rosidl_generator_cExport.cmake
[53.661s] -- Installing: /app/dev_ws/install/xsens_msgs/share/xsens_msgs/cmake/xsens_msgs__rosidl_generator_cExport-noconfig.cmake
[53.663s] -- Up-to-date: /app/dev_ws/install/xsens_msgs/share/xsens_msgs/cmake/xsens_msgs__rosidl_typesupport_introspection_cExport.cmake
[53.664s] -- Installing: /app/dev_ws/install/xsens_msgs/share/xsens_msgs/cmake/xsens_msgs__rosidl_typesupport_introspection_cExport-noconfig.cmake
[53.666s] -- Up-to-date: /app/dev_ws/install/xsens_msgs/share/xsens_msgs/cmake/xsens_msgs__rosidl_typesupport_cExport.cmake
[53.667s] -- Installing: /app/dev_ws/install/xsens_msgs/share/xsens_msgs/cmake/xsens_msgs__rosidl_typesupport_cExport-noconfig.cmake
[53.669s] -- Up-to-date: /app/dev_ws/install/xsens_msgs/share/xsens_msgs/cmake/xsens_msgs__rosidl_generator_cppExport.cmake
[53.670s] -- Up-to-date: /app/dev_ws/install/xsens_msgs/share/xsens_msgs/cmake/xsens_msgs__rosidl_typesupport_introspection_cppExport.cmake
[53.671s] -- Installing: /app/dev_ws/install/xsens_msgs/share/xsens_msgs/cmake/xsens_msgs__rosidl_typesupport_introspection_cppExport-noconfig.cmake
[53.673s] -- Up-to-date: /app/dev_ws/install/xsens_msgs/share/xsens_msgs/cmake/xsens_msgs__rosidl_typesupport_cppExport.cmake
[53.674s] -- Installing: /app/dev_ws/install/xsens_msgs/share/xsens_msgs/cmake/xsens_msgs__rosidl_typesupport_cppExport-noconfig.cmake
[53.676s] -- Up-to-date: /app/dev_ws/install/xsens_msgs/share/xsens_msgs/cmake/rosidl_cmake-extras.cmake
[53.676s] -- Up-to-date: /app/dev_ws/install/xsens_msgs/share/xsens_msgs/cmake/ament_cmake_export_dependencies-extras.cmake
[53.677s] -- Up-to-date: /app/dev_ws/install/xsens_msgs/share/xsens_msgs/cmake/ament_cmake_export_libraries-extras.cmake
[53.677s] -- Up-to-date: /app/dev_ws/install/xsens_msgs/share/xsens_msgs/cmake/ament_cmake_export_targets-extras.cmake
[53.678s] -- Up-to-date: /app/dev_ws/install/xsens_msgs/share/xsens_msgs/cmake/ament_cmake_export_include_directories-extras.cmake
[53.678s] -- Up-to-date: /app/dev_ws/install/xsens_msgs/share/xsens_msgs/cmake/rosidl_cmake_export_typesupport_libraries-extras.cmake
[53.679s] -- Up-to-date: /app/dev_ws/install/xsens_msgs/share/xsens_msgs/cmake/rosidl_cmake_export_typesupport_targets-extras.cmake
[53.680s] -- Up-to-date: /app/dev_ws/install/xsens_msgs/share/xsens_msgs/cmake/xsens_msgsConfig.cmake
[53.680s] -- Up-to-date: /app/dev_ws/install/xsens_msgs/share/xsens_msgs/cmake/xsens_msgsConfig-version.cmake
[53.681s] -- Up-to-date: /app/dev_ws/install/xsens_msgs/share/xsens_msgs/package.xml
[53.690s] Invoked command in '/app/dev_ws/build/xsens_msgs' returned '0': CMAKE_PREFIX_PATH=${CMAKE_PREFIX_PATH}:/app/dev_ws/install/xsens_driver:/app/dev_ws/install/ntrip_client:/app/dev_ws/install/central:/opt/ros/foxy /usr/bin/cmake --install /app/dev_ws/build/xsens_msgs
