[0.116s] Invoking command in '/app/dev_ws/build/bluespace_ai_xsens_mti_driver': CMAKE_PREFIX_PATH=${CMAKE_PREFIX_PATH}:/app/dev_ws/install/xsens_driver:/app/dev_ws/install/ntrip_client:/app/dev_ws/install/central:/opt/ros/foxy /usr/bin/cmake /app/dev_ws/src/bluespace_ai_xsens_ros_mti_driver -DCMAKE_INSTALL_PREFIX=/app/dev_ws/install/bluespace_ai_xsens_mti_driver
[0.589s] -- The C compiler identification is GNU 9.4.0
[1.021s] -- The CXX compiler identification is GNU 9.4.0
[1.071s] -- Check for working C compiler: /usr/bin/cc
[1.547s] -- Check for working C compiler: /usr/bin/cc -- works
[1.557s] -- Detecting C compiler ABI info
[2.079s] -- Detecting C compiler ABI info - done
[2.157s] -- Detecting C compile features
[2.161s] -- Detecting C compile features - done
[2.191s] -- Check for working CXX compiler: /usr/bin/c++
[2.738s] -- Check for working CXX compiler: /usr/bin/c++ -- works
[2.745s] -- Detecting CXX compiler ABI info
[3.370s] -- Detecting CXX compiler ABI info - done
[3.468s] -- Detecting CXX compile features
[3.472s] -- Detecting CXX compile features - done
[3.507s] -- Found ament_cmake: 0.9.9 (/opt/ros/foxy/share/ament_cmake/cmake)
[3.765s] -- Found PythonInterp: /usr/bin/python3 (found suitable version "3.8.10", minimum required is "3") 
[3.767s] -- Using PYTHON_EXECUTABLE: /usr/bin/python3
[5.623s] -- Found rclcpp: 2.4.1 (/opt/ros/foxy/share/rclcpp/cmake)
[6.363s] -- Using all available rosidl_typesupport_c: rosidl_typesupport_fastrtps_c;rosidl_typesupport_introspection_c
[6.477s] -- Found rosidl_adapter: 1.2.1 (/opt/ros/foxy/share/rosidl_adapter/cmake)
[7.339s] -- Found OpenSSL: /usr/lib/aarch64-linux-gnu/libcrypto.so (found version "1.1.1f")  
[7.628s] -- Found FastRTPS: /opt/ros/foxy/include  
[8.527s] -- Using all available rosidl_typesupport_cpp: rosidl_typesupport_fastrtps_cpp;rosidl_typesupport_introspection_cpp
[9.227s] -- Found rmw_implementation_cmake: 1.0.3 (/opt/ros/foxy/share/rmw_implementation_cmake/cmake)
[9.260s] -- Using RMW implementation 'rmw_fastrtps_cpp' as default
[9.276s] -- Looking for pthread.h
[9.809s] -- Looking for pthread.h - found
[9.812s] -- Performing Test CMAKE_HAVE_LIBC_PTHREAD
[10.357s] -- Performing Test CMAKE_HAVE_LIBC_PTHREAD - Failed
[10.362s] -- Looking for pthread_create in pthreads
[10.801s] -- Looking for pthread_create in pthreads - not found
[10.805s] -- Looking for pthread_create in pthread
[11.437s] -- Looking for pthread_create in pthread - found
[11.448s] -- Found Threads: TRUE  
[13.401s] -- Found tf2: 0.13.13 (/opt/ros/foxy/share/tf2/cmake)
[14.099s] -- Found tf2_ros: 0.13.13 (/opt/ros/foxy/share/tf2_ros/cmake)
[18.659s] -- Found sensor_msgs: 2.0.5 (/opt/ros/foxy/share/sensor_msgs/cmake)
[19.649s] -- Found ament_lint_auto: 0.9.6 (/opt/ros/foxy/share/ament_lint_auto/cmake)
[20.351s] -- Added test 'copyright' to check source files copyright and LICENSE
[20.856s] -- Added test 'cppcheck' to perform static code analysis on C / C++ code
[20.859s] -- Configured cppcheck include dirs: $<BUILD_INTERFACE:/app/dev_ws/src/bluespace_ai_xsens_ros_mti_driver/lib/xspublic>
[20.860s] -- Configured cppcheck exclude dirs and/or files: 
[21.283s] -- Added test 'cpplint' to check C / C++ code against the Google style
[21.285s] -- Configured cpplint exclude dirs and/or files: 
[21.344s] -- Added test 'flake8' to check Python code syntax and style conventions
[21.459s] -- Added test 'lint_cmake' to check CMake code style
[21.519s] -- Added test 'pep257' to check Python code against some of the style conventions in PEP 257
[21.956s] -- Added test 'uncrustify' to check C / C++ code style
[21.961s] -- Configured uncrustify additional arguments: 
[22.018s] -- Added test 'xmllint' to check XML markup files
[22.073s] -- Configuring done
[22.167s] -- Generating done
[22.179s] -- Build files have been written to: /app/dev_ws/build/bluespace_ai_xsens_mti_driver
[22.242s] Invoked command in '/app/dev_ws/build/bluespace_ai_xsens_mti_driver' returned '0': CMAKE_PREFIX_PATH=${CMAKE_PREFIX_PATH}:/app/dev_ws/install/xsens_driver:/app/dev_ws/install/ntrip_client:/app/dev_ws/install/central:/opt/ros/foxy /usr/bin/cmake /app/dev_ws/src/bluespace_ai_xsens_ros_mti_driver -DCMAKE_INSTALL_PREFIX=/app/dev_ws/install/bluespace_ai_xsens_mti_driver
[22.247s] Invoking command in '/app/dev_ws/build/bluespace_ai_xsens_mti_driver': CMAKE_PREFIX_PATH=${CMAKE_PREFIX_PATH}:/app/dev_ws/install/xsens_driver:/app/dev_ws/install/ntrip_client:/app/dev_ws/install/central:/opt/ros/foxy /usr/bin/cmake --build /app/dev_ws/build/bluespace_ai_xsens_mti_driver -- -j4 -l4
[22.564s] [35m[1mScanning dependencies of target xsens_mti_node[0m
[23.718s] [ 25%] [32mBuilding CXX object CMakeFiles/xsens_mti_node.dir/src/main.cpp.o[0m
[36.569s] [ 50%] [32mBuilding CXX object CMakeFiles/xsens_mti_node.dir/src/xdacallback.cpp.o[0m
[51.085s] [ 75%] [32mBuilding CXX object CMakeFiles/xsens_mti_node.dir/src/xdainterface.cpp.o[0m
[99.293s] [100%] [32m[1mLinking CXX executable xsens_mti_node[0m
[105.113s] [100%] Built target xsens_mti_node
[105.221s] Invoked command in '/app/dev_ws/build/bluespace_ai_xsens_mti_driver' returned '0': CMAKE_PREFIX_PATH=${CMAKE_PREFIX_PATH}:/app/dev_ws/install/xsens_driver:/app/dev_ws/install/ntrip_client:/app/dev_ws/install/central:/opt/ros/foxy /usr/bin/cmake --build /app/dev_ws/build/bluespace_ai_xsens_mti_driver -- -j4 -l4
[105.531s] Invoking command in '/app/dev_ws/build/bluespace_ai_xsens_mti_driver': CMAKE_PREFIX_PATH=${CMAKE_PREFIX_PATH}:/app/dev_ws/install/xsens_driver:/app/dev_ws/install/ntrip_client:/app/dev_ws/install/central:/opt/ros/foxy /usr/bin/cmake --install /app/dev_ws/build/bluespace_ai_xsens_mti_driver
[105.626s] -- Install configuration: ""
[105.629s] -- Installing: /app/dev_ws/install/bluespace_ai_xsens_mti_driver/lib/bluespace_ai_xsens_mti_driver/xsens_mti_node
[105.733s] -- Set runtime path of "/app/dev_ws/install/bluespace_ai_xsens_mti_driver/lib/bluespace_ai_xsens_mti_driver/xsens_mti_node" to ""
[105.735s] -- Installing: /app/dev_ws/install/bluespace_ai_xsens_mti_driver/share/bluespace_ai_xsens_mti_driver/launch
[105.737s] -- Installing: /app/dev_ws/install/bluespace_ai_xsens_mti_driver/share/bluespace_ai_xsens_mti_driver/launch/xsens_mti_node.launch.py
[105.743s] -- Installing: /app/dev_ws/install/bluespace_ai_xsens_mti_driver/share/bluespace_ai_xsens_mti_driver/launch/display.launch.py
[105.745s] -- Installing: /app/dev_ws/install/bluespace_ai_xsens_mti_driver/share/bluespace_ai_xsens_mti_driver/param
[105.747s] -- Installing: /app/dev_ws/install/bluespace_ai_xsens_mti_driver/share/bluespace_ai_xsens_mti_driver/param/xsens_mti_node.yaml
[105.749s] -- Installing: /app/dev_ws/install/bluespace_ai_xsens_mti_driver/share/bluespace_ai_xsens_mti_driver/rviz
[105.750s] -- Installing: /app/dev_ws/install/bluespace_ai_xsens_mti_driver/share/bluespace_ai_xsens_mti_driver/rviz/display.rviz
[105.755s] -- Installing: /app/dev_ws/install/bluespace_ai_xsens_mti_driver/share/bluespace_ai_xsens_mti_driver/urdf
[105.756s] -- Installing: /app/dev_ws/install/bluespace_ai_xsens_mti_driver/share/bluespace_ai_xsens_mti_driver/urdf/MTi_6xx.stl
[105.868s] -- Installing: /app/dev_ws/install/bluespace_ai_xsens_mti_driver/share/bluespace_ai_xsens_mti_driver/urdf/MTi_1.stl
[105.918s] -- Installing: /app/dev_ws/install/bluespace_ai_xsens_mti_driver/share/bluespace_ai_xsens_mti_driver/urdf/MTi_1.urdf
[105.924s] -- Installing: /app/dev_ws/install/bluespace_ai_xsens_mti_driver/share/bluespace_ai_xsens_mti_driver/urdf/MTi_10.urdf
[105.928s] -- Installing: /app/dev_ws/install/bluespace_ai_xsens_mti_driver/share/bluespace_ai_xsens_mti_driver/urdf/MTi_6xx.urdf
[105.932s] -- Installing: /app/dev_ws/install/bluespace_ai_xsens_mti_driver/share/bluespace_ai_xsens_mti_driver/urdf/MTi_10.stl
[106.080s] -- Installing: /app/dev_ws/install/bluespace_ai_xsens_mti_driver/share/ament_index/resource_index/package_run_dependencies/bluespace_ai_xsens_mti_driver
[106.089s] -- Installing: /app/dev_ws/install/bluespace_ai_xsens_mti_driver/share/ament_index/resource_index/parent_prefix_path/bluespace_ai_xsens_mti_driver
[106.094s] -- Installing: /app/dev_ws/install/bluespace_ai_xsens_mti_driver/share/bluespace_ai_xsens_mti_driver/environment/ament_prefix_path.sh
[106.100s] -- Installing: /app/dev_ws/install/bluespace_ai_xsens_mti_driver/share/bluespace_ai_xsens_mti_driver/environment/ament_prefix_path.dsv
[106.103s] -- Installing: /app/dev_ws/install/bluespace_ai_xsens_mti_driver/share/bluespace_ai_xsens_mti_driver/environment/path.sh
[106.106s] -- Installing: /app/dev_ws/install/bluespace_ai_xsens_mti_driver/share/bluespace_ai_xsens_mti_driver/environment/path.dsv
[106.117s] -- Installing: /app/dev_ws/install/bluespace_ai_xsens_mti_driver/share/bluespace_ai_xsens_mti_driver/local_setup.bash
[106.120s] -- Installing: /app/dev_ws/install/bluespace_ai_xsens_mti_driver/share/bluespace_ai_xsens_mti_driver/local_setup.sh
[106.124s] -- Installing: /app/dev_ws/install/bluespace_ai_xsens_mti_driver/share/bluespace_ai_xsens_mti_driver/local_setup.zsh
[106.129s] -- Installing: /app/dev_ws/install/bluespace_ai_xsens_mti_driver/share/bluespace_ai_xsens_mti_driver/local_setup.dsv
[106.132s] -- Installing: /app/dev_ws/install/bluespace_ai_xsens_mti_driver/share/bluespace_ai_xsens_mti_driver/package.dsv
[106.136s] -- Installing: /app/dev_ws/install/bluespace_ai_xsens_mti_driver/share/ament_index/resource_index/packages/bluespace_ai_xsens_mti_driver
[106.142s] -- Installing: /app/dev_ws/install/bluespace_ai_xsens_mti_driver/share/bluespace_ai_xsens_mti_driver/cmake/bluespace_ai_xsens_mti_driverConfig.cmake
[106.145s] -- Installing: /app/dev_ws/install/bluespace_ai_xsens_mti_driver/share/bluespace_ai_xsens_mti_driver/cmake/bluespace_ai_xsens_mti_driverConfig-version.cmake
[106.149s] -- Installing: /app/dev_ws/install/bluespace_ai_xsens_mti_driver/share/bluespace_ai_xsens_mti_driver/package.xml
[106.171s] Invoked command in '/app/dev_ws/build/bluespace_ai_xsens_mti_driver' returned '0': CMAKE_PREFIX_PATH=${CMAKE_PREFIX_PATH}:/app/dev_ws/install/xsens_driver:/app/dev_ws/install/ntrip_client:/app/dev_ws/install/central:/opt/ros/foxy /usr/bin/cmake --install /app/dev_ws/build/bluespace_ai_xsens_mti_driver
