running egg_info
creating ../../build/ntrip_client/ntrip_client.egg-info
writing ../../build/ntrip_client/ntrip_client.egg-info/PKG-INFO
writing dependency_links to ../../build/ntrip_client/ntrip_client.egg-info/dependency_links.txt
writing entry points to ../../build/ntrip_client/ntrip_client.egg-info/entry_points.txt
writing requirements to ../../build/ntrip_client/ntrip_client.egg-info/requires.txt
writing top-level names to ../../build/ntrip_client/ntrip_client.egg-info/top_level.txt
writing manifest file '../../build/ntrip_client/ntrip_client.egg-info/SOURCES.txt'
reading manifest file '../../build/ntrip_client/ntrip_client.egg-info/SOURCES.txt'
writing manifest file '../../build/ntrip_client/ntrip_client.egg-info/SOURCES.txt'
running build
running build_py
creating /app/dev_ws/build/ntrip_client/build
creating /app/dev_ws/build/ntrip_client/build/lib
creating /app/dev_ws/build/ntrip_client/build/lib/ntrip_client
copying ntrip_client/__init__.py -> /app/dev_ws/build/ntrip_client/build/lib/ntrip_client
copying ntrip_client/ntrip_pub.py -> /app/dev_ws/build/ntrip_client/build/lib/ntrip_client
running install
running install_lib
creating /app/dev_ws/install/ntrip_client/lib/python3.8/site-packages/ntrip_client
copying /app/dev_ws/build/ntrip_client/build/lib/ntrip_client/__init__.py -> /app/dev_ws/install/ntrip_client/lib/python3.8/site-packages/ntrip_client
copying /app/dev_ws/build/ntrip_client/build/lib/ntrip_client/ntrip_pub.py -> /app/dev_ws/install/ntrip_client/lib/python3.8/site-packages/ntrip_client
byte-compiling /app/dev_ws/install/ntrip_client/lib/python3.8/site-packages/ntrip_client/__init__.py to __init__.cpython-38.pyc
byte-compiling /app/dev_ws/install/ntrip_client/lib/python3.8/site-packages/ntrip_client/ntrip_pub.py to ntrip_pub.cpython-38.pyc
running install_data
creating /app/dev_ws/install/ntrip_client/share/ament_index
creating /app/dev_ws/install/ntrip_client/share/ament_index/resource_index
creating /app/dev_ws/install/ntrip_client/share/ament_index/resource_index/packages
copying resource/ntrip_client -> /app/dev_ws/install/ntrip_client/share/ament_index/resource_index/packages
copying package.xml -> /app/dev_ws/install/ntrip_client/share/ntrip_client
running install_egg_info
Copying ../../build/ntrip_client/ntrip_client.egg-info to /app/dev_ws/install/ntrip_client/lib/python3.8/site-packages/ntrip_client-0.0.0-py3.8.egg-info
running install_scripts
Installing main script to /app/dev_ws/install/ntrip_client/lib/ntrip_client
writing list of installed files to '/app/dev_ws/build/ntrip_client/install.log'
