[3.405s] Invoking command in '/app/dev_ws/src/central': PYTHONPATH=/app/dev_ws/install/central/lib/python3.8/site-packages:${PYTHONPATH} /usr/bin/python3 setup.py egg_info --egg-base ../../build/central build --build-base /app/dev_ws/build/central/build install --prefix /app/dev_ws/install/central --record /app/dev_ws/build/central/install.log --single-version-externally-managed
[4.493s] running egg_info
[4.496s] writing ../../build/central/central.egg-info/PKG-INFO
[4.497s] writing dependency_links to ../../build/central/central.egg-info/dependency_links.txt
[4.498s] writing entry points to ../../build/central/central.egg-info/entry_points.txt
[4.499s] writing requirements to ../../build/central/central.egg-info/requires.txt
[4.500s] writing top-level names to ../../build/central/central.egg-info/top_level.txt
[4.665s] reading manifest file '../../build/central/central.egg-info/SOURCES.txt'
[4.669s] writing manifest file '../../build/central/central.egg-info/SOURCES.txt'
[4.670s] running build
[4.670s] running build_py
[4.671s] copying central/central_data.py -> /app/dev_ws/build/central/build/lib/central
[4.673s] running install
[4.677s] running install_lib
[4.682s] copying /app/dev_ws/build/central/build/lib/central/central_data.py -> /app/dev_ws/install/central/lib/python3.8/site-packages/central
[4.685s] byte-compiling /app/dev_ws/install/central/lib/python3.8/site-packages/central/central_data.py to central_data.cpython-38.pyc
[4.692s] Sorry: IndentationError: unindent does not match any outer indentation level (central_data.py, line 161)
[4.693s] running install_data
[4.695s] running install_egg_info
[4.704s] removing '/app/dev_ws/install/central/lib/python3.8/site-packages/central-0.0.0-py3.8.egg-info' (and everything under it)
[4.706s] Copying ../../build/central/central.egg-info to /app/dev_ws/install/central/lib/python3.8/site-packages/central-0.0.0-py3.8.egg-info
[4.712s] running install_scripts
[4.791s] Installing collect_data script to /app/dev_ws/install/central/lib/central
[4.793s] Installing config script to /app/dev_ws/install/central/lib/central
[4.796s] writing list of installed files to '/app/dev_ws/build/central/install.log'
[4.899s] Invoked command in '/app/dev_ws/src/central' returned '0': PYTHONPATH=/app/dev_ws/install/central/lib/python3.8/site-packages:${PYTHONPATH} /usr/bin/python3 setup.py egg_info --egg-base ../../build/central build --build-base /app/dev_ws/build/central/build install --prefix /app/dev_ws/install/central --record /app/dev_ws/build/central/install.log --single-version-externally-managed
