[0.117s] Invoking command in '/app/dev_ws/build/rosbridge_server': CMAKE_PREFIX_PATH=/app/dev_ws/install/rosapi:/app/dev_ws/install/rosbridge_library:/app/dev_ws/install/rosbridge_msgs:/app/dev_ws/install/rosapi_msgs:/app/dev_ws/install/xsens_msgs:/app/dev_ws/install/rosbridge_test_msgs:/app/dev_ws/install/rosbridge_suite:/app/dev_ws/install/rosbridge_server:/app/dev_ws/install/bluespace_ai_xsens_mti_driver:/app/dev_ws/install/xsens_driver:/app/dev_ws/install/ntrip_client:/app/dev_ws/install/central:/opt/ros/foxy LD_LIBRARY_PATH=/app/dev_ws/install/rosbridge_msgs/lib:/app/dev_ws/install/rosapi_msgs/lib:/app/dev_ws/install/xsens_msgs/lib:/app/dev_ws/install/rosbridge_test_msgs/lib:/opt/ros/foxy/opt/yaml_cpp_vendor/lib:/opt/ros/foxy/lib/aarch64-linux-gnu:/opt/ros/foxy/lib PYTHONPATH=/app/dev_ws/install/rosapi/lib/python3.8/site-packages:/app/dev_ws/install/rosbridge_library/lib/python3.8/site-packages:/app/dev_ws/install/rosbridge_msgs/lib/python3.8/site-packages:/app/dev_ws/install/rosapi_msgs/lib/python3.8/site-packages:/app/dev_ws/install/xsens_driver/lib/python3.8/site-packages:/app/dev_ws/install/xsens_msgs/lib/python3.8/site-packages:/app/dev_ws/install/rosbridge_test_msgs/lib/python3.8/site-packages:/app/dev_ws/install/rosbridge_server/lib/python3.8/site-packages:/app/dev_ws/install/ntrip_client/lib/python3.8/site-packages:/app/dev_ws/install/central/lib/python3.8/site-packages:/opt/ros/foxy/lib/python3.8/site-packages /usr/bin/cmake /app/dev_ws/src/rosbridge_suite/rosbridge_server -DCMAKE_INSTALL_PREFIX=/app/dev_ws/install/rosbridge_server
[0.432s] -- The C compiler identification is GNU 9.4.0
[0.728s] -- The CXX compiler identification is GNU 9.4.0
[0.753s] -- Check for working C compiler: /usr/bin/cc
[1.142s] -- Check for working C compiler: /usr/bin/cc -- works
[1.146s] -- Detecting C compiler ABI info
[1.533s] -- Detecting C compiler ABI info - done
[1.574s] -- Detecting C compile features
[1.576s] -- Detecting C compile features - done
[1.587s] -- Check for working CXX compiler: /usr/bin/c++
[2.014s] -- Check for working CXX compiler: /usr/bin/c++ -- works
[2.019s] -- Detecting CXX compiler ABI info
[2.450s] -- Detecting CXX compiler ABI info - done
[2.493s] -- Detecting CXX compile features
[2.495s] -- Detecting CXX compile features - done
[2.527s] -- Found ament_cmake_ros: 0.9.2 (/opt/ros/foxy/share/ament_cmake_ros/cmake)
[2.812s] -- Found PythonInterp: /usr/bin/python3 (found suitable version "3.8.10", minimum required is "3") 
[2.812s] -- Using PYTHON_EXECUTABLE: /usr/bin/python3
[4.608s] -- Found launch_testing_ament_cmake: 0.10.8 (/opt/ros/foxy/share/launch_testing_ament_cmake/cmake)
[4.638s] -- Found python_cmake_module: 0.8.1 (/opt/ros/foxy/share/python_cmake_module/cmake)
[4.766s] -- Found PythonInterp: /usr/bin/python3 (found suitable version "3.8.10", minimum required is "3.5") 
[4.863s] -- Found PythonLibs: /usr/lib/aarch64-linux-gnu/libpython3.8.so (found suitable version "3.8.10", minimum required is "3.5") 
[4.863s] -- Using PYTHON_EXECUTABLE: /usr/bin/python3
[4.864s] -- Using PYTHON_INCLUDE_DIRS: /usr/include/python3.8
[4.864s] -- Using PYTHON_LIBRARIES: /usr/lib/aarch64-linux-gnu/libpython3.8.so
[4.995s] -- Found PythonExtra: .so  
[5.016s] -- Configuring done
[5.028s] -- Generating done
[5.033s] -- Build files have been written to: /app/dev_ws/build/rosbridge_server
[5.051s] Invoked command in '/app/dev_ws/build/rosbridge_server' returned '0': CMAKE_PREFIX_PATH=/app/dev_ws/install/rosapi:/app/dev_ws/install/rosbridge_library:/app/dev_ws/install/rosbridge_msgs:/app/dev_ws/install/rosapi_msgs:/app/dev_ws/install/xsens_msgs:/app/dev_ws/install/rosbridge_test_msgs:/app/dev_ws/install/rosbridge_suite:/app/dev_ws/install/rosbridge_server:/app/dev_ws/install/bluespace_ai_xsens_mti_driver:/app/dev_ws/install/xsens_driver:/app/dev_ws/install/ntrip_client:/app/dev_ws/install/central:/opt/ros/foxy LD_LIBRARY_PATH=/app/dev_ws/install/rosbridge_msgs/lib:/app/dev_ws/install/rosapi_msgs/lib:/app/dev_ws/install/xsens_msgs/lib:/app/dev_ws/install/rosbridge_test_msgs/lib:/opt/ros/foxy/opt/yaml_cpp_vendor/lib:/opt/ros/foxy/lib/aarch64-linux-gnu:/opt/ros/foxy/lib PYTHONPATH=/app/dev_ws/install/rosapi/lib/python3.8/site-packages:/app/dev_ws/install/rosbridge_library/lib/python3.8/site-packages:/app/dev_ws/install/rosbridge_msgs/lib/python3.8/site-packages:/app/dev_ws/install/rosapi_msgs/lib/python3.8/site-packages:/app/dev_ws/install/xsens_driver/lib/python3.8/site-packages:/app/dev_ws/install/xsens_msgs/lib/python3.8/site-packages:/app/dev_ws/install/rosbridge_test_msgs/lib/python3.8/site-packages:/app/dev_ws/install/rosbridge_server/lib/python3.8/site-packages:/app/dev_ws/install/ntrip_client/lib/python3.8/site-packages:/app/dev_ws/install/central/lib/python3.8/site-packages:/opt/ros/foxy/lib/python3.8/site-packages /usr/bin/cmake /app/dev_ws/src/rosbridge_suite/rosbridge_server -DCMAKE_INSTALL_PREFIX=/app/dev_ws/install/rosbridge_server
[5.062s] Invoking command in '/app/dev_ws/build/rosbridge_server': CMAKE_PREFIX_PATH=/app/dev_ws/install/rosapi:/app/dev_ws/install/rosbridge_library:/app/dev_ws/install/rosbridge_msgs:/app/dev_ws/install/rosapi_msgs:/app/dev_ws/install/xsens_msgs:/app/dev_ws/install/rosbridge_test_msgs:/app/dev_ws/install/rosbridge_suite:/app/dev_ws/install/rosbridge_server:/app/dev_ws/install/bluespace_ai_xsens_mti_driver:/app/dev_ws/install/xsens_driver:/app/dev_ws/install/ntrip_client:/app/dev_ws/install/central:/opt/ros/foxy LD_LIBRARY_PATH=/app/dev_ws/install/rosbridge_msgs/lib:/app/dev_ws/install/rosapi_msgs/lib:/app/dev_ws/install/xsens_msgs/lib:/app/dev_ws/install/rosbridge_test_msgs/lib:/opt/ros/foxy/opt/yaml_cpp_vendor/lib:/opt/ros/foxy/lib/aarch64-linux-gnu:/opt/ros/foxy/lib PYTHONPATH=/app/dev_ws/install/rosapi/lib/python3.8/site-packages:/app/dev_ws/install/rosbridge_library/lib/python3.8/site-packages:/app/dev_ws/install/rosbridge_msgs/lib/python3.8/site-packages:/app/dev_ws/install/rosapi_msgs/lib/python3.8/site-packages:/app/dev_ws/install/xsens_driver/lib/python3.8/site-packages:/app/dev_ws/install/xsens_msgs/lib/python3.8/site-packages:/app/dev_ws/install/rosbridge_test_msgs/lib/python3.8/site-packages:/app/dev_ws/install/rosbridge_server/lib/python3.8/site-packages:/app/dev_ws/install/ntrip_client/lib/python3.8/site-packages:/app/dev_ws/install/central/lib/python3.8/site-packages:/opt/ros/foxy/lib/python3.8/site-packages /usr/bin/cmake --build /app/dev_ws/build/rosbridge_server -- -j4 -l4
[5.278s] Invoked command in '/app/dev_ws/build/rosbridge_server' returned '0': CMAKE_PREFIX_PATH=/app/dev_ws/install/rosapi:/app/dev_ws/install/rosbridge_library:/app/dev_ws/install/rosbridge_msgs:/app/dev_ws/install/rosapi_msgs:/app/dev_ws/install/xsens_msgs:/app/dev_ws/install/rosbridge_test_msgs:/app/dev_ws/install/rosbridge_suite:/app/dev_ws/install/rosbridge_server:/app/dev_ws/install/bluespace_ai_xsens_mti_driver:/app/dev_ws/install/xsens_driver:/app/dev_ws/install/ntrip_client:/app/dev_ws/install/central:/opt/ros/foxy LD_LIBRARY_PATH=/app/dev_ws/install/rosbridge_msgs/lib:/app/dev_ws/install/rosapi_msgs/lib:/app/dev_ws/install/xsens_msgs/lib:/app/dev_ws/install/rosbridge_test_msgs/lib:/opt/ros/foxy/opt/yaml_cpp_vendor/lib:/opt/ros/foxy/lib/aarch64-linux-gnu:/opt/ros/foxy/lib PYTHONPATH=/app/dev_ws/install/rosapi/lib/python3.8/site-packages:/app/dev_ws/install/rosbridge_library/lib/python3.8/site-packages:/app/dev_ws/install/rosbridge_msgs/lib/python3.8/site-packages:/app/dev_ws/install/rosapi_msgs/lib/python3.8/site-packages:/app/dev_ws/install/xsens_driver/lib/python3.8/site-packages:/app/dev_ws/install/xsens_msgs/lib/python3.8/site-packages:/app/dev_ws/install/rosbridge_test_msgs/lib/python3.8/site-packages:/app/dev_ws/install/rosbridge_server/lib/python3.8/site-packages:/app/dev_ws/install/ntrip_client/lib/python3.8/site-packages:/app/dev_ws/install/central/lib/python3.8/site-packages:/opt/ros/foxy/lib/python3.8/site-packages /usr/bin/cmake --build /app/dev_ws/build/rosbridge_server -- -j4 -l4
[5.418s] Invoking command in '/app/dev_ws/build/rosbridge_server': CMAKE_PREFIX_PATH=/app/dev_ws/install/rosapi:/app/dev_ws/install/rosbridge_library:/app/dev_ws/install/rosbridge_msgs:/app/dev_ws/install/rosapi_msgs:/app/dev_ws/install/xsens_msgs:/app/dev_ws/install/rosbridge_test_msgs:/app/dev_ws/install/rosbridge_suite:/app/dev_ws/install/rosbridge_server:/app/dev_ws/install/bluespace_ai_xsens_mti_driver:/app/dev_ws/install/xsens_driver:/app/dev_ws/install/ntrip_client:/app/dev_ws/install/central:/opt/ros/foxy LD_LIBRARY_PATH=/app/dev_ws/install/rosbridge_msgs/lib:/app/dev_ws/install/rosapi_msgs/lib:/app/dev_ws/install/xsens_msgs/lib:/app/dev_ws/install/rosbridge_test_msgs/lib:/opt/ros/foxy/opt/yaml_cpp_vendor/lib:/opt/ros/foxy/lib/aarch64-linux-gnu:/opt/ros/foxy/lib PYTHONPATH=/app/dev_ws/install/rosapi/lib/python3.8/site-packages:/app/dev_ws/install/rosbridge_library/lib/python3.8/site-packages:/app/dev_ws/install/rosbridge_msgs/lib/python3.8/site-packages:/app/dev_ws/install/rosapi_msgs/lib/python3.8/site-packages:/app/dev_ws/install/xsens_driver/lib/python3.8/site-packages:/app/dev_ws/install/xsens_msgs/lib/python3.8/site-packages:/app/dev_ws/install/rosbridge_test_msgs/lib/python3.8/site-packages:/app/dev_ws/install/rosbridge_server/lib/python3.8/site-packages:/app/dev_ws/install/ntrip_client/lib/python3.8/site-packages:/app/dev_ws/install/central/lib/python3.8/site-packages:/opt/ros/foxy/lib/python3.8/site-packages /usr/bin/cmake --install /app/dev_ws/build/rosbridge_server
[5.465s] -- Install configuration: ""
[5.465s] -- Installing: /app/dev_ws/install/rosbridge_server/share/rosbridge_server/environment/pythonpath.sh
[5.467s] -- Installing: /app/dev_ws/install/rosbridge_server/share/rosbridge_server/environment/pythonpath.dsv
[5.469s] -- Installing: /app/dev_ws/install/rosbridge_server/lib/python3.8/site-packages/rosbridge_server
[5.470s] -- Installing: /app/dev_ws/install/rosbridge_server/lib/python3.8/site-packages/rosbridge_server/client_mananger.py
[5.472s] -- Installing: /app/dev_ws/install/rosbridge_server/lib/python3.8/site-packages/rosbridge_server/__init__.py
[5.474s] -- Installing: /app/dev_ws/install/rosbridge_server/lib/python3.8/site-packages/rosbridge_server/websocket_handler.py
[5.670s] Listing '/app/dev_ws/install/rosbridge_server/lib/python3.8/site-packages/rosbridge_server'...
[5.672s] Compiling '/app/dev_ws/install/rosbridge_server/lib/python3.8/site-packages/rosbridge_server/__init__.py'...
[5.673s] Compiling '/app/dev_ws/install/rosbridge_server/lib/python3.8/site-packages/rosbridge_server/client_mananger.py'...
[5.674s] Compiling '/app/dev_ws/install/rosbridge_server/lib/python3.8/site-packages/rosbridge_server/websocket_handler.py'...
[5.694s] -- Installing: /app/dev_ws/install/rosbridge_server/share/ament_index/resource_index/package_run_dependencies/rosbridge_server
[5.696s] -- Installing: /app/dev_ws/install/rosbridge_server/share/ament_index/resource_index/parent_prefix_path/rosbridge_server
[5.697s] -- Installing: /app/dev_ws/install/rosbridge_server/share/rosbridge_server/environment/ament_prefix_path.sh
[5.699s] -- Installing: /app/dev_ws/install/rosbridge_server/share/rosbridge_server/environment/ament_prefix_path.dsv
[5.701s] -- Installing: /app/dev_ws/install/rosbridge_server/share/rosbridge_server/environment/path.sh
[5.702s] -- Installing: /app/dev_ws/install/rosbridge_server/share/rosbridge_server/environment/path.dsv
[5.704s] -- Installing: /app/dev_ws/install/rosbridge_server/share/rosbridge_server/local_setup.bash
[5.705s] -- Installing: /app/dev_ws/install/rosbridge_server/share/rosbridge_server/local_setup.sh
[5.707s] -- Installing: /app/dev_ws/install/rosbridge_server/share/rosbridge_server/local_setup.zsh
[5.708s] -- Installing: /app/dev_ws/install/rosbridge_server/share/rosbridge_server/local_setup.dsv
[5.709s] -- Installing: /app/dev_ws/install/rosbridge_server/share/rosbridge_server/package.dsv
[5.711s] -- Installing: /app/dev_ws/install/rosbridge_server/share/ament_index/resource_index/packages/rosbridge_server
[5.712s] -- Installing: /app/dev_ws/install/rosbridge_server/share/rosbridge_server/cmake/rosbridge_serverConfig.cmake
[5.714s] -- Installing: /app/dev_ws/install/rosbridge_server/share/rosbridge_server/cmake/rosbridge_serverConfig-version.cmake
[5.715s] -- Installing: /app/dev_ws/install/rosbridge_server/share/rosbridge_server/package.xml
[5.717s] -- Installing: /app/dev_ws/install/rosbridge_server/lib/rosbridge_server/rosbridge_websocket.py
[5.719s] -- Installing: /app/dev_ws/install/rosbridge_server/lib/rosbridge_server/rosbridge_websocket
[5.720s] -- Installing: /app/dev_ws/install/rosbridge_server/share/rosbridge_server/launch/rosbridge_websocket_launch.xml
[5.734s] Invoked command in '/app/dev_ws/build/rosbridge_server' returned '0': CMAKE_PREFIX_PATH=/app/dev_ws/install/rosapi:/app/dev_ws/install/rosbridge_library:/app/dev_ws/install/rosbridge_msgs:/app/dev_ws/install/rosapi_msgs:/app/dev_ws/install/xsens_msgs:/app/dev_ws/install/rosbridge_test_msgs:/app/dev_ws/install/rosbridge_suite:/app/dev_ws/install/rosbridge_server:/app/dev_ws/install/bluespace_ai_xsens_mti_driver:/app/dev_ws/install/xsens_driver:/app/dev_ws/install/ntrip_client:/app/dev_ws/install/central:/opt/ros/foxy LD_LIBRARY_PATH=/app/dev_ws/install/rosbridge_msgs/lib:/app/dev_ws/install/rosapi_msgs/lib:/app/dev_ws/install/xsens_msgs/lib:/app/dev_ws/install/rosbridge_test_msgs/lib:/opt/ros/foxy/opt/yaml_cpp_vendor/lib:/opt/ros/foxy/lib/aarch64-linux-gnu:/opt/ros/foxy/lib PYTHONPATH=/app/dev_ws/install/rosapi/lib/python3.8/site-packages:/app/dev_ws/install/rosbridge_library/lib/python3.8/site-packages:/app/dev_ws/install/rosbridge_msgs/lib/python3.8/site-packages:/app/dev_ws/install/rosapi_msgs/lib/python3.8/site-packages:/app/dev_ws/install/xsens_driver/lib/python3.8/site-packages:/app/dev_ws/install/xsens_msgs/lib/python3.8/site-packages:/app/dev_ws/install/rosbridge_test_msgs/lib/python3.8/site-packages:/app/dev_ws/install/rosbridge_server/lib/python3.8/site-packages:/app/dev_ws/install/ntrip_client/lib/python3.8/site-packages:/app/dev_ws/install/central/lib/python3.8/site-packages:/opt/ros/foxy/lib/python3.8/site-packages /usr/bin/cmake --install /app/dev_ws/build/rosbridge_server
