[4.098s] Invoking command in '/app/dev_ws/src/cam_client': LD_LIBRARY_PATH=/app/dev_ws/install/xsens_msgs/lib:/opt/ros/foxy/opt/yaml_cpp_vendor/lib:/opt/ros/foxy/opt/rviz_ogre_vendor/lib:/opt/ros/foxy/lib/aarch64-linux-gnu:/opt/ros/foxy/lib:/app/dev_ws/install/rosbridge_test_msgs/lib:/app/dev_ws/install/rosbridge_msgs/lib:/app/dev_ws/install/rosapi_msgs/lib:/app/dev_ws/tiscamera/build/src/v4l2:/app/dev_ws/tiscamera/build/src/aravis:/app/dev_ws/tiscamera/build/src/libusb:/app/dev_ws/tiscamera/build/src/gobject:/app/dev_ws/tiscamera/build/src/gstreamer-1.0 PYTHONPATH=/app/dev_ws/install/cam_client/lib/python3.8/site-packages:/app/dev_ws/install/xsens_msgs/lib/python3.8/site-packages:/opt/ros/foxy/lib/python3.8/site-packages:/app/dev_ws/install/xsens_driver/lib/python3.8/site-packages:/app/dev_ws/install/cam_client/lib/python3.8/site-packages:/app/dev_ws/install/rosbridge_test_msgs/lib/python3.8/site-packages:/app/dev_ws/install/rosbridge_server/lib/python3.8/site-packages:/app/dev_ws/install/rosbridge_msgs/lib/python3.8/site-packages:/app/dev_ws/install/rosapi/lib/python3.8/site-packages:/app/dev_ws/install/rosbridge_library/lib/python3.8/site-packages:/app/dev_ws/install/rosapi_msgs/lib/python3.8/site-packages:/app/dev_ws/install/ntrip_client/lib/python3.8/site-packages:/app/dev_ws/install/central/lib/python3.8/site-packages /usr/bin/python3 setup.py egg_info --egg-base ../../build/cam_client build --build-base /app/dev_ws/build/cam_client/build install --prefix /app/dev_ws/install/cam_client --record /app/dev_ws/build/cam_client/install.log --single-version-externally-managed
[5.310s] running egg_info
[5.312s] writing ../../build/cam_client/cam_client.egg-info/PKG-INFO
[5.316s] writing dependency_links to ../../build/cam_client/cam_client.egg-info/dependency_links.txt
[5.317s] writing entry points to ../../build/cam_client/cam_client.egg-info/entry_points.txt
[5.319s] writing requirements to ../../build/cam_client/cam_client.egg-info/requires.txt
[5.319s] writing top-level names to ../../build/cam_client/cam_client.egg-info/top_level.txt
[5.493s] reading manifest file '../../build/cam_client/cam_client.egg-info/SOURCES.txt'
[5.497s] writing manifest file '../../build/cam_client/cam_client.egg-info/SOURCES.txt'
[5.498s] running build
[5.499s] running build_py
[5.499s] copying cam_client/cam_client.py -> /app/dev_ws/build/cam_client/build/lib/cam_client
[5.502s] running install
[5.506s] running install_lib
[5.511s] copying /app/dev_ws/build/cam_client/build/lib/cam_client/cam_client.py -> /app/dev_ws/install/cam_client/lib/python3.8/site-packages/cam_client
[5.516s] byte-compiling /app/dev_ws/install/cam_client/lib/python3.8/site-packages/cam_client/cam_client.py to cam_client.cpython-38.pyc
[5.526s] running install_data
[5.528s] running install_egg_info
[5.536s] removing '/app/dev_ws/install/cam_client/lib/python3.8/site-packages/cam_client-0.0.0-py3.8.egg-info' (and everything under it)
[5.538s] Copying ../../build/cam_client/cam_client.egg-info to /app/dev_ws/install/cam_client/lib/python3.8/site-packages/cam_client-0.0.0-py3.8.egg-info
[5.550s] running install_scripts
[5.626s] Installing main script to /app/dev_ws/install/cam_client/lib/cam_client
[5.629s] writing list of installed files to '/app/dev_ws/build/cam_client/install.log'
[5.729s] Invoked command in '/app/dev_ws/src/cam_client' returned '0': LD_LIBRARY_PATH=/app/dev_ws/install/xsens_msgs/lib:/opt/ros/foxy/opt/yaml_cpp_vendor/lib:/opt/ros/foxy/opt/rviz_ogre_vendor/lib:/opt/ros/foxy/lib/aarch64-linux-gnu:/opt/ros/foxy/lib:/app/dev_ws/install/rosbridge_test_msgs/lib:/app/dev_ws/install/rosbridge_msgs/lib:/app/dev_ws/install/rosapi_msgs/lib:/app/dev_ws/tiscamera/build/src/v4l2:/app/dev_ws/tiscamera/build/src/aravis:/app/dev_ws/tiscamera/build/src/libusb:/app/dev_ws/tiscamera/build/src/gobject:/app/dev_ws/tiscamera/build/src/gstreamer-1.0 PYTHONPATH=/app/dev_ws/install/cam_client/lib/python3.8/site-packages:/app/dev_ws/install/xsens_msgs/lib/python3.8/site-packages:/opt/ros/foxy/lib/python3.8/site-packages:/app/dev_ws/install/xsens_driver/lib/python3.8/site-packages:/app/dev_ws/install/cam_client/lib/python3.8/site-packages:/app/dev_ws/install/rosbridge_test_msgs/lib/python3.8/site-packages:/app/dev_ws/install/rosbridge_server/lib/python3.8/site-packages:/app/dev_ws/install/rosbridge_msgs/lib/python3.8/site-packages:/app/dev_ws/install/rosapi/lib/python3.8/site-packages:/app/dev_ws/install/rosbridge_library/lib/python3.8/site-packages:/app/dev_ws/install/rosapi_msgs/lib/python3.8/site-packages:/app/dev_ws/install/ntrip_client/lib/python3.8/site-packages:/app/dev_ws/install/central/lib/python3.8/site-packages /usr/bin/python3 setup.py egg_info --egg-base ../../build/cam_client build --build-base /app/dev_ws/build/cam_client/build install --prefix /app/dev_ws/install/cam_client --record /app/dev_ws/build/cam_client/install.log --single-version-externally-managed
