[4.078s] Invoking command in '/app/dev_ws/src/central': PYTHONPATH=/app/dev_ws/install/central/lib/python3.8/site-packages:${PYTHONPATH} /usr/bin/python3 setup.py egg_info --egg-base ../../build/central build --build-base /app/dev_ws/build/central/build install --prefix /app/dev_ws/install/central --record /app/dev_ws/build/central/install.log --single-version-externally-managed
[6.139s] running egg_info
[6.145s] writing ../../build/central/central.egg-info/PKG-INFO
[6.150s] writing dependency_links to ../../build/central/central.egg-info/dependency_links.txt
[6.153s] writing entry points to ../../build/central/central.egg-info/entry_points.txt
[6.156s] writing requirements to ../../build/central/central.egg-info/requires.txt
[6.158s] writing top-level names to ../../build/central/central.egg-info/top_level.txt
[6.502s] reading manifest file '../../build/central/central.egg-info/SOURCES.txt'
[6.503s] writing manifest file '../../build/central/central.egg-info/SOURCES.txt'
[6.504s] running build
[6.505s] running build_py
[6.505s] copying central/central_data.py -> /app/dev_ws/build/central/build/lib/central
[6.506s] running install
[6.513s] running install_lib
[6.528s] copying /app/dev_ws/build/central/build/lib/central/central_data.py -> /app/dev_ws/install/central/lib/python3.8/site-packages/central
[6.540s] byte-compiling /app/dev_ws/install/central/lib/python3.8/site-packages/central/central_data.py to central_data.cpython-38.pyc
[6.568s] running install_data
[6.570s] running install_egg_info
[6.580s] removing '/app/dev_ws/install/central/lib/python3.8/site-packages/central-0.0.0-py3.8.egg-info' (and everything under it)
[6.586s] Copying ../../build/central/central.egg-info to /app/dev_ws/install/central/lib/python3.8/site-packages/central-0.0.0-py3.8.egg-info
[6.596s] running install_scripts
[6.692s] Installing collect_data script to /app/dev_ws/install/central/lib/central
[6.694s] Installing config script to /app/dev_ws/install/central/lib/central
[6.696s] writing list of installed files to '/app/dev_ws/build/central/install.log'
[6.831s] Invoked command in '/app/dev_ws/src/central' returned '0': PYTHONPATH=/app/dev_ws/install/central/lib/python3.8/site-packages:${PYTHONPATH} /usr/bin/python3 setup.py egg_info --egg-base ../../build/central build --build-base /app/dev_ws/build/central/build install --prefix /app/dev_ws/install/central --record /app/dev_ws/build/central/install.log --single-version-externally-managed
