[0.082s] Invoking command in '/app/dev_ws/build/rosapi': CMAKE_PREFIX_PATH=/app/dev_ws/install/rosbridge_library:/app/dev_ws/install/rosapi_msgs:/app/dev_ws/install/xsens_msgs:/app/dev_ws/install/rosbridge_test_msgs:/app/dev_ws/install/rosbridge_suite:/app/dev_ws/install/rosbridge_server:/app/dev_ws/install/rosbridge_msgs:/app/dev_ws/install/rosapi:/app/dev_ws/install/xsens_driver:/app/dev_ws/install/ntrip_client:/app/dev_ws/install/central:/opt/ros/foxy LD_LIBRARY_PATH=/app/dev_ws/install/rosapi_msgs/lib:/app/dev_ws/install/xsens_msgs/lib:/app/dev_ws/install/rosbridge_test_msgs/lib:/app/dev_ws/install/rosbridge_msgs/lib:/opt/ros/foxy/opt/yaml_cpp_vendor/lib:/opt/ros/foxy/lib/aarch64-linux-gnu:/opt/ros/foxy/lib PYTHONPATH=/app/dev_ws/install/rosbridge_library/lib/python3.8/site-packages:/app/dev_ws/install/rosapi_msgs/lib/python3.8/site-packages:/app/dev_ws/install/xsens_driver/lib/python3.8/site-packages:/app/dev_ws/install/xsens_msgs/lib/python3.8/site-packages:/app/dev_ws/install/rosbridge_test_msgs/lib/python3.8/site-packages:/app/dev_ws/install/rosbridge_server/lib/python3.8/site-packages:/app/dev_ws/install/rosbridge_msgs/lib/python3.8/site-packages:/app/dev_ws/install/rosapi/lib/python3.8/site-packages:/app/dev_ws/install/ntrip_client/lib/python3.8/site-packages:/app/dev_ws/install/central/lib/python3.8/site-packages:/opt/ros/foxy/lib/python3.8/site-packages /usr/bin/cmake /app/dev_ws/src/rosbridge_suite/rosapi -DCMAKE_INSTALL_PREFIX=/app/dev_ws/install/rosapi
[0.393s] -- The C compiler identification is GNU 9.4.0
[0.688s] -- The CXX compiler identification is GNU 9.4.0
[0.713s] -- Check for working C compiler: /usr/bin/cc
[1.095s] -- Check for working C compiler: /usr/bin/cc -- works
[1.098s] -- Detecting C compiler ABI info
[1.522s] -- Detecting C compiler ABI info - done
[1.563s] -- Detecting C compile features
[1.564s] -- Detecting C compile features - done
[1.575s] -- Check for working CXX compiler: /usr/bin/c++
[2.000s] -- Check for working CXX compiler: /usr/bin/c++ -- works
[2.004s] -- Detecting CXX compiler ABI info
[2.438s] -- Detecting CXX compiler ABI info - done
[2.480s] -- Detecting CXX compile features
[2.482s] -- Detecting CXX compile features - done
[2.511s] -- Found ament_cmake_ros: 0.9.2 (/opt/ros/foxy/share/ament_cmake_ros/cmake)
[2.783s] -- Found PythonInterp: /usr/bin/python3 (found suitable version "3.8.10", minimum required is "3") 
[2.783s] -- Using PYTHON_EXECUTABLE: /usr/bin/python3
[6.876s] -- Configuring done
[6.887s] -- Generating done
[6.892s] -- Build files have been written to: /app/dev_ws/build/rosapi
[6.907s] Invoked command in '/app/dev_ws/build/rosapi' returned '0': CMAKE_PREFIX_PATH=/app/dev_ws/install/rosbridge_library:/app/dev_ws/install/rosapi_msgs:/app/dev_ws/install/xsens_msgs:/app/dev_ws/install/rosbridge_test_msgs:/app/dev_ws/install/rosbridge_suite:/app/dev_ws/install/rosbridge_server:/app/dev_ws/install/rosbridge_msgs:/app/dev_ws/install/rosapi:/app/dev_ws/install/xsens_driver:/app/dev_ws/install/ntrip_client:/app/dev_ws/install/central:/opt/ros/foxy LD_LIBRARY_PATH=/app/dev_ws/install/rosapi_msgs/lib:/app/dev_ws/install/xsens_msgs/lib:/app/dev_ws/install/rosbridge_test_msgs/lib:/app/dev_ws/install/rosbridge_msgs/lib:/opt/ros/foxy/opt/yaml_cpp_vendor/lib:/opt/ros/foxy/lib/aarch64-linux-gnu:/opt/ros/foxy/lib PYTHONPATH=/app/dev_ws/install/rosbridge_library/lib/python3.8/site-packages:/app/dev_ws/install/rosapi_msgs/lib/python3.8/site-packages:/app/dev_ws/install/xsens_driver/lib/python3.8/site-packages:/app/dev_ws/install/xsens_msgs/lib/python3.8/site-packages:/app/dev_ws/install/rosbridge_test_msgs/lib/python3.8/site-packages:/app/dev_ws/install/rosbridge_server/lib/python3.8/site-packages:/app/dev_ws/install/rosbridge_msgs/lib/python3.8/site-packages:/app/dev_ws/install/rosapi/lib/python3.8/site-packages:/app/dev_ws/install/ntrip_client/lib/python3.8/site-packages:/app/dev_ws/install/central/lib/python3.8/site-packages:/opt/ros/foxy/lib/python3.8/site-packages /usr/bin/cmake /app/dev_ws/src/rosbridge_suite/rosapi -DCMAKE_INSTALL_PREFIX=/app/dev_ws/install/rosapi
[6.918s] Invoking command in '/app/dev_ws/build/rosapi': CMAKE_PREFIX_PATH=/app/dev_ws/install/rosbridge_library:/app/dev_ws/install/rosapi_msgs:/app/dev_ws/install/xsens_msgs:/app/dev_ws/install/rosbridge_test_msgs:/app/dev_ws/install/rosbridge_suite:/app/dev_ws/install/rosbridge_server:/app/dev_ws/install/rosbridge_msgs:/app/dev_ws/install/rosapi:/app/dev_ws/install/xsens_driver:/app/dev_ws/install/ntrip_client:/app/dev_ws/install/central:/opt/ros/foxy LD_LIBRARY_PATH=/app/dev_ws/install/rosapi_msgs/lib:/app/dev_ws/install/xsens_msgs/lib:/app/dev_ws/install/rosbridge_test_msgs/lib:/app/dev_ws/install/rosbridge_msgs/lib:/opt/ros/foxy/opt/yaml_cpp_vendor/lib:/opt/ros/foxy/lib/aarch64-linux-gnu:/opt/ros/foxy/lib PYTHONPATH=/app/dev_ws/install/rosbridge_library/lib/python3.8/site-packages:/app/dev_ws/install/rosapi_msgs/lib/python3.8/site-packages:/app/dev_ws/install/xsens_driver/lib/python3.8/site-packages:/app/dev_ws/install/xsens_msgs/lib/python3.8/site-packages:/app/dev_ws/install/rosbridge_test_msgs/lib/python3.8/site-packages:/app/dev_ws/install/rosbridge_server/lib/python3.8/site-packages:/app/dev_ws/install/rosbridge_msgs/lib/python3.8/site-packages:/app/dev_ws/install/rosapi/lib/python3.8/site-packages:/app/dev_ws/install/ntrip_client/lib/python3.8/site-packages:/app/dev_ws/install/central/lib/python3.8/site-packages:/opt/ros/foxy/lib/python3.8/site-packages /usr/bin/cmake --build /app/dev_ws/build/rosapi -- -j4 -l4
[7.134s] Invoked command in '/app/dev_ws/build/rosapi' returned '0': CMAKE_PREFIX_PATH=/app/dev_ws/install/rosbridge_library:/app/dev_ws/install/rosapi_msgs:/app/dev_ws/install/xsens_msgs:/app/dev_ws/install/rosbridge_test_msgs:/app/dev_ws/install/rosbridge_suite:/app/dev_ws/install/rosbridge_server:/app/dev_ws/install/rosbridge_msgs:/app/dev_ws/install/rosapi:/app/dev_ws/install/xsens_driver:/app/dev_ws/install/ntrip_client:/app/dev_ws/install/central:/opt/ros/foxy LD_LIBRARY_PATH=/app/dev_ws/install/rosapi_msgs/lib:/app/dev_ws/install/xsens_msgs/lib:/app/dev_ws/install/rosbridge_test_msgs/lib:/app/dev_ws/install/rosbridge_msgs/lib:/opt/ros/foxy/opt/yaml_cpp_vendor/lib:/opt/ros/foxy/lib/aarch64-linux-gnu:/opt/ros/foxy/lib PYTHONPATH=/app/dev_ws/install/rosbridge_library/lib/python3.8/site-packages:/app/dev_ws/install/rosapi_msgs/lib/python3.8/site-packages:/app/dev_ws/install/xsens_driver/lib/python3.8/site-packages:/app/dev_ws/install/xsens_msgs/lib/python3.8/site-packages:/app/dev_ws/install/rosbridge_test_msgs/lib/python3.8/site-packages:/app/dev_ws/install/rosbridge_server/lib/python3.8/site-packages:/app/dev_ws/install/rosbridge_msgs/lib/python3.8/site-packages:/app/dev_ws/install/rosapi/lib/python3.8/site-packages:/app/dev_ws/install/ntrip_client/lib/python3.8/site-packages:/app/dev_ws/install/central/lib/python3.8/site-packages:/opt/ros/foxy/lib/python3.8/site-packages /usr/bin/cmake --build /app/dev_ws/build/rosapi -- -j4 -l4
[7.274s] Invoking command in '/app/dev_ws/build/rosapi': CMAKE_PREFIX_PATH=/app/dev_ws/install/rosbridge_library:/app/dev_ws/install/rosapi_msgs:/app/dev_ws/install/xsens_msgs:/app/dev_ws/install/rosbridge_test_msgs:/app/dev_ws/install/rosbridge_suite:/app/dev_ws/install/rosbridge_server:/app/dev_ws/install/rosbridge_msgs:/app/dev_ws/install/rosapi:/app/dev_ws/install/xsens_driver:/app/dev_ws/install/ntrip_client:/app/dev_ws/install/central:/opt/ros/foxy LD_LIBRARY_PATH=/app/dev_ws/install/rosapi_msgs/lib:/app/dev_ws/install/xsens_msgs/lib:/app/dev_ws/install/rosbridge_test_msgs/lib:/app/dev_ws/install/rosbridge_msgs/lib:/opt/ros/foxy/opt/yaml_cpp_vendor/lib:/opt/ros/foxy/lib/aarch64-linux-gnu:/opt/ros/foxy/lib PYTHONPATH=/app/dev_ws/install/rosbridge_library/lib/python3.8/site-packages:/app/dev_ws/install/rosapi_msgs/lib/python3.8/site-packages:/app/dev_ws/install/xsens_driver/lib/python3.8/site-packages:/app/dev_ws/install/xsens_msgs/lib/python3.8/site-packages:/app/dev_ws/install/rosbridge_test_msgs/lib/python3.8/site-packages:/app/dev_ws/install/rosbridge_server/lib/python3.8/site-packages:/app/dev_ws/install/rosbridge_msgs/lib/python3.8/site-packages:/app/dev_ws/install/rosapi/lib/python3.8/site-packages:/app/dev_ws/install/ntrip_client/lib/python3.8/site-packages:/app/dev_ws/install/central/lib/python3.8/site-packages:/opt/ros/foxy/lib/python3.8/site-packages /usr/bin/cmake --install /app/dev_ws/build/rosapi
[7.319s] -- Install configuration: ""
[7.320s] -- Installing: /app/dev_ws/install/rosapi/share/rosapi/environment/pythonpath.sh
[7.322s] -- Installing: /app/dev_ws/install/rosapi/share/rosapi/environment/pythonpath.dsv
[7.323s] -- Installing: /app/dev_ws/install/rosapi/lib/python3.8/site-packages/rosapi
[7.324s] -- Installing: /app/dev_ws/install/rosapi/lib/python3.8/site-packages/rosapi/params.py
[7.326s] -- Installing: /app/dev_ws/install/rosapi/lib/python3.8/site-packages/rosapi/objectutils.py
[7.328s] -- Installing: /app/dev_ws/install/rosapi/lib/python3.8/site-packages/rosapi/stringify_field_types.py
[7.330s] -- Installing: /app/dev_ws/install/rosapi/lib/python3.8/site-packages/rosapi/proxy.py
[7.332s] -- Installing: /app/dev_ws/install/rosapi/lib/python3.8/site-packages/rosapi/__init__.py
[7.333s] -- Installing: /app/dev_ws/install/rosapi/lib/python3.8/site-packages/rosapi/glob_helper.py
[7.537s] Listing '/app/dev_ws/install/rosapi/lib/python3.8/site-packages/rosapi'...
[7.538s] Compiling '/app/dev_ws/install/rosapi/lib/python3.8/site-packages/rosapi/__init__.py'...
[7.539s] Compiling '/app/dev_ws/install/rosapi/lib/python3.8/site-packages/rosapi/glob_helper.py'...
[7.540s] Compiling '/app/dev_ws/install/rosapi/lib/python3.8/site-packages/rosapi/objectutils.py'...
[7.541s] Compiling '/app/dev_ws/install/rosapi/lib/python3.8/site-packages/rosapi/params.py'...
[7.542s] Compiling '/app/dev_ws/install/rosapi/lib/python3.8/site-packages/rosapi/proxy.py'...
[7.543s] Compiling '/app/dev_ws/install/rosapi/lib/python3.8/site-packages/rosapi/stringify_field_types.py'...
[7.561s] -- Installing: /app/dev_ws/install/rosapi/share/ament_index/resource_index/package_run_dependencies/rosapi
[7.563s] -- Installing: /app/dev_ws/install/rosapi/share/ament_index/resource_index/parent_prefix_path/rosapi
[7.565s] -- Installing: /app/dev_ws/install/rosapi/share/rosapi/environment/ament_prefix_path.sh
[7.566s] -- Installing: /app/dev_ws/install/rosapi/share/rosapi/environment/ament_prefix_path.dsv
[7.567s] -- Installing: /app/dev_ws/install/rosapi/share/rosapi/environment/path.sh
[7.569s] -- Installing: /app/dev_ws/install/rosapi/share/rosapi/environment/path.dsv
[7.570s] -- Installing: /app/dev_ws/install/rosapi/share/rosapi/local_setup.bash
[7.571s] -- Installing: /app/dev_ws/install/rosapi/share/rosapi/local_setup.sh
[7.572s] -- Installing: /app/dev_ws/install/rosapi/share/rosapi/local_setup.zsh
[7.574s] -- Installing: /app/dev_ws/install/rosapi/share/rosapi/local_setup.dsv
[7.575s] -- Installing: /app/dev_ws/install/rosapi/share/rosapi/package.dsv
[7.576s] -- Installing: /app/dev_ws/install/rosapi/share/ament_index/resource_index/packages/rosapi
[7.578s] -- Installing: /app/dev_ws/install/rosapi/share/rosapi/cmake/rosapiConfig.cmake
[7.579s] -- Installing: /app/dev_ws/install/rosapi/share/rosapi/cmake/rosapiConfig-version.cmake
[7.580s] -- Installing: /app/dev_ws/install/rosapi/share/rosapi/package.xml
[7.582s] -- Installing: /app/dev_ws/install/rosapi/lib/rosapi/rosapi_node
[7.584s] -- Installing: /app/dev_ws/install/rosapi/share/rosapi/mapping_rules.yaml
[7.597s] Invoked command in '/app/dev_ws/build/rosapi' returned '0': CMAKE_PREFIX_PATH=/app/dev_ws/install/rosbridge_library:/app/dev_ws/install/rosapi_msgs:/app/dev_ws/install/xsens_msgs:/app/dev_ws/install/rosbridge_test_msgs:/app/dev_ws/install/rosbridge_suite:/app/dev_ws/install/rosbridge_server:/app/dev_ws/install/rosbridge_msgs:/app/dev_ws/install/rosapi:/app/dev_ws/install/xsens_driver:/app/dev_ws/install/ntrip_client:/app/dev_ws/install/central:/opt/ros/foxy LD_LIBRARY_PATH=/app/dev_ws/install/rosapi_msgs/lib:/app/dev_ws/install/xsens_msgs/lib:/app/dev_ws/install/rosbridge_test_msgs/lib:/app/dev_ws/install/rosbridge_msgs/lib:/opt/ros/foxy/opt/yaml_cpp_vendor/lib:/opt/ros/foxy/lib/aarch64-linux-gnu:/opt/ros/foxy/lib PYTHONPATH=/app/dev_ws/install/rosbridge_library/lib/python3.8/site-packages:/app/dev_ws/install/rosapi_msgs/lib/python3.8/site-packages:/app/dev_ws/install/xsens_driver/lib/python3.8/site-packages:/app/dev_ws/install/xsens_msgs/lib/python3.8/site-packages:/app/dev_ws/install/rosbridge_test_msgs/lib/python3.8/site-packages:/app/dev_ws/install/rosbridge_server/lib/python3.8/site-packages:/app/dev_ws/install/rosbridge_msgs/lib/python3.8/site-packages:/app/dev_ws/install/rosapi/lib/python3.8/site-packages:/app/dev_ws/install/ntrip_client/lib/python3.8/site-packages:/app/dev_ws/install/central/lib/python3.8/site-packages:/opt/ros/foxy/lib/python3.8/site-packages /usr/bin/cmake --install /app/dev_ws/build/rosapi
