[0.000000] (-) TimerEvent: {}
[0.001265] (-) JobUnselected: {'identifier': 'bluespace_ai_xsens_mti_driver'}
[0.001563] (-) JobUnselected: {'identifier': 'cam_client'}
[0.001744] (-) JobUnselected: {'identifier': 'central'}
[0.001899] (-) JobUnselected: {'identifier': 'cv_bridge'}
[0.002029] (-) JobUnselected: {'identifier': 'image_geometry'}
[0.002150] (-) JobUnselected: {'identifier': 'ntrip_client'}
[0.002337] (-) JobUnselected: {'identifier': 'opencv_tests'}
[0.002501] (-) JobUnselected: {'identifier': 'rosapi'}
[0.002631] (-) JobUnselected: {'identifier': 'rosapi_msgs'}
[0.002772] (-) JobUnselected: {'identifier': 'rosbridge_library'}
[0.002951] (-) JobUnselected: {'identifier': 'rosbridge_msgs'}
[0.003172] (-) JobUnselected: {'identifier': 'rosbridge_server'}
[0.003597] (-) JobUnselected: {'identifier': 'rosbridge_suite'}
[0.004427] (-) JobUnselected: {'identifier': 'rosbridge_test_msgs'}
[0.004570] (-) JobUnselected: {'identifier': 'tcam'}
[0.004670] (-) JobUnselected: {'identifier': 'vision_opencv'}
[0.004766] (-) JobUnselected: {'identifier': 'xsens_driver'}
[0.004858] (-) JobUnselected: {'identifier': 'xsens_msgs'}
[0.004951] (-) EventReactorShutdown: {}
