-- The C compiler identification is GNU 9.4.0
-- The CXX compiler identification is GNU 9.4.0
-- Check for working C compiler: /usr/bin/cc
-- Check for working C compiler: /usr/bin/cc -- works
-- Detecting C compiler ABI info
-- Detecting C compiler ABI info - done
-- Detecting C compile features
-- Detecting C compile features - done
-- Check for working CXX compiler: /usr/bin/c++
-- Check for working CXX compiler: /usr/bin/c++ -- works
-- Detecting CXX compiler ABI info
-- Detecting CXX compiler ABI info - done
-- Detecting CXX compile features
-- Detecting CXX compile features - done
-- Found ament_cmake_ros: 0.9.2 (/opt/ros/foxy/share/ament_cmake_ros/cmake)
-- Found PythonInterp: /usr/bin/python3 (found suitable version "3.8.10", minimum required is "3") 
-- Using PYTHON_EXECUTABLE: /usr/bin/python3
-- Configuring done
-- Generating done
-- Build files have been written to: /app/dev_ws/build/rosapi
-- Install configuration: ""
-- Installing: /app/dev_ws/install/rosapi/share/rosapi/environment/pythonpath.sh
-- Installing: /app/dev_ws/install/rosapi/share/rosapi/environment/pythonpath.dsv
-- Installing: /app/dev_ws/install/rosapi/lib/python3.8/site-packages/rosapi
-- Installing: /app/dev_ws/install/rosapi/lib/python3.8/site-packages/rosapi/params.py
-- Installing: /app/dev_ws/install/rosapi/lib/python3.8/site-packages/rosapi/objectutils.py
-- Installing: /app/dev_ws/install/rosapi/lib/python3.8/site-packages/rosapi/stringify_field_types.py
-- Installing: /app/dev_ws/install/rosapi/lib/python3.8/site-packages/rosapi/proxy.py
-- Installing: /app/dev_ws/install/rosapi/lib/python3.8/site-packages/rosapi/__init__.py
-- Installing: /app/dev_ws/install/rosapi/lib/python3.8/site-packages/rosapi/glob_helper.py
Listing '/app/dev_ws/install/rosapi/lib/python3.8/site-packages/rosapi'...
Compiling '/app/dev_ws/install/rosapi/lib/python3.8/site-packages/rosapi/__init__.py'...
Compiling '/app/dev_ws/install/rosapi/lib/python3.8/site-packages/rosapi/glob_helper.py'...
Compiling '/app/dev_ws/install/rosapi/lib/python3.8/site-packages/rosapi/objectutils.py'...
Compiling '/app/dev_ws/install/rosapi/lib/python3.8/site-packages/rosapi/params.py'...
Compiling '/app/dev_ws/install/rosapi/lib/python3.8/site-packages/rosapi/proxy.py'...
Compiling '/app/dev_ws/install/rosapi/lib/python3.8/site-packages/rosapi/stringify_field_types.py'...
-- Installing: /app/dev_ws/install/rosapi/share/ament_index/resource_index/package_run_dependencies/rosapi
-- Installing: /app/dev_ws/install/rosapi/share/ament_index/resource_index/parent_prefix_path/rosapi
-- Installing: /app/dev_ws/install/rosapi/share/rosapi/environment/ament_prefix_path.sh
-- Installing: /app/dev_ws/install/rosapi/share/rosapi/environment/ament_prefix_path.dsv
-- Installing: /app/dev_ws/install/rosapi/share/rosapi/environment/path.sh
-- Installing: /app/dev_ws/install/rosapi/share/rosapi/environment/path.dsv
-- Installing: /app/dev_ws/install/rosapi/share/rosapi/local_setup.bash
-- Installing: /app/dev_ws/install/rosapi/share/rosapi/local_setup.sh
-- Installing: /app/dev_ws/install/rosapi/share/rosapi/local_setup.zsh
-- Installing: /app/dev_ws/install/rosapi/share/rosapi/local_setup.dsv
-- Installing: /app/dev_ws/install/rosapi/share/rosapi/package.dsv
-- Installing: /app/dev_ws/install/rosapi/share/ament_index/resource_index/packages/rosapi
-- Installing: /app/dev_ws/install/rosapi/share/rosapi/cmake/rosapiConfig.cmake
-- Installing: /app/dev_ws/install/rosapi/share/rosapi/cmake/rosapiConfig-version.cmake
-- Installing: /app/dev_ws/install/rosapi/share/rosapi/package.xml
-- Installing: /app/dev_ws/install/rosapi/lib/rosapi/rosapi_node
-- Installing: /app/dev_ws/install/rosapi/share/rosapi/mapping_rules.yaml
