running egg_info
writing ../../build/cam_client/cam_client.egg-info/PKG-INFO
writing dependency_links to ../../build/cam_client/cam_client.egg-info/dependency_links.txt
writing entry points to ../../build/cam_client/cam_client.egg-info/entry_points.txt
writing requirements to ../../build/cam_client/cam_client.egg-info/requires.txt
writing top-level names to ../../build/cam_client/cam_client.egg-info/top_level.txt
reading manifest file '../../build/cam_client/cam_client.egg-info/SOURCES.txt'
writing manifest file '../../build/cam_client/cam_client.egg-info/SOURCES.txt'
running build
running build_py
copying cam_client/utils/myTIS.py -> /app/dev_ws/build/cam_client/build/lib/cam_client/utils
running install
running install_lib
copying /app/dev_ws/build/cam_client/build/lib/cam_client/utils/myTIS.py -> /app/dev_ws/install/cam_client/lib/python3.8/site-packages/cam_client/utils
byte-compiling /app/dev_ws/install/cam_client/lib/python3.8/site-packages/cam_client/utils/myTIS.py to myTIS.cpython-38.pyc
Sorry: TabError: inconsistent use of tabs and spaces in indentation (myTIS.py, line 145)
running install_data
running install_egg_info
removing '/app/dev_ws/install/cam_client/lib/python3.8/site-packages/cam_client-0.0.0-py3.8.egg-info' (and everything under it)
Copying ../../build/cam_client/cam_client.egg-info to /app/dev_ws/install/cam_client/lib/python3.8/site-packages/cam_client-0.0.0-py3.8.egg-info
running install_scripts
Installing main script to /app/dev_ws/install/cam_client/lib/cam_client
writing list of installed files to '/app/dev_ws/build/cam_client/install.log'
