[0.743s] DEBUG:colcon:Command line arguments: ['/usr/bin/colcon', 'build']
[0.743s] DEBUG:colcon:Parsed command line arguments: Namespace(allow_overriding=[], ament_cmake_args=None, base_paths=['.'], build_base='build', catkin_cmake_args=None, catkin_skip_building_tests=False, cmake_args=None, cmake_clean_cache=False, cmake_clean_first=False, cmake_force_configure=False, cmake_target=None, cmake_target_skip_unavailable=False, continue_on_error=False, event_handlers=None, executor='parallel', ignore_user_meta=False, install_base='install', log_base=None, log_level=None, main=<bound method BuildVerb.main of <colcon_core.verb.build.BuildVerb object at 0xffff95c087c0>>, merge_install=False, metas=['./colcon.meta'], mixin=None, mixin_files=None, mixin_verb=('build',), packages_above=None, packages_above_and_dependencies=None, packages_above_depth=None, packages_end=None, packages_ignore=None, packages_ignore_regex=None, packages_select=None, packages_select_build_failed=False, packages_select_by_dep=None, packages_select_regex=None, packages_select_test_failures=False, packages_skip=None, packages_skip_build_finished=False, packages_skip_by_dep=None, packages_skip_regex=None, packages_skip_test_passed=False, packages_skip_up_to=None, packages_start=None, packages_up_to=None, packages_up_to_regex=None, parallel_workers=4, paths=None, symlink_install=False, test_result_base=None, verb_extension=<colcon_core.verb.build.BuildVerb object at 0xffff95c087c0>, verb_name='build', verb_parser=<colcon_mixin.mixin.mixin_argument.MixinArgumentDecorator object at 0xffff95c08d90>)
[0.768s] Level 1:colcon.colcon_core.package_discovery:discover_packages(colcon_meta) check parameters
[0.771s] INFO:colcon.colcon_metadata.package_discovery.colcon_meta:Using configuration from '/root/.colcon/metadata/default/Gazebo.meta'
[0.774s] INFO:colcon.colcon_metadata.package_discovery.colcon_meta:Using configuration from '/root/.colcon/metadata/default/fastrtps.meta'
[0.774s] Level 1:colcon.colcon_core.package_discovery:discover_packages(recursive) check parameters
[0.774s] Level 1:colcon.colcon_core.package_discovery:discover_packages(ignore) check parameters
[0.774s] Level 1:colcon.colcon_core.package_discovery:discover_packages(path) check parameters
[0.774s] Level 1:colcon.colcon_core.package_discovery:discover_packages(colcon_meta) discover
[0.775s] Level 1:colcon.colcon_core.package_discovery:discover_packages(recursive) discover
[0.775s] INFO:colcon.colcon_core.package_discovery:Crawling recursively for packages in '/app/dev_ws'
[0.775s] Level 1:colcon.colcon_core.package_identification:_identify(.) by extensions ['ignore', 'ignore_ament_install']
[0.776s] Level 1:colcon.colcon_core.package_identification:_identify(.) by extension 'ignore'
[0.776s] Level 1:colcon.colcon_core.package_identification:_identify(.) by extension 'ignore_ament_install'
[0.776s] Level 1:colcon.colcon_core.package_identification:_identify(.) by extensions ['colcon_pkg']
[0.776s] Level 1:colcon.colcon_core.package_identification:_identify(.) by extension 'colcon_pkg'
[0.777s] Level 1:colcon.colcon_core.package_identification:_identify(.) by extensions ['colcon_meta']
[0.777s] Level 1:colcon.colcon_core.package_identification:_identify(.) by extension 'colcon_meta'
[0.777s] Level 1:colcon.colcon_core.package_identification:_identify(.) by extensions ['ros']
[0.777s] Level 1:colcon.colcon_core.package_identification:_identify(.) by extension 'ros'
[0.826s] Level 1:colcon.colcon_core.package_identification:_identify(.) by extensions ['cmake', 'python']
[0.826s] Level 1:colcon.colcon_core.package_identification:_identify(.) by extension 'cmake'
[0.827s] Level 1:colcon.colcon_core.package_identification:_identify(.) by extension 'python'
[0.827s] Level 1:colcon.colcon_core.package_identification:_identify(.) by extensions ['python_setup_py']
[0.827s] Level 1:colcon.colcon_core.package_identification:_identify(.) by extension 'python_setup_py'
[0.828s] Level 1:colcon.colcon_core.package_identification:_identify(build) by extensions ['ignore', 'ignore_ament_install']
[0.828s] Level 1:colcon.colcon_core.package_identification:_identify(build) by extension 'ignore'
[0.828s] Level 1:colcon.colcon_core.package_identification:_identify(build) ignored
[0.829s] Level 1:colcon.colcon_core.package_identification:_identify(install) by extensions ['ignore', 'ignore_ament_install']
[0.829s] Level 1:colcon.colcon_core.package_identification:_identify(install) by extension 'ignore'
[0.830s] Level 1:colcon.colcon_core.package_identification:_identify(install) ignored
[0.830s] Level 1:colcon.colcon_core.package_identification:_identify(log) by extensions ['ignore', 'ignore_ament_install']
[0.831s] Level 1:colcon.colcon_core.package_identification:_identify(log) by extension 'ignore'
[0.831s] Level 1:colcon.colcon_core.package_identification:_identify(log) ignored
[0.831s] Level 1:colcon.colcon_core.package_identification:_identify(src) by extensions ['ignore', 'ignore_ament_install']
[0.832s] Level 1:colcon.colcon_core.package_identification:_identify(src) by extension 'ignore'
[0.832s] Level 1:colcon.colcon_core.package_identification:_identify(src) by extension 'ignore_ament_install'
[0.832s] Level 1:colcon.colcon_core.package_identification:_identify(src) by extensions ['colcon_pkg']
[0.832s] Level 1:colcon.colcon_core.package_identification:_identify(src) by extension 'colcon_pkg'
[0.833s] Level 1:colcon.colcon_core.package_identification:_identify(src) by extensions ['colcon_meta']
[0.833s] Level 1:colcon.colcon_core.package_identification:_identify(src) by extension 'colcon_meta'
[0.833s] Level 1:colcon.colcon_core.package_identification:_identify(src) by extensions ['ros']
[0.833s] Level 1:colcon.colcon_core.package_identification:_identify(src) by extension 'ros'
[0.833s] Level 1:colcon.colcon_core.package_identification:_identify(src) by extensions ['cmake', 'python']
[0.834s] Level 1:colcon.colcon_core.package_identification:_identify(src) by extension 'cmake'
[0.834s] Level 1:colcon.colcon_core.package_identification:_identify(src) by extension 'python'
[0.834s] Level 1:colcon.colcon_core.package_identification:_identify(src) by extensions ['python_setup_py']
[0.834s] Level 1:colcon.colcon_core.package_identification:_identify(src) by extension 'python_setup_py'
[0.835s] Level 1:colcon.colcon_core.package_identification:_identify(src/central) by extensions ['ignore', 'ignore_ament_install']
[0.835s] Level 1:colcon.colcon_core.package_identification:_identify(src/central) by extension 'ignore'
[0.835s] Level 1:colcon.colcon_core.package_identification:_identify(src/central) by extension 'ignore_ament_install'
[0.835s] Level 1:colcon.colcon_core.package_identification:_identify(src/central) by extensions ['colcon_pkg']
[0.836s] Level 1:colcon.colcon_core.package_identification:_identify(src/central) by extension 'colcon_pkg'
[0.836s] Level 1:colcon.colcon_core.package_identification:_identify(src/central) by extensions ['colcon_meta']
[0.836s] Level 1:colcon.colcon_core.package_identification:_identify(src/central) by extension 'colcon_meta'
[0.836s] Level 1:colcon.colcon_core.package_identification:_identify(src/central) by extensions ['ros']
[0.836s] Level 1:colcon.colcon_core.package_identification:_identify(src/central) by extension 'ros'
[0.845s] DEBUG:colcon.colcon_core.package_identification:Package 'src/central' with type 'ros.ament_python' and name 'central'
[0.846s] Level 1:colcon.colcon_core.package_identification:_identify(src/ntrip_client) by extensions ['ignore', 'ignore_ament_install']
[0.846s] Level 1:colcon.colcon_core.package_identification:_identify(src/ntrip_client) by extension 'ignore'
[0.846s] Level 1:colcon.colcon_core.package_identification:_identify(src/ntrip_client) by extension 'ignore_ament_install'
[0.846s] Level 1:colcon.colcon_core.package_identification:_identify(src/ntrip_client) by extensions ['colcon_pkg']
[0.847s] Level 1:colcon.colcon_core.package_identification:_identify(src/ntrip_client) by extension 'colcon_pkg'
[0.847s] Level 1:colcon.colcon_core.package_identification:_identify(src/ntrip_client) by extensions ['colcon_meta']
[0.847s] Level 1:colcon.colcon_core.package_identification:_identify(src/ntrip_client) by extension 'colcon_meta'
[0.847s] Level 1:colcon.colcon_core.package_identification:_identify(src/ntrip_client) by extensions ['ros']
[0.847s] Level 1:colcon.colcon_core.package_identification:_identify(src/ntrip_client) by extension 'ros'
[0.850s] DEBUG:colcon.colcon_core.package_identification:Package 'src/ntrip_client' with type 'ros.ament_python' and name 'ntrip_client'
[0.851s] Level 1:colcon.colcon_core.package_identification:_identify(src/xsens_driver) by extensions ['ignore', 'ignore_ament_install']
[0.851s] Level 1:colcon.colcon_core.package_identification:_identify(src/xsens_driver) by extension 'ignore'
[0.851s] Level 1:colcon.colcon_core.package_identification:_identify(src/xsens_driver) by extension 'ignore_ament_install'
[0.852s] Level 1:colcon.colcon_core.package_identification:_identify(src/xsens_driver) by extensions ['colcon_pkg']
[0.852s] Level 1:colcon.colcon_core.package_identification:_identify(src/xsens_driver) by extension 'colcon_pkg'
[0.852s] Level 1:colcon.colcon_core.package_identification:_identify(src/xsens_driver) by extensions ['colcon_meta']
[0.852s] Level 1:colcon.colcon_core.package_identification:_identify(src/xsens_driver) by extension 'colcon_meta'
[0.852s] Level 1:colcon.colcon_core.package_identification:_identify(src/xsens_driver) by extensions ['ros']
[0.852s] Level 1:colcon.colcon_core.package_identification:_identify(src/xsens_driver) by extension 'ros'
[0.856s] DEBUG:colcon.colcon_core.package_identification:Package 'src/xsens_driver' with type 'ros.ament_python' and name 'xsens_driver'
[0.857s] Level 1:colcon.colcon_core.package_identification:_identify(src/xsens_msgs) by extensions ['ignore', 'ignore_ament_install']
[0.857s] Level 1:colcon.colcon_core.package_identification:_identify(src/xsens_msgs) by extension 'ignore'
[0.857s] Level 1:colcon.colcon_core.package_identification:_identify(src/xsens_msgs) by extension 'ignore_ament_install'
[0.858s] Level 1:colcon.colcon_core.package_identification:_identify(src/xsens_msgs) by extensions ['colcon_pkg']
[0.858s] Level 1:colcon.colcon_core.package_identification:_identify(src/xsens_msgs) by extension 'colcon_pkg'
[0.858s] Level 1:colcon.colcon_core.package_identification:_identify(src/xsens_msgs) by extensions ['colcon_meta']
[0.858s] Level 1:colcon.colcon_core.package_identification:_identify(src/xsens_msgs) by extension 'colcon_meta'
[0.858s] Level 1:colcon.colcon_core.package_identification:_identify(src/xsens_msgs) by extensions ['ros']
[0.858s] Level 1:colcon.colcon_core.package_identification:_identify(src/xsens_msgs) by extension 'ros'
[0.861s] DEBUG:colcon.colcon_core.package_identification:Package 'src/xsens_msgs' with type 'ros.ament_cmake' and name 'xsens_msgs'
[0.862s] Level 1:colcon.colcon_core.package_discovery:discover_packages(recursive) using defaults
[0.862s] Level 1:colcon.colcon_core.package_discovery:discover_packages(ignore) discover
[0.862s] Level 1:colcon.colcon_core.package_discovery:discover_packages(ignore) using defaults
[0.862s] Level 1:colcon.colcon_core.package_discovery:discover_packages(path) discover
[0.862s] Level 1:colcon.colcon_core.package_discovery:discover_packages(path) using defaults
[0.940s] Level 5:colcon.colcon_core.verb:set package 'central' build argument 'cmake_args' from command line to 'None'
[0.940s] Level 5:colcon.colcon_core.verb:set package 'central' build argument 'cmake_target' from command line to 'None'
[0.941s] Level 5:colcon.colcon_core.verb:set package 'central' build argument 'cmake_target_skip_unavailable' from command line to 'False'
[0.941s] Level 5:colcon.colcon_core.verb:set package 'central' build argument 'cmake_clean_cache' from command line to 'False'
[0.941s] Level 5:colcon.colcon_core.verb:set package 'central' build argument 'cmake_clean_first' from command line to 'False'
[0.941s] Level 5:colcon.colcon_core.verb:set package 'central' build argument 'cmake_force_configure' from command line to 'False'
[0.941s] Level 5:colcon.colcon_core.verb:set package 'central' build argument 'ament_cmake_args' from command line to 'None'
[0.941s] Level 5:colcon.colcon_core.verb:set package 'central' build argument 'catkin_cmake_args' from command line to 'None'
[0.941s] Level 5:colcon.colcon_core.verb:set package 'central' build argument 'catkin_skip_building_tests' from command line to 'False'
[0.942s] DEBUG:colcon.colcon_core.verb:Building package 'central' with the following arguments: {'ament_cmake_args': None, 'build_base': '/app/dev_ws/build/central', 'catkin_cmake_args': None, 'catkin_skip_building_tests': False, 'cmake_args': None, 'cmake_clean_cache': False, 'cmake_clean_first': False, 'cmake_force_configure': False, 'cmake_target': None, 'cmake_target_skip_unavailable': False, 'install_base': '/app/dev_ws/install/central', 'merge_install': False, 'path': '/app/dev_ws/src/central', 'symlink_install': False, 'test_result_base': None}
[0.944s] Level 5:colcon.colcon_core.verb:set package 'ntrip_client' build argument 'cmake_args' from command line to 'None'
[0.945s] Level 5:colcon.colcon_core.verb:set package 'ntrip_client' build argument 'cmake_target' from command line to 'None'
[0.945s] Level 5:colcon.colcon_core.verb:set package 'ntrip_client' build argument 'cmake_target_skip_unavailable' from command line to 'False'
[0.945s] Level 5:colcon.colcon_core.verb:set package 'ntrip_client' build argument 'cmake_clean_cache' from command line to 'False'
[0.945s] Level 5:colcon.colcon_core.verb:set package 'ntrip_client' build argument 'cmake_clean_first' from command line to 'False'
[0.945s] Level 5:colcon.colcon_core.verb:set package 'ntrip_client' build argument 'cmake_force_configure' from command line to 'False'
[0.945s] Level 5:colcon.colcon_core.verb:set package 'ntrip_client' build argument 'ament_cmake_args' from command line to 'None'
[0.945s] Level 5:colcon.colcon_core.verb:set package 'ntrip_client' build argument 'catkin_cmake_args' from command line to 'None'
[0.945s] Level 5:colcon.colcon_core.verb:set package 'ntrip_client' build argument 'catkin_skip_building_tests' from command line to 'False'
[0.946s] DEBUG:colcon.colcon_core.verb:Building package 'ntrip_client' with the following arguments: {'ament_cmake_args': None, 'build_base': '/app/dev_ws/build/ntrip_client', 'catkin_cmake_args': None, 'catkin_skip_building_tests': False, 'cmake_args': None, 'cmake_clean_cache': False, 'cmake_clean_first': False, 'cmake_force_configure': False, 'cmake_target': None, 'cmake_target_skip_unavailable': False, 'install_base': '/app/dev_ws/install/ntrip_client', 'merge_install': False, 'path': '/app/dev_ws/src/ntrip_client', 'symlink_install': False, 'test_result_base': None}
[0.949s] Level 5:colcon.colcon_core.verb:set package 'xsens_msgs' build argument 'cmake_args' from command line to 'None'
[0.949s] Level 5:colcon.colcon_core.verb:set package 'xsens_msgs' build argument 'cmake_target' from command line to 'None'
[0.949s] Level 5:colcon.colcon_core.verb:set package 'xsens_msgs' build argument 'cmake_target_skip_unavailable' from command line to 'False'
[0.949s] Level 5:colcon.colcon_core.verb:set package 'xsens_msgs' build argument 'cmake_clean_cache' from command line to 'False'
[0.949s] Level 5:colcon.colcon_core.verb:set package 'xsens_msgs' build argument 'cmake_clean_first' from command line to 'False'
[0.950s] Level 5:colcon.colcon_core.verb:set package 'xsens_msgs' build argument 'cmake_force_configure' from command line to 'False'
[0.950s] Level 5:colcon.colcon_core.verb:set package 'xsens_msgs' build argument 'ament_cmake_args' from command line to 'None'
[0.950s] Level 5:colcon.colcon_core.verb:set package 'xsens_msgs' build argument 'catkin_cmake_args' from command line to 'None'
[0.950s] Level 5:colcon.colcon_core.verb:set package 'xsens_msgs' build argument 'catkin_skip_building_tests' from command line to 'False'
[0.950s] DEBUG:colcon.colcon_core.verb:Building package 'xsens_msgs' with the following arguments: {'ament_cmake_args': None, 'build_base': '/app/dev_ws/build/xsens_msgs', 'catkin_cmake_args': None, 'catkin_skip_building_tests': False, 'cmake_args': None, 'cmake_clean_cache': False, 'cmake_clean_first': False, 'cmake_force_configure': False, 'cmake_target': None, 'cmake_target_skip_unavailable': False, 'install_base': '/app/dev_ws/install/xsens_msgs', 'merge_install': False, 'path': '/app/dev_ws/src/xsens_msgs', 'symlink_install': False, 'test_result_base': None}
[0.953s] Level 5:colcon.colcon_core.verb:set package 'xsens_driver' build argument 'cmake_args' from command line to 'None'
[0.953s] Level 5:colcon.colcon_core.verb:set package 'xsens_driver' build argument 'cmake_target' from command line to 'None'
[0.953s] Level 5:colcon.colcon_core.verb:set package 'xsens_driver' build argument 'cmake_target_skip_unavailable' from command line to 'False'
[0.953s] Level 5:colcon.colcon_core.verb:set package 'xsens_driver' build argument 'cmake_clean_cache' from command line to 'False'
[0.954s] Level 5:colcon.colcon_core.verb:set package 'xsens_driver' build argument 'cmake_clean_first' from command line to 'False'
[0.954s] Level 5:colcon.colcon_core.verb:set package 'xsens_driver' build argument 'cmake_force_configure' from command line to 'False'
[0.954s] Level 5:colcon.colcon_core.verb:set package 'xsens_driver' build argument 'ament_cmake_args' from command line to 'None'
[0.954s] Level 5:colcon.colcon_core.verb:set package 'xsens_driver' build argument 'catkin_cmake_args' from command line to 'None'
[0.954s] Level 5:colcon.colcon_core.verb:set package 'xsens_driver' build argument 'catkin_skip_building_tests' from command line to 'False'
[0.954s] DEBUG:colcon.colcon_core.verb:Building package 'xsens_driver' with the following arguments: {'ament_cmake_args': None, 'build_base': '/app/dev_ws/build/xsens_driver', 'catkin_cmake_args': None, 'catkin_skip_building_tests': False, 'cmake_args': None, 'cmake_clean_cache': False, 'cmake_clean_first': False, 'cmake_force_configure': False, 'cmake_target': None, 'cmake_target_skip_unavailable': False, 'install_base': '/app/dev_ws/install/xsens_driver', 'merge_install': False, 'path': '/app/dev_ws/src/xsens_driver', 'symlink_install': False, 'test_result_base': None}
[0.972s] INFO:colcon.colcon_core.executor:Executing jobs using 'parallel' executor
[0.980s] DEBUG:colcon.colcon_parallel_executor.executor.parallel:run_until_complete
[0.982s] INFO:colcon.colcon_ros.task.ament_cmake.build:Building ROS package in '/app/dev_ws/src/xsens_msgs' with build type 'ament_cmake'
[0.983s] INFO:colcon.colcon_cmake.task.cmake.build:Building CMake package in '/app/dev_ws/src/xsens_msgs'
[0.999s] INFO:colcon.colcon_core.plugin_system:Skipping extension 'colcon_core.shell.bat': Not used on non-Windows systems
[1.000s] INFO:colcon.colcon_core.shell:Skip shell extension 'powershell' for command environment: Not usable outside of PowerShell
[1.000s] DEBUG:colcon.colcon_core.shell:Skip shell extension 'dsv' for command environment
[1.027s] INFO:colcon.colcon_ros.task.ament_python.build:Building ROS package in '/app/dev_ws/src/central' with build type 'ament_python'
[1.028s] Level 1:colcon.colcon_core.shell:create_environment_hook('central', 'ament_prefix_path')
[1.033s] INFO:colcon.colcon_core.shell:Creating environment hook '/app/dev_ws/install/central/share/central/hook/ament_prefix_path.ps1'
[1.037s] INFO:colcon.colcon_core.shell:Creating environment descriptor '/app/dev_ws/install/central/share/central/hook/ament_prefix_path.dsv'
[1.041s] INFO:colcon.colcon_core.shell:Creating environment hook '/app/dev_ws/install/central/share/central/hook/ament_prefix_path.sh'
[1.047s] INFO:colcon.colcon_core.shell:Skip shell extension 'powershell' for command environment: Not usable outside of PowerShell
[1.048s] DEBUG:colcon.colcon_core.shell:Skip shell extension 'dsv' for command environment
[1.076s] INFO:colcon.colcon_ros.task.ament_python.build:Building ROS package in '/app/dev_ws/src/ntrip_client' with build type 'ament_python'
[1.078s] Level 1:colcon.colcon_core.shell:create_environment_hook('ntrip_client', 'ament_prefix_path')
[1.082s] INFO:colcon.colcon_core.shell:Creating environment hook '/app/dev_ws/install/ntrip_client/share/ntrip_client/hook/ament_prefix_path.ps1'
[1.091s] INFO:colcon.colcon_core.shell:Creating environment descriptor '/app/dev_ws/install/ntrip_client/share/ntrip_client/hook/ament_prefix_path.dsv'
[1.098s] INFO:colcon.colcon_core.shell:Creating environment hook '/app/dev_ws/install/ntrip_client/share/ntrip_client/hook/ament_prefix_path.sh'
[1.106s] INFO:colcon.colcon_core.shell:Skip shell extension 'powershell' for command environment: Not usable outside of PowerShell
[1.107s] DEBUG:colcon.colcon_core.shell:Skip shell extension 'dsv' for command environment
[1.173s] DEBUG:colcon.colcon_core.event_handler.log_command:Invoking command in '/app/dev_ws/build/xsens_msgs': CMAKE_PREFIX_PATH=/opt/ros/foxy /usr/bin/cmake --build /app/dev_ws/build/xsens_msgs -- -j4 -l4
[2.309s] INFO:colcon.colcon_core.task.python.build:Building Python package in '/app/dev_ws/src/central'
[2.313s] INFO:colcon.colcon_core.shell:Skip shell extension 'powershell' for command environment: Not usable outside of PowerShell
[2.314s] DEBUG:colcon.colcon_core.shell:Skip shell extension 'dsv' for command environment
[3.455s] INFO:colcon.colcon_core.task.python.build:Building Python package in '/app/dev_ws/src/ntrip_client'
[3.458s] INFO:colcon.colcon_core.shell:Skip shell extension 'powershell' for command environment: Not usable outside of PowerShell
[3.459s] DEBUG:colcon.colcon_core.shell:Skip shell extension 'dsv' for command environment
[5.430s] DEBUG:colcon.colcon_core.event_handler.log_command:Invoking command in '/app/dev_ws/src/ntrip_client': PYTHONPATH=/app/dev_ws/install/ntrip_client/lib/python3.8/site-packages:${PYTHONPATH} /usr/bin/python3 setup.py egg_info --egg-base ../../build/ntrip_client build --build-base /app/dev_ws/build/ntrip_client/build install --prefix /app/dev_ws/install/ntrip_client --record /app/dev_ws/build/ntrip_client/install.log --single-version-externally-managed
[5.453s] DEBUG:colcon.colcon_core.event_handler.log_command:Invoking command in '/app/dev_ws/src/central': PYTHONPATH=/app/dev_ws/install/central/lib/python3.8/site-packages:${PYTHONPATH} /usr/bin/python3 setup.py egg_info --egg-base ../../build/central build --build-base /app/dev_ws/build/central/build install --prefix /app/dev_ws/install/central --record /app/dev_ws/build/central/install.log --single-version-externally-managed
[7.114s] DEBUG:colcon.colcon_core.event_handler.log_command:Invoked command in '/app/dev_ws/src/ntrip_client' returned '0': PYTHONPATH=/app/dev_ws/install/ntrip_client/lib/python3.8/site-packages:${PYTHONPATH} /usr/bin/python3 setup.py egg_info --egg-base ../../build/ntrip_client build --build-base /app/dev_ws/build/ntrip_client/build install --prefix /app/dev_ws/install/ntrip_client --record /app/dev_ws/build/ntrip_client/install.log --single-version-externally-managed
[7.151s] Level 1:colcon.colcon_core.environment:checking '/app/dev_ws/install/ntrip_client' for CMake module files
[7.155s] Level 1:colcon.colcon_core.environment:checking '/app/dev_ws/install/ntrip_client' for CMake config files
[7.161s] Level 1:colcon.colcon_core.environment:checking '/app/dev_ws/install/ntrip_client/lib'
[7.163s] Level 1:colcon.colcon_core.environment:checking '/app/dev_ws/install/ntrip_client/bin'
[7.163s] Level 1:colcon.colcon_core.environment:checking '/app/dev_ws/install/ntrip_client/lib/pkgconfig/ntrip_client.pc'
[7.164s] Level 1:colcon.colcon_core.environment:checking '/app/dev_ws/install/ntrip_client/lib/python3.8/site-packages'
[7.165s] Level 1:colcon.colcon_core.shell:create_environment_hook('ntrip_client', 'pythonpath')
[7.168s] INFO:colcon.colcon_core.shell:Creating environment hook '/app/dev_ws/install/ntrip_client/share/ntrip_client/hook/pythonpath.ps1'
[7.172s] INFO:colcon.colcon_core.shell:Creating environment descriptor '/app/dev_ws/install/ntrip_client/share/ntrip_client/hook/pythonpath.dsv'
[7.176s] INFO:colcon.colcon_core.shell:Creating environment hook '/app/dev_ws/install/ntrip_client/share/ntrip_client/hook/pythonpath.sh'
[7.180s] Level 1:colcon.colcon_core.environment:create_environment_scripts_only(ntrip_client)
[7.184s] INFO:colcon.colcon_core.shell:Creating package script '/app/dev_ws/install/ntrip_client/share/ntrip_client/package.ps1'
[7.189s] INFO:colcon.colcon_core.shell:Creating package descriptor '/app/dev_ws/install/ntrip_client/share/ntrip_client/package.dsv'
[7.192s] INFO:colcon.colcon_core.shell:Creating package script '/app/dev_ws/install/ntrip_client/share/ntrip_client/package.sh'
[7.196s] INFO:colcon.colcon_core.shell:Creating package script '/app/dev_ws/install/ntrip_client/share/ntrip_client/package.bash'
[7.200s] INFO:colcon.colcon_core.shell:Creating package script '/app/dev_ws/install/ntrip_client/share/ntrip_client/package.zsh'
[7.203s] Level 1:colcon.colcon_core.environment:create_file_with_runtime_dependencies(/app/dev_ws/install/ntrip_client/share/colcon-core/packages/ntrip_client)
[7.211s] Level 1:colcon.colcon_core.environment:checking '/app/dev_ws/install/central' for CMake module files
[7.214s] DEBUG:colcon.colcon_core.event_handler.log_command:Invoked command in '/app/dev_ws/src/central' returned '0': PYTHONPATH=/app/dev_ws/install/central/lib/python3.8/site-packages:${PYTHONPATH} /usr/bin/python3 setup.py egg_info --egg-base ../../build/central build --build-base /app/dev_ws/build/central/build install --prefix /app/dev_ws/install/central --record /app/dev_ws/build/central/install.log --single-version-externally-managed
[7.216s] Level 1:colcon.colcon_core.environment:checking '/app/dev_ws/install/central' for CMake config files
[7.221s] Level 1:colcon.colcon_core.environment:checking '/app/dev_ws/install/central/lib'
[7.222s] Level 1:colcon.colcon_core.environment:checking '/app/dev_ws/install/central/bin'
[7.222s] Level 1:colcon.colcon_core.environment:checking '/app/dev_ws/install/central/lib/pkgconfig/central.pc'
[7.223s] Level 1:colcon.colcon_core.environment:checking '/app/dev_ws/install/central/lib/python3.8/site-packages'
[7.223s] Level 1:colcon.colcon_core.shell:create_environment_hook('central', 'pythonpath')
[7.225s] INFO:colcon.colcon_core.shell:Creating environment hook '/app/dev_ws/install/central/share/central/hook/pythonpath.ps1'
[7.228s] INFO:colcon.colcon_core.shell:Creating environment descriptor '/app/dev_ws/install/central/share/central/hook/pythonpath.dsv'
[7.229s] INFO:colcon.colcon_core.shell:Creating environment hook '/app/dev_ws/install/central/share/central/hook/pythonpath.sh'
[7.232s] Level 1:colcon.colcon_core.environment:create_environment_scripts_only(central)
[7.234s] INFO:colcon.colcon_core.shell:Creating package script '/app/dev_ws/install/central/share/central/package.ps1'
[7.238s] INFO:colcon.colcon_core.shell:Creating package descriptor '/app/dev_ws/install/central/share/central/package.dsv'
[7.241s] INFO:colcon.colcon_core.shell:Creating package script '/app/dev_ws/install/central/share/central/package.sh'
[7.244s] INFO:colcon.colcon_core.shell:Creating package script '/app/dev_ws/install/central/share/central/package.bash'
[7.247s] INFO:colcon.colcon_core.shell:Creating package script '/app/dev_ws/install/central/share/central/package.zsh'
[7.250s] Level 1:colcon.colcon_core.environment:create_file_with_runtime_dependencies(/app/dev_ws/install/central/share/colcon-core/packages/central)
[49.399s] DEBUG:colcon.colcon_core.event_handler.log_command:Invoked command in '/app/dev_ws/build/xsens_msgs' returned '0': CMAKE_PREFIX_PATH=/opt/ros/foxy /usr/bin/cmake --build /app/dev_ws/build/xsens_msgs -- -j4 -l4
[50.228s] DEBUG:colcon.colcon_core.event_handler.log_command:Invoking command in '/app/dev_ws/build/xsens_msgs': CMAKE_PREFIX_PATH=/opt/ros/foxy /usr/bin/cmake --install /app/dev_ws/build/xsens_msgs
[50.774s] Level 1:colcon.colcon_core.environment:create_environment_scripts_only(xsens_msgs)
[50.778s] Level 1:colcon.colcon_core.environment:checking '/app/dev_ws/install/xsens_msgs' for CMake module files
[50.780s] DEBUG:colcon.colcon_core.event_handler.log_command:Invoked command in '/app/dev_ws/build/xsens_msgs' returned '0': CMAKE_PREFIX_PATH=/opt/ros/foxy /usr/bin/cmake --install /app/dev_ws/build/xsens_msgs
[50.784s] Level 1:colcon.colcon_core.environment:checking '/app/dev_ws/install/xsens_msgs' for CMake config files
[50.791s] Level 1:colcon.colcon_core.shell:create_environment_hook('xsens_msgs', 'cmake_prefix_path')
[50.793s] INFO:colcon.colcon_core.shell:Creating environment hook '/app/dev_ws/install/xsens_msgs/share/xsens_msgs/hook/cmake_prefix_path.ps1'
[50.796s] INFO:colcon.colcon_core.shell:Creating environment descriptor '/app/dev_ws/install/xsens_msgs/share/xsens_msgs/hook/cmake_prefix_path.dsv'
[50.798s] INFO:colcon.colcon_core.shell:Creating environment hook '/app/dev_ws/install/xsens_msgs/share/xsens_msgs/hook/cmake_prefix_path.sh'
[50.801s] Level 1:colcon.colcon_core.environment:checking '/app/dev_ws/install/xsens_msgs/lib'
[50.801s] Level 1:colcon.colcon_core.shell:create_environment_hook('xsens_msgs', 'ld_library_path_lib')
[50.803s] INFO:colcon.colcon_core.shell:Creating environment hook '/app/dev_ws/install/xsens_msgs/share/xsens_msgs/hook/ld_library_path_lib.ps1'
[50.805s] INFO:colcon.colcon_core.shell:Creating environment descriptor '/app/dev_ws/install/xsens_msgs/share/xsens_msgs/hook/ld_library_path_lib.dsv'
[50.808s] INFO:colcon.colcon_core.shell:Creating environment hook '/app/dev_ws/install/xsens_msgs/share/xsens_msgs/hook/ld_library_path_lib.sh'
[50.810s] Level 1:colcon.colcon_core.environment:checking '/app/dev_ws/install/xsens_msgs/bin'
[50.810s] Level 1:colcon.colcon_core.environment:checking '/app/dev_ws/install/xsens_msgs/lib/pkgconfig/xsens_msgs.pc'
[50.811s] Level 1:colcon.colcon_core.environment:checking '/app/dev_ws/install/xsens_msgs/lib/python3.8/site-packages'
[50.811s] Level 1:colcon.colcon_core.shell:create_environment_hook('xsens_msgs', 'pythonpath')
[50.813s] INFO:colcon.colcon_core.shell:Creating environment hook '/app/dev_ws/install/xsens_msgs/share/xsens_msgs/hook/pythonpath.ps1'
[50.815s] INFO:colcon.colcon_core.shell:Creating environment descriptor '/app/dev_ws/install/xsens_msgs/share/xsens_msgs/hook/pythonpath.dsv'
[50.817s] INFO:colcon.colcon_core.shell:Creating environment hook '/app/dev_ws/install/xsens_msgs/share/xsens_msgs/hook/pythonpath.sh'
[50.821s] INFO:colcon.colcon_core.shell:Creating package script '/app/dev_ws/install/xsens_msgs/share/xsens_msgs/package.ps1'
[50.824s] INFO:colcon.colcon_core.shell:Creating package descriptor '/app/dev_ws/install/xsens_msgs/share/xsens_msgs/package.dsv'
[50.826s] INFO:colcon.colcon_core.shell:Creating package script '/app/dev_ws/install/xsens_msgs/share/xsens_msgs/package.sh'
[50.828s] INFO:colcon.colcon_core.shell:Creating package script '/app/dev_ws/install/xsens_msgs/share/xsens_msgs/package.bash'
[50.830s] INFO:colcon.colcon_core.shell:Creating package script '/app/dev_ws/install/xsens_msgs/share/xsens_msgs/package.zsh'
[50.832s] Level 1:colcon.colcon_core.environment:create_file_with_runtime_dependencies(/app/dev_ws/install/xsens_msgs/share/colcon-core/packages/xsens_msgs)
[51.607s] Level 1:colcon.colcon_core.environment:create_environment_scripts_only(xsens_msgs)
[51.610s] Level 1:colcon.colcon_core.environment:checking '/app/dev_ws/install/xsens_msgs' for CMake module files
[51.615s] Level 1:colcon.colcon_core.environment:checking '/app/dev_ws/install/xsens_msgs' for CMake config files
[51.621s] Level 1:colcon.colcon_core.shell:create_environment_hook('xsens_msgs', 'cmake_prefix_path')
[51.623s] INFO:colcon.colcon_core.shell:Creating environment hook '/app/dev_ws/install/xsens_msgs/share/xsens_msgs/hook/cmake_prefix_path.ps1'
[51.626s] INFO:colcon.colcon_core.shell:Creating environment descriptor '/app/dev_ws/install/xsens_msgs/share/xsens_msgs/hook/cmake_prefix_path.dsv'
[51.628s] INFO:colcon.colcon_core.shell:Creating environment hook '/app/dev_ws/install/xsens_msgs/share/xsens_msgs/hook/cmake_prefix_path.sh'
[51.631s] Level 1:colcon.colcon_core.environment:checking '/app/dev_ws/install/xsens_msgs/lib'
[51.632s] Level 1:colcon.colcon_core.shell:create_environment_hook('xsens_msgs', 'ld_library_path_lib')
[51.633s] INFO:colcon.colcon_core.shell:Creating environment hook '/app/dev_ws/install/xsens_msgs/share/xsens_msgs/hook/ld_library_path_lib.ps1'
[51.636s] INFO:colcon.colcon_core.shell:Creating environment descriptor '/app/dev_ws/install/xsens_msgs/share/xsens_msgs/hook/ld_library_path_lib.dsv'
[51.637s] INFO:colcon.colcon_core.shell:Creating environment hook '/app/dev_ws/install/xsens_msgs/share/xsens_msgs/hook/ld_library_path_lib.sh'
[51.640s] Level 1:colcon.colcon_core.environment:checking '/app/dev_ws/install/xsens_msgs/bin'
[51.640s] Level 1:colcon.colcon_core.environment:checking '/app/dev_ws/install/xsens_msgs/lib/pkgconfig/xsens_msgs.pc'
[51.641s] Level 1:colcon.colcon_core.environment:checking '/app/dev_ws/install/xsens_msgs/lib/python3.8/site-packages'
[51.641s] Level 1:colcon.colcon_core.shell:create_environment_hook('xsens_msgs', 'pythonpath')
[51.643s] INFO:colcon.colcon_core.shell:Creating environment hook '/app/dev_ws/install/xsens_msgs/share/xsens_msgs/hook/pythonpath.ps1'
[51.645s] INFO:colcon.colcon_core.shell:Creating environment descriptor '/app/dev_ws/install/xsens_msgs/share/xsens_msgs/hook/pythonpath.dsv'
[51.647s] INFO:colcon.colcon_core.shell:Creating environment hook '/app/dev_ws/install/xsens_msgs/share/xsens_msgs/hook/pythonpath.sh'
[51.652s] INFO:colcon.colcon_core.shell:Creating package script '/app/dev_ws/install/xsens_msgs/share/xsens_msgs/package.ps1'
[51.655s] INFO:colcon.colcon_core.shell:Creating package descriptor '/app/dev_ws/install/xsens_msgs/share/xsens_msgs/package.dsv'
[51.657s] INFO:colcon.colcon_core.shell:Creating package script '/app/dev_ws/install/xsens_msgs/share/xsens_msgs/package.sh'
[51.660s] INFO:colcon.colcon_core.shell:Creating package script '/app/dev_ws/install/xsens_msgs/share/xsens_msgs/package.bash'
[51.663s] INFO:colcon.colcon_core.shell:Creating package script '/app/dev_ws/install/xsens_msgs/share/xsens_msgs/package.zsh'
[51.665s] Level 1:colcon.colcon_core.environment:create_file_with_runtime_dependencies(/app/dev_ws/install/xsens_msgs/share/colcon-core/packages/xsens_msgs)
[51.667s] INFO:colcon.colcon_ros.task.ament_python.build:Building ROS package in '/app/dev_ws/src/xsens_driver' with build type 'ament_python'
[51.668s] Level 1:colcon.colcon_core.shell:create_environment_hook('xsens_driver', 'ament_prefix_path')
[51.670s] INFO:colcon.colcon_core.shell:Creating environment hook '/app/dev_ws/install/xsens_driver/share/xsens_driver/hook/ament_prefix_path.ps1'
[51.674s] INFO:colcon.colcon_core.shell:Creating environment descriptor '/app/dev_ws/install/xsens_driver/share/xsens_driver/hook/ament_prefix_path.dsv'
[51.676s] INFO:colcon.colcon_core.shell:Creating environment hook '/app/dev_ws/install/xsens_driver/share/xsens_driver/hook/ament_prefix_path.sh'
[51.680s] INFO:colcon.colcon_core.shell:Skip shell extension 'powershell' for command environment: Not usable outside of PowerShell
[51.680s] DEBUG:colcon.colcon_core.shell:Skip shell extension 'dsv' for command environment
[52.747s] INFO:colcon.colcon_core.task.python.build:Building Python package in '/app/dev_ws/src/xsens_driver'
[52.751s] INFO:colcon.colcon_core.shell:Skip shell extension 'powershell' for command environment: Not usable outside of PowerShell
[52.751s] DEBUG:colcon.colcon_core.shell:Skip shell extension 'dsv' for command environment
[54.327s] DEBUG:colcon.colcon_core.event_handler.log_command:Invoking command in '/app/dev_ws/src/xsens_driver': AMENT_PREFIX_PATH=/app/dev_ws/install/xsens_msgs:${AMENT_PREFIX_PATH} CMAKE_PREFIX_PATH=/app/dev_ws/install/xsens_msgs LD_LIBRARY_PATH=/app/dev_ws/install/xsens_msgs/lib:${LD_LIBRARY_PATH} PYTHONPATH=/app/dev_ws/install/xsens_driver/lib/python3.8/site-packages:/app/dev_ws/install/xsens_msgs/lib/python3.8/site-packages:${PYTHONPATH} /usr/bin/python3 setup.py egg_info --egg-base ../../build/xsens_driver build --build-base /app/dev_ws/build/xsens_driver/build install --prefix /app/dev_ws/install/xsens_driver --record /app/dev_ws/build/xsens_driver/install.log --single-version-externally-managed
[55.641s] Level 1:colcon.colcon_core.environment:checking '/app/dev_ws/install/xsens_driver' for CMake module files
[55.643s] DEBUG:colcon.colcon_core.event_handler.log_command:Invoked command in '/app/dev_ws/src/xsens_driver' returned '0': AMENT_PREFIX_PATH=/app/dev_ws/install/xsens_msgs:${AMENT_PREFIX_PATH} CMAKE_PREFIX_PATH=/app/dev_ws/install/xsens_msgs LD_LIBRARY_PATH=/app/dev_ws/install/xsens_msgs/lib:${LD_LIBRARY_PATH} PYTHONPATH=/app/dev_ws/install/xsens_driver/lib/python3.8/site-packages:/app/dev_ws/install/xsens_msgs/lib/python3.8/site-packages:${PYTHONPATH} /usr/bin/python3 setup.py egg_info --egg-base ../../build/xsens_driver build --build-base /app/dev_ws/build/xsens_driver/build install --prefix /app/dev_ws/install/xsens_driver --record /app/dev_ws/build/xsens_driver/install.log --single-version-externally-managed
[55.645s] Level 1:colcon.colcon_core.environment:checking '/app/dev_ws/install/xsens_driver' for CMake config files
[55.650s] Level 1:colcon.colcon_core.environment:checking '/app/dev_ws/install/xsens_driver/lib'
[55.651s] Level 1:colcon.colcon_core.environment:checking '/app/dev_ws/install/xsens_driver/bin'
[55.651s] Level 1:colcon.colcon_core.environment:checking '/app/dev_ws/install/xsens_driver/lib/pkgconfig/xsens_driver.pc'
[55.652s] Level 1:colcon.colcon_core.environment:checking '/app/dev_ws/install/xsens_driver/lib/python3.8/site-packages'
[55.652s] Level 1:colcon.colcon_core.shell:create_environment_hook('xsens_driver', 'pythonpath')
[55.654s] INFO:colcon.colcon_core.shell:Creating environment hook '/app/dev_ws/install/xsens_driver/share/xsens_driver/hook/pythonpath.ps1'
[55.656s] INFO:colcon.colcon_core.shell:Creating environment descriptor '/app/dev_ws/install/xsens_driver/share/xsens_driver/hook/pythonpath.dsv'
[55.658s] INFO:colcon.colcon_core.shell:Creating environment hook '/app/dev_ws/install/xsens_driver/share/xsens_driver/hook/pythonpath.sh'
[55.660s] Level 1:colcon.colcon_core.environment:create_environment_scripts_only(xsens_driver)
[55.663s] INFO:colcon.colcon_core.shell:Creating package script '/app/dev_ws/install/xsens_driver/share/xsens_driver/package.ps1'
[55.665s] INFO:colcon.colcon_core.shell:Creating package descriptor '/app/dev_ws/install/xsens_driver/share/xsens_driver/package.dsv'
[55.667s] INFO:colcon.colcon_core.shell:Creating package script '/app/dev_ws/install/xsens_driver/share/xsens_driver/package.sh'
[55.670s] INFO:colcon.colcon_core.shell:Creating package script '/app/dev_ws/install/xsens_driver/share/xsens_driver/package.bash'
[55.672s] INFO:colcon.colcon_core.shell:Creating package script '/app/dev_ws/install/xsens_driver/share/xsens_driver/package.zsh'
[55.673s] Level 1:colcon.colcon_core.environment:create_file_with_runtime_dependencies(/app/dev_ws/install/xsens_driver/share/colcon-core/packages/xsens_driver)
[55.675s] DEBUG:colcon.colcon_parallel_executor.executor.parallel:closing loop
[55.677s] DEBUG:colcon.colcon_parallel_executor.executor.parallel:loop closed
[55.677s] DEBUG:colcon.colcon_parallel_executor.executor.parallel:run_until_complete finished with '0'
[55.678s] DEBUG:colcon.colcon_core.event_reactor:joining thread
[55.711s] INFO:colcon.colcon_core.plugin_system:Skipping extension 'colcon_notification.desktop_notification.notify_send': Could not find 'notify-send'
[55.712s] INFO:colcon.colcon_core.plugin_system:Skipping extension 'colcon_notification.desktop_notification.terminal_notifier': Not used on non-Darwin systems
[55.713s] INFO:colcon.colcon_core.plugin_system:Skipping extension 'colcon_notification.desktop_notification.win32': Not used on non-Windows systems
[55.713s] INFO:colcon.colcon_notification.desktop_notification:Sending desktop notification using 'notify2'
[55.744s] DEBUG:colcon.colcon_notification.desktop_notification.notify2:Failed to initialize notify2: org.freedesktop.DBus.Error.ServiceUnknown: The name org.freedesktop.Notifications was not provided by any .service files
[55.745s] DEBUG:colcon.colcon_core.event_reactor:joined thread
[55.761s] INFO:colcon.colcon_core.shell:Creating prefix script '/app/dev_ws/install/local_setup.ps1'
[55.768s] INFO:colcon.colcon_core.shell:Creating prefix util module '/app/dev_ws/install/_local_setup_util_ps1.py'
[55.774s] INFO:colcon.colcon_core.shell:Creating prefix chain script '/app/dev_ws/install/setup.ps1'
[55.778s] INFO:colcon.colcon_core.shell:Creating prefix script '/app/dev_ws/install/local_setup.sh'
[55.781s] INFO:colcon.colcon_core.shell:Creating prefix util module '/app/dev_ws/install/_local_setup_util_sh.py'
[55.786s] INFO:colcon.colcon_core.shell:Creating prefix chain script '/app/dev_ws/install/setup.sh'
[55.838s] INFO:colcon.colcon_core.shell:Creating prefix script '/app/dev_ws/install/local_setup.bash'
[55.840s] INFO:colcon.colcon_core.shell:Creating prefix chain script '/app/dev_ws/install/setup.bash'
[55.845s] INFO:colcon.colcon_core.shell:Creating prefix script '/app/dev_ws/install/local_setup.zsh'
[55.848s] INFO:colcon.colcon_core.shell:Creating prefix chain script '/app/dev_ws/install/setup.zsh'
