[2.913s] Invoking command in '/app/dev_ws/src/xsens_driver': AMENT_PREFIX_PATH=/app/dev_ws/install/xsens_msgs:${AMENT_PREFIX_PATH} CMAKE_PREFIX_PATH=/app/dev_ws/install/xsens_msgs LD_LIBRARY_PATH=/app/dev_ws/install/xsens_msgs/lib:${LD_LIBRARY_PATH} PYTHONPATH=/app/dev_ws/install/xsens_driver/lib/python3.8/site-packages:/app/dev_ws/install/xsens_msgs/lib/python3.8/site-packages:${PYTHONPATH} /usr/bin/python3 setup.py egg_info --egg-base ../../build/xsens_driver build --build-base /app/dev_ws/build/xsens_driver/build install --prefix /app/dev_ws/install/xsens_driver --record /app/dev_ws/build/xsens_driver/install.log --single-version-externally-managed
[3.855s] running egg_info
[3.857s] writing ../../build/xsens_driver/xsens_driver.egg-info/PKG-INFO
[3.859s] writing dependency_links to ../../build/xsens_driver/xsens_driver.egg-info/dependency_links.txt
[3.860s] writing entry points to ../../build/xsens_driver/xsens_driver.egg-info/entry_points.txt
[3.861s] writing requirements to ../../build/xsens_driver/xsens_driver.egg-info/requires.txt
[3.862s] writing top-level names to ../../build/xsens_driver/xsens_driver.egg-info/top_level.txt
[4.041s] reading manifest file '../../build/xsens_driver/xsens_driver.egg-info/SOURCES.txt'
[4.046s] writing manifest file '../../build/xsens_driver/xsens_driver.egg-info/SOURCES.txt'
[4.047s] running build
[4.048s] running build_py
[4.051s] copying xsens_driver/xsens_measure.py -> /app/dev_ws/build/xsens_driver/build/lib/xsens_driver
[4.055s] running install
[4.059s] running install_lib
[4.064s] copying /app/dev_ws/build/xsens_driver/build/lib/xsens_driver/xsens_measure.py -> /app/dev_ws/install/xsens_driver/lib/python3.8/site-packages/xsens_driver
[4.071s] byte-compiling /app/dev_ws/install/xsens_driver/lib/python3.8/site-packages/xsens_driver/xsens_measure.py to xsens_measure.cpython-38.pyc
[4.083s] running install_data
[4.091s] running install_egg_info
[4.097s] removing '/app/dev_ws/install/xsens_driver/lib/python3.8/site-packages/xsens_driver-0.0.0-py3.8.egg-info' (and everything under it)
[4.099s] Copying ../../build/xsens_driver/xsens_driver.egg-info to /app/dev_ws/install/xsens_driver/lib/python3.8/site-packages/xsens_driver-0.0.0-py3.8.egg-info
[4.106s] running install_scripts
[4.179s] Installing main script to /app/dev_ws/install/xsens_driver/lib/xsens_driver
[4.182s] writing list of installed files to '/app/dev_ws/build/xsens_driver/install.log'
[4.280s] Invoked command in '/app/dev_ws/src/xsens_driver' returned '0': AMENT_PREFIX_PATH=/app/dev_ws/install/xsens_msgs:${AMENT_PREFIX_PATH} CMAKE_PREFIX_PATH=/app/dev_ws/install/xsens_msgs LD_LIBRARY_PATH=/app/dev_ws/install/xsens_msgs/lib:${LD_LIBRARY_PATH} PYTHONPATH=/app/dev_ws/install/xsens_driver/lib/python3.8/site-packages:/app/dev_ws/install/xsens_msgs/lib/python3.8/site-packages:${PYTHONPATH} /usr/bin/python3 setup.py egg_info --egg-base ../../build/xsens_driver build --build-base /app/dev_ws/build/xsens_driver/build install --prefix /app/dev_ws/install/xsens_driver --record /app/dev_ws/build/xsens_driver/install.log --single-version-externally-managed
