[3.750s] Invoking command in '/app/dev_ws/src/xsens_driver': CMAKE_PREFIX_PATH=/app/dev_ws/install/xsens_msgs:/app/dev_ws/install/rosbridge_test_msgs:/app/dev_ws/install/rosbridge_suite:/app/dev_ws/install/rosbridge_server:/app/dev_ws/install/rosbridge_msgs:/app/dev_ws/install/rosapi:/app/dev_ws/install/rosbridge_library:/app/dev_ws/install/rosapi_msgs LD_LIBRARY_PATH=/app/dev_ws/install/xsens_msgs/lib:/app/dev_ws/install/rosbridge_test_msgs/lib:/app/dev_ws/install/rosbridge_msgs/lib:/app/dev_ws/install/rosapi_msgs/lib:/opt/ros/foxy/opt/yaml_cpp_vendor/lib:/opt/ros/foxy/lib/aarch64-linux-gnu:/opt/ros/foxy/lib PYTHONPATH=/app/dev_ws/install/xsens_driver/lib/python3.8/site-packages:/app/dev_ws/install/xsens_msgs/lib/python3.8/site-packages:/app/dev_ws/install/rosbridge_test_msgs/lib/python3.8/site-packages:/app/dev_ws/install/rosbridge_server/lib/python3.8/site-packages:/app/dev_ws/install/rosbridge_msgs/lib/python3.8/site-packages:/app/dev_ws/install/rosapi/lib/python3.8/site-packages:/app/dev_ws/install/rosbridge_library/lib/python3.8/site-packages:/app/dev_ws/install/rosapi_msgs/lib/python3.8/site-packages:/app/dev_ws/install/xsens_driver/lib/python3.8/site-packages:/app/dev_ws/install/ntrip_client/lib/python3.8/site-packages:/app/dev_ws/install/central/lib/python3.8/site-packages:/opt/ros/foxy/lib/python3.8/site-packages /usr/bin/python3 setup.py egg_info --egg-base ../../build/xsens_driver build --build-base /app/dev_ws/build/xsens_driver/build install --prefix /app/dev_ws/install/xsens_driver --record /app/dev_ws/build/xsens_driver/install.log --single-version-externally-managed
[4.977s] running egg_info
[4.980s] creating ../../build/xsens_driver/xsens_driver.egg-info
[4.981s] writing ../../build/xsens_driver/xsens_driver.egg-info/PKG-INFO
[4.983s] writing dependency_links to ../../build/xsens_driver/xsens_driver.egg-info/dependency_links.txt
[4.983s] writing entry points to ../../build/xsens_driver/xsens_driver.egg-info/entry_points.txt
[4.985s] writing requirements to ../../build/xsens_driver/xsens_driver.egg-info/requires.txt
[4.985s] writing top-level names to ../../build/xsens_driver/xsens_driver.egg-info/top_level.txt
[4.994s] writing manifest file '../../build/xsens_driver/xsens_driver.egg-info/SOURCES.txt'
[5.167s] reading manifest file '../../build/xsens_driver/xsens_driver.egg-info/SOURCES.txt'
[5.174s] writing manifest file '../../build/xsens_driver/xsens_driver.egg-info/SOURCES.txt'
[5.175s] running build
[5.176s] running build_py
[5.177s] creating /app/dev_ws/build/xsens_driver/build
[5.178s] creating /app/dev_ws/build/xsens_driver/build/lib
[5.179s] creating /app/dev_ws/build/xsens_driver/build/lib/xsens_driver
[5.179s] copying xsens_driver/xsens_measure.py -> /app/dev_ws/build/xsens_driver/build/lib/xsens_driver
[5.180s] copying xsens_driver/__init__.py -> /app/dev_ws/build/xsens_driver/build/lib/xsens_driver
[5.181s] creating /app/dev_ws/build/xsens_driver/build/lib/xsens_driver/utils
[5.181s] copying xsens_driver/utils/mtdevice.py -> /app/dev_ws/build/xsens_driver/build/lib/xsens_driver/utils
[5.183s] copying xsens_driver/utils/mtdef.py -> /app/dev_ws/build/xsens_driver/build/lib/xsens_driver/utils
[5.186s] copying xsens_driver/utils/__init__.py -> /app/dev_ws/build/xsens_driver/build/lib/xsens_driver/utils
[5.188s] running install
[5.192s] running install_lib
[5.198s] creating /app/dev_ws/install/xsens_driver/lib/python3.8/site-packages/xsens_driver
[5.198s] copying /app/dev_ws/build/xsens_driver/build/lib/xsens_driver/xsens_measure.py -> /app/dev_ws/install/xsens_driver/lib/python3.8/site-packages/xsens_driver
[5.199s] creating /app/dev_ws/install/xsens_driver/lib/python3.8/site-packages/xsens_driver/utils
[5.200s] copying /app/dev_ws/build/xsens_driver/build/lib/xsens_driver/utils/mtdevice.py -> /app/dev_ws/install/xsens_driver/lib/python3.8/site-packages/xsens_driver/utils
[5.201s] copying /app/dev_ws/build/xsens_driver/build/lib/xsens_driver/utils/mtdef.py -> /app/dev_ws/install/xsens_driver/lib/python3.8/site-packages/xsens_driver/utils
[5.202s] copying /app/dev_ws/build/xsens_driver/build/lib/xsens_driver/utils/__init__.py -> /app/dev_ws/install/xsens_driver/lib/python3.8/site-packages/xsens_driver/utils
[5.203s] copying /app/dev_ws/build/xsens_driver/build/lib/xsens_driver/__init__.py -> /app/dev_ws/install/xsens_driver/lib/python3.8/site-packages/xsens_driver
[5.206s] byte-compiling /app/dev_ws/install/xsens_driver/lib/python3.8/site-packages/xsens_driver/xsens_measure.py to xsens_measure.cpython-38.pyc
[5.218s] byte-compiling /app/dev_ws/install/xsens_driver/lib/python3.8/site-packages/xsens_driver/utils/mtdevice.py to mtdevice.cpython-38.pyc
[5.254s] byte-compiling /app/dev_ws/install/xsens_driver/lib/python3.8/site-packages/xsens_driver/utils/mtdef.py to mtdef.cpython-38.pyc
[5.261s] byte-compiling /app/dev_ws/install/xsens_driver/lib/python3.8/site-packages/xsens_driver/utils/__init__.py to __init__.cpython-38.pyc
[5.262s] byte-compiling /app/dev_ws/install/xsens_driver/lib/python3.8/site-packages/xsens_driver/__init__.py to __init__.cpython-38.pyc
[5.264s] running install_data
[5.266s] creating /app/dev_ws/install/xsens_driver/share/ament_index
[5.267s] creating /app/dev_ws/install/xsens_driver/share/ament_index/resource_index
[5.268s] creating /app/dev_ws/install/xsens_driver/share/ament_index/resource_index/packages
[5.272s] copying resource/xsens_driver -> /app/dev_ws/install/xsens_driver/share/ament_index/resource_index/packages
[5.274s] copying package.xml -> /app/dev_ws/install/xsens_driver/share/xsens_driver
[5.276s] creating /app/dev_ws/install/xsens_driver/share/xsens_driver/launch
[5.277s] copying launch/xsens_driver_launch.py -> /app/dev_ws/install/xsens_driver/share/xsens_driver/launch
[5.277s] creating /app/dev_ws/install/xsens_driver/share/xsens_driver/config
[5.278s] copying config/params.yaml -> /app/dev_ws/install/xsens_driver/share/xsens_driver/config
[5.278s] running install_egg_info
[5.284s] Copying ../../build/xsens_driver/xsens_driver.egg-info to /app/dev_ws/install/xsens_driver/lib/python3.8/site-packages/xsens_driver-0.0.0-py3.8.egg-info
[5.293s] running install_scripts
[5.380s] Installing main script to /app/dev_ws/install/xsens_driver/lib/xsens_driver
[5.383s] writing list of installed files to '/app/dev_ws/build/xsens_driver/install.log'
[5.505s] Invoked command in '/app/dev_ws/src/xsens_driver' returned '0': CMAKE_PREFIX_PATH=/app/dev_ws/install/xsens_msgs:/app/dev_ws/install/rosbridge_test_msgs:/app/dev_ws/install/rosbridge_suite:/app/dev_ws/install/rosbridge_server:/app/dev_ws/install/rosbridge_msgs:/app/dev_ws/install/rosapi:/app/dev_ws/install/rosbridge_library:/app/dev_ws/install/rosapi_msgs LD_LIBRARY_PATH=/app/dev_ws/install/xsens_msgs/lib:/app/dev_ws/install/rosbridge_test_msgs/lib:/app/dev_ws/install/rosbridge_msgs/lib:/app/dev_ws/install/rosapi_msgs/lib:/opt/ros/foxy/opt/yaml_cpp_vendor/lib:/opt/ros/foxy/lib/aarch64-linux-gnu:/opt/ros/foxy/lib PYTHONPATH=/app/dev_ws/install/xsens_driver/lib/python3.8/site-packages:/app/dev_ws/install/xsens_msgs/lib/python3.8/site-packages:/app/dev_ws/install/rosbridge_test_msgs/lib/python3.8/site-packages:/app/dev_ws/install/rosbridge_server/lib/python3.8/site-packages:/app/dev_ws/install/rosbridge_msgs/lib/python3.8/site-packages:/app/dev_ws/install/rosapi/lib/python3.8/site-packages:/app/dev_ws/install/rosbridge_library/lib/python3.8/site-packages:/app/dev_ws/install/rosapi_msgs/lib/python3.8/site-packages:/app/dev_ws/install/xsens_driver/lib/python3.8/site-packages:/app/dev_ws/install/ntrip_client/lib/python3.8/site-packages:/app/dev_ws/install/central/lib/python3.8/site-packages:/opt/ros/foxy/lib/python3.8/site-packages /usr/bin/python3 setup.py egg_info --egg-base ../../build/xsens_driver build --build-base /app/dev_ws/build/xsens_driver/build install --prefix /app/dev_ws/install/xsens_driver --record /app/dev_ws/build/xsens_driver/install.log --single-version-externally-managed
