[2.686s] Invoking command in '/app/dev_ws/src/xsens_driver': AMENT_PREFIX_PATH=/app/dev_ws/install/xsens_msgs:${AMENT_PREFIX_PATH} CMAKE_PREFIX_PATH=/app/dev_ws/install/xsens_msgs LD_LIBRARY_PATH=/app/dev_ws/install/xsens_msgs/lib:${LD_LIBRARY_PATH} PYTHONPATH=/app/dev_ws/install/xsens_driver/lib/python3.8/site-packages:/app/dev_ws/install/xsens_msgs/lib/python3.8/site-packages:${PYTHONPATH} /usr/bin/python3 setup.py egg_info --egg-base ../../build/xsens_driver build --build-base /app/dev_ws/build/xsens_driver/build install --prefix /app/dev_ws/install/xsens_driver --record /app/dev_ws/build/xsens_driver/install.log --single-version-externally-managed
[3.609s] running egg_info
[3.612s] writing ../../build/xsens_driver/xsens_driver.egg-info/PKG-INFO
[3.613s] writing dependency_links to ../../build/xsens_driver/xsens_driver.egg-info/dependency_links.txt
[3.614s] writing entry points to ../../build/xsens_driver/xsens_driver.egg-info/entry_points.txt
[3.615s] writing requirements to ../../build/xsens_driver/xsens_driver.egg-info/requires.txt
[3.615s] writing top-level names to ../../build/xsens_driver/xsens_driver.egg-info/top_level.txt
[3.774s] reading manifest file '../../build/xsens_driver/xsens_driver.egg-info/SOURCES.txt'
[3.778s] writing manifest file '../../build/xsens_driver/xsens_driver.egg-info/SOURCES.txt'
[3.779s] running build
[3.779s] running build_py
[3.780s] copying xsens_driver/xsens_measure.py -> /app/dev_ws/build/xsens_driver/build/lib/xsens_driver
[3.784s] running install
[3.787s] running install_lib
[3.791s] copying /app/dev_ws/build/xsens_driver/build/lib/xsens_driver/xsens_measure.py -> /app/dev_ws/install/xsens_driver/lib/python3.8/site-packages/xsens_driver
[3.795s] byte-compiling /app/dev_ws/install/xsens_driver/lib/python3.8/site-packages/xsens_driver/xsens_measure.py to xsens_measure.cpython-38.pyc
[3.802s]   File "/app/dev_ws/install/xsens_driver/lib/python3.8/site-packages/xsens_driver/xsens_measure.py", line 171
[3.802s]     elif
[3.803s]        ^
[3.803s] SyntaxError: invalid syntax
[3.804s] 
[3.804s] running install_data
[3.805s] running install_egg_info
[3.812s] removing '/app/dev_ws/install/xsens_driver/lib/python3.8/site-packages/xsens_driver-0.0.0-py3.8.egg-info' (and everything under it)
[3.814s] Copying ../../build/xsens_driver/xsens_driver.egg-info to /app/dev_ws/install/xsens_driver/lib/python3.8/site-packages/xsens_driver-0.0.0-py3.8.egg-info
[3.820s] running install_scripts
[3.892s] Installing main script to /app/dev_ws/install/xsens_driver/lib/xsens_driver
[3.894s] writing list of installed files to '/app/dev_ws/build/xsens_driver/install.log'
[3.993s] Invoked command in '/app/dev_ws/src/xsens_driver' returned '0': AMENT_PREFIX_PATH=/app/dev_ws/install/xsens_msgs:${AMENT_PREFIX_PATH} CMAKE_PREFIX_PATH=/app/dev_ws/install/xsens_msgs LD_LIBRARY_PATH=/app/dev_ws/install/xsens_msgs/lib:${LD_LIBRARY_PATH} PYTHONPATH=/app/dev_ws/install/xsens_driver/lib/python3.8/site-packages:/app/dev_ws/install/xsens_msgs/lib/python3.8/site-packages:${PYTHONPATH} /usr/bin/python3 setup.py egg_info --egg-base ../../build/xsens_driver build --build-base /app/dev_ws/build/xsens_driver/build install --prefix /app/dev_ws/install/xsens_driver --record /app/dev_ws/build/xsens_driver/install.log --single-version-externally-managed
