/app/dev_ws/install/xsens_driver/lib/python3.8/site-packages/xsens_driver/xsens_measure.py
/app/dev_ws/install/xsens_driver/lib/python3.8/site-packages/xsens_driver/xsens_measure_save.py
/app/dev_ws/install/xsens_driver/lib/python3.8/site-packages/xsens_driver/__init__.py
/app/dev_ws/install/xsens_driver/lib/python3.8/site-packages/xsens_driver/utils/mtdevice.py
/app/dev_ws/install/xsens_driver/lib/python3.8/site-packages/xsens_driver/utils/mtdef.py
/app/dev_ws/install/xsens_driver/lib/python3.8/site-packages/xsens_driver/utils/__init__.py
/app/dev_ws/install/xsens_driver/lib/python3.8/site-packages/xsens_driver/__pycache__/xsens_measure.cpython-38.pyc
/app/dev_ws/install/xsens_driver/lib/python3.8/site-packages/xsens_driver/__pycache__/xsens_measure_save.cpython-38.pyc
/app/dev_ws/install/xsens_driver/lib/python3.8/site-packages/xsens_driver/__pycache__/__init__.cpython-38.pyc
/app/dev_ws/install/xsens_driver/lib/python3.8/site-packages/xsens_driver/utils/__pycache__/mtdevice.cpython-38.pyc
/app/dev_ws/install/xsens_driver/lib/python3.8/site-packages/xsens_driver/utils/__pycache__/mtdef.cpython-38.pyc
/app/dev_ws/install/xsens_driver/lib/python3.8/site-packages/xsens_driver/utils/__pycache__/__init__.cpython-38.pyc
/app/dev_ws/install/xsens_driver/share/ament_index/resource_index/packages/xsens_driver
/app/dev_ws/install/xsens_driver/share/xsens_driver/package.xml
/app/dev_ws/install/xsens_driver/share/xsens_driver/launch/xsens_driver_launch.py
/app/dev_ws/install/xsens_driver/share/xsens_driver/config/params.yaml
/app/dev_ws/install/xsens_driver/lib/python3.8/site-packages/xsens_driver-0.0.0-py3.8.egg-info/entry_points.txt
/app/dev_ws/install/xsens_driver/lib/python3.8/site-packages/xsens_driver-0.0.0-py3.8.egg-info/requires.txt
/app/dev_ws/install/xsens_driver/lib/python3.8/site-packages/xsens_driver-0.0.0-py3.8.egg-info/zip-safe
/app/dev_ws/install/xsens_driver/lib/python3.8/site-packages/xsens_driver-0.0.0-py3.8.egg-info/dependency_links.txt
/app/dev_ws/install/xsens_driver/lib/python3.8/site-packages/xsens_driver-0.0.0-py3.8.egg-info/SOURCES.txt
/app/dev_ws/install/xsens_driver/lib/python3.8/site-packages/xsens_driver-0.0.0-py3.8.egg-info/top_level.txt
/app/dev_ws/install/xsens_driver/lib/python3.8/site-packages/xsens_driver-0.0.0-py3.8.egg-info/PKG-INFO
/app/dev_ws/install/xsens_driver/lib/xsens_driver/main
