[0.268s] Invoking command in '/app/dev_ws/build/rosbridge_msgs': CMAKE_PREFIX_PATH=${CMAKE_PREFIX_PATH}:/app/dev_ws/install/xsens_driver:/app/dev_ws/install/ntrip_client:/app/dev_ws/install/central:/opt/ros/foxy /usr/bin/cmake /app/dev_ws/src/rosbridge_suite/rosbridge_msgs -DCMAKE_INSTALL_PREFIX=/app/dev_ws/install/rosbridge_msgs
[1.829s] -- The C compiler identification is GNU 9.4.0
[2.781s] -- The CXX compiler identification is GNU 9.4.0
[2.837s] -- Check for working C compiler: /usr/bin/cc
[3.395s] -- Check for working C compiler: /usr/bin/cc -- works
[3.403s] -- Detecting C compiler ABI info
[3.953s] -- Detecting C compiler ABI info - done
[4.002s] -- Detecting C compile features
[4.003s] -- Detecting C compile features - done
[4.017s] -- Check for working CXX compiler: /usr/bin/c++
[4.588s] -- Check for working CXX compiler: /usr/bin/c++ -- works
[4.594s] -- Detecting CXX compiler ABI info
[5.244s] -- Detecting CXX compiler ABI info - done
[5.290s] -- Detecting CXX compile features
[5.294s] -- Detecting CXX compile features - done
[5.323s] -- Found ament_cmake_ros: 0.9.2 (/opt/ros/foxy/share/ament_cmake_ros/cmake)
[5.686s] -- Found PythonInterp: /usr/bin/python3 (found suitable version "3.8.10", minimum required is "3") 
[5.687s] -- Using PYTHON_EXECUTABLE: /usr/bin/python3
[7.420s] -- Found builtin_interfaces: 1.0.0 (/opt/ros/foxy/share/builtin_interfaces/cmake)
[7.757s] -- Using all available rosidl_typesupport_c: rosidl_typesupport_fastrtps_c;rosidl_typesupport_introspection_c
[7.875s] -- Found rosidl_adapter: 1.2.1 (/opt/ros/foxy/share/rosidl_adapter/cmake)
[8.739s] -- Found OpenSSL: /usr/lib/aarch64-linux-gnu/libcrypto.so (found version "1.1.1f")  
[9.244s] -- Found FastRTPS: /opt/ros/foxy/include  
[10.406s] -- Using all available rosidl_typesupport_cpp: rosidl_typesupport_fastrtps_cpp;rosidl_typesupport_introspection_cpp
[10.584s] -- Found rosidl_default_generators: 1.0.1 (/opt/ros/foxy/share/rosidl_default_generators/cmake)
[10.837s] -- Found PythonInterp: /usr/bin/python3 (found version "3.8.10") 
[12.847s] -- Using all available rosidl_typesupport_c: rosidl_typesupport_fastrtps_c;rosidl_typesupport_introspection_c
[12.966s] -- Using all available rosidl_typesupport_cpp: rosidl_typesupport_fastrtps_cpp;rosidl_typesupport_introspection_cpp
[13.147s] -- Found PythonInterp: /usr/bin/python3 (found suitable version "3.8.10", minimum required is "3.5") 
[13.168s] -- Found python_cmake_module: 0.8.1 (/opt/ros/foxy/share/python_cmake_module/cmake)
[13.343s] -- Found PythonLibs: /usr/lib/aarch64-linux-gnu/libpython3.8.so (found suitable version "3.8.10", minimum required is "3.5") 
[13.344s] -- Using PYTHON_EXECUTABLE: /usr/bin/python3
[13.345s] -- Using PYTHON_INCLUDE_DIRS: /usr/include/python3.8
[13.345s] -- Using PYTHON_LIBRARIES: /usr/lib/aarch64-linux-gnu/libpython3.8.so
[13.495s] -- Found PythonExtra: .so  
[13.898s] -- Configuring done
[14.206s] -- Generating done
[14.225s] -- Build files have been written to: /app/dev_ws/build/rosbridge_msgs
[14.257s] Invoked command in '/app/dev_ws/build/rosbridge_msgs' returned '0': CMAKE_PREFIX_PATH=${CMAKE_PREFIX_PATH}:/app/dev_ws/install/xsens_driver:/app/dev_ws/install/ntrip_client:/app/dev_ws/install/central:/opt/ros/foxy /usr/bin/cmake /app/dev_ws/src/rosbridge_suite/rosbridge_msgs -DCMAKE_INSTALL_PREFIX=/app/dev_ws/install/rosbridge_msgs
[14.259s] Invoking command in '/app/dev_ws/build/rosbridge_msgs': CMAKE_PREFIX_PATH=${CMAKE_PREFIX_PATH}:/app/dev_ws/install/xsens_driver:/app/dev_ws/install/ntrip_client:/app/dev_ws/install/central:/opt/ros/foxy /usr/bin/cmake --build /app/dev_ws/build/rosbridge_msgs -- -j4 -l4
[14.588s] [  2%] [34m[1mGenerating C code for ROS interfaces[0m
[14.648s] [35m[1mScanning dependencies of target rosbridge_msgs__cpp[0m
[14.732s] [  5%] [34m[1mGenerating C++ code for ROS interfaces[0m
[16.987s] [35m[1mScanning dependencies of target rosbridge_msgs__rosidl_generator_c[0m
[17.128s] [  7%] [32mBuilding C object CMakeFiles/rosbridge_msgs__rosidl_generator_c.dir/rosidl_generator_c/rosbridge_msgs/msg/detail/connected_client__functions.c.o[0m
[17.206s] [ 10%] [32mBuilding C object CMakeFiles/rosbridge_msgs__rosidl_generator_c.dir/rosidl_generator_c/rosbridge_msgs/msg/detail/connected_clients__functions.c.o[0m
[17.291s] [ 10%] Built target rosbridge_msgs__cpp
[17.446s] [ 12%] [34m[1mGenerating C++ introspection for ROS interfaces[0m
[17.491s] [ 15%] [34m[1mGenerating C++ type support dispatch for ROS interfaces[0m
[17.853s] [ 17%] [34m[1mGenerating C++ type support for eProsima Fast-RTPS[0m
[17.910s] [ 20%] [32m[1mLinking C shared library librosbridge_msgs__rosidl_generator_c.so[0m
[18.487s] [ 20%] Built target rosbridge_msgs__rosidl_generator_c
[18.664s] [ 23%] [34m[1mGenerating C type support dispatch for ROS interfaces[0m
[20.258s] [35m[1mScanning dependencies of target rosbridge_msgs__rosidl_typesupport_cpp[0m
[20.425s] [ 25%] [32mBuilding CXX object CMakeFiles/rosbridge_msgs__rosidl_typesupport_cpp.dir/rosidl_typesupport_cpp/rosbridge_msgs/msg/connected_client__type_support.cpp.o[0m
[20.832s] [35m[1mScanning dependencies of target rosbridge_msgs__rosidl_typesupport_introspection_cpp[0m
[21.088s] [ 28%] [32mBuilding CXX object CMakeFiles/rosbridge_msgs__rosidl_typesupport_introspection_cpp.dir/rosidl_typesupport_introspection_cpp/rosbridge_msgs/msg/detail/connected_client__type_support.cpp.o[0m
[21.401s] [35m[1mScanning dependencies of target rosbridge_msgs__rosidl_typesupport_fastrtps_cpp[0m
[21.558s] [35m[1mScanning dependencies of target rosbridge_msgs__rosidl_typesupport_c[0m
[21.719s] [ 30%] [32mBuilding CXX object CMakeFiles/rosbridge_msgs__rosidl_typesupport_fastrtps_cpp.dir/rosidl_typesupport_fastrtps_cpp/rosbridge_msgs/msg/detail/dds_fastrtps/connected_client__type_support.cpp.o[0m
[21.845s] [ 33%] [32mBuilding CXX object CMakeFiles/rosbridge_msgs__rosidl_typesupport_c.dir/rosidl_typesupport_c/rosbridge_msgs/msg/connected_client__type_support.cpp.o[0m
[22.312s] [ 35%] [32mBuilding CXX object CMakeFiles/rosbridge_msgs__rosidl_typesupport_c.dir/rosidl_typesupport_c/rosbridge_msgs/msg/connected_clients__type_support.cpp.o[0m
[22.903s] [ 38%] [32m[1mLinking CXX shared library librosbridge_msgs__rosidl_typesupport_c.so[0m
[23.480s] [ 38%] Built target rosbridge_msgs__rosidl_typesupport_c
[23.623s] [ 41%] [32mBuilding CXX object CMakeFiles/rosbridge_msgs__rosidl_typesupport_cpp.dir/rosidl_typesupport_cpp/rosbridge_msgs/msg/connected_clients__type_support.cpp.o[0m
[25.345s] [ 43%] [32mBuilding CXX object CMakeFiles/rosbridge_msgs__rosidl_typesupport_introspection_cpp.dir/rosidl_typesupport_introspection_cpp/rosbridge_msgs/msg/detail/connected_clients__type_support.cpp.o[0m
[26.153s] [ 46%] [34m[1mGenerating C introspection for ROS interfaces[0m
[28.106s] [ 48%] [32m[1mLinking CXX shared library librosbridge_msgs__rosidl_typesupport_cpp.so[0m
[28.717s] [ 48%] Built target rosbridge_msgs__rosidl_typesupport_cpp
[28.936s] [ 51%] [32mBuilding CXX object CMakeFiles/rosbridge_msgs__rosidl_typesupport_fastrtps_cpp.dir/rosidl_typesupport_fastrtps_cpp/rosbridge_msgs/msg/detail/dds_fastrtps/connected_clients__type_support.cpp.o[0m
[30.099s] [ 53%] [32m[1mLinking CXX shared library librosbridge_msgs__rosidl_typesupport_introspection_cpp.so[0m
[30.114s] [35m[1mScanning dependencies of target rosbridge_msgs__rosidl_typesupport_introspection_c[0m
[30.305s] [ 56%] [32mBuilding C object CMakeFiles/rosbridge_msgs__rosidl_typesupport_introspection_c.dir/rosidl_typesupport_introspection_c/rosbridge_msgs/msg/detail/connected_client__type_support.c.o[0m
[30.383s] [ 58%] [32mBuilding C object CMakeFiles/rosbridge_msgs__rosidl_typesupport_introspection_c.dir/rosidl_typesupport_introspection_c/rosbridge_msgs/msg/detail/connected_clients__type_support.c.o[0m
[30.972s] [ 61%] [32m[1mLinking C shared library librosbridge_msgs__rosidl_typesupport_introspection_c.so[0m
[31.159s] [ 61%] Built target rosbridge_msgs__rosidl_typesupport_introspection_cpp
[31.489s] [ 61%] Built target rosbridge_msgs__rosidl_typesupport_introspection_c
[35.986s] [ 64%] [32m[1mLinking CXX shared library librosbridge_msgs__rosidl_typesupport_fastrtps_cpp.so[0m
[37.028s] [ 64%] Built target rosbridge_msgs__rosidl_typesupport_fastrtps_cpp
[37.118s] [ 66%] [34m[1mGenerating C type support for eProsima Fast-RTPS[0m
[39.363s] [35m[1mScanning dependencies of target rosbridge_msgs__rosidl_typesupport_fastrtps_c[0m
[39.583s] [ 69%] [32mBuilding CXX object CMakeFiles/rosbridge_msgs__rosidl_typesupport_fastrtps_c.dir/rosidl_typesupport_fastrtps_c/rosbridge_msgs/msg/detail/connected_client__type_support_c.cpp.o[0m
[42.679s] [ 71%] [32mBuilding CXX object CMakeFiles/rosbridge_msgs__rosidl_typesupport_fastrtps_c.dir/rosidl_typesupport_fastrtps_c/rosbridge_msgs/msg/detail/connected_clients__type_support_c.cpp.o[0m
[45.811s] [ 74%] [32m[1mLinking CXX shared library librosbridge_msgs__rosidl_typesupport_fastrtps_c.so[0m
[46.347s] [ 74%] Built target rosbridge_msgs__rosidl_typesupport_fastrtps_c
[46.419s] [35m[1mScanning dependencies of target rosbridge_msgs[0m
[46.502s] [ 74%] Built target rosbridge_msgs
[46.559s] [35m[1mScanning dependencies of target rosbridge_msgs__py[0m
[46.627s] [ 76%] [34m[1mGenerating Python code for ROS interfaces[0m
[49.830s] [ 76%] Built target rosbridge_msgs__py
[49.900s] [35m[1mScanning dependencies of target rosbridge_msgs__python[0m
[50.406s] [ 79%] [32mBuilding C object CMakeFiles/rosbridge_msgs__python.dir/rosidl_generator_py/rosbridge_msgs/msg/_connected_client_s.c.o[0m
[51.195s] [ 82%] [32mBuilding C object CMakeFiles/rosbridge_msgs__python.dir/rosidl_generator_py/rosbridge_msgs/msg/_connected_clients_s.c.o[0m
[51.915s] [ 84%] [32m[1mLinking C shared library rosidl_generator_py/rosbridge_msgs/librosbridge_msgs__python.so[0m
[52.246s] [ 84%] Built target rosbridge_msgs__python
[52.323s] [35m[1mScanning dependencies of target rosbridge_msgs__rosidl_typesupport_c__pyext[0m
[52.469s] [ 87%] [32mBuilding C object CMakeFiles/rosbridge_msgs__rosidl_typesupport_c__pyext.dir/rosidl_generator_py/rosbridge_msgs/_rosbridge_msgs_s.ep.rosidl_typesupport_c.c.o[0m
[53.064s] [ 89%] [32m[1mLinking C shared library rosidl_generator_py/rosbridge_msgs/rosbridge_msgs_s__rosidl_typesupport_c.cpython-38-aarch64-linux-gnu.so[0m
[53.390s] [ 89%] Built target rosbridge_msgs__rosidl_typesupport_c__pyext
[53.455s] [35m[1mScanning dependencies of target rosbridge_msgs__rosidl_typesupport_introspection_c__pyext[0m
[53.616s] [ 92%] [32mBuilding C object CMakeFiles/rosbridge_msgs__rosidl_typesupport_introspection_c__pyext.dir/rosidl_generator_py/rosbridge_msgs/_rosbridge_msgs_s.ep.rosidl_typesupport_introspection_c.c.o[0m
[54.266s] [ 94%] [32m[1mLinking C shared library rosidl_generator_py/rosbridge_msgs/rosbridge_msgs_s__rosidl_typesupport_introspection_c.cpython-38-aarch64-linux-gnu.so[0m
[54.564s] [ 94%] Built target rosbridge_msgs__rosidl_typesupport_introspection_c__pyext
[54.655s] [35m[1mScanning dependencies of target rosbridge_msgs__rosidl_typesupport_fastrtps_c__pyext[0m
[54.829s] [ 97%] [32mBuilding C object CMakeFiles/rosbridge_msgs__rosidl_typesupport_fastrtps_c__pyext.dir/rosidl_generator_py/rosbridge_msgs/_rosbridge_msgs_s.ep.rosidl_typesupport_fastrtps_c.c.o[0m
[55.486s] [100%] [32m[1mLinking CXX shared library rosidl_generator_py/rosbridge_msgs/rosbridge_msgs_s__rosidl_typesupport_fastrtps_c.cpython-38-aarch64-linux-gnu.so[0m
[56.043s] [100%] Built target rosbridge_msgs__rosidl_typesupport_fastrtps_c__pyext
[56.129s] Invoked command in '/app/dev_ws/build/rosbridge_msgs' returned '0': CMAKE_PREFIX_PATH=${CMAKE_PREFIX_PATH}:/app/dev_ws/install/xsens_driver:/app/dev_ws/install/ntrip_client:/app/dev_ws/install/central:/opt/ros/foxy /usr/bin/cmake --build /app/dev_ws/build/rosbridge_msgs -- -j4 -l4
[56.842s] Invoking command in '/app/dev_ws/build/rosbridge_msgs': CMAKE_PREFIX_PATH=${CMAKE_PREFIX_PATH}:/app/dev_ws/install/xsens_driver:/app/dev_ws/install/ntrip_client:/app/dev_ws/install/central:/opt/ros/foxy /usr/bin/cmake --install /app/dev_ws/build/rosbridge_msgs
[56.918s] -- Install configuration: ""
[56.921s] -- Installing: /app/dev_ws/install/rosbridge_msgs/share/ament_index/resource_index/rosidl_interfaces/rosbridge_msgs
[56.925s] -- Installing: /app/dev_ws/install/rosbridge_msgs/include/rosbridge_msgs
[56.927s] -- Installing: /app/dev_ws/install/rosbridge_msgs/include/rosbridge_msgs/msg
[56.929s] -- Installing: /app/dev_ws/install/rosbridge_msgs/include/rosbridge_msgs/msg/connected_client.h
[56.932s] -- Installing: /app/dev_ws/install/rosbridge_msgs/include/rosbridge_msgs/msg/rosidl_generator_c__visibility_control.h
[56.935s] -- Installing: /app/dev_ws/install/rosbridge_msgs/include/rosbridge_msgs/msg/detail
[56.938s] -- Installing: /app/dev_ws/install/rosbridge_msgs/include/rosbridge_msgs/msg/detail/connected_clients__functions.c
[56.940s] -- Installing: /app/dev_ws/install/rosbridge_msgs/include/rosbridge_msgs/msg/detail/connected_clients__struct.h
[56.943s] -- Installing: /app/dev_ws/install/rosbridge_msgs/include/rosbridge_msgs/msg/detail/connected_client__functions.h
[56.946s] -- Installing: /app/dev_ws/install/rosbridge_msgs/include/rosbridge_msgs/msg/detail/connected_client__struct.h
[56.949s] -- Installing: /app/dev_ws/install/rosbridge_msgs/include/rosbridge_msgs/msg/detail/connected_clients__type_support.h
[56.951s] -- Installing: /app/dev_ws/install/rosbridge_msgs/include/rosbridge_msgs/msg/detail/connected_client__functions.c
[56.954s] -- Installing: /app/dev_ws/install/rosbridge_msgs/include/rosbridge_msgs/msg/detail/connected_clients__functions.h
[56.957s] -- Installing: /app/dev_ws/install/rosbridge_msgs/include/rosbridge_msgs/msg/detail/connected_client__type_support.h
[56.960s] -- Installing: /app/dev_ws/install/rosbridge_msgs/include/rosbridge_msgs/msg/connected_clients.h
[56.963s] -- Installing: /app/dev_ws/install/rosbridge_msgs/share/rosbridge_msgs/environment/library_path.sh
[56.967s] -- Installing: /app/dev_ws/install/rosbridge_msgs/share/rosbridge_msgs/environment/library_path.dsv
[56.971s] -- Installing: /app/dev_ws/install/rosbridge_msgs/lib/librosbridge_msgs__rosidl_generator_c.so
[56.975s] -- Set runtime path of "/app/dev_ws/install/rosbridge_msgs/lib/librosbridge_msgs__rosidl_generator_c.so" to ""
[56.977s] -- Up-to-date: /app/dev_ws/install/rosbridge_msgs/include/rosbridge_msgs
[56.979s] -- Up-to-date: /app/dev_ws/install/rosbridge_msgs/include/rosbridge_msgs/msg
[56.981s] -- Up-to-date: /app/dev_ws/install/rosbridge_msgs/include/rosbridge_msgs/msg/detail
[56.983s] -- Installing: /app/dev_ws/install/rosbridge_msgs/include/rosbridge_msgs/msg/detail/connected_client__rosidl_typesupport_fastrtps_c.h
[56.986s] -- Installing: /app/dev_ws/install/rosbridge_msgs/include/rosbridge_msgs/msg/detail/connected_clients__rosidl_typesupport_fastrtps_c.h
[56.989s] -- Installing: /app/dev_ws/install/rosbridge_msgs/include/rosbridge_msgs/msg/rosidl_typesupport_fastrtps_c__visibility_control.h
[56.996s] -- Installing: /app/dev_ws/install/rosbridge_msgs/lib/librosbridge_msgs__rosidl_typesupport_fastrtps_c.so
[57.001s] -- Set runtime path of "/app/dev_ws/install/rosbridge_msgs/lib/librosbridge_msgs__rosidl_typesupport_fastrtps_c.so" to ""
[57.003s] -- Up-to-date: /app/dev_ws/install/rosbridge_msgs/include/rosbridge_msgs
[57.005s] -- Up-to-date: /app/dev_ws/install/rosbridge_msgs/include/rosbridge_msgs/msg
[57.007s] -- Up-to-date: /app/dev_ws/install/rosbridge_msgs/include/rosbridge_msgs/msg/detail
[57.009s] -- Installing: /app/dev_ws/install/rosbridge_msgs/include/rosbridge_msgs/msg/detail/connected_clients__rosidl_typesupport_fastrtps_cpp.hpp
[57.012s] -- Installing: /app/dev_ws/install/rosbridge_msgs/include/rosbridge_msgs/msg/detail/connected_client__rosidl_typesupport_fastrtps_cpp.hpp
[57.015s] -- Installing: /app/dev_ws/install/rosbridge_msgs/include/rosbridge_msgs/msg/detail/dds_fastrtps
[57.017s] -- Installing: /app/dev_ws/install/rosbridge_msgs/include/rosbridge_msgs/msg/rosidl_typesupport_fastrtps_cpp__visibility_control.h
[57.021s] -- Installing: /app/dev_ws/install/rosbridge_msgs/lib/librosbridge_msgs__rosidl_typesupport_fastrtps_cpp.so
[57.026s] -- Set runtime path of "/app/dev_ws/install/rosbridge_msgs/lib/librosbridge_msgs__rosidl_typesupport_fastrtps_cpp.so" to ""
[57.028s] -- Up-to-date: /app/dev_ws/install/rosbridge_msgs/include/rosbridge_msgs
[57.030s] -- Up-to-date: /app/dev_ws/install/rosbridge_msgs/include/rosbridge_msgs/msg
[57.032s] -- Installing: /app/dev_ws/install/rosbridge_msgs/include/rosbridge_msgs/msg/rosidl_typesupport_introspection_c__visibility_control.h
[57.034s] -- Up-to-date: /app/dev_ws/install/rosbridge_msgs/include/rosbridge_msgs/msg/detail
[57.036s] -- Installing: /app/dev_ws/install/rosbridge_msgs/include/rosbridge_msgs/msg/detail/connected_client__rosidl_typesupport_introspection_c.h
[57.039s] -- Installing: /app/dev_ws/install/rosbridge_msgs/include/rosbridge_msgs/msg/detail/connected_clients__type_support.c
[57.041s] -- Installing: /app/dev_ws/install/rosbridge_msgs/include/rosbridge_msgs/msg/detail/connected_client__type_support.c
[57.044s] -- Installing: /app/dev_ws/install/rosbridge_msgs/include/rosbridge_msgs/msg/detail/connected_clients__rosidl_typesupport_introspection_c.h
[57.048s] -- Installing: /app/dev_ws/install/rosbridge_msgs/lib/librosbridge_msgs__rosidl_typesupport_introspection_c.so
[57.053s] -- Set runtime path of "/app/dev_ws/install/rosbridge_msgs/lib/librosbridge_msgs__rosidl_typesupport_introspection_c.so" to ""
[57.056s] -- Installing: /app/dev_ws/install/rosbridge_msgs/lib/librosbridge_msgs__rosidl_typesupport_c.so
[57.061s] -- Set runtime path of "/app/dev_ws/install/rosbridge_msgs/lib/librosbridge_msgs__rosidl_typesupport_c.so" to ""
[57.063s] -- Up-to-date: /app/dev_ws/install/rosbridge_msgs/include/rosbridge_msgs
[57.064s] -- Up-to-date: /app/dev_ws/install/rosbridge_msgs/include/rosbridge_msgs/msg
[57.066s] -- Installing: /app/dev_ws/install/rosbridge_msgs/include/rosbridge_msgs/msg/connected_clients.hpp
[57.069s] -- Installing: /app/dev_ws/install/rosbridge_msgs/include/rosbridge_msgs/msg/connected_client.hpp
[57.071s] -- Up-to-date: /app/dev_ws/install/rosbridge_msgs/include/rosbridge_msgs/msg/detail
[57.073s] -- Installing: /app/dev_ws/install/rosbridge_msgs/include/rosbridge_msgs/msg/detail/connected_client__traits.hpp
[57.076s] -- Installing: /app/dev_ws/install/rosbridge_msgs/include/rosbridge_msgs/msg/detail/connected_clients__struct.hpp
[57.079s] -- Installing: /app/dev_ws/install/rosbridge_msgs/include/rosbridge_msgs/msg/detail/connected_client__builder.hpp
[57.082s] -- Installing: /app/dev_ws/install/rosbridge_msgs/include/rosbridge_msgs/msg/detail/connected_clients__traits.hpp
[57.084s] -- Installing: /app/dev_ws/install/rosbridge_msgs/include/rosbridge_msgs/msg/detail/connected_clients__builder.hpp
[57.087s] -- Installing: /app/dev_ws/install/rosbridge_msgs/include/rosbridge_msgs/msg/detail/connected_client__struct.hpp
[57.090s] -- Up-to-date: /app/dev_ws/install/rosbridge_msgs/include/rosbridge_msgs
[57.094s] -- Up-to-date: /app/dev_ws/install/rosbridge_msgs/include/rosbridge_msgs/msg
[57.095s] -- Up-to-date: /app/dev_ws/install/rosbridge_msgs/include/rosbridge_msgs/msg/detail
[57.096s] -- Installing: /app/dev_ws/install/rosbridge_msgs/include/rosbridge_msgs/msg/detail/connected_client__type_support.cpp
[57.099s] -- Installing: /app/dev_ws/install/rosbridge_msgs/include/rosbridge_msgs/msg/detail/connected_client__rosidl_typesupport_introspection_cpp.hpp
[57.102s] -- Installing: /app/dev_ws/install/rosbridge_msgs/include/rosbridge_msgs/msg/detail/connected_clients__rosidl_typesupport_introspection_cpp.hpp
[57.105s] -- Installing: /app/dev_ws/install/rosbridge_msgs/include/rosbridge_msgs/msg/detail/connected_clients__type_support.cpp
[57.108s] -- Installing: /app/dev_ws/install/rosbridge_msgs/lib/librosbridge_msgs__rosidl_typesupport_introspection_cpp.so
[57.114s] -- Set runtime path of "/app/dev_ws/install/rosbridge_msgs/lib/librosbridge_msgs__rosidl_typesupport_introspection_cpp.so" to ""
[57.116s] -- Installing: /app/dev_ws/install/rosbridge_msgs/lib/librosbridge_msgs__rosidl_typesupport_cpp.so
[57.121s] -- Set runtime path of "/app/dev_ws/install/rosbridge_msgs/lib/librosbridge_msgs__rosidl_typesupport_cpp.so" to ""
[57.123s] -- Installing: /app/dev_ws/install/rosbridge_msgs/share/rosbridge_msgs/environment/pythonpath.sh
[57.126s] -- Installing: /app/dev_ws/install/rosbridge_msgs/share/rosbridge_msgs/environment/pythonpath.dsv
[57.130s] -- Installing: /app/dev_ws/install/rosbridge_msgs/lib/python3.8/site-packages/rosbridge_msgs/__init__.py
[57.357s] Compiling '/app/dev_ws/install/rosbridge_msgs/lib/python3.8/site-packages/rosbridge_msgs/__init__.py'...
[57.390s] -- Installing: /app/dev_ws/install/rosbridge_msgs/lib/python3.8/site-packages/rosbridge_msgs/msg
[57.393s] -- Installing: /app/dev_ws/install/rosbridge_msgs/lib/python3.8/site-packages/rosbridge_msgs/msg/_connected_clients.py
[57.404s] -- Installing: /app/dev_ws/install/rosbridge_msgs/lib/python3.8/site-packages/rosbridge_msgs/msg/_connected_clients_s.c
[57.405s] -- Installing: /app/dev_ws/install/rosbridge_msgs/lib/python3.8/site-packages/rosbridge_msgs/msg/_connected_client.py
[57.406s] -- Installing: /app/dev_ws/install/rosbridge_msgs/lib/python3.8/site-packages/rosbridge_msgs/msg/_connected_client_s.c
[57.406s] -- Installing: /app/dev_ws/install/rosbridge_msgs/lib/python3.8/site-packages/rosbridge_msgs/msg/__init__.py
[57.407s] -- Installing: /app/dev_ws/install/rosbridge_msgs/lib/python3.8/site-packages/rosbridge_msgs/rosbridge_msgs_s__rosidl_typesupport_fastrtps_c.cpython-38-aarch64-linux-gnu.so
[57.413s] -- Set runtime path of "/app/dev_ws/install/rosbridge_msgs/lib/python3.8/site-packages/rosbridge_msgs/rosbridge_msgs_s__rosidl_typesupport_fastrtps_c.cpython-38-aarch64-linux-gnu.so" to ""
[57.416s] -- Installing: /app/dev_ws/install/rosbridge_msgs/lib/python3.8/site-packages/rosbridge_msgs/rosbridge_msgs_s__rosidl_typesupport_introspection_c.cpython-38-aarch64-linux-gnu.so
[57.421s] -- Set runtime path of "/app/dev_ws/install/rosbridge_msgs/lib/python3.8/site-packages/rosbridge_msgs/rosbridge_msgs_s__rosidl_typesupport_introspection_c.cpython-38-aarch64-linux-gnu.so" to ""
[57.424s] -- Installing: /app/dev_ws/install/rosbridge_msgs/lib/python3.8/site-packages/rosbridge_msgs/rosbridge_msgs_s__rosidl_typesupport_c.cpython-38-aarch64-linux-gnu.so
[57.429s] -- Set runtime path of "/app/dev_ws/install/rosbridge_msgs/lib/python3.8/site-packages/rosbridge_msgs/rosbridge_msgs_s__rosidl_typesupport_c.cpython-38-aarch64-linux-gnu.so" to ""
[57.432s] -- Installing: /app/dev_ws/install/rosbridge_msgs/lib/librosbridge_msgs__python.so
[57.437s] -- Set runtime path of "/app/dev_ws/install/rosbridge_msgs/lib/librosbridge_msgs__python.so" to ""
[57.439s] -- Installing: /app/dev_ws/install/rosbridge_msgs/share/rosbridge_msgs/msg/ConnectedClient.idl
[57.442s] -- Installing: /app/dev_ws/install/rosbridge_msgs/share/rosbridge_msgs/msg/ConnectedClients.idl
[57.446s] -- Installing: /app/dev_ws/install/rosbridge_msgs/share/rosbridge_msgs/msg/ConnectedClient.msg
[57.449s] -- Installing: /app/dev_ws/install/rosbridge_msgs/share/rosbridge_msgs/msg/ConnectedClients.msg
[57.453s] -- Installing: /app/dev_ws/install/rosbridge_msgs/share/ament_index/resource_index/package_run_dependencies/rosbridge_msgs
[57.457s] -- Installing: /app/dev_ws/install/rosbridge_msgs/share/ament_index/resource_index/parent_prefix_path/rosbridge_msgs
[57.461s] -- Installing: /app/dev_ws/install/rosbridge_msgs/share/rosbridge_msgs/environment/ament_prefix_path.sh
[57.464s] -- Installing: /app/dev_ws/install/rosbridge_msgs/share/rosbridge_msgs/environment/ament_prefix_path.dsv
[57.467s] -- Installing: /app/dev_ws/install/rosbridge_msgs/share/rosbridge_msgs/environment/path.sh
[57.471s] -- Installing: /app/dev_ws/install/rosbridge_msgs/share/rosbridge_msgs/environment/path.dsv
[57.473s] -- Installing: /app/dev_ws/install/rosbridge_msgs/share/rosbridge_msgs/local_setup.bash
[57.476s] -- Installing: /app/dev_ws/install/rosbridge_msgs/share/rosbridge_msgs/local_setup.sh
[57.479s] -- Installing: /app/dev_ws/install/rosbridge_msgs/share/rosbridge_msgs/local_setup.zsh
[57.482s] -- Installing: /app/dev_ws/install/rosbridge_msgs/share/rosbridge_msgs/local_setup.dsv
[57.485s] -- Installing: /app/dev_ws/install/rosbridge_msgs/share/rosbridge_msgs/package.dsv
[57.489s] -- Installing: /app/dev_ws/install/rosbridge_msgs/share/ament_index/resource_index/packages/rosbridge_msgs
[57.493s] -- Installing: /app/dev_ws/install/rosbridge_msgs/share/rosbridge_msgs/cmake/rosbridge_msgs__rosidl_generator_cExport.cmake
[57.497s] -- Installing: /app/dev_ws/install/rosbridge_msgs/share/rosbridge_msgs/cmake/rosbridge_msgs__rosidl_generator_cExport-noconfig.cmake
[57.500s] -- Installing: /app/dev_ws/install/rosbridge_msgs/share/rosbridge_msgs/cmake/rosbridge_msgs__rosidl_typesupport_introspection_cExport.cmake
[57.504s] -- Installing: /app/dev_ws/install/rosbridge_msgs/share/rosbridge_msgs/cmake/rosbridge_msgs__rosidl_typesupport_introspection_cExport-noconfig.cmake
[57.507s] -- Installing: /app/dev_ws/install/rosbridge_msgs/share/rosbridge_msgs/cmake/rosbridge_msgs__rosidl_typesupport_cExport.cmake
[57.510s] -- Installing: /app/dev_ws/install/rosbridge_msgs/share/rosbridge_msgs/cmake/rosbridge_msgs__rosidl_typesupport_cExport-noconfig.cmake
[57.514s] -- Installing: /app/dev_ws/install/rosbridge_msgs/share/rosbridge_msgs/cmake/rosbridge_msgs__rosidl_generator_cppExport.cmake
[57.517s] -- Installing: /app/dev_ws/install/rosbridge_msgs/share/rosbridge_msgs/cmake/rosbridge_msgs__rosidl_typesupport_introspection_cppExport.cmake
[57.520s] -- Installing: /app/dev_ws/install/rosbridge_msgs/share/rosbridge_msgs/cmake/rosbridge_msgs__rosidl_typesupport_introspection_cppExport-noconfig.cmake
[57.524s] -- Installing: /app/dev_ws/install/rosbridge_msgs/share/rosbridge_msgs/cmake/rosbridge_msgs__rosidl_typesupport_cppExport.cmake
[57.527s] -- Installing: /app/dev_ws/install/rosbridge_msgs/share/rosbridge_msgs/cmake/rosbridge_msgs__rosidl_typesupport_cppExport-noconfig.cmake
[57.530s] -- Installing: /app/dev_ws/install/rosbridge_msgs/share/rosbridge_msgs/cmake/rosidl_cmake-extras.cmake
[57.533s] -- Installing: /app/dev_ws/install/rosbridge_msgs/share/rosbridge_msgs/cmake/ament_cmake_export_dependencies-extras.cmake
[57.536s] -- Installing: /app/dev_ws/install/rosbridge_msgs/share/rosbridge_msgs/cmake/ament_cmake_export_libraries-extras.cmake
[57.539s] -- Installing: /app/dev_ws/install/rosbridge_msgs/share/rosbridge_msgs/cmake/ament_cmake_export_targets-extras.cmake
[57.542s] -- Installing: /app/dev_ws/install/rosbridge_msgs/share/rosbridge_msgs/cmake/ament_cmake_export_include_directories-extras.cmake
[57.545s] -- Installing: /app/dev_ws/install/rosbridge_msgs/share/rosbridge_msgs/cmake/rosidl_cmake_export_typesupport_libraries-extras.cmake
[57.548s] -- Installing: /app/dev_ws/install/rosbridge_msgs/share/rosbridge_msgs/cmake/rosidl_cmake_export_typesupport_targets-extras.cmake
[57.551s] -- Installing: /app/dev_ws/install/rosbridge_msgs/share/rosbridge_msgs/cmake/rosbridge_msgsConfig.cmake
[57.554s] -- Installing: /app/dev_ws/install/rosbridge_msgs/share/rosbridge_msgs/cmake/rosbridge_msgsConfig-version.cmake
[57.557s] -- Installing: /app/dev_ws/install/rosbridge_msgs/share/rosbridge_msgs/package.xml
[57.573s] Invoked command in '/app/dev_ws/build/rosbridge_msgs' returned '0': CMAKE_PREFIX_PATH=${CMAKE_PREFIX_PATH}:/app/dev_ws/install/xsens_driver:/app/dev_ws/install/ntrip_client:/app/dev_ws/install/central:/opt/ros/foxy /usr/bin/cmake --install /app/dev_ws/build/rosbridge_msgs
