[3.249s] Invoking command in '/app/dev_ws/src/ntrip_client': PYTHONPATH=/app/dev_ws/install/ntrip_client/lib/python3.8/site-packages:${PYTHONPATH} /usr/bin/python3 setup.py egg_info --egg-base ../../build/ntrip_client build --build-base /app/dev_ws/build/ntrip_client/build install --prefix /app/dev_ws/install/ntrip_client --record /app/dev_ws/build/ntrip_client/install.log --single-version-externally-managed
[4.648s] running egg_info
[4.650s] writing ../../build/ntrip_client/ntrip_client.egg-info/PKG-INFO
[4.651s] writing dependency_links to ../../build/ntrip_client/ntrip_client.egg-info/dependency_links.txt
[4.652s] writing entry points to ../../build/ntrip_client/ntrip_client.egg-info/entry_points.txt
[4.653s] writing requirements to ../../build/ntrip_client/ntrip_client.egg-info/requires.txt
[4.654s] writing top-level names to ../../build/ntrip_client/ntrip_client.egg-info/top_level.txt
[4.821s] reading manifest file '../../build/ntrip_client/ntrip_client.egg-info/SOURCES.txt'
[4.826s] writing manifest file '../../build/ntrip_client/ntrip_client.egg-info/SOURCES.txt'
[4.827s] running build
[4.827s] running build_py
[4.829s] running install
[4.833s] running install_lib
[4.841s] running install_data
[4.843s] running install_egg_info
[4.851s] removing '/app/dev_ws/install/ntrip_client/lib/python3.8/site-packages/ntrip_client-0.0.0-py3.8.egg-info' (and everything under it)
[4.853s] Copying ../../build/ntrip_client/ntrip_client.egg-info to /app/dev_ws/install/ntrip_client/lib/python3.8/site-packages/ntrip_client-0.0.0-py3.8.egg-info
[4.860s] running install_scripts
[4.942s] Installing main script to /app/dev_ws/install/ntrip_client/lib/ntrip_client
[4.944s] writing list of installed files to '/app/dev_ws/build/ntrip_client/install.log'
[5.052s] Invoked command in '/app/dev_ws/src/ntrip_client' returned '0': PYTHONPATH=/app/dev_ws/install/ntrip_client/lib/python3.8/site-packages:${PYTHONPATH} /usr/bin/python3 setup.py egg_info --egg-base ../../build/ntrip_client build --build-base /app/dev_ws/build/ntrip_client/build install --prefix /app/dev_ws/install/ntrip_client --record /app/dev_ws/build/ntrip_client/install.log --single-version-externally-managed
