[4.643s] Invoking command in '/app/dev_ws/src/central': PYTHONPATH=/app/dev_ws/install/central/lib/python3.8/site-packages:${PYTHONPATH} /usr/bin/python3 setup.py egg_info --egg-base ../../build/central build --build-base /app/dev_ws/build/central/build install --prefix /app/dev_ws/install/central --record /app/dev_ws/build/central/install.log --single-version-externally-managed
[5.923s] running egg_info
[5.932s] writing ../../build/central/central.egg-info/PKG-INFO
[5.934s] writing dependency_links to ../../build/central/central.egg-info/dependency_links.txt
[5.937s] writing entry points to ../../build/central/central.egg-info/entry_points.txt
[5.945s] writing requirements to ../../build/central/central.egg-info/requires.txt
[5.946s] writing top-level names to ../../build/central/central.egg-info/top_level.txt
[6.147s] reading manifest file '../../build/central/central.egg-info/SOURCES.txt'
[6.153s] writing manifest file '../../build/central/central.egg-info/SOURCES.txt'
[6.154s] running build
[6.154s] running build_py
[6.155s] copying central/central_config.py -> /app/dev_ws/build/central/build/lib/central
[6.157s] running install
[6.164s] running install_lib
[6.168s] copying /app/dev_ws/build/central/build/lib/central/central_config.py -> /app/dev_ws/install/central/lib/python3.8/site-packages/central
[6.171s] byte-compiling /app/dev_ws/install/central/lib/python3.8/site-packages/central/central_config.py to central_config.cpython-38.pyc
[6.181s] running install_data
[6.183s] running install_egg_info
[6.192s] removing '/app/dev_ws/install/central/lib/python3.8/site-packages/central-0.0.0-py3.8.egg-info' (and everything under it)
[6.194s] Copying ../../build/central/central.egg-info to /app/dev_ws/install/central/lib/python3.8/site-packages/central-0.0.0-py3.8.egg-info
[6.202s] running install_scripts
[6.295s] Installing main script to /app/dev_ws/install/central/lib/central
[6.297s] writing list of installed files to '/app/dev_ws/build/central/install.log'
[7.152s] Invoked command in '/app/dev_ws/src/central' returned '0': PYTHONPATH=/app/dev_ws/install/central/lib/python3.8/site-packages:${PYTHONPATH} /usr/bin/python3 setup.py egg_info --egg-base ../../build/central build --build-base /app/dev_ws/build/central/build install --prefix /app/dev_ws/install/central --record /app/dev_ws/build/central/install.log --single-version-externally-managed
