[3.095s] Invoking command in '/app/dev_ws/src/ntrip_client': PYTHONPATH=/app/dev_ws/install/ntrip_client/lib/python3.8/site-packages:${PYTHONPATH} /usr/bin/python3 setup.py egg_info --egg-base ../../build/ntrip_client build --build-base /app/dev_ws/build/ntrip_client/build install --prefix /app/dev_ws/install/ntrip_client --record /app/dev_ws/build/ntrip_client/install.log --single-version-externally-managed
[4.167s] running egg_info
[4.169s] writing ../../build/ntrip_client/ntrip_client.egg-info/PKG-INFO
[4.171s] writing dependency_links to ../../build/ntrip_client/ntrip_client.egg-info/dependency_links.txt
[4.172s] writing entry points to ../../build/ntrip_client/ntrip_client.egg-info/entry_points.txt
[4.173s] writing requirements to ../../build/ntrip_client/ntrip_client.egg-info/requires.txt
[4.174s] writing top-level names to ../../build/ntrip_client/ntrip_client.egg-info/top_level.txt
[4.335s] reading manifest file '../../build/ntrip_client/ntrip_client.egg-info/SOURCES.txt'
[4.340s] writing manifest file '../../build/ntrip_client/ntrip_client.egg-info/SOURCES.txt'
[4.341s] running build
[4.341s] running build_py
[4.342s] copying ntrip_client/ntrip_pub.py -> /app/dev_ws/build/ntrip_client/build/lib/ntrip_client
[4.343s] running install
[4.347s] running install_lib
[4.352s] copying /app/dev_ws/build/ntrip_client/build/lib/ntrip_client/ntrip_pub.py -> /app/dev_ws/install/ntrip_client/lib/python3.8/site-packages/ntrip_client
[4.355s] byte-compiling /app/dev_ws/install/ntrip_client/lib/python3.8/site-packages/ntrip_client/ntrip_pub.py to ntrip_pub.cpython-38.pyc
[4.367s] running install_data
[4.369s] running install_egg_info
[4.376s] removing '/app/dev_ws/install/ntrip_client/lib/python3.8/site-packages/ntrip_client-0.0.0-py3.8.egg-info' (and everything under it)
[4.378s] Copying ../../build/ntrip_client/ntrip_client.egg-info to /app/dev_ws/install/ntrip_client/lib/python3.8/site-packages/ntrip_client-0.0.0-py3.8.egg-info
[4.384s] running install_scripts
[4.462s] Installing main script to /app/dev_ws/install/ntrip_client/lib/ntrip_client
[4.464s] writing list of installed files to '/app/dev_ws/build/ntrip_client/install.log'
[4.563s] Invoked command in '/app/dev_ws/src/ntrip_client' returned '0': PYTHONPATH=/app/dev_ws/install/ntrip_client/lib/python3.8/site-packages:${PYTHONPATH} /usr/bin/python3 setup.py egg_info --egg-base ../../build/ntrip_client build --build-base /app/dev_ws/build/ntrip_client/build install --prefix /app/dev_ws/install/ntrip_client --record /app/dev_ws/build/ntrip_client/install.log --single-version-externally-managed
