[0.155s] Invoking command in '/app/dev_ws/build/xsens_msgs': CMAKE_PREFIX_PATH=${CMAKE_PREFIX_PATH}:/opt/ros/foxy:/app/dev_ws/install/xsens_driver:/app/dev_ws/install/cam_client:/app/dev_ws/install/opencv_tests:/app/dev_ws/install/ntrip_client:/app/dev_ws/install/central /usr/bin/cmake --build /app/dev_ws/build/xsens_msgs -- -j4 -l4
[0.854s] -- Found ament_cmake: 0.9.9 (/opt/ros/foxy/share/ament_cmake/cmake)
[1.020s] -- Found PythonInterp: /usr/bin/python3 (found suitable version "3.8.10", minimum required is "3") 
[1.021s] -- Using PYTHON_EXECUTABLE: /usr/bin/python3
[2.081s] -- Found std_msgs: 2.0.5 (/opt/ros/foxy/share/std_msgs/cmake)
[2.277s] -- Using all available rosidl_typesupport_c: rosidl_typesupport_fastrtps_c;rosidl_typesupport_introspection_c
[2.305s] -- Found rosidl_adapter: 1.2.1 (/opt/ros/foxy/share/rosidl_adapter/cmake)
[3.605s] -- Using all available rosidl_typesupport_cpp: rosidl_typesupport_fastrtps_cpp;rosidl_typesupport_introspection_cpp
[3.906s] -- Found rosidl_default_generators: 1.0.1 (/opt/ros/foxy/share/rosidl_default_generators/cmake)
[3.991s] -- Found sensor_msgs: 2.0.5 (/opt/ros/foxy/share/sensor_msgs/cmake)
[4.716s] -- Found PythonInterp: /usr/bin/python3 (found version "3.8.10") 
[6.310s] -- Found ament_cmake_cppcheck: 0.9.6 (/opt/ros/foxy/share/ament_cmake_cppcheck/cmake)
[6.318s] -- Found ament_cmake_cpplint: 0.9.6 (/opt/ros/foxy/share/ament_cmake_cpplint/cmake)
[6.325s] -- Found ament_cmake_uncrustify: 0.9.6 (/opt/ros/foxy/share/ament_cmake_uncrustify/cmake)
[6.335s] -- Found ament_cmake_ros: 0.9.2 (/opt/ros/foxy/share/ament_cmake_ros/cmake)
[8.532s] -- Using all available rosidl_typesupport_c: rosidl_typesupport_fastrtps_c;rosidl_typesupport_introspection_c
[9.410s] -- Using all available rosidl_typesupport_cpp: rosidl_typesupport_fastrtps_cpp;rosidl_typesupport_introspection_cpp
[9.585s] -- Found PythonInterp: /usr/bin/python3 (found suitable version "3.8.10", minimum required is "3.5") 
[9.588s] -- Found python_cmake_module: 0.8.1 (/opt/ros/foxy/share/python_cmake_module/cmake)
[9.748s] -- Using PYTHON_EXECUTABLE: /usr/bin/python3
[9.749s] -- Using PYTHON_INCLUDE_DIRS: /usr/include/python3.8
[9.749s] -- Using PYTHON_LIBRARIES: /usr/lib/aarch64-linux-gnu/libpython3.8.so
[10.124s] -- Found ament_cmake_flake8: 0.9.6 (/opt/ros/foxy/share/ament_cmake_flake8/cmake)
[10.131s] -- Found ament_cmake_pep257: 0.9.6 (/opt/ros/foxy/share/ament_cmake_pep257/cmake)
[10.146s] -- Found ament_lint_auto: 0.9.6 (/opt/ros/foxy/share/ament_lint_auto/cmake)
[10.284s] -- Configuring done
[11.026s] -- Generating done
[11.049s] -- Build files have been written to: /app/dev_ws/build/xsens_msgs
[11.244s] [35m[1mScanning dependencies of target xsens_msgs__cpp[0m
[11.257s] [  1%] [34m[1mGenerating C code for ROS interfaces[0m
[11.346s] [  1%] [34m[1mGenerating C++ code for ROS interfaces[0m
[18.432s] [  1%] Built target xsens_msgs__cpp
[18.649s] [  1%] [34m[1mGenerating C++ introspection for ROS interfaces[0m
[18.846s] [  2%] [34m[1mGenerating C++ type support for eProsima Fast-RTPS[0m
[19.292s] [  3%] [34m[1mGenerating C++ type support dispatch for ROS interfaces[0m
[20.105s] [35m[1mScanning dependencies of target xsens_msgs__rosidl_generator_c[0m
[20.299s] [  3%] [32mBuilding C object CMakeFiles/xsens_msgs__rosidl_generator_c.dir/rosidl_generator_c/xsens_msgs/msg/detail/ori_oe__functions.c.o[0m
[21.588s] [  4%] [32mBuilding C object CMakeFiles/xsens_msgs__rosidl_generator_c.dir/rosidl_generator_c/xsens_msgs/msg/detail/pos_pa__functions.c.o[0m
[21.908s] [  4%] [32mBuilding C object CMakeFiles/xsens_msgs__rosidl_generator_c.dir/rosidl_generator_c/xsens_msgs/msg/detail/pos_pl__functions.c.o[0m
[22.276s] [  5%] [32mBuilding C object CMakeFiles/xsens_msgs__rosidl_generator_c.dir/rosidl_generator_c/xsens_msgs/msg/detail/sta_sw__functions.c.o[0m
[22.651s] [  6%] [32mBuilding C object CMakeFiles/xsens_msgs__rosidl_generator_c.dir/rosidl_generator_c/xsens_msgs/msg/detail/acc_aa__functions.c.o[0m
[22.968s] [  6%] [32mBuilding C object CMakeFiles/xsens_msgs__rosidl_generator_c.dir/rosidl_generator_c/xsens_msgs/msg/detail/acc_af__functions.c.o[0m
[23.395s] [  7%] [32mBuilding C object CMakeFiles/xsens_msgs__rosidl_generator_c.dir/rosidl_generator_c/xsens_msgs/msg/detail/ang_wr__functions.c.o[0m
[24.085s] [  7%] [32mBuilding C object CMakeFiles/xsens_msgs__rosidl_generator_c.dir/rosidl_generator_c/xsens_msgs/msg/detail/gns_np__functions.c.o[0m
[24.709s] [  8%] [32mBuilding C object CMakeFiles/xsens_msgs__rosidl_generator_c.dir/rosidl_generator_c/xsens_msgs/msg/detail/config_xsens__functions.c.o[0m
[24.961s] [35m[1mScanning dependencies of target xsens_msgs__rosidl_typesupport_cpp[0m
[25.333s] [  8%] [32mBuilding CXX object CMakeFiles/xsens_msgs__rosidl_typesupport_cpp.dir/rosidl_typesupport_cpp/xsens_msgs/msg/ori_oe__type_support.cpp.o[0m
[25.363s] [  9%] [32mBuilding C object CMakeFiles/xsens_msgs__rosidl_generator_c.dir/rosidl_generator_c/xsens_msgs/msg/detail/config_ntrip__functions.c.o[0m
[26.137s] [  9%] [32mBuilding C object CMakeFiles/xsens_msgs__rosidl_generator_c.dir/rosidl_generator_c/xsens_msgs/msg/detail/config_cam__functions.c.o[0m
[27.026s] [ 10%] [32mBuilding C object CMakeFiles/xsens_msgs__rosidl_generator_c.dir/rosidl_generator_c/xsens_msgs/msg/detail/sta_nt__functions.c.o[0m
[27.539s] [35m[1mScanning dependencies of target xsens_msgs__rosidl_typesupport_introspection_cpp[0m
[27.550s] [ 10%] [32mBuilding C object CMakeFiles/xsens_msgs__rosidl_generator_c.dir/rosidl_generator_c/xsens_msgs/msg/detail/sta_ct__functions.c.o[0m
[27.754s] [ 11%] [32mBuilding CXX object CMakeFiles/xsens_msgs__rosidl_typesupport_introspection_cpp.dir/rosidl_typesupport_introspection_cpp/xsens_msgs/msg/detail/ori_oe__type_support.cpp.o[0m
[27.898s] [ 12%] [32mBuilding C object CMakeFiles/xsens_msgs__rosidl_generator_c.dir/rosidl_generator_c/xsens_msgs/msg/detail/trg_sp__functions.c.o[0m
[28.229s] [ 13%] [32mBuilding C object CMakeFiles/xsens_msgs__rosidl_generator_c.dir/rosidl_generator_c/xsens_msgs/msg/detail/cam_image__functions.c.o[0m
[28.690s] [ 13%] [32mBuilding C object CMakeFiles/xsens_msgs__rosidl_generator_c.dir/rosidl_generator_c/xsens_msgs/msg/detail/cam_batch__functions.c.o[0m
[28.887s] [35m[1mScanning dependencies of target xsens_msgs__rosidl_typesupport_fastrtps_cpp[0m
[29.103s] [ 14%] [32mBuilding C object CMakeFiles/xsens_msgs__rosidl_generator_c.dir/rosidl_generator_c/xsens_msgs/msg/detail/pos_ins__functions.c.o[0m
[29.207s] [ 15%] [32mBuilding CXX object CMakeFiles/xsens_msgs__rosidl_typesupport_fastrtps_cpp.dir/rosidl_typesupport_fastrtps_cpp/xsens_msgs/msg/detail/dds_fastrtps/ori_oe__type_support.cpp.o[0m
[29.484s] [ 15%] [32mBuilding C object CMakeFiles/xsens_msgs__rosidl_generator_c.dir/rosidl_generator_c/xsens_msgs/srv/detail/rtc_mdata__functions.c.o[0m
[29.611s] [ 16%] [32mBuilding CXX object CMakeFiles/xsens_msgs__rosidl_typesupport_cpp.dir/rosidl_typesupport_cpp/xsens_msgs/msg/pos_pa__type_support.cpp.o[0m
[29.870s] [ 17%] [32m[1mLinking C shared library libxsens_msgs__rosidl_generator_c.so[0m
[30.418s] [ 17%] [32mBuilding CXX object CMakeFiles/xsens_msgs__rosidl_typesupport_introspection_cpp.dir/rosidl_typesupport_introspection_cpp/xsens_msgs/msg/detail/pos_pa__type_support.cpp.o[0m
[30.599s] [ 17%] Built target xsens_msgs__rosidl_generator_c
[30.719s] [ 18%] [32mBuilding CXX object CMakeFiles/xsens_msgs__rosidl_typesupport_cpp.dir/rosidl_typesupport_cpp/xsens_msgs/msg/pos_pl__type_support.cpp.o[0m
[32.702s] [ 18%] [32mBuilding CXX object CMakeFiles/xsens_msgs__rosidl_typesupport_cpp.dir/rosidl_typesupport_cpp/xsens_msgs/msg/sta_sw__type_support.cpp.o[0m
[33.685s] [ 19%] [32mBuilding CXX object CMakeFiles/xsens_msgs__rosidl_typesupport_introspection_cpp.dir/rosidl_typesupport_introspection_cpp/xsens_msgs/msg/detail/pos_pl__type_support.cpp.o[0m
[34.607s] [ 20%] [32mBuilding CXX object CMakeFiles/xsens_msgs__rosidl_typesupport_cpp.dir/rosidl_typesupport_cpp/xsens_msgs/msg/acc_aa__type_support.cpp.o[0m
[34.734s] [ 20%] [32mBuilding CXX object CMakeFiles/xsens_msgs__rosidl_typesupport_fastrtps_cpp.dir/rosidl_typesupport_fastrtps_cpp/xsens_msgs/msg/detail/dds_fastrtps/pos_pa__type_support.cpp.o[0m
[35.576s] [ 20%] [32mBuilding CXX object CMakeFiles/xsens_msgs__rosidl_typesupport_cpp.dir/rosidl_typesupport_cpp/xsens_msgs/msg/acc_af__type_support.cpp.o[0m
[36.975s] [ 21%] [32mBuilding CXX object CMakeFiles/xsens_msgs__rosidl_typesupport_cpp.dir/rosidl_typesupport_cpp/xsens_msgs/msg/ang_wr__type_support.cpp.o[0m
[37.203s] [ 22%] [32mBuilding CXX object CMakeFiles/xsens_msgs__rosidl_typesupport_introspection_cpp.dir/rosidl_typesupport_introspection_cpp/xsens_msgs/msg/detail/sta_sw__type_support.cpp.o[0m
[37.865s] [ 23%] [32mBuilding CXX object CMakeFiles/xsens_msgs__rosidl_typesupport_cpp.dir/rosidl_typesupport_cpp/xsens_msgs/msg/gns_np__type_support.cpp.o[0m
[38.746s] [ 24%] [32mBuilding CXX object CMakeFiles/xsens_msgs__rosidl_typesupport_fastrtps_cpp.dir/rosidl_typesupport_fastrtps_cpp/xsens_msgs/msg/detail/dds_fastrtps/pos_pl__type_support.cpp.o[0m
[39.150s] [ 24%] [32mBuilding CXX object CMakeFiles/xsens_msgs__rosidl_typesupport_cpp.dir/rosidl_typesupport_cpp/xsens_msgs/msg/config_xsens__type_support.cpp.o[0m
[39.900s] [ 24%] [32mBuilding CXX object CMakeFiles/xsens_msgs__rosidl_typesupport_introspection_cpp.dir/rosidl_typesupport_introspection_cpp/xsens_msgs/msg/detail/acc_aa__type_support.cpp.o[0m
[40.284s] [ 25%] [32mBuilding CXX object CMakeFiles/xsens_msgs__rosidl_typesupport_cpp.dir/rosidl_typesupport_cpp/xsens_msgs/msg/config_ntrip__type_support.cpp.o[0m
[41.685s] [ 25%] [32mBuilding CXX object CMakeFiles/xsens_msgs__rosidl_typesupport_cpp.dir/rosidl_typesupport_cpp/xsens_msgs/msg/config_cam__type_support.cpp.o[0m
[42.205s] [ 25%] [32mBuilding CXX object CMakeFiles/xsens_msgs__rosidl_typesupport_fastrtps_cpp.dir/rosidl_typesupport_fastrtps_cpp/xsens_msgs/msg/detail/dds_fastrtps/sta_sw__type_support.cpp.o[0m
[42.603s] [ 26%] [32mBuilding CXX object CMakeFiles/xsens_msgs__rosidl_typesupport_introspection_cpp.dir/rosidl_typesupport_introspection_cpp/xsens_msgs/msg/detail/acc_af__type_support.cpp.o[0m
[42.815s] [ 27%] [32mBuilding CXX object CMakeFiles/xsens_msgs__rosidl_typesupport_fastrtps_cpp.dir/rosidl_typesupport_fastrtps_cpp/xsens_msgs/msg/detail/dds_fastrtps/acc_aa__type_support.cpp.o[0m
[45.404s] [ 28%] [32mBuilding CXX object CMakeFiles/xsens_msgs__rosidl_typesupport_cpp.dir/rosidl_typesupport_cpp/xsens_msgs/msg/sta_nt__type_support.cpp.o[0m
[47.098s] [ 28%] [32mBuilding CXX object CMakeFiles/xsens_msgs__rosidl_typesupport_introspection_cpp.dir/rosidl_typesupport_introspection_cpp/xsens_msgs/msg/detail/ang_wr__type_support.cpp.o[0m
[48.372s] [ 29%] [32mBuilding CXX object CMakeFiles/xsens_msgs__rosidl_typesupport_fastrtps_cpp.dir/rosidl_typesupport_fastrtps_cpp/xsens_msgs/msg/detail/dds_fastrtps/acc_af__type_support.cpp.o[0m
[49.684s] [ 30%] [32mBuilding CXX object CMakeFiles/xsens_msgs__rosidl_typesupport_cpp.dir/rosidl_typesupport_cpp/xsens_msgs/msg/sta_ct__type_support.cpp.o[0m
[50.343s] [ 30%] [32mBuilding CXX object CMakeFiles/xsens_msgs__rosidl_typesupport_fastrtps_cpp.dir/rosidl_typesupport_fastrtps_cpp/xsens_msgs/msg/detail/dds_fastrtps/ang_wr__type_support.cpp.o[0m
[53.360s] [ 31%] [32mBuilding CXX object CMakeFiles/xsens_msgs__rosidl_typesupport_introspection_cpp.dir/rosidl_typesupport_introspection_cpp/xsens_msgs/msg/detail/gns_np__type_support.cpp.o[0m
[55.025s] [ 31%] [32mBuilding CXX object CMakeFiles/xsens_msgs__rosidl_typesupport_cpp.dir/rosidl_typesupport_cpp/xsens_msgs/msg/trg_sp__type_support.cpp.o[0m
[56.584s] [ 32%] [32mBuilding CXX object CMakeFiles/xsens_msgs__rosidl_typesupport_fastrtps_cpp.dir/rosidl_typesupport_fastrtps_cpp/xsens_msgs/msg/detail/dds_fastrtps/gns_np__type_support.cpp.o[0m
[57.537s] [ 32%] [32mBuilding CXX object CMakeFiles/xsens_msgs__rosidl_typesupport_fastrtps_cpp.dir/rosidl_typesupport_fastrtps_cpp/xsens_msgs/msg/detail/dds_fastrtps/config_xsens__type_support.cpp.o[0m
[58.918s] [ 33%] [32mBuilding CXX object CMakeFiles/xsens_msgs__rosidl_typesupport_introspection_cpp.dir/rosidl_typesupport_introspection_cpp/xsens_msgs/msg/detail/config_xsens__type_support.cpp.o[0m
[59.390s] [ 34%] [32mBuilding CXX object CMakeFiles/xsens_msgs__rosidl_typesupport_cpp.dir/rosidl_typesupport_cpp/xsens_msgs/msg/cam_image__type_support.cpp.o[0m
[62.051s] [ 34%] [32mBuilding CXX object CMakeFiles/xsens_msgs__rosidl_typesupport_introspection_cpp.dir/rosidl_typesupport_introspection_cpp/xsens_msgs/msg/detail/config_ntrip__type_support.cpp.o[0m
[62.390s] [ 35%] [32mBuilding CXX object CMakeFiles/xsens_msgs__rosidl_typesupport_fastrtps_cpp.dir/rosidl_typesupport_fastrtps_cpp/xsens_msgs/msg/detail/dds_fastrtps/config_ntrip__type_support.cpp.o[0m
[62.624s] [ 35%] [32mBuilding CXX object CMakeFiles/xsens_msgs__rosidl_typesupport_cpp.dir/rosidl_typesupport_cpp/xsens_msgs/msg/cam_batch__type_support.cpp.o[0m
[64.030s] [ 36%] [32mBuilding CXX object CMakeFiles/xsens_msgs__rosidl_typesupport_introspection_cpp.dir/rosidl_typesupport_introspection_cpp/xsens_msgs/msg/detail/config_cam__type_support.cpp.o[0m
[64.576s] [ 37%] [32mBuilding CXX object CMakeFiles/xsens_msgs__rosidl_typesupport_cpp.dir/rosidl_typesupport_cpp/xsens_msgs/msg/pos_ins__type_support.cpp.o[0m
[65.364s] [ 38%] [32mBuilding CXX object CMakeFiles/xsens_msgs__rosidl_typesupport_fastrtps_cpp.dir/rosidl_typesupport_fastrtps_cpp/xsens_msgs/msg/detail/dds_fastrtps/config_cam__type_support.cpp.o[0m
[66.058s] [ 38%] [32mBuilding CXX object CMakeFiles/xsens_msgs__rosidl_typesupport_introspection_cpp.dir/rosidl_typesupport_introspection_cpp/xsens_msgs/msg/detail/sta_nt__type_support.cpp.o[0m
[66.514s] [ 39%] [32mBuilding CXX object CMakeFiles/xsens_msgs__rosidl_typesupport_cpp.dir/rosidl_typesupport_cpp/xsens_msgs/srv/rtc_mdata__type_support.cpp.o[0m
[68.070s] [ 40%] [32mBuilding CXX object CMakeFiles/xsens_msgs__rosidl_typesupport_introspection_cpp.dir/rosidl_typesupport_introspection_cpp/xsens_msgs/msg/detail/sta_ct__type_support.cpp.o[0m
[68.323s] [ 40%] [32mBuilding CXX object CMakeFiles/xsens_msgs__rosidl_typesupport_fastrtps_cpp.dir/rosidl_typesupport_fastrtps_cpp/xsens_msgs/msg/detail/dds_fastrtps/sta_nt__type_support.cpp.o[0m
[68.517s] [ 40%] [32m[1mLinking CXX shared library libxsens_msgs__rosidl_typesupport_cpp.so[0m
[68.879s] [ 40%] Built target xsens_msgs__rosidl_typesupport_cpp
[69.903s] [ 41%] [32mBuilding CXX object CMakeFiles/xsens_msgs__rosidl_typesupport_introspection_cpp.dir/rosidl_typesupport_introspection_cpp/xsens_msgs/msg/detail/trg_sp__type_support.cpp.o[0m
[70.931s] [ 42%] [32mBuilding CXX object CMakeFiles/xsens_msgs__rosidl_typesupport_fastrtps_cpp.dir/rosidl_typesupport_fastrtps_cpp/xsens_msgs/msg/detail/dds_fastrtps/sta_ct__type_support.cpp.o[0m
[71.845s] [ 42%] [32mBuilding CXX object CMakeFiles/xsens_msgs__rosidl_typesupport_introspection_cpp.dir/rosidl_typesupport_introspection_cpp/xsens_msgs/msg/detail/cam_image__type_support.cpp.o[0m
[73.467s] [ 42%] [32mBuilding CXX object CMakeFiles/xsens_msgs__rosidl_typesupport_fastrtps_cpp.dir/rosidl_typesupport_fastrtps_cpp/xsens_msgs/msg/detail/dds_fastrtps/trg_sp__type_support.cpp.o[0m
[73.695s] [ 43%] [32mBuilding CXX object CMakeFiles/xsens_msgs__rosidl_typesupport_introspection_cpp.dir/rosidl_typesupport_introspection_cpp/xsens_msgs/msg/detail/cam_batch__type_support.cpp.o[0m
[75.927s] [ 43%] [32mBuilding CXX object CMakeFiles/xsens_msgs__rosidl_typesupport_introspection_cpp.dir/rosidl_typesupport_introspection_cpp/xsens_msgs/msg/detail/pos_ins__type_support.cpp.o[0m
[76.143s] [ 44%] [32mBuilding CXX object CMakeFiles/xsens_msgs__rosidl_typesupport_fastrtps_cpp.dir/rosidl_typesupport_fastrtps_cpp/xsens_msgs/msg/detail/dds_fastrtps/cam_image__type_support.cpp.o[0m
[77.572s] [ 45%] [32mBuilding CXX object CMakeFiles/xsens_msgs__rosidl_typesupport_introspection_cpp.dir/rosidl_typesupport_introspection_cpp/xsens_msgs/srv/detail/rtc_mdata__type_support.cpp.o[0m
[78.600s] [ 46%] [32mBuilding CXX object CMakeFiles/xsens_msgs__rosidl_typesupport_fastrtps_cpp.dir/rosidl_typesupport_fastrtps_cpp/xsens_msgs/msg/detail/dds_fastrtps/cam_batch__type_support.cpp.o[0m
[79.258s] [ 47%] [32m[1mLinking CXX shared library libxsens_msgs__rosidl_typesupport_introspection_cpp.so[0m
[79.815s] [ 47%] Built target xsens_msgs__rosidl_typesupport_introspection_cpp
[81.184s] [ 47%] [32mBuilding CXX object CMakeFiles/xsens_msgs__rosidl_typesupport_fastrtps_cpp.dir/rosidl_typesupport_fastrtps_cpp/xsens_msgs/msg/detail/dds_fastrtps/pos_ins__type_support.cpp.o[0m
[83.338s] [ 48%] [32mBuilding CXX object CMakeFiles/xsens_msgs__rosidl_typesupport_fastrtps_cpp.dir/rosidl_typesupport_fastrtps_cpp/xsens_msgs/srv/detail/dds_fastrtps/rtc_mdata__type_support.cpp.o[0m
[85.595s] [ 48%] [32m[1mLinking CXX shared library libxsens_msgs__rosidl_typesupport_fastrtps_cpp.so[0m
[86.156s] [ 48%] Built target xsens_msgs__rosidl_typesupport_fastrtps_cpp
[86.243s] [ 49%] [34m[1mGenerating C type support dispatch for ROS interfaces[0m
[86.251s] [ 50%] [34m[1mGenerating C introspection for ROS interfaces[0m
[86.256s] [ 51%] [34m[1mGenerating C type support for eProsima Fast-RTPS[0m
[89.859s] [35m[1mScanning dependencies of target xsens_msgs__rosidl_typesupport_c[0m
[90.039s] [ 52%] [32mBuilding CXX object CMakeFiles/xsens_msgs__rosidl_typesupport_c.dir/rosidl_typesupport_c/xsens_msgs/msg/pos_pa__type_support.cpp.o[0m
[90.040s] [ 52%] [32mBuilding CXX object CMakeFiles/xsens_msgs__rosidl_typesupport_c.dir/rosidl_typesupport_c/xsens_msgs/msg/ori_oe__type_support.cpp.o[0m
[90.497s] [ 53%] [32mBuilding CXX object CMakeFiles/xsens_msgs__rosidl_typesupport_c.dir/rosidl_typesupport_c/xsens_msgs/msg/sta_sw__type_support.cpp.o[0m
[90.538s] [ 53%] [32mBuilding CXX object CMakeFiles/xsens_msgs__rosidl_typesupport_c.dir/rosidl_typesupport_c/xsens_msgs/msg/pos_pl__type_support.cpp.o[0m
[90.805s] [ 54%] [32mBuilding CXX object CMakeFiles/xsens_msgs__rosidl_typesupport_c.dir/rosidl_typesupport_c/xsens_msgs/msg/acc_aa__type_support.cpp.o[0m
[90.858s] [ 54%] [32mBuilding CXX object CMakeFiles/xsens_msgs__rosidl_typesupport_c.dir/rosidl_typesupport_c/xsens_msgs/msg/acc_af__type_support.cpp.o[0m
[91.143s] [ 55%] [32mBuilding CXX object CMakeFiles/xsens_msgs__rosidl_typesupport_c.dir/rosidl_typesupport_c/xsens_msgs/msg/ang_wr__type_support.cpp.o[0m
[91.170s] [ 55%] [32mBuilding CXX object CMakeFiles/xsens_msgs__rosidl_typesupport_c.dir/rosidl_typesupport_c/xsens_msgs/msg/gns_np__type_support.cpp.o[0m
[91.445s] [ 56%] [32mBuilding CXX object CMakeFiles/xsens_msgs__rosidl_typesupport_c.dir/rosidl_typesupport_c/xsens_msgs/msg/config_xsens__type_support.cpp.o[0m
[91.711s] [ 57%] [32mBuilding CXX object CMakeFiles/xsens_msgs__rosidl_typesupport_c.dir/rosidl_typesupport_c/xsens_msgs/msg/config_ntrip__type_support.cpp.o[0m
[91.772s] [ 57%] [32mBuilding CXX object CMakeFiles/xsens_msgs__rosidl_typesupport_c.dir/rosidl_typesupport_c/xsens_msgs/msg/config_cam__type_support.cpp.o[0m
[92.086s] [ 57%] [32mBuilding CXX object CMakeFiles/xsens_msgs__rosidl_typesupport_c.dir/rosidl_typesupport_c/xsens_msgs/msg/sta_ct__type_support.cpp.o[0m
[92.087s] [ 58%] [32mBuilding CXX object CMakeFiles/xsens_msgs__rosidl_typesupport_c.dir/rosidl_typesupport_c/xsens_msgs/msg/sta_nt__type_support.cpp.o[0m
[92.372s] [ 59%] [32mBuilding CXX object CMakeFiles/xsens_msgs__rosidl_typesupport_c.dir/rosidl_typesupport_c/xsens_msgs/msg/trg_sp__type_support.cpp.o[0m
[92.587s] [ 60%] [32mBuilding CXX object CMakeFiles/xsens_msgs__rosidl_typesupport_c.dir/rosidl_typesupport_c/xsens_msgs/msg/cam_image__type_support.cpp.o[0m
[92.875s] [ 60%] [32mBuilding CXX object CMakeFiles/xsens_msgs__rosidl_typesupport_c.dir/rosidl_typesupport_c/xsens_msgs/msg/cam_batch__type_support.cpp.o[0m
[92.967s] [ 61%] [32mBuilding CXX object CMakeFiles/xsens_msgs__rosidl_typesupport_c.dir/rosidl_typesupport_c/xsens_msgs/msg/pos_ins__type_support.cpp.o[0m
[93.166s] [35m[1mScanning dependencies of target xsens_msgs__rosidl_typesupport_fastrtps_c[0m
[93.198s] [ 61%] [32mBuilding CXX object CMakeFiles/xsens_msgs__rosidl_typesupport_c.dir/rosidl_typesupport_c/xsens_msgs/srv/rtc_mdata__type_support.cpp.o[0m
[93.252s] [35m[1mScanning dependencies of target xsens_msgs__rosidl_typesupport_introspection_c[0m
[93.447s] [ 61%] [32mBuilding C object CMakeFiles/xsens_msgs__rosidl_typesupport_introspection_c.dir/rosidl_typesupport_introspection_c/xsens_msgs/msg/detail/pos_pa__type_support.c.o[0m
[93.458s] [ 62%] [32m[1mLinking CXX shared library libxsens_msgs__rosidl_typesupport_c.so[0m
[93.473s] [ 63%] [32mBuilding C object CMakeFiles/xsens_msgs__rosidl_typesupport_introspection_c.dir/rosidl_typesupport_introspection_c/xsens_msgs/msg/detail/ori_oe__type_support.c.o[0m
[93.591s] [ 63%] [32mBuilding CXX object CMakeFiles/xsens_msgs__rosidl_typesupport_fastrtps_c.dir/rosidl_typesupport_fastrtps_c/xsens_msgs/msg/detail/ori_oe__type_support_c.cpp.o[0m
[93.762s] [ 63%] [32mBuilding C object CMakeFiles/xsens_msgs__rosidl_typesupport_introspection_c.dir/rosidl_typesupport_introspection_c/xsens_msgs/msg/detail/sta_sw__type_support.c.o[0m
[93.773s] [ 64%] [32mBuilding C object CMakeFiles/xsens_msgs__rosidl_typesupport_introspection_c.dir/rosidl_typesupport_introspection_c/xsens_msgs/msg/detail/pos_pl__type_support.c.o[0m
[93.888s] [ 64%] Built target xsens_msgs__rosidl_typesupport_c
[93.989s] [ 65%] [32mBuilding C object CMakeFiles/xsens_msgs__rosidl_typesupport_introspection_c.dir/rosidl_typesupport_introspection_c/xsens_msgs/msg/detail/acc_aa__type_support.c.o[0m
[94.099s] [ 66%] [32mBuilding CXX object CMakeFiles/xsens_msgs__rosidl_typesupport_fastrtps_c.dir/rosidl_typesupport_fastrtps_c/xsens_msgs/msg/detail/pos_pa__type_support_c.cpp.o[0m
[94.130s] [ 67%] [32mBuilding CXX object CMakeFiles/xsens_msgs__rosidl_typesupport_fastrtps_c.dir/rosidl_typesupport_fastrtps_c/xsens_msgs/msg/detail/pos_pl__type_support_c.cpp.o[0m
[94.283s] [ 68%] [32mBuilding C object CMakeFiles/xsens_msgs__rosidl_typesupport_introspection_c.dir/rosidl_typesupport_introspection_c/xsens_msgs/msg/detail/acc_af__type_support.c.o[0m
[94.688s] [ 68%] [32mBuilding C object CMakeFiles/xsens_msgs__rosidl_typesupport_introspection_c.dir/rosidl_typesupport_introspection_c/xsens_msgs/msg/detail/ang_wr__type_support.c.o[0m
[95.065s] [ 69%] [32mBuilding C object CMakeFiles/xsens_msgs__rosidl_typesupport_introspection_c.dir/rosidl_typesupport_introspection_c/xsens_msgs/msg/detail/gns_np__type_support.c.o[0m
[95.561s] [ 69%] [32mBuilding C object CMakeFiles/xsens_msgs__rosidl_typesupport_introspection_c.dir/rosidl_typesupport_introspection_c/xsens_msgs/msg/detail/config_xsens__type_support.c.o[0m
[95.924s] [ 70%] [32mBuilding C object CMakeFiles/xsens_msgs__rosidl_typesupport_introspection_c.dir/rosidl_typesupport_introspection_c/xsens_msgs/msg/detail/config_ntrip__type_support.c.o[0m
[96.317s] [ 71%] [32mBuilding C object CMakeFiles/xsens_msgs__rosidl_typesupport_introspection_c.dir/rosidl_typesupport_introspection_c/xsens_msgs/msg/detail/config_cam__type_support.c.o[0m
[96.657s] [ 71%] [32mBuilding C object CMakeFiles/xsens_msgs__rosidl_typesupport_introspection_c.dir/rosidl_typesupport_introspection_c/xsens_msgs/msg/detail/sta_nt__type_support.c.o[0m
[96.794s] [ 71%] [32mBuilding CXX object CMakeFiles/xsens_msgs__rosidl_typesupport_fastrtps_c.dir/rosidl_typesupport_fastrtps_c/xsens_msgs/msg/detail/sta_sw__type_support_c.cpp.o[0m
[97.011s] [ 72%] [32mBuilding C object CMakeFiles/xsens_msgs__rosidl_typesupport_introspection_c.dir/rosidl_typesupport_introspection_c/xsens_msgs/msg/detail/sta_ct__type_support.c.o[0m
[97.076s] [ 73%] [32mBuilding CXX object CMakeFiles/xsens_msgs__rosidl_typesupport_fastrtps_c.dir/rosidl_typesupport_fastrtps_c/xsens_msgs/msg/detail/acc_aa__type_support_c.cpp.o[0m
[97.371s] [ 73%] [32mBuilding C object CMakeFiles/xsens_msgs__rosidl_typesupport_introspection_c.dir/rosidl_typesupport_introspection_c/xsens_msgs/msg/detail/trg_sp__type_support.c.o[0m
[97.433s] [ 73%] [32mBuilding CXX object CMakeFiles/xsens_msgs__rosidl_typesupport_fastrtps_c.dir/rosidl_typesupport_fastrtps_c/xsens_msgs/msg/detail/acc_af__type_support_c.cpp.o[0m
[97.843s] [ 74%] [32mBuilding C object CMakeFiles/xsens_msgs__rosidl_typesupport_introspection_c.dir/rosidl_typesupport_introspection_c/xsens_msgs/msg/detail/cam_image__type_support.c.o[0m
[98.315s] [ 75%] [32mBuilding C object CMakeFiles/xsens_msgs__rosidl_typesupport_introspection_c.dir/rosidl_typesupport_introspection_c/xsens_msgs/msg/detail/cam_batch__type_support.c.o[0m
[98.718s] [ 75%] [32mBuilding C object CMakeFiles/xsens_msgs__rosidl_typesupport_introspection_c.dir/rosidl_typesupport_introspection_c/xsens_msgs/msg/detail/pos_ins__type_support.c.o[0m
[99.076s] [ 76%] [32mBuilding C object CMakeFiles/xsens_msgs__rosidl_typesupport_introspection_c.dir/rosidl_typesupport_introspection_c/xsens_msgs/srv/detail/rtc_mdata__type_support.c.o[0m
[99.409s] [ 76%] [32m[1mLinking C shared library libxsens_msgs__rosidl_typesupport_introspection_c.so[0m
[99.911s] [ 76%] Built target xsens_msgs__rosidl_typesupport_introspection_c
[99.986s] [ 77%] [32mBuilding CXX object CMakeFiles/xsens_msgs__rosidl_typesupport_fastrtps_c.dir/rosidl_typesupport_fastrtps_c/xsens_msgs/msg/detail/ang_wr__type_support_c.cpp.o[0m
[100.036s] [ 78%] [32mBuilding CXX object CMakeFiles/xsens_msgs__rosidl_typesupport_fastrtps_c.dir/rosidl_typesupport_fastrtps_c/xsens_msgs/msg/detail/gns_np__type_support_c.cpp.o[0m
[100.051s] [ 78%] [32mBuilding CXX object CMakeFiles/xsens_msgs__rosidl_typesupport_fastrtps_c.dir/rosidl_typesupport_fastrtps_c/xsens_msgs/msg/detail/config_xsens__type_support_c.cpp.o[0m
[100.783s] [ 79%] [32mBuilding CXX object CMakeFiles/xsens_msgs__rosidl_typesupport_fastrtps_c.dir/rosidl_typesupport_fastrtps_c/xsens_msgs/msg/detail/config_ntrip__type_support_c.cpp.o[0m
[102.770s] [ 79%] [32mBuilding CXX object CMakeFiles/xsens_msgs__rosidl_typesupport_fastrtps_c.dir/rosidl_typesupport_fastrtps_c/xsens_msgs/msg/detail/config_cam__type_support_c.cpp.o[0m
[103.000s] [ 80%] [32mBuilding CXX object CMakeFiles/xsens_msgs__rosidl_typesupport_fastrtps_c.dir/rosidl_typesupport_fastrtps_c/xsens_msgs/msg/detail/sta_nt__type_support_c.cpp.o[0m
[103.750s] [ 81%] [32mBuilding CXX object CMakeFiles/xsens_msgs__rosidl_typesupport_fastrtps_c.dir/rosidl_typesupport_fastrtps_c/xsens_msgs/msg/detail/sta_ct__type_support_c.cpp.o[0m
[104.265s] [ 81%] [32mBuilding CXX object CMakeFiles/xsens_msgs__rosidl_typesupport_fastrtps_c.dir/rosidl_typesupport_fastrtps_c/xsens_msgs/msg/detail/trg_sp__type_support_c.cpp.o[0m
[105.957s] [ 82%] [32mBuilding CXX object CMakeFiles/xsens_msgs__rosidl_typesupport_fastrtps_c.dir/rosidl_typesupport_fastrtps_c/xsens_msgs/msg/detail/cam_image__type_support_c.cpp.o[0m
[106.423s] [ 82%] [32mBuilding CXX object CMakeFiles/xsens_msgs__rosidl_typesupport_fastrtps_c.dir/rosidl_typesupport_fastrtps_c/xsens_msgs/msg/detail/cam_batch__type_support_c.cpp.o[0m
[106.966s] [ 83%] [32mBuilding CXX object CMakeFiles/xsens_msgs__rosidl_typesupport_fastrtps_c.dir/rosidl_typesupport_fastrtps_c/xsens_msgs/msg/detail/pos_ins__type_support_c.cpp.o[0m
[107.526s] [ 84%] [32mBuilding CXX object CMakeFiles/xsens_msgs__rosidl_typesupport_fastrtps_c.dir/rosidl_typesupport_fastrtps_c/xsens_msgs/srv/detail/rtc_mdata__type_support_c.cpp.o[0m
[110.358s] [ 84%] [32m[1mLinking CXX shared library libxsens_msgs__rosidl_typesupport_fastrtps_c.so[0m
[110.904s] [ 84%] Built target xsens_msgs__rosidl_typesupport_fastrtps_c
[111.060s] [ 84%] Built target xsens_msgs
[111.135s] [35m[1mScanning dependencies of target xsens_msgs__py[0m
[111.214s] [ 85%] [34m[1mGenerating Python code for ROS interfaces[0m
[120.365s] [ 85%] Built target xsens_msgs__py
[120.468s] [35m[1mScanning dependencies of target xsens_msgs__python[0m
[120.861s] [ 85%] [32mBuilding C object CMakeFiles/xsens_msgs__python.dir/rosidl_generator_py/xsens_msgs/msg/_ori_oe_s.c.o[0m
[120.864s] [ 86%] [32mBuilding C object CMakeFiles/xsens_msgs__python.dir/rosidl_generator_py/xsens_msgs/msg/_pos_pa_s.c.o[0m
[120.873s] [ 86%] [32mBuilding C object CMakeFiles/xsens_msgs__python.dir/rosidl_generator_py/xsens_msgs/msg/_pos_pl_s.c.o[0m
[121.707s] [ 87%] [32mBuilding C object CMakeFiles/xsens_msgs__python.dir/rosidl_generator_py/xsens_msgs/msg/_sta_sw_s.c.o[0m
[121.711s] [ 88%] [32mBuilding C object CMakeFiles/xsens_msgs__python.dir/rosidl_generator_py/xsens_msgs/msg/_acc_aa_s.c.o[0m
[121.733s] [ 88%] [32mBuilding C object CMakeFiles/xsens_msgs__python.dir/rosidl_generator_py/xsens_msgs/msg/_acc_af_s.c.o[0m
[121.793s] [ 89%] [32mBuilding C object CMakeFiles/xsens_msgs__python.dir/rosidl_generator_py/xsens_msgs/msg/_ang_wr_s.c.o[0m
[122.444s] [ 89%] [32mBuilding C object CMakeFiles/xsens_msgs__python.dir/rosidl_generator_py/xsens_msgs/msg/_gns_np_s.c.o[0m
[122.562s] [ 90%] [32mBuilding C object CMakeFiles/xsens_msgs__python.dir/rosidl_generator_py/xsens_msgs/msg/_config_xsens_s.c.o[0m
[122.591s] [ 90%] [32mBuilding C object CMakeFiles/xsens_msgs__python.dir/rosidl_generator_py/xsens_msgs/msg/_config_cam_s.c.o[0m
[122.608s] [ 91%] [32mBuilding C object CMakeFiles/xsens_msgs__python.dir/rosidl_generator_py/xsens_msgs/msg/_config_ntrip_s.c.o[0m
[123.341s] [ 92%] [32mBuilding C object CMakeFiles/xsens_msgs__python.dir/rosidl_generator_py/xsens_msgs/msg/_sta_nt_s.c.o[0m
[123.380s] [ 92%] [32mBuilding C object CMakeFiles/xsens_msgs__python.dir/rosidl_generator_py/xsens_msgs/msg/_sta_ct_s.c.o[0m
[123.450s] [ 93%] [32mBuilding C object CMakeFiles/xsens_msgs__python.dir/rosidl_generator_py/xsens_msgs/msg/_trg_sp_s.c.o[0m
[123.527s] [ 94%] [32mBuilding C object CMakeFiles/xsens_msgs__python.dir/rosidl_generator_py/xsens_msgs/msg/_cam_image_s.c.o[0m
[124.049s] [ 94%] [32mBuilding C object CMakeFiles/xsens_msgs__python.dir/rosidl_generator_py/xsens_msgs/msg/_cam_batch_s.c.o[0m
[124.164s] [ 95%] [32mBuilding C object CMakeFiles/xsens_msgs__python.dir/rosidl_generator_py/xsens_msgs/msg/_pos_ins_s.c.o[0m
[124.310s] [ 95%] [32mBuilding C object CMakeFiles/xsens_msgs__python.dir/rosidl_generator_py/xsens_msgs/srv/_rtc_mdata_s.c.o[0m
[124.997s] [ 96%] [32m[1mLinking C shared library rosidl_generator_py/xsens_msgs/libxsens_msgs__python.so[0m
[125.349s] [ 96%] Built target xsens_msgs__python
[125.440s] [35m[1mScanning dependencies of target xsens_msgs__rosidl_typesupport_c__pyext[0m
[125.441s] [35m[1mScanning dependencies of target xsens_msgs__rosidl_typesupport_introspection_c__pyext[0m
[125.442s] [35m[1mScanning dependencies of target xsens_msgs__rosidl_typesupport_fastrtps_c__pyext[0m
[125.620s] [ 97%] [32mBuilding C object CMakeFiles/xsens_msgs__rosidl_typesupport_c__pyext.dir/rosidl_generator_py/xsens_msgs/_xsens_msgs_s.ep.rosidl_typesupport_c.c.o[0m
[125.657s] [ 98%] [32mBuilding C object CMakeFiles/xsens_msgs__rosidl_typesupport_introspection_c__pyext.dir/rosidl_generator_py/xsens_msgs/_xsens_msgs_s.ep.rosidl_typesupport_introspection_c.c.o[0m
[125.667s] [ 99%] [32mBuilding C object CMakeFiles/xsens_msgs__rosidl_typesupport_fastrtps_c__pyext.dir/rosidl_generator_py/xsens_msgs/_xsens_msgs_s.ep.rosidl_typesupport_fastrtps_c.c.o[0m
[126.598s] [100%] [32m[1mLinking C shared library rosidl_generator_py/xsens_msgs/xsens_msgs_s__rosidl_typesupport_introspection_c.cpython-38-aarch64-linux-gnu.so[0m
[126.600s] [100%] [32m[1mLinking C shared library rosidl_generator_py/xsens_msgs/xsens_msgs_s__rosidl_typesupport_c.cpython-38-aarch64-linux-gnu.so[0m
[126.734s] [100%] [32m[1mLinking CXX shared library rosidl_generator_py/xsens_msgs/xsens_msgs_s__rosidl_typesupport_fastrtps_c.cpython-38-aarch64-linux-gnu.so[0m
[127.032s] [100%] Built target xsens_msgs__rosidl_typesupport_c__pyext
[127.034s] [100%] Built target xsens_msgs__rosidl_typesupport_introspection_c__pyext
[127.336s] [100%] Built target xsens_msgs__rosidl_typesupport_fastrtps_c__pyext
[127.415s] Invoked command in '/app/dev_ws/build/xsens_msgs' returned '0': CMAKE_PREFIX_PATH=${CMAKE_PREFIX_PATH}:/opt/ros/foxy:/app/dev_ws/install/xsens_driver:/app/dev_ws/install/cam_client:/app/dev_ws/install/opencv_tests:/app/dev_ws/install/ntrip_client:/app/dev_ws/install/central /usr/bin/cmake --build /app/dev_ws/build/xsens_msgs -- -j4 -l4
[130.302s] Invoking command in '/app/dev_ws/build/xsens_msgs': CMAKE_PREFIX_PATH=${CMAKE_PREFIX_PATH}:/opt/ros/foxy:/app/dev_ws/install/xsens_driver:/app/dev_ws/install/cam_client:/app/dev_ws/install/opencv_tests:/app/dev_ws/install/ntrip_client:/app/dev_ws/install/central /usr/bin/cmake --install /app/dev_ws/build/xsens_msgs
[130.355s] -- Install configuration: ""
[130.356s] -- Installing: /app/dev_ws/install/xsens_msgs/share/ament_index/resource_index/rosidl_interfaces/xsens_msgs
[130.359s] -- Up-to-date: /app/dev_ws/install/xsens_msgs/include/xsens_msgs
[130.360s] -- Up-to-date: /app/dev_ws/install/xsens_msgs/include/xsens_msgs/msg
[130.361s] -- Installing: /app/dev_ws/install/xsens_msgs/include/xsens_msgs/msg/config_xsens.h
[130.363s] -- Installing: /app/dev_ws/install/xsens_msgs/include/xsens_msgs/msg/config_cam.h
[130.364s] -- Installing: /app/dev_ws/install/xsens_msgs/include/xsens_msgs/msg/gns_np.h
[130.365s] -- Installing: /app/dev_ws/install/xsens_msgs/include/xsens_msgs/msg/sta_nt.h
[130.367s] -- Installing: /app/dev_ws/install/xsens_msgs/include/xsens_msgs/msg/cam_image.h
[130.368s] -- Installing: /app/dev_ws/install/xsens_msgs/include/xsens_msgs/msg/trg_sp.h
[130.370s] -- Installing: /app/dev_ws/install/xsens_msgs/include/xsens_msgs/msg/config_ntrip.h
[130.371s] -- Installing: /app/dev_ws/install/xsens_msgs/include/xsens_msgs/msg/cam_batch.h
[130.372s] -- Installing: /app/dev_ws/install/xsens_msgs/include/xsens_msgs/msg/sta_sw.h
[130.374s] -- Installing: /app/dev_ws/install/xsens_msgs/include/xsens_msgs/msg/acc_aa.h
[130.375s] -- Up-to-date: /app/dev_ws/install/xsens_msgs/include/xsens_msgs/msg/rosidl_generator_c__visibility_control.h
[130.375s] -- Installing: /app/dev_ws/install/xsens_msgs/include/xsens_msgs/msg/acc_af.h
[130.376s] -- Installing: /app/dev_ws/install/xsens_msgs/include/xsens_msgs/msg/sta_ct.h
[130.377s] -- Up-to-date: /app/dev_ws/install/xsens_msgs/include/xsens_msgs/msg/detail
[130.380s] -- Installing: /app/dev_ws/install/xsens_msgs/include/xsens_msgs/msg/detail/gns_np__struct.h
[130.381s] -- Installing: /app/dev_ws/install/xsens_msgs/include/xsens_msgs/msg/detail/acc_af__functions.h
[130.382s] -- Installing: /app/dev_ws/install/xsens_msgs/include/xsens_msgs/msg/detail/config_ntrip__functions.h
[130.384s] -- Installing: /app/dev_ws/install/xsens_msgs/include/xsens_msgs/msg/detail/config_ntrip__struct.h
[130.385s] -- Installing: /app/dev_ws/install/xsens_msgs/include/xsens_msgs/msg/detail/acc_aa__functions.h
[130.387s] -- Installing: /app/dev_ws/install/xsens_msgs/include/xsens_msgs/msg/detail/ang_wr__struct.h
[130.388s] -- Installing: /app/dev_ws/install/xsens_msgs/include/xsens_msgs/msg/detail/config_ntrip__type_support.h
[130.389s] -- Installing: /app/dev_ws/install/xsens_msgs/include/xsens_msgs/msg/detail/ori_oe__struct.h
[130.390s] -- Installing: /app/dev_ws/install/xsens_msgs/include/xsens_msgs/msg/detail/acc_aa__type_support.h
[130.392s] -- Installing: /app/dev_ws/install/xsens_msgs/include/xsens_msgs/msg/detail/cam_image__functions.c
[130.393s] -- Installing: /app/dev_ws/install/xsens_msgs/include/xsens_msgs/msg/detail/sta_sw__functions.c
[130.394s] -- Installing: /app/dev_ws/install/xsens_msgs/include/xsens_msgs/msg/detail/acc_aa__struct.h
[130.396s] -- Installing: /app/dev_ws/install/xsens_msgs/include/xsens_msgs/msg/detail/pos_pa__type_support.h
[130.397s] -- Installing: /app/dev_ws/install/xsens_msgs/include/xsens_msgs/msg/detail/gns_np__type_support.h
[130.398s] -- Installing: /app/dev_ws/install/xsens_msgs/include/xsens_msgs/msg/detail/trg_sp__type_support.h
[130.400s] -- Installing: /app/dev_ws/install/xsens_msgs/include/xsens_msgs/msg/detail/sta_nt__functions.h
[130.401s] -- Installing: /app/dev_ws/install/xsens_msgs/include/xsens_msgs/msg/detail/cam_batch__functions.h
[130.402s] -- Installing: /app/dev_ws/install/xsens_msgs/include/xsens_msgs/msg/detail/cam_image__struct.h
[130.404s] -- Installing: /app/dev_ws/install/xsens_msgs/include/xsens_msgs/msg/detail/ori_oe__functions.c
[130.406s] -- Installing: /app/dev_ws/install/xsens_msgs/include/xsens_msgs/msg/detail/pos_pa__functions.h
[130.407s] -- Installing: /app/dev_ws/install/xsens_msgs/include/xsens_msgs/msg/detail/config_xsens__functions.c
[130.408s] -- Installing: /app/dev_ws/install/xsens_msgs/include/xsens_msgs/msg/detail/trg_sp__struct.h
[130.410s] -- Installing: /app/dev_ws/install/xsens_msgs/include/xsens_msgs/msg/detail/acc_af__functions.c
[130.411s] -- Installing: /app/dev_ws/install/xsens_msgs/include/xsens_msgs/msg/detail/cam_batch__functions.c
[130.412s] -- Installing: /app/dev_ws/install/xsens_msgs/include/xsens_msgs/msg/detail/cam_batch__type_support.h
[130.414s] -- Installing: /app/dev_ws/install/xsens_msgs/include/xsens_msgs/msg/detail/ang_wr__functions.c
[130.415s] -- Installing: /app/dev_ws/install/xsens_msgs/include/xsens_msgs/msg/detail/gns_np__functions.h
[130.416s] -- Installing: /app/dev_ws/install/xsens_msgs/include/xsens_msgs/msg/detail/acc_aa__functions.c
[130.418s] -- Installing: /app/dev_ws/install/xsens_msgs/include/xsens_msgs/msg/detail/pos_ins__type_support.h
[130.419s] -- Installing: /app/dev_ws/install/xsens_msgs/include/xsens_msgs/msg/detail/pos_pl__type_support.h
[130.420s] -- Installing: /app/dev_ws/install/xsens_msgs/include/xsens_msgs/msg/detail/gns_np__functions.c
[130.423s] -- Installing: /app/dev_ws/install/xsens_msgs/include/xsens_msgs/msg/detail/trg_sp__functions.c
[130.424s] -- Installing: /app/dev_ws/install/xsens_msgs/include/xsens_msgs/msg/detail/sta_nt__functions.c
[130.425s] -- Installing: /app/dev_ws/install/xsens_msgs/include/xsens_msgs/msg/detail/sta_nt__type_support.h
[130.427s] -- Installing: /app/dev_ws/install/xsens_msgs/include/xsens_msgs/msg/detail/config_xsens__type_support.h
[130.428s] -- Installing: /app/dev_ws/install/xsens_msgs/include/xsens_msgs/msg/detail/config_cam__struct.h
[130.429s] -- Installing: /app/dev_ws/install/xsens_msgs/include/xsens_msgs/msg/detail/config_xsens__struct.h
[130.431s] -- Installing: /app/dev_ws/install/xsens_msgs/include/xsens_msgs/msg/detail/sta_ct__functions.h
[130.432s] -- Installing: /app/dev_ws/install/xsens_msgs/include/xsens_msgs/msg/detail/ori_oe__functions.h
[130.438s] -- Installing: /app/dev_ws/install/xsens_msgs/include/xsens_msgs/msg/detail/config_cam__functions.h
[130.438s] -- Installing: /app/dev_ws/install/xsens_msgs/include/xsens_msgs/msg/detail/ang_wr__type_support.h
[130.439s] -- Installing: /app/dev_ws/install/xsens_msgs/include/xsens_msgs/msg/detail/sta_ct__type_support.h
[130.439s] -- Installing: /app/dev_ws/install/xsens_msgs/include/xsens_msgs/msg/detail/config_ntrip__functions.c
[130.440s] -- Installing: /app/dev_ws/install/xsens_msgs/include/xsens_msgs/msg/detail/config_cam__type_support.h
[130.441s] -- Installing: /app/dev_ws/install/xsens_msgs/include/xsens_msgs/msg/detail/cam_batch__struct.h
[130.443s] -- Installing: /app/dev_ws/install/xsens_msgs/include/xsens_msgs/msg/detail/sta_nt__struct.h
[130.445s] -- Installing: /app/dev_ws/install/xsens_msgs/include/xsens_msgs/msg/detail/pos_pa__struct.h
[130.446s] -- Installing: /app/dev_ws/install/xsens_msgs/include/xsens_msgs/msg/detail/trg_sp__functions.h
[130.448s] -- Installing: /app/dev_ws/install/xsens_msgs/include/xsens_msgs/msg/detail/pos_ins__struct.h
[130.449s] -- Installing: /app/dev_ws/install/xsens_msgs/include/xsens_msgs/msg/detail/config_xsens__functions.h
[130.450s] -- Installing: /app/dev_ws/install/xsens_msgs/include/xsens_msgs/msg/detail/sta_ct__functions.c
[130.451s] -- Installing: /app/dev_ws/install/xsens_msgs/include/xsens_msgs/msg/detail/acc_af__type_support.h
[130.453s] -- Installing: /app/dev_ws/install/xsens_msgs/include/xsens_msgs/msg/detail/sta_sw__type_support.h
[130.454s] -- Installing: /app/dev_ws/install/xsens_msgs/include/xsens_msgs/msg/detail/sta_sw__functions.h
[130.456s] -- Installing: /app/dev_ws/install/xsens_msgs/include/xsens_msgs/msg/detail/pos_ins__functions.h
[130.457s] -- Installing: /app/dev_ws/install/xsens_msgs/include/xsens_msgs/msg/detail/pos_pa__functions.c
[130.458s] -- Installing: /app/dev_ws/install/xsens_msgs/include/xsens_msgs/msg/detail/pos_ins__functions.c
[130.460s] -- Installing: /app/dev_ws/install/xsens_msgs/include/xsens_msgs/msg/detail/config_cam__functions.c
[130.461s] -- Installing: /app/dev_ws/install/xsens_msgs/include/xsens_msgs/msg/detail/pos_pl__functions.c
[130.463s] -- Installing: /app/dev_ws/install/xsens_msgs/include/xsens_msgs/msg/detail/pos_pl__struct.h
[130.465s] -- Installing: /app/dev_ws/install/xsens_msgs/include/xsens_msgs/msg/detail/sta_ct__struct.h
[130.467s] -- Installing: /app/dev_ws/install/xsens_msgs/include/xsens_msgs/msg/detail/acc_af__struct.h
[130.468s] -- Installing: /app/dev_ws/install/xsens_msgs/include/xsens_msgs/msg/detail/cam_image__functions.h
[130.469s] -- Installing: /app/dev_ws/install/xsens_msgs/include/xsens_msgs/msg/detail/cam_image__type_support.h
[130.471s] -- Installing: /app/dev_ws/install/xsens_msgs/include/xsens_msgs/msg/detail/pos_pl__functions.h
[130.472s] -- Installing: /app/dev_ws/install/xsens_msgs/include/xsens_msgs/msg/detail/sta_sw__struct.h
[130.474s] -- Installing: /app/dev_ws/install/xsens_msgs/include/xsens_msgs/msg/detail/ang_wr__functions.h
[130.475s] -- Installing: /app/dev_ws/install/xsens_msgs/include/xsens_msgs/msg/detail/ori_oe__type_support.h
[130.476s] -- Installing: /app/dev_ws/install/xsens_msgs/include/xsens_msgs/msg/pos_pa.h
[130.477s] -- Installing: /app/dev_ws/install/xsens_msgs/include/xsens_msgs/msg/pos_pl.h
[130.479s] -- Installing: /app/dev_ws/install/xsens_msgs/include/xsens_msgs/msg/ang_wr.h
[130.480s] -- Installing: /app/dev_ws/install/xsens_msgs/include/xsens_msgs/msg/ori_oe.h
[130.481s] -- Installing: /app/dev_ws/install/xsens_msgs/include/xsens_msgs/msg/pos_ins.h
[130.483s] -- Up-to-date: /app/dev_ws/install/xsens_msgs/include/xsens_msgs/srv
[130.484s] -- Up-to-date: /app/dev_ws/install/xsens_msgs/include/xsens_msgs/srv/detail
[130.485s] -- Installing: /app/dev_ws/install/xsens_msgs/include/xsens_msgs/srv/detail/rtc_mdata__functions.h
[130.486s] -- Installing: /app/dev_ws/install/xsens_msgs/include/xsens_msgs/srv/detail/rtc_mdata__functions.c
[130.487s] -- Installing: /app/dev_ws/install/xsens_msgs/include/xsens_msgs/srv/detail/rtc_mdata__struct.h
[130.489s] -- Installing: /app/dev_ws/install/xsens_msgs/include/xsens_msgs/srv/detail/rtc_mdata__type_support.h
[130.490s] -- Installing: /app/dev_ws/install/xsens_msgs/include/xsens_msgs/srv/rtc_mdata.h
[130.492s] -- Up-to-date: /app/dev_ws/install/xsens_msgs/share/xsens_msgs/environment/library_path.sh
[130.493s] -- Installing: /app/dev_ws/install/xsens_msgs/share/xsens_msgs/environment/library_path.dsv
[130.495s] -- Installing: /app/dev_ws/install/xsens_msgs/lib/libxsens_msgs__rosidl_generator_c.so
[130.499s] -- Set runtime path of "/app/dev_ws/install/xsens_msgs/lib/libxsens_msgs__rosidl_generator_c.so" to ""
[130.500s] -- Up-to-date: /app/dev_ws/install/xsens_msgs/include/xsens_msgs
[130.500s] -- Up-to-date: /app/dev_ws/install/xsens_msgs/include/xsens_msgs/msg
[130.500s] -- Up-to-date: /app/dev_ws/install/xsens_msgs/include/xsens_msgs/msg/detail
[130.501s] -- Installing: /app/dev_ws/install/xsens_msgs/include/xsens_msgs/msg/detail/gns_np__rosidl_typesupport_fastrtps_c.h
[130.503s] -- Installing: /app/dev_ws/install/xsens_msgs/include/xsens_msgs/msg/detail/pos_pa__rosidl_typesupport_fastrtps_c.h
[130.505s] -- Installing: /app/dev_ws/install/xsens_msgs/include/xsens_msgs/msg/detail/acc_aa__rosidl_typesupport_fastrtps_c.h
[130.506s] -- Installing: /app/dev_ws/install/xsens_msgs/include/xsens_msgs/msg/detail/config_xsens__rosidl_typesupport_fastrtps_c.h
[130.508s] -- Installing: /app/dev_ws/install/xsens_msgs/include/xsens_msgs/msg/detail/acc_af__rosidl_typesupport_fastrtps_c.h
[130.509s] -- Installing: /app/dev_ws/install/xsens_msgs/include/xsens_msgs/msg/detail/sta_ct__rosidl_typesupport_fastrtps_c.h
[130.511s] -- Installing: /app/dev_ws/install/xsens_msgs/include/xsens_msgs/msg/detail/ang_wr__rosidl_typesupport_fastrtps_c.h
[130.512s] -- Installing: /app/dev_ws/install/xsens_msgs/include/xsens_msgs/msg/detail/pos_ins__rosidl_typesupport_fastrtps_c.h
[130.514s] -- Installing: /app/dev_ws/install/xsens_msgs/include/xsens_msgs/msg/detail/sta_nt__rosidl_typesupport_fastrtps_c.h
[130.515s] -- Installing: /app/dev_ws/install/xsens_msgs/include/xsens_msgs/msg/detail/sta_sw__rosidl_typesupport_fastrtps_c.h
[130.517s] -- Installing: /app/dev_ws/install/xsens_msgs/include/xsens_msgs/msg/detail/cam_image__rosidl_typesupport_fastrtps_c.h
[130.518s] -- Installing: /app/dev_ws/install/xsens_msgs/include/xsens_msgs/msg/detail/ori_oe__rosidl_typesupport_fastrtps_c.h
[130.520s] -- Installing: /app/dev_ws/install/xsens_msgs/include/xsens_msgs/msg/detail/pos_pl__rosidl_typesupport_fastrtps_c.h
[130.521s] -- Installing: /app/dev_ws/install/xsens_msgs/include/xsens_msgs/msg/detail/cam_batch__rosidl_typesupport_fastrtps_c.h
[130.523s] -- Installing: /app/dev_ws/install/xsens_msgs/include/xsens_msgs/msg/detail/config_ntrip__rosidl_typesupport_fastrtps_c.h
[130.524s] -- Installing: /app/dev_ws/install/xsens_msgs/include/xsens_msgs/msg/detail/trg_sp__rosidl_typesupport_fastrtps_c.h
[130.526s] -- Installing: /app/dev_ws/install/xsens_msgs/include/xsens_msgs/msg/detail/config_cam__rosidl_typesupport_fastrtps_c.h
[130.527s] -- Up-to-date: /app/dev_ws/install/xsens_msgs/include/xsens_msgs/msg/rosidl_typesupport_fastrtps_c__visibility_control.h
[130.528s] -- Up-to-date: /app/dev_ws/install/xsens_msgs/include/xsens_msgs/srv
[130.529s] -- Up-to-date: /app/dev_ws/install/xsens_msgs/include/xsens_msgs/srv/detail
[130.529s] -- Installing: /app/dev_ws/install/xsens_msgs/include/xsens_msgs/srv/detail/rtc_mdata__rosidl_typesupport_fastrtps_c.h
[130.532s] -- Installing: /app/dev_ws/install/xsens_msgs/lib/libxsens_msgs__rosidl_typesupport_fastrtps_c.so
[130.537s] -- Set runtime path of "/app/dev_ws/install/xsens_msgs/lib/libxsens_msgs__rosidl_typesupport_fastrtps_c.so" to ""
[130.537s] -- Up-to-date: /app/dev_ws/install/xsens_msgs/include/xsens_msgs
[130.539s] -- Up-to-date: /app/dev_ws/install/xsens_msgs/include/xsens_msgs/msg
[130.540s] -- Up-to-date: /app/dev_ws/install/xsens_msgs/include/xsens_msgs/msg/detail
[130.540s] -- Installing: /app/dev_ws/install/xsens_msgs/include/xsens_msgs/msg/detail/acc_af__rosidl_typesupport_fastrtps_cpp.hpp
[130.541s] -- Installing: /app/dev_ws/install/xsens_msgs/include/xsens_msgs/msg/detail/sta_ct__rosidl_typesupport_fastrtps_cpp.hpp
[130.543s] -- Installing: /app/dev_ws/install/xsens_msgs/include/xsens_msgs/msg/detail/trg_sp__rosidl_typesupport_fastrtps_cpp.hpp
[130.545s] -- Installing: /app/dev_ws/install/xsens_msgs/include/xsens_msgs/msg/detail/pos_ins__rosidl_typesupport_fastrtps_cpp.hpp
[130.546s] -- Installing: /app/dev_ws/install/xsens_msgs/include/xsens_msgs/msg/detail/cam_batch__rosidl_typesupport_fastrtps_cpp.hpp
[130.548s] -- Installing: /app/dev_ws/install/xsens_msgs/include/xsens_msgs/msg/detail/sta_nt__rosidl_typesupport_fastrtps_cpp.hpp
[130.549s] -- Installing: /app/dev_ws/install/xsens_msgs/include/xsens_msgs/msg/detail/ang_wr__rosidl_typesupport_fastrtps_cpp.hpp
[130.551s] -- Installing: /app/dev_ws/install/xsens_msgs/include/xsens_msgs/msg/detail/pos_pa__rosidl_typesupport_fastrtps_cpp.hpp
[130.552s] -- Installing: /app/dev_ws/install/xsens_msgs/include/xsens_msgs/msg/detail/acc_aa__rosidl_typesupport_fastrtps_cpp.hpp
[130.554s] -- Installing: /app/dev_ws/install/xsens_msgs/include/xsens_msgs/msg/detail/cam_image__rosidl_typesupport_fastrtps_cpp.hpp
[130.555s] -- Installing: /app/dev_ws/install/xsens_msgs/include/xsens_msgs/msg/detail/config_xsens__rosidl_typesupport_fastrtps_cpp.hpp
[130.557s] -- Installing: /app/dev_ws/install/xsens_msgs/include/xsens_msgs/msg/detail/gns_np__rosidl_typesupport_fastrtps_cpp.hpp
[130.558s] -- Installing: /app/dev_ws/install/xsens_msgs/include/xsens_msgs/msg/detail/config_ntrip__rosidl_typesupport_fastrtps_cpp.hpp
[130.560s] -- Installing: /app/dev_ws/install/xsens_msgs/include/xsens_msgs/msg/detail/pos_pl__rosidl_typesupport_fastrtps_cpp.hpp
[130.561s] -- Installing: /app/dev_ws/install/xsens_msgs/include/xsens_msgs/msg/detail/config_cam__rosidl_typesupport_fastrtps_cpp.hpp
[130.564s] -- Installing: /app/dev_ws/install/xsens_msgs/include/xsens_msgs/msg/detail/ori_oe__rosidl_typesupport_fastrtps_cpp.hpp
[130.565s] -- Up-to-date: /app/dev_ws/install/xsens_msgs/include/xsens_msgs/msg/detail/dds_fastrtps
[130.566s] -- Installing: /app/dev_ws/install/xsens_msgs/include/xsens_msgs/msg/detail/sta_sw__rosidl_typesupport_fastrtps_cpp.hpp
[130.568s] -- Up-to-date: /app/dev_ws/install/xsens_msgs/include/xsens_msgs/msg/rosidl_typesupport_fastrtps_cpp__visibility_control.h
[130.569s] -- Up-to-date: /app/dev_ws/install/xsens_msgs/include/xsens_msgs/srv
[130.569s] -- Up-to-date: /app/dev_ws/install/xsens_msgs/include/xsens_msgs/srv/detail
[130.570s] -- Installing: /app/dev_ws/install/xsens_msgs/include/xsens_msgs/srv/detail/rtc_mdata__rosidl_typesupport_fastrtps_cpp.hpp
[130.570s] -- Up-to-date: /app/dev_ws/install/xsens_msgs/include/xsens_msgs/srv/detail/dds_fastrtps
[130.573s] -- Installing: /app/dev_ws/install/xsens_msgs/lib/libxsens_msgs__rosidl_typesupport_fastrtps_cpp.so
[130.578s] -- Set runtime path of "/app/dev_ws/install/xsens_msgs/lib/libxsens_msgs__rosidl_typesupport_fastrtps_cpp.so" to ""
[130.578s] -- Up-to-date: /app/dev_ws/install/xsens_msgs/include/xsens_msgs
[130.579s] -- Up-to-date: /app/dev_ws/install/xsens_msgs/include/xsens_msgs/msg
[130.579s] -- Up-to-date: /app/dev_ws/install/xsens_msgs/include/xsens_msgs/msg/rosidl_typesupport_introspection_c__visibility_control.h
[130.579s] -- Up-to-date: /app/dev_ws/install/xsens_msgs/include/xsens_msgs/msg/detail
[130.580s] -- Installing: /app/dev_ws/install/xsens_msgs/include/xsens_msgs/msg/detail/ori_oe__type_support.c
[130.582s] -- Installing: /app/dev_ws/install/xsens_msgs/include/xsens_msgs/msg/detail/sta_nt__type_support.c
[130.583s] -- Installing: /app/dev_ws/install/xsens_msgs/include/xsens_msgs/msg/detail/ori_oe__rosidl_typesupport_introspection_c.h
[130.584s] -- Installing: /app/dev_ws/install/xsens_msgs/include/xsens_msgs/msg/detail/pos_pl__type_support.c
[130.586s] -- Installing: /app/dev_ws/install/xsens_msgs/include/xsens_msgs/msg/detail/acc_aa__type_support.c
[130.587s] -- Installing: /app/dev_ws/install/xsens_msgs/include/xsens_msgs/msg/detail/trg_sp__type_support.c
[130.589s] -- Installing: /app/dev_ws/install/xsens_msgs/include/xsens_msgs/msg/detail/acc_af__type_support.c
[130.590s] -- Installing: /app/dev_ws/install/xsens_msgs/include/xsens_msgs/msg/detail/config_ntrip__rosidl_typesupport_introspection_c.h
[130.592s] -- Installing: /app/dev_ws/install/xsens_msgs/include/xsens_msgs/msg/detail/acc_af__rosidl_typesupport_introspection_c.h
[130.593s] -- Installing: /app/dev_ws/install/xsens_msgs/include/xsens_msgs/msg/detail/ang_wr__type_support.c
[130.595s] -- Installing: /app/dev_ws/install/xsens_msgs/include/xsens_msgs/msg/detail/ang_wr__rosidl_typesupport_introspection_c.h
[130.596s] -- Installing: /app/dev_ws/install/xsens_msgs/include/xsens_msgs/msg/detail/sta_ct__rosidl_typesupport_introspection_c.h
[130.598s] -- Installing: /app/dev_ws/install/xsens_msgs/include/xsens_msgs/msg/detail/pos_ins__type_support.c
[130.599s] -- Installing: /app/dev_ws/install/xsens_msgs/include/xsens_msgs/msg/detail/cam_image__rosidl_typesupport_introspection_c.h
[130.600s] -- Installing: /app/dev_ws/install/xsens_msgs/include/xsens_msgs/msg/detail/cam_batch__type_support.c
[130.602s] -- Installing: /app/dev_ws/install/xsens_msgs/include/xsens_msgs/msg/detail/gns_np__rosidl_typesupport_introspection_c.h
[130.603s] -- Installing: /app/dev_ws/install/xsens_msgs/include/xsens_msgs/msg/detail/config_xsens__type_support.c
[130.605s] -- Installing: /app/dev_ws/install/xsens_msgs/include/xsens_msgs/msg/detail/gns_np__type_support.c
[130.607s] -- Installing: /app/dev_ws/install/xsens_msgs/include/xsens_msgs/msg/detail/pos_ins__rosidl_typesupport_introspection_c.h
[130.608s] -- Installing: /app/dev_ws/install/xsens_msgs/include/xsens_msgs/msg/detail/config_xsens__rosidl_typesupport_introspection_c.h
[130.610s] -- Installing: /app/dev_ws/install/xsens_msgs/include/xsens_msgs/msg/detail/pos_pa__rosidl_typesupport_introspection_c.h
[130.611s] -- Installing: /app/dev_ws/install/xsens_msgs/include/xsens_msgs/msg/detail/pos_pl__rosidl_typesupport_introspection_c.h
[130.613s] -- Installing: /app/dev_ws/install/xsens_msgs/include/xsens_msgs/msg/detail/trg_sp__rosidl_typesupport_introspection_c.h
[130.614s] -- Installing: /app/dev_ws/install/xsens_msgs/include/xsens_msgs/msg/detail/sta_sw__rosidl_typesupport_introspection_c.h
[130.616s] -- Installing: /app/dev_ws/install/xsens_msgs/include/xsens_msgs/msg/detail/sta_nt__rosidl_typesupport_introspection_c.h
[130.617s] -- Installing: /app/dev_ws/install/xsens_msgs/include/xsens_msgs/msg/detail/pos_pa__type_support.c
[130.619s] -- Installing: /app/dev_ws/install/xsens_msgs/include/xsens_msgs/msg/detail/cam_batch__rosidl_typesupport_introspection_c.h
[130.620s] -- Installing: /app/dev_ws/install/xsens_msgs/include/xsens_msgs/msg/detail/cam_image__type_support.c
[130.622s] -- Installing: /app/dev_ws/install/xsens_msgs/include/xsens_msgs/msg/detail/config_cam__rosidl_typesupport_introspection_c.h
[130.623s] -- Installing: /app/dev_ws/install/xsens_msgs/include/xsens_msgs/msg/detail/config_cam__type_support.c
[130.625s] -- Installing: /app/dev_ws/install/xsens_msgs/include/xsens_msgs/msg/detail/sta_sw__type_support.c
[130.626s] -- Installing: /app/dev_ws/install/xsens_msgs/include/xsens_msgs/msg/detail/config_ntrip__type_support.c
[130.627s] -- Installing: /app/dev_ws/install/xsens_msgs/include/xsens_msgs/msg/detail/sta_ct__type_support.c
[130.629s] -- Installing: /app/dev_ws/install/xsens_msgs/include/xsens_msgs/msg/detail/acc_aa__rosidl_typesupport_introspection_c.h
[130.630s] -- Up-to-date: /app/dev_ws/install/xsens_msgs/include/xsens_msgs/srv
[130.631s] -- Up-to-date: /app/dev_ws/install/xsens_msgs/include/xsens_msgs/srv/detail
[130.631s] -- Installing: /app/dev_ws/install/xsens_msgs/include/xsens_msgs/srv/detail/rtc_mdata__rosidl_typesupport_introspection_c.h
[130.633s] -- Installing: /app/dev_ws/install/xsens_msgs/include/xsens_msgs/srv/detail/rtc_mdata__type_support.c
[130.639s] -- Installing: /app/dev_ws/install/xsens_msgs/lib/libxsens_msgs__rosidl_typesupport_introspection_c.so
[130.643s] -- Set runtime path of "/app/dev_ws/install/xsens_msgs/lib/libxsens_msgs__rosidl_typesupport_introspection_c.so" to ""
[130.645s] -- Installing: /app/dev_ws/install/xsens_msgs/lib/libxsens_msgs__rosidl_typesupport_c.so
[130.648s] -- Set runtime path of "/app/dev_ws/install/xsens_msgs/lib/libxsens_msgs__rosidl_typesupport_c.so" to ""
[130.649s] -- Up-to-date: /app/dev_ws/install/xsens_msgs/include/xsens_msgs
[130.649s] -- Up-to-date: /app/dev_ws/install/xsens_msgs/include/xsens_msgs/msg
[130.650s] -- Installing: /app/dev_ws/install/xsens_msgs/include/xsens_msgs/msg/sta_sw.hpp
[130.651s] -- Installing: /app/dev_ws/install/xsens_msgs/include/xsens_msgs/msg/ori_oe.hpp
[130.652s] -- Installing: /app/dev_ws/install/xsens_msgs/include/xsens_msgs/msg/cam_image.hpp
[130.654s] -- Installing: /app/dev_ws/install/xsens_msgs/include/xsens_msgs/msg/trg_sp.hpp
[130.655s] -- Installing: /app/dev_ws/install/xsens_msgs/include/xsens_msgs/msg/pos_pa.hpp
[130.656s] -- Installing: /app/dev_ws/install/xsens_msgs/include/xsens_msgs/msg/acc_af.hpp
[130.657s] -- Installing: /app/dev_ws/install/xsens_msgs/include/xsens_msgs/msg/config_cam.hpp
[130.658s] -- Installing: /app/dev_ws/install/xsens_msgs/include/xsens_msgs/msg/sta_nt.hpp
[130.660s] -- Installing: /app/dev_ws/install/xsens_msgs/include/xsens_msgs/msg/pos_ins.hpp
[130.661s] -- Installing: /app/dev_ws/install/xsens_msgs/include/xsens_msgs/msg/cam_batch.hpp
[130.663s] -- Installing: /app/dev_ws/install/xsens_msgs/include/xsens_msgs/msg/acc_aa.hpp
[130.664s] -- Installing: /app/dev_ws/install/xsens_msgs/include/xsens_msgs/msg/config_ntrip.hpp
[130.665s] -- Installing: /app/dev_ws/install/xsens_msgs/include/xsens_msgs/msg/config_xsens.hpp
[130.667s] -- Installing: /app/dev_ws/install/xsens_msgs/include/xsens_msgs/msg/sta_ct.hpp
[130.668s] -- Up-to-date: /app/dev_ws/install/xsens_msgs/include/xsens_msgs/msg/detail
[130.669s] -- Installing: /app/dev_ws/install/xsens_msgs/include/xsens_msgs/msg/detail/pos_pa__builder.hpp
[130.671s] -- Installing: /app/dev_ws/install/xsens_msgs/include/xsens_msgs/msg/detail/cam_batch__struct.hpp
[130.673s] -- Installing: /app/dev_ws/install/xsens_msgs/include/xsens_msgs/msg/detail/pos_pl__struct.hpp
[130.676s] -- Installing: /app/dev_ws/install/xsens_msgs/include/xsens_msgs/msg/detail/sta_ct__traits.hpp
[130.676s] -- Installing: /app/dev_ws/install/xsens_msgs/include/xsens_msgs/msg/detail/pos_pa__struct.hpp
[130.677s] -- Installing: /app/dev_ws/install/xsens_msgs/include/xsens_msgs/msg/detail/ang_wr__traits.hpp
[130.678s] -- Installing: /app/dev_ws/install/xsens_msgs/include/xsens_msgs/msg/detail/ori_oe__builder.hpp
[130.680s] -- Installing: /app/dev_ws/install/xsens_msgs/include/xsens_msgs/msg/detail/gns_np__struct.hpp
[130.681s] -- Installing: /app/dev_ws/install/xsens_msgs/include/xsens_msgs/msg/detail/cam_batch__builder.hpp
[130.684s] -- Installing: /app/dev_ws/install/xsens_msgs/include/xsens_msgs/msg/detail/sta_nt__traits.hpp
[130.686s] -- Installing: /app/dev_ws/install/xsens_msgs/include/xsens_msgs/msg/detail/sta_nt__builder.hpp
[130.687s] -- Installing: /app/dev_ws/install/xsens_msgs/include/xsens_msgs/msg/detail/config_xsens__struct.hpp
[130.688s] -- Installing: /app/dev_ws/install/xsens_msgs/include/xsens_msgs/msg/detail/config_xsens__builder.hpp
[130.689s] -- Installing: /app/dev_ws/install/xsens_msgs/include/xsens_msgs/msg/detail/config_ntrip__traits.hpp
[130.691s] -- Installing: /app/dev_ws/install/xsens_msgs/include/xsens_msgs/msg/detail/pos_pl__builder.hpp
[130.692s] -- Installing: /app/dev_ws/install/xsens_msgs/include/xsens_msgs/msg/detail/config_ntrip__struct.hpp
[130.694s] -- Installing: /app/dev_ws/install/xsens_msgs/include/xsens_msgs/msg/detail/sta_ct__struct.hpp
[130.695s] -- Installing: /app/dev_ws/install/xsens_msgs/include/xsens_msgs/msg/detail/ang_wr__builder.hpp
[130.697s] -- Installing: /app/dev_ws/install/xsens_msgs/include/xsens_msgs/msg/detail/pos_ins__builder.hpp
[130.698s] -- Installing: /app/dev_ws/install/xsens_msgs/include/xsens_msgs/msg/detail/trg_sp__traits.hpp
[130.700s] -- Installing: /app/dev_ws/install/xsens_msgs/include/xsens_msgs/msg/detail/ori_oe__traits.hpp
[130.701s] -- Installing: /app/dev_ws/install/xsens_msgs/include/xsens_msgs/msg/detail/acc_af__builder.hpp
[130.702s] -- Installing: /app/dev_ws/install/xsens_msgs/include/xsens_msgs/msg/detail/sta_ct__builder.hpp
[130.704s] -- Installing: /app/dev_ws/install/xsens_msgs/include/xsens_msgs/msg/detail/trg_sp__struct.hpp
[130.705s] -- Installing: /app/dev_ws/install/xsens_msgs/include/xsens_msgs/msg/detail/trg_sp__builder.hpp
[130.707s] -- Installing: /app/dev_ws/install/xsens_msgs/include/xsens_msgs/msg/detail/ang_wr__struct.hpp
[130.709s] -- Installing: /app/dev_ws/install/xsens_msgs/include/xsens_msgs/msg/detail/config_cam__builder.hpp
[130.710s] -- Installing: /app/dev_ws/install/xsens_msgs/include/xsens_msgs/msg/detail/sta_sw__traits.hpp
[130.711s] -- Installing: /app/dev_ws/install/xsens_msgs/include/xsens_msgs/msg/detail/ori_oe__struct.hpp
[130.713s] -- Installing: /app/dev_ws/install/xsens_msgs/include/xsens_msgs/msg/detail/config_xsens__traits.hpp
[130.714s] -- Installing: /app/dev_ws/install/xsens_msgs/include/xsens_msgs/msg/detail/acc_aa__builder.hpp
[130.715s] -- Installing: /app/dev_ws/install/xsens_msgs/include/xsens_msgs/msg/detail/sta_sw__struct.hpp
[130.717s] -- Installing: /app/dev_ws/install/xsens_msgs/include/xsens_msgs/msg/detail/cam_image__traits.hpp
[130.718s] -- Installing: /app/dev_ws/install/xsens_msgs/include/xsens_msgs/msg/detail/pos_ins__traits.hpp
[130.720s] -- Installing: /app/dev_ws/install/xsens_msgs/include/xsens_msgs/msg/detail/pos_pl__traits.hpp
[130.721s] -- Installing: /app/dev_ws/install/xsens_msgs/include/xsens_msgs/msg/detail/cam_image__struct.hpp
[130.723s] -- Installing: /app/dev_ws/install/xsens_msgs/include/xsens_msgs/msg/detail/sta_nt__struct.hpp
[130.724s] -- Installing: /app/dev_ws/install/xsens_msgs/include/xsens_msgs/msg/detail/cam_batch__traits.hpp
[130.725s] -- Installing: /app/dev_ws/install/xsens_msgs/include/xsens_msgs/msg/detail/pos_ins__struct.hpp
[130.727s] -- Installing: /app/dev_ws/install/xsens_msgs/include/xsens_msgs/msg/detail/acc_af__traits.hpp
[130.728s] -- Installing: /app/dev_ws/install/xsens_msgs/include/xsens_msgs/msg/detail/config_ntrip__builder.hpp
[130.729s] -- Installing: /app/dev_ws/install/xsens_msgs/include/xsens_msgs/msg/detail/sta_sw__builder.hpp
[130.731s] -- Installing: /app/dev_ws/install/xsens_msgs/include/xsens_msgs/msg/detail/cam_image__builder.hpp
[130.732s] -- Installing: /app/dev_ws/install/xsens_msgs/include/xsens_msgs/msg/detail/pos_pa__traits.hpp
[130.734s] -- Installing: /app/dev_ws/install/xsens_msgs/include/xsens_msgs/msg/detail/gns_np__traits.hpp
[130.736s] -- Installing: /app/dev_ws/install/xsens_msgs/include/xsens_msgs/msg/detail/config_cam__struct.hpp
[130.737s] -- Installing: /app/dev_ws/install/xsens_msgs/include/xsens_msgs/msg/detail/config_cam__traits.hpp
[130.739s] -- Installing: /app/dev_ws/install/xsens_msgs/include/xsens_msgs/msg/detail/acc_aa__traits.hpp
[130.741s] -- Installing: /app/dev_ws/install/xsens_msgs/include/xsens_msgs/msg/detail/acc_af__struct.hpp
[130.743s] -- Installing: /app/dev_ws/install/xsens_msgs/include/xsens_msgs/msg/detail/acc_aa__struct.hpp
[130.744s] -- Installing: /app/dev_ws/install/xsens_msgs/include/xsens_msgs/msg/detail/gns_np__builder.hpp
[130.746s] -- Installing: /app/dev_ws/install/xsens_msgs/include/xsens_msgs/msg/pos_pl.hpp
[130.747s] -- Installing: /app/dev_ws/install/xsens_msgs/include/xsens_msgs/msg/gns_np.hpp
[130.748s] -- Installing: /app/dev_ws/install/xsens_msgs/include/xsens_msgs/msg/ang_wr.hpp
[130.750s] -- Up-to-date: /app/dev_ws/install/xsens_msgs/include/xsens_msgs/srv
[130.751s] -- Installing: /app/dev_ws/install/xsens_msgs/include/xsens_msgs/srv/rtc_mdata.hpp
[130.752s] -- Up-to-date: /app/dev_ws/install/xsens_msgs/include/xsens_msgs/srv/detail
[130.752s] -- Installing: /app/dev_ws/install/xsens_msgs/include/xsens_msgs/srv/detail/rtc_mdata__builder.hpp
[130.753s] -- Installing: /app/dev_ws/install/xsens_msgs/include/xsens_msgs/srv/detail/rtc_mdata__traits.hpp
[130.755s] -- Installing: /app/dev_ws/install/xsens_msgs/include/xsens_msgs/srv/detail/rtc_mdata__struct.hpp
[130.757s] -- Up-to-date: /app/dev_ws/install/xsens_msgs/include/xsens_msgs
[130.757s] -- Up-to-date: /app/dev_ws/install/xsens_msgs/include/xsens_msgs/msg
[130.758s] -- Up-to-date: /app/dev_ws/install/xsens_msgs/include/xsens_msgs/msg/detail
[130.758s] -- Installing: /app/dev_ws/install/xsens_msgs/include/xsens_msgs/msg/detail/trg_sp__rosidl_typesupport_introspection_cpp.hpp
[130.760s] -- Installing: /app/dev_ws/install/xsens_msgs/include/xsens_msgs/msg/detail/sta_sw__rosidl_typesupport_introspection_cpp.hpp
[130.762s] -- Installing: /app/dev_ws/install/xsens_msgs/include/xsens_msgs/msg/detail/sta_nt__rosidl_typesupport_introspection_cpp.hpp
[130.764s] -- Installing: /app/dev_ws/install/xsens_msgs/include/xsens_msgs/msg/detail/sta_sw__type_support.cpp
[130.765s] -- Installing: /app/dev_ws/install/xsens_msgs/include/xsens_msgs/msg/detail/pos_ins__type_support.cpp
[130.767s] -- Installing: /app/dev_ws/install/xsens_msgs/include/xsens_msgs/msg/detail/config_cam__type_support.cpp
[130.769s] -- Installing: /app/dev_ws/install/xsens_msgs/include/xsens_msgs/msg/detail/ang_wr__type_support.cpp
[130.771s] -- Installing: /app/dev_ws/install/xsens_msgs/include/xsens_msgs/msg/detail/acc_af__type_support.cpp
[130.772s] -- Installing: /app/dev_ws/install/xsens_msgs/include/xsens_msgs/msg/detail/pos_pl__type_support.cpp
[130.774s] -- Installing: /app/dev_ws/install/xsens_msgs/include/xsens_msgs/msg/detail/config_ntrip__type_support.cpp
[130.775s] -- Installing: /app/dev_ws/install/xsens_msgs/include/xsens_msgs/msg/detail/ori_oe__type_support.cpp
[130.776s] -- Installing: /app/dev_ws/install/xsens_msgs/include/xsens_msgs/msg/detail/pos_pa__rosidl_typesupport_introspection_cpp.hpp
[130.778s] -- Installing: /app/dev_ws/install/xsens_msgs/include/xsens_msgs/msg/detail/gns_np__rosidl_typesupport_introspection_cpp.hpp
[130.780s] -- Installing: /app/dev_ws/install/xsens_msgs/include/xsens_msgs/msg/detail/ang_wr__rosidl_typesupport_introspection_cpp.hpp
[130.781s] -- Installing: /app/dev_ws/install/xsens_msgs/include/xsens_msgs/msg/detail/cam_batch__type_support.cpp
[130.783s] -- Installing: /app/dev_ws/install/xsens_msgs/include/xsens_msgs/msg/detail/config_xsens__type_support.cpp
[130.784s] -- Installing: /app/dev_ws/install/xsens_msgs/include/xsens_msgs/msg/detail/acc_af__rosidl_typesupport_introspection_cpp.hpp
[130.786s] -- Installing: /app/dev_ws/install/xsens_msgs/include/xsens_msgs/msg/detail/gns_np__type_support.cpp
[130.787s] -- Installing: /app/dev_ws/install/xsens_msgs/include/xsens_msgs/msg/detail/pos_pa__type_support.cpp
[130.789s] -- Installing: /app/dev_ws/install/xsens_msgs/include/xsens_msgs/msg/detail/sta_ct__rosidl_typesupport_introspection_cpp.hpp
[130.790s] -- Installing: /app/dev_ws/install/xsens_msgs/include/xsens_msgs/msg/detail/config_cam__rosidl_typesupport_introspection_cpp.hpp
[130.792s] -- Installing: /app/dev_ws/install/xsens_msgs/include/xsens_msgs/msg/detail/pos_pl__rosidl_typesupport_introspection_cpp.hpp
[130.794s] -- Installing: /app/dev_ws/install/xsens_msgs/include/xsens_msgs/msg/detail/sta_ct__type_support.cpp
[130.795s] -- Installing: /app/dev_ws/install/xsens_msgs/include/xsens_msgs/msg/detail/sta_nt__type_support.cpp
[130.796s] -- Installing: /app/dev_ws/install/xsens_msgs/include/xsens_msgs/msg/detail/pos_ins__rosidl_typesupport_introspection_cpp.hpp
[130.798s] -- Installing: /app/dev_ws/install/xsens_msgs/include/xsens_msgs/msg/detail/cam_image__rosidl_typesupport_introspection_cpp.hpp
[130.799s] -- Installing: /app/dev_ws/install/xsens_msgs/include/xsens_msgs/msg/detail/cam_batch__rosidl_typesupport_introspection_cpp.hpp
[130.801s] -- Installing: /app/dev_ws/install/xsens_msgs/include/xsens_msgs/msg/detail/cam_image__type_support.cpp
[130.803s] -- Installing: /app/dev_ws/install/xsens_msgs/include/xsens_msgs/msg/detail/acc_aa__type_support.cpp
[130.804s] -- Installing: /app/dev_ws/install/xsens_msgs/include/xsens_msgs/msg/detail/acc_aa__rosidl_typesupport_introspection_cpp.hpp
[130.806s] -- Installing: /app/dev_ws/install/xsens_msgs/include/xsens_msgs/msg/detail/trg_sp__type_support.cpp
[130.808s] -- Installing: /app/dev_ws/install/xsens_msgs/include/xsens_msgs/msg/detail/config_xsens__rosidl_typesupport_introspection_cpp.hpp
[130.809s] -- Installing: /app/dev_ws/install/xsens_msgs/include/xsens_msgs/msg/detail/ori_oe__rosidl_typesupport_introspection_cpp.hpp
[130.811s] -- Installing: /app/dev_ws/install/xsens_msgs/include/xsens_msgs/msg/detail/config_ntrip__rosidl_typesupport_introspection_cpp.hpp
[130.812s] -- Up-to-date: /app/dev_ws/install/xsens_msgs/include/xsens_msgs/srv
[130.813s] -- Up-to-date: /app/dev_ws/install/xsens_msgs/include/xsens_msgs/srv/detail
[130.814s] -- Installing: /app/dev_ws/install/xsens_msgs/include/xsens_msgs/srv/detail/rtc_mdata__type_support.cpp
[130.815s] -- Installing: /app/dev_ws/install/xsens_msgs/include/xsens_msgs/srv/detail/rtc_mdata__rosidl_typesupport_introspection_cpp.hpp
[130.823s] -- Installing: /app/dev_ws/install/xsens_msgs/lib/libxsens_msgs__rosidl_typesupport_introspection_cpp.so
[130.828s] -- Set runtime path of "/app/dev_ws/install/xsens_msgs/lib/libxsens_msgs__rosidl_typesupport_introspection_cpp.so" to ""
[130.830s] -- Installing: /app/dev_ws/install/xsens_msgs/lib/libxsens_msgs__rosidl_typesupport_cpp.so
[130.834s] -- Set runtime path of "/app/dev_ws/install/xsens_msgs/lib/libxsens_msgs__rosidl_typesupport_cpp.so" to ""
[130.834s] -- Up-to-date: /app/dev_ws/install/xsens_msgs/share/xsens_msgs/environment/pythonpath.sh
[130.835s] -- Installing: /app/dev_ws/install/xsens_msgs/share/xsens_msgs/environment/pythonpath.dsv
[130.837s] -- Installing: /app/dev_ws/install/xsens_msgs/lib/python3.8/site-packages/xsens_msgs/__init__.py
[131.062s] Compiling '/app/dev_ws/install/xsens_msgs/lib/python3.8/site-packages/xsens_msgs/__init__.py'...
[131.085s] -- Up-to-date: /app/dev_ws/install/xsens_msgs/lib/python3.8/site-packages/xsens_msgs/msg
[131.086s] -- Installing: /app/dev_ws/install/xsens_msgs/lib/python3.8/site-packages/xsens_msgs/msg/_trg_sp_s.c
[131.088s] -- Installing: /app/dev_ws/install/xsens_msgs/lib/python3.8/site-packages/xsens_msgs/msg/_gns_np_s.c
[131.089s] -- Installing: /app/dev_ws/install/xsens_msgs/lib/python3.8/site-packages/xsens_msgs/msg/_pos_ins_s.c
[131.091s] -- Installing: /app/dev_ws/install/xsens_msgs/lib/python3.8/site-packages/xsens_msgs/msg/_trg_sp.py
[131.092s] -- Installing: /app/dev_ws/install/xsens_msgs/lib/python3.8/site-packages/xsens_msgs/msg/_acc_af_s.c
[131.093s] -- Installing: /app/dev_ws/install/xsens_msgs/lib/python3.8/site-packages/xsens_msgs/msg/_config_xsens.py
[131.095s] -- Installing: /app/dev_ws/install/xsens_msgs/lib/python3.8/site-packages/xsens_msgs/msg/_sta_sw_s.c
[131.096s] -- Installing: /app/dev_ws/install/xsens_msgs/lib/python3.8/site-packages/xsens_msgs/msg/_ori_oe.py
[131.097s] -- Installing: /app/dev_ws/install/xsens_msgs/lib/python3.8/site-packages/xsens_msgs/msg/_pos_pl_s.c
[131.099s] -- Installing: /app/dev_ws/install/xsens_msgs/lib/python3.8/site-packages/xsens_msgs/msg/_ori_oe_s.c
[131.100s] -- Installing: /app/dev_ws/install/xsens_msgs/lib/python3.8/site-packages/xsens_msgs/msg/_sta_nt_s.c
[131.101s] -- Installing: /app/dev_ws/install/xsens_msgs/lib/python3.8/site-packages/xsens_msgs/msg/_pos_pa_s.c
[131.103s] -- Installing: /app/dev_ws/install/xsens_msgs/lib/python3.8/site-packages/xsens_msgs/msg/_ang_wr.py
[131.104s] -- Installing: /app/dev_ws/install/xsens_msgs/lib/python3.8/site-packages/xsens_msgs/msg/_gns_np.py
[131.106s] -- Installing: /app/dev_ws/install/xsens_msgs/lib/python3.8/site-packages/xsens_msgs/msg/_sta_sw.py
[131.107s] -- Installing: /app/dev_ws/install/xsens_msgs/lib/python3.8/site-packages/xsens_msgs/msg/_acc_aa.py
[131.108s] -- Installing: /app/dev_ws/install/xsens_msgs/lib/python3.8/site-packages/xsens_msgs/msg/_pos_pa.py
[131.110s] -- Installing: /app/dev_ws/install/xsens_msgs/lib/python3.8/site-packages/xsens_msgs/msg/_sta_nt.py
[131.111s] -- Installing: /app/dev_ws/install/xsens_msgs/lib/python3.8/site-packages/xsens_msgs/msg/_cam_image.py
[131.113s] -- Installing: /app/dev_ws/install/xsens_msgs/lib/python3.8/site-packages/xsens_msgs/msg/_cam_batch.py
[131.114s] -- Installing: /app/dev_ws/install/xsens_msgs/lib/python3.8/site-packages/xsens_msgs/msg/_sta_ct_s.c
[131.115s] -- Installing: /app/dev_ws/install/xsens_msgs/lib/python3.8/site-packages/xsens_msgs/msg/_pos_pl.py
[131.117s] -- Installing: /app/dev_ws/install/xsens_msgs/lib/python3.8/site-packages/xsens_msgs/msg/_config_ntrip_s.c
[131.118s] -- Installing: /app/dev_ws/install/xsens_msgs/lib/python3.8/site-packages/xsens_msgs/msg/_config_cam_s.c
[131.119s] -- Installing: /app/dev_ws/install/xsens_msgs/lib/python3.8/site-packages/xsens_msgs/msg/_sta_ct.py
[131.121s] -- Installing: /app/dev_ws/install/xsens_msgs/lib/python3.8/site-packages/xsens_msgs/msg/_cam_image_s.c
[131.122s] -- Installing: /app/dev_ws/install/xsens_msgs/lib/python3.8/site-packages/xsens_msgs/msg/_ang_wr_s.c
[131.123s] -- Installing: /app/dev_ws/install/xsens_msgs/lib/python3.8/site-packages/xsens_msgs/msg/_config_ntrip.py
[131.125s] -- Installing: /app/dev_ws/install/xsens_msgs/lib/python3.8/site-packages/xsens_msgs/msg/__init__.py
[131.126s] -- Installing: /app/dev_ws/install/xsens_msgs/lib/python3.8/site-packages/xsens_msgs/msg/_config_xsens_s.c
[131.128s] -- Installing: /app/dev_ws/install/xsens_msgs/lib/python3.8/site-packages/xsens_msgs/msg/_pos_ins.py
[131.129s] -- Installing: /app/dev_ws/install/xsens_msgs/lib/python3.8/site-packages/xsens_msgs/msg/_acc_af.py
[131.131s] -- Installing: /app/dev_ws/install/xsens_msgs/lib/python3.8/site-packages/xsens_msgs/msg/_acc_aa_s.c
[131.132s] -- Installing: /app/dev_ws/install/xsens_msgs/lib/python3.8/site-packages/xsens_msgs/msg/_cam_batch_s.c
[131.133s] -- Installing: /app/dev_ws/install/xsens_msgs/lib/python3.8/site-packages/xsens_msgs/msg/_config_cam.py
[131.135s] -- Up-to-date: /app/dev_ws/install/xsens_msgs/lib/python3.8/site-packages/xsens_msgs/srv
[131.136s] -- Installing: /app/dev_ws/install/xsens_msgs/lib/python3.8/site-packages/xsens_msgs/srv/_rtc_mdata.py
[131.137s] -- Installing: /app/dev_ws/install/xsens_msgs/lib/python3.8/site-packages/xsens_msgs/srv/_rtc_mdata_s.c
[131.139s] -- Installing: /app/dev_ws/install/xsens_msgs/lib/python3.8/site-packages/xsens_msgs/srv/__init__.py
[131.145s] -- Installing: /app/dev_ws/install/xsens_msgs/lib/python3.8/site-packages/xsens_msgs/xsens_msgs_s__rosidl_typesupport_fastrtps_c.cpython-38-aarch64-linux-gnu.so
[131.149s] -- Set runtime path of "/app/dev_ws/install/xsens_msgs/lib/python3.8/site-packages/xsens_msgs/xsens_msgs_s__rosidl_typesupport_fastrtps_c.cpython-38-aarch64-linux-gnu.so" to ""
[131.154s] -- Installing: /app/dev_ws/install/xsens_msgs/lib/python3.8/site-packages/xsens_msgs/xsens_msgs_s__rosidl_typesupport_introspection_c.cpython-38-aarch64-linux-gnu.so
[131.158s] -- Set runtime path of "/app/dev_ws/install/xsens_msgs/lib/python3.8/site-packages/xsens_msgs/xsens_msgs_s__rosidl_typesupport_introspection_c.cpython-38-aarch64-linux-gnu.so" to ""
[131.160s] -- Installing: /app/dev_ws/install/xsens_msgs/lib/python3.8/site-packages/xsens_msgs/xsens_msgs_s__rosidl_typesupport_c.cpython-38-aarch64-linux-gnu.so
[131.165s] -- Set runtime path of "/app/dev_ws/install/xsens_msgs/lib/python3.8/site-packages/xsens_msgs/xsens_msgs_s__rosidl_typesupport_c.cpython-38-aarch64-linux-gnu.so" to ""
[131.166s] -- Installing: /app/dev_ws/install/xsens_msgs/lib/libxsens_msgs__python.so
[131.171s] -- Set runtime path of "/app/dev_ws/install/xsens_msgs/lib/libxsens_msgs__python.so" to ""
[131.173s] -- Up-to-date: /app/dev_ws/install/xsens_msgs/share/xsens_msgs/msg/OriOE.idl
[131.174s] -- Up-to-date: /app/dev_ws/install/xsens_msgs/share/xsens_msgs/msg/PosPA.idl
[131.175s] -- Up-to-date: /app/dev_ws/install/xsens_msgs/share/xsens_msgs/msg/PosPL.idl
[131.175s] -- Up-to-date: /app/dev_ws/install/xsens_msgs/share/xsens_msgs/msg/StaSW.idl
[131.176s] -- Up-to-date: /app/dev_ws/install/xsens_msgs/share/xsens_msgs/msg/AccAA.idl
[131.177s] -- Up-to-date: /app/dev_ws/install/xsens_msgs/share/xsens_msgs/msg/AccAF.idl
[131.177s] -- Up-to-date: /app/dev_ws/install/xsens_msgs/share/xsens_msgs/msg/AngWR.idl
[131.178s] -- Up-to-date: /app/dev_ws/install/xsens_msgs/share/xsens_msgs/msg/GnsNP.idl
[131.178s] -- Up-to-date: /app/dev_ws/install/xsens_msgs/share/xsens_msgs/msg/ConfigXsens.idl
[131.179s] -- Up-to-date: /app/dev_ws/install/xsens_msgs/share/xsens_msgs/msg/ConfigNtrip.idl
[131.180s] -- Up-to-date: /app/dev_ws/install/xsens_msgs/share/xsens_msgs/msg/ConfigCam.idl
[131.180s] -- Up-to-date: /app/dev_ws/install/xsens_msgs/share/xsens_msgs/msg/StaNT.idl
[131.181s] -- Up-to-date: /app/dev_ws/install/xsens_msgs/share/xsens_msgs/msg/StaCT.idl
[131.182s] -- Up-to-date: /app/dev_ws/install/xsens_msgs/share/xsens_msgs/msg/TrgSP.idl
[131.182s] -- Up-to-date: /app/dev_ws/install/xsens_msgs/share/xsens_msgs/msg/CamImage.idl
[131.183s] -- Up-to-date: /app/dev_ws/install/xsens_msgs/share/xsens_msgs/msg/CamBatch.idl
[131.184s] -- Installing: /app/dev_ws/install/xsens_msgs/share/xsens_msgs/msg/PosINS.idl
[131.186s] -- Up-to-date: /app/dev_ws/install/xsens_msgs/share/xsens_msgs/srv/RTCMdata.idl
[131.187s] -- Up-to-date: /app/dev_ws/install/xsens_msgs/share/xsens_msgs/msg/OriOE.msg
[131.187s] -- Up-to-date: /app/dev_ws/install/xsens_msgs/share/xsens_msgs/msg/PosPA.msg
[131.188s] -- Up-to-date: /app/dev_ws/install/xsens_msgs/share/xsens_msgs/msg/PosPL.msg
[131.189s] -- Up-to-date: /app/dev_ws/install/xsens_msgs/share/xsens_msgs/msg/StaSW.msg
[131.189s] -- Up-to-date: /app/dev_ws/install/xsens_msgs/share/xsens_msgs/msg/AccAA.msg
[131.190s] -- Up-to-date: /app/dev_ws/install/xsens_msgs/share/xsens_msgs/msg/AccAF.msg
[131.191s] -- Up-to-date: /app/dev_ws/install/xsens_msgs/share/xsens_msgs/msg/AngWR.msg
[131.191s] -- Up-to-date: /app/dev_ws/install/xsens_msgs/share/xsens_msgs/msg/GnsNP.msg
[131.192s] -- Up-to-date: /app/dev_ws/install/xsens_msgs/share/xsens_msgs/msg/ConfigXsens.msg
[131.192s] -- Up-to-date: /app/dev_ws/install/xsens_msgs/share/xsens_msgs/msg/ConfigNtrip.msg
[131.193s] -- Up-to-date: /app/dev_ws/install/xsens_msgs/share/xsens_msgs/msg/ConfigCam.msg
[131.194s] -- Up-to-date: /app/dev_ws/install/xsens_msgs/share/xsens_msgs/msg/StaNT.msg
[131.194s] -- Up-to-date: /app/dev_ws/install/xsens_msgs/share/xsens_msgs/msg/StaCT.msg
[131.195s] -- Up-to-date: /app/dev_ws/install/xsens_msgs/share/xsens_msgs/msg/TrgSP.msg
[131.196s] -- Up-to-date: /app/dev_ws/install/xsens_msgs/share/xsens_msgs/msg/CamImage.msg
[131.197s] -- Up-to-date: /app/dev_ws/install/xsens_msgs/share/xsens_msgs/msg/CamBatch.msg
[131.197s] -- Installing: /app/dev_ws/install/xsens_msgs/share/xsens_msgs/msg/PosINS.msg
[131.199s] -- Up-to-date: /app/dev_ws/install/xsens_msgs/share/xsens_msgs/srv/RTCMdata.srv
[131.199s] -- Up-to-date: /app/dev_ws/install/xsens_msgs/share/xsens_msgs/srv/RTCMdata_Request.msg
[131.200s] -- Up-to-date: /app/dev_ws/install/xsens_msgs/share/xsens_msgs/srv/RTCMdata_Response.msg
[131.201s] -- Up-to-date: /app/dev_ws/install/xsens_msgs/share/ament_index/resource_index/package_run_dependencies/xsens_msgs
[131.203s] -- Installing: /app/dev_ws/install/xsens_msgs/share/ament_index/resource_index/parent_prefix_path/xsens_msgs
[131.205s] -- Up-to-date: /app/dev_ws/install/xsens_msgs/share/xsens_msgs/environment/ament_prefix_path.sh
[131.205s] -- Installing: /app/dev_ws/install/xsens_msgs/share/xsens_msgs/environment/ament_prefix_path.dsv
[131.208s] -- Up-to-date: /app/dev_ws/install/xsens_msgs/share/xsens_msgs/environment/path.sh
[131.210s] -- Installing: /app/dev_ws/install/xsens_msgs/share/xsens_msgs/environment/path.dsv
[131.211s] -- Up-to-date: /app/dev_ws/install/xsens_msgs/share/xsens_msgs/local_setup.bash
[131.212s] -- Up-to-date: /app/dev_ws/install/xsens_msgs/share/xsens_msgs/local_setup.sh
[131.212s] -- Up-to-date: /app/dev_ws/install/xsens_msgs/share/xsens_msgs/local_setup.zsh
[131.213s] -- Installing: /app/dev_ws/install/xsens_msgs/share/xsens_msgs/local_setup.dsv
[131.213s] -- Installing: /app/dev_ws/install/xsens_msgs/share/xsens_msgs/package.dsv
[131.215s] -- Up-to-date: /app/dev_ws/install/xsens_msgs/share/ament_index/resource_index/packages/xsens_msgs
[131.218s] -- Up-to-date: /app/dev_ws/install/xsens_msgs/share/xsens_msgs/cmake/xsens_msgs__rosidl_generator_cExport.cmake
[131.219s] -- Installing: /app/dev_ws/install/xsens_msgs/share/xsens_msgs/cmake/xsens_msgs__rosidl_generator_cExport-noconfig.cmake
[131.223s] -- Up-to-date: /app/dev_ws/install/xsens_msgs/share/xsens_msgs/cmake/xsens_msgs__rosidl_typesupport_introspection_cExport.cmake
[131.223s] -- Installing: /app/dev_ws/install/xsens_msgs/share/xsens_msgs/cmake/xsens_msgs__rosidl_typesupport_introspection_cExport-noconfig.cmake
[131.227s] -- Up-to-date: /app/dev_ws/install/xsens_msgs/share/xsens_msgs/cmake/xsens_msgs__rosidl_typesupport_cExport.cmake
[131.228s] -- Installing: /app/dev_ws/install/xsens_msgs/share/xsens_msgs/cmake/xsens_msgs__rosidl_typesupport_cExport-noconfig.cmake
[131.233s] -- Up-to-date: /app/dev_ws/install/xsens_msgs/share/xsens_msgs/cmake/xsens_msgs__rosidl_generator_cppExport.cmake
[131.234s] -- Up-to-date: /app/dev_ws/install/xsens_msgs/share/xsens_msgs/cmake/xsens_msgs__rosidl_typesupport_introspection_cppExport.cmake
[131.237s] -- Installing: /app/dev_ws/install/xsens_msgs/share/xsens_msgs/cmake/xsens_msgs__rosidl_typesupport_introspection_cppExport-noconfig.cmake
[131.239s] -- Up-to-date: /app/dev_ws/install/xsens_msgs/share/xsens_msgs/cmake/xsens_msgs__rosidl_typesupport_cppExport.cmake
[131.240s] -- Installing: /app/dev_ws/install/xsens_msgs/share/xsens_msgs/cmake/xsens_msgs__rosidl_typesupport_cppExport-noconfig.cmake
[131.242s] -- Installing: /app/dev_ws/install/xsens_msgs/share/xsens_msgs/cmake/rosidl_cmake-extras.cmake
[131.244s] -- Up-to-date: /app/dev_ws/install/xsens_msgs/share/xsens_msgs/cmake/ament_cmake_export_dependencies-extras.cmake
[131.245s] -- Up-to-date: /app/dev_ws/install/xsens_msgs/share/xsens_msgs/cmake/ament_cmake_export_libraries-extras.cmake
[131.247s] -- Up-to-date: /app/dev_ws/install/xsens_msgs/share/xsens_msgs/cmake/ament_cmake_export_targets-extras.cmake
[131.247s] -- Up-to-date: /app/dev_ws/install/xsens_msgs/share/xsens_msgs/cmake/ament_cmake_export_include_directories-extras.cmake
[131.248s] -- Up-to-date: /app/dev_ws/install/xsens_msgs/share/xsens_msgs/cmake/rosidl_cmake_export_typesupport_libraries-extras.cmake
[131.248s] -- Up-to-date: /app/dev_ws/install/xsens_msgs/share/xsens_msgs/cmake/rosidl_cmake_export_typesupport_targets-extras.cmake
[131.249s] -- Up-to-date: /app/dev_ws/install/xsens_msgs/share/xsens_msgs/cmake/xsens_msgsConfig.cmake
[131.250s] -- Up-to-date: /app/dev_ws/install/xsens_msgs/share/xsens_msgs/cmake/xsens_msgsConfig-version.cmake
[131.250s] -- Up-to-date: /app/dev_ws/install/xsens_msgs/share/xsens_msgs/package.xml
[131.261s] Invoked command in '/app/dev_ws/build/xsens_msgs' returned '0': CMAKE_PREFIX_PATH=${CMAKE_PREFIX_PATH}:/opt/ros/foxy:/app/dev_ws/install/xsens_driver:/app/dev_ws/install/cam_client:/app/dev_ws/install/opencv_tests:/app/dev_ws/install/ntrip_client:/app/dev_ws/install/central /usr/bin/cmake --install /app/dev_ws/build/xsens_msgs
