[2.702s] Invoking command in '/app/dev_ws/src/central': PYTHONPATH=/app/dev_ws/install/central/lib/python3.8/site-packages:${PYTHONPATH} /usr/bin/python3 setup.py egg_info --egg-base ../../build/central build --build-base /app/dev_ws/build/central/build install --prefix /app/dev_ws/install/central --record /app/dev_ws/build/central/install.log --single-version-externally-managed
[3.723s] running egg_info
[3.725s] writing ../../build/central/central.egg-info/PKG-INFO
[3.727s] writing dependency_links to ../../build/central/central.egg-info/dependency_links.txt
[3.728s] writing entry points to ../../build/central/central.egg-info/entry_points.txt
[3.729s] writing requirements to ../../build/central/central.egg-info/requires.txt
[3.730s] writing top-level names to ../../build/central/central.egg-info/top_level.txt
[3.899s] reading manifest file '../../build/central/central.egg-info/SOURCES.txt'
[3.903s] writing manifest file '../../build/central/central.egg-info/SOURCES.txt'
[3.904s] running build
[3.904s] running build_py
[3.905s] copying central/central_data.py -> /app/dev_ws/build/central/build/lib/central
[3.906s] copying central/central_config.py -> /app/dev_ws/build/central/build/lib/central
[3.908s] running install
[3.911s] running install_lib
[3.916s] copying /app/dev_ws/build/central/build/lib/central/central_data.py -> /app/dev_ws/install/central/lib/python3.8/site-packages/central
[3.917s] copying /app/dev_ws/build/central/build/lib/central/central_config.py -> /app/dev_ws/install/central/lib/python3.8/site-packages/central
[3.920s] byte-compiling /app/dev_ws/install/central/lib/python3.8/site-packages/central/central_data.py to central_data.cpython-38.pyc
[3.928s] byte-compiling /app/dev_ws/install/central/lib/python3.8/site-packages/central/central_config.py to central_config.cpython-38.pyc
[3.931s] running install_data
[3.933s] running install_egg_info
[3.941s] removing '/app/dev_ws/install/central/lib/python3.8/site-packages/central-0.0.0-py3.8.egg-info' (and everything under it)
[3.942s] Copying ../../build/central/central.egg-info to /app/dev_ws/install/central/lib/python3.8/site-packages/central-0.0.0-py3.8.egg-info
[3.949s] running install_scripts
[4.028s] Installing collect_data script to /app/dev_ws/install/central/lib/central
[4.029s] Installing main script to /app/dev_ws/install/central/lib/central
[4.031s] writing list of installed files to '/app/dev_ws/build/central/install.log'
[4.133s] Invoked command in '/app/dev_ws/src/central' returned '0': PYTHONPATH=/app/dev_ws/install/central/lib/python3.8/site-packages:${PYTHONPATH} /usr/bin/python3 setup.py egg_info --egg-base ../../build/central build --build-base /app/dev_ws/build/central/build install --prefix /app/dev_ws/install/central --record /app/dev_ws/build/central/install.log --single-version-externally-managed
