[3.470s] Invoking command in '/app/dev_ws/src/central': PYTHONPATH=/app/dev_ws/install/central/lib/python3.8/site-packages:${PYTHONPATH} /usr/bin/python3 setup.py egg_info --egg-base ../../build/central build --build-base /app/dev_ws/build/central/build install --prefix /app/dev_ws/install/central --record /app/dev_ws/build/central/install.log --single-version-externally-managed
[4.828s] running egg_info
[4.831s] writing ../../build/central/central.egg-info/PKG-INFO
[4.832s] writing dependency_links to ../../build/central/central.egg-info/dependency_links.txt
[4.833s] writing entry points to ../../build/central/central.egg-info/entry_points.txt
[4.834s] writing requirements to ../../build/central/central.egg-info/requires.txt
[4.835s] writing top-level names to ../../build/central/central.egg-info/top_level.txt
[5.008s] reading manifest file '../../build/central/central.egg-info/SOURCES.txt'
[5.013s] writing manifest file '../../build/central/central.egg-info/SOURCES.txt'
[5.014s] running build
[5.014s] running build_py
[5.015s] copying central/central_data.py -> /app/dev_ws/build/central/build/lib/central
[5.017s] running install
[5.022s] running install_lib
[5.027s] copying /app/dev_ws/build/central/build/lib/central/central_data.py -> /app/dev_ws/install/central/lib/python3.8/site-packages/central
[5.031s] byte-compiling /app/dev_ws/install/central/lib/python3.8/site-packages/central/central_data.py to central_data.cpython-38.pyc
[5.055s] running install_data
[5.057s] running install_egg_info
[5.066s] removing '/app/dev_ws/install/central/lib/python3.8/site-packages/central-0.0.0-py3.8.egg-info' (and everything under it)
[5.067s] Copying ../../build/central/central.egg-info to /app/dev_ws/install/central/lib/python3.8/site-packages/central-0.0.0-py3.8.egg-info
[5.075s] running install_scripts
[5.161s] Installing collect_data script to /app/dev_ws/install/central/lib/central
[5.162s] Installing config script to /app/dev_ws/install/central/lib/central
[5.164s] writing list of installed files to '/app/dev_ws/build/central/install.log'
[5.299s] Invoked command in '/app/dev_ws/src/central' returned '0': PYTHONPATH=/app/dev_ws/install/central/lib/python3.8/site-packages:${PYTHONPATH} /usr/bin/python3 setup.py egg_info --egg-base ../../build/central build --build-base /app/dev_ws/build/central/build install --prefix /app/dev_ws/install/central --record /app/dev_ws/build/central/install.log --single-version-externally-managed
