[5.623s] Invoking command in '/app/dev_ws/src/ntrip_client': PYTHONPATH=/app/dev_ws/install/ntrip_client/lib/python3.8/site-packages:${PYTHONPATH} /usr/bin/python3 setup.py egg_info --egg-base ../../build/ntrip_client build --build-base /app/dev_ws/build/ntrip_client/build install --prefix /app/dev_ws/install/ntrip_client --record /app/dev_ws/build/ntrip_client/install.log --single-version-externally-managed
[7.570s] running egg_info
[7.574s] writing ../../build/ntrip_client/ntrip_client.egg-info/PKG-INFO
[7.577s] writing dependency_links to ../../build/ntrip_client/ntrip_client.egg-info/dependency_links.txt
[7.580s] writing entry points to ../../build/ntrip_client/ntrip_client.egg-info/entry_points.txt
[7.582s] writing requirements to ../../build/ntrip_client/ntrip_client.egg-info/requires.txt
[7.585s] writing top-level names to ../../build/ntrip_client/ntrip_client.egg-info/top_level.txt
[7.843s] reading manifest file '../../build/ntrip_client/ntrip_client.egg-info/SOURCES.txt'
[7.854s] writing manifest file '../../build/ntrip_client/ntrip_client.egg-info/SOURCES.txt'
[7.856s] running build
[7.858s] running build_py
[7.861s] running install
[7.866s] running install_lib
[7.877s] running install_data
[7.882s] running install_egg_info
[7.893s] removing '/app/dev_ws/install/ntrip_client/lib/python3.8/site-packages/ntrip_client-0.0.0-py3.8.egg-info' (and everything under it)
[7.897s] Copying ../../build/ntrip_client/ntrip_client.egg-info to /app/dev_ws/install/ntrip_client/lib/python3.8/site-packages/ntrip_client-0.0.0-py3.8.egg-info
[7.909s] running install_scripts
[8.024s] Installing main script to /app/dev_ws/install/ntrip_client/lib/ntrip_client
[8.028s] writing list of installed files to '/app/dev_ws/build/ntrip_client/install.log'
[8.203s] Invoked command in '/app/dev_ws/src/ntrip_client' returned '0': PYTHONPATH=/app/dev_ws/install/ntrip_client/lib/python3.8/site-packages:${PYTHONPATH} /usr/bin/python3 setup.py egg_info --egg-base ../../build/ntrip_client build --build-base /app/dev_ws/build/ntrip_client/build install --prefix /app/dev_ws/install/ntrip_client --record /app/dev_ws/build/ntrip_client/install.log --single-version-externally-managed
