[2.703s] Invoking command in '/app/dev_ws/src/xsens_driver': PYTHONPATH=/app/dev_ws/install/xsens_driver/lib/python3.8/site-packages:/app/dev_ws/install/xsens_msgs/lib/python3.8/site-packages:/app/dev_ws/install/xsens_driver/lib/python3.8/site-packages:/app/dev_ws/install/ntrip_client/lib/python3.8/site-packages:/opt/ros/foxy/lib/python3.8/site-packages /usr/bin/python3 setup.py egg_info --egg-base ../../build/xsens_driver build --build-base /app/dev_ws/build/xsens_driver/build install --prefix /app/dev_ws/install/xsens_driver --record /app/dev_ws/build/xsens_driver/install.log --single-version-externally-managed
[3.675s] running egg_info
[3.677s] creating ../../build/xsens_driver/xsens_driver.egg-info
[3.678s] writing ../../build/xsens_driver/xsens_driver.egg-info/PKG-INFO
[3.679s] writing dependency_links to ../../build/xsens_driver/xsens_driver.egg-info/dependency_links.txt
[3.680s] writing entry points to ../../build/xsens_driver/xsens_driver.egg-info/entry_points.txt
[3.681s] writing requirements to ../../build/xsens_driver/xsens_driver.egg-info/requires.txt
[3.682s] writing top-level names to ../../build/xsens_driver/xsens_driver.egg-info/top_level.txt
[3.688s] writing manifest file '../../build/xsens_driver/xsens_driver.egg-info/SOURCES.txt'
[3.841s] reading manifest file '../../build/xsens_driver/xsens_driver.egg-info/SOURCES.txt'
[3.844s] writing manifest file '../../build/xsens_driver/xsens_driver.egg-info/SOURCES.txt'
[3.845s] running build
[3.846s] running build_py
[3.846s] creating /app/dev_ws/build/xsens_driver/build
[3.847s] creating /app/dev_ws/build/xsens_driver/build/lib
[3.847s] creating /app/dev_ws/build/xsens_driver/build/lib/xsens_driver
[3.848s] copying xsens_driver/xsens_measure.py -> /app/dev_ws/build/xsens_driver/build/lib/xsens_driver
[3.848s] copying xsens_driver/xsens_measure_save.py -> /app/dev_ws/build/xsens_driver/build/lib/xsens_driver
[3.850s] copying xsens_driver/__init__.py -> /app/dev_ws/build/xsens_driver/build/lib/xsens_driver
[3.851s] creating /app/dev_ws/build/xsens_driver/build/lib/xsens_driver/utils
[3.852s] copying xsens_driver/utils/mtdevice.py -> /app/dev_ws/build/xsens_driver/build/lib/xsens_driver/utils
[3.856s] copying xsens_driver/utils/mtdef.py -> /app/dev_ws/build/xsens_driver/build/lib/xsens_driver/utils
[3.858s] copying xsens_driver/utils/__init__.py -> /app/dev_ws/build/xsens_driver/build/lib/xsens_driver/utils
[3.859s] running install
[3.863s] running install_lib
[3.867s] creating /app/dev_ws/install/xsens_driver/lib/python3.8/site-packages/xsens_driver
[3.867s] copying /app/dev_ws/build/xsens_driver/build/lib/xsens_driver/xsens_measure.py -> /app/dev_ws/install/xsens_driver/lib/python3.8/site-packages/xsens_driver
[3.868s] creating /app/dev_ws/install/xsens_driver/lib/python3.8/site-packages/xsens_driver/utils
[3.869s] copying /app/dev_ws/build/xsens_driver/build/lib/xsens_driver/utils/mtdevice.py -> /app/dev_ws/install/xsens_driver/lib/python3.8/site-packages/xsens_driver/utils
[3.870s] copying /app/dev_ws/build/xsens_driver/build/lib/xsens_driver/utils/mtdef.py -> /app/dev_ws/install/xsens_driver/lib/python3.8/site-packages/xsens_driver/utils
[3.871s] copying /app/dev_ws/build/xsens_driver/build/lib/xsens_driver/utils/__init__.py -> /app/dev_ws/install/xsens_driver/lib/python3.8/site-packages/xsens_driver/utils
[3.872s] copying /app/dev_ws/build/xsens_driver/build/lib/xsens_driver/xsens_measure_save.py -> /app/dev_ws/install/xsens_driver/lib/python3.8/site-packages/xsens_driver
[3.873s] copying /app/dev_ws/build/xsens_driver/build/lib/xsens_driver/__init__.py -> /app/dev_ws/install/xsens_driver/lib/python3.8/site-packages/xsens_driver
[3.875s] byte-compiling /app/dev_ws/install/xsens_driver/lib/python3.8/site-packages/xsens_driver/xsens_measure.py to xsens_measure.cpython-38.pyc
[3.886s] byte-compiling /app/dev_ws/install/xsens_driver/lib/python3.8/site-packages/xsens_driver/utils/mtdevice.py to mtdevice.cpython-38.pyc
[3.918s] byte-compiling /app/dev_ws/install/xsens_driver/lib/python3.8/site-packages/xsens_driver/utils/mtdef.py to mtdef.cpython-38.pyc
[3.926s] byte-compiling /app/dev_ws/install/xsens_driver/lib/python3.8/site-packages/xsens_driver/utils/__init__.py to __init__.cpython-38.pyc
[3.927s] byte-compiling /app/dev_ws/install/xsens_driver/lib/python3.8/site-packages/xsens_driver/xsens_measure_save.py to xsens_measure_save.cpython-38.pyc
[3.935s] byte-compiling /app/dev_ws/install/xsens_driver/lib/python3.8/site-packages/xsens_driver/__init__.py to __init__.cpython-38.pyc
[3.936s] running install_data
[3.939s] creating /app/dev_ws/install/xsens_driver/share/ament_index
[3.939s] creating /app/dev_ws/install/xsens_driver/share/ament_index/resource_index
[3.940s] creating /app/dev_ws/install/xsens_driver/share/ament_index/resource_index/packages
[3.940s] copying resource/xsens_driver -> /app/dev_ws/install/xsens_driver/share/ament_index/resource_index/packages
[3.941s] copying package.xml -> /app/dev_ws/install/xsens_driver/share/xsens_driver
[3.941s] creating /app/dev_ws/install/xsens_driver/share/xsens_driver/launch
[3.942s] copying launch/xsens_driver_launch.py -> /app/dev_ws/install/xsens_driver/share/xsens_driver/launch
[3.942s] creating /app/dev_ws/install/xsens_driver/share/xsens_driver/config
[3.943s] copying config/params.yaml -> /app/dev_ws/install/xsens_driver/share/xsens_driver/config
[3.943s] running install_egg_info
[3.949s] Copying ../../build/xsens_driver/xsens_driver.egg-info to /app/dev_ws/install/xsens_driver/lib/python3.8/site-packages/xsens_driver-0.0.0-py3.8.egg-info
[3.955s] running install_scripts
[4.029s] Installing main script to /app/dev_ws/install/xsens_driver/lib/xsens_driver
[4.032s] writing list of installed files to '/app/dev_ws/build/xsens_driver/install.log'
[4.129s] Invoked command in '/app/dev_ws/src/xsens_driver' returned '0': PYTHONPATH=/app/dev_ws/install/xsens_driver/lib/python3.8/site-packages:/app/dev_ws/install/xsens_msgs/lib/python3.8/site-packages:/app/dev_ws/install/xsens_driver/lib/python3.8/site-packages:/app/dev_ws/install/ntrip_client/lib/python3.8/site-packages:/opt/ros/foxy/lib/python3.8/site-packages /usr/bin/python3 setup.py egg_info --egg-base ../../build/xsens_driver build --build-base /app/dev_ws/build/xsens_driver/build install --prefix /app/dev_ws/install/xsens_driver --record /app/dev_ws/build/xsens_driver/install.log --single-version-externally-managed
