[3.687s] Invoking command in '/app/dev_ws/src/central': PYTHONPATH=/app/dev_ws/install/central/lib/python3.8/site-packages:${PYTHONPATH} /usr/bin/python3 setup.py egg_info --egg-base ../../build/central build --build-base /app/dev_ws/build/central/build install --prefix /app/dev_ws/install/central --record /app/dev_ws/build/central/install.log --single-version-externally-managed
[4.827s] running egg_info
[4.829s] writing ../../build/central/central.egg-info/PKG-INFO
[4.830s] writing dependency_links to ../../build/central/central.egg-info/dependency_links.txt
[4.831s] writing entry points to ../../build/central/central.egg-info/entry_points.txt
[4.832s] writing requirements to ../../build/central/central.egg-info/requires.txt
[4.833s] writing top-level names to ../../build/central/central.egg-info/top_level.txt
[5.014s] reading manifest file '../../build/central/central.egg-info/SOURCES.txt'
[5.022s] writing manifest file '../../build/central/central.egg-info/SOURCES.txt'
[5.023s] running build
[5.024s] running build_py
[5.024s] copying central/central_data.py -> /app/dev_ws/build/central/build/lib/central
[5.026s] running install
[5.030s] running install_lib
[5.036s] copying /app/dev_ws/build/central/build/lib/central/central_data.py -> /app/dev_ws/install/central/lib/python3.8/site-packages/central
[5.043s] byte-compiling /app/dev_ws/install/central/lib/python3.8/site-packages/central/central_data.py to central_data.cpython-38.pyc
[5.064s] running install_data
[5.067s] running install_egg_info
[5.075s] removing '/app/dev_ws/install/central/lib/python3.8/site-packages/central-0.0.0-py3.8.egg-info' (and everything under it)
[5.077s] Copying ../../build/central/central.egg-info to /app/dev_ws/install/central/lib/python3.8/site-packages/central-0.0.0-py3.8.egg-info
[5.084s] running install_scripts
[5.178s] Installing collect_data script to /app/dev_ws/install/central/lib/central
[5.179s] Installing config script to /app/dev_ws/install/central/lib/central
[5.181s] writing list of installed files to '/app/dev_ws/build/central/install.log'
[5.292s] Invoked command in '/app/dev_ws/src/central' returned '0': PYTHONPATH=/app/dev_ws/install/central/lib/python3.8/site-packages:${PYTHONPATH} /usr/bin/python3 setup.py egg_info --egg-base ../../build/central build --build-base /app/dev_ws/build/central/build install --prefix /app/dev_ws/install/central --record /app/dev_ws/build/central/install.log --single-version-externally-managed
