[4.660s] Invoking command in '/app/dev_ws/src/ntrip_client': PYTHONPATH=/app/dev_ws/install/ntrip_client/lib/python3.8/site-packages:${PYTHONPATH} /usr/bin/python3 setup.py egg_info --egg-base ../../build/ntrip_client build --build-base /app/dev_ws/build/ntrip_client/build install --prefix /app/dev_ws/install/ntrip_client --record /app/dev_ws/build/ntrip_client/install.log --single-version-externally-managed
[5.923s] running egg_info
[5.937s] writing ../../build/ntrip_client/ntrip_client.egg-info/PKG-INFO
[5.938s] writing dependency_links to ../../build/ntrip_client/ntrip_client.egg-info/dependency_links.txt
[5.939s] writing entry points to ../../build/ntrip_client/ntrip_client.egg-info/entry_points.txt
[5.939s] writing requirements to ../../build/ntrip_client/ntrip_client.egg-info/requires.txt
[5.957s] writing top-level names to ../../build/ntrip_client/ntrip_client.egg-info/top_level.txt
[6.138s] reading manifest file '../../build/ntrip_client/ntrip_client.egg-info/SOURCES.txt'
[6.139s] writing manifest file '../../build/ntrip_client/ntrip_client.egg-info/SOURCES.txt'
[6.140s] running build
[6.141s] running build_py
[6.142s] running install
[6.146s] running install_lib
[6.155s] running install_data
[6.157s] running install_egg_info
[6.166s] removing '/app/dev_ws/install/ntrip_client/lib/python3.8/site-packages/ntrip_client-0.0.0-py3.8.egg-info' (and everything under it)
[6.169s] Copying ../../build/ntrip_client/ntrip_client.egg-info to /app/dev_ws/install/ntrip_client/lib/python3.8/site-packages/ntrip_client-0.0.0-py3.8.egg-info
[6.178s] running install_scripts
[6.277s] Installing main script to /app/dev_ws/install/ntrip_client/lib/ntrip_client
[6.279s] writing list of installed files to '/app/dev_ws/build/ntrip_client/install.log'
[7.089s] Invoked command in '/app/dev_ws/src/ntrip_client' returned '0': PYTHONPATH=/app/dev_ws/install/ntrip_client/lib/python3.8/site-packages:${PYTHONPATH} /usr/bin/python3 setup.py egg_info --egg-base ../../build/ntrip_client build --build-base /app/dev_ws/build/ntrip_client/build install --prefix /app/dev_ws/install/ntrip_client --record /app/dev_ws/build/ntrip_client/install.log --single-version-externally-managed
