[3.417s] Invoking command in '/app/dev_ws/src/central': PYTHONPATH=/app/dev_ws/install/central/lib/python3.8/site-packages:${PYTHONPATH} /usr/bin/python3 setup.py egg_info --egg-base ../../build/central build --build-base /app/dev_ws/build/central/build install --prefix /app/dev_ws/install/central --record /app/dev_ws/build/central/install.log --single-version-externally-managed
[5.035s] running egg_info
[5.044s] writing ../../build/central/central.egg-info/PKG-INFO
[5.045s] writing dependency_links to ../../build/central/central.egg-info/dependency_links.txt
[5.045s] writing entry points to ../../build/central/central.egg-info/entry_points.txt
[5.046s] writing requirements to ../../build/central/central.egg-info/requires.txt
[5.046s] writing top-level names to ../../build/central/central.egg-info/top_level.txt
[5.205s] reading manifest file '../../build/central/central.egg-info/SOURCES.txt'
[5.210s] writing manifest file '../../build/central/central.egg-info/SOURCES.txt'
[5.212s] running build
[5.213s] running build_py
[5.213s] copying central/central_data.py -> /app/dev_ws/build/central/build/lib/central
[5.215s] running install
[5.219s] running install_lib
[5.223s] copying /app/dev_ws/build/central/build/lib/central/central_data.py -> /app/dev_ws/install/central/lib/python3.8/site-packages/central
[5.227s] byte-compiling /app/dev_ws/install/central/lib/python3.8/site-packages/central/central_data.py to central_data.cpython-38.pyc
[5.248s] running install_data
[5.251s] running install_egg_info
[5.258s] removing '/app/dev_ws/install/central/lib/python3.8/site-packages/central-0.0.0-py3.8.egg-info' (and everything under it)
[5.260s] Copying ../../build/central/central.egg-info to /app/dev_ws/install/central/lib/python3.8/site-packages/central-0.0.0-py3.8.egg-info
[5.266s] running install_scripts
[5.347s] Installing collect_data script to /app/dev_ws/install/central/lib/central
[5.348s] Installing config script to /app/dev_ws/install/central/lib/central
[5.350s] writing list of installed files to '/app/dev_ws/build/central/install.log'
[5.452s] Invoked command in '/app/dev_ws/src/central' returned '0': PYTHONPATH=/app/dev_ws/install/central/lib/python3.8/site-packages:${PYTHONPATH} /usr/bin/python3 setup.py egg_info --egg-base ../../build/central build --build-base /app/dev_ws/build/central/build install --prefix /app/dev_ws/install/central --record /app/dev_ws/build/central/install.log --single-version-externally-managed
