[3.781s] Invoking command in '/app/dev_ws/src/central': PYTHONPATH=/app/dev_ws/install/central/lib/python3.8/site-packages:${PYTHONPATH} /usr/bin/python3 setup.py egg_info --egg-base ../../build/central build --build-base /app/dev_ws/build/central/build install --prefix /app/dev_ws/install/central --record /app/dev_ws/build/central/install.log --single-version-externally-managed
[4.983s] running egg_info
[4.985s] writing ../../build/central/central.egg-info/PKG-INFO
[4.987s] writing dependency_links to ../../build/central/central.egg-info/dependency_links.txt
[4.988s] writing entry points to ../../build/central/central.egg-info/entry_points.txt
[4.989s] writing requirements to ../../build/central/central.egg-info/requires.txt
[4.989s] writing top-level names to ../../build/central/central.egg-info/top_level.txt
[5.168s] reading manifest file '../../build/central/central.egg-info/SOURCES.txt'
[5.172s] writing manifest file '../../build/central/central.egg-info/SOURCES.txt'
[5.173s] running build
[5.173s] running build_py
[5.174s] copying central/central_data.py -> /app/dev_ws/build/central/build/lib/central
[5.176s] running install
[5.188s] running install_lib
[5.211s] copying /app/dev_ws/build/central/build/lib/central/central_data.py -> /app/dev_ws/install/central/lib/python3.8/site-packages/central
[5.218s] byte-compiling /app/dev_ws/install/central/lib/python3.8/site-packages/central/central_data.py to central_data.cpython-38.pyc
[5.232s] running install_data
[5.235s] running install_egg_info
[5.243s] removing '/app/dev_ws/install/central/lib/python3.8/site-packages/central-0.0.0-py3.8.egg-info' (and everything under it)
[5.249s] Copying ../../build/central/central.egg-info to /app/dev_ws/install/central/lib/python3.8/site-packages/central-0.0.0-py3.8.egg-info
[5.254s] running install_scripts
[5.344s] Installing collect_data script to /app/dev_ws/install/central/lib/central
[5.345s] Installing config script to /app/dev_ws/install/central/lib/central
[5.347s] writing list of installed files to '/app/dev_ws/build/central/install.log'
[5.448s] Invoked command in '/app/dev_ws/src/central' returned '0': PYTHONPATH=/app/dev_ws/install/central/lib/python3.8/site-packages:${PYTHONPATH} /usr/bin/python3 setup.py egg_info --egg-base ../../build/central build --build-base /app/dev_ws/build/central/build install --prefix /app/dev_ws/install/central --record /app/dev_ws/build/central/install.log --single-version-externally-managed
