[3.029s] Invoking command in '/app/dev_ws/src/ntrip_client': PYTHONPATH=/app/dev_ws/install/ntrip_client/lib/python3.8/site-packages:${PYTHONPATH} /usr/bin/python3 setup.py egg_info --egg-base ../../build/ntrip_client build --build-base /app/dev_ws/build/ntrip_client/build install --prefix /app/dev_ws/install/ntrip_client --record /app/dev_ws/build/ntrip_client/install.log --single-version-externally-managed
[4.060s] running egg_info
[4.063s] writing ../../build/ntrip_client/ntrip_client.egg-info/PKG-INFO
[4.064s] writing dependency_links to ../../build/ntrip_client/ntrip_client.egg-info/dependency_links.txt
[4.065s] writing entry points to ../../build/ntrip_client/ntrip_client.egg-info/entry_points.txt
[4.066s] writing requirements to ../../build/ntrip_client/ntrip_client.egg-info/requires.txt
[4.066s] writing top-level names to ../../build/ntrip_client/ntrip_client.egg-info/top_level.txt
[4.225s] reading manifest file '../../build/ntrip_client/ntrip_client.egg-info/SOURCES.txt'
[4.229s] writing manifest file '../../build/ntrip_client/ntrip_client.egg-info/SOURCES.txt'
[4.230s] running build
[4.230s] running build_py
[4.231s] copying ntrip_client/ntrip_pub.py -> /app/dev_ws/build/ntrip_client/build/lib/ntrip_client
[4.233s] running install
[4.236s] running install_lib
[4.241s] copying /app/dev_ws/build/ntrip_client/build/lib/ntrip_client/ntrip_pub.py -> /app/dev_ws/install/ntrip_client/lib/python3.8/site-packages/ntrip_client
[4.245s] byte-compiling /app/dev_ws/install/ntrip_client/lib/python3.8/site-packages/ntrip_client/ntrip_pub.py to ntrip_pub.cpython-38.pyc
[4.256s] running install_data
[4.258s] running install_egg_info
[4.266s] removing '/app/dev_ws/install/ntrip_client/lib/python3.8/site-packages/ntrip_client-0.0.0-py3.8.egg-info' (and everything under it)
[4.268s] Copying ../../build/ntrip_client/ntrip_client.egg-info to /app/dev_ws/install/ntrip_client/lib/python3.8/site-packages/ntrip_client-0.0.0-py3.8.egg-info
[4.274s] running install_scripts
[4.352s] Installing main script to /app/dev_ws/install/ntrip_client/lib/ntrip_client
[4.354s] writing list of installed files to '/app/dev_ws/build/ntrip_client/install.log'
[4.455s] Invoked command in '/app/dev_ws/src/ntrip_client' returned '0': PYTHONPATH=/app/dev_ws/install/ntrip_client/lib/python3.8/site-packages:${PYTHONPATH} /usr/bin/python3 setup.py egg_info --egg-base ../../build/ntrip_client build --build-base /app/dev_ws/build/ntrip_client/build install --prefix /app/dev_ws/install/ntrip_client --record /app/dev_ws/build/ntrip_client/install.log --single-version-externally-managed
