[3.021s] Invoking command in '/app/dev_ws/src/central': PYTHONPATH=/app/dev_ws/install/central/lib/python3.8/site-packages:${PYTHONPATH} /usr/bin/python3 setup.py egg_info --egg-base ../../build/central build --build-base /app/dev_ws/build/central/build install --prefix /app/dev_ws/install/central --record /app/dev_ws/build/central/install.log --single-version-externally-managed
[4.082s] running egg_info
[4.085s] writing ../../build/central/central.egg-info/PKG-INFO
[4.086s] writing dependency_links to ../../build/central/central.egg-info/dependency_links.txt
[4.087s] writing entry points to ../../build/central/central.egg-info/entry_points.txt
[4.088s] writing requirements to ../../build/central/central.egg-info/requires.txt
[4.089s] writing top-level names to ../../build/central/central.egg-info/top_level.txt
[4.248s] reading manifest file '../../build/central/central.egg-info/SOURCES.txt'
[4.253s] writing manifest file '../../build/central/central.egg-info/SOURCES.txt'
[4.253s] running build
[4.254s] running build_py
[4.254s] copying central/central_data.py -> /app/dev_ws/build/central/build/lib/central
[4.256s] running install
[4.261s] running install_lib
[4.266s] copying /app/dev_ws/build/central/build/lib/central/central_data.py -> /app/dev_ws/install/central/lib/python3.8/site-packages/central
[4.270s] byte-compiling /app/dev_ws/install/central/lib/python3.8/site-packages/central/central_data.py to central_data.cpython-38.pyc
[4.281s] Sorry: IndentationError: unindent does not match any outer indentation level (central_data.py, line 247)
[4.281s] running install_data
[4.284s] running install_egg_info
[4.292s] removing '/app/dev_ws/install/central/lib/python3.8/site-packages/central-0.0.0-py3.8.egg-info' (and everything under it)
[4.294s] Copying ../../build/central/central.egg-info to /app/dev_ws/install/central/lib/python3.8/site-packages/central-0.0.0-py3.8.egg-info
[4.300s] running install_scripts
[4.378s] Installing collect_data script to /app/dev_ws/install/central/lib/central
[4.379s] Installing config script to /app/dev_ws/install/central/lib/central
[4.382s] writing list of installed files to '/app/dev_ws/build/central/install.log'
[4.485s] Invoked command in '/app/dev_ws/src/central' returned '0': PYTHONPATH=/app/dev_ws/install/central/lib/python3.8/site-packages:${PYTHONPATH} /usr/bin/python3 setup.py egg_info --egg-base ../../build/central build --build-base /app/dev_ws/build/central/build install --prefix /app/dev_ws/install/central --record /app/dev_ws/build/central/install.log --single-version-externally-managed
