[3.209s] Invoking command in '/app/dev_ws/src/central': PYTHONPATH=/app/dev_ws/install/central/lib/python3.8/site-packages:${PYTHONPATH} /usr/bin/python3 setup.py egg_info --egg-base ../../build/central build --build-base /app/dev_ws/build/central/build install --prefix /app/dev_ws/install/central --record /app/dev_ws/build/central/install.log --single-version-externally-managed
[4.312s] running egg_info
[4.314s] writing ../../build/central/central.egg-info/PKG-INFO
[4.316s] writing dependency_links to ../../build/central/central.egg-info/dependency_links.txt
[4.317s] writing entry points to ../../build/central/central.egg-info/entry_points.txt
[4.318s] writing requirements to ../../build/central/central.egg-info/requires.txt
[4.319s] writing top-level names to ../../build/central/central.egg-info/top_level.txt
[4.484s] reading manifest file '../../build/central/central.egg-info/SOURCES.txt'
[4.488s] writing manifest file '../../build/central/central.egg-info/SOURCES.txt'
[4.489s] running build
[4.489s] running build_py
[4.490s] copying central/central_data.py -> /app/dev_ws/build/central/build/lib/central
[4.492s] running install
[4.497s] running install_lib
[4.503s] copying /app/dev_ws/build/central/build/lib/central/central_data.py -> /app/dev_ws/install/central/lib/python3.8/site-packages/central
[4.507s] byte-compiling /app/dev_ws/install/central/lib/python3.8/site-packages/central/central_data.py to central_data.cpython-38.pyc
[4.523s] Sorry: TabError: inconsistent use of tabs and spaces in indentation (central_data.py, line 472)
[4.523s] running install_data
[4.526s] running install_egg_info
[4.534s] removing '/app/dev_ws/install/central/lib/python3.8/site-packages/central-0.0.0-py3.8.egg-info' (and everything under it)
[4.535s] Copying ../../build/central/central.egg-info to /app/dev_ws/install/central/lib/python3.8/site-packages/central-0.0.0-py3.8.egg-info
[4.541s] running install_scripts
[4.625s] Installing collect_data script to /app/dev_ws/install/central/lib/central
[4.626s] Installing config script to /app/dev_ws/install/central/lib/central
[4.628s] writing list of installed files to '/app/dev_ws/build/central/install.log'
[4.735s] Invoked command in '/app/dev_ws/src/central' returned '0': PYTHONPATH=/app/dev_ws/install/central/lib/python3.8/site-packages:${PYTHONPATH} /usr/bin/python3 setup.py egg_info --egg-base ../../build/central build --build-base /app/dev_ws/build/central/build install --prefix /app/dev_ws/install/central --record /app/dev_ws/build/central/install.log --single-version-externally-managed
