[3.041s] Invoking command in '/app/dev_ws/src/xsens_driver': PYTHONPATH=/app/dev_ws/install/xsens_driver/lib/python3.8/site-packages:/app/dev_ws/install/xsens_msgs/lib/python3.8/site-packages:/app/dev_ws/install/central/lib/python3.8/site-packages:/app/dev_ws/install/xsens_driver/lib/python3.8/site-packages:/app/dev_ws/install/ntrip_client/lib/python3.8/site-packages:/opt/ros/foxy/lib/python3.8/site-packages /usr/bin/python3 setup.py egg_info --egg-base ../../build/xsens_driver build --build-base /app/dev_ws/build/xsens_driver/build install --prefix /app/dev_ws/install/xsens_driver --record /app/dev_ws/build/xsens_driver/install.log --single-version-externally-managed
[4.020s] running egg_info
[4.022s] writing ../../build/xsens_driver/xsens_driver.egg-info/PKG-INFO
[4.024s] writing dependency_links to ../../build/xsens_driver/xsens_driver.egg-info/dependency_links.txt
[4.025s] writing entry points to ../../build/xsens_driver/xsens_driver.egg-info/entry_points.txt
[4.025s] writing requirements to ../../build/xsens_driver/xsens_driver.egg-info/requires.txt
[4.026s] writing top-level names to ../../build/xsens_driver/xsens_driver.egg-info/top_level.txt
[4.185s] reading manifest file '../../build/xsens_driver/xsens_driver.egg-info/SOURCES.txt'
[4.189s] writing manifest file '../../build/xsens_driver/xsens_driver.egg-info/SOURCES.txt'
[4.190s] running build
[4.190s] running build_py
[4.191s] copying xsens_driver/xsens_measure.py -> /app/dev_ws/build/xsens_driver/build/lib/xsens_driver
[4.195s] running install
[4.198s] running install_lib
[4.202s] copying /app/dev_ws/build/xsens_driver/build/lib/xsens_driver/xsens_measure.py -> /app/dev_ws/install/xsens_driver/lib/python3.8/site-packages/xsens_driver
[4.207s] byte-compiling /app/dev_ws/install/xsens_driver/lib/python3.8/site-packages/xsens_driver/xsens_measure.py to xsens_measure.cpython-38.pyc
[4.218s] running install_data
[4.221s] running install_egg_info
[4.227s] removing '/app/dev_ws/install/xsens_driver/lib/python3.8/site-packages/xsens_driver-0.0.0-py3.8.egg-info' (and everything under it)
[4.229s] Copying ../../build/xsens_driver/xsens_driver.egg-info to /app/dev_ws/install/xsens_driver/lib/python3.8/site-packages/xsens_driver-0.0.0-py3.8.egg-info
[4.235s] running install_scripts
[4.309s] Installing main script to /app/dev_ws/install/xsens_driver/lib/xsens_driver
[4.312s] writing list of installed files to '/app/dev_ws/build/xsens_driver/install.log'
[4.408s] Invoked command in '/app/dev_ws/src/xsens_driver' returned '0': PYTHONPATH=/app/dev_ws/install/xsens_driver/lib/python3.8/site-packages:/app/dev_ws/install/xsens_msgs/lib/python3.8/site-packages:/app/dev_ws/install/central/lib/python3.8/site-packages:/app/dev_ws/install/xsens_driver/lib/python3.8/site-packages:/app/dev_ws/install/ntrip_client/lib/python3.8/site-packages:/opt/ros/foxy/lib/python3.8/site-packages /usr/bin/python3 setup.py egg_info --egg-base ../../build/xsens_driver build --build-base /app/dev_ws/build/xsens_driver/build install --prefix /app/dev_ws/install/xsens_driver --record /app/dev_ws/build/xsens_driver/install.log --single-version-externally-managed
