[3.610s] Invoking command in '/app/dev_ws/src/central': PYTHONPATH=/app/dev_ws/install/central/lib/python3.8/site-packages:${PYTHONPATH} /usr/bin/python3 setup.py egg_info --egg-base ../../build/central build --build-base /app/dev_ws/build/central/build install --prefix /app/dev_ws/install/central --record /app/dev_ws/build/central/install.log --single-version-externally-managed
[4.819s] running egg_info
[4.822s] writing ../../build/central/central.egg-info/PKG-INFO
[4.825s] writing dependency_links to ../../build/central/central.egg-info/dependency_links.txt
[4.826s] writing entry points to ../../build/central/central.egg-info/entry_points.txt
[4.826s] writing requirements to ../../build/central/central.egg-info/requires.txt
[4.827s] writing top-level names to ../../build/central/central.egg-info/top_level.txt
[4.999s] reading manifest file '../../build/central/central.egg-info/SOURCES.txt'
[5.003s] writing manifest file '../../build/central/central.egg-info/SOURCES.txt'
[5.005s] running build
[5.005s] running build_py
[5.006s] copying central/central_data.py -> /app/dev_ws/build/central/build/lib/central
[5.008s] running install
[5.013s] running install_lib
[5.019s] copying /app/dev_ws/build/central/build/lib/central/central_data.py -> /app/dev_ws/install/central/lib/python3.8/site-packages/central
[5.024s] byte-compiling /app/dev_ws/install/central/lib/python3.8/site-packages/central/central_data.py to central_data.cpython-38.pyc
[5.051s] running install_data
[5.053s] running install_egg_info
[5.061s] removing '/app/dev_ws/install/central/lib/python3.8/site-packages/central-0.0.0-py3.8.egg-info' (and everything under it)
[5.063s] Copying ../../build/central/central.egg-info to /app/dev_ws/install/central/lib/python3.8/site-packages/central-0.0.0-py3.8.egg-info
[5.071s] running install_scripts
[5.161s] Installing collect_data script to /app/dev_ws/install/central/lib/central
[5.162s] Installing config script to /app/dev_ws/install/central/lib/central
[5.165s] writing list of installed files to '/app/dev_ws/build/central/install.log'
[5.274s] Invoked command in '/app/dev_ws/src/central' returned '0': PYTHONPATH=/app/dev_ws/install/central/lib/python3.8/site-packages:${PYTHONPATH} /usr/bin/python3 setup.py egg_info --egg-base ../../build/central build --build-base /app/dev_ws/build/central/build install --prefix /app/dev_ws/install/central --record /app/dev_ws/build/central/install.log --single-version-externally-managed
