[0.668s] DEBUG:colcon:Command line arguments: ['/usr/bin/colcon', 'build', '--packages-select', 'xsens_msgs']
[0.668s] DEBUG:colcon:Parsed command line arguments: Namespace(ament_cmake_args=None, base_paths=['.'], build_base='build', catkin_cmake_args=None, catkin_skip_building_tests=False, cmake_args=None, cmake_clean_cache=False, cmake_clean_first=False, cmake_force_configure=False, cmake_target=None, cmake_target_skip_unavailable=False, continue_on_error=False, event_handlers=None, executor='parallel', ignore_user_meta=False, install_base='install', log_base=None, log_level=None, main=<bound method BuildVerb.main of <colcon_core.verb.build.BuildVerb object at 0xffffa0025430>>, merge_install=False, metas=['./colcon.meta'], mixin=None, mixin_files=None, mixin_verb=('build',), packages_above=None, packages_above_and_dependencies=None, packages_above_depth=None, packages_end=None, packages_ignore=None, packages_ignore_regex=None, packages_select=['xsens_msgs'], packages_select_build_failed=False, packages_select_by_dep=None, packages_select_regex=None, packages_select_test_failures=False, packages_skip=None, packages_skip_build_finished=False, packages_skip_by_dep=None, packages_skip_regex=None, packages_skip_test_passed=False, packages_skip_up_to=None, packages_start=None, packages_up_to=None, packages_up_to_regex=None, parallel_workers=4, paths=None, symlink_install=False, test_result_base=None, verb_extension=<colcon_core.verb.build.BuildVerb object at 0xffffa0025430>, verb_name='build', verb_parser=<colcon_mixin.mixin.mixin_argument.MixinArgumentDecorator object at 0xffffa0025a90>)
[0.777s] Level 1:colcon.colcon_core.package_discovery:discover_packages(colcon_meta) check parameters
[0.780s] INFO:colcon.colcon_metadata.package_discovery.colcon_meta:Using configuration from '/root/.colcon/metadata/default/Gazebo.meta'
[0.782s] INFO:colcon.colcon_metadata.package_discovery.colcon_meta:Using configuration from '/root/.colcon/metadata/default/fastrtps.meta'
[0.782s] Level 1:colcon.colcon_core.package_discovery:discover_packages(recursive) check parameters
[0.783s] Level 1:colcon.colcon_core.package_discovery:discover_packages(ignore) check parameters
[0.783s] Level 1:colcon.colcon_core.package_discovery:discover_packages(path) check parameters
[0.783s] Level 1:colcon.colcon_core.package_discovery:discover_packages(colcon_meta) discover
[0.783s] Level 1:colcon.colcon_core.package_discovery:discover_packages(recursive) discover
[0.783s] INFO:colcon.colcon_core.package_discovery:Crawling recursively for packages in '/app/dev_ws'
[0.784s] Level 1:colcon.colcon_core.package_identification:_identify(.) by extensions ['ignore', 'ignore_ament_install']
[0.784s] Level 1:colcon.colcon_core.package_identification:_identify(.) by extension 'ignore'
[0.785s] Level 1:colcon.colcon_core.package_identification:_identify(.) by extension 'ignore_ament_install'
[0.785s] Level 1:colcon.colcon_core.package_identification:_identify(.) by extensions ['colcon_pkg']
[0.785s] Level 1:colcon.colcon_core.package_identification:_identify(.) by extension 'colcon_pkg'
[0.785s] Level 1:colcon.colcon_core.package_identification:_identify(.) by extensions ['colcon_meta']
[0.785s] Level 1:colcon.colcon_core.package_identification:_identify(.) by extension 'colcon_meta'
[0.785s] Level 1:colcon.colcon_core.package_identification:_identify(.) by extensions ['ros']
[0.786s] Level 1:colcon.colcon_core.package_identification:_identify(.) by extension 'ros'
[0.839s] Level 1:colcon.colcon_core.package_identification:_identify(.) by extensions ['cmake', 'python']
[0.839s] Level 1:colcon.colcon_core.package_identification:_identify(.) by extension 'cmake'
[0.840s] Level 1:colcon.colcon_core.package_identification:_identify(.) by extension 'python'
[0.840s] Level 1:colcon.colcon_core.package_identification:_identify(.) by extensions ['python_setup_py']
[0.840s] Level 1:colcon.colcon_core.package_identification:_identify(.) by extension 'python_setup_py'
[0.840s] Level 1:colcon.colcon_core.package_identification:_identify(build) by extensions ['ignore', 'ignore_ament_install']
[0.841s] Level 1:colcon.colcon_core.package_identification:_identify(build) by extension 'ignore'
[0.841s] Level 1:colcon.colcon_core.package_identification:_identify(build) ignored
[0.842s] Level 1:colcon.colcon_core.package_identification:_identify(install) by extensions ['ignore', 'ignore_ament_install']
[0.842s] Level 1:colcon.colcon_core.package_identification:_identify(install) by extension 'ignore'
[0.842s] Level 1:colcon.colcon_core.package_identification:_identify(install) ignored
[0.843s] Level 1:colcon.colcon_core.package_identification:_identify(log) by extensions ['ignore', 'ignore_ament_install']
[0.843s] Level 1:colcon.colcon_core.package_identification:_identify(log) by extension 'ignore'
[0.844s] Level 1:colcon.colcon_core.package_identification:_identify(log) ignored
[0.844s] Level 1:colcon.colcon_core.package_identification:_identify(src) by extensions ['ignore', 'ignore_ament_install']
[0.844s] Level 1:colcon.colcon_core.package_identification:_identify(src) by extension 'ignore'
[0.844s] Level 1:colcon.colcon_core.package_identification:_identify(src) by extension 'ignore_ament_install'
[0.845s] Level 1:colcon.colcon_core.package_identification:_identify(src) by extensions ['colcon_pkg']
[0.845s] Level 1:colcon.colcon_core.package_identification:_identify(src) by extension 'colcon_pkg'
[0.845s] Level 1:colcon.colcon_core.package_identification:_identify(src) by extensions ['colcon_meta']
[0.845s] Level 1:colcon.colcon_core.package_identification:_identify(src) by extension 'colcon_meta'
[0.845s] Level 1:colcon.colcon_core.package_identification:_identify(src) by extensions ['ros']
[0.846s] Level 1:colcon.colcon_core.package_identification:_identify(src) by extension 'ros'
[0.846s] Level 1:colcon.colcon_core.package_identification:_identify(src) by extensions ['cmake', 'python']
[0.846s] Level 1:colcon.colcon_core.package_identification:_identify(src) by extension 'cmake'
[0.846s] Level 1:colcon.colcon_core.package_identification:_identify(src) by extension 'python'
[0.847s] Level 1:colcon.colcon_core.package_identification:_identify(src) by extensions ['python_setup_py']
[0.847s] Level 1:colcon.colcon_core.package_identification:_identify(src) by extension 'python_setup_py'
[0.847s] Level 1:colcon.colcon_core.package_identification:_identify(src/cam_client) by extensions ['ignore', 'ignore_ament_install']
[0.848s] Level 1:colcon.colcon_core.package_identification:_identify(src/cam_client) by extension 'ignore'
[0.848s] Level 1:colcon.colcon_core.package_identification:_identify(src/cam_client) by extension 'ignore_ament_install'
[0.848s] Level 1:colcon.colcon_core.package_identification:_identify(src/cam_client) by extensions ['colcon_pkg']
[0.848s] Level 1:colcon.colcon_core.package_identification:_identify(src/cam_client) by extension 'colcon_pkg'
[0.848s] Level 1:colcon.colcon_core.package_identification:_identify(src/cam_client) by extensions ['colcon_meta']
[0.848s] Level 1:colcon.colcon_core.package_identification:_identify(src/cam_client) by extension 'colcon_meta'
[0.849s] Level 1:colcon.colcon_core.package_identification:_identify(src/cam_client) by extensions ['ros']
[0.849s] Level 1:colcon.colcon_core.package_identification:_identify(src/cam_client) by extension 'ros'
[0.860s] DEBUG:colcon.colcon_core.package_identification:Package 'src/cam_client' with type 'ros.ament_python' and name 'cam_client'
[0.860s] Level 1:colcon.colcon_core.package_identification:_identify(src/xsens_msgs) by extensions ['ignore', 'ignore_ament_install']
[0.861s] Level 1:colcon.colcon_core.package_identification:_identify(src/xsens_msgs) by extension 'ignore'
[0.861s] Level 1:colcon.colcon_core.package_identification:_identify(src/xsens_msgs) by extension 'ignore_ament_install'
[0.861s] Level 1:colcon.colcon_core.package_identification:_identify(src/xsens_msgs) by extensions ['colcon_pkg']
[0.861s] Level 1:colcon.colcon_core.package_identification:_identify(src/xsens_msgs) by extension 'colcon_pkg'
[0.862s] Level 1:colcon.colcon_core.package_identification:_identify(src/xsens_msgs) by extensions ['colcon_meta']
[0.862s] Level 1:colcon.colcon_core.package_identification:_identify(src/xsens_msgs) by extension 'colcon_meta'
[0.862s] Level 1:colcon.colcon_core.package_identification:_identify(src/xsens_msgs) by extensions ['ros']
[0.862s] Level 1:colcon.colcon_core.package_identification:_identify(src/xsens_msgs) by extension 'ros'
[0.865s] DEBUG:colcon.colcon_core.package_identification:Package 'src/xsens_msgs' with type 'ros.ament_cmake' and name 'xsens_msgs'
[0.866s] Level 1:colcon.colcon_core.package_identification:_identify(tiscamera) by extensions ['ignore', 'ignore_ament_install']
[0.867s] Level 1:colcon.colcon_core.package_identification:_identify(tiscamera) by extension 'ignore'
[0.867s] Level 1:colcon.colcon_core.package_identification:_identify(tiscamera) by extension 'ignore_ament_install'
[0.867s] Level 1:colcon.colcon_core.package_identification:_identify(tiscamera) by extensions ['colcon_pkg']
[0.867s] Level 1:colcon.colcon_core.package_identification:_identify(tiscamera) by extension 'colcon_pkg'
[0.868s] Level 1:colcon.colcon_core.package_identification:_identify(tiscamera) by extensions ['colcon_meta']
[0.868s] Level 1:colcon.colcon_core.package_identification:_identify(tiscamera) by extension 'colcon_meta'
[0.868s] Level 1:colcon.colcon_core.package_identification:_identify(tiscamera) by extensions ['ros']
[0.868s] Level 1:colcon.colcon_core.package_identification:_identify(tiscamera) by extension 'ros'
[0.868s] Level 1:colcon.colcon_core.package_identification:_identify(tiscamera) by extensions ['cmake', 'python']
[0.869s] Level 1:colcon.colcon_core.package_identification:_identify(tiscamera) by extension 'cmake'
[1.067s] Level 1:colcon.colcon_core.package_identification:_identify(tiscamera) by extension 'python'
[1.068s] DEBUG:colcon.colcon_core.package_identification:Package 'tiscamera' with type 'cmake' and name 'tcam'
[1.068s] Level 1:colcon.colcon_core.package_identification:_identify(vision_opencv) by extensions ['ignore', 'ignore_ament_install']
[1.069s] Level 1:colcon.colcon_core.package_identification:_identify(vision_opencv) by extension 'ignore'
[1.069s] Level 1:colcon.colcon_core.package_identification:_identify(vision_opencv) by extension 'ignore_ament_install'
[1.069s] Level 1:colcon.colcon_core.package_identification:_identify(vision_opencv) by extensions ['colcon_pkg']
[1.069s] Level 1:colcon.colcon_core.package_identification:_identify(vision_opencv) by extension 'colcon_pkg'
[1.069s] Level 1:colcon.colcon_core.package_identification:_identify(vision_opencv) by extensions ['colcon_meta']
[1.070s] Level 1:colcon.colcon_core.package_identification:_identify(vision_opencv) by extension 'colcon_meta'
[1.070s] Level 1:colcon.colcon_core.package_identification:_identify(vision_opencv) by extensions ['ros']
[1.070s] Level 1:colcon.colcon_core.package_identification:_identify(vision_opencv) by extension 'ros'
[1.070s] Level 1:colcon.colcon_core.package_identification:_identify(vision_opencv) by extensions ['cmake', 'python']
[1.071s] Level 1:colcon.colcon_core.package_identification:_identify(vision_opencv) by extension 'cmake'
[1.071s] Level 1:colcon.colcon_core.package_identification:_identify(vision_opencv) by extension 'python'
[1.071s] Level 1:colcon.colcon_core.package_identification:_identify(vision_opencv) by extensions ['python_setup_py']
[1.071s] Level 1:colcon.colcon_core.package_identification:_identify(vision_opencv) by extension 'python_setup_py'
[1.072s] Level 1:colcon.colcon_core.package_identification:_identify(vision_opencv/build) by extensions ['ignore', 'ignore_ament_install']
[1.072s] Level 1:colcon.colcon_core.package_identification:_identify(vision_opencv/build) by extension 'ignore'
[1.072s] Level 1:colcon.colcon_core.package_identification:_identify(vision_opencv/build) ignored
[1.073s] Level 1:colcon.colcon_core.package_identification:_identify(vision_opencv/cv_bridge) by extensions ['ignore', 'ignore_ament_install']
[1.073s] Level 1:colcon.colcon_core.package_identification:_identify(vision_opencv/cv_bridge) by extension 'ignore'
[1.073s] Level 1:colcon.colcon_core.package_identification:_identify(vision_opencv/cv_bridge) by extension 'ignore_ament_install'
[1.074s] Level 1:colcon.colcon_core.package_identification:_identify(vision_opencv/cv_bridge) by extensions ['colcon_pkg']
[1.074s] Level 1:colcon.colcon_core.package_identification:_identify(vision_opencv/cv_bridge) by extension 'colcon_pkg'
[1.074s] Level 1:colcon.colcon_core.package_identification:_identify(vision_opencv/cv_bridge) by extensions ['colcon_meta']
[1.074s] Level 1:colcon.colcon_core.package_identification:_identify(vision_opencv/cv_bridge) by extension 'colcon_meta'
[1.074s] Level 1:colcon.colcon_core.package_identification:_identify(vision_opencv/cv_bridge) by extensions ['ros']
[1.075s] Level 1:colcon.colcon_core.package_identification:_identify(vision_opencv/cv_bridge) by extension 'ros'
[1.079s] DEBUG:colcon.colcon_core.package_identification:Package 'vision_opencv/cv_bridge' with type 'ros.ament_cmake' and name 'cv_bridge'
[1.080s] Level 1:colcon.colcon_core.package_identification:_identify(vision_opencv/image_geometry) by extensions ['ignore', 'ignore_ament_install']
[1.080s] Level 1:colcon.colcon_core.package_identification:_identify(vision_opencv/image_geometry) by extension 'ignore'
[1.080s] Level 1:colcon.colcon_core.package_identification:_identify(vision_opencv/image_geometry) by extension 'ignore_ament_install'
[1.081s] Level 1:colcon.colcon_core.package_identification:_identify(vision_opencv/image_geometry) by extensions ['colcon_pkg']
[1.081s] Level 1:colcon.colcon_core.package_identification:_identify(vision_opencv/image_geometry) by extension 'colcon_pkg'
[1.081s] Level 1:colcon.colcon_core.package_identification:_identify(vision_opencv/image_geometry) by extensions ['colcon_meta']
[1.081s] Level 1:colcon.colcon_core.package_identification:_identify(vision_opencv/image_geometry) by extension 'colcon_meta'
[1.081s] Level 1:colcon.colcon_core.package_identification:_identify(vision_opencv/image_geometry) by extensions ['ros']
[1.081s] Level 1:colcon.colcon_core.package_identification:_identify(vision_opencv/image_geometry) by extension 'ros'
[1.084s] DEBUG:colcon.colcon_core.package_identification:Package 'vision_opencv/image_geometry' with type 'ros.ament_cmake' and name 'image_geometry'
[1.085s] Level 1:colcon.colcon_core.package_identification:_identify(vision_opencv/install) by extensions ['ignore', 'ignore_ament_install']
[1.085s] Level 1:colcon.colcon_core.package_identification:_identify(vision_opencv/install) by extension 'ignore'
[1.086s] Level 1:colcon.colcon_core.package_identification:_identify(vision_opencv/install) ignored
[1.086s] Level 1:colcon.colcon_core.package_identification:_identify(vision_opencv/log) by extensions ['ignore', 'ignore_ament_install']
[1.087s] Level 1:colcon.colcon_core.package_identification:_identify(vision_opencv/log) by extension 'ignore'
[1.087s] Level 1:colcon.colcon_core.package_identification:_identify(vision_opencv/log) ignored
[1.087s] Level 1:colcon.colcon_core.package_identification:_identify(vision_opencv/opencv_tests) by extensions ['ignore', 'ignore_ament_install']
[1.088s] Level 1:colcon.colcon_core.package_identification:_identify(vision_opencv/opencv_tests) by extension 'ignore'
[1.088s] Level 1:colcon.colcon_core.package_identification:_identify(vision_opencv/opencv_tests) by extension 'ignore_ament_install'
[1.088s] Level 1:colcon.colcon_core.package_identification:_identify(vision_opencv/opencv_tests) by extensions ['colcon_pkg']
[1.088s] Level 1:colcon.colcon_core.package_identification:_identify(vision_opencv/opencv_tests) by extension 'colcon_pkg'
[1.088s] Level 1:colcon.colcon_core.package_identification:_identify(vision_opencv/opencv_tests) by extensions ['colcon_meta']
[1.089s] Level 1:colcon.colcon_core.package_identification:_identify(vision_opencv/opencv_tests) by extension 'colcon_meta'
[1.089s] Level 1:colcon.colcon_core.package_identification:_identify(vision_opencv/opencv_tests) by extensions ['ros']
[1.089s] Level 1:colcon.colcon_core.package_identification:_identify(vision_opencv/opencv_tests) by extension 'ros'
[1.091s] DEBUG:colcon.colcon_core.package_identification:Package 'vision_opencv/opencv_tests' with type 'ros.ament_python' and name 'opencv_tests'
[1.092s] Level 1:colcon.colcon_core.package_identification:_identify(vision_opencv/vision_opencv) by extensions ['ignore', 'ignore_ament_install']
[1.093s] Level 1:colcon.colcon_core.package_identification:_identify(vision_opencv/vision_opencv) by extension 'ignore'
[1.093s] Level 1:colcon.colcon_core.package_identification:_identify(vision_opencv/vision_opencv) by extension 'ignore_ament_install'
[1.093s] Level 1:colcon.colcon_core.package_identification:_identify(vision_opencv/vision_opencv) by extensions ['colcon_pkg']
[1.093s] Level 1:colcon.colcon_core.package_identification:_identify(vision_opencv/vision_opencv) by extension 'colcon_pkg'
[1.093s] Level 1:colcon.colcon_core.package_identification:_identify(vision_opencv/vision_opencv) by extensions ['colcon_meta']
[1.094s] Level 1:colcon.colcon_core.package_identification:_identify(vision_opencv/vision_opencv) by extension 'colcon_meta'
[1.094s] Level 1:colcon.colcon_core.package_identification:_identify(vision_opencv/vision_opencv) by extensions ['ros']
[1.094s] Level 1:colcon.colcon_core.package_identification:_identify(vision_opencv/vision_opencv) by extension 'ros'
[1.096s] DEBUG:colcon.colcon_core.package_identification:Package 'vision_opencv/vision_opencv' with type 'ros.ament_cmake' and name 'vision_opencv'
[1.097s] Level 1:colcon.colcon_core.package_discovery:discover_packages(recursive) using defaults
[1.097s] Level 1:colcon.colcon_core.package_discovery:discover_packages(ignore) discover
[1.097s] Level 1:colcon.colcon_core.package_discovery:discover_packages(ignore) using defaults
[1.097s] Level 1:colcon.colcon_core.package_discovery:discover_packages(path) discover
[1.097s] Level 1:colcon.colcon_core.package_discovery:discover_packages(path) using defaults
[1.174s] INFO:colcon.colcon_core.package_selection:Skipping not selected package 'cv_bridge' in 'vision_opencv/cv_bridge'
[1.174s] INFO:colcon.colcon_core.package_selection:Skipping not selected package 'image_geometry' in 'vision_opencv/image_geometry'
[1.174s] INFO:colcon.colcon_core.package_selection:Skipping not selected package 'tcam' in 'tiscamera'
[1.175s] INFO:colcon.colcon_core.package_selection:Skipping not selected package 'cam_client' in 'src/cam_client'
[1.175s] INFO:colcon.colcon_core.package_selection:Skipping not selected package 'opencv_tests' in 'vision_opencv/opencv_tests'
[1.175s] INFO:colcon.colcon_core.package_selection:Skipping not selected package 'vision_opencv' in 'vision_opencv/vision_opencv'
[1.178s] Level 5:colcon.colcon_core.verb:set package 'xsens_msgs' build argument 'cmake_args' from command line to 'None'
[1.178s] Level 5:colcon.colcon_core.verb:set package 'xsens_msgs' build argument 'cmake_target' from command line to 'None'
[1.178s] Level 5:colcon.colcon_core.verb:set package 'xsens_msgs' build argument 'cmake_target_skip_unavailable' from command line to 'False'
[1.178s] Level 5:colcon.colcon_core.verb:set package 'xsens_msgs' build argument 'cmake_clean_cache' from command line to 'False'
[1.178s] Level 5:colcon.colcon_core.verb:set package 'xsens_msgs' build argument 'cmake_clean_first' from command line to 'False'
[1.178s] Level 5:colcon.colcon_core.verb:set package 'xsens_msgs' build argument 'cmake_force_configure' from command line to 'False'
[1.179s] Level 5:colcon.colcon_core.verb:set package 'xsens_msgs' build argument 'ament_cmake_args' from command line to 'None'
[1.179s] Level 5:colcon.colcon_core.verb:set package 'xsens_msgs' build argument 'catkin_cmake_args' from command line to 'None'
[1.179s] Level 5:colcon.colcon_core.verb:set package 'xsens_msgs' build argument 'catkin_skip_building_tests' from command line to 'False'
[1.179s] DEBUG:colcon.colcon_core.verb:Building package 'xsens_msgs' with the following arguments: {'ament_cmake_args': None, 'build_base': '/app/dev_ws/build/xsens_msgs', 'catkin_cmake_args': None, 'catkin_skip_building_tests': False, 'cmake_args': None, 'cmake_clean_cache': False, 'cmake_clean_first': False, 'cmake_force_configure': False, 'cmake_target': None, 'cmake_target_skip_unavailable': False, 'install_base': '/app/dev_ws/install/xsens_msgs', 'merge_install': False, 'path': '/app/dev_ws/src/xsens_msgs', 'symlink_install': False, 'test_result_base': None}
[1.180s] INFO:colcon.colcon_core.executor:Executing jobs using 'parallel' executor
[1.188s] DEBUG:colcon.colcon_parallel_executor.executor.parallel:run_until_complete
[1.189s] INFO:colcon.colcon_ros.task.ament_cmake.build:Building ROS package in '/app/dev_ws/src/xsens_msgs' with build type 'ament_cmake'
[1.190s] INFO:colcon.colcon_cmake.task.cmake.build:Building CMake package in '/app/dev_ws/src/xsens_msgs'
[1.209s] INFO:colcon.colcon_core.plugin_system:Skipping extension 'colcon_core.shell.bat': Not used on non-Windows systems
[1.211s] INFO:colcon.colcon_core.shell:Skip shell extension 'powershell' for command environment: Not usable outside of PowerShell
[1.211s] DEBUG:colcon.colcon_core.shell:Skip shell extension 'dsv' for command environment
[1.217s] WARNING:colcon.colcon_ros.prefix_path.ament:The path '/app/dev_ws/install/xsens_driver' in the environment variable AMENT_PREFIX_PATH doesn't exist
[1.218s] WARNING:colcon.colcon_ros.prefix_path.ament:The path '/app/dev_ws/install/xsens_msgs' in the environment variable AMENT_PREFIX_PATH doesn't exist
[1.219s] WARNING:colcon.colcon_ros.prefix_path.catkin:The path '/app/dev_ws/install/xsens_msgs' in the environment variable CMAKE_PREFIX_PATH doesn't exist
[1.275s] DEBUG:colcon.colcon_core.event_handler.log_command:Invoking command in '/app/dev_ws/build/xsens_msgs': CMAKE_PREFIX_PATH=${CMAKE_PREFIX_PATH}:/app/dev_ws/install/xsens_driver:/app/dev_ws/install/cam_client:/opt/ros/foxy /usr/bin/cmake /app/dev_ws/src/xsens_msgs -DCMAKE_INSTALL_PREFIX=/app/dev_ws/install/xsens_msgs
[14.304s] DEBUG:colcon.colcon_core.event_handler.log_command:Invoked command in '/app/dev_ws/build/xsens_msgs' returned '0': CMAKE_PREFIX_PATH=${CMAKE_PREFIX_PATH}:/app/dev_ws/install/xsens_driver:/app/dev_ws/install/cam_client:/opt/ros/foxy /usr/bin/cmake /app/dev_ws/src/xsens_msgs -DCMAKE_INSTALL_PREFIX=/app/dev_ws/install/xsens_msgs
[14.321s] DEBUG:colcon.colcon_core.event_handler.log_command:Invoking command in '/app/dev_ws/build/xsens_msgs': CMAKE_PREFIX_PATH=${CMAKE_PREFIX_PATH}:/app/dev_ws/install/xsens_driver:/app/dev_ws/install/cam_client:/opt/ros/foxy /usr/bin/cmake --build /app/dev_ws/build/xsens_msgs -- -j4 -l4
[114.226s] DEBUG:colcon.colcon_core.event_handler.log_command:Invoked command in '/app/dev_ws/build/xsens_msgs' returned '0': CMAKE_PREFIX_PATH=${CMAKE_PREFIX_PATH}:/app/dev_ws/install/xsens_driver:/app/dev_ws/install/cam_client:/opt/ros/foxy /usr/bin/cmake --build /app/dev_ws/build/xsens_msgs -- -j4 -l4
[117.009s] DEBUG:colcon.colcon_core.event_handler.log_command:Invoking command in '/app/dev_ws/build/xsens_msgs': CMAKE_PREFIX_PATH=${CMAKE_PREFIX_PATH}:/app/dev_ws/install/xsens_driver:/app/dev_ws/install/cam_client:/opt/ros/foxy /usr/bin/cmake --install /app/dev_ws/build/xsens_msgs
[117.938s] Level 1:colcon.colcon_core.environment:create_environment_scripts_only(xsens_msgs)
[117.941s] DEBUG:colcon.colcon_core.event_handler.log_command:Invoked command in '/app/dev_ws/build/xsens_msgs' returned '0': CMAKE_PREFIX_PATH=${CMAKE_PREFIX_PATH}:/app/dev_ws/install/xsens_driver:/app/dev_ws/install/cam_client:/opt/ros/foxy /usr/bin/cmake --install /app/dev_ws/build/xsens_msgs
[117.979s] Level 1:colcon.colcon_core.environment:checking '/app/dev_ws/install/xsens_msgs' for CMake module files
[117.984s] Level 1:colcon.colcon_core.environment:checking '/app/dev_ws/install/xsens_msgs' for CMake config files
[117.988s] Level 1:colcon.colcon_core.shell:create_environment_hook('xsens_msgs', 'cmake_prefix_path')
[117.990s] INFO:colcon.colcon_core.shell:Creating environment hook '/app/dev_ws/install/xsens_msgs/share/xsens_msgs/hook/cmake_prefix_path.ps1'
[117.993s] INFO:colcon.colcon_core.shell:Creating environment descriptor '/app/dev_ws/install/xsens_msgs/share/xsens_msgs/hook/cmake_prefix_path.dsv'
[117.996s] INFO:colcon.colcon_core.shell:Creating environment hook '/app/dev_ws/install/xsens_msgs/share/xsens_msgs/hook/cmake_prefix_path.sh'
[118.000s] Level 1:colcon.colcon_core.environment:checking '/app/dev_ws/install/xsens_msgs/lib'
[118.001s] Level 1:colcon.colcon_core.shell:create_environment_hook('xsens_msgs', 'ld_library_path_lib')
[118.003s] INFO:colcon.colcon_core.shell:Creating environment hook '/app/dev_ws/install/xsens_msgs/share/xsens_msgs/hook/ld_library_path_lib.ps1'
[118.005s] INFO:colcon.colcon_core.shell:Creating environment descriptor '/app/dev_ws/install/xsens_msgs/share/xsens_msgs/hook/ld_library_path_lib.dsv'
[118.007s] INFO:colcon.colcon_core.shell:Creating environment hook '/app/dev_ws/install/xsens_msgs/share/xsens_msgs/hook/ld_library_path_lib.sh'
[118.009s] Level 1:colcon.colcon_core.environment:checking '/app/dev_ws/install/xsens_msgs/bin'
[118.009s] Level 1:colcon.colcon_core.environment:checking '/app/dev_ws/install/xsens_msgs/lib/pkgconfig/xsens_msgs.pc'
[118.013s] Level 1:colcon.colcon_core.environment:checking '/app/dev_ws/install/xsens_msgs/lib/python3.8/site-packages'
[118.013s] Level 1:colcon.colcon_core.shell:create_environment_hook('xsens_msgs', 'pythonpath')
[118.016s] INFO:colcon.colcon_core.shell:Creating environment hook '/app/dev_ws/install/xsens_msgs/share/xsens_msgs/hook/pythonpath.ps1'
[118.018s] INFO:colcon.colcon_core.shell:Creating environment descriptor '/app/dev_ws/install/xsens_msgs/share/xsens_msgs/hook/pythonpath.dsv'
[118.020s] INFO:colcon.colcon_core.shell:Creating environment hook '/app/dev_ws/install/xsens_msgs/share/xsens_msgs/hook/pythonpath.sh'
[118.024s] Level 1:colcon.colcon_core.environment:checking '/app/dev_ws/install/xsens_msgs/bin'
[118.028s] INFO:colcon.colcon_core.shell:Creating package script '/app/dev_ws/install/xsens_msgs/share/xsens_msgs/package.ps1'
[118.033s] INFO:colcon.colcon_core.shell:Creating package descriptor '/app/dev_ws/install/xsens_msgs/share/xsens_msgs/package.dsv'
[118.037s] INFO:colcon.colcon_core.shell:Creating package script '/app/dev_ws/install/xsens_msgs/share/xsens_msgs/package.sh'
[118.042s] INFO:colcon.colcon_core.shell:Creating package script '/app/dev_ws/install/xsens_msgs/share/xsens_msgs/package.bash'
[118.046s] INFO:colcon.colcon_core.shell:Creating package script '/app/dev_ws/install/xsens_msgs/share/xsens_msgs/package.zsh'
[118.051s] Level 1:colcon.colcon_core.environment:create_file_with_runtime_dependencies(/app/dev_ws/install/xsens_msgs/share/colcon-core/packages/xsens_msgs)
[120.733s] Level 1:colcon.colcon_core.environment:create_environment_scripts_only(xsens_msgs)
[120.737s] Level 1:colcon.colcon_core.environment:checking '/app/dev_ws/install/xsens_msgs' for CMake module files
[120.742s] Level 1:colcon.colcon_core.environment:checking '/app/dev_ws/install/xsens_msgs' for CMake config files
[120.746s] Level 1:colcon.colcon_core.shell:create_environment_hook('xsens_msgs', 'cmake_prefix_path')
[120.748s] INFO:colcon.colcon_core.shell:Creating environment hook '/app/dev_ws/install/xsens_msgs/share/xsens_msgs/hook/cmake_prefix_path.ps1'
[120.752s] INFO:colcon.colcon_core.shell:Creating environment descriptor '/app/dev_ws/install/xsens_msgs/share/xsens_msgs/hook/cmake_prefix_path.dsv'
[120.756s] INFO:colcon.colcon_core.shell:Creating environment hook '/app/dev_ws/install/xsens_msgs/share/xsens_msgs/hook/cmake_prefix_path.sh'
[120.760s] Level 1:colcon.colcon_core.environment:checking '/app/dev_ws/install/xsens_msgs/lib'
[120.760s] Level 1:colcon.colcon_core.shell:create_environment_hook('xsens_msgs', 'ld_library_path_lib')
[120.762s] INFO:colcon.colcon_core.shell:Creating environment hook '/app/dev_ws/install/xsens_msgs/share/xsens_msgs/hook/ld_library_path_lib.ps1'
[120.764s] INFO:colcon.colcon_core.shell:Creating environment descriptor '/app/dev_ws/install/xsens_msgs/share/xsens_msgs/hook/ld_library_path_lib.dsv'
[120.766s] INFO:colcon.colcon_core.shell:Creating environment hook '/app/dev_ws/install/xsens_msgs/share/xsens_msgs/hook/ld_library_path_lib.sh'
[120.769s] Level 1:colcon.colcon_core.environment:checking '/app/dev_ws/install/xsens_msgs/bin'
[120.769s] Level 1:colcon.colcon_core.environment:checking '/app/dev_ws/install/xsens_msgs/lib/pkgconfig/xsens_msgs.pc'
[120.770s] Level 1:colcon.colcon_core.environment:checking '/app/dev_ws/install/xsens_msgs/lib/python3.8/site-packages'
[120.771s] Level 1:colcon.colcon_core.shell:create_environment_hook('xsens_msgs', 'pythonpath')
[120.773s] INFO:colcon.colcon_core.shell:Creating environment hook '/app/dev_ws/install/xsens_msgs/share/xsens_msgs/hook/pythonpath.ps1'
[120.775s] INFO:colcon.colcon_core.shell:Creating environment descriptor '/app/dev_ws/install/xsens_msgs/share/xsens_msgs/hook/pythonpath.dsv'
[120.777s] INFO:colcon.colcon_core.shell:Creating environment hook '/app/dev_ws/install/xsens_msgs/share/xsens_msgs/hook/pythonpath.sh'
[120.779s] Level 1:colcon.colcon_core.environment:checking '/app/dev_ws/install/xsens_msgs/bin'
[120.783s] INFO:colcon.colcon_core.shell:Creating package script '/app/dev_ws/install/xsens_msgs/share/xsens_msgs/package.ps1'
[120.786s] INFO:colcon.colcon_core.shell:Creating package descriptor '/app/dev_ws/install/xsens_msgs/share/xsens_msgs/package.dsv'
[120.790s] INFO:colcon.colcon_core.shell:Creating package script '/app/dev_ws/install/xsens_msgs/share/xsens_msgs/package.sh'
[120.793s] INFO:colcon.colcon_core.shell:Creating package script '/app/dev_ws/install/xsens_msgs/share/xsens_msgs/package.bash'
[120.796s] INFO:colcon.colcon_core.shell:Creating package script '/app/dev_ws/install/xsens_msgs/share/xsens_msgs/package.zsh'
[120.798s] Level 1:colcon.colcon_core.environment:create_file_with_runtime_dependencies(/app/dev_ws/install/xsens_msgs/share/colcon-core/packages/xsens_msgs)
[120.800s] DEBUG:colcon.colcon_parallel_executor.executor.parallel:closing loop
[120.802s] DEBUG:colcon.colcon_parallel_executor.executor.parallel:loop closed
[120.802s] DEBUG:colcon.colcon_parallel_executor.executor.parallel:run_until_complete finished with '0'
[120.803s] DEBUG:colcon.colcon_core.event_reactor:joining thread
[120.839s] INFO:colcon.colcon_core.plugin_system:Skipping extension 'colcon_notification.desktop_notification.notify_send': Could not find 'notify-send'
[120.840s] INFO:colcon.colcon_core.plugin_system:Skipping extension 'colcon_notification.desktop_notification.terminal_notifier': Not used on non-Darwin systems
[120.840s] INFO:colcon.colcon_core.plugin_system:Skipping extension 'colcon_notification.desktop_notification.win32': Not used on non-Windows systems
[120.840s] INFO:colcon.colcon_notification.desktop_notification:Sending desktop notification using 'notify2'
[120.883s] DEBUG:colcon.colcon_notification.desktop_notification.notify2:Failed to initialize notify2: org.freedesktop.DBus.Error.ServiceUnknown: The name org.freedesktop.Notifications was not provided by any .service files
[120.885s] DEBUG:colcon.colcon_core.event_reactor:joined thread
[120.892s] INFO:colcon.colcon_core.shell:Creating prefix script '/app/dev_ws/install/local_setup.ps1'
[120.903s] INFO:colcon.colcon_core.shell:Creating prefix util module '/app/dev_ws/install/_local_setup_util_ps1.py'
[120.910s] INFO:colcon.colcon_core.shell:Creating prefix chain script '/app/dev_ws/install/setup.ps1'
[120.921s] INFO:colcon.colcon_core.shell:Creating prefix script '/app/dev_ws/install/local_setup.sh'
[120.924s] INFO:colcon.colcon_core.shell:Creating prefix util module '/app/dev_ws/install/_local_setup_util_sh.py'
[120.927s] INFO:colcon.colcon_core.shell:Creating prefix chain script '/app/dev_ws/install/setup.sh'
[120.933s] INFO:colcon.colcon_core.shell:Creating prefix script '/app/dev_ws/install/local_setup.bash'
[120.936s] INFO:colcon.colcon_core.shell:Creating prefix chain script '/app/dev_ws/install/setup.bash'
[120.942s] INFO:colcon.colcon_core.shell:Creating prefix script '/app/dev_ws/install/local_setup.zsh'
[120.945s] INFO:colcon.colcon_core.shell:Creating prefix chain script '/app/dev_ws/install/setup.zsh'
