[0.210s] Invoking command in '/app/dev_ws/build/xsens_msgs': CMAKE_PREFIX_PATH=${CMAKE_PREFIX_PATH}:/app/dev_ws/install/xsens_driver:/app/dev_ws/install/ntrip_client:/app/dev_ws/install/central:/opt/ros/foxy /usr/bin/cmake --build /app/dev_ws/build/xsens_msgs -- -j4 -l4
[3.212s] [ 11%] Built target xsens_msgs__rosidl_generator_c
[3.213s] [ 12%] Built target xsens_msgs__cpp
[3.214s] [ 24%] Built target xsens_msgs__rosidl_typesupport_introspection_c
[3.215s] [ 35%] Built target xsens_msgs__rosidl_typesupport_c
[3.216s] [ 47%] Built target xsens_msgs__rosidl_typesupport_introspection_cpp
[3.217s] [ 58%] Built target xsens_msgs__rosidl_typesupport_fastrtps_cpp
[3.218s] [ 70%] Built target xsens_msgs__rosidl_typesupport_cpp
[3.223s] [ 81%] Built target xsens_msgs__rosidl_typesupport_fastrtps_c
[3.227s] [ 81%] Built target xsens_msgs
[3.227s] [ 82%] Built target xsens_msgs__py
[3.229s] [ 93%] Built target xsens_msgs__python
[3.232s] [ 95%] Built target xsens_msgs__rosidl_typesupport_introspection_c__pyext
[3.234s] [ 97%] Built target xsens_msgs__rosidl_typesupport_c__pyext
[3.236s] [100%] Built target xsens_msgs__rosidl_typesupport_fastrtps_c__pyext
[3.237s] Invoked command in '/app/dev_ws/build/xsens_msgs' returned '0': CMAKE_PREFIX_PATH=${CMAKE_PREFIX_PATH}:/app/dev_ws/install/xsens_driver:/app/dev_ws/install/ntrip_client:/app/dev_ws/install/central:/opt/ros/foxy /usr/bin/cmake --build /app/dev_ws/build/xsens_msgs -- -j4 -l4
[4.644s] Invoking command in '/app/dev_ws/build/xsens_msgs': CMAKE_PREFIX_PATH=${CMAKE_PREFIX_PATH}:/app/dev_ws/install/xsens_driver:/app/dev_ws/install/ntrip_client:/app/dev_ws/install/central:/opt/ros/foxy /usr/bin/cmake --install /app/dev_ws/build/xsens_msgs
[4.692s] -- Install configuration: ""
[4.693s] -- Up-to-date: /app/dev_ws/install/xsens_msgs/share/ament_index/resource_index/rosidl_interfaces/xsens_msgs
[4.694s] -- Up-to-date: /app/dev_ws/install/xsens_msgs/include/xsens_msgs
[4.695s] -- Up-to-date: /app/dev_ws/install/xsens_msgs/include/xsens_msgs/msg
[4.696s] -- Up-to-date: /app/dev_ws/install/xsens_msgs/include/xsens_msgs/msg/config_xsens.h
[4.697s] -- Up-to-date: /app/dev_ws/install/xsens_msgs/include/xsens_msgs/msg/rtc_mcorr.h
[4.698s] -- Up-to-date: /app/dev_ws/install/xsens_msgs/include/xsens_msgs/msg/config_ntrip.h
[4.699s] -- Up-to-date: /app/dev_ws/install/xsens_msgs/include/xsens_msgs/msg/sta_sw.h
[4.699s] -- Up-to-date: /app/dev_ws/install/xsens_msgs/include/xsens_msgs/msg/rosidl_generator_c__visibility_control.h
[4.700s] -- Up-to-date: /app/dev_ws/install/xsens_msgs/include/xsens_msgs/msg/detail
[4.701s] -- Up-to-date: /app/dev_ws/install/xsens_msgs/include/xsens_msgs/msg/detail/config_ntrip__functions.h
[4.702s] -- Up-to-date: /app/dev_ws/install/xsens_msgs/include/xsens_msgs/msg/detail/config_ntrip__struct.h
[4.703s] -- Up-to-date: /app/dev_ws/install/xsens_msgs/include/xsens_msgs/msg/detail/config_ntrip__type_support.h
[4.704s] -- Up-to-date: /app/dev_ws/install/xsens_msgs/include/xsens_msgs/msg/detail/ori_oe__struct.h
[4.705s] -- Up-to-date: /app/dev_ws/install/xsens_msgs/include/xsens_msgs/msg/detail/rtc_mcorr__functions.c
[4.706s] -- Up-to-date: /app/dev_ws/install/xsens_msgs/include/xsens_msgs/msg/detail/sta_sw__functions.c
[4.708s] -- Up-to-date: /app/dev_ws/install/xsens_msgs/include/xsens_msgs/msg/detail/pos_pa__type_support.h
[4.709s] -- Up-to-date: /app/dev_ws/install/xsens_msgs/include/xsens_msgs/msg/detail/ori_oe__functions.c
[4.710s] -- Up-to-date: /app/dev_ws/install/xsens_msgs/include/xsens_msgs/msg/detail/pos_pa__functions.h
[4.711s] -- Up-to-date: /app/dev_ws/install/xsens_msgs/include/xsens_msgs/msg/detail/config_xsens__functions.c
[4.712s] -- Up-to-date: /app/dev_ws/install/xsens_msgs/include/xsens_msgs/msg/detail/rtc_mcorr__struct.h
[4.713s] -- Up-to-date: /app/dev_ws/install/xsens_msgs/include/xsens_msgs/msg/detail/pos_pl__type_support.h
[4.714s] -- Up-to-date: /app/dev_ws/install/xsens_msgs/include/xsens_msgs/msg/detail/config_xsens__type_support.h
[4.715s] -- Up-to-date: /app/dev_ws/install/xsens_msgs/include/xsens_msgs/msg/detail/config_xsens__struct.h
[4.716s] -- Up-to-date: /app/dev_ws/install/xsens_msgs/include/xsens_msgs/msg/detail/ori_oe__functions.h
[4.717s] -- Up-to-date: /app/dev_ws/install/xsens_msgs/include/xsens_msgs/msg/detail/rtc_mcorr__functions.h
[4.718s] -- Up-to-date: /app/dev_ws/install/xsens_msgs/include/xsens_msgs/msg/detail/rtc_mcorr__type_support.h
[4.719s] -- Up-to-date: /app/dev_ws/install/xsens_msgs/include/xsens_msgs/msg/detail/config_ntrip__functions.c
[4.720s] -- Up-to-date: /app/dev_ws/install/xsens_msgs/include/xsens_msgs/msg/detail/pos_pa__struct.h
[4.721s] -- Up-to-date: /app/dev_ws/install/xsens_msgs/include/xsens_msgs/msg/detail/config_xsens__functions.h
[4.722s] -- Up-to-date: /app/dev_ws/install/xsens_msgs/include/xsens_msgs/msg/detail/sta_sw__type_support.h
[4.724s] -- Up-to-date: /app/dev_ws/install/xsens_msgs/include/xsens_msgs/msg/detail/sta_sw__functions.h
[4.725s] -- Up-to-date: /app/dev_ws/install/xsens_msgs/include/xsens_msgs/msg/detail/pos_pa__functions.c
[4.726s] -- Up-to-date: /app/dev_ws/install/xsens_msgs/include/xsens_msgs/msg/detail/pos_pl__functions.c
[4.727s] -- Up-to-date: /app/dev_ws/install/xsens_msgs/include/xsens_msgs/msg/detail/pos_pl__struct.h
[4.727s] -- Up-to-date: /app/dev_ws/install/xsens_msgs/include/xsens_msgs/msg/detail/pos_pl__functions.h
[4.728s] -- Up-to-date: /app/dev_ws/install/xsens_msgs/include/xsens_msgs/msg/detail/sta_sw__struct.h
[4.729s] -- Up-to-date: /app/dev_ws/install/xsens_msgs/include/xsens_msgs/msg/detail/ori_oe__type_support.h
[4.730s] -- Up-to-date: /app/dev_ws/install/xsens_msgs/include/xsens_msgs/msg/pos_pa.h
[4.731s] -- Up-to-date: /app/dev_ws/install/xsens_msgs/include/xsens_msgs/msg/pos_pl.h
[4.733s] -- Up-to-date: /app/dev_ws/install/xsens_msgs/include/xsens_msgs/msg/ori_oe.h
[4.734s] -- Up-to-date: /app/dev_ws/install/xsens_msgs/include/xsens_msgs/srv
[4.735s] -- Up-to-date: /app/dev_ws/install/xsens_msgs/include/xsens_msgs/srv/detail
[4.736s] -- Up-to-date: /app/dev_ws/install/xsens_msgs/include/xsens_msgs/srv/detail/rtc_mdata__functions.h
[4.737s] -- Up-to-date: /app/dev_ws/install/xsens_msgs/include/xsens_msgs/srv/detail/rtc_mdata__functions.c
[4.738s] -- Up-to-date: /app/dev_ws/install/xsens_msgs/include/xsens_msgs/srv/detail/rtc_mdata__struct.h
[4.773s] -- Up-to-date: /app/dev_ws/install/xsens_msgs/include/xsens_msgs/srv/detail/rtc_mdata__type_support.h
[4.778s] -- Up-to-date: /app/dev_ws/install/xsens_msgs/include/xsens_msgs/srv/rtc_mdata.h
[4.778s] -- Up-to-date: /app/dev_ws/install/xsens_msgs/share/xsens_msgs/environment/library_path.sh
[4.779s] -- Up-to-date: /app/dev_ws/install/xsens_msgs/share/xsens_msgs/environment/library_path.dsv
[4.780s] -- Up-to-date: /app/dev_ws/install/xsens_msgs/lib/libxsens_msgs__rosidl_generator_c.so
[4.781s] -- Up-to-date: /app/dev_ws/install/xsens_msgs/include/xsens_msgs
[4.782s] -- Up-to-date: /app/dev_ws/install/xsens_msgs/include/xsens_msgs/msg
[4.783s] -- Up-to-date: /app/dev_ws/install/xsens_msgs/include/xsens_msgs/msg/detail
[4.785s] -- Up-to-date: /app/dev_ws/install/xsens_msgs/include/xsens_msgs/msg/detail/pos_pa__rosidl_typesupport_fastrtps_c.h
[4.787s] -- Up-to-date: /app/dev_ws/install/xsens_msgs/include/xsens_msgs/msg/detail/rtc_mcorr__rosidl_typesupport_fastrtps_c.h
[4.789s] -- Up-to-date: /app/dev_ws/install/xsens_msgs/include/xsens_msgs/msg/detail/config_xsens__rosidl_typesupport_fastrtps_c.h
[4.790s] -- Up-to-date: /app/dev_ws/install/xsens_msgs/include/xsens_msgs/msg/detail/sta_sw__rosidl_typesupport_fastrtps_c.h
[4.791s] -- Up-to-date: /app/dev_ws/install/xsens_msgs/include/xsens_msgs/msg/detail/ori_oe__rosidl_typesupport_fastrtps_c.h
[4.791s] -- Up-to-date: /app/dev_ws/install/xsens_msgs/include/xsens_msgs/msg/detail/pos_pl__rosidl_typesupport_fastrtps_c.h
[4.792s] -- Up-to-date: /app/dev_ws/install/xsens_msgs/include/xsens_msgs/msg/detail/config_ntrip__rosidl_typesupport_fastrtps_c.h
[4.793s] -- Up-to-date: /app/dev_ws/install/xsens_msgs/include/xsens_msgs/msg/rosidl_typesupport_fastrtps_c__visibility_control.h
[4.794s] -- Up-to-date: /app/dev_ws/install/xsens_msgs/include/xsens_msgs/srv
[4.794s] -- Up-to-date: /app/dev_ws/install/xsens_msgs/include/xsens_msgs/srv/detail
[4.795s] -- Up-to-date: /app/dev_ws/install/xsens_msgs/include/xsens_msgs/srv/detail/rtc_mdata__rosidl_typesupport_fastrtps_c.h
[4.796s] -- Up-to-date: /app/dev_ws/install/xsens_msgs/lib/libxsens_msgs__rosidl_typesupport_fastrtps_c.so
[4.797s] -- Up-to-date: /app/dev_ws/install/xsens_msgs/include/xsens_msgs
[4.798s] -- Up-to-date: /app/dev_ws/install/xsens_msgs/include/xsens_msgs/msg
[4.799s] -- Up-to-date: /app/dev_ws/install/xsens_msgs/include/xsens_msgs/msg/detail
[4.804s] -- Up-to-date: /app/dev_ws/install/xsens_msgs/include/xsens_msgs/msg/detail/pos_pa__rosidl_typesupport_fastrtps_cpp.hpp
[4.805s] -- Up-to-date: /app/dev_ws/install/xsens_msgs/include/xsens_msgs/msg/detail/config_xsens__rosidl_typesupport_fastrtps_cpp.hpp
[4.806s] -- Up-to-date: /app/dev_ws/install/xsens_msgs/include/xsens_msgs/msg/detail/config_ntrip__rosidl_typesupport_fastrtps_cpp.hpp
[4.807s] -- Up-to-date: /app/dev_ws/install/xsens_msgs/include/xsens_msgs/msg/detail/pos_pl__rosidl_typesupport_fastrtps_cpp.hpp
[4.808s] -- Up-to-date: /app/dev_ws/install/xsens_msgs/include/xsens_msgs/msg/detail/rtc_mcorr__rosidl_typesupport_fastrtps_cpp.hpp
[4.810s] -- Up-to-date: /app/dev_ws/install/xsens_msgs/include/xsens_msgs/msg/detail/ori_oe__rosidl_typesupport_fastrtps_cpp.hpp
[4.811s] -- Up-to-date: /app/dev_ws/install/xsens_msgs/include/xsens_msgs/msg/detail/dds_fastrtps
[4.812s] -- Up-to-date: /app/dev_ws/install/xsens_msgs/include/xsens_msgs/msg/detail/sta_sw__rosidl_typesupport_fastrtps_cpp.hpp
[4.813s] -- Up-to-date: /app/dev_ws/install/xsens_msgs/include/xsens_msgs/msg/rosidl_typesupport_fastrtps_cpp__visibility_control.h
[4.813s] -- Up-to-date: /app/dev_ws/install/xsens_msgs/include/xsens_msgs/srv
[4.814s] -- Up-to-date: /app/dev_ws/install/xsens_msgs/include/xsens_msgs/srv/detail
[4.815s] -- Up-to-date: /app/dev_ws/install/xsens_msgs/include/xsens_msgs/srv/detail/rtc_mdata__rosidl_typesupport_fastrtps_cpp.hpp
[4.816s] -- Up-to-date: /app/dev_ws/install/xsens_msgs/include/xsens_msgs/srv/detail/dds_fastrtps
[4.817s] -- Up-to-date: /app/dev_ws/install/xsens_msgs/lib/libxsens_msgs__rosidl_typesupport_fastrtps_cpp.so
[4.818s] -- Up-to-date: /app/dev_ws/install/xsens_msgs/include/xsens_msgs
[4.820s] -- Up-to-date: /app/dev_ws/install/xsens_msgs/include/xsens_msgs/msg
[4.821s] -- Up-to-date: /app/dev_ws/install/xsens_msgs/include/xsens_msgs/msg/rosidl_typesupport_introspection_c__visibility_control.h
[4.823s] -- Up-to-date: /app/dev_ws/install/xsens_msgs/include/xsens_msgs/msg/detail
[4.824s] -- Up-to-date: /app/dev_ws/install/xsens_msgs/include/xsens_msgs/msg/detail/ori_oe__type_support.c
[4.825s] -- Up-to-date: /app/dev_ws/install/xsens_msgs/include/xsens_msgs/msg/detail/ori_oe__rosidl_typesupport_introspection_c.h
[4.827s] -- Up-to-date: /app/dev_ws/install/xsens_msgs/include/xsens_msgs/msg/detail/pos_pl__type_support.c
[4.828s] -- Up-to-date: /app/dev_ws/install/xsens_msgs/include/xsens_msgs/msg/detail/rtc_mcorr__type_support.c
[4.829s] -- Up-to-date: /app/dev_ws/install/xsens_msgs/include/xsens_msgs/msg/detail/rtc_mcorr__rosidl_typesupport_introspection_c.h
[4.831s] -- Up-to-date: /app/dev_ws/install/xsens_msgs/include/xsens_msgs/msg/detail/config_ntrip__rosidl_typesupport_introspection_c.h
[4.832s] -- Up-to-date: /app/dev_ws/install/xsens_msgs/include/xsens_msgs/msg/detail/config_xsens__type_support.c
[4.834s] -- Up-to-date: /app/dev_ws/install/xsens_msgs/include/xsens_msgs/msg/detail/config_xsens__rosidl_typesupport_introspection_c.h
[4.835s] -- Up-to-date: /app/dev_ws/install/xsens_msgs/include/xsens_msgs/msg/detail/pos_pa__rosidl_typesupport_introspection_c.h
[4.836s] -- Up-to-date: /app/dev_ws/install/xsens_msgs/include/xsens_msgs/msg/detail/pos_pl__rosidl_typesupport_introspection_c.h
[4.837s] -- Up-to-date: /app/dev_ws/install/xsens_msgs/include/xsens_msgs/msg/detail/sta_sw__rosidl_typesupport_introspection_c.h
[4.837s] -- Up-to-date: /app/dev_ws/install/xsens_msgs/include/xsens_msgs/msg/detail/pos_pa__type_support.c
[4.838s] -- Up-to-date: /app/dev_ws/install/xsens_msgs/include/xsens_msgs/msg/detail/sta_sw__type_support.c
[4.839s] -- Up-to-date: /app/dev_ws/install/xsens_msgs/include/xsens_msgs/msg/detail/config_ntrip__type_support.c
[4.840s] -- Up-to-date: /app/dev_ws/install/xsens_msgs/include/xsens_msgs/srv
[4.840s] -- Up-to-date: /app/dev_ws/install/xsens_msgs/include/xsens_msgs/srv/detail
[4.841s] -- Up-to-date: /app/dev_ws/install/xsens_msgs/include/xsens_msgs/srv/detail/rtc_mdata__rosidl_typesupport_introspection_c.h
[4.842s] -- Up-to-date: /app/dev_ws/install/xsens_msgs/include/xsens_msgs/srv/detail/rtc_mdata__type_support.c
[4.844s] -- Up-to-date: /app/dev_ws/install/xsens_msgs/lib/libxsens_msgs__rosidl_typesupport_introspection_c.so
[4.844s] -- Up-to-date: /app/dev_ws/install/xsens_msgs/lib/libxsens_msgs__rosidl_typesupport_c.so
[4.845s] -- Up-to-date: /app/dev_ws/install/xsens_msgs/include/xsens_msgs
[4.846s] -- Up-to-date: /app/dev_ws/install/xsens_msgs/include/xsens_msgs/msg
[4.846s] -- Up-to-date: /app/dev_ws/install/xsens_msgs/include/xsens_msgs/msg/sta_sw.hpp
[4.847s] -- Up-to-date: /app/dev_ws/install/xsens_msgs/include/xsens_msgs/msg/ori_oe.hpp
[4.848s] -- Up-to-date: /app/dev_ws/install/xsens_msgs/include/xsens_msgs/msg/pos_pa.hpp
[4.848s] -- Up-to-date: /app/dev_ws/install/xsens_msgs/include/xsens_msgs/msg/config_ntrip.hpp
[4.849s] -- Up-to-date: /app/dev_ws/install/xsens_msgs/include/xsens_msgs/msg/config_xsens.hpp
[4.850s] -- Up-to-date: /app/dev_ws/install/xsens_msgs/include/xsens_msgs/msg/rtc_mcorr.hpp
[4.850s] -- Up-to-date: /app/dev_ws/install/xsens_msgs/include/xsens_msgs/msg/detail
[4.851s] -- Up-to-date: /app/dev_ws/install/xsens_msgs/include/xsens_msgs/msg/detail/pos_pa__builder.hpp
[4.852s] -- Up-to-date: /app/dev_ws/install/xsens_msgs/include/xsens_msgs/msg/detail/pos_pl__struct.hpp
[4.853s] -- Up-to-date: /app/dev_ws/install/xsens_msgs/include/xsens_msgs/msg/detail/rtc_mcorr__struct.hpp
[4.853s] -- Up-to-date: /app/dev_ws/install/xsens_msgs/include/xsens_msgs/msg/detail/pos_pa__struct.hpp
[4.854s] -- Up-to-date: /app/dev_ws/install/xsens_msgs/include/xsens_msgs/msg/detail/ori_oe__builder.hpp
[4.855s] -- Up-to-date: /app/dev_ws/install/xsens_msgs/include/xsens_msgs/msg/detail/rtc_mcorr__traits.hpp
[4.856s] -- Up-to-date: /app/dev_ws/install/xsens_msgs/include/xsens_msgs/msg/detail/config_xsens__struct.hpp
[4.856s] -- Up-to-date: /app/dev_ws/install/xsens_msgs/include/xsens_msgs/msg/detail/config_xsens__builder.hpp
[4.857s] -- Up-to-date: /app/dev_ws/install/xsens_msgs/include/xsens_msgs/msg/detail/config_ntrip__traits.hpp
[4.858s] -- Up-to-date: /app/dev_ws/install/xsens_msgs/include/xsens_msgs/msg/detail/pos_pl__builder.hpp
[4.859s] -- Up-to-date: /app/dev_ws/install/xsens_msgs/include/xsens_msgs/msg/detail/config_ntrip__struct.hpp
[4.859s] -- Up-to-date: /app/dev_ws/install/xsens_msgs/include/xsens_msgs/msg/detail/ori_oe__traits.hpp
[4.860s] -- Up-to-date: /app/dev_ws/install/xsens_msgs/include/xsens_msgs/msg/detail/sta_sw__traits.hpp
[4.861s] -- Up-to-date: /app/dev_ws/install/xsens_msgs/include/xsens_msgs/msg/detail/ori_oe__struct.hpp
[4.862s] -- Up-to-date: /app/dev_ws/install/xsens_msgs/include/xsens_msgs/msg/detail/config_xsens__traits.hpp
[4.863s] -- Up-to-date: /app/dev_ws/install/xsens_msgs/include/xsens_msgs/msg/detail/sta_sw__struct.hpp
[4.863s] -- Up-to-date: /app/dev_ws/install/xsens_msgs/include/xsens_msgs/msg/detail/pos_pl__traits.hpp
[4.864s] -- Up-to-date: /app/dev_ws/install/xsens_msgs/include/xsens_msgs/msg/detail/config_ntrip__builder.hpp
[4.865s] -- Up-to-date: /app/dev_ws/install/xsens_msgs/include/xsens_msgs/msg/detail/sta_sw__builder.hpp
[4.866s] -- Up-to-date: /app/dev_ws/install/xsens_msgs/include/xsens_msgs/msg/detail/pos_pa__traits.hpp
[4.867s] -- Up-to-date: /app/dev_ws/install/xsens_msgs/include/xsens_msgs/msg/detail/rtc_mcorr__builder.hpp
[4.868s] -- Up-to-date: /app/dev_ws/install/xsens_msgs/include/xsens_msgs/msg/pos_pl.hpp
[4.869s] -- Up-to-date: /app/dev_ws/install/xsens_msgs/include/xsens_msgs/srv
[4.869s] -- Up-to-date: /app/dev_ws/install/xsens_msgs/include/xsens_msgs/srv/rtc_mdata.hpp
[4.870s] -- Up-to-date: /app/dev_ws/install/xsens_msgs/include/xsens_msgs/srv/detail
[4.871s] -- Up-to-date: /app/dev_ws/install/xsens_msgs/include/xsens_msgs/srv/detail/rtc_mdata__builder.hpp
[4.872s] -- Up-to-date: /app/dev_ws/install/xsens_msgs/include/xsens_msgs/srv/detail/rtc_mdata__traits.hpp
[4.872s] -- Up-to-date: /app/dev_ws/install/xsens_msgs/include/xsens_msgs/srv/detail/rtc_mdata__struct.hpp
[4.873s] -- Up-to-date: /app/dev_ws/install/xsens_msgs/include/xsens_msgs
[4.874s] -- Up-to-date: /app/dev_ws/install/xsens_msgs/include/xsens_msgs/msg
[4.878s] -- Up-to-date: /app/dev_ws/install/xsens_msgs/include/xsens_msgs/msg/detail
[4.879s] -- Up-to-date: /app/dev_ws/install/xsens_msgs/include/xsens_msgs/msg/detail/sta_sw__rosidl_typesupport_introspection_cpp.hpp
[4.879s] -- Up-to-date: /app/dev_ws/install/xsens_msgs/include/xsens_msgs/msg/detail/sta_sw__type_support.cpp
[4.880s] -- Up-to-date: /app/dev_ws/install/xsens_msgs/include/xsens_msgs/msg/detail/rtc_mcorr__type_support.cpp
[4.881s] -- Up-to-date: /app/dev_ws/install/xsens_msgs/include/xsens_msgs/msg/detail/rtc_mcorr__rosidl_typesupport_introspection_cpp.hpp
[4.881s] -- Up-to-date: /app/dev_ws/install/xsens_msgs/include/xsens_msgs/msg/detail/pos_pl__type_support.cpp
[4.882s] -- Up-to-date: /app/dev_ws/install/xsens_msgs/include/xsens_msgs/msg/detail/config_ntrip__type_support.cpp
[4.883s] -- Up-to-date: /app/dev_ws/install/xsens_msgs/include/xsens_msgs/msg/detail/ori_oe__type_support.cpp
[4.884s] -- Up-to-date: /app/dev_ws/install/xsens_msgs/include/xsens_msgs/msg/detail/pos_pa__rosidl_typesupport_introspection_cpp.hpp
[4.885s] -- Up-to-date: /app/dev_ws/install/xsens_msgs/include/xsens_msgs/msg/detail/config_xsens__type_support.cpp
[4.886s] -- Up-to-date: /app/dev_ws/install/xsens_msgs/include/xsens_msgs/msg/detail/pos_pa__type_support.cpp
[4.886s] -- Up-to-date: /app/dev_ws/install/xsens_msgs/include/xsens_msgs/msg/detail/pos_pl__rosidl_typesupport_introspection_cpp.hpp
[4.888s] -- Up-to-date: /app/dev_ws/install/xsens_msgs/include/xsens_msgs/msg/detail/config_xsens__rosidl_typesupport_introspection_cpp.hpp
[4.889s] -- Up-to-date: /app/dev_ws/install/xsens_msgs/include/xsens_msgs/msg/detail/ori_oe__rosidl_typesupport_introspection_cpp.hpp
[4.890s] -- Up-to-date: /app/dev_ws/install/xsens_msgs/include/xsens_msgs/msg/detail/config_ntrip__rosidl_typesupport_introspection_cpp.hpp
[4.891s] -- Up-to-date: /app/dev_ws/install/xsens_msgs/include/xsens_msgs/srv
[4.891s] -- Up-to-date: /app/dev_ws/install/xsens_msgs/include/xsens_msgs/srv/detail
[4.892s] -- Up-to-date: /app/dev_ws/install/xsens_msgs/include/xsens_msgs/srv/detail/rtc_mdata__type_support.cpp
[4.893s] -- Up-to-date: /app/dev_ws/install/xsens_msgs/include/xsens_msgs/srv/detail/rtc_mdata__rosidl_typesupport_introspection_cpp.hpp
[4.894s] -- Up-to-date: /app/dev_ws/install/xsens_msgs/lib/libxsens_msgs__rosidl_typesupport_introspection_cpp.so
[4.894s] -- Up-to-date: /app/dev_ws/install/xsens_msgs/lib/libxsens_msgs__rosidl_typesupport_cpp.so
[4.895s] -- Up-to-date: /app/dev_ws/install/xsens_msgs/share/xsens_msgs/environment/pythonpath.sh
[4.896s] -- Up-to-date: /app/dev_ws/install/xsens_msgs/share/xsens_msgs/environment/pythonpath.dsv
[4.897s] -- Up-to-date: /app/dev_ws/install/xsens_msgs/lib/python3.8/site-packages/xsens_msgs/__init__.py
[5.080s] -- Up-to-date: /app/dev_ws/install/xsens_msgs/lib/python3.8/site-packages/xsens_msgs/msg
[5.081s] -- Up-to-date: /app/dev_ws/install/xsens_msgs/lib/python3.8/site-packages/xsens_msgs/msg/_config_xsens.py
[5.081s] -- Up-to-date: /app/dev_ws/install/xsens_msgs/lib/python3.8/site-packages/xsens_msgs/msg/_sta_sw_s.c
[5.082s] -- Up-to-date: /app/dev_ws/install/xsens_msgs/lib/python3.8/site-packages/xsens_msgs/msg/_ori_oe.py
[5.083s] -- Up-to-date: /app/dev_ws/install/xsens_msgs/lib/python3.8/site-packages/xsens_msgs/msg/_pos_pl_s.c
[5.084s] -- Up-to-date: /app/dev_ws/install/xsens_msgs/lib/python3.8/site-packages/xsens_msgs/msg/_ori_oe_s.c
[5.084s] -- Up-to-date: /app/dev_ws/install/xsens_msgs/lib/python3.8/site-packages/xsens_msgs/msg/_pos_pa_s.c
[5.085s] -- Up-to-date: /app/dev_ws/install/xsens_msgs/lib/python3.8/site-packages/xsens_msgs/msg/_rtc_mcorr.py
[5.086s] -- Up-to-date: /app/dev_ws/install/xsens_msgs/lib/python3.8/site-packages/xsens_msgs/msg/_sta_sw.py
[5.087s] -- Up-to-date: /app/dev_ws/install/xsens_msgs/lib/python3.8/site-packages/xsens_msgs/msg/_pos_pa.py
[5.089s] -- Up-to-date: /app/dev_ws/install/xsens_msgs/lib/python3.8/site-packages/xsens_msgs/msg/_pos_pl.py
[5.090s] -- Up-to-date: /app/dev_ws/install/xsens_msgs/lib/python3.8/site-packages/xsens_msgs/msg/_config_ntrip_s.c
[5.091s] -- Up-to-date: /app/dev_ws/install/xsens_msgs/lib/python3.8/site-packages/xsens_msgs/msg/_config_ntrip.py
[5.091s] -- Up-to-date: /app/dev_ws/install/xsens_msgs/lib/python3.8/site-packages/xsens_msgs/msg/__init__.py
[5.092s] -- Up-to-date: /app/dev_ws/install/xsens_msgs/lib/python3.8/site-packages/xsens_msgs/msg/_config_xsens_s.c
[5.093s] -- Up-to-date: /app/dev_ws/install/xsens_msgs/lib/python3.8/site-packages/xsens_msgs/msg/_rtc_mcorr_s.c
[5.093s] -- Up-to-date: /app/dev_ws/install/xsens_msgs/lib/python3.8/site-packages/xsens_msgs/srv
[5.094s] -- Up-to-date: /app/dev_ws/install/xsens_msgs/lib/python3.8/site-packages/xsens_msgs/srv/_rtc_mdata.py
[5.095s] -- Up-to-date: /app/dev_ws/install/xsens_msgs/lib/python3.8/site-packages/xsens_msgs/srv/_rtc_mdata_s.c
[5.095s] -- Up-to-date: /app/dev_ws/install/xsens_msgs/lib/python3.8/site-packages/xsens_msgs/srv/__init__.py
[5.096s] -- Up-to-date: /app/dev_ws/install/xsens_msgs/lib/python3.8/site-packages/xsens_msgs/xsens_msgs_s__rosidl_typesupport_fastrtps_c.cpython-38-aarch64-linux-gnu.so
[5.097s] -- Up-to-date: /app/dev_ws/install/xsens_msgs/lib/python3.8/site-packages/xsens_msgs/xsens_msgs_s__rosidl_typesupport_introspection_c.cpython-38-aarch64-linux-gnu.so
[5.099s] -- Up-to-date: /app/dev_ws/install/xsens_msgs/lib/python3.8/site-packages/xsens_msgs/xsens_msgs_s__rosidl_typesupport_c.cpython-38-aarch64-linux-gnu.so
[5.108s] -- Up-to-date: /app/dev_ws/install/xsens_msgs/lib/libxsens_msgs__python.so
[5.110s] -- Up-to-date: /app/dev_ws/install/xsens_msgs/share/xsens_msgs/msg/OriOE.idl
[5.111s] -- Up-to-date: /app/dev_ws/install/xsens_msgs/share/xsens_msgs/msg/PosPA.idl
[5.115s] -- Up-to-date: /app/dev_ws/install/xsens_msgs/share/xsens_msgs/msg/PosPL.idl
[5.118s] -- Up-to-date: /app/dev_ws/install/xsens_msgs/share/xsens_msgs/msg/StaSW.idl
[5.121s] -- Up-to-date: /app/dev_ws/install/xsens_msgs/share/xsens_msgs/msg/RTCMcorr.idl
[5.124s] -- Up-to-date: /app/dev_ws/install/xsens_msgs/share/xsens_msgs/msg/ConfigXsens.idl
[5.126s] -- Up-to-date: /app/dev_ws/install/xsens_msgs/share/xsens_msgs/msg/ConfigNtrip.idl
[5.127s] -- Up-to-date: /app/dev_ws/install/xsens_msgs/share/xsens_msgs/srv/RTCMdata.idl
[5.128s] -- Up-to-date: /app/dev_ws/install/xsens_msgs/share/xsens_msgs/msg/OriOE.msg
[5.130s] -- Up-to-date: /app/dev_ws/install/xsens_msgs/share/xsens_msgs/msg/PosPA.msg
[5.135s] -- Up-to-date: /app/dev_ws/install/xsens_msgs/share/xsens_msgs/msg/PosPL.msg
[5.138s] -- Up-to-date: /app/dev_ws/install/xsens_msgs/share/xsens_msgs/msg/StaSW.msg
[5.143s] -- Up-to-date: /app/dev_ws/install/xsens_msgs/share/xsens_msgs/msg/RTCMcorr.msg
[5.147s] -- Up-to-date: /app/dev_ws/install/xsens_msgs/share/xsens_msgs/msg/ConfigXsens.msg
[5.149s] -- Up-to-date: /app/dev_ws/install/xsens_msgs/share/xsens_msgs/msg/ConfigNtrip.msg
[5.152s] -- Up-to-date: /app/dev_ws/install/xsens_msgs/share/xsens_msgs/srv/RTCMdata.srv
[5.156s] -- Up-to-date: /app/dev_ws/install/xsens_msgs/share/xsens_msgs/srv/RTCMdata_Request.msg
[5.160s] -- Up-to-date: /app/dev_ws/install/xsens_msgs/share/xsens_msgs/srv/RTCMdata_Response.msg
[5.162s] -- Up-to-date: /app/dev_ws/install/xsens_msgs/share/ament_index/resource_index/package_run_dependencies/xsens_msgs
[5.166s] -- Up-to-date: /app/dev_ws/install/xsens_msgs/share/ament_index/resource_index/parent_prefix_path/xsens_msgs
[5.168s] -- Up-to-date: /app/dev_ws/install/xsens_msgs/share/xsens_msgs/environment/ament_prefix_path.sh
[5.171s] -- Up-to-date: /app/dev_ws/install/xsens_msgs/share/xsens_msgs/environment/ament_prefix_path.dsv
[5.175s] -- Up-to-date: /app/dev_ws/install/xsens_msgs/share/xsens_msgs/environment/path.sh
[5.187s] -- Up-to-date: /app/dev_ws/install/xsens_msgs/share/xsens_msgs/environment/path.dsv
[5.192s] -- Up-to-date: /app/dev_ws/install/xsens_msgs/share/xsens_msgs/local_setup.bash
[5.195s] -- Up-to-date: /app/dev_ws/install/xsens_msgs/share/xsens_msgs/local_setup.sh
[5.198s] -- Up-to-date: /app/dev_ws/install/xsens_msgs/share/xsens_msgs/local_setup.zsh
[5.200s] -- Up-to-date: /app/dev_ws/install/xsens_msgs/share/xsens_msgs/local_setup.dsv
[5.202s] -- Installing: /app/dev_ws/install/xsens_msgs/share/xsens_msgs/package.dsv
[5.204s] -- Up-to-date: /app/dev_ws/install/xsens_msgs/share/ament_index/resource_index/packages/xsens_msgs
[5.206s] -- Up-to-date: /app/dev_ws/install/xsens_msgs/share/xsens_msgs/cmake/xsens_msgs__rosidl_generator_cExport.cmake
[5.216s] -- Up-to-date: /app/dev_ws/install/xsens_msgs/share/xsens_msgs/cmake/xsens_msgs__rosidl_generator_cExport-noconfig.cmake
[5.219s] -- Up-to-date: /app/dev_ws/install/xsens_msgs/share/xsens_msgs/cmake/xsens_msgs__rosidl_typesupport_introspection_cExport.cmake
[5.224s] -- Up-to-date: /app/dev_ws/install/xsens_msgs/share/xsens_msgs/cmake/xsens_msgs__rosidl_typesupport_introspection_cExport-noconfig.cmake
[5.228s] -- Up-to-date: /app/dev_ws/install/xsens_msgs/share/xsens_msgs/cmake/xsens_msgs__rosidl_typesupport_cExport.cmake
[5.236s] -- Up-to-date: /app/dev_ws/install/xsens_msgs/share/xsens_msgs/cmake/xsens_msgs__rosidl_typesupport_cExport-noconfig.cmake
[5.245s] -- Up-to-date: /app/dev_ws/install/xsens_msgs/share/xsens_msgs/cmake/xsens_msgs__rosidl_generator_cppExport.cmake
[5.248s] -- Up-to-date: /app/dev_ws/install/xsens_msgs/share/xsens_msgs/cmake/xsens_msgs__rosidl_typesupport_introspection_cppExport.cmake
[5.251s] -- Up-to-date: /app/dev_ws/install/xsens_msgs/share/xsens_msgs/cmake/xsens_msgs__rosidl_typesupport_introspection_cppExport-noconfig.cmake
[5.254s] -- Up-to-date: /app/dev_ws/install/xsens_msgs/share/xsens_msgs/cmake/xsens_msgs__rosidl_typesupport_cppExport.cmake
[5.257s] -- Up-to-date: /app/dev_ws/install/xsens_msgs/share/xsens_msgs/cmake/xsens_msgs__rosidl_typesupport_cppExport-noconfig.cmake
[5.260s] -- Up-to-date: /app/dev_ws/install/xsens_msgs/share/xsens_msgs/cmake/rosidl_cmake-extras.cmake
[5.262s] -- Up-to-date: /app/dev_ws/install/xsens_msgs/share/xsens_msgs/cmake/ament_cmake_export_dependencies-extras.cmake
[5.265s] -- Up-to-date: /app/dev_ws/install/xsens_msgs/share/xsens_msgs/cmake/ament_cmake_export_libraries-extras.cmake
[5.268s] -- Up-to-date: /app/dev_ws/install/xsens_msgs/share/xsens_msgs/cmake/ament_cmake_export_targets-extras.cmake
[5.270s] -- Up-to-date: /app/dev_ws/install/xsens_msgs/share/xsens_msgs/cmake/ament_cmake_export_include_directories-extras.cmake
[5.272s] -- Up-to-date: /app/dev_ws/install/xsens_msgs/share/xsens_msgs/cmake/rosidl_cmake_export_typesupport_libraries-extras.cmake
[5.276s] -- Up-to-date: /app/dev_ws/install/xsens_msgs/share/xsens_msgs/cmake/rosidl_cmake_export_typesupport_targets-extras.cmake
[5.288s] -- Up-to-date: /app/dev_ws/install/xsens_msgs/share/xsens_msgs/cmake/xsens_msgsConfig.cmake
[5.290s] -- Up-to-date: /app/dev_ws/install/xsens_msgs/share/xsens_msgs/cmake/xsens_msgsConfig-version.cmake
[5.293s] -- Up-to-date: /app/dev_ws/install/xsens_msgs/share/xsens_msgs/package.xml
[5.296s] Invoked command in '/app/dev_ws/build/xsens_msgs' returned '0': CMAKE_PREFIX_PATH=${CMAKE_PREFIX_PATH}:/app/dev_ws/install/xsens_driver:/app/dev_ws/install/ntrip_client:/app/dev_ws/install/central:/opt/ros/foxy /usr/bin/cmake --install /app/dev_ws/build/xsens_msgs
