[0.264s] Invoking command in '/app/dev_ws/build/rosbridge_msgs': CMAKE_PREFIX_PATH=${CMAKE_PREFIX_PATH}:/app/dev_ws/install/xsens_driver:/app/dev_ws/install/ntrip_client:/app/dev_ws/install/central:/opt/ros/foxy /usr/bin/cmake /app/dev_ws/src/rosbridge_suite/rosbridge_msgs -DCMAKE_INSTALL_PREFIX=/app/dev_ws/install/rosbridge_msgs
[0.865s] -- The C compiler identification is GNU 9.4.0
[1.373s] -- The CXX compiler identification is GNU 9.4.0
[1.408s] -- Check for working C compiler: /usr/bin/cc
[1.966s] -- Check for working C compiler: /usr/bin/cc -- works
[1.971s] -- Detecting C compiler ABI info
[2.535s] -- Detecting C compiler ABI info - done
[2.595s] -- Detecting C compile features
[2.597s] -- Detecting C compile features - done
[2.619s] -- Check for working CXX compiler: /usr/bin/c++
[3.168s] -- Check for working CXX compiler: /usr/bin/c++ -- works
[3.174s] -- Detecting CXX compiler ABI info
[3.735s] -- Detecting CXX compiler ABI info - done
[3.808s] -- Detecting CXX compile features
[3.812s] -- Detecting CXX compile features - done
[3.837s] -- Found ament_cmake_ros: 0.9.2 (/opt/ros/foxy/share/ament_cmake_ros/cmake)
[4.194s] -- Found PythonInterp: /usr/bin/python3 (found suitable version "3.8.10", minimum required is "3") 
[4.195s] -- Using PYTHON_EXECUTABLE: /usr/bin/python3
[6.165s] -- Found builtin_interfaces: 1.0.0 (/opt/ros/foxy/share/builtin_interfaces/cmake)
[6.529s] -- Using all available rosidl_typesupport_c: rosidl_typesupport_fastrtps_c;rosidl_typesupport_introspection_c
[6.622s] -- Found rosidl_adapter: 1.2.1 (/opt/ros/foxy/share/rosidl_adapter/cmake)
[7.467s] -- Found OpenSSL: /usr/lib/aarch64-linux-gnu/libcrypto.so (found version "1.1.1f")  
[7.906s] -- Found FastRTPS: /opt/ros/foxy/include  
[8.881s] -- Using all available rosidl_typesupport_cpp: rosidl_typesupport_fastrtps_cpp;rosidl_typesupport_introspection_cpp
[9.097s] -- Found rosidl_default_generators: 1.0.1 (/opt/ros/foxy/share/rosidl_default_generators/cmake)
[9.389s] -- Found PythonInterp: /usr/bin/python3 (found version "3.8.10") 
[11.611s] -- Using all available rosidl_typesupport_c: rosidl_typesupport_fastrtps_c;rosidl_typesupport_introspection_c
[11.687s] -- Using all available rosidl_typesupport_cpp: rosidl_typesupport_fastrtps_cpp;rosidl_typesupport_introspection_cpp
[11.839s] -- Found PythonInterp: /usr/bin/python3 (found suitable version "3.8.10", minimum required is "3.5") 
[11.858s] -- Found python_cmake_module: 0.8.1 (/opt/ros/foxy/share/python_cmake_module/cmake)
[12.016s] -- Found PythonLibs: /usr/lib/aarch64-linux-gnu/libpython3.8.so (found suitable version "3.8.10", minimum required is "3.5") 
[12.017s] -- Using PYTHON_EXECUTABLE: /usr/bin/python3
[12.018s] -- Using PYTHON_INCLUDE_DIRS: /usr/include/python3.8
[12.018s] -- Using PYTHON_LIBRARIES: /usr/lib/aarch64-linux-gnu/libpython3.8.so
[12.159s] -- Found PythonExtra: .so  
[12.523s] -- Configuring done
[12.818s] -- Generating done
[12.838s] -- Build files have been written to: /app/dev_ws/build/rosbridge_msgs
[12.860s] Invoked command in '/app/dev_ws/build/rosbridge_msgs' returned '0': CMAKE_PREFIX_PATH=${CMAKE_PREFIX_PATH}:/app/dev_ws/install/xsens_driver:/app/dev_ws/install/ntrip_client:/app/dev_ws/install/central:/opt/ros/foxy /usr/bin/cmake /app/dev_ws/src/rosbridge_suite/rosbridge_msgs -DCMAKE_INSTALL_PREFIX=/app/dev_ws/install/rosbridge_msgs
[12.876s] Invoking command in '/app/dev_ws/build/rosbridge_msgs': CMAKE_PREFIX_PATH=${CMAKE_PREFIX_PATH}:/app/dev_ws/install/xsens_driver:/app/dev_ws/install/ntrip_client:/app/dev_ws/install/central:/opt/ros/foxy /usr/bin/cmake --build /app/dev_ws/build/rosbridge_msgs -- -j4 -l4
[13.163s] [35m[1mScanning dependencies of target rosbridge_msgs__cpp[0m
[13.226s] [  2%] [34m[1mGenerating C code for ROS interfaces[0m
[13.257s] [  5%] [34m[1mGenerating C++ code for ROS interfaces[0m
[15.034s] [35m[1mScanning dependencies of target rosbridge_msgs__rosidl_generator_c[0m
[15.169s] [  7%] [32mBuilding C object CMakeFiles/rosbridge_msgs__rosidl_generator_c.dir/rosidl_generator_c/rosbridge_msgs/msg/detail/connected_client__functions.c.o[0m
[15.204s] [ 10%] [32mBuilding C object CMakeFiles/rosbridge_msgs__rosidl_generator_c.dir/rosidl_generator_c/rosbridge_msgs/msg/detail/connected_clients__functions.c.o[0m
[15.811s] [ 12%] [32m[1mLinking C shared library librosbridge_msgs__rosidl_generator_c.so[0m
[16.271s] [ 12%] Built target rosbridge_msgs__rosidl_generator_c
[16.366s] [ 12%] Built target rosbridge_msgs__cpp
[16.381s] [ 15%] [34m[1mGenerating C type support dispatch for ROS interfaces[0m
[16.447s] [ 17%] [34m[1mGenerating C introspection for ROS interfaces[0m
[16.586s] [ 20%] [34m[1mGenerating C++ type support dispatch for ROS interfaces[0m
[16.615s] [ 23%] [34m[1mGenerating C++ introspection for ROS interfaces[0m
[18.539s] [35m[1mScanning dependencies of target rosbridge_msgs__rosidl_typesupport_introspection_cpp[0m
[18.830s] [ 25%] [32mBuilding CXX object CMakeFiles/rosbridge_msgs__rosidl_typesupport_introspection_cpp.dir/rosidl_typesupport_introspection_cpp/rosbridge_msgs/msg/detail/connected_client__type_support.cpp.o[0m
[19.348s] [35m[1mScanning dependencies of target rosbridge_msgs__rosidl_typesupport_c[0m
[19.447s] [35m[1mScanning dependencies of target rosbridge_msgs__rosidl_typesupport_introspection_c[0m
[19.469s] [ 28%] [32mBuilding CXX object CMakeFiles/rosbridge_msgs__rosidl_typesupport_c.dir/rosidl_typesupport_c/rosbridge_msgs/msg/connected_client__type_support.cpp.o[0m
[19.512s] [35m[1mScanning dependencies of target rosbridge_msgs__rosidl_typesupport_cpp[0m
[19.643s] [ 30%] [32mBuilding C object CMakeFiles/rosbridge_msgs__rosidl_typesupport_introspection_c.dir/rosidl_typesupport_introspection_c/rosbridge_msgs/msg/detail/connected_client__type_support.c.o[0m
[19.726s] [ 33%] [32mBuilding CXX object CMakeFiles/rosbridge_msgs__rosidl_typesupport_cpp.dir/rosidl_typesupport_cpp/rosbridge_msgs/msg/connected_client__type_support.cpp.o[0m
[20.086s] [ 35%] [32mBuilding CXX object CMakeFiles/rosbridge_msgs__rosidl_typesupport_c.dir/rosidl_typesupport_c/rosbridge_msgs/msg/connected_clients__type_support.cpp.o[0m
[20.148s] [ 38%] [32mBuilding C object CMakeFiles/rosbridge_msgs__rosidl_typesupport_introspection_c.dir/rosidl_typesupport_introspection_c/rosbridge_msgs/msg/detail/connected_clients__type_support.c.o[0m
[20.558s] [ 41%] [32m[1mLinking CXX shared library librosbridge_msgs__rosidl_typesupport_c.so[0m
[20.699s] [ 43%] [32m[1mLinking C shared library librosbridge_msgs__rosidl_typesupport_introspection_c.so[0m
[21.168s] [ 43%] Built target rosbridge_msgs__rosidl_typesupport_c
[21.333s] [ 46%] [32mBuilding CXX object CMakeFiles/rosbridge_msgs__rosidl_typesupport_cpp.dir/rosidl_typesupport_cpp/rosbridge_msgs/msg/connected_clients__type_support.cpp.o[0m
[21.426s] [ 46%] Built target rosbridge_msgs__rosidl_typesupport_introspection_c
[21.583s] [ 48%] [34m[1mGenerating C++ type support for eProsima Fast-RTPS[0m
[23.488s] [35m[1mScanning dependencies of target rosbridge_msgs__rosidl_typesupport_fastrtps_cpp[0m
[23.860s] [ 51%] [32mBuilding CXX object CMakeFiles/rosbridge_msgs__rosidl_typesupport_fastrtps_cpp.dir/rosidl_typesupport_fastrtps_cpp/rosbridge_msgs/msg/detail/dds_fastrtps/connected_client__type_support.cpp.o[0m
[24.955s] [ 53%] [32mBuilding CXX object CMakeFiles/rosbridge_msgs__rosidl_typesupport_introspection_cpp.dir/rosidl_typesupport_introspection_cpp/rosbridge_msgs/msg/detail/connected_clients__type_support.cpp.o[0m
[25.817s] [ 56%] [32mBuilding CXX object CMakeFiles/rosbridge_msgs__rosidl_typesupport_fastrtps_cpp.dir/rosidl_typesupport_fastrtps_cpp/rosbridge_msgs/msg/detail/dds_fastrtps/connected_clients__type_support.cpp.o[0m
[26.418s] [ 58%] [32m[1mLinking CXX shared library librosbridge_msgs__rosidl_typesupport_cpp.so[0m
[26.999s] [ 58%] Built target rosbridge_msgs__rosidl_typesupport_cpp
[31.484s] [ 61%] [32m[1mLinking CXX shared library librosbridge_msgs__rosidl_typesupport_introspection_cpp.so[0m
[33.023s] [ 61%] Built target rosbridge_msgs__rosidl_typesupport_introspection_cpp
[35.041s] [ 64%] [32m[1mLinking CXX shared library librosbridge_msgs__rosidl_typesupport_fastrtps_cpp.so[0m
[36.447s] [ 64%] Built target rosbridge_msgs__rosidl_typesupport_fastrtps_cpp
[36.643s] [ 66%] [34m[1mGenerating C type support for eProsima Fast-RTPS[0m
[39.133s] [35m[1mScanning dependencies of target rosbridge_msgs__rosidl_typesupport_fastrtps_c[0m
[39.394s] [ 69%] [32mBuilding CXX object CMakeFiles/rosbridge_msgs__rosidl_typesupport_fastrtps_c.dir/rosidl_typesupport_fastrtps_c/rosbridge_msgs/msg/detail/connected_client__type_support_c.cpp.o[0m
[44.251s] [ 71%] [32mBuilding CXX object CMakeFiles/rosbridge_msgs__rosidl_typesupport_fastrtps_c.dir/rosidl_typesupport_fastrtps_c/rosbridge_msgs/msg/detail/connected_clients__type_support_c.cpp.o[0m
[48.991s] [ 74%] [32m[1mLinking CXX shared library librosbridge_msgs__rosidl_typesupport_fastrtps_c.so[0m
[49.991s] [ 74%] Built target rosbridge_msgs__rosidl_typesupport_fastrtps_c
[50.155s] [35m[1mScanning dependencies of target rosbridge_msgs[0m
[50.319s] [ 74%] Built target rosbridge_msgs
[50.473s] [35m[1mScanning dependencies of target rosbridge_msgs__py[0m
[50.687s] [ 76%] [34m[1mGenerating Python code for ROS interfaces[0m
[54.500s] [ 76%] Built target rosbridge_msgs__py
[54.627s] [35m[1mScanning dependencies of target rosbridge_msgs__python[0m
[54.985s] [ 79%] [32mBuilding C object CMakeFiles/rosbridge_msgs__python.dir/rosidl_generator_py/rosbridge_msgs/msg/_connected_client_s.c.o[0m
[56.407s] [ 82%] [32mBuilding C object CMakeFiles/rosbridge_msgs__python.dir/rosidl_generator_py/rosbridge_msgs/msg/_connected_clients_s.c.o[0m
[57.444s] [ 84%] [32m[1mLinking C shared library rosidl_generator_py/rosbridge_msgs/librosbridge_msgs__python.so[0m
[57.897s] [ 84%] Built target rosbridge_msgs__python
[58.045s] [35m[1mScanning dependencies of target rosbridge_msgs__rosidl_typesupport_c__pyext[0m
[58.346s] [ 87%] [32mBuilding C object CMakeFiles/rosbridge_msgs__rosidl_typesupport_c__pyext.dir/rosidl_generator_py/rosbridge_msgs/_rosbridge_msgs_s.ep.rosidl_typesupport_c.c.o[0m
[59.604s] [ 89%] [32m[1mLinking C shared library rosidl_generator_py/rosbridge_msgs/rosbridge_msgs_s__rosidl_typesupport_c.cpython-38-aarch64-linux-gnu.so[0m
[60.253s] [ 89%] Built target rosbridge_msgs__rosidl_typesupport_c__pyext
[60.452s] [35m[1mScanning dependencies of target rosbridge_msgs__rosidl_typesupport_introspection_c__pyext[0m
[60.681s] [ 92%] [32mBuilding C object CMakeFiles/rosbridge_msgs__rosidl_typesupport_introspection_c__pyext.dir/rosidl_generator_py/rosbridge_msgs/_rosbridge_msgs_s.ep.rosidl_typesupport_introspection_c.c.o[0m
[61.964s] [ 94%] [32m[1mLinking C shared library rosidl_generator_py/rosbridge_msgs/rosbridge_msgs_s__rosidl_typesupport_introspection_c.cpython-38-aarch64-linux-gnu.so[0m
[62.513s] [ 94%] Built target rosbridge_msgs__rosidl_typesupport_introspection_c__pyext
[62.653s] [35m[1mScanning dependencies of target rosbridge_msgs__rosidl_typesupport_fastrtps_c__pyext[0m
[62.952s] [ 97%] [32mBuilding C object CMakeFiles/rosbridge_msgs__rosidl_typesupport_fastrtps_c__pyext.dir/rosidl_generator_py/rosbridge_msgs/_rosbridge_msgs_s.ep.rosidl_typesupport_fastrtps_c.c.o[0m
[63.752s] [100%] [32m[1mLinking CXX shared library rosidl_generator_py/rosbridge_msgs/rosbridge_msgs_s__rosidl_typesupport_fastrtps_c.cpython-38-aarch64-linux-gnu.so[0m
[64.482s] [100%] Built target rosbridge_msgs__rosidl_typesupport_fastrtps_c__pyext
[64.577s] Invoked command in '/app/dev_ws/build/rosbridge_msgs' returned '0': CMAKE_PREFIX_PATH=${CMAKE_PREFIX_PATH}:/app/dev_ws/install/xsens_driver:/app/dev_ws/install/ntrip_client:/app/dev_ws/install/central:/opt/ros/foxy /usr/bin/cmake --build /app/dev_ws/build/rosbridge_msgs -- -j4 -l4
[67.143s] Invoking command in '/app/dev_ws/build/rosbridge_msgs': CMAKE_PREFIX_PATH=${CMAKE_PREFIX_PATH}:/app/dev_ws/install/xsens_driver:/app/dev_ws/install/ntrip_client:/app/dev_ws/install/central:/opt/ros/foxy /usr/bin/cmake --install /app/dev_ws/build/rosbridge_msgs
[67.295s] -- Install configuration: ""
[67.296s] -- Installing: /app/dev_ws/install/rosbridge_msgs/share/ament_index/resource_index/rosidl_interfaces/rosbridge_msgs
[67.310s] -- Installing: /app/dev_ws/install/rosbridge_msgs/include/rosbridge_msgs
[67.311s] -- Installing: /app/dev_ws/install/rosbridge_msgs/include/rosbridge_msgs/msg
[67.312s] -- Installing: /app/dev_ws/install/rosbridge_msgs/include/rosbridge_msgs/msg/connected_client.h
[67.318s] -- Installing: /app/dev_ws/install/rosbridge_msgs/include/rosbridge_msgs/msg/rosidl_generator_c__visibility_control.h
[67.319s] -- Installing: /app/dev_ws/install/rosbridge_msgs/include/rosbridge_msgs/msg/detail
[67.330s] -- Installing: /app/dev_ws/install/rosbridge_msgs/include/rosbridge_msgs/msg/detail/connected_clients__functions.c
[67.333s] -- Installing: /app/dev_ws/install/rosbridge_msgs/include/rosbridge_msgs/msg/detail/connected_clients__struct.h
[67.334s] -- Installing: /app/dev_ws/install/rosbridge_msgs/include/rosbridge_msgs/msg/detail/connected_client__functions.h
[67.337s] -- Installing: /app/dev_ws/install/rosbridge_msgs/include/rosbridge_msgs/msg/detail/connected_client__struct.h
[67.339s] -- Installing: /app/dev_ws/install/rosbridge_msgs/include/rosbridge_msgs/msg/detail/connected_clients__type_support.h
[67.344s] -- Installing: /app/dev_ws/install/rosbridge_msgs/include/rosbridge_msgs/msg/detail/connected_client__functions.c
[67.346s] -- Installing: /app/dev_ws/install/rosbridge_msgs/include/rosbridge_msgs/msg/detail/connected_clients__functions.h
[67.350s] -- Installing: /app/dev_ws/install/rosbridge_msgs/include/rosbridge_msgs/msg/detail/connected_client__type_support.h
[67.352s] -- Installing: /app/dev_ws/install/rosbridge_msgs/include/rosbridge_msgs/msg/connected_clients.h
[67.366s] -- Installing: /app/dev_ws/install/rosbridge_msgs/share/rosbridge_msgs/environment/library_path.sh
[67.368s] -- Installing: /app/dev_ws/install/rosbridge_msgs/share/rosbridge_msgs/environment/library_path.dsv
[67.373s] -- Installing: /app/dev_ws/install/rosbridge_msgs/lib/librosbridge_msgs__rosidl_generator_c.so
[67.378s] -- Set runtime path of "/app/dev_ws/install/rosbridge_msgs/lib/librosbridge_msgs__rosidl_generator_c.so" to ""
[67.379s] -- Up-to-date: /app/dev_ws/install/rosbridge_msgs/include/rosbridge_msgs
[67.381s] -- Up-to-date: /app/dev_ws/install/rosbridge_msgs/include/rosbridge_msgs/msg
[67.383s] -- Up-to-date: /app/dev_ws/install/rosbridge_msgs/include/rosbridge_msgs/msg/detail
[67.388s] -- Installing: /app/dev_ws/install/rosbridge_msgs/include/rosbridge_msgs/msg/detail/connected_client__rosidl_typesupport_fastrtps_c.h
[67.390s] -- Installing: /app/dev_ws/install/rosbridge_msgs/include/rosbridge_msgs/msg/detail/connected_clients__rosidl_typesupport_fastrtps_c.h
[67.392s] -- Installing: /app/dev_ws/install/rosbridge_msgs/include/rosbridge_msgs/msg/rosidl_typesupport_fastrtps_c__visibility_control.h
[67.406s] -- Installing: /app/dev_ws/install/rosbridge_msgs/lib/librosbridge_msgs__rosidl_typesupport_fastrtps_c.so
[67.413s] -- Set runtime path of "/app/dev_ws/install/rosbridge_msgs/lib/librosbridge_msgs__rosidl_typesupport_fastrtps_c.so" to ""
[67.414s] -- Up-to-date: /app/dev_ws/install/rosbridge_msgs/include/rosbridge_msgs
[67.426s] -- Up-to-date: /app/dev_ws/install/rosbridge_msgs/include/rosbridge_msgs/msg
[67.429s] -- Up-to-date: /app/dev_ws/install/rosbridge_msgs/include/rosbridge_msgs/msg/detail
[67.433s] -- Installing: /app/dev_ws/install/rosbridge_msgs/include/rosbridge_msgs/msg/detail/connected_clients__rosidl_typesupport_fastrtps_cpp.hpp
[67.438s] -- Installing: /app/dev_ws/install/rosbridge_msgs/include/rosbridge_msgs/msg/detail/connected_client__rosidl_typesupport_fastrtps_cpp.hpp
[67.442s] -- Installing: /app/dev_ws/install/rosbridge_msgs/include/rosbridge_msgs/msg/detail/dds_fastrtps
[67.445s] -- Installing: /app/dev_ws/install/rosbridge_msgs/include/rosbridge_msgs/msg/rosidl_typesupport_fastrtps_cpp__visibility_control.h
[67.448s] -- Installing: /app/dev_ws/install/rosbridge_msgs/lib/librosbridge_msgs__rosidl_typesupport_fastrtps_cpp.so
[67.466s] -- Set runtime path of "/app/dev_ws/install/rosbridge_msgs/lib/librosbridge_msgs__rosidl_typesupport_fastrtps_cpp.so" to ""
[67.469s] -- Up-to-date: /app/dev_ws/install/rosbridge_msgs/include/rosbridge_msgs
[67.474s] -- Up-to-date: /app/dev_ws/install/rosbridge_msgs/include/rosbridge_msgs/msg
[67.477s] -- Installing: /app/dev_ws/install/rosbridge_msgs/include/rosbridge_msgs/msg/rosidl_typesupport_introspection_c__visibility_control.h
[67.481s] -- Up-to-date: /app/dev_ws/install/rosbridge_msgs/include/rosbridge_msgs/msg/detail
[67.483s] -- Installing: /app/dev_ws/install/rosbridge_msgs/include/rosbridge_msgs/msg/detail/connected_client__rosidl_typesupport_introspection_c.h
[67.487s] -- Installing: /app/dev_ws/install/rosbridge_msgs/include/rosbridge_msgs/msg/detail/connected_clients__type_support.c
[67.490s] -- Installing: /app/dev_ws/install/rosbridge_msgs/include/rosbridge_msgs/msg/detail/connected_client__type_support.c
[67.510s] -- Installing: /app/dev_ws/install/rosbridge_msgs/include/rosbridge_msgs/msg/detail/connected_clients__rosidl_typesupport_introspection_c.h
[67.515s] -- Installing: /app/dev_ws/install/rosbridge_msgs/lib/librosbridge_msgs__rosidl_typesupport_introspection_c.so
[67.532s] -- Set runtime path of "/app/dev_ws/install/rosbridge_msgs/lib/librosbridge_msgs__rosidl_typesupport_introspection_c.so" to ""
[67.534s] -- Installing: /app/dev_ws/install/rosbridge_msgs/lib/librosbridge_msgs__rosidl_typesupport_c.so
[67.540s] -- Set runtime path of "/app/dev_ws/install/rosbridge_msgs/lib/librosbridge_msgs__rosidl_typesupport_c.so" to ""
[67.542s] -- Up-to-date: /app/dev_ws/install/rosbridge_msgs/include/rosbridge_msgs
[67.544s] -- Up-to-date: /app/dev_ws/install/rosbridge_msgs/include/rosbridge_msgs/msg
[67.552s] -- Installing: /app/dev_ws/install/rosbridge_msgs/include/rosbridge_msgs/msg/connected_clients.hpp
[67.553s] -- Installing: /app/dev_ws/install/rosbridge_msgs/include/rosbridge_msgs/msg/connected_client.hpp
[67.559s] -- Up-to-date: /app/dev_ws/install/rosbridge_msgs/include/rosbridge_msgs/msg/detail
[67.560s] -- Installing: /app/dev_ws/install/rosbridge_msgs/include/rosbridge_msgs/msg/detail/connected_client__traits.hpp
[67.573s] -- Installing: /app/dev_ws/install/rosbridge_msgs/include/rosbridge_msgs/msg/detail/connected_clients__struct.hpp
[67.576s] -- Installing: /app/dev_ws/install/rosbridge_msgs/include/rosbridge_msgs/msg/detail/connected_client__builder.hpp
[67.577s] -- Installing: /app/dev_ws/install/rosbridge_msgs/include/rosbridge_msgs/msg/detail/connected_clients__traits.hpp
[67.579s] -- Installing: /app/dev_ws/install/rosbridge_msgs/include/rosbridge_msgs/msg/detail/connected_clients__builder.hpp
[67.580s] -- Installing: /app/dev_ws/install/rosbridge_msgs/include/rosbridge_msgs/msg/detail/connected_client__struct.hpp
[67.583s] -- Up-to-date: /app/dev_ws/install/rosbridge_msgs/include/rosbridge_msgs
[67.594s] -- Up-to-date: /app/dev_ws/install/rosbridge_msgs/include/rosbridge_msgs/msg
[67.595s] -- Up-to-date: /app/dev_ws/install/rosbridge_msgs/include/rosbridge_msgs/msg/detail
[67.596s] -- Installing: /app/dev_ws/install/rosbridge_msgs/include/rosbridge_msgs/msg/detail/connected_client__type_support.cpp
[67.598s] -- Installing: /app/dev_ws/install/rosbridge_msgs/include/rosbridge_msgs/msg/detail/connected_client__rosidl_typesupport_introspection_cpp.hpp
[67.610s] -- Installing: /app/dev_ws/install/rosbridge_msgs/include/rosbridge_msgs/msg/detail/connected_clients__rosidl_typesupport_introspection_cpp.hpp
[67.611s] -- Installing: /app/dev_ws/install/rosbridge_msgs/include/rosbridge_msgs/msg/detail/connected_clients__type_support.cpp
[67.612s] -- Installing: /app/dev_ws/install/rosbridge_msgs/lib/librosbridge_msgs__rosidl_typesupport_introspection_cpp.so
[67.618s] -- Set runtime path of "/app/dev_ws/install/rosbridge_msgs/lib/librosbridge_msgs__rosidl_typesupport_introspection_cpp.so" to ""
[67.621s] -- Installing: /app/dev_ws/install/rosbridge_msgs/lib/librosbridge_msgs__rosidl_typesupport_cpp.so
[67.626s] -- Set runtime path of "/app/dev_ws/install/rosbridge_msgs/lib/librosbridge_msgs__rosidl_typesupport_cpp.so" to ""
[67.628s] -- Installing: /app/dev_ws/install/rosbridge_msgs/share/rosbridge_msgs/environment/pythonpath.sh
[67.631s] -- Installing: /app/dev_ws/install/rosbridge_msgs/share/rosbridge_msgs/environment/pythonpath.dsv
[67.643s] -- Installing: /app/dev_ws/install/rosbridge_msgs/lib/python3.8/site-packages/rosbridge_msgs/__init__.py
[67.928s] Compiling '/app/dev_ws/install/rosbridge_msgs/lib/python3.8/site-packages/rosbridge_msgs/__init__.py'...
[67.976s] -- Installing: /app/dev_ws/install/rosbridge_msgs/lib/python3.8/site-packages/rosbridge_msgs/msg
[67.977s] -- Installing: /app/dev_ws/install/rosbridge_msgs/lib/python3.8/site-packages/rosbridge_msgs/msg/_connected_clients.py
[67.978s] -- Installing: /app/dev_ws/install/rosbridge_msgs/lib/python3.8/site-packages/rosbridge_msgs/msg/_connected_clients_s.c
[67.980s] -- Installing: /app/dev_ws/install/rosbridge_msgs/lib/python3.8/site-packages/rosbridge_msgs/msg/_connected_client.py
[67.982s] -- Installing: /app/dev_ws/install/rosbridge_msgs/lib/python3.8/site-packages/rosbridge_msgs/msg/_connected_client_s.c
[67.983s] -- Installing: /app/dev_ws/install/rosbridge_msgs/lib/python3.8/site-packages/rosbridge_msgs/msg/__init__.py
[67.991s] -- Installing: /app/dev_ws/install/rosbridge_msgs/lib/python3.8/site-packages/rosbridge_msgs/rosbridge_msgs_s__rosidl_typesupport_fastrtps_c.cpython-38-aarch64-linux-gnu.so
[68.007s] -- Set runtime path of "/app/dev_ws/install/rosbridge_msgs/lib/python3.8/site-packages/rosbridge_msgs/rosbridge_msgs_s__rosidl_typesupport_fastrtps_c.cpython-38-aarch64-linux-gnu.so" to ""
[68.010s] -- Installing: /app/dev_ws/install/rosbridge_msgs/lib/python3.8/site-packages/rosbridge_msgs/rosbridge_msgs_s__rosidl_typesupport_introspection_c.cpython-38-aarch64-linux-gnu.so
[68.022s] -- Set runtime path of "/app/dev_ws/install/rosbridge_msgs/lib/python3.8/site-packages/rosbridge_msgs/rosbridge_msgs_s__rosidl_typesupport_introspection_c.cpython-38-aarch64-linux-gnu.so" to ""
[68.025s] -- Installing: /app/dev_ws/install/rosbridge_msgs/lib/python3.8/site-packages/rosbridge_msgs/rosbridge_msgs_s__rosidl_typesupport_c.cpython-38-aarch64-linux-gnu.so
[68.046s] -- Set runtime path of "/app/dev_ws/install/rosbridge_msgs/lib/python3.8/site-packages/rosbridge_msgs/rosbridge_msgs_s__rosidl_typesupport_c.cpython-38-aarch64-linux-gnu.so" to ""
[68.048s] -- Installing: /app/dev_ws/install/rosbridge_msgs/lib/librosbridge_msgs__python.so
[68.070s] -- Set runtime path of "/app/dev_ws/install/rosbridge_msgs/lib/librosbridge_msgs__python.so" to ""
[68.071s] -- Installing: /app/dev_ws/install/rosbridge_msgs/share/rosbridge_msgs/msg/ConnectedClient.idl
[68.075s] -- Installing: /app/dev_ws/install/rosbridge_msgs/share/rosbridge_msgs/msg/ConnectedClients.idl
[68.079s] -- Installing: /app/dev_ws/install/rosbridge_msgs/share/rosbridge_msgs/msg/ConnectedClient.msg
[68.086s] -- Installing: /app/dev_ws/install/rosbridge_msgs/share/rosbridge_msgs/msg/ConnectedClients.msg
[68.087s] -- Installing: /app/dev_ws/install/rosbridge_msgs/share/ament_index/resource_index/package_run_dependencies/rosbridge_msgs
[68.090s] -- Installing: /app/dev_ws/install/rosbridge_msgs/share/ament_index/resource_index/parent_prefix_path/rosbridge_msgs
[68.092s] -- Installing: /app/dev_ws/install/rosbridge_msgs/share/rosbridge_msgs/environment/ament_prefix_path.sh
[68.094s] -- Installing: /app/dev_ws/install/rosbridge_msgs/share/rosbridge_msgs/environment/ament_prefix_path.dsv
[68.114s] -- Installing: /app/dev_ws/install/rosbridge_msgs/share/rosbridge_msgs/environment/path.sh
[68.116s] -- Installing: /app/dev_ws/install/rosbridge_msgs/share/rosbridge_msgs/environment/path.dsv
[68.118s] -- Installing: /app/dev_ws/install/rosbridge_msgs/share/rosbridge_msgs/local_setup.bash
[68.120s] -- Installing: /app/dev_ws/install/rosbridge_msgs/share/rosbridge_msgs/local_setup.sh
[68.122s] -- Installing: /app/dev_ws/install/rosbridge_msgs/share/rosbridge_msgs/local_setup.zsh
[68.144s] -- Installing: /app/dev_ws/install/rosbridge_msgs/share/rosbridge_msgs/local_setup.dsv
[68.145s] -- Installing: /app/dev_ws/install/rosbridge_msgs/share/rosbridge_msgs/package.dsv
[68.148s] -- Installing: /app/dev_ws/install/rosbridge_msgs/share/ament_index/resource_index/packages/rosbridge_msgs
[68.162s] -- Installing: /app/dev_ws/install/rosbridge_msgs/share/rosbridge_msgs/cmake/rosbridge_msgs__rosidl_generator_cExport.cmake
[68.165s] -- Installing: /app/dev_ws/install/rosbridge_msgs/share/rosbridge_msgs/cmake/rosbridge_msgs__rosidl_generator_cExport-noconfig.cmake
[68.168s] -- Installing: /app/dev_ws/install/rosbridge_msgs/share/rosbridge_msgs/cmake/rosbridge_msgs__rosidl_typesupport_introspection_cExport.cmake
[68.171s] -- Installing: /app/dev_ws/install/rosbridge_msgs/share/rosbridge_msgs/cmake/rosbridge_msgs__rosidl_typesupport_introspection_cExport-noconfig.cmake
[68.182s] -- Installing: /app/dev_ws/install/rosbridge_msgs/share/rosbridge_msgs/cmake/rosbridge_msgs__rosidl_typesupport_cExport.cmake
[68.184s] -- Installing: /app/dev_ws/install/rosbridge_msgs/share/rosbridge_msgs/cmake/rosbridge_msgs__rosidl_typesupport_cExport-noconfig.cmake
[68.187s] -- Installing: /app/dev_ws/install/rosbridge_msgs/share/rosbridge_msgs/cmake/rosbridge_msgs__rosidl_generator_cppExport.cmake
[68.189s] -- Installing: /app/dev_ws/install/rosbridge_msgs/share/rosbridge_msgs/cmake/rosbridge_msgs__rosidl_typesupport_introspection_cppExport.cmake
[68.198s] -- Installing: /app/dev_ws/install/rosbridge_msgs/share/rosbridge_msgs/cmake/rosbridge_msgs__rosidl_typesupport_introspection_cppExport-noconfig.cmake
[68.203s] -- Installing: /app/dev_ws/install/rosbridge_msgs/share/rosbridge_msgs/cmake/rosbridge_msgs__rosidl_typesupport_cppExport.cmake
[68.204s] -- Installing: /app/dev_ws/install/rosbridge_msgs/share/rosbridge_msgs/cmake/rosbridge_msgs__rosidl_typesupport_cppExport-noconfig.cmake
[68.226s] -- Installing: /app/dev_ws/install/rosbridge_msgs/share/rosbridge_msgs/cmake/rosidl_cmake-extras.cmake
[68.228s] -- Installing: /app/dev_ws/install/rosbridge_msgs/share/rosbridge_msgs/cmake/ament_cmake_export_dependencies-extras.cmake
[68.233s] -- Installing: /app/dev_ws/install/rosbridge_msgs/share/rosbridge_msgs/cmake/ament_cmake_export_libraries-extras.cmake
[68.235s] -- Installing: /app/dev_ws/install/rosbridge_msgs/share/rosbridge_msgs/cmake/ament_cmake_export_targets-extras.cmake
[68.244s] -- Installing: /app/dev_ws/install/rosbridge_msgs/share/rosbridge_msgs/cmake/ament_cmake_export_include_directories-extras.cmake
[68.245s] -- Installing: /app/dev_ws/install/rosbridge_msgs/share/rosbridge_msgs/cmake/rosidl_cmake_export_typesupport_libraries-extras.cmake
[68.247s] -- Installing: /app/dev_ws/install/rosbridge_msgs/share/rosbridge_msgs/cmake/rosidl_cmake_export_typesupport_targets-extras.cmake
[68.260s] -- Installing: /app/dev_ws/install/rosbridge_msgs/share/rosbridge_msgs/cmake/rosbridge_msgsConfig.cmake
[68.262s] -- Installing: /app/dev_ws/install/rosbridge_msgs/share/rosbridge_msgs/cmake/rosbridge_msgsConfig-version.cmake
[68.265s] -- Installing: /app/dev_ws/install/rosbridge_msgs/share/rosbridge_msgs/package.xml
[68.283s] Invoked command in '/app/dev_ws/build/rosbridge_msgs' returned '0': CMAKE_PREFIX_PATH=${CMAKE_PREFIX_PATH}:/app/dev_ws/install/xsens_driver:/app/dev_ws/install/ntrip_client:/app/dev_ws/install/central:/opt/ros/foxy /usr/bin/cmake --install /app/dev_ws/build/rosbridge_msgs
