[0.121s] Invoking command in '/app/dev_ws/build/rosbridge_server': CMAKE_PREFIX_PATH=/app/dev_ws/install/rosapi:/app/dev_ws/install/rosbridge_library:/app/dev_ws/install/rosbridge_msgs:/app/dev_ws/install/rosapi_msgs:/app/dev_ws/install/xsens_msgs:/app/dev_ws/install/rosbridge_test_msgs:/app/dev_ws/install/rosbridge_suite:/app/dev_ws/install/rosbridge_server:/app/dev_ws/install/xsens_driver:/app/dev_ws/install/ntrip_client:/app/dev_ws/install/central:/opt/ros/foxy LD_LIBRARY_PATH=/app/dev_ws/install/rosbridge_msgs/lib:/app/dev_ws/install/rosapi_msgs/lib:/app/dev_ws/install/xsens_msgs/lib:/app/dev_ws/install/rosbridge_test_msgs/lib:/opt/ros/foxy/opt/yaml_cpp_vendor/lib:/opt/ros/foxy/lib/aarch64-linux-gnu:/opt/ros/foxy/lib PYTHONPATH=/app/dev_ws/install/rosapi/lib/python3.8/site-packages:/app/dev_ws/install/rosbridge_library/lib/python3.8/site-packages:/app/dev_ws/install/rosbridge_msgs/lib/python3.8/site-packages:/app/dev_ws/install/rosapi_msgs/lib/python3.8/site-packages:/app/dev_ws/install/xsens_driver/lib/python3.8/site-packages:/app/dev_ws/install/xsens_msgs/lib/python3.8/site-packages:/app/dev_ws/install/rosbridge_test_msgs/lib/python3.8/site-packages:/app/dev_ws/install/rosbridge_server/lib/python3.8/site-packages:/app/dev_ws/install/ntrip_client/lib/python3.8/site-packages:/app/dev_ws/install/central/lib/python3.8/site-packages:/opt/ros/foxy/lib/python3.8/site-packages /usr/bin/cmake /app/dev_ws/src/rosbridge_suite/rosbridge_server -DCMAKE_INSTALL_PREFIX=/app/dev_ws/install/rosbridge_server
[0.474s] -- The C compiler identification is GNU 9.4.0
[0.771s] -- The CXX compiler identification is GNU 9.4.0
[0.796s] -- Check for working C compiler: /usr/bin/cc
[1.177s] -- Check for working C compiler: /usr/bin/cc -- works
[1.180s] -- Detecting C compiler ABI info
[1.563s] -- Detecting C compiler ABI info - done
[1.605s] -- Detecting C compile features
[1.606s] -- Detecting C compile features - done
[1.617s] -- Check for working CXX compiler: /usr/bin/c++
[2.037s] -- Check for working CXX compiler: /usr/bin/c++ -- works
[2.041s] -- Detecting CXX compiler ABI info
[2.467s] -- Detecting CXX compiler ABI info - done
[2.509s] -- Detecting CXX compile features
[2.511s] -- Detecting CXX compile features - done
[2.541s] -- Found ament_cmake_ros: 0.9.2 (/opt/ros/foxy/share/ament_cmake_ros/cmake)
[2.814s] -- Found PythonInterp: /usr/bin/python3 (found suitable version "3.8.10", minimum required is "3") 
[2.814s] -- Using PYTHON_EXECUTABLE: /usr/bin/python3
[4.529s] -- Found launch_testing_ament_cmake: 0.10.8 (/opt/ros/foxy/share/launch_testing_ament_cmake/cmake)
[4.557s] -- Found python_cmake_module: 0.8.1 (/opt/ros/foxy/share/python_cmake_module/cmake)
[4.682s] -- Found PythonInterp: /usr/bin/python3 (found suitable version "3.8.10", minimum required is "3.5") 
[4.776s] -- Found PythonLibs: /usr/lib/aarch64-linux-gnu/libpython3.8.so (found suitable version "3.8.10", minimum required is "3.5") 
[4.777s] -- Using PYTHON_EXECUTABLE: /usr/bin/python3
[4.777s] -- Using PYTHON_INCLUDE_DIRS: /usr/include/python3.8
[4.777s] -- Using PYTHON_LIBRARIES: /usr/lib/aarch64-linux-gnu/libpython3.8.so
[4.904s] -- Found PythonExtra: .so  
[4.925s] -- Configuring done
[4.937s] -- Generating done
[4.942s] -- Build files have been written to: /app/dev_ws/build/rosbridge_server
[4.960s] Invoked command in '/app/dev_ws/build/rosbridge_server' returned '0': CMAKE_PREFIX_PATH=/app/dev_ws/install/rosapi:/app/dev_ws/install/rosbridge_library:/app/dev_ws/install/rosbridge_msgs:/app/dev_ws/install/rosapi_msgs:/app/dev_ws/install/xsens_msgs:/app/dev_ws/install/rosbridge_test_msgs:/app/dev_ws/install/rosbridge_suite:/app/dev_ws/install/rosbridge_server:/app/dev_ws/install/xsens_driver:/app/dev_ws/install/ntrip_client:/app/dev_ws/install/central:/opt/ros/foxy LD_LIBRARY_PATH=/app/dev_ws/install/rosbridge_msgs/lib:/app/dev_ws/install/rosapi_msgs/lib:/app/dev_ws/install/xsens_msgs/lib:/app/dev_ws/install/rosbridge_test_msgs/lib:/opt/ros/foxy/opt/yaml_cpp_vendor/lib:/opt/ros/foxy/lib/aarch64-linux-gnu:/opt/ros/foxy/lib PYTHONPATH=/app/dev_ws/install/rosapi/lib/python3.8/site-packages:/app/dev_ws/install/rosbridge_library/lib/python3.8/site-packages:/app/dev_ws/install/rosbridge_msgs/lib/python3.8/site-packages:/app/dev_ws/install/rosapi_msgs/lib/python3.8/site-packages:/app/dev_ws/install/xsens_driver/lib/python3.8/site-packages:/app/dev_ws/install/xsens_msgs/lib/python3.8/site-packages:/app/dev_ws/install/rosbridge_test_msgs/lib/python3.8/site-packages:/app/dev_ws/install/rosbridge_server/lib/python3.8/site-packages:/app/dev_ws/install/ntrip_client/lib/python3.8/site-packages:/app/dev_ws/install/central/lib/python3.8/site-packages:/opt/ros/foxy/lib/python3.8/site-packages /usr/bin/cmake /app/dev_ws/src/rosbridge_suite/rosbridge_server -DCMAKE_INSTALL_PREFIX=/app/dev_ws/install/rosbridge_server
[4.970s] Invoking command in '/app/dev_ws/build/rosbridge_server': CMAKE_PREFIX_PATH=/app/dev_ws/install/rosapi:/app/dev_ws/install/rosbridge_library:/app/dev_ws/install/rosbridge_msgs:/app/dev_ws/install/rosapi_msgs:/app/dev_ws/install/xsens_msgs:/app/dev_ws/install/rosbridge_test_msgs:/app/dev_ws/install/rosbridge_suite:/app/dev_ws/install/rosbridge_server:/app/dev_ws/install/xsens_driver:/app/dev_ws/install/ntrip_client:/app/dev_ws/install/central:/opt/ros/foxy LD_LIBRARY_PATH=/app/dev_ws/install/rosbridge_msgs/lib:/app/dev_ws/install/rosapi_msgs/lib:/app/dev_ws/install/xsens_msgs/lib:/app/dev_ws/install/rosbridge_test_msgs/lib:/opt/ros/foxy/opt/yaml_cpp_vendor/lib:/opt/ros/foxy/lib/aarch64-linux-gnu:/opt/ros/foxy/lib PYTHONPATH=/app/dev_ws/install/rosapi/lib/python3.8/site-packages:/app/dev_ws/install/rosbridge_library/lib/python3.8/site-packages:/app/dev_ws/install/rosbridge_msgs/lib/python3.8/site-packages:/app/dev_ws/install/rosapi_msgs/lib/python3.8/site-packages:/app/dev_ws/install/xsens_driver/lib/python3.8/site-packages:/app/dev_ws/install/xsens_msgs/lib/python3.8/site-packages:/app/dev_ws/install/rosbridge_test_msgs/lib/python3.8/site-packages:/app/dev_ws/install/rosbridge_server/lib/python3.8/site-packages:/app/dev_ws/install/ntrip_client/lib/python3.8/site-packages:/app/dev_ws/install/central/lib/python3.8/site-packages:/opt/ros/foxy/lib/python3.8/site-packages /usr/bin/cmake --build /app/dev_ws/build/rosbridge_server -- -j4 -l4
[5.188s] Invoked command in '/app/dev_ws/build/rosbridge_server' returned '0': CMAKE_PREFIX_PATH=/app/dev_ws/install/rosapi:/app/dev_ws/install/rosbridge_library:/app/dev_ws/install/rosbridge_msgs:/app/dev_ws/install/rosapi_msgs:/app/dev_ws/install/xsens_msgs:/app/dev_ws/install/rosbridge_test_msgs:/app/dev_ws/install/rosbridge_suite:/app/dev_ws/install/rosbridge_server:/app/dev_ws/install/xsens_driver:/app/dev_ws/install/ntrip_client:/app/dev_ws/install/central:/opt/ros/foxy LD_LIBRARY_PATH=/app/dev_ws/install/rosbridge_msgs/lib:/app/dev_ws/install/rosapi_msgs/lib:/app/dev_ws/install/xsens_msgs/lib:/app/dev_ws/install/rosbridge_test_msgs/lib:/opt/ros/foxy/opt/yaml_cpp_vendor/lib:/opt/ros/foxy/lib/aarch64-linux-gnu:/opt/ros/foxy/lib PYTHONPATH=/app/dev_ws/install/rosapi/lib/python3.8/site-packages:/app/dev_ws/install/rosbridge_library/lib/python3.8/site-packages:/app/dev_ws/install/rosbridge_msgs/lib/python3.8/site-packages:/app/dev_ws/install/rosapi_msgs/lib/python3.8/site-packages:/app/dev_ws/install/xsens_driver/lib/python3.8/site-packages:/app/dev_ws/install/xsens_msgs/lib/python3.8/site-packages:/app/dev_ws/install/rosbridge_test_msgs/lib/python3.8/site-packages:/app/dev_ws/install/rosbridge_server/lib/python3.8/site-packages:/app/dev_ws/install/ntrip_client/lib/python3.8/site-packages:/app/dev_ws/install/central/lib/python3.8/site-packages:/opt/ros/foxy/lib/python3.8/site-packages /usr/bin/cmake --build /app/dev_ws/build/rosbridge_server -- -j4 -l4
[5.351s] Invoking command in '/app/dev_ws/build/rosbridge_server': CMAKE_PREFIX_PATH=/app/dev_ws/install/rosapi:/app/dev_ws/install/rosbridge_library:/app/dev_ws/install/rosbridge_msgs:/app/dev_ws/install/rosapi_msgs:/app/dev_ws/install/xsens_msgs:/app/dev_ws/install/rosbridge_test_msgs:/app/dev_ws/install/rosbridge_suite:/app/dev_ws/install/rosbridge_server:/app/dev_ws/install/xsens_driver:/app/dev_ws/install/ntrip_client:/app/dev_ws/install/central:/opt/ros/foxy LD_LIBRARY_PATH=/app/dev_ws/install/rosbridge_msgs/lib:/app/dev_ws/install/rosapi_msgs/lib:/app/dev_ws/install/xsens_msgs/lib:/app/dev_ws/install/rosbridge_test_msgs/lib:/opt/ros/foxy/opt/yaml_cpp_vendor/lib:/opt/ros/foxy/lib/aarch64-linux-gnu:/opt/ros/foxy/lib PYTHONPATH=/app/dev_ws/install/rosapi/lib/python3.8/site-packages:/app/dev_ws/install/rosbridge_library/lib/python3.8/site-packages:/app/dev_ws/install/rosbridge_msgs/lib/python3.8/site-packages:/app/dev_ws/install/rosapi_msgs/lib/python3.8/site-packages:/app/dev_ws/install/xsens_driver/lib/python3.8/site-packages:/app/dev_ws/install/xsens_msgs/lib/python3.8/site-packages:/app/dev_ws/install/rosbridge_test_msgs/lib/python3.8/site-packages:/app/dev_ws/install/rosbridge_server/lib/python3.8/site-packages:/app/dev_ws/install/ntrip_client/lib/python3.8/site-packages:/app/dev_ws/install/central/lib/python3.8/site-packages:/opt/ros/foxy/lib/python3.8/site-packages /usr/bin/cmake --install /app/dev_ws/build/rosbridge_server
[5.397s] -- Install configuration: ""
[5.398s] -- Installing: /app/dev_ws/install/rosbridge_server/share/rosbridge_server/environment/pythonpath.sh
[5.399s] -- Installing: /app/dev_ws/install/rosbridge_server/share/rosbridge_server/environment/pythonpath.dsv
[5.401s] -- Installing: /app/dev_ws/install/rosbridge_server/lib/python3.8/site-packages/rosbridge_server
[5.402s] -- Installing: /app/dev_ws/install/rosbridge_server/lib/python3.8/site-packages/rosbridge_server/client_mananger.py
[5.404s] -- Installing: /app/dev_ws/install/rosbridge_server/lib/python3.8/site-packages/rosbridge_server/__init__.py
[5.407s] -- Installing: /app/dev_ws/install/rosbridge_server/lib/python3.8/site-packages/rosbridge_server/websocket_handler.py
[5.598s] Listing '/app/dev_ws/install/rosbridge_server/lib/python3.8/site-packages/rosbridge_server'...
[5.599s] Compiling '/app/dev_ws/install/rosbridge_server/lib/python3.8/site-packages/rosbridge_server/__init__.py'...
[5.600s] Compiling '/app/dev_ws/install/rosbridge_server/lib/python3.8/site-packages/rosbridge_server/client_mananger.py'...
[5.601s] Compiling '/app/dev_ws/install/rosbridge_server/lib/python3.8/site-packages/rosbridge_server/websocket_handler.py'...
[5.622s] -- Installing: /app/dev_ws/install/rosbridge_server/share/ament_index/resource_index/package_run_dependencies/rosbridge_server
[5.624s] -- Installing: /app/dev_ws/install/rosbridge_server/share/ament_index/resource_index/parent_prefix_path/rosbridge_server
[5.625s] -- Installing: /app/dev_ws/install/rosbridge_server/share/rosbridge_server/environment/ament_prefix_path.sh
[5.627s] -- Installing: /app/dev_ws/install/rosbridge_server/share/rosbridge_server/environment/ament_prefix_path.dsv
[5.628s] -- Installing: /app/dev_ws/install/rosbridge_server/share/rosbridge_server/environment/path.sh
[5.630s] -- Installing: /app/dev_ws/install/rosbridge_server/share/rosbridge_server/environment/path.dsv
[5.631s] -- Installing: /app/dev_ws/install/rosbridge_server/share/rosbridge_server/local_setup.bash
[5.632s] -- Installing: /app/dev_ws/install/rosbridge_server/share/rosbridge_server/local_setup.sh
[5.634s] -- Installing: /app/dev_ws/install/rosbridge_server/share/rosbridge_server/local_setup.zsh
[5.635s] -- Installing: /app/dev_ws/install/rosbridge_server/share/rosbridge_server/local_setup.dsv
[5.636s] -- Installing: /app/dev_ws/install/rosbridge_server/share/rosbridge_server/package.dsv
[5.638s] -- Installing: /app/dev_ws/install/rosbridge_server/share/ament_index/resource_index/packages/rosbridge_server
[5.639s] -- Installing: /app/dev_ws/install/rosbridge_server/share/rosbridge_server/cmake/rosbridge_serverConfig.cmake
[5.641s] -- Installing: /app/dev_ws/install/rosbridge_server/share/rosbridge_server/cmake/rosbridge_serverConfig-version.cmake
[5.642s] -- Installing: /app/dev_ws/install/rosbridge_server/share/rosbridge_server/package.xml
[5.644s] -- Installing: /app/dev_ws/install/rosbridge_server/lib/rosbridge_server/rosbridge_websocket.py
[5.646s] -- Installing: /app/dev_ws/install/rosbridge_server/lib/rosbridge_server/rosbridge_websocket
[5.647s] -- Installing: /app/dev_ws/install/rosbridge_server/share/rosbridge_server/launch/rosbridge_websocket_launch.xml
[5.661s] Invoked command in '/app/dev_ws/build/rosbridge_server' returned '0': CMAKE_PREFIX_PATH=/app/dev_ws/install/rosapi:/app/dev_ws/install/rosbridge_library:/app/dev_ws/install/rosbridge_msgs:/app/dev_ws/install/rosapi_msgs:/app/dev_ws/install/xsens_msgs:/app/dev_ws/install/rosbridge_test_msgs:/app/dev_ws/install/rosbridge_suite:/app/dev_ws/install/rosbridge_server:/app/dev_ws/install/xsens_driver:/app/dev_ws/install/ntrip_client:/app/dev_ws/install/central:/opt/ros/foxy LD_LIBRARY_PATH=/app/dev_ws/install/rosbridge_msgs/lib:/app/dev_ws/install/rosapi_msgs/lib:/app/dev_ws/install/xsens_msgs/lib:/app/dev_ws/install/rosbridge_test_msgs/lib:/opt/ros/foxy/opt/yaml_cpp_vendor/lib:/opt/ros/foxy/lib/aarch64-linux-gnu:/opt/ros/foxy/lib PYTHONPATH=/app/dev_ws/install/rosapi/lib/python3.8/site-packages:/app/dev_ws/install/rosbridge_library/lib/python3.8/site-packages:/app/dev_ws/install/rosbridge_msgs/lib/python3.8/site-packages:/app/dev_ws/install/rosapi_msgs/lib/python3.8/site-packages:/app/dev_ws/install/xsens_driver/lib/python3.8/site-packages:/app/dev_ws/install/xsens_msgs/lib/python3.8/site-packages:/app/dev_ws/install/rosbridge_test_msgs/lib/python3.8/site-packages:/app/dev_ws/install/rosbridge_server/lib/python3.8/site-packages:/app/dev_ws/install/ntrip_client/lib/python3.8/site-packages:/app/dev_ws/install/central/lib/python3.8/site-packages:/opt/ros/foxy/lib/python3.8/site-packages /usr/bin/cmake --install /app/dev_ws/build/rosbridge_server
