[0.231s] Invoking command in '/app/dev_ws/build/rosbridge_msgs': CMAKE_PREFIX_PATH=${CMAKE_PREFIX_PATH}:/app/dev_ws/install/xsens_driver:/app/dev_ws/install/ntrip_client:/app/dev_ws/install/central:/opt/ros/foxy /usr/bin/cmake /app/dev_ws/src/rosbridge_suite/rosbridge_msgs -DCMAKE_INSTALL_PREFIX=/app/dev_ws/install/rosbridge_msgs
[1.457s] -- The C compiler identification is GNU 9.4.0
[2.450s] -- The CXX compiler identification is GNU 9.4.0
[2.491s] -- Check for working C compiler: /usr/bin/cc
[3.012s] -- Check for working C compiler: /usr/bin/cc -- works
[3.016s] -- Detecting C compiler ABI info
[4.288s] -- Detecting C compiler ABI info - done
[4.369s] -- Detecting C compile features
[4.371s] -- Detecting C compile features - done
[4.383s] -- Check for working CXX compiler: /usr/bin/c++
[5.401s] -- Check for working CXX compiler: /usr/bin/c++ -- works
[5.406s] -- Detecting CXX compiler ABI info
[6.488s] -- Detecting CXX compiler ABI info - done
[6.572s] -- Detecting CXX compile features
[6.578s] -- Detecting CXX compile features - done
[6.605s] -- Found ament_cmake_ros: 0.9.2 (/opt/ros/foxy/share/ament_cmake_ros/cmake)
[6.934s] -- Found PythonInterp: /usr/bin/python3 (found suitable version "3.8.10", minimum required is "3") 
[6.935s] -- Using PYTHON_EXECUTABLE: /usr/bin/python3
[8.933s] -- Found builtin_interfaces: 1.0.0 (/opt/ros/foxy/share/builtin_interfaces/cmake)
[9.281s] -- Using all available rosidl_typesupport_c: rosidl_typesupport_fastrtps_c;rosidl_typesupport_introspection_c
[9.349s] -- Found rosidl_adapter: 1.2.1 (/opt/ros/foxy/share/rosidl_adapter/cmake)
[10.097s] -- Found OpenSSL: /usr/lib/aarch64-linux-gnu/libcrypto.so (found version "1.1.1f")  
[10.529s] -- Found FastRTPS: /opt/ros/foxy/include  
[11.322s] -- Using all available rosidl_typesupport_cpp: rosidl_typesupport_fastrtps_cpp;rosidl_typesupport_introspection_cpp
[11.534s] -- Found rosidl_default_generators: 1.0.1 (/opt/ros/foxy/share/rosidl_default_generators/cmake)
[11.795s] -- Found PythonInterp: /usr/bin/python3 (found version "3.8.10") 
[19.054s] -- Using all available rosidl_typesupport_c: rosidl_typesupport_fastrtps_c;rosidl_typesupport_introspection_c
[19.134s] -- Using all available rosidl_typesupport_cpp: rosidl_typesupport_fastrtps_cpp;rosidl_typesupport_introspection_cpp
[19.328s] -- Found PythonInterp: /usr/bin/python3 (found suitable version "3.8.10", minimum required is "3.5") 
[19.348s] -- Found python_cmake_module: 0.8.1 (/opt/ros/foxy/share/python_cmake_module/cmake)
[19.558s] -- Found PythonLibs: /usr/lib/aarch64-linux-gnu/libpython3.8.so (found suitable version "3.8.10", minimum required is "3.5") 
[19.560s] -- Using PYTHON_EXECUTABLE: /usr/bin/python3
[19.561s] -- Using PYTHON_INCLUDE_DIRS: /usr/include/python3.8
[19.562s] -- Using PYTHON_LIBRARIES: /usr/lib/aarch64-linux-gnu/libpython3.8.so
[19.749s] -- Found PythonExtra: .so  
[20.158s] -- Configuring done
[20.428s] -- Generating done
[20.449s] -- Build files have been written to: /app/dev_ws/build/rosbridge_msgs
[20.478s] Invoked command in '/app/dev_ws/build/rosbridge_msgs' returned '0': CMAKE_PREFIX_PATH=${CMAKE_PREFIX_PATH}:/app/dev_ws/install/xsens_driver:/app/dev_ws/install/ntrip_client:/app/dev_ws/install/central:/opt/ros/foxy /usr/bin/cmake /app/dev_ws/src/rosbridge_suite/rosbridge_msgs -DCMAKE_INSTALL_PREFIX=/app/dev_ws/install/rosbridge_msgs
[20.480s] Invoking command in '/app/dev_ws/build/rosbridge_msgs': CMAKE_PREFIX_PATH=${CMAKE_PREFIX_PATH}:/app/dev_ws/install/xsens_driver:/app/dev_ws/install/ntrip_client:/app/dev_ws/install/central:/opt/ros/foxy /usr/bin/cmake --build /app/dev_ws/build/rosbridge_msgs -- -j4 -l4
[20.837s] [35m[1mScanning dependencies of target rosbridge_msgs__cpp[0m
[20.870s] [  2%] [34m[1mGenerating C code for ROS interfaces[0m
[20.965s] [  5%] [34m[1mGenerating C++ code for ROS interfaces[0m
[23.727s] [  5%] Built target rosbridge_msgs__cpp
[23.836s] [35m[1mScanning dependencies of target rosbridge_msgs__rosidl_generator_c[0m
[23.912s] [  7%] [34m[1mGenerating C++ introspection for ROS interfaces[0m
[23.921s] [ 10%] [34m[1mGenerating C++ type support dispatch for ROS interfaces[0m
[23.952s] [ 12%] [34m[1mGenerating C++ type support for eProsima Fast-RTPS[0m
[24.060s] [ 15%] [32mBuilding C object CMakeFiles/rosbridge_msgs__rosidl_generator_c.dir/rosidl_generator_c/rosbridge_msgs/msg/detail/connected_client__functions.c.o[0m
[24.853s] [ 17%] [32mBuilding C object CMakeFiles/rosbridge_msgs__rosidl_generator_c.dir/rosidl_generator_c/rosbridge_msgs/msg/detail/connected_clients__functions.c.o[0m
[25.492s] [ 20%] [32m[1mLinking C shared library librosbridge_msgs__rosidl_generator_c.so[0m
[26.214s] [ 20%] Built target rosbridge_msgs__rosidl_generator_c
[26.410s] [ 23%] [34m[1mGenerating C type support dispatch for ROS interfaces[0m
[27.073s] [35m[1mScanning dependencies of target rosbridge_msgs__rosidl_typesupport_cpp[0m
[27.296s] [ 25%] [32mBuilding CXX object CMakeFiles/rosbridge_msgs__rosidl_typesupport_cpp.dir/rosidl_typesupport_cpp/rosbridge_msgs/msg/connected_client__type_support.cpp.o[0m
[27.586s] [35m[1mScanning dependencies of target rosbridge_msgs__rosidl_typesupport_introspection_cpp[0m
[27.783s] [ 28%] [32mBuilding CXX object CMakeFiles/rosbridge_msgs__rosidl_typesupport_introspection_cpp.dir/rosidl_typesupport_introspection_cpp/rosbridge_msgs/msg/detail/connected_client__type_support.cpp.o[0m
[27.926s] [35m[1mScanning dependencies of target rosbridge_msgs__rosidl_typesupport_fastrtps_cpp[0m
[28.156s] [ 30%] [32mBuilding CXX object CMakeFiles/rosbridge_msgs__rosidl_typesupport_fastrtps_cpp.dir/rosidl_typesupport_fastrtps_cpp/rosbridge_msgs/msg/detail/dds_fastrtps/connected_client__type_support.cpp.o[0m
[29.308s] [35m[1mScanning dependencies of target rosbridge_msgs__rosidl_typesupport_c[0m
[29.505s] [ 33%] [32mBuilding CXX object CMakeFiles/rosbridge_msgs__rosidl_typesupport_c.dir/rosidl_typesupport_c/rosbridge_msgs/msg/connected_client__type_support.cpp.o[0m
[30.092s] [ 35%] [32mBuilding CXX object CMakeFiles/rosbridge_msgs__rosidl_typesupport_c.dir/rosidl_typesupport_c/rosbridge_msgs/msg/connected_clients__type_support.cpp.o[0m
[30.558s] [ 38%] [32m[1mLinking CXX shared library librosbridge_msgs__rosidl_typesupport_c.so[0m
[31.210s] [ 38%] Built target rosbridge_msgs__rosidl_typesupport_c
[31.394s] [ 41%] [34m[1mGenerating C introspection for ROS interfaces[0m
[32.764s] [ 43%] [32mBuilding CXX object CMakeFiles/rosbridge_msgs__rosidl_typesupport_cpp.dir/rosidl_typesupport_cpp/rosbridge_msgs/msg/connected_clients__type_support.cpp.o[0m
[33.672s] [ 46%] [32mBuilding CXX object CMakeFiles/rosbridge_msgs__rosidl_typesupport_introspection_cpp.dir/rosidl_typesupport_introspection_cpp/rosbridge_msgs/msg/detail/connected_clients__type_support.cpp.o[0m
[35.394s] [35m[1mScanning dependencies of target rosbridge_msgs__rosidl_typesupport_introspection_c[0m
[35.680s] [ 48%] [32mBuilding C object CMakeFiles/rosbridge_msgs__rosidl_typesupport_introspection_c.dir/rosidl_typesupport_introspection_c/rosbridge_msgs/msg/detail/connected_client__type_support.c.o[0m
[35.685s] [ 51%] [32mBuilding CXX object CMakeFiles/rosbridge_msgs__rosidl_typesupport_fastrtps_cpp.dir/rosidl_typesupport_fastrtps_cpp/rosbridge_msgs/msg/detail/dds_fastrtps/connected_clients__type_support.cpp.o[0m
[36.572s] [ 53%] [32mBuilding C object CMakeFiles/rosbridge_msgs__rosidl_typesupport_introspection_c.dir/rosidl_typesupport_introspection_c/rosbridge_msgs/msg/detail/connected_clients__type_support.c.o[0m
[37.453s] [ 56%] [32m[1mLinking C shared library librosbridge_msgs__rosidl_typesupport_introspection_c.so[0m
[37.994s] [ 56%] Built target rosbridge_msgs__rosidl_typesupport_introspection_c
[38.970s] [ 58%] [32m[1mLinking CXX shared library librosbridge_msgs__rosidl_typesupport_cpp.so[0m
[39.718s] [ 58%] Built target rosbridge_msgs__rosidl_typesupport_cpp
[41.334s] [ 61%] [32m[1mLinking CXX shared library librosbridge_msgs__rosidl_typesupport_introspection_cpp.so[0m
[42.339s] [ 61%] Built target rosbridge_msgs__rosidl_typesupport_introspection_cpp
[45.480s] [ 64%] [32m[1mLinking CXX shared library librosbridge_msgs__rosidl_typesupport_fastrtps_cpp.so[0m
[46.592s] [ 64%] Built target rosbridge_msgs__rosidl_typesupport_fastrtps_cpp
[46.790s] [ 66%] [34m[1mGenerating C type support for eProsima Fast-RTPS[0m
[50.430s] [35m[1mScanning dependencies of target rosbridge_msgs__rosidl_typesupport_fastrtps_c[0m
[50.688s] [ 69%] [32mBuilding CXX object CMakeFiles/rosbridge_msgs__rosidl_typesupport_fastrtps_c.dir/rosidl_typesupport_fastrtps_c/rosbridge_msgs/msg/detail/connected_client__type_support_c.cpp.o[0m
[54.988s] [ 71%] [32mBuilding CXX object CMakeFiles/rosbridge_msgs__rosidl_typesupport_fastrtps_c.dir/rosidl_typesupport_fastrtps_c/rosbridge_msgs/msg/detail/connected_clients__type_support_c.cpp.o[0m
[59.742s] [ 74%] [32m[1mLinking CXX shared library librosbridge_msgs__rosidl_typesupport_fastrtps_c.so[0m
[60.626s] [ 74%] Built target rosbridge_msgs__rosidl_typesupport_fastrtps_c
[60.770s] [35m[1mScanning dependencies of target rosbridge_msgs[0m
[60.941s] [ 74%] Built target rosbridge_msgs
[61.099s] [35m[1mScanning dependencies of target rosbridge_msgs__py[0m
[61.280s] [ 76%] [34m[1mGenerating Python code for ROS interfaces[0m
[66.576s] [ 76%] Built target rosbridge_msgs__py
[66.768s] [35m[1mScanning dependencies of target rosbridge_msgs__python[0m
[67.216s] [ 79%] [32mBuilding C object CMakeFiles/rosbridge_msgs__python.dir/rosidl_generator_py/rosbridge_msgs/msg/_connected_client_s.c.o[0m
[68.521s] [ 82%] [32mBuilding C object CMakeFiles/rosbridge_msgs__python.dir/rosidl_generator_py/rosbridge_msgs/msg/_connected_clients_s.c.o[0m
[69.882s] [ 84%] [32m[1mLinking C shared library rosidl_generator_py/rosbridge_msgs/librosbridge_msgs__python.so[0m
[70.438s] [ 84%] Built target rosbridge_msgs__python
[70.614s] [35m[1mScanning dependencies of target rosbridge_msgs__rosidl_typesupport_c__pyext[0m
[70.900s] [ 87%] [32mBuilding C object CMakeFiles/rosbridge_msgs__rosidl_typesupport_c__pyext.dir/rosidl_generator_py/rosbridge_msgs/_rosbridge_msgs_s.ep.rosidl_typesupport_c.c.o[0m
[72.063s] [ 89%] [32m[1mLinking C shared library rosidl_generator_py/rosbridge_msgs/rosbridge_msgs_s__rosidl_typesupport_c.cpython-38-aarch64-linux-gnu.so[0m
[72.397s] [ 89%] Built target rosbridge_msgs__rosidl_typesupport_c__pyext
[72.470s] [35m[1mScanning dependencies of target rosbridge_msgs__rosidl_typesupport_introspection_c__pyext[0m
[72.679s] [ 92%] [32mBuilding C object CMakeFiles/rosbridge_msgs__rosidl_typesupport_introspection_c__pyext.dir/rosidl_generator_py/rosbridge_msgs/_rosbridge_msgs_s.ep.rosidl_typesupport_introspection_c.c.o[0m
[73.511s] [ 94%] [32m[1mLinking C shared library rosidl_generator_py/rosbridge_msgs/rosbridge_msgs_s__rosidl_typesupport_introspection_c.cpython-38-aarch64-linux-gnu.so[0m
[74.061s] [ 94%] Built target rosbridge_msgs__rosidl_typesupport_introspection_c__pyext
[74.140s] [35m[1mScanning dependencies of target rosbridge_msgs__rosidl_typesupport_fastrtps_c__pyext[0m
[74.365s] [ 97%] [32mBuilding C object CMakeFiles/rosbridge_msgs__rosidl_typesupport_fastrtps_c__pyext.dir/rosidl_generator_py/rosbridge_msgs/_rosbridge_msgs_s.ep.rosidl_typesupport_fastrtps_c.c.o[0m
[75.140s] [100%] [32m[1mLinking CXX shared library rosidl_generator_py/rosbridge_msgs/rosbridge_msgs_s__rosidl_typesupport_fastrtps_c.cpython-38-aarch64-linux-gnu.so[0m
[75.614s] [100%] Built target rosbridge_msgs__rosidl_typesupport_fastrtps_c__pyext
[75.696s] Invoked command in '/app/dev_ws/build/rosbridge_msgs' returned '0': CMAKE_PREFIX_PATH=${CMAKE_PREFIX_PATH}:/app/dev_ws/install/xsens_driver:/app/dev_ws/install/ntrip_client:/app/dev_ws/install/central:/opt/ros/foxy /usr/bin/cmake --build /app/dev_ws/build/rosbridge_msgs -- -j4 -l4
[76.457s] Invoking command in '/app/dev_ws/build/rosbridge_msgs': CMAKE_PREFIX_PATH=${CMAKE_PREFIX_PATH}:/app/dev_ws/install/xsens_driver:/app/dev_ws/install/ntrip_client:/app/dev_ws/install/central:/opt/ros/foxy /usr/bin/cmake --install /app/dev_ws/build/rosbridge_msgs
[76.513s] -- Install configuration: ""
[76.514s] -- Installing: /app/dev_ws/install/rosbridge_msgs/share/ament_index/resource_index/rosidl_interfaces/rosbridge_msgs
[76.516s] -- Installing: /app/dev_ws/install/rosbridge_msgs/include/rosbridge_msgs
[76.521s] -- Installing: /app/dev_ws/install/rosbridge_msgs/include/rosbridge_msgs/msg
[76.522s] -- Installing: /app/dev_ws/install/rosbridge_msgs/include/rosbridge_msgs/msg/connected_client.h
[76.523s] -- Installing: /app/dev_ws/install/rosbridge_msgs/include/rosbridge_msgs/msg/rosidl_generator_c__visibility_control.h
[76.524s] -- Installing: /app/dev_ws/install/rosbridge_msgs/include/rosbridge_msgs/msg/detail
[76.525s] -- Installing: /app/dev_ws/install/rosbridge_msgs/include/rosbridge_msgs/msg/detail/connected_clients__functions.c
[76.526s] -- Installing: /app/dev_ws/install/rosbridge_msgs/include/rosbridge_msgs/msg/detail/connected_clients__struct.h
[76.528s] -- Installing: /app/dev_ws/install/rosbridge_msgs/include/rosbridge_msgs/msg/detail/connected_client__functions.h
[76.530s] -- Installing: /app/dev_ws/install/rosbridge_msgs/include/rosbridge_msgs/msg/detail/connected_client__struct.h
[76.531s] -- Installing: /app/dev_ws/install/rosbridge_msgs/include/rosbridge_msgs/msg/detail/connected_clients__type_support.h
[76.533s] -- Installing: /app/dev_ws/install/rosbridge_msgs/include/rosbridge_msgs/msg/detail/connected_client__functions.c
[76.536s] -- Installing: /app/dev_ws/install/rosbridge_msgs/include/rosbridge_msgs/msg/detail/connected_clients__functions.h
[76.539s] -- Installing: /app/dev_ws/install/rosbridge_msgs/include/rosbridge_msgs/msg/detail/connected_client__type_support.h
[76.540s] -- Installing: /app/dev_ws/install/rosbridge_msgs/include/rosbridge_msgs/msg/connected_clients.h
[76.542s] -- Installing: /app/dev_ws/install/rosbridge_msgs/share/rosbridge_msgs/environment/library_path.sh
[76.542s] -- Installing: /app/dev_ws/install/rosbridge_msgs/share/rosbridge_msgs/environment/library_path.dsv
[76.548s] -- Installing: /app/dev_ws/install/rosbridge_msgs/lib/librosbridge_msgs__rosidl_generator_c.so
[76.550s] -- Set runtime path of "/app/dev_ws/install/rosbridge_msgs/lib/librosbridge_msgs__rosidl_generator_c.so" to ""
[76.550s] -- Up-to-date: /app/dev_ws/install/rosbridge_msgs/include/rosbridge_msgs
[76.552s] -- Up-to-date: /app/dev_ws/install/rosbridge_msgs/include/rosbridge_msgs/msg
[76.552s] -- Up-to-date: /app/dev_ws/install/rosbridge_msgs/include/rosbridge_msgs/msg/detail
[76.556s] -- Installing: /app/dev_ws/install/rosbridge_msgs/include/rosbridge_msgs/msg/detail/connected_client__rosidl_typesupport_fastrtps_c.h
[76.557s] -- Installing: /app/dev_ws/install/rosbridge_msgs/include/rosbridge_msgs/msg/detail/connected_clients__rosidl_typesupport_fastrtps_c.h
[76.558s] -- Installing: /app/dev_ws/install/rosbridge_msgs/include/rosbridge_msgs/msg/rosidl_typesupport_fastrtps_c__visibility_control.h
[76.559s] -- Installing: /app/dev_ws/install/rosbridge_msgs/lib/librosbridge_msgs__rosidl_typesupport_fastrtps_c.so
[76.565s] -- Set runtime path of "/app/dev_ws/install/rosbridge_msgs/lib/librosbridge_msgs__rosidl_typesupport_fastrtps_c.so" to ""
[76.568s] -- Up-to-date: /app/dev_ws/install/rosbridge_msgs/include/rosbridge_msgs
[76.568s] -- Up-to-date: /app/dev_ws/install/rosbridge_msgs/include/rosbridge_msgs/msg
[76.569s] -- Up-to-date: /app/dev_ws/install/rosbridge_msgs/include/rosbridge_msgs/msg/detail
[76.580s] -- Installing: /app/dev_ws/install/rosbridge_msgs/include/rosbridge_msgs/msg/detail/connected_clients__rosidl_typesupport_fastrtps_cpp.hpp
[76.581s] -- Installing: /app/dev_ws/install/rosbridge_msgs/include/rosbridge_msgs/msg/detail/connected_client__rosidl_typesupport_fastrtps_cpp.hpp
[76.582s] -- Installing: /app/dev_ws/install/rosbridge_msgs/include/rosbridge_msgs/msg/detail/dds_fastrtps
[76.582s] -- Installing: /app/dev_ws/install/rosbridge_msgs/include/rosbridge_msgs/msg/rosidl_typesupport_fastrtps_cpp__visibility_control.h
[76.583s] -- Installing: /app/dev_ws/install/rosbridge_msgs/lib/librosbridge_msgs__rosidl_typesupport_fastrtps_cpp.so
[76.584s] -- Set runtime path of "/app/dev_ws/install/rosbridge_msgs/lib/librosbridge_msgs__rosidl_typesupport_fastrtps_cpp.so" to ""
[76.585s] -- Up-to-date: /app/dev_ws/install/rosbridge_msgs/include/rosbridge_msgs
[76.585s] -- Up-to-date: /app/dev_ws/install/rosbridge_msgs/include/rosbridge_msgs/msg
[76.586s] -- Installing: /app/dev_ws/install/rosbridge_msgs/include/rosbridge_msgs/msg/rosidl_typesupport_introspection_c__visibility_control.h
[76.587s] -- Up-to-date: /app/dev_ws/install/rosbridge_msgs/include/rosbridge_msgs/msg/detail
[76.588s] -- Installing: /app/dev_ws/install/rosbridge_msgs/include/rosbridge_msgs/msg/detail/connected_client__rosidl_typesupport_introspection_c.h
[76.594s] -- Installing: /app/dev_ws/install/rosbridge_msgs/include/rosbridge_msgs/msg/detail/connected_clients__type_support.c
[76.595s] -- Installing: /app/dev_ws/install/rosbridge_msgs/include/rosbridge_msgs/msg/detail/connected_client__type_support.c
[76.596s] -- Installing: /app/dev_ws/install/rosbridge_msgs/include/rosbridge_msgs/msg/detail/connected_clients__rosidl_typesupport_introspection_c.h
[76.597s] -- Installing: /app/dev_ws/install/rosbridge_msgs/lib/librosbridge_msgs__rosidl_typesupport_introspection_c.so
[76.608s] -- Set runtime path of "/app/dev_ws/install/rosbridge_msgs/lib/librosbridge_msgs__rosidl_typesupport_introspection_c.so" to ""
[76.609s] -- Installing: /app/dev_ws/install/rosbridge_msgs/lib/librosbridge_msgs__rosidl_typesupport_c.so
[76.610s] -- Set runtime path of "/app/dev_ws/install/rosbridge_msgs/lib/librosbridge_msgs__rosidl_typesupport_c.so" to ""
[76.611s] -- Up-to-date: /app/dev_ws/install/rosbridge_msgs/include/rosbridge_msgs
[76.612s] -- Up-to-date: /app/dev_ws/install/rosbridge_msgs/include/rosbridge_msgs/msg
[76.613s] -- Installing: /app/dev_ws/install/rosbridge_msgs/include/rosbridge_msgs/msg/connected_clients.hpp
[76.613s] -- Installing: /app/dev_ws/install/rosbridge_msgs/include/rosbridge_msgs/msg/connected_client.hpp
[76.614s] -- Up-to-date: /app/dev_ws/install/rosbridge_msgs/include/rosbridge_msgs/msg/detail
[76.615s] -- Installing: /app/dev_ws/install/rosbridge_msgs/include/rosbridge_msgs/msg/detail/connected_client__traits.hpp
[76.616s] -- Installing: /app/dev_ws/install/rosbridge_msgs/include/rosbridge_msgs/msg/detail/connected_clients__struct.hpp
[76.625s] -- Installing: /app/dev_ws/install/rosbridge_msgs/include/rosbridge_msgs/msg/detail/connected_client__builder.hpp
[76.626s] -- Installing: /app/dev_ws/install/rosbridge_msgs/include/rosbridge_msgs/msg/detail/connected_clients__traits.hpp
[76.627s] -- Installing: /app/dev_ws/install/rosbridge_msgs/include/rosbridge_msgs/msg/detail/connected_clients__builder.hpp
[76.628s] -- Installing: /app/dev_ws/install/rosbridge_msgs/include/rosbridge_msgs/msg/detail/connected_client__struct.hpp
[76.629s] -- Up-to-date: /app/dev_ws/install/rosbridge_msgs/include/rosbridge_msgs
[76.630s] -- Up-to-date: /app/dev_ws/install/rosbridge_msgs/include/rosbridge_msgs/msg
[76.631s] -- Up-to-date: /app/dev_ws/install/rosbridge_msgs/include/rosbridge_msgs/msg/detail
[76.631s] -- Installing: /app/dev_ws/install/rosbridge_msgs/include/rosbridge_msgs/msg/detail/connected_client__type_support.cpp
[76.632s] -- Installing: /app/dev_ws/install/rosbridge_msgs/include/rosbridge_msgs/msg/detail/connected_client__rosidl_typesupport_introspection_cpp.hpp
[76.644s] -- Installing: /app/dev_ws/install/rosbridge_msgs/include/rosbridge_msgs/msg/detail/connected_clients__rosidl_typesupport_introspection_cpp.hpp
[76.646s] -- Installing: /app/dev_ws/install/rosbridge_msgs/include/rosbridge_msgs/msg/detail/connected_clients__type_support.cpp
[76.646s] -- Installing: /app/dev_ws/install/rosbridge_msgs/lib/librosbridge_msgs__rosidl_typesupport_introspection_cpp.so
[76.647s] -- Set runtime path of "/app/dev_ws/install/rosbridge_msgs/lib/librosbridge_msgs__rosidl_typesupport_introspection_cpp.so" to ""
[76.648s] -- Installing: /app/dev_ws/install/rosbridge_msgs/lib/librosbridge_msgs__rosidl_typesupport_cpp.so
[76.649s] -- Set runtime path of "/app/dev_ws/install/rosbridge_msgs/lib/librosbridge_msgs__rosidl_typesupport_cpp.so" to ""
[76.650s] -- Installing: /app/dev_ws/install/rosbridge_msgs/share/rosbridge_msgs/environment/pythonpath.sh
[76.654s] -- Installing: /app/dev_ws/install/rosbridge_msgs/share/rosbridge_msgs/environment/pythonpath.dsv
[76.655s] -- Installing: /app/dev_ws/install/rosbridge_msgs/lib/python3.8/site-packages/rosbridge_msgs/__init__.py
[76.921s] Compiling '/app/dev_ws/install/rosbridge_msgs/lib/python3.8/site-packages/rosbridge_msgs/__init__.py'...
[76.952s] -- Installing: /app/dev_ws/install/rosbridge_msgs/lib/python3.8/site-packages/rosbridge_msgs/msg
[76.953s] -- Installing: /app/dev_ws/install/rosbridge_msgs/lib/python3.8/site-packages/rosbridge_msgs/msg/_connected_clients.py
[76.955s] -- Installing: /app/dev_ws/install/rosbridge_msgs/lib/python3.8/site-packages/rosbridge_msgs/msg/_connected_clients_s.c
[76.957s] -- Installing: /app/dev_ws/install/rosbridge_msgs/lib/python3.8/site-packages/rosbridge_msgs/msg/_connected_client.py
[76.959s] -- Installing: /app/dev_ws/install/rosbridge_msgs/lib/python3.8/site-packages/rosbridge_msgs/msg/_connected_client_s.c
[76.961s] -- Installing: /app/dev_ws/install/rosbridge_msgs/lib/python3.8/site-packages/rosbridge_msgs/msg/__init__.py
[76.964s] -- Installing: /app/dev_ws/install/rosbridge_msgs/lib/python3.8/site-packages/rosbridge_msgs/rosbridge_msgs_s__rosidl_typesupport_fastrtps_c.cpython-38-aarch64-linux-gnu.so
[76.969s] -- Set runtime path of "/app/dev_ws/install/rosbridge_msgs/lib/python3.8/site-packages/rosbridge_msgs/rosbridge_msgs_s__rosidl_typesupport_fastrtps_c.cpython-38-aarch64-linux-gnu.so" to ""
[76.972s] -- Installing: /app/dev_ws/install/rosbridge_msgs/lib/python3.8/site-packages/rosbridge_msgs/rosbridge_msgs_s__rosidl_typesupport_introspection_c.cpython-38-aarch64-linux-gnu.so
[76.978s] -- Set runtime path of "/app/dev_ws/install/rosbridge_msgs/lib/python3.8/site-packages/rosbridge_msgs/rosbridge_msgs_s__rosidl_typesupport_introspection_c.cpython-38-aarch64-linux-gnu.so" to ""
[76.980s] -- Installing: /app/dev_ws/install/rosbridge_msgs/lib/python3.8/site-packages/rosbridge_msgs/rosbridge_msgs_s__rosidl_typesupport_c.cpython-38-aarch64-linux-gnu.so
[76.986s] -- Set runtime path of "/app/dev_ws/install/rosbridge_msgs/lib/python3.8/site-packages/rosbridge_msgs/rosbridge_msgs_s__rosidl_typesupport_c.cpython-38-aarch64-linux-gnu.so" to ""
[76.988s] -- Installing: /app/dev_ws/install/rosbridge_msgs/lib/librosbridge_msgs__python.so
[76.993s] -- Set runtime path of "/app/dev_ws/install/rosbridge_msgs/lib/librosbridge_msgs__python.so" to ""
[76.996s] -- Installing: /app/dev_ws/install/rosbridge_msgs/share/rosbridge_msgs/msg/ConnectedClient.idl
[76.998s] -- Installing: /app/dev_ws/install/rosbridge_msgs/share/rosbridge_msgs/msg/ConnectedClients.idl
[77.001s] -- Installing: /app/dev_ws/install/rosbridge_msgs/share/rosbridge_msgs/msg/ConnectedClient.msg
[77.004s] -- Installing: /app/dev_ws/install/rosbridge_msgs/share/rosbridge_msgs/msg/ConnectedClients.msg
[77.007s] -- Installing: /app/dev_ws/install/rosbridge_msgs/share/ament_index/resource_index/package_run_dependencies/rosbridge_msgs
[77.011s] -- Installing: /app/dev_ws/install/rosbridge_msgs/share/ament_index/resource_index/parent_prefix_path/rosbridge_msgs
[77.014s] -- Installing: /app/dev_ws/install/rosbridge_msgs/share/rosbridge_msgs/environment/ament_prefix_path.sh
[77.017s] -- Installing: /app/dev_ws/install/rosbridge_msgs/share/rosbridge_msgs/environment/ament_prefix_path.dsv
[77.020s] -- Installing: /app/dev_ws/install/rosbridge_msgs/share/rosbridge_msgs/environment/path.sh
[77.023s] -- Installing: /app/dev_ws/install/rosbridge_msgs/share/rosbridge_msgs/environment/path.dsv
[77.026s] -- Installing: /app/dev_ws/install/rosbridge_msgs/share/rosbridge_msgs/local_setup.bash
[77.031s] -- Installing: /app/dev_ws/install/rosbridge_msgs/share/rosbridge_msgs/local_setup.sh
[77.034s] -- Installing: /app/dev_ws/install/rosbridge_msgs/share/rosbridge_msgs/local_setup.zsh
[77.037s] -- Installing: /app/dev_ws/install/rosbridge_msgs/share/rosbridge_msgs/local_setup.dsv
[77.040s] -- Installing: /app/dev_ws/install/rosbridge_msgs/share/rosbridge_msgs/package.dsv
[77.044s] -- Installing: /app/dev_ws/install/rosbridge_msgs/share/ament_index/resource_index/packages/rosbridge_msgs
[77.047s] -- Installing: /app/dev_ws/install/rosbridge_msgs/share/rosbridge_msgs/cmake/rosbridge_msgs__rosidl_generator_cExport.cmake
[77.051s] -- Installing: /app/dev_ws/install/rosbridge_msgs/share/rosbridge_msgs/cmake/rosbridge_msgs__rosidl_generator_cExport-noconfig.cmake
[77.054s] -- Installing: /app/dev_ws/install/rosbridge_msgs/share/rosbridge_msgs/cmake/rosbridge_msgs__rosidl_typesupport_introspection_cExport.cmake
[77.057s] -- Installing: /app/dev_ws/install/rosbridge_msgs/share/rosbridge_msgs/cmake/rosbridge_msgs__rosidl_typesupport_introspection_cExport-noconfig.cmake
[77.061s] -- Installing: /app/dev_ws/install/rosbridge_msgs/share/rosbridge_msgs/cmake/rosbridge_msgs__rosidl_typesupport_cExport.cmake
[77.064s] -- Installing: /app/dev_ws/install/rosbridge_msgs/share/rosbridge_msgs/cmake/rosbridge_msgs__rosidl_typesupport_cExport-noconfig.cmake
[77.068s] -- Installing: /app/dev_ws/install/rosbridge_msgs/share/rosbridge_msgs/cmake/rosbridge_msgs__rosidl_generator_cppExport.cmake
[77.071s] -- Installing: /app/dev_ws/install/rosbridge_msgs/share/rosbridge_msgs/cmake/rosbridge_msgs__rosidl_typesupport_introspection_cppExport.cmake
[77.075s] -- Installing: /app/dev_ws/install/rosbridge_msgs/share/rosbridge_msgs/cmake/rosbridge_msgs__rosidl_typesupport_introspection_cppExport-noconfig.cmake
[77.079s] -- Installing: /app/dev_ws/install/rosbridge_msgs/share/rosbridge_msgs/cmake/rosbridge_msgs__rosidl_typesupport_cppExport.cmake
[77.082s] -- Installing: /app/dev_ws/install/rosbridge_msgs/share/rosbridge_msgs/cmake/rosbridge_msgs__rosidl_typesupport_cppExport-noconfig.cmake
[77.085s] -- Installing: /app/dev_ws/install/rosbridge_msgs/share/rosbridge_msgs/cmake/rosidl_cmake-extras.cmake
[77.088s] -- Installing: /app/dev_ws/install/rosbridge_msgs/share/rosbridge_msgs/cmake/ament_cmake_export_dependencies-extras.cmake
[77.091s] -- Installing: /app/dev_ws/install/rosbridge_msgs/share/rosbridge_msgs/cmake/ament_cmake_export_libraries-extras.cmake
[77.094s] -- Installing: /app/dev_ws/install/rosbridge_msgs/share/rosbridge_msgs/cmake/ament_cmake_export_targets-extras.cmake
[77.096s] -- Installing: /app/dev_ws/install/rosbridge_msgs/share/rosbridge_msgs/cmake/ament_cmake_export_include_directories-extras.cmake
[77.099s] -- Installing: /app/dev_ws/install/rosbridge_msgs/share/rosbridge_msgs/cmake/rosidl_cmake_export_typesupport_libraries-extras.cmake
[77.103s] -- Installing: /app/dev_ws/install/rosbridge_msgs/share/rosbridge_msgs/cmake/rosidl_cmake_export_typesupport_targets-extras.cmake
[77.106s] -- Installing: /app/dev_ws/install/rosbridge_msgs/share/rosbridge_msgs/cmake/rosbridge_msgsConfig.cmake
[77.108s] -- Installing: /app/dev_ws/install/rosbridge_msgs/share/rosbridge_msgs/cmake/rosbridge_msgsConfig-version.cmake
[77.111s] -- Installing: /app/dev_ws/install/rosbridge_msgs/share/rosbridge_msgs/package.xml
[77.125s] Invoked command in '/app/dev_ws/build/rosbridge_msgs' returned '0': CMAKE_PREFIX_PATH=${CMAKE_PREFIX_PATH}:/app/dev_ws/install/xsens_driver:/app/dev_ws/install/ntrip_client:/app/dev_ws/install/central:/opt/ros/foxy /usr/bin/cmake --install /app/dev_ws/build/rosbridge_msgs
