[2.715s] Invoking command in '/app/dev_ws/src/central': PYTHONPATH=/app/dev_ws/install/central/lib/python3.8/site-packages:${PYTHONPATH} /usr/bin/python3 setup.py egg_info --egg-base ../../build/central build --build-base /app/dev_ws/build/central/build install --prefix /app/dev_ws/install/central --record /app/dev_ws/build/central/install.log --single-version-externally-managed
[3.683s] running egg_info
[3.685s] writing ../../build/central/central.egg-info/PKG-INFO
[3.686s] writing dependency_links to ../../build/central/central.egg-info/dependency_links.txt
[3.687s] writing entry points to ../../build/central/central.egg-info/entry_points.txt
[3.688s] writing requirements to ../../build/central/central.egg-info/requires.txt
[3.689s] writing top-level names to ../../build/central/central.egg-info/top_level.txt
[3.846s] reading manifest file '../../build/central/central.egg-info/SOURCES.txt'
[3.850s] writing manifest file '../../build/central/central.egg-info/SOURCES.txt'
[3.851s] running build
[3.851s] running build_py
[3.852s] copying central/central_data.py -> /app/dev_ws/build/central/build/lib/central
[3.854s] running install
[3.858s] running install_lib
[3.862s] copying /app/dev_ws/build/central/build/lib/central/central_data.py -> /app/dev_ws/install/central/lib/python3.8/site-packages/central
[3.866s] byte-compiling /app/dev_ws/install/central/lib/python3.8/site-packages/central/central_data.py to central_data.cpython-38.pyc
[3.873s] running install_data
[3.875s] running install_egg_info
[3.882s] removing '/app/dev_ws/install/central/lib/python3.8/site-packages/central-0.0.0-py3.8.egg-info' (and everything under it)
[3.884s] Copying ../../build/central/central.egg-info to /app/dev_ws/install/central/lib/python3.8/site-packages/central-0.0.0-py3.8.egg-info
[3.890s] running install_scripts
[3.965s] Installing collect_data script to /app/dev_ws/install/central/lib/central
[3.966s] Installing config script to /app/dev_ws/install/central/lib/central
[3.968s] writing list of installed files to '/app/dev_ws/build/central/install.log'
[4.065s] Invoked command in '/app/dev_ws/src/central' returned '0': PYTHONPATH=/app/dev_ws/install/central/lib/python3.8/site-packages:${PYTHONPATH} /usr/bin/python3 setup.py egg_info --egg-base ../../build/central build --build-base /app/dev_ws/build/central/build install --prefix /app/dev_ws/install/central --record /app/dev_ws/build/central/install.log --single-version-externally-managed
