[0.000000] (-) TimerEvent: {}
[0.001823] (-) JobUnselected: {'identifier': 'bluespace_ai_xsens_mti_driver'}
[0.002020] (-) JobUnselected: {'identifier': 'cam_client'}
[0.002132] (-) JobUnselected: {'identifier': 'central'}
[0.002229] (-) JobUnselected: {'identifier': 'cv_bridge'}
[0.002324] (-) JobUnselected: {'identifier': 'image_geometry'}
[0.002416] (-) JobUnselected: {'identifier': 'ntrip_client'}
[0.002508] (-) JobUnselected: {'identifier': 'opencv_tests'}
[0.002646] (-) JobUnselected: {'identifier': 'rosapi'}
[0.002804] (-) JobUnselected: {'identifier': 'rosapi_msgs'}
[0.002925] (-) JobUnselected: {'identifier': 'rosbridge_library'}
[0.003025] (-) JobUnselected: {'identifier': 'rosbridge_msgs'}
[0.003121] (-) JobUnselected: {'identifier': 'rosbridge_server'}
[0.003215] (-) JobUnselected: {'identifier': 'rosbridge_suite'}
[0.003307] (-) JobUnselected: {'identifier': 'rosbridge_test_msgs'}
[0.003399] (-) JobUnselected: {'identifier': 'tcam'}
[0.003490] (-) JobUnselected: {'identifier': 'vision_opencv'}
[0.003583] (-) JobUnselected: {'identifier': 'xsens_driver'}
[0.003672] (-) JobUnselected: {'identifier': 'xsens_msgs'}
[0.003763] (-) EventReactorShutdown: {}
