[3.809s] Invoking command in '/app/dev_ws/src/xsens_driver': PYTHONPATH=/app/dev_ws/install/xsens_driver/lib/python3.8/site-packages:/app/dev_ws/install/xsens_msgs/lib/python3.8/site-packages:/app/dev_ws/install/xsens_driver/lib/python3.8/site-packages:/app/dev_ws/install/cam_client/lib/python3.8/site-packages:/app/dev_ws/install/rosbridge_test_msgs/lib/python3.8/site-packages:/app/dev_ws/install/rosbridge_server/lib/python3.8/site-packages:/app/dev_ws/install/rosbridge_msgs/lib/python3.8/site-packages:/app/dev_ws/install/rosapi/lib/python3.8/site-packages:/app/dev_ws/install/rosbridge_library/lib/python3.8/site-packages:/app/dev_ws/install/rosapi_msgs/lib/python3.8/site-packages:/app/dev_ws/install/ntrip_client/lib/python3.8/site-packages:/app/dev_ws/install/central/lib/python3.8/site-packages:/opt/ros/foxy/lib/python3.8/site-packages /usr/bin/python3 setup.py egg_info --egg-base ../../build/xsens_driver build --build-base /app/dev_ws/build/xsens_driver/build install --prefix /app/dev_ws/install/xsens_driver --record /app/dev_ws/build/xsens_driver/install.log --single-version-externally-managed
[4.931s] running egg_info
[4.933s] writing ../../build/xsens_driver/xsens_driver.egg-info/PKG-INFO
[4.934s] writing dependency_links to ../../build/xsens_driver/xsens_driver.egg-info/dependency_links.txt
[4.935s] writing entry points to ../../build/xsens_driver/xsens_driver.egg-info/entry_points.txt
[4.936s] writing requirements to ../../build/xsens_driver/xsens_driver.egg-info/requires.txt
[4.937s] writing top-level names to ../../build/xsens_driver/xsens_driver.egg-info/top_level.txt
[5.105s] reading manifest file '../../build/xsens_driver/xsens_driver.egg-info/SOURCES.txt'
[5.110s] writing manifest file '../../build/xsens_driver/xsens_driver.egg-info/SOURCES.txt'
[5.111s] running build
[5.111s] running build_py
[5.112s] copying xsens_driver/xsens_measure.py -> /app/dev_ws/build/xsens_driver/build/lib/xsens_driver
[5.116s] running install
[5.120s] running install_lib
[5.125s] copying /app/dev_ws/build/xsens_driver/build/lib/xsens_driver/xsens_measure.py -> /app/dev_ws/install/xsens_driver/lib/python3.8/site-packages/xsens_driver
[5.130s] byte-compiling /app/dev_ws/install/xsens_driver/lib/python3.8/site-packages/xsens_driver/xsens_measure.py to xsens_measure.cpython-38.pyc
[5.144s] running install_data
[5.147s] running install_egg_info
[5.154s] removing '/app/dev_ws/install/xsens_driver/lib/python3.8/site-packages/xsens_driver-0.0.0-py3.8.egg-info' (and everything under it)
[5.156s] Copying ../../build/xsens_driver/xsens_driver.egg-info to /app/dev_ws/install/xsens_driver/lib/python3.8/site-packages/xsens_driver-0.0.0-py3.8.egg-info
[5.163s] running install_scripts
[5.245s] Installing main script to /app/dev_ws/install/xsens_driver/lib/xsens_driver
[5.247s] writing list of installed files to '/app/dev_ws/build/xsens_driver/install.log'
[5.351s] Invoked command in '/app/dev_ws/src/xsens_driver' returned '0': PYTHONPATH=/app/dev_ws/install/xsens_driver/lib/python3.8/site-packages:/app/dev_ws/install/xsens_msgs/lib/python3.8/site-packages:/app/dev_ws/install/xsens_driver/lib/python3.8/site-packages:/app/dev_ws/install/cam_client/lib/python3.8/site-packages:/app/dev_ws/install/rosbridge_test_msgs/lib/python3.8/site-packages:/app/dev_ws/install/rosbridge_server/lib/python3.8/site-packages:/app/dev_ws/install/rosbridge_msgs/lib/python3.8/site-packages:/app/dev_ws/install/rosapi/lib/python3.8/site-packages:/app/dev_ws/install/rosbridge_library/lib/python3.8/site-packages:/app/dev_ws/install/rosapi_msgs/lib/python3.8/site-packages:/app/dev_ws/install/ntrip_client/lib/python3.8/site-packages:/app/dev_ws/install/central/lib/python3.8/site-packages:/opt/ros/foxy/lib/python3.8/site-packages /usr/bin/python3 setup.py egg_info --egg-base ../../build/xsens_driver build --build-base /app/dev_ws/build/xsens_driver/build install --prefix /app/dev_ws/install/xsens_driver --record /app/dev_ws/build/xsens_driver/install.log --single-version-externally-managed
