[4.509s] Invoking command in '/app/dev_ws/src/central': PYTHONPATH=/app/dev_ws/install/central/lib/python3.8/site-packages:${PYTHONPATH} /usr/bin/python3 setup.py egg_info --egg-base ../../build/central build --build-base /app/dev_ws/build/central/build install --prefix /app/dev_ws/install/central --record /app/dev_ws/build/central/install.log --single-version-externally-managed
[5.681s] running egg_info
[5.688s] writing ../../build/central/central.egg-info/PKG-INFO
[5.689s] writing dependency_links to ../../build/central/central.egg-info/dependency_links.txt
[5.690s] writing entry points to ../../build/central/central.egg-info/entry_points.txt
[5.690s] writing requirements to ../../build/central/central.egg-info/requires.txt
[5.691s] writing top-level names to ../../build/central/central.egg-info/top_level.txt
[5.869s] reading manifest file '../../build/central/central.egg-info/SOURCES.txt'
[5.874s] writing manifest file '../../build/central/central.egg-info/SOURCES.txt'
[5.875s] running build
[5.875s] running build_py
[5.876s] running install
[5.880s] running install_lib
[5.892s] running install_data
[5.893s] running install_egg_info
[5.899s] removing '/app/dev_ws/install/central/lib/python3.8/site-packages/central-0.0.0-py3.8.egg-info' (and everything under it)
[5.901s] Copying ../../build/central/central.egg-info to /app/dev_ws/install/central/lib/python3.8/site-packages/central-0.0.0-py3.8.egg-info
[5.908s] running install_scripts
[6.000s] Installing main script to /app/dev_ws/install/central/lib/central
[6.002s] writing list of installed files to '/app/dev_ws/build/central/install.log'
[6.136s] Invoked command in '/app/dev_ws/src/central' returned '0': PYTHONPATH=/app/dev_ws/install/central/lib/python3.8/site-packages:${PYTHONPATH} /usr/bin/python3 setup.py egg_info --egg-base ../../build/central build --build-base /app/dev_ws/build/central/build install --prefix /app/dev_ws/install/central --record /app/dev_ws/build/central/install.log --single-version-externally-managed
