[3.195s] Invoking command in '/app/dev_ws/src/central': PYTHONPATH=/app/dev_ws/install/central/lib/python3.8/site-packages:${PYTHONPATH} /usr/bin/python3 setup.py egg_info --egg-base ../../build/central build --build-base /app/dev_ws/build/central/build install --prefix /app/dev_ws/install/central --record /app/dev_ws/build/central/install.log --single-version-externally-managed
[4.289s] running egg_info
[4.291s] writing ../../build/central/central.egg-info/PKG-INFO
[4.292s] writing dependency_links to ../../build/central/central.egg-info/dependency_links.txt
[4.293s] writing entry points to ../../build/central/central.egg-info/entry_points.txt
[4.294s] writing requirements to ../../build/central/central.egg-info/requires.txt
[4.294s] writing top-level names to ../../build/central/central.egg-info/top_level.txt
[4.460s] reading manifest file '../../build/central/central.egg-info/SOURCES.txt'
[4.465s] writing manifest file '../../build/central/central.egg-info/SOURCES.txt'
[4.466s] running build
[4.466s] running build_py
[4.467s] copying central/central_data.py -> /app/dev_ws/build/central/build/lib/central
[4.469s] running install
[4.473s] running install_lib
[4.477s] copying /app/dev_ws/build/central/build/lib/central/central_data.py -> /app/dev_ws/install/central/lib/python3.8/site-packages/central
[4.482s] byte-compiling /app/dev_ws/install/central/lib/python3.8/site-packages/central/central_data.py to central_data.cpython-38.pyc
[4.503s] running install_data
[4.506s] running install_egg_info
[4.513s] removing '/app/dev_ws/install/central/lib/python3.8/site-packages/central-0.0.0-py3.8.egg-info' (and everything under it)
[4.515s] Copying ../../build/central/central.egg-info to /app/dev_ws/install/central/lib/python3.8/site-packages/central-0.0.0-py3.8.egg-info
[4.521s] running install_scripts
[4.601s] Installing collect_data script to /app/dev_ws/install/central/lib/central
[4.602s] Installing config script to /app/dev_ws/install/central/lib/central
[4.604s] writing list of installed files to '/app/dev_ws/build/central/install.log'
[4.708s] Invoked command in '/app/dev_ws/src/central' returned '0': PYTHONPATH=/app/dev_ws/install/central/lib/python3.8/site-packages:${PYTHONPATH} /usr/bin/python3 setup.py egg_info --egg-base ../../build/central build --build-base /app/dev_ws/build/central/build install --prefix /app/dev_ws/install/central --record /app/dev_ws/build/central/install.log --single-version-externally-managed
