[2.762s] Invoking command in '/app/dev_ws/src/central': PYTHONPATH=/app/dev_ws/install/central/lib/python3.8/site-packages:${PYTHONPATH} /usr/bin/python3 setup.py egg_info --egg-base ../../build/central build --build-base /app/dev_ws/build/central/build install --prefix /app/dev_ws/install/central --record /app/dev_ws/build/central/install.log --single-version-externally-managed
[3.706s] running egg_info
[3.708s] writing ../../build/central/central.egg-info/PKG-INFO
[3.709s] writing dependency_links to ../../build/central/central.egg-info/dependency_links.txt
[3.710s] writing entry points to ../../build/central/central.egg-info/entry_points.txt
[3.711s] writing requirements to ../../build/central/central.egg-info/requires.txt
[3.711s] writing top-level names to ../../build/central/central.egg-info/top_level.txt
[3.867s] reading manifest file '../../build/central/central.egg-info/SOURCES.txt'
[3.871s] writing manifest file '../../build/central/central.egg-info/SOURCES.txt'
[3.872s] running build
[3.873s] running build_py
[3.873s] copying central/central_data.py -> /app/dev_ws/build/central/build/lib/central
[3.875s] running install
[3.879s] running install_lib
[3.883s] copying /app/dev_ws/build/central/build/lib/central/central_data.py -> /app/dev_ws/install/central/lib/python3.8/site-packages/central
[3.887s] byte-compiling /app/dev_ws/install/central/lib/python3.8/site-packages/central/central_data.py to central_data.cpython-38.pyc
[3.894s] running install_data
[3.896s] running install_egg_info
[3.903s] removing '/app/dev_ws/install/central/lib/python3.8/site-packages/central-0.0.0-py3.8.egg-info' (and everything under it)
[3.905s] Copying ../../build/central/central.egg-info to /app/dev_ws/install/central/lib/python3.8/site-packages/central-0.0.0-py3.8.egg-info
[3.911s] running install_scripts
[3.984s] Installing collect_data script to /app/dev_ws/install/central/lib/central
[3.984s] Installing config script to /app/dev_ws/install/central/lib/central
[3.986s] writing list of installed files to '/app/dev_ws/build/central/install.log'
[4.084s] Invoked command in '/app/dev_ws/src/central' returned '0': PYTHONPATH=/app/dev_ws/install/central/lib/python3.8/site-packages:${PYTHONPATH} /usr/bin/python3 setup.py egg_info --egg-base ../../build/central build --build-base /app/dev_ws/build/central/build install --prefix /app/dev_ws/install/central --record /app/dev_ws/build/central/install.log --single-version-externally-managed
