[4.623s] Invoking command in '/app/dev_ws/src/ntrip_client': PYTHONPATH=/app/dev_ws/install/ntrip_client/lib/python3.8/site-packages:${PYTHONPATH} /usr/bin/python3 setup.py egg_info --egg-base ../../build/ntrip_client build --build-base /app/dev_ws/build/ntrip_client/build install --prefix /app/dev_ws/install/ntrip_client --record /app/dev_ws/build/ntrip_client/install.log --single-version-externally-managed
[6.240s] running egg_info
[6.244s] creating ../../build/ntrip_client/ntrip_client.egg-info
[6.245s] writing ../../build/ntrip_client/ntrip_client.egg-info/PKG-INFO
[6.247s] writing dependency_links to ../../build/ntrip_client/ntrip_client.egg-info/dependency_links.txt
[6.248s] writing entry points to ../../build/ntrip_client/ntrip_client.egg-info/entry_points.txt
[6.249s] writing requirements to ../../build/ntrip_client/ntrip_client.egg-info/requires.txt
[6.250s] writing top-level names to ../../build/ntrip_client/ntrip_client.egg-info/top_level.txt
[6.260s] writing manifest file '../../build/ntrip_client/ntrip_client.egg-info/SOURCES.txt'
[6.479s] reading manifest file '../../build/ntrip_client/ntrip_client.egg-info/SOURCES.txt'
[6.485s] writing manifest file '../../build/ntrip_client/ntrip_client.egg-info/SOURCES.txt'
[6.487s] running build
[6.488s] running build_py
[6.489s] creating /app/dev_ws/build/ntrip_client/build
[6.490s] creating /app/dev_ws/build/ntrip_client/build/lib
[6.495s] creating /app/dev_ws/build/ntrip_client/build/lib/ntrip_client
[6.496s] copying ntrip_client/__init__.py -> /app/dev_ws/build/ntrip_client/build/lib/ntrip_client
[6.497s] copying ntrip_client/ntrip_pub.py -> /app/dev_ws/build/ntrip_client/build/lib/ntrip_client
[6.498s] running install
[6.499s] running install_lib
[6.507s] creating /app/dev_ws/install/ntrip_client/lib/python3.8/site-packages/ntrip_client
[6.508s] copying /app/dev_ws/build/ntrip_client/build/lib/ntrip_client/__init__.py -> /app/dev_ws/install/ntrip_client/lib/python3.8/site-packages/ntrip_client
[6.509s] copying /app/dev_ws/build/ntrip_client/build/lib/ntrip_client/ntrip_pub.py -> /app/dev_ws/install/ntrip_client/lib/python3.8/site-packages/ntrip_client
[6.513s] byte-compiling /app/dev_ws/install/ntrip_client/lib/python3.8/site-packages/ntrip_client/__init__.py to __init__.cpython-38.pyc
[6.522s] byte-compiling /app/dev_ws/install/ntrip_client/lib/python3.8/site-packages/ntrip_client/ntrip_pub.py to ntrip_pub.cpython-38.pyc
[6.531s] running install_data
[6.535s] creating /app/dev_ws/install/ntrip_client/share/ament_index
[6.535s] creating /app/dev_ws/install/ntrip_client/share/ament_index/resource_index
[6.536s] creating /app/dev_ws/install/ntrip_client/share/ament_index/resource_index/packages
[6.538s] copying resource/ntrip_client -> /app/dev_ws/install/ntrip_client/share/ament_index/resource_index/packages
[6.538s] copying package.xml -> /app/dev_ws/install/ntrip_client/share/ntrip_client
[6.539s] running install_egg_info
[6.549s] Copying ../../build/ntrip_client/ntrip_client.egg-info to /app/dev_ws/install/ntrip_client/lib/python3.8/site-packages/ntrip_client-0.0.0-py3.8.egg-info
[6.559s] running install_scripts
[6.671s] Installing main script to /app/dev_ws/install/ntrip_client/lib/ntrip_client
[6.673s] writing list of installed files to '/app/dev_ws/build/ntrip_client/install.log'
[6.821s] Invoked command in '/app/dev_ws/src/ntrip_client' returned '0': PYTHONPATH=/app/dev_ws/install/ntrip_client/lib/python3.8/site-packages:${PYTHONPATH} /usr/bin/python3 setup.py egg_info --egg-base ../../build/ntrip_client build --build-base /app/dev_ws/build/ntrip_client/build install --prefix /app/dev_ws/install/ntrip_client --record /app/dev_ws/build/ntrip_client/install.log --single-version-externally-managed
