[2.699s] Invoking command in '/app/dev_ws/src/central': PYTHONPATH=/app/dev_ws/install/central/lib/python3.8/site-packages:${PYTHONPATH} /usr/bin/python3 setup.py egg_info --egg-base ../../build/central build --build-base /app/dev_ws/build/central/build install --prefix /app/dev_ws/install/central --record /app/dev_ws/build/central/install.log --single-version-externally-managed
[3.650s] running egg_info
[3.652s] writing ../../build/central/central.egg-info/PKG-INFO
[3.653s] writing dependency_links to ../../build/central/central.egg-info/dependency_links.txt
[3.655s] writing entry points to ../../build/central/central.egg-info/entry_points.txt
[3.655s] writing requirements to ../../build/central/central.egg-info/requires.txt
[3.656s] writing top-level names to ../../build/central/central.egg-info/top_level.txt
[3.823s] reading manifest file '../../build/central/central.egg-info/SOURCES.txt'
[3.827s] writing manifest file '../../build/central/central.egg-info/SOURCES.txt'
[3.828s] running build
[3.828s] running build_py
[3.829s] copying central/central_data.py -> /app/dev_ws/build/central/build/lib/central
[3.831s] running install
[3.834s] running install_lib
[3.839s] copying /app/dev_ws/build/central/build/lib/central/central_data.py -> /app/dev_ws/install/central/lib/python3.8/site-packages/central
[3.843s] byte-compiling /app/dev_ws/install/central/lib/python3.8/site-packages/central/central_data.py to central_data.cpython-38.pyc
[3.850s] running install_data
[3.852s] running install_egg_info
[3.860s] removing '/app/dev_ws/install/central/lib/python3.8/site-packages/central-0.0.0-py3.8.egg-info' (and everything under it)
[3.862s] Copying ../../build/central/central.egg-info to /app/dev_ws/install/central/lib/python3.8/site-packages/central-0.0.0-py3.8.egg-info
[3.868s] running install_scripts
[3.957s] Installing collect_data script to /app/dev_ws/install/central/lib/central
[3.960s] Installing main script to /app/dev_ws/install/central/lib/central
[3.964s] writing list of installed files to '/app/dev_ws/build/central/install.log'
[4.067s] Invoked command in '/app/dev_ws/src/central' returned '0': PYTHONPATH=/app/dev_ws/install/central/lib/python3.8/site-packages:${PYTHONPATH} /usr/bin/python3 setup.py egg_info --egg-base ../../build/central build --build-base /app/dev_ws/build/central/build install --prefix /app/dev_ws/install/central --record /app/dev_ws/build/central/install.log --single-version-externally-managed
