[0.163s] Invoking command in '/app/dev_ws/build/rosbridge_server': CMAKE_PREFIX_PATH=/app/dev_ws/install/rosapi:/app/dev_ws/install/rosbridge_library:/app/dev_ws/install/rosbridge_msgs:/app/dev_ws/install/rosapi_msgs:/app/dev_ws/install/xsens_msgs:/app/dev_ws/install/rosbridge_test_msgs:/app/dev_ws/install/rosbridge_suite:/app/dev_ws/install/rosbridge_server:/app/dev_ws/install/bluespace_ai_xsens_mti_driver:/opt/ros/foxy:/app/dev_ws/install/xsens_driver:/app/dev_ws/install/cam_client:/app/dev_ws/install/ntrip_client:/app/dev_ws/install/central LD_LIBRARY_PATH=/app/dev_ws/install/rosbridge_msgs/lib:/app/dev_ws/install/rosapi_msgs/lib:/opt/ros/foxy/opt/yaml_cpp_vendor/lib:/opt/ros/foxy/opt/rviz_ogre_vendor/lib:/opt/ros/foxy/lib/aarch64-linux-gnu:/opt/ros/foxy/lib:/app/dev_ws/install/xsens_msgs/lib:/app/dev_ws/install/rosbridge_test_msgs/lib PYTHONPATH=/app/dev_ws/install/rosapi/lib/python3.8/site-packages:/app/dev_ws/install/rosbridge_library/lib/python3.8/site-packages:/app/dev_ws/install/rosbridge_msgs/lib/python3.8/site-packages:/app/dev_ws/install/rosapi_msgs/lib/python3.8/site-packages:/opt/ros/foxy/lib/python3.8/site-packages:/app/dev_ws/install/xsens_driver/lib/python3.8/site-packages:/app/dev_ws/install/cam_client/lib/python3.8/site-packages:/app/dev_ws/install/xsens_msgs/lib/python3.8/site-packages:/app/dev_ws/install/rosbridge_test_msgs/lib/python3.8/site-packages:/app/dev_ws/install/rosbridge_server/lib/python3.8/site-packages:/app/dev_ws/install/ntrip_client/lib/python3.8/site-packages:/app/dev_ws/install/central/lib/python3.8/site-packages /usr/bin/cmake /app/dev_ws/src/rosbridge_suite/rosbridge_server -DCMAKE_INSTALL_PREFIX=/app/dev_ws/install/rosbridge_server
[0.543s] -- The C compiler identification is GNU 9.4.0
[0.898s] -- The CXX compiler identification is GNU 9.4.0
[0.976s] -- Check for working C compiler: /usr/bin/cc
[1.400s] -- Check for working C compiler: /usr/bin/cc -- works
[1.404s] -- Detecting C compiler ABI info
[1.855s] -- Detecting C compiler ABI info - done
[1.903s] -- Detecting C compile features
[1.904s] -- Detecting C compile features - done
[1.918s] -- Check for working CXX compiler: /usr/bin/c++
[2.460s] -- Check for working CXX compiler: /usr/bin/c++ -- works
[2.465s] -- Detecting CXX compiler ABI info
[3.030s] -- Detecting CXX compiler ABI info - done
[3.081s] -- Detecting CXX compile features
[3.084s] -- Detecting CXX compile features - done
[3.120s] -- Found ament_cmake_ros: 0.9.2 (/opt/ros/foxy/share/ament_cmake_ros/cmake)
[3.493s] -- Found PythonInterp: /usr/bin/python3 (found suitable version "3.8.10", minimum required is "3") 
[3.494s] -- Using PYTHON_EXECUTABLE: /usr/bin/python3
[5.563s] -- Found launch_testing_ament_cmake: 0.10.8 (/opt/ros/foxy/share/launch_testing_ament_cmake/cmake)
[5.596s] -- Found python_cmake_module: 0.8.1 (/opt/ros/foxy/share/python_cmake_module/cmake)
[5.747s] -- Found PythonInterp: /usr/bin/python3 (found suitable version "3.8.10", minimum required is "3.5") 
[5.867s] -- Found PythonLibs: /usr/lib/aarch64-linux-gnu/libpython3.8.so (found suitable version "3.8.10", minimum required is "3.5") 
[5.867s] -- Using PYTHON_EXECUTABLE: /usr/bin/python3
[5.868s] -- Using PYTHON_INCLUDE_DIRS: /usr/include/python3.8
[5.868s] -- Using PYTHON_LIBRARIES: /usr/lib/aarch64-linux-gnu/libpython3.8.so
[6.017s] -- Found PythonExtra: .so  
[6.040s] -- Configuring done
[6.056s] -- Generating done
[6.063s] -- Build files have been written to: /app/dev_ws/build/rosbridge_server
[6.082s] Invoked command in '/app/dev_ws/build/rosbridge_server' returned '0': CMAKE_PREFIX_PATH=/app/dev_ws/install/rosapi:/app/dev_ws/install/rosbridge_library:/app/dev_ws/install/rosbridge_msgs:/app/dev_ws/install/rosapi_msgs:/app/dev_ws/install/xsens_msgs:/app/dev_ws/install/rosbridge_test_msgs:/app/dev_ws/install/rosbridge_suite:/app/dev_ws/install/rosbridge_server:/app/dev_ws/install/bluespace_ai_xsens_mti_driver:/opt/ros/foxy:/app/dev_ws/install/xsens_driver:/app/dev_ws/install/cam_client:/app/dev_ws/install/ntrip_client:/app/dev_ws/install/central LD_LIBRARY_PATH=/app/dev_ws/install/rosbridge_msgs/lib:/app/dev_ws/install/rosapi_msgs/lib:/opt/ros/foxy/opt/yaml_cpp_vendor/lib:/opt/ros/foxy/opt/rviz_ogre_vendor/lib:/opt/ros/foxy/lib/aarch64-linux-gnu:/opt/ros/foxy/lib:/app/dev_ws/install/xsens_msgs/lib:/app/dev_ws/install/rosbridge_test_msgs/lib PYTHONPATH=/app/dev_ws/install/rosapi/lib/python3.8/site-packages:/app/dev_ws/install/rosbridge_library/lib/python3.8/site-packages:/app/dev_ws/install/rosbridge_msgs/lib/python3.8/site-packages:/app/dev_ws/install/rosapi_msgs/lib/python3.8/site-packages:/opt/ros/foxy/lib/python3.8/site-packages:/app/dev_ws/install/xsens_driver/lib/python3.8/site-packages:/app/dev_ws/install/cam_client/lib/python3.8/site-packages:/app/dev_ws/install/xsens_msgs/lib/python3.8/site-packages:/app/dev_ws/install/rosbridge_test_msgs/lib/python3.8/site-packages:/app/dev_ws/install/rosbridge_server/lib/python3.8/site-packages:/app/dev_ws/install/ntrip_client/lib/python3.8/site-packages:/app/dev_ws/install/central/lib/python3.8/site-packages /usr/bin/cmake /app/dev_ws/src/rosbridge_suite/rosbridge_server -DCMAKE_INSTALL_PREFIX=/app/dev_ws/install/rosbridge_server
[6.094s] Invoking command in '/app/dev_ws/build/rosbridge_server': CMAKE_PREFIX_PATH=/app/dev_ws/install/rosapi:/app/dev_ws/install/rosbridge_library:/app/dev_ws/install/rosbridge_msgs:/app/dev_ws/install/rosapi_msgs:/app/dev_ws/install/xsens_msgs:/app/dev_ws/install/rosbridge_test_msgs:/app/dev_ws/install/rosbridge_suite:/app/dev_ws/install/rosbridge_server:/app/dev_ws/install/bluespace_ai_xsens_mti_driver:/opt/ros/foxy:/app/dev_ws/install/xsens_driver:/app/dev_ws/install/cam_client:/app/dev_ws/install/ntrip_client:/app/dev_ws/install/central LD_LIBRARY_PATH=/app/dev_ws/install/rosbridge_msgs/lib:/app/dev_ws/install/rosapi_msgs/lib:/opt/ros/foxy/opt/yaml_cpp_vendor/lib:/opt/ros/foxy/opt/rviz_ogre_vendor/lib:/opt/ros/foxy/lib/aarch64-linux-gnu:/opt/ros/foxy/lib:/app/dev_ws/install/xsens_msgs/lib:/app/dev_ws/install/rosbridge_test_msgs/lib PYTHONPATH=/app/dev_ws/install/rosapi/lib/python3.8/site-packages:/app/dev_ws/install/rosbridge_library/lib/python3.8/site-packages:/app/dev_ws/install/rosbridge_msgs/lib/python3.8/site-packages:/app/dev_ws/install/rosapi_msgs/lib/python3.8/site-packages:/opt/ros/foxy/lib/python3.8/site-packages:/app/dev_ws/install/xsens_driver/lib/python3.8/site-packages:/app/dev_ws/install/cam_client/lib/python3.8/site-packages:/app/dev_ws/install/xsens_msgs/lib/python3.8/site-packages:/app/dev_ws/install/rosbridge_test_msgs/lib/python3.8/site-packages:/app/dev_ws/install/rosbridge_server/lib/python3.8/site-packages:/app/dev_ws/install/ntrip_client/lib/python3.8/site-packages:/app/dev_ws/install/central/lib/python3.8/site-packages /usr/bin/cmake --build /app/dev_ws/build/rosbridge_server -- -j4 -l4
[6.362s] Invoked command in '/app/dev_ws/build/rosbridge_server' returned '0': CMAKE_PREFIX_PATH=/app/dev_ws/install/rosapi:/app/dev_ws/install/rosbridge_library:/app/dev_ws/install/rosbridge_msgs:/app/dev_ws/install/rosapi_msgs:/app/dev_ws/install/xsens_msgs:/app/dev_ws/install/rosbridge_test_msgs:/app/dev_ws/install/rosbridge_suite:/app/dev_ws/install/rosbridge_server:/app/dev_ws/install/bluespace_ai_xsens_mti_driver:/opt/ros/foxy:/app/dev_ws/install/xsens_driver:/app/dev_ws/install/cam_client:/app/dev_ws/install/ntrip_client:/app/dev_ws/install/central LD_LIBRARY_PATH=/app/dev_ws/install/rosbridge_msgs/lib:/app/dev_ws/install/rosapi_msgs/lib:/opt/ros/foxy/opt/yaml_cpp_vendor/lib:/opt/ros/foxy/opt/rviz_ogre_vendor/lib:/opt/ros/foxy/lib/aarch64-linux-gnu:/opt/ros/foxy/lib:/app/dev_ws/install/xsens_msgs/lib:/app/dev_ws/install/rosbridge_test_msgs/lib PYTHONPATH=/app/dev_ws/install/rosapi/lib/python3.8/site-packages:/app/dev_ws/install/rosbridge_library/lib/python3.8/site-packages:/app/dev_ws/install/rosbridge_msgs/lib/python3.8/site-packages:/app/dev_ws/install/rosapi_msgs/lib/python3.8/site-packages:/opt/ros/foxy/lib/python3.8/site-packages:/app/dev_ws/install/xsens_driver/lib/python3.8/site-packages:/app/dev_ws/install/cam_client/lib/python3.8/site-packages:/app/dev_ws/install/xsens_msgs/lib/python3.8/site-packages:/app/dev_ws/install/rosbridge_test_msgs/lib/python3.8/site-packages:/app/dev_ws/install/rosbridge_server/lib/python3.8/site-packages:/app/dev_ws/install/ntrip_client/lib/python3.8/site-packages:/app/dev_ws/install/central/lib/python3.8/site-packages /usr/bin/cmake --build /app/dev_ws/build/rosbridge_server -- -j4 -l4
[6.524s] Invoking command in '/app/dev_ws/build/rosbridge_server': CMAKE_PREFIX_PATH=/app/dev_ws/install/rosapi:/app/dev_ws/install/rosbridge_library:/app/dev_ws/install/rosbridge_msgs:/app/dev_ws/install/rosapi_msgs:/app/dev_ws/install/xsens_msgs:/app/dev_ws/install/rosbridge_test_msgs:/app/dev_ws/install/rosbridge_suite:/app/dev_ws/install/rosbridge_server:/app/dev_ws/install/bluespace_ai_xsens_mti_driver:/opt/ros/foxy:/app/dev_ws/install/xsens_driver:/app/dev_ws/install/cam_client:/app/dev_ws/install/ntrip_client:/app/dev_ws/install/central LD_LIBRARY_PATH=/app/dev_ws/install/rosbridge_msgs/lib:/app/dev_ws/install/rosapi_msgs/lib:/opt/ros/foxy/opt/yaml_cpp_vendor/lib:/opt/ros/foxy/opt/rviz_ogre_vendor/lib:/opt/ros/foxy/lib/aarch64-linux-gnu:/opt/ros/foxy/lib:/app/dev_ws/install/xsens_msgs/lib:/app/dev_ws/install/rosbridge_test_msgs/lib PYTHONPATH=/app/dev_ws/install/rosapi/lib/python3.8/site-packages:/app/dev_ws/install/rosbridge_library/lib/python3.8/site-packages:/app/dev_ws/install/rosbridge_msgs/lib/python3.8/site-packages:/app/dev_ws/install/rosapi_msgs/lib/python3.8/site-packages:/opt/ros/foxy/lib/python3.8/site-packages:/app/dev_ws/install/xsens_driver/lib/python3.8/site-packages:/app/dev_ws/install/cam_client/lib/python3.8/site-packages:/app/dev_ws/install/xsens_msgs/lib/python3.8/site-packages:/app/dev_ws/install/rosbridge_test_msgs/lib/python3.8/site-packages:/app/dev_ws/install/rosbridge_server/lib/python3.8/site-packages:/app/dev_ws/install/ntrip_client/lib/python3.8/site-packages:/app/dev_ws/install/central/lib/python3.8/site-packages /usr/bin/cmake --install /app/dev_ws/build/rosbridge_server
[6.580s] -- Install configuration: ""
[6.582s] -- Installing: /app/dev_ws/install/rosbridge_server/share/rosbridge_server/environment/pythonpath.sh
[6.584s] -- Installing: /app/dev_ws/install/rosbridge_server/share/rosbridge_server/environment/pythonpath.dsv
[6.585s] -- Installing: /app/dev_ws/install/rosbridge_server/lib/python3.8/site-packages/rosbridge_server
[6.587s] -- Installing: /app/dev_ws/install/rosbridge_server/lib/python3.8/site-packages/rosbridge_server/client_mananger.py
[6.589s] -- Installing: /app/dev_ws/install/rosbridge_server/lib/python3.8/site-packages/rosbridge_server/__init__.py
[6.591s] -- Installing: /app/dev_ws/install/rosbridge_server/lib/python3.8/site-packages/rosbridge_server/websocket_handler.py
[6.831s] Listing '/app/dev_ws/install/rosbridge_server/lib/python3.8/site-packages/rosbridge_server'...
[6.833s] Compiling '/app/dev_ws/install/rosbridge_server/lib/python3.8/site-packages/rosbridge_server/__init__.py'...
[6.835s] Compiling '/app/dev_ws/install/rosbridge_server/lib/python3.8/site-packages/rosbridge_server/client_mananger.py'...
[6.836s] Compiling '/app/dev_ws/install/rosbridge_server/lib/python3.8/site-packages/rosbridge_server/websocket_handler.py'...
[6.856s] -- Installing: /app/dev_ws/install/rosbridge_server/share/ament_index/resource_index/package_run_dependencies/rosbridge_server
[6.858s] -- Installing: /app/dev_ws/install/rosbridge_server/share/ament_index/resource_index/parent_prefix_path/rosbridge_server
[6.860s] -- Installing: /app/dev_ws/install/rosbridge_server/share/rosbridge_server/environment/ament_prefix_path.sh
[6.862s] -- Installing: /app/dev_ws/install/rosbridge_server/share/rosbridge_server/environment/ament_prefix_path.dsv
[6.864s] -- Installing: /app/dev_ws/install/rosbridge_server/share/rosbridge_server/environment/path.sh
[6.866s] -- Installing: /app/dev_ws/install/rosbridge_server/share/rosbridge_server/environment/path.dsv
[6.868s] -- Installing: /app/dev_ws/install/rosbridge_server/share/rosbridge_server/local_setup.bash
[6.869s] -- Installing: /app/dev_ws/install/rosbridge_server/share/rosbridge_server/local_setup.sh
[6.871s] -- Installing: /app/dev_ws/install/rosbridge_server/share/rosbridge_server/local_setup.zsh
[6.873s] -- Installing: /app/dev_ws/install/rosbridge_server/share/rosbridge_server/local_setup.dsv
[6.874s] -- Installing: /app/dev_ws/install/rosbridge_server/share/rosbridge_server/package.dsv
[6.876s] -- Installing: /app/dev_ws/install/rosbridge_server/share/ament_index/resource_index/packages/rosbridge_server
[6.878s] -- Installing: /app/dev_ws/install/rosbridge_server/share/rosbridge_server/cmake/rosbridge_serverConfig.cmake
[6.880s] -- Installing: /app/dev_ws/install/rosbridge_server/share/rosbridge_server/cmake/rosbridge_serverConfig-version.cmake
[6.881s] -- Installing: /app/dev_ws/install/rosbridge_server/share/rosbridge_server/package.xml
[6.883s] -- Installing: /app/dev_ws/install/rosbridge_server/lib/rosbridge_server/rosbridge_websocket.py
[6.886s] -- Installing: /app/dev_ws/install/rosbridge_server/lib/rosbridge_server/rosbridge_websocket
[6.887s] -- Installing: /app/dev_ws/install/rosbridge_server/share/rosbridge_server/launch/rosbridge_websocket_launch.xml
[6.902s] Invoked command in '/app/dev_ws/build/rosbridge_server' returned '0': CMAKE_PREFIX_PATH=/app/dev_ws/install/rosapi:/app/dev_ws/install/rosbridge_library:/app/dev_ws/install/rosbridge_msgs:/app/dev_ws/install/rosapi_msgs:/app/dev_ws/install/xsens_msgs:/app/dev_ws/install/rosbridge_test_msgs:/app/dev_ws/install/rosbridge_suite:/app/dev_ws/install/rosbridge_server:/app/dev_ws/install/bluespace_ai_xsens_mti_driver:/opt/ros/foxy:/app/dev_ws/install/xsens_driver:/app/dev_ws/install/cam_client:/app/dev_ws/install/ntrip_client:/app/dev_ws/install/central LD_LIBRARY_PATH=/app/dev_ws/install/rosbridge_msgs/lib:/app/dev_ws/install/rosapi_msgs/lib:/opt/ros/foxy/opt/yaml_cpp_vendor/lib:/opt/ros/foxy/opt/rviz_ogre_vendor/lib:/opt/ros/foxy/lib/aarch64-linux-gnu:/opt/ros/foxy/lib:/app/dev_ws/install/xsens_msgs/lib:/app/dev_ws/install/rosbridge_test_msgs/lib PYTHONPATH=/app/dev_ws/install/rosapi/lib/python3.8/site-packages:/app/dev_ws/install/rosbridge_library/lib/python3.8/site-packages:/app/dev_ws/install/rosbridge_msgs/lib/python3.8/site-packages:/app/dev_ws/install/rosapi_msgs/lib/python3.8/site-packages:/opt/ros/foxy/lib/python3.8/site-packages:/app/dev_ws/install/xsens_driver/lib/python3.8/site-packages:/app/dev_ws/install/cam_client/lib/python3.8/site-packages:/app/dev_ws/install/xsens_msgs/lib/python3.8/site-packages:/app/dev_ws/install/rosbridge_test_msgs/lib/python3.8/site-packages:/app/dev_ws/install/rosbridge_server/lib/python3.8/site-packages:/app/dev_ws/install/ntrip_client/lib/python3.8/site-packages:/app/dev_ws/install/central/lib/python3.8/site-packages /usr/bin/cmake --install /app/dev_ws/build/rosbridge_server
