[3.007s] Invoking command in '/app/dev_ws/src/central': PYTHONPATH=/app/dev_ws/install/central/lib/python3.8/site-packages:${PYTHONPATH} /usr/bin/python3 setup.py egg_info --egg-base ../../build/central build --build-base /app/dev_ws/build/central/build install --prefix /app/dev_ws/install/central --record /app/dev_ws/build/central/install.log --single-version-externally-managed
[4.097s] running egg_info
[4.099s] writing ../../build/central/central.egg-info/PKG-INFO
[4.101s] writing dependency_links to ../../build/central/central.egg-info/dependency_links.txt
[4.102s] writing entry points to ../../build/central/central.egg-info/entry_points.txt
[4.103s] writing requirements to ../../build/central/central.egg-info/requires.txt
[4.104s] writing top-level names to ../../build/central/central.egg-info/top_level.txt
[4.274s] reading manifest file '../../build/central/central.egg-info/SOURCES.txt'
[4.278s] writing manifest file '../../build/central/central.egg-info/SOURCES.txt'
[4.279s] running build
[4.280s] running build_py
[4.280s] copying central/central_data.py -> /app/dev_ws/build/central/build/lib/central
[4.282s] running install
[4.287s] running install_lib
[4.292s] copying /app/dev_ws/build/central/build/lib/central/central_data.py -> /app/dev_ws/install/central/lib/python3.8/site-packages/central
[4.295s] byte-compiling /app/dev_ws/install/central/lib/python3.8/site-packages/central/central_data.py to central_data.cpython-38.pyc
[4.305s] running install_data
[4.308s] running install_egg_info
[4.315s] removing '/app/dev_ws/install/central/lib/python3.8/site-packages/central-0.0.0-py3.8.egg-info' (and everything under it)
[4.317s] Copying ../../build/central/central.egg-info to /app/dev_ws/install/central/lib/python3.8/site-packages/central-0.0.0-py3.8.egg-info
[4.323s] running install_scripts
[4.407s] Installing collect_data script to /app/dev_ws/install/central/lib/central
[4.408s] Installing config script to /app/dev_ws/install/central/lib/central
[4.410s] writing list of installed files to '/app/dev_ws/build/central/install.log'
[4.511s] Invoked command in '/app/dev_ws/src/central' returned '0': PYTHONPATH=/app/dev_ws/install/central/lib/python3.8/site-packages:${PYTHONPATH} /usr/bin/python3 setup.py egg_info --egg-base ../../build/central build --build-base /app/dev_ws/build/central/build install --prefix /app/dev_ws/install/central --record /app/dev_ws/build/central/install.log --single-version-externally-managed
