[3.805s] Invoking command in '/app/dev_ws/src/ntrip_client': PYTHONPATH=/app/dev_ws/install/ntrip_client/lib/python3.8/site-packages:${PYTHONPATH} /usr/bin/python3 setup.py egg_info --egg-base ../../build/ntrip_client build --build-base /app/dev_ws/build/ntrip_client/build install --prefix /app/dev_ws/install/ntrip_client --record /app/dev_ws/build/ntrip_client/install.log --single-version-externally-managed
[5.164s] running egg_info
[5.167s] writing ../../build/ntrip_client/ntrip_client.egg-info/PKG-INFO
[5.175s] writing dependency_links to ../../build/ntrip_client/ntrip_client.egg-info/dependency_links.txt
[5.181s] writing entry points to ../../build/ntrip_client/ntrip_client.egg-info/entry_points.txt
[5.182s] writing requirements to ../../build/ntrip_client/ntrip_client.egg-info/requires.txt
[5.183s] writing top-level names to ../../build/ntrip_client/ntrip_client.egg-info/top_level.txt
[5.367s] reading manifest file '../../build/ntrip_client/ntrip_client.egg-info/SOURCES.txt'
[5.375s] writing manifest file '../../build/ntrip_client/ntrip_client.egg-info/SOURCES.txt'
[5.375s] running build
[5.376s] running build_py
[5.377s] copying ntrip_client/ntrip_pub.py -> /app/dev_ws/build/ntrip_client/build/lib/ntrip_client
[5.379s] running install
[5.384s] running install_lib
[5.389s] copying /app/dev_ws/build/ntrip_client/build/lib/ntrip_client/ntrip_pub.py -> /app/dev_ws/install/ntrip_client/lib/python3.8/site-packages/ntrip_client
[5.392s] byte-compiling /app/dev_ws/install/ntrip_client/lib/python3.8/site-packages/ntrip_client/ntrip_pub.py to ntrip_pub.cpython-38.pyc
[5.405s] running install_data
[5.409s] running install_egg_info
[5.417s] removing '/app/dev_ws/install/ntrip_client/lib/python3.8/site-packages/ntrip_client-0.0.0-py3.8.egg-info' (and everything under it)
[5.419s] Copying ../../build/ntrip_client/ntrip_client.egg-info to /app/dev_ws/install/ntrip_client/lib/python3.8/site-packages/ntrip_client-0.0.0-py3.8.egg-info
[5.433s] running install_scripts
[5.519s] Installing main script to /app/dev_ws/install/ntrip_client/lib/ntrip_client
[5.524s] writing list of installed files to '/app/dev_ws/build/ntrip_client/install.log'
[5.632s] Invoked command in '/app/dev_ws/src/ntrip_client' returned '0': PYTHONPATH=/app/dev_ws/install/ntrip_client/lib/python3.8/site-packages:${PYTHONPATH} /usr/bin/python3 setup.py egg_info --egg-base ../../build/ntrip_client build --build-base /app/dev_ws/build/ntrip_client/build install --prefix /app/dev_ws/install/ntrip_client --record /app/dev_ws/build/ntrip_client/install.log --single-version-externally-managed
