[3.195s] Invoking command in '/app/dev_ws/src/central': PYTHONPATH=/app/dev_ws/install/central/lib/python3.8/site-packages:${PYTHONPATH} /usr/bin/python3 setup.py egg_info --egg-base ../../build/central build --build-base /app/dev_ws/build/central/build install --prefix /app/dev_ws/install/central --record /app/dev_ws/build/central/install.log --single-version-externally-managed
[4.351s] running egg_info
[4.353s] writing ../../build/central/central.egg-info/PKG-INFO
[4.354s] writing dependency_links to ../../build/central/central.egg-info/dependency_links.txt
[4.355s] writing entry points to ../../build/central/central.egg-info/entry_points.txt
[4.356s] writing requirements to ../../build/central/central.egg-info/requires.txt
[4.357s] writing top-level names to ../../build/central/central.egg-info/top_level.txt
[4.535s] reading manifest file '../../build/central/central.egg-info/SOURCES.txt'
[4.540s] writing manifest file '../../build/central/central.egg-info/SOURCES.txt'
[4.541s] running build
[4.542s] running build_py
[4.544s] running install
[4.549s] running install_lib
[4.560s] running install_data
[4.565s] running install_egg_info
[4.577s] removing '/app/dev_ws/install/central/lib/python3.8/site-packages/central-0.0.0-py3.8.egg-info' (and everything under it)
[4.579s] Copying ../../build/central/central.egg-info to /app/dev_ws/install/central/lib/python3.8/site-packages/central-0.0.0-py3.8.egg-info
[4.589s] running install_scripts
[4.691s] Installing collect_data script to /app/dev_ws/install/central/lib/central
[4.692s] Installing config script to /app/dev_ws/install/central/lib/central
[4.695s] writing list of installed files to '/app/dev_ws/build/central/install.log'
[4.819s] Invoked command in '/app/dev_ws/src/central' returned '0': PYTHONPATH=/app/dev_ws/install/central/lib/python3.8/site-packages:${PYTHONPATH} /usr/bin/python3 setup.py egg_info --egg-base ../../build/central build --build-base /app/dev_ws/build/central/build install --prefix /app/dev_ws/install/central --record /app/dev_ws/build/central/install.log --single-version-externally-managed
