[6.865s] Invoking command in '/app/dev_ws/src/xsens_driver': PYTHONPATH=/app/dev_ws/install/xsens_driver/lib/python3.8/site-packages:/app/dev_ws/install/xsens_msgs/lib/python3.8/site-packages:/app/dev_ws/install/xsens_driver/lib/python3.8/site-packages:/app/dev_ws/install/rosbridge_test_msgs/lib/python3.8/site-packages:/app/dev_ws/install/rosbridge_server/lib/python3.8/site-packages:/app/dev_ws/install/rosbridge_msgs/lib/python3.8/site-packages:/app/dev_ws/install/rosapi/lib/python3.8/site-packages:/app/dev_ws/install/rosbridge_library/lib/python3.8/site-packages:/app/dev_ws/install/rosapi_msgs/lib/python3.8/site-packages:/app/dev_ws/install/ntrip_client/lib/python3.8/site-packages:/app/dev_ws/install/central/lib/python3.8/site-packages:/opt/ros/foxy/lib/python3.8/site-packages /usr/bin/python3 setup.py egg_info --egg-base ../../build/xsens_driver build --build-base /app/dev_ws/build/xsens_driver/build install --prefix /app/dev_ws/install/xsens_driver --record /app/dev_ws/build/xsens_driver/install.log --single-version-externally-managed
[8.702s] running egg_info
[8.705s] creating ../../build/xsens_driver/xsens_driver.egg-info
[8.706s] writing ../../build/xsens_driver/xsens_driver.egg-info/PKG-INFO
[8.708s] writing dependency_links to ../../build/xsens_driver/xsens_driver.egg-info/dependency_links.txt
[8.709s] writing entry points to ../../build/xsens_driver/xsens_driver.egg-info/entry_points.txt
[8.711s] writing requirements to ../../build/xsens_driver/xsens_driver.egg-info/requires.txt
[8.711s] writing top-level names to ../../build/xsens_driver/xsens_driver.egg-info/top_level.txt
[8.721s] writing manifest file '../../build/xsens_driver/xsens_driver.egg-info/SOURCES.txt'
[8.944s] reading manifest file '../../build/xsens_driver/xsens_driver.egg-info/SOURCES.txt'
[8.950s] writing manifest file '../../build/xsens_driver/xsens_driver.egg-info/SOURCES.txt'
[8.951s] running build
[8.952s] running build_py
[8.953s] creating /app/dev_ws/build/xsens_driver/build
[8.955s] creating /app/dev_ws/build/xsens_driver/build/lib
[8.956s] creating /app/dev_ws/build/xsens_driver/build/lib/xsens_driver
[8.956s] copying xsens_driver/xsens_measure.py -> /app/dev_ws/build/xsens_driver/build/lib/xsens_driver
[8.958s] copying xsens_driver/__init__.py -> /app/dev_ws/build/xsens_driver/build/lib/xsens_driver
[8.959s] creating /app/dev_ws/build/xsens_driver/build/lib/xsens_driver/utils
[8.960s] copying xsens_driver/utils/mtdevice.py -> /app/dev_ws/build/xsens_driver/build/lib/xsens_driver/utils
[8.961s] copying xsens_driver/utils/mtdef.py -> /app/dev_ws/build/xsens_driver/build/lib/xsens_driver/utils
[8.965s] copying xsens_driver/utils/__init__.py -> /app/dev_ws/build/xsens_driver/build/lib/xsens_driver/utils
[8.966s] running install
[8.970s] running install_lib
[8.977s] creating /app/dev_ws/install/xsens_driver/lib/python3.8/site-packages/xsens_driver
[8.978s] copying /app/dev_ws/build/xsens_driver/build/lib/xsens_driver/xsens_measure.py -> /app/dev_ws/install/xsens_driver/lib/python3.8/site-packages/xsens_driver
[8.980s] creating /app/dev_ws/install/xsens_driver/lib/python3.8/site-packages/xsens_driver/utils
[8.981s] copying /app/dev_ws/build/xsens_driver/build/lib/xsens_driver/utils/mtdevice.py -> /app/dev_ws/install/xsens_driver/lib/python3.8/site-packages/xsens_driver/utils
[8.983s] copying /app/dev_ws/build/xsens_driver/build/lib/xsens_driver/utils/mtdef.py -> /app/dev_ws/install/xsens_driver/lib/python3.8/site-packages/xsens_driver/utils
[8.985s] copying /app/dev_ws/build/xsens_driver/build/lib/xsens_driver/utils/__init__.py -> /app/dev_ws/install/xsens_driver/lib/python3.8/site-packages/xsens_driver/utils
[8.986s] copying /app/dev_ws/build/xsens_driver/build/lib/xsens_driver/__init__.py -> /app/dev_ws/install/xsens_driver/lib/python3.8/site-packages/xsens_driver
[8.991s] byte-compiling /app/dev_ws/install/xsens_driver/lib/python3.8/site-packages/xsens_driver/xsens_measure.py to xsens_measure.cpython-38.pyc
[9.008s] byte-compiling /app/dev_ws/install/xsens_driver/lib/python3.8/site-packages/xsens_driver/utils/mtdevice.py to mtdevice.cpython-38.pyc
[9.047s] byte-compiling /app/dev_ws/install/xsens_driver/lib/python3.8/site-packages/xsens_driver/utils/mtdef.py to mtdef.cpython-38.pyc
[9.057s] byte-compiling /app/dev_ws/install/xsens_driver/lib/python3.8/site-packages/xsens_driver/utils/__init__.py to __init__.cpython-38.pyc
[9.059s] byte-compiling /app/dev_ws/install/xsens_driver/lib/python3.8/site-packages/xsens_driver/__init__.py to __init__.cpython-38.pyc
[9.061s] running install_data
[9.065s] creating /app/dev_ws/install/xsens_driver/share/ament_index
[9.066s] creating /app/dev_ws/install/xsens_driver/share/ament_index/resource_index
[9.067s] creating /app/dev_ws/install/xsens_driver/share/ament_index/resource_index/packages
[9.068s] copying resource/xsens_driver -> /app/dev_ws/install/xsens_driver/share/ament_index/resource_index/packages
[9.069s] copying package.xml -> /app/dev_ws/install/xsens_driver/share/xsens_driver
[9.071s] creating /app/dev_ws/install/xsens_driver/share/xsens_driver/launch
[9.072s] copying launch/xsens_driver_launch.py -> /app/dev_ws/install/xsens_driver/share/xsens_driver/launch
[9.074s] creating /app/dev_ws/install/xsens_driver/share/xsens_driver/config
[9.075s] copying config/params.yaml -> /app/dev_ws/install/xsens_driver/share/xsens_driver/config
[9.076s] running install_egg_info
[9.086s] Copying ../../build/xsens_driver/xsens_driver.egg-info to /app/dev_ws/install/xsens_driver/lib/python3.8/site-packages/xsens_driver-0.0.0-py3.8.egg-info
[9.101s] running install_scripts
[9.213s] Installing main script to /app/dev_ws/install/xsens_driver/lib/xsens_driver
[9.217s] writing list of installed files to '/app/dev_ws/build/xsens_driver/install.log'
[9.379s] Invoked command in '/app/dev_ws/src/xsens_driver' returned '0': PYTHONPATH=/app/dev_ws/install/xsens_driver/lib/python3.8/site-packages:/app/dev_ws/install/xsens_msgs/lib/python3.8/site-packages:/app/dev_ws/install/xsens_driver/lib/python3.8/site-packages:/app/dev_ws/install/rosbridge_test_msgs/lib/python3.8/site-packages:/app/dev_ws/install/rosbridge_server/lib/python3.8/site-packages:/app/dev_ws/install/rosbridge_msgs/lib/python3.8/site-packages:/app/dev_ws/install/rosapi/lib/python3.8/site-packages:/app/dev_ws/install/rosbridge_library/lib/python3.8/site-packages:/app/dev_ws/install/rosapi_msgs/lib/python3.8/site-packages:/app/dev_ws/install/ntrip_client/lib/python3.8/site-packages:/app/dev_ws/install/central/lib/python3.8/site-packages:/opt/ros/foxy/lib/python3.8/site-packages /usr/bin/python3 setup.py egg_info --egg-base ../../build/xsens_driver build --build-base /app/dev_ws/build/xsens_driver/build install --prefix /app/dev_ws/install/xsens_driver --record /app/dev_ws/build/xsens_driver/install.log --single-version-externally-managed
