[0.258s] Invoking command in '/app/dev_ws/build/cv_bridge': CMAKE_PREFIX_PATH=${CMAKE_PREFIX_PATH}:/opt/ros/foxy:/app/dev_ws/install/xsens_driver:/app/dev_ws/install/cam_client:/app/dev_ws/install/ntrip_client:/app/dev_ws/install/central /usr/bin/cmake /app/dev_ws/vision_opencv/cv_bridge -DCMAKE_INSTALL_PREFIX=/app/dev_ws/install/cv_bridge
[1.032s] -- The C compiler identification is GNU 9.4.0
[1.504s] -- The CXX compiler identification is GNU 9.4.0
[1.545s] -- Check for working C compiler: /usr/bin/cc
[2.114s] -- Check for working C compiler: /usr/bin/cc -- works
[2.120s] -- Detecting C compiler ABI info
[2.709s] -- Detecting C compiler ABI info - done
[2.791s] -- Detecting C compile features
[2.795s] -- Detecting C compile features - done
[2.818s] -- Check for working CXX compiler: /usr/bin/c++
[3.540s] -- Check for working CXX compiler: /usr/bin/c++ -- works
[3.546s] -- Detecting CXX compiler ABI info
[4.232s] -- Detecting CXX compiler ABI info - done
[4.292s] -- Detecting CXX compile features
[4.297s] -- Detecting CXX compile features - done
[4.351s] -- Found ament_cmake_ros: 0.9.2 (/opt/ros/foxy/share/ament_cmake_ros/cmake)
[4.747s] -- Found PythonInterp: /usr/bin/python3 (found suitable version "3.8.10", minimum required is "3") 
[4.752s] -- Using PYTHON_EXECUTABLE: /usr/bin/python3
[11.754s] -- Found Python3: /usr/lib/aarch64-linux-gnu/libpython3.8.so (found version "3.8.10") found components: Development NumPy Interpreter 
[11.960s] -- Found Boost: /usr/lib/aarch64-linux-gnu/cmake/Boost-1.71.0/BoostConfig.cmake (found version "1.71.0") found components: python38 
[12.027s] -- Found rcpputils: 1.3.2 (/opt/ros/foxy/share/rcpputils/cmake)
[12.280s] -- Found sensor_msgs: 2.0.5 (/opt/ros/foxy/share/sensor_msgs/cmake)
[12.740s] -- Using all available rosidl_typesupport_c: rosidl_typesupport_fastrtps_c;rosidl_typesupport_introspection_c
[12.985s] -- Found rosidl_adapter: 1.2.1 (/opt/ros/foxy/share/rosidl_adapter/cmake)
[14.224s] -- Found OpenSSL: /usr/lib/aarch64-linux-gnu/libcrypto.so (found version "1.1.1f")  
[14.886s] -- Found FastRTPS: /opt/ros/foxy/include  
[17.262s] -- Using all available rosidl_typesupport_cpp: rosidl_typesupport_fastrtps_cpp;rosidl_typesupport_introspection_cpp
[20.861s] -- Performing Test COMPILER_HAS_HIDDEN_VISIBILITY
[22.090s] -- Performing Test COMPILER_HAS_HIDDEN_VISIBILITY - Success
[22.119s] -- Performing Test COMPILER_HAS_HIDDEN_INLINE_VISIBILITY
[23.697s] -- Performing Test COMPILER_HAS_HIDDEN_INLINE_VISIBILITY - Success
[23.702s] -- Performing Test COMPILER_HAS_DEPRECATED_ATTR
[26.285s] -- Performing Test COMPILER_HAS_DEPRECATED_ATTR - Success
[26.385s] -- Found ament_lint_auto: 0.9.6 (/opt/ros/foxy/share/ament_lint_auto/cmake)
[29.772s] -- Found gtest sources under '/opt/ros/foxy/src/gtest_vendor': C++ tests using 'Google Test' will be built
[29.851s] -- Looking for pthread.h
[31.904s] -- Looking for pthread.h - found
[31.918s] -- Performing Test CMAKE_HAVE_LIBC_PTHREAD
[33.815s] -- Performing Test CMAKE_HAVE_LIBC_PTHREAD - Failed
[33.819s] -- Check if compiler accepts -pthread
[35.514s] -- Check if compiler accepts -pthread - yes
[35.530s] -- Found Threads: TRUE  
[65.662s] -- Configuring done
[65.959s] -- Generating done
[65.976s] -- Build files have been written to: /app/dev_ws/build/cv_bridge
[66.024s] Invoked command in '/app/dev_ws/build/cv_bridge' returned '0': CMAKE_PREFIX_PATH=${CMAKE_PREFIX_PATH}:/opt/ros/foxy:/app/dev_ws/install/xsens_driver:/app/dev_ws/install/cam_client:/app/dev_ws/install/ntrip_client:/app/dev_ws/install/central /usr/bin/cmake /app/dev_ws/vision_opencv/cv_bridge -DCMAKE_INSTALL_PREFIX=/app/dev_ws/install/cv_bridge
[66.042s] Invoking command in '/app/dev_ws/build/cv_bridge': CMAKE_PREFIX_PATH=${CMAKE_PREFIX_PATH}:/opt/ros/foxy:/app/dev_ws/install/xsens_driver:/app/dev_ws/install/cam_client:/app/dev_ws/install/ntrip_client:/app/dev_ws/install/central /usr/bin/cmake --build /app/dev_ws/build/cv_bridge -- -j4 -l4
[66.700s] [35m[1mScanning dependencies of target cv_bridge[0m
[67.826s] [  6%] [32mBuilding CXX object src/CMakeFiles/cv_bridge.dir/cv_bridge.cpp.o[0m
[124.052s] [ 12%] [32mBuilding CXX object src/CMakeFiles/cv_bridge.dir/rgb_colors.cpp.o[0m
[152.726s] [ 18%] [32m[1mLinking CXX shared library libcv_bridge.so[0m
[155.015s] [ 18%] Built target cv_bridge
[155.207s] [35m[1mScanning dependencies of target gtest_main[0m
[155.516s] [ 25%] [32mBuilding CXX object gtest/CMakeFiles/gtest_main.dir/src/gtest_main.cc.o[0m
[164.614s] [ 31%] [32m[1mLinking CXX static library libgtest_main.a[0m
[165.156s] [ 31%] Built target gtest_main
[165.284s] [35m[1mScanning dependencies of target cv_bridge_boost[0m
[166.052s] [ 37%] [32mBuilding CXX object src/CMakeFiles/cv_bridge_boost.dir/module.cpp.o[0m
[212.751s] [ 43%] [32mBuilding CXX object src/CMakeFiles/cv_bridge_boost.dir/module_opencv3.cpp.o[0m
[255.087s] [ 50%] [32m[1mLinking CXX shared module boost/cv_bridge_boost.so[0m
[256.714s] [ 50%] Built target cv_bridge_boost
[256.889s] [35m[1mScanning dependencies of target gtest[0m
[257.164s] [ 56%] [32mBuilding CXX object gtest/CMakeFiles/gtest.dir/src/gtest-all.cc.o[0m
[297.040s] [ 62%] [32m[1mLinking CXX static library libgtest.a[0m
[297.981s] [ 62%] Built target gtest
[298.086s] [35m[1mScanning dependencies of target cv_bridge-utest[0m
[298.985s] [ 68%] [32mBuilding CXX object test/CMakeFiles/cv_bridge-utest.dir/test_endian.cpp.o[0m
[322.564s] [ 75%] [32mBuilding CXX object test/CMakeFiles/cv_bridge-utest.dir/utest2.cpp.o[0m
[344.305s] [ 81%] [32mBuilding CXX object test/CMakeFiles/cv_bridge-utest.dir/test_rgb_colors.cpp.o[0m
[378.459s] [ 87%] [32mBuilding CXX object test/CMakeFiles/cv_bridge-utest.dir/utest.cpp.o[0m
[401.194s] [ 93%] [32mBuilding CXX object test/CMakeFiles/cv_bridge-utest.dir/test_compression.cpp.o[0m
[421.199s] [100%] [32m[1mLinking CXX executable cv_bridge-utest[0m
[426.584s] [100%] Built target cv_bridge-utest
[426.788s] Invoked command in '/app/dev_ws/build/cv_bridge' returned '0': CMAKE_PREFIX_PATH=${CMAKE_PREFIX_PATH}:/opt/ros/foxy:/app/dev_ws/install/xsens_driver:/app/dev_ws/install/cam_client:/app/dev_ws/install/ntrip_client:/app/dev_ws/install/central /usr/bin/cmake --build /app/dev_ws/build/cv_bridge -- -j4 -l4
[427.387s] Invoking command in '/app/dev_ws/build/cv_bridge': CMAKE_PREFIX_PATH=${CMAKE_PREFIX_PATH}:/opt/ros/foxy:/app/dev_ws/install/xsens_driver:/app/dev_ws/install/cam_client:/app/dev_ws/install/ntrip_client:/app/dev_ws/install/central /usr/bin/cmake --install /app/dev_ws/build/cv_bridge
[427.582s] -- Install configuration: ""
[427.586s] -- Installing: /app/dev_ws/install/cv_bridge/share/cv_bridge/environment/pythonpath.sh
[427.595s] -- Installing: /app/dev_ws/install/cv_bridge/share/cv_bridge/environment/pythonpath.dsv
[427.600s] -- Installing: /app/dev_ws/install/cv_bridge/lib/python3.8/site-packages/cv_bridge
[427.603s] -- Installing: /app/dev_ws/install/cv_bridge/lib/python3.8/site-packages/cv_bridge/core.py
[427.613s] -- Installing: /app/dev_ws/install/cv_bridge/lib/python3.8/site-packages/cv_bridge/__init__.py
[428.230s] Listing '/app/dev_ws/install/cv_bridge/lib/python3.8/site-packages/cv_bridge'...
[428.242s] Compiling '/app/dev_ws/install/cv_bridge/lib/python3.8/site-packages/cv_bridge/__init__.py'...
[428.244s] Compiling '/app/dev_ws/install/cv_bridge/lib/python3.8/site-packages/cv_bridge/core.py'...
[428.299s] -- Installing: /app/dev_ws/install/cv_bridge/lib/libcv_bridge.so
[428.349s] -- Set runtime path of "/app/dev_ws/install/cv_bridge/lib/libcv_bridge.so" to ""
[428.350s] -- Installing: /app/dev_ws/install/cv_bridge/include/cv_bridge/cv_bridge/cv_bridge_export.h
[428.354s] -- Installing: /app/dev_ws/install/cv_bridge/lib/python3.8/site-packages/cv_bridge/boost/cv_bridge_boost.so
[428.365s] -- Set runtime path of "/app/dev_ws/install/cv_bridge/lib/python3.8/site-packages/cv_bridge/boost/cv_bridge_boost.so" to ""
[428.372s] -- Up-to-date: /app/dev_ws/install/cv_bridge/include/cv_bridge
[428.376s] -- Up-to-date: /app/dev_ws/install/cv_bridge/include/cv_bridge/cv_bridge
[428.377s] -- Installing: /app/dev_ws/install/cv_bridge/include/cv_bridge/cv_bridge/cv_bridge.h
[428.379s] -- Installing: /app/dev_ws/install/cv_bridge/include/cv_bridge/cv_bridge/rgb_colors.h
[428.382s] -- Up-to-date: /app/dev_ws/install/cv_bridge/lib/libcv_bridge.so
[428.385s] -- Installing: /app/dev_ws/install/cv_bridge/share/ament_index/resource_index/package_run_dependencies/cv_bridge
[428.387s] -- Installing: /app/dev_ws/install/cv_bridge/share/ament_index/resource_index/parent_prefix_path/cv_bridge
[428.391s] -- Installing: /app/dev_ws/install/cv_bridge/share/cv_bridge/environment/ament_prefix_path.sh
[428.394s] -- Installing: /app/dev_ws/install/cv_bridge/share/cv_bridge/environment/ament_prefix_path.dsv
[428.402s] -- Installing: /app/dev_ws/install/cv_bridge/share/cv_bridge/environment/path.sh
[428.403s] -- Installing: /app/dev_ws/install/cv_bridge/share/cv_bridge/environment/path.dsv
[428.404s] -- Installing: /app/dev_ws/install/cv_bridge/share/cv_bridge/local_setup.bash
[428.404s] -- Installing: /app/dev_ws/install/cv_bridge/share/cv_bridge/local_setup.sh
[428.405s] -- Installing: /app/dev_ws/install/cv_bridge/share/cv_bridge/local_setup.zsh
[428.406s] -- Installing: /app/dev_ws/install/cv_bridge/share/cv_bridge/local_setup.dsv
[428.407s] -- Installing: /app/dev_ws/install/cv_bridge/share/cv_bridge/package.dsv
[428.410s] -- Installing: /app/dev_ws/install/cv_bridge/share/ament_index/resource_index/packages/cv_bridge
[428.412s] -- Installing: /app/dev_ws/install/cv_bridge/share/cv_bridge/cmake/export_cv_bridgeExport.cmake
[428.415s] -- Installing: /app/dev_ws/install/cv_bridge/share/cv_bridge/cmake/export_cv_bridgeExport-noconfig.cmake
[428.417s] -- Installing: /app/dev_ws/install/cv_bridge/share/cv_bridge/cmake/cv_bridge-extras.cmake
[428.419s] -- Installing: /app/dev_ws/install/cv_bridge/share/cv_bridge/cmake/ament_cmake_export_dependencies-extras.cmake
[428.422s] -- Installing: /app/dev_ws/install/cv_bridge/share/cv_bridge/cmake/ament_cmake_export_targets-extras.cmake
[428.424s] -- Installing: /app/dev_ws/install/cv_bridge/share/cv_bridge/cmake/cv_bridgeConfig.cmake
[428.426s] -- Installing: /app/dev_ws/install/cv_bridge/share/cv_bridge/cmake/cv_bridgeConfig-version.cmake
[428.428s] -- Installing: /app/dev_ws/install/cv_bridge/share/cv_bridge/package.xml
[428.450s] Invoked command in '/app/dev_ws/build/cv_bridge' returned '0': CMAKE_PREFIX_PATH=${CMAKE_PREFIX_PATH}:/opt/ros/foxy:/app/dev_ws/install/xsens_driver:/app/dev_ws/install/cam_client:/app/dev_ws/install/ntrip_client:/app/dev_ws/install/central /usr/bin/cmake --install /app/dev_ws/build/cv_bridge
