[0.466s] Invoking command in '/app/dev_ws/build/rosbridge_msgs': CMAKE_PREFIX_PATH=${CMAKE_PREFIX_PATH}:/app/dev_ws/install/xsens_driver:/app/dev_ws/install/ntrip_client:/app/dev_ws/install/central:/opt/ros/foxy /usr/bin/cmake --build /app/dev_ws/build/rosbridge_msgs -- -j4 -l4
[2.105s] [  2%] Built target rosbridge_msgs__cpp
[2.480s] [ 12%] Built target rosbridge_msgs__rosidl_typesupport_introspection_cpp
[2.544s] [ 23%] Built target rosbridge_msgs__rosidl_generator_c
[2.928s] [ 33%] Built target rosbridge_msgs__rosidl_typesupport_cpp
[3.101s] [ 43%] Built target rosbridge_msgs__rosidl_typesupport_fastrtps_cpp
[3.472s] [ 53%] Built target rosbridge_msgs__rosidl_typesupport_introspection_c
[3.502s] [ 64%] Built target rosbridge_msgs__rosidl_typesupport_c
[3.523s] [ 74%] Built target rosbridge_msgs__rosidl_typesupport_fastrtps_c
[3.885s] [ 74%] Built target rosbridge_msgs
[4.138s] [ 76%] Built target rosbridge_msgs__py
[4.451s] [ 84%] Built target rosbridge_msgs__python
[4.887s] [ 89%] Built target rosbridge_msgs__rosidl_typesupport_fastrtps_c__pyext
[4.940s] [ 94%] Built target rosbridge_msgs__rosidl_typesupport_c__pyext
[4.981s] [100%] Built target rosbridge_msgs__rosidl_typesupport_introspection_c__pyext
[5.176s] Invoked command in '/app/dev_ws/build/rosbridge_msgs' returned '0': CMAKE_PREFIX_PATH=${CMAKE_PREFIX_PATH}:/app/dev_ws/install/xsens_driver:/app/dev_ws/install/ntrip_client:/app/dev_ws/install/central:/opt/ros/foxy /usr/bin/cmake --build /app/dev_ws/build/rosbridge_msgs -- -j4 -l4
[6.304s] Invoking command in '/app/dev_ws/build/rosbridge_msgs': CMAKE_PREFIX_PATH=${CMAKE_PREFIX_PATH}:/app/dev_ws/install/xsens_driver:/app/dev_ws/install/ntrip_client:/app/dev_ws/install/central:/opt/ros/foxy /usr/bin/cmake --install /app/dev_ws/build/rosbridge_msgs
[6.401s] -- Install configuration: ""
[6.404s] -- Up-to-date: /app/dev_ws/install/rosbridge_msgs/share/ament_index/resource_index/rosidl_interfaces/rosbridge_msgs
[6.405s] -- Up-to-date: /app/dev_ws/install/rosbridge_msgs/include/rosbridge_msgs
[6.407s] -- Up-to-date: /app/dev_ws/install/rosbridge_msgs/include/rosbridge_msgs/msg
[6.408s] -- Up-to-date: /app/dev_ws/install/rosbridge_msgs/include/rosbridge_msgs/msg/connected_client.h
[6.409s] -- Up-to-date: /app/dev_ws/install/rosbridge_msgs/include/rosbridge_msgs/msg/rosidl_generator_c__visibility_control.h
[6.410s] -- Up-to-date: /app/dev_ws/install/rosbridge_msgs/include/rosbridge_msgs/msg/detail
[6.411s] -- Up-to-date: /app/dev_ws/install/rosbridge_msgs/include/rosbridge_msgs/msg/detail/connected_clients__functions.c
[6.412s] -- Up-to-date: /app/dev_ws/install/rosbridge_msgs/include/rosbridge_msgs/msg/detail/connected_clients__struct.h
[6.413s] -- Up-to-date: /app/dev_ws/install/rosbridge_msgs/include/rosbridge_msgs/msg/detail/connected_client__functions.h
[6.418s] -- Up-to-date: /app/dev_ws/install/rosbridge_msgs/include/rosbridge_msgs/msg/detail/connected_client__struct.h
[6.419s] -- Up-to-date: /app/dev_ws/install/rosbridge_msgs/include/rosbridge_msgs/msg/detail/connected_clients__type_support.h
[6.420s] -- Up-to-date: /app/dev_ws/install/rosbridge_msgs/include/rosbridge_msgs/msg/detail/connected_client__functions.c
[6.420s] -- Up-to-date: /app/dev_ws/install/rosbridge_msgs/include/rosbridge_msgs/msg/detail/connected_clients__functions.h
[6.421s] -- Up-to-date: /app/dev_ws/install/rosbridge_msgs/include/rosbridge_msgs/msg/detail/connected_client__type_support.h
[6.421s] -- Up-to-date: /app/dev_ws/install/rosbridge_msgs/include/rosbridge_msgs/msg/connected_clients.h
[6.424s] -- Up-to-date: /app/dev_ws/install/rosbridge_msgs/share/rosbridge_msgs/environment/library_path.sh
[6.425s] -- Up-to-date: /app/dev_ws/install/rosbridge_msgs/share/rosbridge_msgs/environment/library_path.dsv
[6.426s] -- Up-to-date: /app/dev_ws/install/rosbridge_msgs/lib/librosbridge_msgs__rosidl_generator_c.so
[6.427s] -- Up-to-date: /app/dev_ws/install/rosbridge_msgs/include/rosbridge_msgs
[6.428s] -- Up-to-date: /app/dev_ws/install/rosbridge_msgs/include/rosbridge_msgs/msg
[6.428s] -- Up-to-date: /app/dev_ws/install/rosbridge_msgs/include/rosbridge_msgs/msg/detail
[6.429s] -- Up-to-date: /app/dev_ws/install/rosbridge_msgs/include/rosbridge_msgs/msg/detail/connected_client__rosidl_typesupport_fastrtps_c.h
[6.429s] -- Up-to-date: /app/dev_ws/install/rosbridge_msgs/include/rosbridge_msgs/msg/detail/connected_clients__rosidl_typesupport_fastrtps_c.h
[6.430s] -- Up-to-date: /app/dev_ws/install/rosbridge_msgs/include/rosbridge_msgs/msg/rosidl_typesupport_fastrtps_c__visibility_control.h
[6.432s] -- Up-to-date: /app/dev_ws/install/rosbridge_msgs/lib/librosbridge_msgs__rosidl_typesupport_fastrtps_c.so
[6.434s] -- Up-to-date: /app/dev_ws/install/rosbridge_msgs/include/rosbridge_msgs
[6.434s] -- Up-to-date: /app/dev_ws/install/rosbridge_msgs/include/rosbridge_msgs/msg
[6.435s] -- Up-to-date: /app/dev_ws/install/rosbridge_msgs/include/rosbridge_msgs/msg/detail
[6.435s] -- Up-to-date: /app/dev_ws/install/rosbridge_msgs/include/rosbridge_msgs/msg/detail/connected_clients__rosidl_typesupport_fastrtps_cpp.hpp
[6.436s] -- Up-to-date: /app/dev_ws/install/rosbridge_msgs/include/rosbridge_msgs/msg/detail/connected_client__rosidl_typesupport_fastrtps_cpp.hpp
[6.437s] -- Up-to-date: /app/dev_ws/install/rosbridge_msgs/include/rosbridge_msgs/msg/detail/dds_fastrtps
[6.439s] -- Up-to-date: /app/dev_ws/install/rosbridge_msgs/include/rosbridge_msgs/msg/rosidl_typesupport_fastrtps_cpp__visibility_control.h
[6.440s] -- Up-to-date: /app/dev_ws/install/rosbridge_msgs/lib/librosbridge_msgs__rosidl_typesupport_fastrtps_cpp.so
[6.445s] -- Up-to-date: /app/dev_ws/install/rosbridge_msgs/include/rosbridge_msgs
[6.447s] -- Up-to-date: /app/dev_ws/install/rosbridge_msgs/include/rosbridge_msgs/msg
[6.448s] -- Up-to-date: /app/dev_ws/install/rosbridge_msgs/include/rosbridge_msgs/msg/rosidl_typesupport_introspection_c__visibility_control.h
[6.450s] -- Up-to-date: /app/dev_ws/install/rosbridge_msgs/include/rosbridge_msgs/msg/detail
[6.450s] -- Up-to-date: /app/dev_ws/install/rosbridge_msgs/include/rosbridge_msgs/msg/detail/connected_client__rosidl_typesupport_introspection_c.h
[6.451s] -- Up-to-date: /app/dev_ws/install/rosbridge_msgs/include/rosbridge_msgs/msg/detail/connected_clients__type_support.c
[6.452s] -- Up-to-date: /app/dev_ws/install/rosbridge_msgs/include/rosbridge_msgs/msg/detail/connected_client__type_support.c
[6.453s] -- Up-to-date: /app/dev_ws/install/rosbridge_msgs/include/rosbridge_msgs/msg/detail/connected_clients__rosidl_typesupport_introspection_c.h
[6.455s] -- Up-to-date: /app/dev_ws/install/rosbridge_msgs/lib/librosbridge_msgs__rosidl_typesupport_introspection_c.so
[6.456s] -- Up-to-date: /app/dev_ws/install/rosbridge_msgs/lib/librosbridge_msgs__rosidl_typesupport_c.so
[6.458s] -- Up-to-date: /app/dev_ws/install/rosbridge_msgs/include/rosbridge_msgs
[6.460s] -- Up-to-date: /app/dev_ws/install/rosbridge_msgs/include/rosbridge_msgs/msg
[6.461s] -- Up-to-date: /app/dev_ws/install/rosbridge_msgs/include/rosbridge_msgs/msg/connected_clients.hpp
[6.462s] -- Up-to-date: /app/dev_ws/install/rosbridge_msgs/include/rosbridge_msgs/msg/connected_client.hpp
[6.462s] -- Up-to-date: /app/dev_ws/install/rosbridge_msgs/include/rosbridge_msgs/msg/detail
[6.463s] -- Up-to-date: /app/dev_ws/install/rosbridge_msgs/include/rosbridge_msgs/msg/detail/connected_client__traits.hpp
[6.463s] -- Up-to-date: /app/dev_ws/install/rosbridge_msgs/include/rosbridge_msgs/msg/detail/connected_clients__struct.hpp
[6.464s] -- Up-to-date: /app/dev_ws/install/rosbridge_msgs/include/rosbridge_msgs/msg/detail/connected_client__builder.hpp
[6.465s] -- Up-to-date: /app/dev_ws/install/rosbridge_msgs/include/rosbridge_msgs/msg/detail/connected_clients__traits.hpp
[6.466s] -- Up-to-date: /app/dev_ws/install/rosbridge_msgs/include/rosbridge_msgs/msg/detail/connected_clients__builder.hpp
[6.467s] -- Up-to-date: /app/dev_ws/install/rosbridge_msgs/include/rosbridge_msgs/msg/detail/connected_client__struct.hpp
[6.468s] -- Up-to-date: /app/dev_ws/install/rosbridge_msgs/include/rosbridge_msgs
[6.468s] -- Up-to-date: /app/dev_ws/install/rosbridge_msgs/include/rosbridge_msgs/msg
[6.469s] -- Up-to-date: /app/dev_ws/install/rosbridge_msgs/include/rosbridge_msgs/msg/detail
[6.470s] -- Up-to-date: /app/dev_ws/install/rosbridge_msgs/include/rosbridge_msgs/msg/detail/connected_client__type_support.cpp
[6.471s] -- Up-to-date: /app/dev_ws/install/rosbridge_msgs/include/rosbridge_msgs/msg/detail/connected_client__rosidl_typesupport_introspection_cpp.hpp
[6.472s] -- Up-to-date: /app/dev_ws/install/rosbridge_msgs/include/rosbridge_msgs/msg/detail/connected_clients__rosidl_typesupport_introspection_cpp.hpp
[6.472s] -- Up-to-date: /app/dev_ws/install/rosbridge_msgs/include/rosbridge_msgs/msg/detail/connected_clients__type_support.cpp
[6.473s] -- Up-to-date: /app/dev_ws/install/rosbridge_msgs/lib/librosbridge_msgs__rosidl_typesupport_introspection_cpp.so
[6.473s] -- Up-to-date: /app/dev_ws/install/rosbridge_msgs/lib/librosbridge_msgs__rosidl_typesupport_cpp.so
[6.476s] -- Up-to-date: /app/dev_ws/install/rosbridge_msgs/share/rosbridge_msgs/environment/pythonpath.sh
[6.477s] -- Up-to-date: /app/dev_ws/install/rosbridge_msgs/share/rosbridge_msgs/environment/pythonpath.dsv
[6.477s] -- Up-to-date: /app/dev_ws/install/rosbridge_msgs/lib/python3.8/site-packages/rosbridge_msgs/__init__.py
[6.786s] -- Up-to-date: /app/dev_ws/install/rosbridge_msgs/lib/python3.8/site-packages/rosbridge_msgs/msg
[6.788s] -- Up-to-date: /app/dev_ws/install/rosbridge_msgs/lib/python3.8/site-packages/rosbridge_msgs/msg/_connected_clients.py
[6.791s] -- Up-to-date: /app/dev_ws/install/rosbridge_msgs/lib/python3.8/site-packages/rosbridge_msgs/msg/_connected_clients_s.c
[6.796s] -- Up-to-date: /app/dev_ws/install/rosbridge_msgs/lib/python3.8/site-packages/rosbridge_msgs/msg/_connected_client.py
[6.803s] -- Up-to-date: /app/dev_ws/install/rosbridge_msgs/lib/python3.8/site-packages/rosbridge_msgs/msg/_connected_client_s.c
[6.804s] -- Up-to-date: /app/dev_ws/install/rosbridge_msgs/lib/python3.8/site-packages/rosbridge_msgs/msg/__init__.py
[6.807s] -- Up-to-date: /app/dev_ws/install/rosbridge_msgs/lib/python3.8/site-packages/rosbridge_msgs/rosbridge_msgs_s__rosidl_typesupport_fastrtps_c.cpython-38-aarch64-linux-gnu.so
[6.813s] -- Up-to-date: /app/dev_ws/install/rosbridge_msgs/lib/python3.8/site-packages/rosbridge_msgs/rosbridge_msgs_s__rosidl_typesupport_introspection_c.cpython-38-aarch64-linux-gnu.so
[6.818s] -- Up-to-date: /app/dev_ws/install/rosbridge_msgs/lib/python3.8/site-packages/rosbridge_msgs/rosbridge_msgs_s__rosidl_typesupport_c.cpython-38-aarch64-linux-gnu.so
[6.830s] -- Up-to-date: /app/dev_ws/install/rosbridge_msgs/lib/librosbridge_msgs__python.so
[6.856s] -- Up-to-date: /app/dev_ws/install/rosbridge_msgs/share/rosbridge_msgs/msg/ConnectedClient.idl
[6.870s] -- Up-to-date: /app/dev_ws/install/rosbridge_msgs/share/rosbridge_msgs/msg/ConnectedClients.idl
[6.873s] -- Up-to-date: /app/dev_ws/install/rosbridge_msgs/share/rosbridge_msgs/msg/ConnectedClient.msg
[6.874s] -- Up-to-date: /app/dev_ws/install/rosbridge_msgs/share/rosbridge_msgs/msg/ConnectedClients.msg
[6.875s] -- Up-to-date: /app/dev_ws/install/rosbridge_msgs/share/ament_index/resource_index/package_run_dependencies/rosbridge_msgs
[6.876s] -- Up-to-date: /app/dev_ws/install/rosbridge_msgs/share/ament_index/resource_index/parent_prefix_path/rosbridge_msgs
[6.876s] -- Up-to-date: /app/dev_ws/install/rosbridge_msgs/share/rosbridge_msgs/environment/ament_prefix_path.sh
[6.877s] -- Up-to-date: /app/dev_ws/install/rosbridge_msgs/share/rosbridge_msgs/environment/ament_prefix_path.dsv
[6.878s] -- Up-to-date: /app/dev_ws/install/rosbridge_msgs/share/rosbridge_msgs/environment/path.sh
[6.878s] -- Up-to-date: /app/dev_ws/install/rosbridge_msgs/share/rosbridge_msgs/environment/path.dsv
[6.879s] -- Up-to-date: /app/dev_ws/install/rosbridge_msgs/share/rosbridge_msgs/local_setup.bash
[6.881s] -- Up-to-date: /app/dev_ws/install/rosbridge_msgs/share/rosbridge_msgs/local_setup.sh
[6.881s] -- Up-to-date: /app/dev_ws/install/rosbridge_msgs/share/rosbridge_msgs/local_setup.zsh
[6.882s] -- Up-to-date: /app/dev_ws/install/rosbridge_msgs/share/rosbridge_msgs/local_setup.dsv
[6.883s] -- Installing: /app/dev_ws/install/rosbridge_msgs/share/rosbridge_msgs/package.dsv
[6.885s] -- Up-to-date: /app/dev_ws/install/rosbridge_msgs/share/ament_index/resource_index/packages/rosbridge_msgs
[6.886s] -- Up-to-date: /app/dev_ws/install/rosbridge_msgs/share/rosbridge_msgs/cmake/rosbridge_msgs__rosidl_generator_cExport.cmake
[6.889s] -- Up-to-date: /app/dev_ws/install/rosbridge_msgs/share/rosbridge_msgs/cmake/rosbridge_msgs__rosidl_generator_cExport-noconfig.cmake
[6.895s] -- Up-to-date: /app/dev_ws/install/rosbridge_msgs/share/rosbridge_msgs/cmake/rosbridge_msgs__rosidl_typesupport_introspection_cExport.cmake
[6.898s] -- Up-to-date: /app/dev_ws/install/rosbridge_msgs/share/rosbridge_msgs/cmake/rosbridge_msgs__rosidl_typesupport_introspection_cExport-noconfig.cmake
[6.901s] -- Up-to-date: /app/dev_ws/install/rosbridge_msgs/share/rosbridge_msgs/cmake/rosbridge_msgs__rosidl_typesupport_cExport.cmake
[6.905s] -- Up-to-date: /app/dev_ws/install/rosbridge_msgs/share/rosbridge_msgs/cmake/rosbridge_msgs__rosidl_typesupport_cExport-noconfig.cmake
[6.911s] -- Up-to-date: /app/dev_ws/install/rosbridge_msgs/share/rosbridge_msgs/cmake/rosbridge_msgs__rosidl_generator_cppExport.cmake
[6.917s] -- Up-to-date: /app/dev_ws/install/rosbridge_msgs/share/rosbridge_msgs/cmake/rosbridge_msgs__rosidl_typesupport_introspection_cppExport.cmake
[6.919s] -- Up-to-date: /app/dev_ws/install/rosbridge_msgs/share/rosbridge_msgs/cmake/rosbridge_msgs__rosidl_typesupport_introspection_cppExport-noconfig.cmake
[6.932s] -- Up-to-date: /app/dev_ws/install/rosbridge_msgs/share/rosbridge_msgs/cmake/rosbridge_msgs__rosidl_typesupport_cppExport.cmake
[6.934s] -- Up-to-date: /app/dev_ws/install/rosbridge_msgs/share/rosbridge_msgs/cmake/rosbridge_msgs__rosidl_typesupport_cppExport-noconfig.cmake
[6.935s] -- Up-to-date: /app/dev_ws/install/rosbridge_msgs/share/rosbridge_msgs/cmake/rosidl_cmake-extras.cmake
[6.937s] -- Up-to-date: /app/dev_ws/install/rosbridge_msgs/share/rosbridge_msgs/cmake/ament_cmake_export_dependencies-extras.cmake
[6.939s] -- Up-to-date: /app/dev_ws/install/rosbridge_msgs/share/rosbridge_msgs/cmake/ament_cmake_export_libraries-extras.cmake
[6.940s] -- Up-to-date: /app/dev_ws/install/rosbridge_msgs/share/rosbridge_msgs/cmake/ament_cmake_export_targets-extras.cmake
[6.940s] -- Up-to-date: /app/dev_ws/install/rosbridge_msgs/share/rosbridge_msgs/cmake/ament_cmake_export_include_directories-extras.cmake
[6.941s] -- Up-to-date: /app/dev_ws/install/rosbridge_msgs/share/rosbridge_msgs/cmake/rosidl_cmake_export_typesupport_libraries-extras.cmake
[6.944s] -- Up-to-date: /app/dev_ws/install/rosbridge_msgs/share/rosbridge_msgs/cmake/rosidl_cmake_export_typesupport_targets-extras.cmake
[6.945s] -- Up-to-date: /app/dev_ws/install/rosbridge_msgs/share/rosbridge_msgs/cmake/rosbridge_msgsConfig.cmake
[6.946s] -- Up-to-date: /app/dev_ws/install/rosbridge_msgs/share/rosbridge_msgs/cmake/rosbridge_msgsConfig-version.cmake
[6.946s] -- Up-to-date: /app/dev_ws/install/rosbridge_msgs/share/rosbridge_msgs/package.xml
[6.972s] Invoked command in '/app/dev_ws/build/rosbridge_msgs' returned '0': CMAKE_PREFIX_PATH=${CMAKE_PREFIX_PATH}:/app/dev_ws/install/xsens_driver:/app/dev_ws/install/ntrip_client:/app/dev_ws/install/central:/opt/ros/foxy /usr/bin/cmake --install /app/dev_ws/build/rosbridge_msgs
