[3.240s] Invoking command in '/app/dev_ws/src/cam_client': PYTHONPATH=/app/dev_ws/install/cam_client/lib/python3.8/site-packages:/app/dev_ws/install/xsens_msgs/lib/python3.8/site-packages:/app/dev_ws/install/xsens_driver/lib/python3.8/site-packages:/app/dev_ws/install/cam_client/lib/python3.8/site-packages:/opt/ros/foxy/lib/python3.8/site-packages /usr/bin/python3 setup.py egg_info --egg-base ../../build/cam_client build --build-base /app/dev_ws/build/cam_client/build install --prefix /app/dev_ws/install/cam_client --record /app/dev_ws/build/cam_client/install.log --single-version-externally-managed
[4.275s] running egg_info
[4.277s] creating ../../build/cam_client/cam_client.egg-info
[4.278s] writing ../../build/cam_client/cam_client.egg-info/PKG-INFO
[4.279s] writing dependency_links to ../../build/cam_client/cam_client.egg-info/dependency_links.txt
[4.280s] writing entry points to ../../build/cam_client/cam_client.egg-info/entry_points.txt
[4.280s] writing requirements to ../../build/cam_client/cam_client.egg-info/requires.txt
[4.281s] writing top-level names to ../../build/cam_client/cam_client.egg-info/top_level.txt
[4.294s] writing manifest file '../../build/cam_client/cam_client.egg-info/SOURCES.txt'
[4.452s] reading manifest file '../../build/cam_client/cam_client.egg-info/SOURCES.txt'
[4.455s] writing manifest file '../../build/cam_client/cam_client.egg-info/SOURCES.txt'
[4.456s] running build
[4.456s] running build_py
[4.457s] creating /app/dev_ws/build/cam_client/build
[4.458s] creating /app/dev_ws/build/cam_client/build/lib
[4.458s] creating /app/dev_ws/build/cam_client/build/lib/cam_client
[4.459s] copying cam_client/cam_client.py -> /app/dev_ws/build/cam_client/build/lib/cam_client
[4.459s] copying cam_client/__init__.py -> /app/dev_ws/build/cam_client/build/lib/cam_client
[4.460s] creating /app/dev_ws/build/cam_client/build/lib/cam_client/utils
[4.460s] copying cam_client/utils/myTIS.py -> /app/dev_ws/build/cam_client/build/lib/cam_client/utils
[4.462s] copying cam_client/utils/__init__.py -> /app/dev_ws/build/cam_client/build/lib/cam_client/utils
[4.464s] running install
[4.467s] running install_lib
[4.475s] creating /app/dev_ws/install/cam_client/lib/python3.8/site-packages/cam_client
[4.476s] copying /app/dev_ws/build/cam_client/build/lib/cam_client/cam_client.py -> /app/dev_ws/install/cam_client/lib/python3.8/site-packages/cam_client
[4.476s] creating /app/dev_ws/install/cam_client/lib/python3.8/site-packages/cam_client/utils
[4.477s] copying /app/dev_ws/build/cam_client/build/lib/cam_client/utils/myTIS.py -> /app/dev_ws/install/cam_client/lib/python3.8/site-packages/cam_client/utils
[4.478s] copying /app/dev_ws/build/cam_client/build/lib/cam_client/utils/__init__.py -> /app/dev_ws/install/cam_client/lib/python3.8/site-packages/cam_client/utils
[4.479s] copying /app/dev_ws/build/cam_client/build/lib/cam_client/__init__.py -> /app/dev_ws/install/cam_client/lib/python3.8/site-packages/cam_client
[4.481s] byte-compiling /app/dev_ws/install/cam_client/lib/python3.8/site-packages/cam_client/cam_client.py to cam_client.cpython-38.pyc
[4.491s] byte-compiling /app/dev_ws/install/cam_client/lib/python3.8/site-packages/cam_client/utils/myTIS.py to myTIS.cpython-38.pyc
[4.502s] byte-compiling /app/dev_ws/install/cam_client/lib/python3.8/site-packages/cam_client/utils/__init__.py to __init__.cpython-38.pyc
[4.504s] byte-compiling /app/dev_ws/install/cam_client/lib/python3.8/site-packages/cam_client/__init__.py to __init__.cpython-38.pyc
[4.505s] running install_data
[4.507s] creating /app/dev_ws/install/cam_client/share/ament_index
[4.508s] creating /app/dev_ws/install/cam_client/share/ament_index/resource_index
[4.508s] creating /app/dev_ws/install/cam_client/share/ament_index/resource_index/packages
[4.509s] copying resource/cam_client -> /app/dev_ws/install/cam_client/share/ament_index/resource_index/packages
[4.510s] copying package.xml -> /app/dev_ws/install/cam_client/share/cam_client
[4.510s] creating /app/dev_ws/install/cam_client/share/cam_client/launch
[4.511s] copying launch/cam_client_launch.py -> /app/dev_ws/install/cam_client/share/cam_client/launch
[4.512s] running install_egg_info
[4.519s] Copying ../../build/cam_client/cam_client.egg-info to /app/dev_ws/install/cam_client/lib/python3.8/site-packages/cam_client-0.0.0-py3.8.egg-info
[4.525s] running install_scripts
[4.609s] Installing main script to /app/dev_ws/install/cam_client/lib/cam_client
[4.611s] writing list of installed files to '/app/dev_ws/build/cam_client/install.log'
[4.720s] Invoked command in '/app/dev_ws/src/cam_client' returned '0': PYTHONPATH=/app/dev_ws/install/cam_client/lib/python3.8/site-packages:/app/dev_ws/install/xsens_msgs/lib/python3.8/site-packages:/app/dev_ws/install/xsens_driver/lib/python3.8/site-packages:/app/dev_ws/install/cam_client/lib/python3.8/site-packages:/opt/ros/foxy/lib/python3.8/site-packages /usr/bin/python3 setup.py egg_info --egg-base ../../build/cam_client build --build-base /app/dev_ws/build/cam_client/build install --prefix /app/dev_ws/install/cam_client --record /app/dev_ws/build/cam_client/install.log --single-version-externally-managed
