[3.216s] Invoking command in '/app/dev_ws/src/central': PYTHONPATH=/app/dev_ws/install/central/lib/python3.8/site-packages:${PYTHONPATH} /usr/bin/python3 setup.py egg_info --egg-base ../../build/central build --build-base /app/dev_ws/build/central/build install --prefix /app/dev_ws/install/central --record /app/dev_ws/build/central/install.log --single-version-externally-managed
[4.314s] running egg_info
[4.316s] writing ../../build/central/central.egg-info/PKG-INFO
[4.318s] writing dependency_links to ../../build/central/central.egg-info/dependency_links.txt
[4.319s] writing entry points to ../../build/central/central.egg-info/entry_points.txt
[4.319s] writing requirements to ../../build/central/central.egg-info/requires.txt
[4.320s] writing top-level names to ../../build/central/central.egg-info/top_level.txt
[4.486s] reading manifest file '../../build/central/central.egg-info/SOURCES.txt'
[4.490s] writing manifest file '../../build/central/central.egg-info/SOURCES.txt'
[4.491s] running build
[4.491s] running build_py
[4.492s] copying central/central_data.py -> /app/dev_ws/build/central/build/lib/central
[4.494s] running install
[4.498s] running install_lib
[4.503s] copying /app/dev_ws/build/central/build/lib/central/central_data.py -> /app/dev_ws/install/central/lib/python3.8/site-packages/central
[4.513s] byte-compiling /app/dev_ws/install/central/lib/python3.8/site-packages/central/central_data.py to central_data.cpython-38.pyc
[4.535s] running install_data
[4.537s] running install_egg_info
[4.545s] removing '/app/dev_ws/install/central/lib/python3.8/site-packages/central-0.0.0-py3.8.egg-info' (and everything under it)
[4.547s] Copying ../../build/central/central.egg-info to /app/dev_ws/install/central/lib/python3.8/site-packages/central-0.0.0-py3.8.egg-info
[4.553s] running install_scripts
[4.634s] Installing collect_data script to /app/dev_ws/install/central/lib/central
[4.635s] Installing config script to /app/dev_ws/install/central/lib/central
[4.637s] writing list of installed files to '/app/dev_ws/build/central/install.log'
[4.744s] Invoked command in '/app/dev_ws/src/central' returned '0': PYTHONPATH=/app/dev_ws/install/central/lib/python3.8/site-packages:${PYTHONPATH} /usr/bin/python3 setup.py egg_info --egg-base ../../build/central build --build-base /app/dev_ws/build/central/build install --prefix /app/dev_ws/install/central --record /app/dev_ws/build/central/install.log --single-version-externally-managed
