[0.743s] DEBUG:colcon:Command line arguments: ['/usr/bin/colcon', 'build', '--packages-select', 'xsens_driver']
[0.743s] DEBUG:colcon:Parsed command line arguments: Namespace(allow_overriding=[], ament_cmake_args=None, base_paths=['.'], build_base='build', catkin_cmake_args=None, catkin_skip_building_tests=False, cmake_args=None, cmake_clean_cache=False, cmake_clean_first=False, cmake_force_configure=False, cmake_target=None, cmake_target_skip_unavailable=False, continue_on_error=False, event_handlers=None, executor='parallel', ignore_user_meta=False, install_base='install', log_base=None, log_level=None, main=<bound method BuildVerb.main of <colcon_core.verb.build.BuildVerb object at 0xffff85d1a610>>, merge_install=False, metas=['./colcon.meta'], mixin=None, mixin_files=None, mixin_verb=('build',), packages_above=None, packages_above_and_dependencies=None, packages_above_depth=None, packages_end=None, packages_ignore=None, packages_ignore_regex=None, packages_select=['xsens_driver'], packages_select_build_failed=False, packages_select_by_dep=None, packages_select_regex=None, packages_select_test_failures=False, packages_skip=None, packages_skip_build_finished=False, packages_skip_by_dep=None, packages_skip_regex=None, packages_skip_test_passed=False, packages_skip_up_to=None, packages_start=None, packages_up_to=None, packages_up_to_regex=None, parallel_workers=4, paths=None, symlink_install=False, test_result_base=None, verb_extension=<colcon_core.verb.build.BuildVerb object at 0xffff85d1a610>, verb_name='build', verb_parser=<colcon_mixin.mixin.mixin_argument.MixinArgumentDecorator object at 0xffff85d1ac70>)
[0.768s] Level 1:colcon.colcon_core.package_discovery:discover_packages(colcon_meta) check parameters
[0.771s] INFO:colcon.colcon_metadata.package_discovery.colcon_meta:Using configuration from '/root/.colcon/metadata/default/Gazebo.meta'
[0.774s] INFO:colcon.colcon_metadata.package_discovery.colcon_meta:Using configuration from '/root/.colcon/metadata/default/fastrtps.meta'
[0.774s] Level 1:colcon.colcon_core.package_discovery:discover_packages(recursive) check parameters
[0.774s] Level 1:colcon.colcon_core.package_discovery:discover_packages(ignore) check parameters
[0.774s] Level 1:colcon.colcon_core.package_discovery:discover_packages(path) check parameters
[0.774s] Level 1:colcon.colcon_core.package_discovery:discover_packages(colcon_meta) discover
[0.775s] Level 1:colcon.colcon_core.package_discovery:discover_packages(recursive) discover
[0.775s] INFO:colcon.colcon_core.package_discovery:Crawling recursively for packages in '/app/dev_ws'
[0.775s] Level 1:colcon.colcon_core.package_identification:_identify(.) by extensions ['ignore', 'ignore_ament_install']
[0.776s] Level 1:colcon.colcon_core.package_identification:_identify(.) by extension 'ignore'
[0.776s] Level 1:colcon.colcon_core.package_identification:_identify(.) by extension 'ignore_ament_install'
[0.776s] Level 1:colcon.colcon_core.package_identification:_identify(.) by extensions ['colcon_pkg']
[0.776s] Level 1:colcon.colcon_core.package_identification:_identify(.) by extension 'colcon_pkg'
[0.777s] Level 1:colcon.colcon_core.package_identification:_identify(.) by extensions ['colcon_meta']
[0.777s] Level 1:colcon.colcon_core.package_identification:_identify(.) by extension 'colcon_meta'
[0.777s] Level 1:colcon.colcon_core.package_identification:_identify(.) by extensions ['ros']
[0.777s] Level 1:colcon.colcon_core.package_identification:_identify(.) by extension 'ros'
[0.826s] Level 1:colcon.colcon_core.package_identification:_identify(.) by extensions ['cmake', 'python']
[0.826s] Level 1:colcon.colcon_core.package_identification:_identify(.) by extension 'cmake'
[0.826s] Level 1:colcon.colcon_core.package_identification:_identify(.) by extension 'python'
[0.827s] Level 1:colcon.colcon_core.package_identification:_identify(.) by extensions ['python_setup_py']
[0.827s] Level 1:colcon.colcon_core.package_identification:_identify(.) by extension 'python_setup_py'
[0.827s] Level 1:colcon.colcon_core.package_identification:_identify(build) by extensions ['ignore', 'ignore_ament_install']
[0.828s] Level 1:colcon.colcon_core.package_identification:_identify(build) by extension 'ignore'
[0.828s] Level 1:colcon.colcon_core.package_identification:_identify(build) ignored
[0.829s] Level 1:colcon.colcon_core.package_identification:_identify(install) by extensions ['ignore', 'ignore_ament_install']
[0.829s] Level 1:colcon.colcon_core.package_identification:_identify(install) by extension 'ignore'
[0.829s] Level 1:colcon.colcon_core.package_identification:_identify(install) ignored
[0.830s] Level 1:colcon.colcon_core.package_identification:_identify(log) by extensions ['ignore', 'ignore_ament_install']
[0.831s] Level 1:colcon.colcon_core.package_identification:_identify(log) by extension 'ignore'
[0.831s] Level 1:colcon.colcon_core.package_identification:_identify(log) ignored
[0.831s] Level 1:colcon.colcon_core.package_identification:_identify(src) by extensions ['ignore', 'ignore_ament_install']
[0.831s] Level 1:colcon.colcon_core.package_identification:_identify(src) by extension 'ignore'
[0.832s] Level 1:colcon.colcon_core.package_identification:_identify(src) by extension 'ignore_ament_install'
[0.832s] Level 1:colcon.colcon_core.package_identification:_identify(src) by extensions ['colcon_pkg']
[0.832s] Level 1:colcon.colcon_core.package_identification:_identify(src) by extension 'colcon_pkg'
[0.832s] Level 1:colcon.colcon_core.package_identification:_identify(src) by extensions ['colcon_meta']
[0.832s] Level 1:colcon.colcon_core.package_identification:_identify(src) by extension 'colcon_meta'
[0.833s] Level 1:colcon.colcon_core.package_identification:_identify(src) by extensions ['ros']
[0.833s] Level 1:colcon.colcon_core.package_identification:_identify(src) by extension 'ros'
[0.833s] Level 1:colcon.colcon_core.package_identification:_identify(src) by extensions ['cmake', 'python']
[0.833s] Level 1:colcon.colcon_core.package_identification:_identify(src) by extension 'cmake'
[0.833s] Level 1:colcon.colcon_core.package_identification:_identify(src) by extension 'python'
[0.834s] Level 1:colcon.colcon_core.package_identification:_identify(src) by extensions ['python_setup_py']
[0.834s] Level 1:colcon.colcon_core.package_identification:_identify(src) by extension 'python_setup_py'
[0.834s] Level 1:colcon.colcon_core.package_identification:_identify(src/central) by extensions ['ignore', 'ignore_ament_install']
[0.835s] Level 1:colcon.colcon_core.package_identification:_identify(src/central) by extension 'ignore'
[0.835s] Level 1:colcon.colcon_core.package_identification:_identify(src/central) by extension 'ignore_ament_install'
[0.835s] Level 1:colcon.colcon_core.package_identification:_identify(src/central) by extensions ['colcon_pkg']
[0.835s] Level 1:colcon.colcon_core.package_identification:_identify(src/central) by extension 'colcon_pkg'
[0.835s] Level 1:colcon.colcon_core.package_identification:_identify(src/central) by extensions ['colcon_meta']
[0.836s] Level 1:colcon.colcon_core.package_identification:_identify(src/central) by extension 'colcon_meta'
[0.836s] Level 1:colcon.colcon_core.package_identification:_identify(src/central) by extensions ['ros']
[0.836s] Level 1:colcon.colcon_core.package_identification:_identify(src/central) by extension 'ros'
[0.844s] DEBUG:colcon.colcon_core.package_identification:Package 'src/central' with type 'ros.ament_python' and name 'central'
[0.845s] Level 1:colcon.colcon_core.package_identification:_identify(src/ntrip_client) by extensions ['ignore', 'ignore_ament_install']
[0.846s] Level 1:colcon.colcon_core.package_identification:_identify(src/ntrip_client) by extension 'ignore'
[0.846s] Level 1:colcon.colcon_core.package_identification:_identify(src/ntrip_client) by extension 'ignore_ament_install'
[0.846s] Level 1:colcon.colcon_core.package_identification:_identify(src/ntrip_client) by extensions ['colcon_pkg']
[0.846s] Level 1:colcon.colcon_core.package_identification:_identify(src/ntrip_client) by extension 'colcon_pkg'
[0.846s] Level 1:colcon.colcon_core.package_identification:_identify(src/ntrip_client) by extensions ['colcon_meta']
[0.847s] Level 1:colcon.colcon_core.package_identification:_identify(src/ntrip_client) by extension 'colcon_meta'
[0.847s] Level 1:colcon.colcon_core.package_identification:_identify(src/ntrip_client) by extensions ['ros']
[0.847s] Level 1:colcon.colcon_core.package_identification:_identify(src/ntrip_client) by extension 'ros'
[0.850s] DEBUG:colcon.colcon_core.package_identification:Package 'src/ntrip_client' with type 'ros.ament_python' and name 'ntrip_client'
[0.850s] Level 1:colcon.colcon_core.package_identification:_identify(src/xsens_driver) by extensions ['ignore', 'ignore_ament_install']
[0.851s] Level 1:colcon.colcon_core.package_identification:_identify(src/xsens_driver) by extension 'ignore'
[0.851s] Level 1:colcon.colcon_core.package_identification:_identify(src/xsens_driver) by extension 'ignore_ament_install'
[0.851s] Level 1:colcon.colcon_core.package_identification:_identify(src/xsens_driver) by extensions ['colcon_pkg']
[0.851s] Level 1:colcon.colcon_core.package_identification:_identify(src/xsens_driver) by extension 'colcon_pkg'
[0.852s] Level 1:colcon.colcon_core.package_identification:_identify(src/xsens_driver) by extensions ['colcon_meta']
[0.852s] Level 1:colcon.colcon_core.package_identification:_identify(src/xsens_driver) by extension 'colcon_meta'
[0.852s] Level 1:colcon.colcon_core.package_identification:_identify(src/xsens_driver) by extensions ['ros']
[0.852s] Level 1:colcon.colcon_core.package_identification:_identify(src/xsens_driver) by extension 'ros'
[0.855s] DEBUG:colcon.colcon_core.package_identification:Package 'src/xsens_driver' with type 'ros.ament_python' and name 'xsens_driver'
[0.856s] Level 1:colcon.colcon_core.package_identification:_identify(src/xsens_msgs) by extensions ['ignore', 'ignore_ament_install']
[0.857s] Level 1:colcon.colcon_core.package_identification:_identify(src/xsens_msgs) by extension 'ignore'
[0.857s] Level 1:colcon.colcon_core.package_identification:_identify(src/xsens_msgs) by extension 'ignore_ament_install'
[0.857s] Level 1:colcon.colcon_core.package_identification:_identify(src/xsens_msgs) by extensions ['colcon_pkg']
[0.857s] Level 1:colcon.colcon_core.package_identification:_identify(src/xsens_msgs) by extension 'colcon_pkg'
[0.857s] Level 1:colcon.colcon_core.package_identification:_identify(src/xsens_msgs) by extensions ['colcon_meta']
[0.857s] Level 1:colcon.colcon_core.package_identification:_identify(src/xsens_msgs) by extension 'colcon_meta'
[0.858s] Level 1:colcon.colcon_core.package_identification:_identify(src/xsens_msgs) by extensions ['ros']
[0.858s] Level 1:colcon.colcon_core.package_identification:_identify(src/xsens_msgs) by extension 'ros'
[0.861s] DEBUG:colcon.colcon_core.package_identification:Package 'src/xsens_msgs' with type 'ros.ament_cmake' and name 'xsens_msgs'
[0.861s] Level 1:colcon.colcon_core.package_discovery:discover_packages(recursive) using defaults
[0.861s] Level 1:colcon.colcon_core.package_discovery:discover_packages(ignore) discover
[0.861s] Level 1:colcon.colcon_core.package_discovery:discover_packages(ignore) using defaults
[0.861s] Level 1:colcon.colcon_core.package_discovery:discover_packages(path) discover
[0.862s] Level 1:colcon.colcon_core.package_discovery:discover_packages(path) using defaults
[0.937s] INFO:colcon.colcon_core.package_selection:Skipping not selected package 'central' in 'src/central'
[0.937s] INFO:colcon.colcon_core.package_selection:Skipping not selected package 'ntrip_client' in 'src/ntrip_client'
[0.937s] INFO:colcon.colcon_core.package_selection:Skipping not selected package 'xsens_msgs' in 'src/xsens_msgs'
[0.940s] Level 5:colcon.colcon_core.verb:set package 'xsens_driver' build argument 'cmake_args' from command line to 'None'
[0.940s] Level 5:colcon.colcon_core.verb:set package 'xsens_driver' build argument 'cmake_target' from command line to 'None'
[0.940s] Level 5:colcon.colcon_core.verb:set package 'xsens_driver' build argument 'cmake_target_skip_unavailable' from command line to 'False'
[0.940s] Level 5:colcon.colcon_core.verb:set package 'xsens_driver' build argument 'cmake_clean_cache' from command line to 'False'
[0.941s] Level 5:colcon.colcon_core.verb:set package 'xsens_driver' build argument 'cmake_clean_first' from command line to 'False'
[0.941s] Level 5:colcon.colcon_core.verb:set package 'xsens_driver' build argument 'cmake_force_configure' from command line to 'False'
[0.941s] Level 5:colcon.colcon_core.verb:set package 'xsens_driver' build argument 'ament_cmake_args' from command line to 'None'
[0.941s] Level 5:colcon.colcon_core.verb:set package 'xsens_driver' build argument 'catkin_cmake_args' from command line to 'None'
[0.941s] Level 5:colcon.colcon_core.verb:set package 'xsens_driver' build argument 'catkin_skip_building_tests' from command line to 'False'
[0.941s] DEBUG:colcon.colcon_core.verb:Building package 'xsens_driver' with the following arguments: {'ament_cmake_args': None, 'build_base': '/app/dev_ws/build/xsens_driver', 'catkin_cmake_args': None, 'catkin_skip_building_tests': False, 'cmake_args': None, 'cmake_clean_cache': False, 'cmake_clean_first': False, 'cmake_force_configure': False, 'cmake_target': None, 'cmake_target_skip_unavailable': False, 'install_base': '/app/dev_ws/install/xsens_driver', 'merge_install': False, 'path': '/app/dev_ws/src/xsens_driver', 'symlink_install': False, 'test_result_base': None}
[0.959s] INFO:colcon.colcon_core.executor:Executing jobs using 'parallel' executor
[0.967s] DEBUG:colcon.colcon_parallel_executor.executor.parallel:run_until_complete
[0.969s] INFO:colcon.colcon_ros.task.ament_python.build:Building ROS package in '/app/dev_ws/src/xsens_driver' with build type 'ament_python'
[0.969s] Level 1:colcon.colcon_core.shell:create_environment_hook('xsens_driver', 'ament_prefix_path')
[0.986s] INFO:colcon.colcon_core.plugin_system:Skipping extension 'colcon_core.shell.bat': Not used on non-Windows systems
[0.987s] INFO:colcon.colcon_core.shell:Creating environment hook '/app/dev_ws/install/xsens_driver/share/xsens_driver/hook/ament_prefix_path.ps1'
[0.989s] INFO:colcon.colcon_core.shell:Creating environment descriptor '/app/dev_ws/install/xsens_driver/share/xsens_driver/hook/ament_prefix_path.dsv'
[0.992s] INFO:colcon.colcon_core.shell:Creating environment hook '/app/dev_ws/install/xsens_driver/share/xsens_driver/hook/ament_prefix_path.sh'
[0.997s] INFO:colcon.colcon_core.shell:Skip shell extension 'powershell' for command environment: Not usable outside of PowerShell
[0.998s] DEBUG:colcon.colcon_core.shell:Skip shell extension 'dsv' for command environment
[2.051s] INFO:colcon.colcon_core.task.python.build:Building Python package in '/app/dev_ws/src/xsens_driver'
[2.054s] INFO:colcon.colcon_core.shell:Skip shell extension 'powershell' for command environment: Not usable outside of PowerShell
[2.055s] DEBUG:colcon.colcon_core.shell:Skip shell extension 'dsv' for command environment
[3.610s] DEBUG:colcon.colcon_core.event_handler.log_command:Invoking command in '/app/dev_ws/src/xsens_driver': AMENT_PREFIX_PATH=/app/dev_ws/install/xsens_msgs:${AMENT_PREFIX_PATH} CMAKE_PREFIX_PATH=/app/dev_ws/install/xsens_msgs LD_LIBRARY_PATH=/app/dev_ws/install/xsens_msgs/lib:${LD_LIBRARY_PATH} PYTHONPATH=/app/dev_ws/install/xsens_driver/lib/python3.8/site-packages:/app/dev_ws/install/xsens_msgs/lib/python3.8/site-packages:${PYTHONPATH} /usr/bin/python3 setup.py egg_info --egg-base ../../build/xsens_driver build --build-base /app/dev_ws/build/xsens_driver/build install --prefix /app/dev_ws/install/xsens_driver --record /app/dev_ws/build/xsens_driver/install.log --single-version-externally-managed
[4.920s] DEBUG:colcon.colcon_core.event_handler.log_command:Invoked command in '/app/dev_ws/src/xsens_driver' returned '0': AMENT_PREFIX_PATH=/app/dev_ws/install/xsens_msgs:${AMENT_PREFIX_PATH} CMAKE_PREFIX_PATH=/app/dev_ws/install/xsens_msgs LD_LIBRARY_PATH=/app/dev_ws/install/xsens_msgs/lib:${LD_LIBRARY_PATH} PYTHONPATH=/app/dev_ws/install/xsens_driver/lib/python3.8/site-packages:/app/dev_ws/install/xsens_msgs/lib/python3.8/site-packages:${PYTHONPATH} /usr/bin/python3 setup.py egg_info --egg-base ../../build/xsens_driver build --build-base /app/dev_ws/build/xsens_driver/build install --prefix /app/dev_ws/install/xsens_driver --record /app/dev_ws/build/xsens_driver/install.log --single-version-externally-managed
[4.938s] Level 1:colcon.colcon_core.environment:checking '/app/dev_ws/install/xsens_driver' for CMake module files
[4.941s] Level 1:colcon.colcon_core.environment:checking '/app/dev_ws/install/xsens_driver' for CMake config files
[4.946s] Level 1:colcon.colcon_core.environment:checking '/app/dev_ws/install/xsens_driver/lib'
[4.947s] Level 1:colcon.colcon_core.environment:checking '/app/dev_ws/install/xsens_driver/bin'
[4.948s] Level 1:colcon.colcon_core.environment:checking '/app/dev_ws/install/xsens_driver/lib/pkgconfig/xsens_driver.pc'
[4.948s] Level 1:colcon.colcon_core.environment:checking '/app/dev_ws/install/xsens_driver/lib/python3.8/site-packages'
[4.948s] Level 1:colcon.colcon_core.shell:create_environment_hook('xsens_driver', 'pythonpath')
[4.950s] INFO:colcon.colcon_core.shell:Creating environment hook '/app/dev_ws/install/xsens_driver/share/xsens_driver/hook/pythonpath.ps1'
[4.952s] INFO:colcon.colcon_core.shell:Creating environment descriptor '/app/dev_ws/install/xsens_driver/share/xsens_driver/hook/pythonpath.dsv'
[4.954s] INFO:colcon.colcon_core.shell:Creating environment hook '/app/dev_ws/install/xsens_driver/share/xsens_driver/hook/pythonpath.sh'
[4.956s] Level 1:colcon.colcon_core.environment:create_environment_scripts_only(xsens_driver)
[4.959s] INFO:colcon.colcon_core.shell:Creating package script '/app/dev_ws/install/xsens_driver/share/xsens_driver/package.ps1'
[4.962s] INFO:colcon.colcon_core.shell:Creating package descriptor '/app/dev_ws/install/xsens_driver/share/xsens_driver/package.dsv'
[4.965s] INFO:colcon.colcon_core.shell:Creating package script '/app/dev_ws/install/xsens_driver/share/xsens_driver/package.sh'
[4.969s] INFO:colcon.colcon_core.shell:Creating package script '/app/dev_ws/install/xsens_driver/share/xsens_driver/package.bash'
[4.972s] INFO:colcon.colcon_core.shell:Creating package script '/app/dev_ws/install/xsens_driver/share/xsens_driver/package.zsh'
[4.975s] Level 1:colcon.colcon_core.environment:create_file_with_runtime_dependencies(/app/dev_ws/install/xsens_driver/share/colcon-core/packages/xsens_driver)
[4.977s] DEBUG:colcon.colcon_parallel_executor.executor.parallel:closing loop
[4.978s] DEBUG:colcon.colcon_parallel_executor.executor.parallel:loop closed
[4.979s] DEBUG:colcon.colcon_parallel_executor.executor.parallel:run_until_complete finished with '0'
[4.979s] DEBUG:colcon.colcon_core.event_reactor:joining thread
[5.010s] INFO:colcon.colcon_core.plugin_system:Skipping extension 'colcon_notification.desktop_notification.notify_send': Could not find 'notify-send'
[5.011s] INFO:colcon.colcon_core.plugin_system:Skipping extension 'colcon_notification.desktop_notification.terminal_notifier': Not used on non-Darwin systems
[5.012s] INFO:colcon.colcon_core.plugin_system:Skipping extension 'colcon_notification.desktop_notification.win32': Not used on non-Windows systems
[5.012s] INFO:colcon.colcon_notification.desktop_notification:Sending desktop notification using 'notify2'
[5.042s] DEBUG:colcon.colcon_notification.desktop_notification.notify2:Failed to initialize notify2: org.freedesktop.DBus.Error.ServiceUnknown: The name org.freedesktop.Notifications was not provided by any .service files
[5.043s] DEBUG:colcon.colcon_core.event_reactor:joined thread
[5.048s] INFO:colcon.colcon_core.shell:Creating prefix script '/app/dev_ws/install/local_setup.ps1'
[5.059s] INFO:colcon.colcon_core.shell:Creating prefix util module '/app/dev_ws/install/_local_setup_util_ps1.py'
[5.068s] INFO:colcon.colcon_core.shell:Creating prefix chain script '/app/dev_ws/install/setup.ps1'
[5.073s] INFO:colcon.colcon_core.shell:Creating prefix script '/app/dev_ws/install/local_setup.sh'
[5.076s] INFO:colcon.colcon_core.shell:Creating prefix util module '/app/dev_ws/install/_local_setup_util_sh.py'
[5.082s] INFO:colcon.colcon_core.shell:Creating prefix chain script '/app/dev_ws/install/setup.sh'
[5.087s] INFO:colcon.colcon_core.shell:Creating prefix script '/app/dev_ws/install/local_setup.bash'
[5.090s] INFO:colcon.colcon_core.shell:Creating prefix chain script '/app/dev_ws/install/setup.bash'
[5.095s] INFO:colcon.colcon_core.shell:Creating prefix script '/app/dev_ws/install/local_setup.zsh'
[5.097s] INFO:colcon.colcon_core.shell:Creating prefix chain script '/app/dev_ws/install/setup.zsh'
