[6.097s] Invoking command in '/app/dev_ws/src/ntrip_client': PYTHONPATH=/app/dev_ws/install/ntrip_client/lib/python3.8/site-packages:${PYTHONPATH} /usr/bin/python3 setup.py egg_info --egg-base ../../build/ntrip_client build --build-base /app/dev_ws/build/ntrip_client/build install --prefix /app/dev_ws/install/ntrip_client --record /app/dev_ws/build/ntrip_client/install.log --single-version-externally-managed
[7.384s] running egg_info
[7.386s] writing ../../build/ntrip_client/ntrip_client.egg-info/PKG-INFO
[7.391s] writing dependency_links to ../../build/ntrip_client/ntrip_client.egg-info/dependency_links.txt
[7.392s] writing entry points to ../../build/ntrip_client/ntrip_client.egg-info/entry_points.txt
[7.393s] writing requirements to ../../build/ntrip_client/ntrip_client.egg-info/requires.txt
[7.394s] writing top-level names to ../../build/ntrip_client/ntrip_client.egg-info/top_level.txt
[7.585s] reading manifest file '../../build/ntrip_client/ntrip_client.egg-info/SOURCES.txt'
[7.590s] writing manifest file '../../build/ntrip_client/ntrip_client.egg-info/SOURCES.txt'
[7.592s] running build
[7.592s] running build_py
[7.602s] running install
[7.604s] running install_lib
[7.614s] running install_data
[7.618s] running install_egg_info
[7.627s] removing '/app/dev_ws/install/ntrip_client/lib/python3.8/site-packages/ntrip_client-0.0.0-py3.8.egg-info' (and everything under it)
[7.630s] Copying ../../build/ntrip_client/ntrip_client.egg-info to /app/dev_ws/install/ntrip_client/lib/python3.8/site-packages/ntrip_client-0.0.0-py3.8.egg-info
[7.638s] running install_scripts
[7.727s] Installing main script to /app/dev_ws/install/ntrip_client/lib/ntrip_client
[7.731s] writing list of installed files to '/app/dev_ws/build/ntrip_client/install.log'
[7.988s] Invoked command in '/app/dev_ws/src/ntrip_client' returned '0': PYTHONPATH=/app/dev_ws/install/ntrip_client/lib/python3.8/site-packages:${PYTHONPATH} /usr/bin/python3 setup.py egg_info --egg-base ../../build/ntrip_client build --build-base /app/dev_ws/build/ntrip_client/build install --prefix /app/dev_ws/install/ntrip_client --record /app/dev_ws/build/ntrip_client/install.log --single-version-externally-managed
