[4.582s] Invoking command in '/app/dev_ws/src/ntrip_client': PYTHONPATH=/app/dev_ws/install/ntrip_client/lib/python3.8/site-packages:${PYTHONPATH} /usr/bin/python3 setup.py egg_info --egg-base ../../build/ntrip_client build --build-base /app/dev_ws/build/ntrip_client/build install --prefix /app/dev_ws/install/ntrip_client --record /app/dev_ws/build/ntrip_client/install.log --single-version-externally-managed
[5.979s] running egg_info
[5.983s] writing ../../build/ntrip_client/ntrip_client.egg-info/PKG-INFO
[5.988s] writing dependency_links to ../../build/ntrip_client/ntrip_client.egg-info/dependency_links.txt
[5.995s] writing entry points to ../../build/ntrip_client/ntrip_client.egg-info/entry_points.txt
[5.997s] writing requirements to ../../build/ntrip_client/ntrip_client.egg-info/requires.txt
[6.000s] writing top-level names to ../../build/ntrip_client/ntrip_client.egg-info/top_level.txt
[6.260s] reading manifest file '../../build/ntrip_client/ntrip_client.egg-info/SOURCES.txt'
[6.268s] writing manifest file '../../build/ntrip_client/ntrip_client.egg-info/SOURCES.txt'
[6.272s] running build
[6.277s] running build_py
[6.287s] running install
[6.291s] running install_lib
[6.299s] running install_data
[6.305s] running install_egg_info
[6.319s] removing '/app/dev_ws/install/ntrip_client/lib/python3.8/site-packages/ntrip_client-0.0.0-py3.8.egg-info' (and everything under it)
[6.329s] Copying ../../build/ntrip_client/ntrip_client.egg-info to /app/dev_ws/install/ntrip_client/lib/python3.8/site-packages/ntrip_client-0.0.0-py3.8.egg-info
[6.341s] running install_scripts
[6.441s] Installing main script to /app/dev_ws/install/ntrip_client/lib/ntrip_client
[6.442s] writing list of installed files to '/app/dev_ws/build/ntrip_client/install.log'
[7.211s] Invoked command in '/app/dev_ws/src/ntrip_client' returned '0': PYTHONPATH=/app/dev_ws/install/ntrip_client/lib/python3.8/site-packages:${PYTHONPATH} /usr/bin/python3 setup.py egg_info --egg-base ../../build/ntrip_client build --build-base /app/dev_ws/build/ntrip_client/build install --prefix /app/dev_ws/install/ntrip_client --record /app/dev_ws/build/ntrip_client/install.log --single-version-externally-managed
