[2.675s] Invoking command in '/app/dev_ws/src/central': PYTHONPATH=/app/dev_ws/install/central/lib/python3.8/site-packages:${PYTHONPATH} /usr/bin/python3 setup.py egg_info --egg-base ../../build/central build --build-base /app/dev_ws/build/central/build install --prefix /app/dev_ws/install/central --record /app/dev_ws/build/central/install.log --single-version-externally-managed
[3.621s] running egg_info
[3.623s] writing ../../build/central/central.egg-info/PKG-INFO
[3.624s] writing dependency_links to ../../build/central/central.egg-info/dependency_links.txt
[3.625s] writing entry points to ../../build/central/central.egg-info/entry_points.txt
[3.626s] writing requirements to ../../build/central/central.egg-info/requires.txt
[3.627s] writing top-level names to ../../build/central/central.egg-info/top_level.txt
[3.782s] reading manifest file '../../build/central/central.egg-info/SOURCES.txt'
[3.786s] writing manifest file '../../build/central/central.egg-info/SOURCES.txt'
[3.787s] running build
[3.788s] running build_py
[3.788s] copying central/central_data.py -> /app/dev_ws/build/central/build/lib/central
[3.790s] running install
[3.793s] running install_lib
[3.797s] copying /app/dev_ws/build/central/build/lib/central/central_data.py -> /app/dev_ws/install/central/lib/python3.8/site-packages/central
[3.801s] byte-compiling /app/dev_ws/install/central/lib/python3.8/site-packages/central/central_data.py to central_data.cpython-38.pyc
[3.808s] running install_data
[3.810s] running install_egg_info
[3.817s] removing '/app/dev_ws/install/central/lib/python3.8/site-packages/central-0.0.0-py3.8.egg-info' (and everything under it)
[3.819s] Copying ../../build/central/central.egg-info to /app/dev_ws/install/central/lib/python3.8/site-packages/central-0.0.0-py3.8.egg-info
[3.824s] running install_scripts
[3.898s] Installing collect_data script to /app/dev_ws/install/central/lib/central
[3.899s] Installing config script to /app/dev_ws/install/central/lib/central
[3.901s] writing list of installed files to '/app/dev_ws/build/central/install.log'
[3.998s] Invoked command in '/app/dev_ws/src/central' returned '0': PYTHONPATH=/app/dev_ws/install/central/lib/python3.8/site-packages:${PYTHONPATH} /usr/bin/python3 setup.py egg_info --egg-base ../../build/central build --build-base /app/dev_ws/build/central/build install --prefix /app/dev_ws/install/central --record /app/dev_ws/build/central/install.log --single-version-externally-managed
