[2.898s] Invoking command in '/app/dev_ws/src/ntrip_client': PYTHONPATH=/app/dev_ws/install/ntrip_client/lib/python3.8/site-packages:${PYTHONPATH} /usr/bin/python3 setup.py egg_info --egg-base ../../build/ntrip_client build --build-base /app/dev_ws/build/ntrip_client/build install --prefix /app/dev_ws/install/ntrip_client --record /app/dev_ws/build/ntrip_client/install.log --single-version-externally-managed
[4.017s] running egg_info
[4.019s] writing ../../build/ntrip_client/ntrip_client.egg-info/PKG-INFO
[4.020s] writing dependency_links to ../../build/ntrip_client/ntrip_client.egg-info/dependency_links.txt
[4.022s] writing entry points to ../../build/ntrip_client/ntrip_client.egg-info/entry_points.txt
[4.023s] writing requirements to ../../build/ntrip_client/ntrip_client.egg-info/requires.txt
[4.024s] writing top-level names to ../../build/ntrip_client/ntrip_client.egg-info/top_level.txt
[4.199s] reading manifest file '../../build/ntrip_client/ntrip_client.egg-info/SOURCES.txt'
[4.203s] writing manifest file '../../build/ntrip_client/ntrip_client.egg-info/SOURCES.txt'
[4.204s] running build
[4.204s] running build_py
[4.205s] copying ntrip_client/ntrip_pub.py -> /app/dev_ws/build/ntrip_client/build/lib/ntrip_client
[4.206s] running install
[4.210s] running install_lib
[4.215s] copying /app/dev_ws/build/ntrip_client/build/lib/ntrip_client/ntrip_pub.py -> /app/dev_ws/install/ntrip_client/lib/python3.8/site-packages/ntrip_client
[4.219s] byte-compiling /app/dev_ws/install/ntrip_client/lib/python3.8/site-packages/ntrip_client/ntrip_pub.py to ntrip_pub.cpython-38.pyc
[4.230s] running install_data
[4.233s] running install_egg_info
[4.240s] removing '/app/dev_ws/install/ntrip_client/lib/python3.8/site-packages/ntrip_client-0.0.0-py3.8.egg-info' (and everything under it)
[4.242s] Copying ../../build/ntrip_client/ntrip_client.egg-info to /app/dev_ws/install/ntrip_client/lib/python3.8/site-packages/ntrip_client-0.0.0-py3.8.egg-info
[4.249s] running install_scripts
[4.328s] Installing main script to /app/dev_ws/install/ntrip_client/lib/ntrip_client
[4.330s] writing list of installed files to '/app/dev_ws/build/ntrip_client/install.log'
[4.437s] Invoked command in '/app/dev_ws/src/ntrip_client' returned '0': PYTHONPATH=/app/dev_ws/install/ntrip_client/lib/python3.8/site-packages:${PYTHONPATH} /usr/bin/python3 setup.py egg_info --egg-base ../../build/ntrip_client build --build-base /app/dev_ws/build/ntrip_client/build install --prefix /app/dev_ws/install/ntrip_client --record /app/dev_ws/build/ntrip_client/install.log --single-version-externally-managed
