[3.492s] Invoking command in '/app/dev_ws/src/central': PYTHONPATH=/app/dev_ws/install/central/lib/python3.8/site-packages:${PYTHONPATH} /usr/bin/python3 setup.py egg_info --egg-base ../../build/central build --build-base /app/dev_ws/build/central/build install --prefix /app/dev_ws/install/central --record /app/dev_ws/build/central/install.log --single-version-externally-managed
[4.633s] running egg_info
[4.635s] writing ../../build/central/central.egg-info/PKG-INFO
[4.636s] writing dependency_links to ../../build/central/central.egg-info/dependency_links.txt
[4.637s] writing entry points to ../../build/central/central.egg-info/entry_points.txt
[4.638s] writing requirements to ../../build/central/central.egg-info/requires.txt
[4.639s] writing top-level names to ../../build/central/central.egg-info/top_level.txt
[4.806s] reading manifest file '../../build/central/central.egg-info/SOURCES.txt'
[4.810s] writing manifest file '../../build/central/central.egg-info/SOURCES.txt'
[4.811s] running build
[4.811s] running build_py
[4.812s] copying central/central_data.py -> /app/dev_ws/build/central/build/lib/central
[4.815s] running install
[4.820s] running install_lib
[4.825s] copying /app/dev_ws/build/central/build/lib/central/central_data.py -> /app/dev_ws/install/central/lib/python3.8/site-packages/central
[4.830s] byte-compiling /app/dev_ws/install/central/lib/python3.8/site-packages/central/central_data.py to central_data.cpython-38.pyc
[4.857s] running install_data
[4.861s] running install_egg_info
[4.870s] removing '/app/dev_ws/install/central/lib/python3.8/site-packages/central-0.0.0-py3.8.egg-info' (and everything under it)
[4.872s] Copying ../../build/central/central.egg-info to /app/dev_ws/install/central/lib/python3.8/site-packages/central-0.0.0-py3.8.egg-info
[4.879s] running install_scripts
[4.965s] Installing collect_data script to /app/dev_ws/install/central/lib/central
[4.966s] Installing config script to /app/dev_ws/install/central/lib/central
[4.968s] writing list of installed files to '/app/dev_ws/build/central/install.log'
[5.075s] Invoked command in '/app/dev_ws/src/central' returned '0': PYTHONPATH=/app/dev_ws/install/central/lib/python3.8/site-packages:${PYTHONPATH} /usr/bin/python3 setup.py egg_info --egg-base ../../build/central build --build-base /app/dev_ws/build/central/build install --prefix /app/dev_ws/install/central --record /app/dev_ws/build/central/install.log --single-version-externally-managed
