[4.620s] Invoking command in '/app/dev_ws/src/ntrip_client': PYTHONPATH=/app/dev_ws/install/ntrip_client/lib/python3.8/site-packages:${PYTHONPATH} /usr/bin/python3 setup.py egg_info --egg-base ../../build/ntrip_client build --build-base /app/dev_ws/build/ntrip_client/build install --prefix /app/dev_ws/install/ntrip_client --record /app/dev_ws/build/ntrip_client/install.log --single-version-externally-managed
[6.341s] running egg_info
[6.345s] creating ../../build/ntrip_client/ntrip_client.egg-info
[6.346s] writing ../../build/ntrip_client/ntrip_client.egg-info/PKG-INFO
[6.349s] writing dependency_links to ../../build/ntrip_client/ntrip_client.egg-info/dependency_links.txt
[6.351s] writing entry points to ../../build/ntrip_client/ntrip_client.egg-info/entry_points.txt
[6.354s] writing requirements to ../../build/ntrip_client/ntrip_client.egg-info/requires.txt
[6.355s] writing top-level names to ../../build/ntrip_client/ntrip_client.egg-info/top_level.txt
[6.367s] writing manifest file '../../build/ntrip_client/ntrip_client.egg-info/SOURCES.txt'
[6.578s] reading manifest file '../../build/ntrip_client/ntrip_client.egg-info/SOURCES.txt'
[6.585s] writing manifest file '../../build/ntrip_client/ntrip_client.egg-info/SOURCES.txt'
[6.586s] running build
[6.587s] running build_py
[6.588s] creating /app/dev_ws/build/ntrip_client/build
[6.589s] creating /app/dev_ws/build/ntrip_client/build/lib
[6.590s] creating /app/dev_ws/build/ntrip_client/build/lib/ntrip_client
[6.591s] copying ntrip_client/__init__.py -> /app/dev_ws/build/ntrip_client/build/lib/ntrip_client
[6.592s] copying ntrip_client/ntrip_pub.py -> /app/dev_ws/build/ntrip_client/build/lib/ntrip_client
[6.595s] running install
[6.601s] running install_lib
[6.609s] creating /app/dev_ws/install/ntrip_client/lib/python3.8/site-packages/ntrip_client
[6.611s] copying /app/dev_ws/build/ntrip_client/build/lib/ntrip_client/__init__.py -> /app/dev_ws/install/ntrip_client/lib/python3.8/site-packages/ntrip_client
[6.614s] copying /app/dev_ws/build/ntrip_client/build/lib/ntrip_client/ntrip_pub.py -> /app/dev_ws/install/ntrip_client/lib/python3.8/site-packages/ntrip_client
[6.620s] byte-compiling /app/dev_ws/install/ntrip_client/lib/python3.8/site-packages/ntrip_client/__init__.py to __init__.cpython-38.pyc
[6.631s] byte-compiling /app/dev_ws/install/ntrip_client/lib/python3.8/site-packages/ntrip_client/ntrip_pub.py to ntrip_pub.cpython-38.pyc
[6.641s] running install_data
[6.645s] creating /app/dev_ws/install/ntrip_client/share/ament_index
[6.647s] creating /app/dev_ws/install/ntrip_client/share/ament_index/resource_index
[6.649s] creating /app/dev_ws/install/ntrip_client/share/ament_index/resource_index/packages
[6.651s] copying resource/ntrip_client -> /app/dev_ws/install/ntrip_client/share/ament_index/resource_index/packages
[6.655s] copying package.xml -> /app/dev_ws/install/ntrip_client/share/ntrip_client
[6.657s] running install_egg_info
[6.671s] Copying ../../build/ntrip_client/ntrip_client.egg-info to /app/dev_ws/install/ntrip_client/lib/python3.8/site-packages/ntrip_client-0.0.0-py3.8.egg-info
[6.685s] running install_scripts
[6.796s] Installing main script to /app/dev_ws/install/ntrip_client/lib/ntrip_client
[6.799s] writing list of installed files to '/app/dev_ws/build/ntrip_client/install.log'
[6.950s] Invoked command in '/app/dev_ws/src/ntrip_client' returned '0': PYTHONPATH=/app/dev_ws/install/ntrip_client/lib/python3.8/site-packages:${PYTHONPATH} /usr/bin/python3 setup.py egg_info --egg-base ../../build/ntrip_client build --build-base /app/dev_ws/build/ntrip_client/build install --prefix /app/dev_ws/install/ntrip_client --record /app/dev_ws/build/ntrip_client/install.log --single-version-externally-managed
