[0.093s] Invoking command in '/app/dev_ws/build/rosapi': CMAKE_PREFIX_PATH=/app/dev_ws/install/rosbridge_library:/app/dev_ws/install/rosapi_msgs:/app/dev_ws/install/xsens_msgs:/app/dev_ws/install/rosbridge_test_msgs:/app/dev_ws/install/rosbridge_suite:/app/dev_ws/install/rosbridge_server:/app/dev_ws/install/rosbridge_msgs:/app/dev_ws/install/rosapi:/app/dev_ws/install/xsens_driver:/app/dev_ws/install/ntrip_client:/app/dev_ws/install/central:/opt/ros/foxy LD_LIBRARY_PATH=/app/dev_ws/install/rosapi_msgs/lib:/app/dev_ws/install/xsens_msgs/lib:/app/dev_ws/install/rosbridge_test_msgs/lib:/app/dev_ws/install/rosbridge_msgs/lib:/opt/ros/foxy/opt/yaml_cpp_vendor/lib:/opt/ros/foxy/lib/aarch64-linux-gnu:/opt/ros/foxy/lib PYTHONPATH=/app/dev_ws/install/rosbridge_library/lib/python3.8/site-packages:/app/dev_ws/install/rosapi_msgs/lib/python3.8/site-packages:/app/dev_ws/install/xsens_driver/lib/python3.8/site-packages:/app/dev_ws/install/xsens_msgs/lib/python3.8/site-packages:/app/dev_ws/install/rosbridge_test_msgs/lib/python3.8/site-packages:/app/dev_ws/install/rosbridge_server/lib/python3.8/site-packages:/app/dev_ws/install/rosbridge_msgs/lib/python3.8/site-packages:/app/dev_ws/install/rosapi/lib/python3.8/site-packages:/app/dev_ws/install/ntrip_client/lib/python3.8/site-packages:/app/dev_ws/install/central/lib/python3.8/site-packages:/opt/ros/foxy/lib/python3.8/site-packages /usr/bin/cmake /app/dev_ws/src/rosbridge_suite/rosapi -DCMAKE_INSTALL_PREFIX=/app/dev_ws/install/rosapi
[0.448s] -- The C compiler identification is GNU 9.4.0
[0.745s] -- The CXX compiler identification is GNU 9.4.0
[0.769s] -- Check for working C compiler: /usr/bin/cc
[1.148s] -- Check for working C compiler: /usr/bin/cc -- works
[1.151s] -- Detecting C compiler ABI info
[1.538s] -- Detecting C compiler ABI info - done
[1.579s] -- Detecting C compile features
[1.580s] -- Detecting C compile features - done
[1.590s] -- Check for working CXX compiler: /usr/bin/c++
[2.013s] -- Check for working CXX compiler: /usr/bin/c++ -- works
[2.017s] -- Detecting CXX compiler ABI info
[2.443s] -- Detecting CXX compiler ABI info - done
[2.485s] -- Detecting CXX compile features
[2.487s] -- Detecting CXX compile features - done
[2.516s] -- Found ament_cmake_ros: 0.9.2 (/opt/ros/foxy/share/ament_cmake_ros/cmake)
[2.784s] -- Found PythonInterp: /usr/bin/python3 (found suitable version "3.8.10", minimum required is "3") 
[2.785s] -- Using PYTHON_EXECUTABLE: /usr/bin/python3
[6.845s] -- Configuring done
[6.856s] -- Generating done
[6.861s] -- Build files have been written to: /app/dev_ws/build/rosapi
[6.876s] Invoked command in '/app/dev_ws/build/rosapi' returned '0': CMAKE_PREFIX_PATH=/app/dev_ws/install/rosbridge_library:/app/dev_ws/install/rosapi_msgs:/app/dev_ws/install/xsens_msgs:/app/dev_ws/install/rosbridge_test_msgs:/app/dev_ws/install/rosbridge_suite:/app/dev_ws/install/rosbridge_server:/app/dev_ws/install/rosbridge_msgs:/app/dev_ws/install/rosapi:/app/dev_ws/install/xsens_driver:/app/dev_ws/install/ntrip_client:/app/dev_ws/install/central:/opt/ros/foxy LD_LIBRARY_PATH=/app/dev_ws/install/rosapi_msgs/lib:/app/dev_ws/install/xsens_msgs/lib:/app/dev_ws/install/rosbridge_test_msgs/lib:/app/dev_ws/install/rosbridge_msgs/lib:/opt/ros/foxy/opt/yaml_cpp_vendor/lib:/opt/ros/foxy/lib/aarch64-linux-gnu:/opt/ros/foxy/lib PYTHONPATH=/app/dev_ws/install/rosbridge_library/lib/python3.8/site-packages:/app/dev_ws/install/rosapi_msgs/lib/python3.8/site-packages:/app/dev_ws/install/xsens_driver/lib/python3.8/site-packages:/app/dev_ws/install/xsens_msgs/lib/python3.8/site-packages:/app/dev_ws/install/rosbridge_test_msgs/lib/python3.8/site-packages:/app/dev_ws/install/rosbridge_server/lib/python3.8/site-packages:/app/dev_ws/install/rosbridge_msgs/lib/python3.8/site-packages:/app/dev_ws/install/rosapi/lib/python3.8/site-packages:/app/dev_ws/install/ntrip_client/lib/python3.8/site-packages:/app/dev_ws/install/central/lib/python3.8/site-packages:/opt/ros/foxy/lib/python3.8/site-packages /usr/bin/cmake /app/dev_ws/src/rosbridge_suite/rosapi -DCMAKE_INSTALL_PREFIX=/app/dev_ws/install/rosapi
[6.886s] Invoking command in '/app/dev_ws/build/rosapi': CMAKE_PREFIX_PATH=/app/dev_ws/install/rosbridge_library:/app/dev_ws/install/rosapi_msgs:/app/dev_ws/install/xsens_msgs:/app/dev_ws/install/rosbridge_test_msgs:/app/dev_ws/install/rosbridge_suite:/app/dev_ws/install/rosbridge_server:/app/dev_ws/install/rosbridge_msgs:/app/dev_ws/install/rosapi:/app/dev_ws/install/xsens_driver:/app/dev_ws/install/ntrip_client:/app/dev_ws/install/central:/opt/ros/foxy LD_LIBRARY_PATH=/app/dev_ws/install/rosapi_msgs/lib:/app/dev_ws/install/xsens_msgs/lib:/app/dev_ws/install/rosbridge_test_msgs/lib:/app/dev_ws/install/rosbridge_msgs/lib:/opt/ros/foxy/opt/yaml_cpp_vendor/lib:/opt/ros/foxy/lib/aarch64-linux-gnu:/opt/ros/foxy/lib PYTHONPATH=/app/dev_ws/install/rosbridge_library/lib/python3.8/site-packages:/app/dev_ws/install/rosapi_msgs/lib/python3.8/site-packages:/app/dev_ws/install/xsens_driver/lib/python3.8/site-packages:/app/dev_ws/install/xsens_msgs/lib/python3.8/site-packages:/app/dev_ws/install/rosbridge_test_msgs/lib/python3.8/site-packages:/app/dev_ws/install/rosbridge_server/lib/python3.8/site-packages:/app/dev_ws/install/rosbridge_msgs/lib/python3.8/site-packages:/app/dev_ws/install/rosapi/lib/python3.8/site-packages:/app/dev_ws/install/ntrip_client/lib/python3.8/site-packages:/app/dev_ws/install/central/lib/python3.8/site-packages:/opt/ros/foxy/lib/python3.8/site-packages /usr/bin/cmake --build /app/dev_ws/build/rosapi -- -j4 -l4
[7.100s] Invoked command in '/app/dev_ws/build/rosapi' returned '0': CMAKE_PREFIX_PATH=/app/dev_ws/install/rosbridge_library:/app/dev_ws/install/rosapi_msgs:/app/dev_ws/install/xsens_msgs:/app/dev_ws/install/rosbridge_test_msgs:/app/dev_ws/install/rosbridge_suite:/app/dev_ws/install/rosbridge_server:/app/dev_ws/install/rosbridge_msgs:/app/dev_ws/install/rosapi:/app/dev_ws/install/xsens_driver:/app/dev_ws/install/ntrip_client:/app/dev_ws/install/central:/opt/ros/foxy LD_LIBRARY_PATH=/app/dev_ws/install/rosapi_msgs/lib:/app/dev_ws/install/xsens_msgs/lib:/app/dev_ws/install/rosbridge_test_msgs/lib:/app/dev_ws/install/rosbridge_msgs/lib:/opt/ros/foxy/opt/yaml_cpp_vendor/lib:/opt/ros/foxy/lib/aarch64-linux-gnu:/opt/ros/foxy/lib PYTHONPATH=/app/dev_ws/install/rosbridge_library/lib/python3.8/site-packages:/app/dev_ws/install/rosapi_msgs/lib/python3.8/site-packages:/app/dev_ws/install/xsens_driver/lib/python3.8/site-packages:/app/dev_ws/install/xsens_msgs/lib/python3.8/site-packages:/app/dev_ws/install/rosbridge_test_msgs/lib/python3.8/site-packages:/app/dev_ws/install/rosbridge_server/lib/python3.8/site-packages:/app/dev_ws/install/rosbridge_msgs/lib/python3.8/site-packages:/app/dev_ws/install/rosapi/lib/python3.8/site-packages:/app/dev_ws/install/ntrip_client/lib/python3.8/site-packages:/app/dev_ws/install/central/lib/python3.8/site-packages:/opt/ros/foxy/lib/python3.8/site-packages /usr/bin/cmake --build /app/dev_ws/build/rosapi -- -j4 -l4
[7.237s] Invoking command in '/app/dev_ws/build/rosapi': CMAKE_PREFIX_PATH=/app/dev_ws/install/rosbridge_library:/app/dev_ws/install/rosapi_msgs:/app/dev_ws/install/xsens_msgs:/app/dev_ws/install/rosbridge_test_msgs:/app/dev_ws/install/rosbridge_suite:/app/dev_ws/install/rosbridge_server:/app/dev_ws/install/rosbridge_msgs:/app/dev_ws/install/rosapi:/app/dev_ws/install/xsens_driver:/app/dev_ws/install/ntrip_client:/app/dev_ws/install/central:/opt/ros/foxy LD_LIBRARY_PATH=/app/dev_ws/install/rosapi_msgs/lib:/app/dev_ws/install/xsens_msgs/lib:/app/dev_ws/install/rosbridge_test_msgs/lib:/app/dev_ws/install/rosbridge_msgs/lib:/opt/ros/foxy/opt/yaml_cpp_vendor/lib:/opt/ros/foxy/lib/aarch64-linux-gnu:/opt/ros/foxy/lib PYTHONPATH=/app/dev_ws/install/rosbridge_library/lib/python3.8/site-packages:/app/dev_ws/install/rosapi_msgs/lib/python3.8/site-packages:/app/dev_ws/install/xsens_driver/lib/python3.8/site-packages:/app/dev_ws/install/xsens_msgs/lib/python3.8/site-packages:/app/dev_ws/install/rosbridge_test_msgs/lib/python3.8/site-packages:/app/dev_ws/install/rosbridge_server/lib/python3.8/site-packages:/app/dev_ws/install/rosbridge_msgs/lib/python3.8/site-packages:/app/dev_ws/install/rosapi/lib/python3.8/site-packages:/app/dev_ws/install/ntrip_client/lib/python3.8/site-packages:/app/dev_ws/install/central/lib/python3.8/site-packages:/opt/ros/foxy/lib/python3.8/site-packages /usr/bin/cmake --install /app/dev_ws/build/rosapi
[7.283s] -- Install configuration: ""
[7.284s] -- Installing: /app/dev_ws/install/rosapi/share/rosapi/environment/pythonpath.sh
[7.285s] -- Installing: /app/dev_ws/install/rosapi/share/rosapi/environment/pythonpath.dsv
[7.287s] -- Installing: /app/dev_ws/install/rosapi/lib/python3.8/site-packages/rosapi
[7.288s] -- Installing: /app/dev_ws/install/rosapi/lib/python3.8/site-packages/rosapi/params.py
[7.290s] -- Installing: /app/dev_ws/install/rosapi/lib/python3.8/site-packages/rosapi/objectutils.py
[7.292s] -- Installing: /app/dev_ws/install/rosapi/lib/python3.8/site-packages/rosapi/stringify_field_types.py
[7.293s] -- Installing: /app/dev_ws/install/rosapi/lib/python3.8/site-packages/rosapi/proxy.py
[7.295s] -- Installing: /app/dev_ws/install/rosapi/lib/python3.8/site-packages/rosapi/__init__.py
[7.296s] -- Installing: /app/dev_ws/install/rosapi/lib/python3.8/site-packages/rosapi/glob_helper.py
[7.497s] Listing '/app/dev_ws/install/rosapi/lib/python3.8/site-packages/rosapi'...
[7.498s] Compiling '/app/dev_ws/install/rosapi/lib/python3.8/site-packages/rosapi/__init__.py'...
[7.499s] Compiling '/app/dev_ws/install/rosapi/lib/python3.8/site-packages/rosapi/glob_helper.py'...
[7.500s] Compiling '/app/dev_ws/install/rosapi/lib/python3.8/site-packages/rosapi/objectutils.py'...
[7.501s] Compiling '/app/dev_ws/install/rosapi/lib/python3.8/site-packages/rosapi/params.py'...
[7.502s] Compiling '/app/dev_ws/install/rosapi/lib/python3.8/site-packages/rosapi/proxy.py'...
[7.503s] Compiling '/app/dev_ws/install/rosapi/lib/python3.8/site-packages/rosapi/stringify_field_types.py'...
[7.521s] -- Installing: /app/dev_ws/install/rosapi/share/ament_index/resource_index/package_run_dependencies/rosapi
[7.522s] -- Installing: /app/dev_ws/install/rosapi/share/ament_index/resource_index/parent_prefix_path/rosapi
[7.524s] -- Installing: /app/dev_ws/install/rosapi/share/rosapi/environment/ament_prefix_path.sh
[7.525s] -- Installing: /app/dev_ws/install/rosapi/share/rosapi/environment/ament_prefix_path.dsv
[7.526s] -- Installing: /app/dev_ws/install/rosapi/share/rosapi/environment/path.sh
[7.528s] -- Installing: /app/dev_ws/install/rosapi/share/rosapi/environment/path.dsv
[7.529s] -- Installing: /app/dev_ws/install/rosapi/share/rosapi/local_setup.bash
[7.530s] -- Installing: /app/dev_ws/install/rosapi/share/rosapi/local_setup.sh
[7.531s] -- Installing: /app/dev_ws/install/rosapi/share/rosapi/local_setup.zsh
[7.532s] -- Installing: /app/dev_ws/install/rosapi/share/rosapi/local_setup.dsv
[7.533s] -- Installing: /app/dev_ws/install/rosapi/share/rosapi/package.dsv
[7.535s] -- Installing: /app/dev_ws/install/rosapi/share/ament_index/resource_index/packages/rosapi
[7.536s] -- Installing: /app/dev_ws/install/rosapi/share/rosapi/cmake/rosapiConfig.cmake
[7.537s] -- Installing: /app/dev_ws/install/rosapi/share/rosapi/cmake/rosapiConfig-version.cmake
[7.539s] -- Installing: /app/dev_ws/install/rosapi/share/rosapi/package.xml
[7.540s] -- Installing: /app/dev_ws/install/rosapi/lib/rosapi/rosapi_node
[7.542s] -- Installing: /app/dev_ws/install/rosapi/share/rosapi/mapping_rules.yaml
[7.557s] Invoked command in '/app/dev_ws/build/rosapi' returned '0': CMAKE_PREFIX_PATH=/app/dev_ws/install/rosbridge_library:/app/dev_ws/install/rosapi_msgs:/app/dev_ws/install/xsens_msgs:/app/dev_ws/install/rosbridge_test_msgs:/app/dev_ws/install/rosbridge_suite:/app/dev_ws/install/rosbridge_server:/app/dev_ws/install/rosbridge_msgs:/app/dev_ws/install/rosapi:/app/dev_ws/install/xsens_driver:/app/dev_ws/install/ntrip_client:/app/dev_ws/install/central:/opt/ros/foxy LD_LIBRARY_PATH=/app/dev_ws/install/rosapi_msgs/lib:/app/dev_ws/install/xsens_msgs/lib:/app/dev_ws/install/rosbridge_test_msgs/lib:/app/dev_ws/install/rosbridge_msgs/lib:/opt/ros/foxy/opt/yaml_cpp_vendor/lib:/opt/ros/foxy/lib/aarch64-linux-gnu:/opt/ros/foxy/lib PYTHONPATH=/app/dev_ws/install/rosbridge_library/lib/python3.8/site-packages:/app/dev_ws/install/rosapi_msgs/lib/python3.8/site-packages:/app/dev_ws/install/xsens_driver/lib/python3.8/site-packages:/app/dev_ws/install/xsens_msgs/lib/python3.8/site-packages:/app/dev_ws/install/rosbridge_test_msgs/lib/python3.8/site-packages:/app/dev_ws/install/rosbridge_server/lib/python3.8/site-packages:/app/dev_ws/install/rosbridge_msgs/lib/python3.8/site-packages:/app/dev_ws/install/rosapi/lib/python3.8/site-packages:/app/dev_ws/install/ntrip_client/lib/python3.8/site-packages:/app/dev_ws/install/central/lib/python3.8/site-packages:/opt/ros/foxy/lib/python3.8/site-packages /usr/bin/cmake --install /app/dev_ws/build/rosapi
