[4.565s] Invoking command in '/app/dev_ws/src/central': PYTHONPATH=/app/dev_ws/install/central/lib/python3.8/site-packages:${PYTHONPATH} /usr/bin/python3 setup.py egg_info --egg-base ../../build/central build --build-base /app/dev_ws/build/central/build install --prefix /app/dev_ws/install/central --record /app/dev_ws/build/central/install.log --single-version-externally-managed
[5.798s] running egg_info
[5.801s] writing ../../build/central/central.egg-info/PKG-INFO
[5.802s] writing dependency_links to ../../build/central/central.egg-info/dependency_links.txt
[5.803s] writing entry points to ../../build/central/central.egg-info/entry_points.txt
[5.805s] writing requirements to ../../build/central/central.egg-info/requires.txt
[5.806s] writing top-level names to ../../build/central/central.egg-info/top_level.txt
[5.993s] reading manifest file '../../build/central/central.egg-info/SOURCES.txt'
[5.998s] writing manifest file '../../build/central/central.egg-info/SOURCES.txt'
[5.998s] running build
[6.000s] running build_py
[6.001s] running install
[6.027s] running install_lib
[6.028s] running install_data
[6.029s] running install_egg_info
[6.037s] removing '/app/dev_ws/install/central/lib/python3.8/site-packages/central-0.0.0-py3.8.egg-info' (and everything under it)
[6.037s] Copying ../../build/central/central.egg-info to /app/dev_ws/install/central/lib/python3.8/site-packages/central-0.0.0-py3.8.egg-info
[6.041s] running install_scripts
[6.138s] Installing main script to /app/dev_ws/install/central/lib/central
[6.142s] writing list of installed files to '/app/dev_ws/build/central/install.log'
