[3.213s] Invoking command in '/app/dev_ws/src/central': PYTHONPATH=/app/dev_ws/install/central/lib/python3.8/site-packages:${PYTHONPATH} /usr/bin/python3 setup.py egg_info --egg-base ../../build/central build --build-base /app/dev_ws/build/central/build install --prefix /app/dev_ws/install/central --record /app/dev_ws/build/central/install.log --single-version-externally-managed
[4.309s] running egg_info
[4.310s] writing ../../build/central/central.egg-info/PKG-INFO
[4.312s] writing dependency_links to ../../build/central/central.egg-info/dependency_links.txt
[4.313s] writing entry points to ../../build/central/central.egg-info/entry_points.txt
[4.314s] writing requirements to ../../build/central/central.egg-info/requires.txt
[4.315s] writing top-level names to ../../build/central/central.egg-info/top_level.txt
[4.477s] reading manifest file '../../build/central/central.egg-info/SOURCES.txt'
[4.481s] writing manifest file '../../build/central/central.egg-info/SOURCES.txt'
[4.482s] running build
[4.483s] running build_py
[4.483s] copying central/central_data.py -> /app/dev_ws/build/central/build/lib/central
[4.485s] running install
[4.489s] running install_lib
[4.493s] copying /app/dev_ws/build/central/build/lib/central/central_data.py -> /app/dev_ws/install/central/lib/python3.8/site-packages/central
[4.497s] byte-compiling /app/dev_ws/install/central/lib/python3.8/site-packages/central/central_data.py to central_data.cpython-38.pyc
[4.521s] running install_data
[4.523s] running install_egg_info
[4.530s] removing '/app/dev_ws/install/central/lib/python3.8/site-packages/central-0.0.0-py3.8.egg-info' (and everything under it)
[4.532s] Copying ../../build/central/central.egg-info to /app/dev_ws/install/central/lib/python3.8/site-packages/central-0.0.0-py3.8.egg-info
[4.538s] running install_scripts
[4.616s] Installing collect_data script to /app/dev_ws/install/central/lib/central
[4.617s] Installing config script to /app/dev_ws/install/central/lib/central
[4.619s] writing list of installed files to '/app/dev_ws/build/central/install.log'
[4.721s] Invoked command in '/app/dev_ws/src/central' returned '0': PYTHONPATH=/app/dev_ws/install/central/lib/python3.8/site-packages:${PYTHONPATH} /usr/bin/python3 setup.py egg_info --egg-base ../../build/central build --build-base /app/dev_ws/build/central/build install --prefix /app/dev_ws/install/central --record /app/dev_ws/build/central/install.log --single-version-externally-managed
