[2.672s] Invoking command in '/app/dev_ws/src/ntrip_client': PYTHONPATH=/app/dev_ws/install/ntrip_client/lib/python3.8/site-packages:${PYTHONPATH} /usr/bin/python3 setup.py egg_info --egg-base ../../build/ntrip_client build --build-base /app/dev_ws/build/ntrip_client/build install --prefix /app/dev_ws/install/ntrip_client --record /app/dev_ws/build/ntrip_client/install.log --single-version-externally-managed
[3.629s] running egg_info
[3.631s] writing ../../build/ntrip_client/ntrip_client.egg-info/PKG-INFO
[3.632s] writing dependency_links to ../../build/ntrip_client/ntrip_client.egg-info/dependency_links.txt
[3.633s] writing entry points to ../../build/ntrip_client/ntrip_client.egg-info/entry_points.txt
[3.634s] writing requirements to ../../build/ntrip_client/ntrip_client.egg-info/requires.txt
[3.635s] writing top-level names to ../../build/ntrip_client/ntrip_client.egg-info/top_level.txt
[3.791s] reading manifest file '../../build/ntrip_client/ntrip_client.egg-info/SOURCES.txt'
[3.795s] writing manifest file '../../build/ntrip_client/ntrip_client.egg-info/SOURCES.txt'
[3.796s] running build
[3.796s] running build_py
[3.797s] copying ntrip_client/ntrip_pub.py -> /app/dev_ws/build/ntrip_client/build/lib/ntrip_client
[3.798s] running install
[3.802s] running install_lib
[3.806s] copying /app/dev_ws/build/ntrip_client/build/lib/ntrip_client/ntrip_pub.py -> /app/dev_ws/install/ntrip_client/lib/python3.8/site-packages/ntrip_client
[3.809s] byte-compiling /app/dev_ws/install/ntrip_client/lib/python3.8/site-packages/ntrip_client/ntrip_pub.py to ntrip_pub.cpython-38.pyc
[3.820s] running install_data
[3.822s] running install_egg_info
[3.829s] removing '/app/dev_ws/install/ntrip_client/lib/python3.8/site-packages/ntrip_client-0.0.0-py3.8.egg-info' (and everything under it)
[3.830s] Copying ../../build/ntrip_client/ntrip_client.egg-info to /app/dev_ws/install/ntrip_client/lib/python3.8/site-packages/ntrip_client-0.0.0-py3.8.egg-info
[3.837s] running install_scripts
[3.910s] Installing main script to /app/dev_ws/install/ntrip_client/lib/ntrip_client
[3.912s] writing list of installed files to '/app/dev_ws/build/ntrip_client/install.log'
[4.012s] Invoked command in '/app/dev_ws/src/ntrip_client' returned '0': PYTHONPATH=/app/dev_ws/install/ntrip_client/lib/python3.8/site-packages:${PYTHONPATH} /usr/bin/python3 setup.py egg_info --egg-base ../../build/ntrip_client build --build-base /app/dev_ws/build/ntrip_client/build install --prefix /app/dev_ws/install/ntrip_client --record /app/dev_ws/build/ntrip_client/install.log --single-version-externally-managed
