[2.828s] Invoking command in '/app/dev_ws/src/central': PYTHONPATH=/app/dev_ws/install/central/lib/python3.8/site-packages:${PYTHONPATH} /usr/bin/python3 setup.py egg_info --egg-base ../../build/central build --build-base /app/dev_ws/build/central/build install --prefix /app/dev_ws/install/central --record /app/dev_ws/build/central/install.log --single-version-externally-managed
[3.778s] running egg_info
[3.780s] writing ../../build/central/central.egg-info/PKG-INFO
[3.781s] writing dependency_links to ../../build/central/central.egg-info/dependency_links.txt
[3.783s] writing entry points to ../../build/central/central.egg-info/entry_points.txt
[3.784s] writing requirements to ../../build/central/central.egg-info/requires.txt
[3.784s] writing top-level names to ../../build/central/central.egg-info/top_level.txt
[3.940s] reading manifest file '../../build/central/central.egg-info/SOURCES.txt'
[3.944s] writing manifest file '../../build/central/central.egg-info/SOURCES.txt'
[3.945s] running build
[3.945s] running build_py
[3.946s] copying central/central_data.py -> /app/dev_ws/build/central/build/lib/central
[3.948s] running install
[3.951s] running install_lib
[3.956s] copying /app/dev_ws/build/central/build/lib/central/central_data.py -> /app/dev_ws/install/central/lib/python3.8/site-packages/central
[3.960s] byte-compiling /app/dev_ws/install/central/lib/python3.8/site-packages/central/central_data.py to central_data.cpython-38.pyc
[3.967s] running install_data
[3.969s] running install_egg_info
[3.976s] removing '/app/dev_ws/install/central/lib/python3.8/site-packages/central-0.0.0-py3.8.egg-info' (and everything under it)
[3.978s] Copying ../../build/central/central.egg-info to /app/dev_ws/install/central/lib/python3.8/site-packages/central-0.0.0-py3.8.egg-info
[3.983s] running install_scripts
[4.057s] Installing collect_data script to /app/dev_ws/install/central/lib/central
[4.058s] Installing config script to /app/dev_ws/install/central/lib/central
[4.060s] writing list of installed files to '/app/dev_ws/build/central/install.log'
[4.158s] Invoked command in '/app/dev_ws/src/central' returned '0': PYTHONPATH=/app/dev_ws/install/central/lib/python3.8/site-packages:${PYTHONPATH} /usr/bin/python3 setup.py egg_info --egg-base ../../build/central build --build-base /app/dev_ws/build/central/build install --prefix /app/dev_ws/install/central --record /app/dev_ws/build/central/install.log --single-version-externally-managed
