[0.095s] Invoking command in '/app/dev_ws/build/rosbridge_server': CMAKE_PREFIX_PATH=/app/dev_ws/install/rosapi:/app/dev_ws/install/rosbridge_library:/app/dev_ws/install/rosbridge_msgs:/app/dev_ws/install/rosapi_msgs:/app/dev_ws/install/xsens_msgs:/app/dev_ws/install/rosbridge_test_msgs:/app/dev_ws/install/rosbridge_suite:/app/dev_ws/install/rosbridge_server:/app/dev_ws/install/bluespace_ai_xsens_mti_driver:/app/dev_ws/install/xsens_driver:/app/dev_ws/install/ntrip_client:/app/dev_ws/install/central:/opt/ros/foxy LD_LIBRARY_PATH=/app/dev_ws/install/rosbridge_msgs/lib:/app/dev_ws/install/rosapi_msgs/lib:/app/dev_ws/install/xsens_msgs/lib:/app/dev_ws/install/rosbridge_test_msgs/lib:/opt/ros/foxy/opt/yaml_cpp_vendor/lib:/opt/ros/foxy/lib/aarch64-linux-gnu:/opt/ros/foxy/lib PYTHONPATH=/app/dev_ws/install/rosapi/lib/python3.8/site-packages:/app/dev_ws/install/rosbridge_library/lib/python3.8/site-packages:/app/dev_ws/install/rosbridge_msgs/lib/python3.8/site-packages:/app/dev_ws/install/rosapi_msgs/lib/python3.8/site-packages:/app/dev_ws/install/xsens_driver/lib/python3.8/site-packages:/app/dev_ws/install/xsens_msgs/lib/python3.8/site-packages:/app/dev_ws/install/rosbridge_test_msgs/lib/python3.8/site-packages:/app/dev_ws/install/rosbridge_server/lib/python3.8/site-packages:/app/dev_ws/install/ntrip_client/lib/python3.8/site-packages:/app/dev_ws/install/central/lib/python3.8/site-packages:/opt/ros/foxy/lib/python3.8/site-packages /usr/bin/cmake /app/dev_ws/src/rosbridge_suite/rosbridge_server -DCMAKE_INSTALL_PREFIX=/app/dev_ws/install/rosbridge_server
[0.406s] -- The C compiler identification is GNU 9.4.0
[0.700s] -- The CXX compiler identification is GNU 9.4.0
[0.724s] -- Check for working C compiler: /usr/bin/cc
[1.105s] -- Check for working C compiler: /usr/bin/cc -- works
[1.109s] -- Detecting C compiler ABI info
[1.494s] -- Detecting C compiler ABI info - done
[1.535s] -- Detecting C compile features
[1.536s] -- Detecting C compile features - done
[1.548s] -- Check for working CXX compiler: /usr/bin/c++
[1.970s] -- Check for working CXX compiler: /usr/bin/c++ -- works
[1.974s] -- Detecting CXX compiler ABI info
[2.403s] -- Detecting CXX compiler ABI info - done
[2.446s] -- Detecting CXX compile features
[2.448s] -- Detecting CXX compile features - done
[2.480s] -- Found ament_cmake_ros: 0.9.2 (/opt/ros/foxy/share/ament_cmake_ros/cmake)
[2.767s] -- Found PythonInterp: /usr/bin/python3 (found suitable version "3.8.10", minimum required is "3") 
[2.767s] -- Using PYTHON_EXECUTABLE: /usr/bin/python3
[4.610s] -- Found launch_testing_ament_cmake: 0.10.8 (/opt/ros/foxy/share/launch_testing_ament_cmake/cmake)
[4.643s] -- Found python_cmake_module: 0.8.1 (/opt/ros/foxy/share/python_cmake_module/cmake)
[4.770s] -- Found PythonInterp: /usr/bin/python3 (found suitable version "3.8.10", minimum required is "3.5") 
[4.869s] -- Found PythonLibs: /usr/lib/aarch64-linux-gnu/libpython3.8.so (found suitable version "3.8.10", minimum required is "3.5") 
[4.869s] -- Using PYTHON_EXECUTABLE: /usr/bin/python3
[4.870s] -- Using PYTHON_INCLUDE_DIRS: /usr/include/python3.8
[4.870s] -- Using PYTHON_LIBRARIES: /usr/lib/aarch64-linux-gnu/libpython3.8.so
[5.001s] -- Found PythonExtra: .so  
[5.025s] -- Configuring done
[5.043s] -- Generating done
[5.050s] -- Build files have been written to: /app/dev_ws/build/rosbridge_server
[5.074s] Invoked command in '/app/dev_ws/build/rosbridge_server' returned '0': CMAKE_PREFIX_PATH=/app/dev_ws/install/rosapi:/app/dev_ws/install/rosbridge_library:/app/dev_ws/install/rosbridge_msgs:/app/dev_ws/install/rosapi_msgs:/app/dev_ws/install/xsens_msgs:/app/dev_ws/install/rosbridge_test_msgs:/app/dev_ws/install/rosbridge_suite:/app/dev_ws/install/rosbridge_server:/app/dev_ws/install/bluespace_ai_xsens_mti_driver:/app/dev_ws/install/xsens_driver:/app/dev_ws/install/ntrip_client:/app/dev_ws/install/central:/opt/ros/foxy LD_LIBRARY_PATH=/app/dev_ws/install/rosbridge_msgs/lib:/app/dev_ws/install/rosapi_msgs/lib:/app/dev_ws/install/xsens_msgs/lib:/app/dev_ws/install/rosbridge_test_msgs/lib:/opt/ros/foxy/opt/yaml_cpp_vendor/lib:/opt/ros/foxy/lib/aarch64-linux-gnu:/opt/ros/foxy/lib PYTHONPATH=/app/dev_ws/install/rosapi/lib/python3.8/site-packages:/app/dev_ws/install/rosbridge_library/lib/python3.8/site-packages:/app/dev_ws/install/rosbridge_msgs/lib/python3.8/site-packages:/app/dev_ws/install/rosapi_msgs/lib/python3.8/site-packages:/app/dev_ws/install/xsens_driver/lib/python3.8/site-packages:/app/dev_ws/install/xsens_msgs/lib/python3.8/site-packages:/app/dev_ws/install/rosbridge_test_msgs/lib/python3.8/site-packages:/app/dev_ws/install/rosbridge_server/lib/python3.8/site-packages:/app/dev_ws/install/ntrip_client/lib/python3.8/site-packages:/app/dev_ws/install/central/lib/python3.8/site-packages:/opt/ros/foxy/lib/python3.8/site-packages /usr/bin/cmake /app/dev_ws/src/rosbridge_suite/rosbridge_server -DCMAKE_INSTALL_PREFIX=/app/dev_ws/install/rosbridge_server
[5.088s] Invoking command in '/app/dev_ws/build/rosbridge_server': CMAKE_PREFIX_PATH=/app/dev_ws/install/rosapi:/app/dev_ws/install/rosbridge_library:/app/dev_ws/install/rosbridge_msgs:/app/dev_ws/install/rosapi_msgs:/app/dev_ws/install/xsens_msgs:/app/dev_ws/install/rosbridge_test_msgs:/app/dev_ws/install/rosbridge_suite:/app/dev_ws/install/rosbridge_server:/app/dev_ws/install/bluespace_ai_xsens_mti_driver:/app/dev_ws/install/xsens_driver:/app/dev_ws/install/ntrip_client:/app/dev_ws/install/central:/opt/ros/foxy LD_LIBRARY_PATH=/app/dev_ws/install/rosbridge_msgs/lib:/app/dev_ws/install/rosapi_msgs/lib:/app/dev_ws/install/xsens_msgs/lib:/app/dev_ws/install/rosbridge_test_msgs/lib:/opt/ros/foxy/opt/yaml_cpp_vendor/lib:/opt/ros/foxy/lib/aarch64-linux-gnu:/opt/ros/foxy/lib PYTHONPATH=/app/dev_ws/install/rosapi/lib/python3.8/site-packages:/app/dev_ws/install/rosbridge_library/lib/python3.8/site-packages:/app/dev_ws/install/rosbridge_msgs/lib/python3.8/site-packages:/app/dev_ws/install/rosapi_msgs/lib/python3.8/site-packages:/app/dev_ws/install/xsens_driver/lib/python3.8/site-packages:/app/dev_ws/install/xsens_msgs/lib/python3.8/site-packages:/app/dev_ws/install/rosbridge_test_msgs/lib/python3.8/site-packages:/app/dev_ws/install/rosbridge_server/lib/python3.8/site-packages:/app/dev_ws/install/ntrip_client/lib/python3.8/site-packages:/app/dev_ws/install/central/lib/python3.8/site-packages:/opt/ros/foxy/lib/python3.8/site-packages /usr/bin/cmake --build /app/dev_ws/build/rosbridge_server -- -j4 -l4
[5.304s] Invoked command in '/app/dev_ws/build/rosbridge_server' returned '0': CMAKE_PREFIX_PATH=/app/dev_ws/install/rosapi:/app/dev_ws/install/rosbridge_library:/app/dev_ws/install/rosbridge_msgs:/app/dev_ws/install/rosapi_msgs:/app/dev_ws/install/xsens_msgs:/app/dev_ws/install/rosbridge_test_msgs:/app/dev_ws/install/rosbridge_suite:/app/dev_ws/install/rosbridge_server:/app/dev_ws/install/bluespace_ai_xsens_mti_driver:/app/dev_ws/install/xsens_driver:/app/dev_ws/install/ntrip_client:/app/dev_ws/install/central:/opt/ros/foxy LD_LIBRARY_PATH=/app/dev_ws/install/rosbridge_msgs/lib:/app/dev_ws/install/rosapi_msgs/lib:/app/dev_ws/install/xsens_msgs/lib:/app/dev_ws/install/rosbridge_test_msgs/lib:/opt/ros/foxy/opt/yaml_cpp_vendor/lib:/opt/ros/foxy/lib/aarch64-linux-gnu:/opt/ros/foxy/lib PYTHONPATH=/app/dev_ws/install/rosapi/lib/python3.8/site-packages:/app/dev_ws/install/rosbridge_library/lib/python3.8/site-packages:/app/dev_ws/install/rosbridge_msgs/lib/python3.8/site-packages:/app/dev_ws/install/rosapi_msgs/lib/python3.8/site-packages:/app/dev_ws/install/xsens_driver/lib/python3.8/site-packages:/app/dev_ws/install/xsens_msgs/lib/python3.8/site-packages:/app/dev_ws/install/rosbridge_test_msgs/lib/python3.8/site-packages:/app/dev_ws/install/rosbridge_server/lib/python3.8/site-packages:/app/dev_ws/install/ntrip_client/lib/python3.8/site-packages:/app/dev_ws/install/central/lib/python3.8/site-packages:/opt/ros/foxy/lib/python3.8/site-packages /usr/bin/cmake --build /app/dev_ws/build/rosbridge_server -- -j4 -l4
[5.443s] Invoking command in '/app/dev_ws/build/rosbridge_server': CMAKE_PREFIX_PATH=/app/dev_ws/install/rosapi:/app/dev_ws/install/rosbridge_library:/app/dev_ws/install/rosbridge_msgs:/app/dev_ws/install/rosapi_msgs:/app/dev_ws/install/xsens_msgs:/app/dev_ws/install/rosbridge_test_msgs:/app/dev_ws/install/rosbridge_suite:/app/dev_ws/install/rosbridge_server:/app/dev_ws/install/bluespace_ai_xsens_mti_driver:/app/dev_ws/install/xsens_driver:/app/dev_ws/install/ntrip_client:/app/dev_ws/install/central:/opt/ros/foxy LD_LIBRARY_PATH=/app/dev_ws/install/rosbridge_msgs/lib:/app/dev_ws/install/rosapi_msgs/lib:/app/dev_ws/install/xsens_msgs/lib:/app/dev_ws/install/rosbridge_test_msgs/lib:/opt/ros/foxy/opt/yaml_cpp_vendor/lib:/opt/ros/foxy/lib/aarch64-linux-gnu:/opt/ros/foxy/lib PYTHONPATH=/app/dev_ws/install/rosapi/lib/python3.8/site-packages:/app/dev_ws/install/rosbridge_library/lib/python3.8/site-packages:/app/dev_ws/install/rosbridge_msgs/lib/python3.8/site-packages:/app/dev_ws/install/rosapi_msgs/lib/python3.8/site-packages:/app/dev_ws/install/xsens_driver/lib/python3.8/site-packages:/app/dev_ws/install/xsens_msgs/lib/python3.8/site-packages:/app/dev_ws/install/rosbridge_test_msgs/lib/python3.8/site-packages:/app/dev_ws/install/rosbridge_server/lib/python3.8/site-packages:/app/dev_ws/install/ntrip_client/lib/python3.8/site-packages:/app/dev_ws/install/central/lib/python3.8/site-packages:/opt/ros/foxy/lib/python3.8/site-packages /usr/bin/cmake --install /app/dev_ws/build/rosbridge_server
[5.490s] -- Install configuration: ""
[5.491s] -- Installing: /app/dev_ws/install/rosbridge_server/share/rosbridge_server/environment/pythonpath.sh
[5.492s] -- Installing: /app/dev_ws/install/rosbridge_server/share/rosbridge_server/environment/pythonpath.dsv
[5.494s] -- Installing: /app/dev_ws/install/rosbridge_server/lib/python3.8/site-packages/rosbridge_server
[5.495s] -- Installing: /app/dev_ws/install/rosbridge_server/lib/python3.8/site-packages/rosbridge_server/client_mananger.py
[5.496s] -- Installing: /app/dev_ws/install/rosbridge_server/lib/python3.8/site-packages/rosbridge_server/__init__.py
[5.497s] -- Installing: /app/dev_ws/install/rosbridge_server/lib/python3.8/site-packages/rosbridge_server/websocket_handler.py
[5.694s] Listing '/app/dev_ws/install/rosbridge_server/lib/python3.8/site-packages/rosbridge_server'...
[5.695s] Compiling '/app/dev_ws/install/rosbridge_server/lib/python3.8/site-packages/rosbridge_server/__init__.py'...
[5.696s] Compiling '/app/dev_ws/install/rosbridge_server/lib/python3.8/site-packages/rosbridge_server/client_mananger.py'...
[5.697s] Compiling '/app/dev_ws/install/rosbridge_server/lib/python3.8/site-packages/rosbridge_server/websocket_handler.py'...
[5.716s] -- Installing: /app/dev_ws/install/rosbridge_server/share/ament_index/resource_index/package_run_dependencies/rosbridge_server
[5.718s] -- Installing: /app/dev_ws/install/rosbridge_server/share/ament_index/resource_index/parent_prefix_path/rosbridge_server
[5.719s] -- Installing: /app/dev_ws/install/rosbridge_server/share/rosbridge_server/environment/ament_prefix_path.sh
[5.721s] -- Installing: /app/dev_ws/install/rosbridge_server/share/rosbridge_server/environment/ament_prefix_path.dsv
[5.722s] -- Installing: /app/dev_ws/install/rosbridge_server/share/rosbridge_server/environment/path.sh
[5.724s] -- Installing: /app/dev_ws/install/rosbridge_server/share/rosbridge_server/environment/path.dsv
[5.725s] -- Installing: /app/dev_ws/install/rosbridge_server/share/rosbridge_server/local_setup.bash
[5.727s] -- Installing: /app/dev_ws/install/rosbridge_server/share/rosbridge_server/local_setup.sh
[5.728s] -- Installing: /app/dev_ws/install/rosbridge_server/share/rosbridge_server/local_setup.zsh
[5.729s] -- Installing: /app/dev_ws/install/rosbridge_server/share/rosbridge_server/local_setup.dsv
[5.731s] -- Installing: /app/dev_ws/install/rosbridge_server/share/rosbridge_server/package.dsv
[5.732s] -- Installing: /app/dev_ws/install/rosbridge_server/share/ament_index/resource_index/packages/rosbridge_server
[5.735s] -- Installing: /app/dev_ws/install/rosbridge_server/share/rosbridge_server/cmake/rosbridge_serverConfig.cmake
[5.736s] -- Installing: /app/dev_ws/install/rosbridge_server/share/rosbridge_server/cmake/rosbridge_serverConfig-version.cmake
[5.737s] -- Installing: /app/dev_ws/install/rosbridge_server/share/rosbridge_server/package.xml
[5.739s] -- Installing: /app/dev_ws/install/rosbridge_server/lib/rosbridge_server/rosbridge_websocket.py
[5.740s] -- Installing: /app/dev_ws/install/rosbridge_server/lib/rosbridge_server/rosbridge_websocket
[5.741s] -- Installing: /app/dev_ws/install/rosbridge_server/share/rosbridge_server/launch/rosbridge_websocket_launch.xml
[5.753s] Invoked command in '/app/dev_ws/build/rosbridge_server' returned '0': CMAKE_PREFIX_PATH=/app/dev_ws/install/rosapi:/app/dev_ws/install/rosbridge_library:/app/dev_ws/install/rosbridge_msgs:/app/dev_ws/install/rosapi_msgs:/app/dev_ws/install/xsens_msgs:/app/dev_ws/install/rosbridge_test_msgs:/app/dev_ws/install/rosbridge_suite:/app/dev_ws/install/rosbridge_server:/app/dev_ws/install/bluespace_ai_xsens_mti_driver:/app/dev_ws/install/xsens_driver:/app/dev_ws/install/ntrip_client:/app/dev_ws/install/central:/opt/ros/foxy LD_LIBRARY_PATH=/app/dev_ws/install/rosbridge_msgs/lib:/app/dev_ws/install/rosapi_msgs/lib:/app/dev_ws/install/xsens_msgs/lib:/app/dev_ws/install/rosbridge_test_msgs/lib:/opt/ros/foxy/opt/yaml_cpp_vendor/lib:/opt/ros/foxy/lib/aarch64-linux-gnu:/opt/ros/foxy/lib PYTHONPATH=/app/dev_ws/install/rosapi/lib/python3.8/site-packages:/app/dev_ws/install/rosbridge_library/lib/python3.8/site-packages:/app/dev_ws/install/rosbridge_msgs/lib/python3.8/site-packages:/app/dev_ws/install/rosapi_msgs/lib/python3.8/site-packages:/app/dev_ws/install/xsens_driver/lib/python3.8/site-packages:/app/dev_ws/install/xsens_msgs/lib/python3.8/site-packages:/app/dev_ws/install/rosbridge_test_msgs/lib/python3.8/site-packages:/app/dev_ws/install/rosbridge_server/lib/python3.8/site-packages:/app/dev_ws/install/ntrip_client/lib/python3.8/site-packages:/app/dev_ws/install/central/lib/python3.8/site-packages:/opt/ros/foxy/lib/python3.8/site-packages /usr/bin/cmake --install /app/dev_ws/build/rosbridge_server
