[3.184s] Invoking command in '/app/dev_ws/src/central': PYTHONPATH=/app/dev_ws/install/central/lib/python3.8/site-packages:${PYTHONPATH} /usr/bin/python3 setup.py egg_info --egg-base ../../build/central build --build-base /app/dev_ws/build/central/build install --prefix /app/dev_ws/install/central --record /app/dev_ws/build/central/install.log --single-version-externally-managed
[4.289s] running egg_info
[4.291s] writing ../../build/central/central.egg-info/PKG-INFO
[4.292s] writing dependency_links to ../../build/central/central.egg-info/dependency_links.txt
[4.294s] writing entry points to ../../build/central/central.egg-info/entry_points.txt
[4.294s] writing requirements to ../../build/central/central.egg-info/requires.txt
[4.295s] writing top-level names to ../../build/central/central.egg-info/top_level.txt
[4.458s] reading manifest file '../../build/central/central.egg-info/SOURCES.txt'
[4.464s] writing manifest file '../../build/central/central.egg-info/SOURCES.txt'
[4.465s] running build
[4.465s] running build_py
[4.467s] running install
[4.471s] running install_lib
[4.478s] running install_data
[4.481s] running install_egg_info
[4.490s] removing '/app/dev_ws/install/central/lib/python3.8/site-packages/central-0.0.0-py3.8.egg-info' (and everything under it)
[4.492s] Copying ../../build/central/central.egg-info to /app/dev_ws/install/central/lib/python3.8/site-packages/central-0.0.0-py3.8.egg-info
[4.498s] running install_scripts
[4.577s] Installing collect_data script to /app/dev_ws/install/central/lib/central
[4.578s] Installing config script to /app/dev_ws/install/central/lib/central
[4.580s] writing list of installed files to '/app/dev_ws/build/central/install.log'
[4.684s] Invoked command in '/app/dev_ws/src/central' returned '0': PYTHONPATH=/app/dev_ws/install/central/lib/python3.8/site-packages:${PYTHONPATH} /usr/bin/python3 setup.py egg_info --egg-base ../../build/central build --build-base /app/dev_ws/build/central/build install --prefix /app/dev_ws/install/central --record /app/dev_ws/build/central/install.log --single-version-externally-managed
