[0.143s] Invoking command in '/app/dev_ws/build/rosapi': CMAKE_PREFIX_PATH=/app/dev_ws/install/rosbridge_library:/app/dev_ws/install/rosapi_msgs:/app/dev_ws/install/xsens_msgs:/app/dev_ws/install/rosbridge_test_msgs:/app/dev_ws/install/rosbridge_suite:/app/dev_ws/install/rosbridge_server:/app/dev_ws/install/rosbridge_msgs:/app/dev_ws/install/rosapi:/app/dev_ws/install/bluespace_ai_xsens_mti_driver:/opt/ros/foxy:/app/dev_ws/install/xsens_driver:/app/dev_ws/install/cam_client:/app/dev_ws/install/ntrip_client:/app/dev_ws/install/central LD_LIBRARY_PATH=/app/dev_ws/install/rosapi_msgs/lib:/opt/ros/foxy/opt/yaml_cpp_vendor/lib:/opt/ros/foxy/opt/rviz_ogre_vendor/lib:/opt/ros/foxy/lib/aarch64-linux-gnu:/opt/ros/foxy/lib:/app/dev_ws/install/xsens_msgs/lib:/app/dev_ws/install/rosbridge_test_msgs/lib:/app/dev_ws/install/rosbridge_msgs/lib PYTHONPATH=/app/dev_ws/install/rosbridge_library/lib/python3.8/site-packages:/app/dev_ws/install/rosapi_msgs/lib/python3.8/site-packages:/opt/ros/foxy/lib/python3.8/site-packages:/app/dev_ws/install/xsens_driver/lib/python3.8/site-packages:/app/dev_ws/install/cam_client/lib/python3.8/site-packages:/app/dev_ws/install/xsens_msgs/lib/python3.8/site-packages:/app/dev_ws/install/rosbridge_test_msgs/lib/python3.8/site-packages:/app/dev_ws/install/rosbridge_server/lib/python3.8/site-packages:/app/dev_ws/install/rosbridge_msgs/lib/python3.8/site-packages:/app/dev_ws/install/rosapi/lib/python3.8/site-packages:/app/dev_ws/install/ntrip_client/lib/python3.8/site-packages:/app/dev_ws/install/central/lib/python3.8/site-packages /usr/bin/cmake /app/dev_ws/src/rosbridge_suite/rosapi -DCMAKE_INSTALL_PREFIX=/app/dev_ws/install/rosapi
[0.558s] -- The C compiler identification is GNU 9.4.0
[0.903s] -- The CXX compiler identification is GNU 9.4.0
[0.932s] -- Check for working C compiler: /usr/bin/cc
[1.384s] -- Check for working C compiler: /usr/bin/cc -- works
[1.388s] -- Detecting C compiler ABI info
[1.898s] -- Detecting C compiler ABI info - done
[1.945s] -- Detecting C compile features
[1.947s] -- Detecting C compile features - done
[1.961s] -- Check for working CXX compiler: /usr/bin/c++
[2.468s] -- Check for working CXX compiler: /usr/bin/c++ -- works
[2.473s] -- Detecting CXX compiler ABI info
[2.983s] -- Detecting CXX compiler ABI info - done
[3.034s] -- Detecting CXX compile features
[3.037s] -- Detecting CXX compile features - done
[3.072s] -- Found ament_cmake_ros: 0.9.2 (/opt/ros/foxy/share/ament_cmake_ros/cmake)
[3.388s] -- Found PythonInterp: /usr/bin/python3 (found suitable version "3.8.10", minimum required is "3") 
[3.389s] -- Using PYTHON_EXECUTABLE: /usr/bin/python3
[8.292s] -- Configuring done
[8.308s] -- Generating done
[8.314s] -- Build files have been written to: /app/dev_ws/build/rosapi
[8.331s] Invoked command in '/app/dev_ws/build/rosapi' returned '0': CMAKE_PREFIX_PATH=/app/dev_ws/install/rosbridge_library:/app/dev_ws/install/rosapi_msgs:/app/dev_ws/install/xsens_msgs:/app/dev_ws/install/rosbridge_test_msgs:/app/dev_ws/install/rosbridge_suite:/app/dev_ws/install/rosbridge_server:/app/dev_ws/install/rosbridge_msgs:/app/dev_ws/install/rosapi:/app/dev_ws/install/bluespace_ai_xsens_mti_driver:/opt/ros/foxy:/app/dev_ws/install/xsens_driver:/app/dev_ws/install/cam_client:/app/dev_ws/install/ntrip_client:/app/dev_ws/install/central LD_LIBRARY_PATH=/app/dev_ws/install/rosapi_msgs/lib:/opt/ros/foxy/opt/yaml_cpp_vendor/lib:/opt/ros/foxy/opt/rviz_ogre_vendor/lib:/opt/ros/foxy/lib/aarch64-linux-gnu:/opt/ros/foxy/lib:/app/dev_ws/install/xsens_msgs/lib:/app/dev_ws/install/rosbridge_test_msgs/lib:/app/dev_ws/install/rosbridge_msgs/lib PYTHONPATH=/app/dev_ws/install/rosbridge_library/lib/python3.8/site-packages:/app/dev_ws/install/rosapi_msgs/lib/python3.8/site-packages:/opt/ros/foxy/lib/python3.8/site-packages:/app/dev_ws/install/xsens_driver/lib/python3.8/site-packages:/app/dev_ws/install/cam_client/lib/python3.8/site-packages:/app/dev_ws/install/xsens_msgs/lib/python3.8/site-packages:/app/dev_ws/install/rosbridge_test_msgs/lib/python3.8/site-packages:/app/dev_ws/install/rosbridge_server/lib/python3.8/site-packages:/app/dev_ws/install/rosbridge_msgs/lib/python3.8/site-packages:/app/dev_ws/install/rosapi/lib/python3.8/site-packages:/app/dev_ws/install/ntrip_client/lib/python3.8/site-packages:/app/dev_ws/install/central/lib/python3.8/site-packages /usr/bin/cmake /app/dev_ws/src/rosbridge_suite/rosapi -DCMAKE_INSTALL_PREFIX=/app/dev_ws/install/rosapi
[8.343s] Invoking command in '/app/dev_ws/build/rosapi': CMAKE_PREFIX_PATH=/app/dev_ws/install/rosbridge_library:/app/dev_ws/install/rosapi_msgs:/app/dev_ws/install/xsens_msgs:/app/dev_ws/install/rosbridge_test_msgs:/app/dev_ws/install/rosbridge_suite:/app/dev_ws/install/rosbridge_server:/app/dev_ws/install/rosbridge_msgs:/app/dev_ws/install/rosapi:/app/dev_ws/install/bluespace_ai_xsens_mti_driver:/opt/ros/foxy:/app/dev_ws/install/xsens_driver:/app/dev_ws/install/cam_client:/app/dev_ws/install/ntrip_client:/app/dev_ws/install/central LD_LIBRARY_PATH=/app/dev_ws/install/rosapi_msgs/lib:/opt/ros/foxy/opt/yaml_cpp_vendor/lib:/opt/ros/foxy/opt/rviz_ogre_vendor/lib:/opt/ros/foxy/lib/aarch64-linux-gnu:/opt/ros/foxy/lib:/app/dev_ws/install/xsens_msgs/lib:/app/dev_ws/install/rosbridge_test_msgs/lib:/app/dev_ws/install/rosbridge_msgs/lib PYTHONPATH=/app/dev_ws/install/rosbridge_library/lib/python3.8/site-packages:/app/dev_ws/install/rosapi_msgs/lib/python3.8/site-packages:/opt/ros/foxy/lib/python3.8/site-packages:/app/dev_ws/install/xsens_driver/lib/python3.8/site-packages:/app/dev_ws/install/cam_client/lib/python3.8/site-packages:/app/dev_ws/install/xsens_msgs/lib/python3.8/site-packages:/app/dev_ws/install/rosbridge_test_msgs/lib/python3.8/site-packages:/app/dev_ws/install/rosbridge_server/lib/python3.8/site-packages:/app/dev_ws/install/rosbridge_msgs/lib/python3.8/site-packages:/app/dev_ws/install/rosapi/lib/python3.8/site-packages:/app/dev_ws/install/ntrip_client/lib/python3.8/site-packages:/app/dev_ws/install/central/lib/python3.8/site-packages /usr/bin/cmake --build /app/dev_ws/build/rosapi -- -j4 -l4
[8.597s] Invoked command in '/app/dev_ws/build/rosapi' returned '0': CMAKE_PREFIX_PATH=/app/dev_ws/install/rosbridge_library:/app/dev_ws/install/rosapi_msgs:/app/dev_ws/install/xsens_msgs:/app/dev_ws/install/rosbridge_test_msgs:/app/dev_ws/install/rosbridge_suite:/app/dev_ws/install/rosbridge_server:/app/dev_ws/install/rosbridge_msgs:/app/dev_ws/install/rosapi:/app/dev_ws/install/bluespace_ai_xsens_mti_driver:/opt/ros/foxy:/app/dev_ws/install/xsens_driver:/app/dev_ws/install/cam_client:/app/dev_ws/install/ntrip_client:/app/dev_ws/install/central LD_LIBRARY_PATH=/app/dev_ws/install/rosapi_msgs/lib:/opt/ros/foxy/opt/yaml_cpp_vendor/lib:/opt/ros/foxy/opt/rviz_ogre_vendor/lib:/opt/ros/foxy/lib/aarch64-linux-gnu:/opt/ros/foxy/lib:/app/dev_ws/install/xsens_msgs/lib:/app/dev_ws/install/rosbridge_test_msgs/lib:/app/dev_ws/install/rosbridge_msgs/lib PYTHONPATH=/app/dev_ws/install/rosbridge_library/lib/python3.8/site-packages:/app/dev_ws/install/rosapi_msgs/lib/python3.8/site-packages:/opt/ros/foxy/lib/python3.8/site-packages:/app/dev_ws/install/xsens_driver/lib/python3.8/site-packages:/app/dev_ws/install/cam_client/lib/python3.8/site-packages:/app/dev_ws/install/xsens_msgs/lib/python3.8/site-packages:/app/dev_ws/install/rosbridge_test_msgs/lib/python3.8/site-packages:/app/dev_ws/install/rosbridge_server/lib/python3.8/site-packages:/app/dev_ws/install/rosbridge_msgs/lib/python3.8/site-packages:/app/dev_ws/install/rosapi/lib/python3.8/site-packages:/app/dev_ws/install/ntrip_client/lib/python3.8/site-packages:/app/dev_ws/install/central/lib/python3.8/site-packages /usr/bin/cmake --build /app/dev_ws/build/rosapi -- -j4 -l4
[8.767s] Invoking command in '/app/dev_ws/build/rosapi': CMAKE_PREFIX_PATH=/app/dev_ws/install/rosbridge_library:/app/dev_ws/install/rosapi_msgs:/app/dev_ws/install/xsens_msgs:/app/dev_ws/install/rosbridge_test_msgs:/app/dev_ws/install/rosbridge_suite:/app/dev_ws/install/rosbridge_server:/app/dev_ws/install/rosbridge_msgs:/app/dev_ws/install/rosapi:/app/dev_ws/install/bluespace_ai_xsens_mti_driver:/opt/ros/foxy:/app/dev_ws/install/xsens_driver:/app/dev_ws/install/cam_client:/app/dev_ws/install/ntrip_client:/app/dev_ws/install/central LD_LIBRARY_PATH=/app/dev_ws/install/rosapi_msgs/lib:/opt/ros/foxy/opt/yaml_cpp_vendor/lib:/opt/ros/foxy/opt/rviz_ogre_vendor/lib:/opt/ros/foxy/lib/aarch64-linux-gnu:/opt/ros/foxy/lib:/app/dev_ws/install/xsens_msgs/lib:/app/dev_ws/install/rosbridge_test_msgs/lib:/app/dev_ws/install/rosbridge_msgs/lib PYTHONPATH=/app/dev_ws/install/rosbridge_library/lib/python3.8/site-packages:/app/dev_ws/install/rosapi_msgs/lib/python3.8/site-packages:/opt/ros/foxy/lib/python3.8/site-packages:/app/dev_ws/install/xsens_driver/lib/python3.8/site-packages:/app/dev_ws/install/cam_client/lib/python3.8/site-packages:/app/dev_ws/install/xsens_msgs/lib/python3.8/site-packages:/app/dev_ws/install/rosbridge_test_msgs/lib/python3.8/site-packages:/app/dev_ws/install/rosbridge_server/lib/python3.8/site-packages:/app/dev_ws/install/rosbridge_msgs/lib/python3.8/site-packages:/app/dev_ws/install/rosapi/lib/python3.8/site-packages:/app/dev_ws/install/ntrip_client/lib/python3.8/site-packages:/app/dev_ws/install/central/lib/python3.8/site-packages /usr/bin/cmake --install /app/dev_ws/build/rosapi
[8.824s] -- Install configuration: ""
[8.825s] -- Installing: /app/dev_ws/install/rosapi/share/rosapi/environment/pythonpath.sh
[8.827s] -- Installing: /app/dev_ws/install/rosapi/share/rosapi/environment/pythonpath.dsv
[8.828s] -- Installing: /app/dev_ws/install/rosapi/lib/python3.8/site-packages/rosapi
[8.829s] -- Installing: /app/dev_ws/install/rosapi/lib/python3.8/site-packages/rosapi/params.py
[8.832s] -- Installing: /app/dev_ws/install/rosapi/lib/python3.8/site-packages/rosapi/objectutils.py
[8.844s] -- Installing: /app/dev_ws/install/rosapi/lib/python3.8/site-packages/rosapi/stringify_field_types.py
[8.847s] -- Installing: /app/dev_ws/install/rosapi/lib/python3.8/site-packages/rosapi/proxy.py
[8.849s] -- Installing: /app/dev_ws/install/rosapi/lib/python3.8/site-packages/rosapi/__init__.py
[8.850s] -- Installing: /app/dev_ws/install/rosapi/lib/python3.8/site-packages/rosapi/glob_helper.py
[9.097s] Listing '/app/dev_ws/install/rosapi/lib/python3.8/site-packages/rosapi'...
[9.098s] Compiling '/app/dev_ws/install/rosapi/lib/python3.8/site-packages/rosapi/__init__.py'...
[9.100s] Compiling '/app/dev_ws/install/rosapi/lib/python3.8/site-packages/rosapi/glob_helper.py'...
[9.101s] Compiling '/app/dev_ws/install/rosapi/lib/python3.8/site-packages/rosapi/objectutils.py'...
[9.102s] Compiling '/app/dev_ws/install/rosapi/lib/python3.8/site-packages/rosapi/params.py'...
[9.103s] Compiling '/app/dev_ws/install/rosapi/lib/python3.8/site-packages/rosapi/proxy.py'...
[9.104s] Compiling '/app/dev_ws/install/rosapi/lib/python3.8/site-packages/rosapi/stringify_field_types.py'...
[9.124s] -- Installing: /app/dev_ws/install/rosapi/share/ament_index/resource_index/package_run_dependencies/rosapi
[9.126s] -- Installing: /app/dev_ws/install/rosapi/share/ament_index/resource_index/parent_prefix_path/rosapi
[9.128s] -- Installing: /app/dev_ws/install/rosapi/share/rosapi/environment/ament_prefix_path.sh
[9.130s] -- Installing: /app/dev_ws/install/rosapi/share/rosapi/environment/ament_prefix_path.dsv
[9.131s] -- Installing: /app/dev_ws/install/rosapi/share/rosapi/environment/path.sh
[9.133s] -- Installing: /app/dev_ws/install/rosapi/share/rosapi/environment/path.dsv
[9.135s] -- Installing: /app/dev_ws/install/rosapi/share/rosapi/local_setup.bash
[9.136s] -- Installing: /app/dev_ws/install/rosapi/share/rosapi/local_setup.sh
[9.138s] -- Installing: /app/dev_ws/install/rosapi/share/rosapi/local_setup.zsh
[9.139s] -- Installing: /app/dev_ws/install/rosapi/share/rosapi/local_setup.dsv
[9.141s] -- Installing: /app/dev_ws/install/rosapi/share/rosapi/package.dsv
[9.143s] -- Installing: /app/dev_ws/install/rosapi/share/ament_index/resource_index/packages/rosapi
[9.145s] -- Installing: /app/dev_ws/install/rosapi/share/rosapi/cmake/rosapiConfig.cmake
[9.146s] -- Installing: /app/dev_ws/install/rosapi/share/rosapi/cmake/rosapiConfig-version.cmake
[9.148s] -- Installing: /app/dev_ws/install/rosapi/share/rosapi/package.xml
[9.149s] -- Installing: /app/dev_ws/install/rosapi/lib/rosapi/rosapi_node
[9.152s] -- Installing: /app/dev_ws/install/rosapi/share/rosapi/mapping_rules.yaml
[9.167s] Invoked command in '/app/dev_ws/build/rosapi' returned '0': CMAKE_PREFIX_PATH=/app/dev_ws/install/rosbridge_library:/app/dev_ws/install/rosapi_msgs:/app/dev_ws/install/xsens_msgs:/app/dev_ws/install/rosbridge_test_msgs:/app/dev_ws/install/rosbridge_suite:/app/dev_ws/install/rosbridge_server:/app/dev_ws/install/rosbridge_msgs:/app/dev_ws/install/rosapi:/app/dev_ws/install/bluespace_ai_xsens_mti_driver:/opt/ros/foxy:/app/dev_ws/install/xsens_driver:/app/dev_ws/install/cam_client:/app/dev_ws/install/ntrip_client:/app/dev_ws/install/central LD_LIBRARY_PATH=/app/dev_ws/install/rosapi_msgs/lib:/opt/ros/foxy/opt/yaml_cpp_vendor/lib:/opt/ros/foxy/opt/rviz_ogre_vendor/lib:/opt/ros/foxy/lib/aarch64-linux-gnu:/opt/ros/foxy/lib:/app/dev_ws/install/xsens_msgs/lib:/app/dev_ws/install/rosbridge_test_msgs/lib:/app/dev_ws/install/rosbridge_msgs/lib PYTHONPATH=/app/dev_ws/install/rosbridge_library/lib/python3.8/site-packages:/app/dev_ws/install/rosapi_msgs/lib/python3.8/site-packages:/opt/ros/foxy/lib/python3.8/site-packages:/app/dev_ws/install/xsens_driver/lib/python3.8/site-packages:/app/dev_ws/install/cam_client/lib/python3.8/site-packages:/app/dev_ws/install/xsens_msgs/lib/python3.8/site-packages:/app/dev_ws/install/rosbridge_test_msgs/lib/python3.8/site-packages:/app/dev_ws/install/rosbridge_server/lib/python3.8/site-packages:/app/dev_ws/install/rosbridge_msgs/lib/python3.8/site-packages:/app/dev_ws/install/rosapi/lib/python3.8/site-packages:/app/dev_ws/install/ntrip_client/lib/python3.8/site-packages:/app/dev_ws/install/central/lib/python3.8/site-packages /usr/bin/cmake --install /app/dev_ws/build/rosapi
