[4.798s] Invoking command in '/app/dev_ws/src/central': PYTHONPATH=/app/dev_ws/install/central/lib/python3.8/site-packages:${PYTHONPATH} /usr/bin/python3 setup.py egg_info --egg-base ../../build/central build --build-base /app/dev_ws/build/central/build install --prefix /app/dev_ws/install/central --record /app/dev_ws/build/central/install.log --single-version-externally-managed
[5.996s] running egg_info
[5.999s] writing ../../build/central/central.egg-info/PKG-INFO
[6.000s] writing dependency_links to ../../build/central/central.egg-info/dependency_links.txt
[6.002s] writing entry points to ../../build/central/central.egg-info/entry_points.txt
[6.004s] writing requirements to ../../build/central/central.egg-info/requires.txt
[6.005s] writing top-level names to ../../build/central/central.egg-info/top_level.txt
[6.213s] reading manifest file '../../build/central/central.egg-info/SOURCES.txt'
[6.218s] writing manifest file '../../build/central/central.egg-info/SOURCES.txt'
[6.221s] running build
[6.222s] running build_py
[6.235s] running install
[6.236s] running install_lib
[6.250s] running install_data
[6.252s] running install_egg_info
[6.257s] removing '/app/dev_ws/install/central/lib/python3.8/site-packages/central-0.0.0-py3.8.egg-info' (and everything under it)
[6.267s] Copying ../../build/central/central.egg-info to /app/dev_ws/install/central/lib/python3.8/site-packages/central-0.0.0-py3.8.egg-info
[6.276s] running install_scripts
[6.399s] Installing main script to /app/dev_ws/install/central/lib/central
[6.402s] writing list of installed files to '/app/dev_ws/build/central/install.log'
[7.485s] Invoked command in '/app/dev_ws/src/central' returned '0': PYTHONPATH=/app/dev_ws/install/central/lib/python3.8/site-packages:${PYTHONPATH} /usr/bin/python3 setup.py egg_info --egg-base ../../build/central build --build-base /app/dev_ws/build/central/build install --prefix /app/dev_ws/install/central --record /app/dev_ws/build/central/install.log --single-version-externally-managed
