[3.220s] Invoking command in '/app/dev_ws/src/central': PYTHONPATH=/app/dev_ws/install/central/lib/python3.8/site-packages:${PYTHONPATH} /usr/bin/python3 setup.py egg_info --egg-base ../../build/central build --build-base /app/dev_ws/build/central/build install --prefix /app/dev_ws/install/central --record /app/dev_ws/build/central/install.log --single-version-externally-managed
[4.350s] running egg_info
[4.352s] writing ../../build/central/central.egg-info/PKG-INFO
[4.353s] writing dependency_links to ../../build/central/central.egg-info/dependency_links.txt
[4.354s] writing entry points to ../../build/central/central.egg-info/entry_points.txt
[4.355s] writing requirements to ../../build/central/central.egg-info/requires.txt
[4.356s] writing top-level names to ../../build/central/central.egg-info/top_level.txt
[4.521s] reading manifest file '../../build/central/central.egg-info/SOURCES.txt'
[4.525s] writing manifest file '../../build/central/central.egg-info/SOURCES.txt'
[4.526s] running build
[4.527s] running build_py
[4.527s] copying central/central_data.py -> /app/dev_ws/build/central/build/lib/central
[4.529s] running install
[4.533s] running install_lib
[4.537s] copying /app/dev_ws/build/central/build/lib/central/central_data.py -> /app/dev_ws/install/central/lib/python3.8/site-packages/central
[4.541s] byte-compiling /app/dev_ws/install/central/lib/python3.8/site-packages/central/central_data.py to central_data.cpython-38.pyc
[4.546s]   File "/app/dev_ws/install/central/lib/python3.8/site-packages/central/central_data.py", line 71
[4.547s]     def kalman_filter_1 (data)
[4.547s]                              ^
[4.548s] SyntaxError: invalid syntax
[4.548s] 
[4.549s] running install_data
[4.549s] running install_egg_info
[4.557s] removing '/app/dev_ws/install/central/lib/python3.8/site-packages/central-0.0.0-py3.8.egg-info' (and everything under it)
[4.559s] Copying ../../build/central/central.egg-info to /app/dev_ws/install/central/lib/python3.8/site-packages/central-0.0.0-py3.8.egg-info
[4.565s] running install_scripts
[4.646s] Installing collect_data script to /app/dev_ws/install/central/lib/central
[4.648s] Installing config script to /app/dev_ws/install/central/lib/central
[4.649s] writing list of installed files to '/app/dev_ws/build/central/install.log'
[4.754s] Invoked command in '/app/dev_ws/src/central' returned '0': PYTHONPATH=/app/dev_ws/install/central/lib/python3.8/site-packages:${PYTHONPATH} /usr/bin/python3 setup.py egg_info --egg-base ../../build/central build --build-base /app/dev_ws/build/central/build install --prefix /app/dev_ws/install/central --record /app/dev_ws/build/central/install.log --single-version-externally-managed
