[3.293s] Invoking command in '/app/dev_ws/src/xsens_driver': LD_LIBRARY_PATH=/app/dev_ws/install/xsens_msgs/lib:/opt/ros/foxy/opt/yaml_cpp_vendor/lib:/opt/ros/foxy/opt/rviz_ogre_vendor/lib:/opt/ros/foxy/lib/aarch64-linux-gnu:/opt/ros/foxy/lib:/app/dev_ws/install/rosbridge_test_msgs/lib:/app/dev_ws/install/rosbridge_msgs/lib:/app/dev_ws/install/rosapi_msgs/lib:/app/dev_ws/tiscamera/build/src/v4l2:/app/dev_ws/tiscamera/build/src/aravis:/app/dev_ws/tiscamera/build/src/libusb:/app/dev_ws/tiscamera/build/src/gobject:/app/dev_ws/tiscamera/build/src/gstreamer-1.0 PYTHONPATH=/app/dev_ws/install/xsens_driver/lib/python3.8/site-packages:/app/dev_ws/install/xsens_msgs/lib/python3.8/site-packages:/opt/ros/foxy/lib/python3.8/site-packages:/app/dev_ws/install/xsens_driver/lib/python3.8/site-packages:/app/dev_ws/install/cam_client/lib/python3.8/site-packages:/app/dev_ws/install/rosbridge_test_msgs/lib/python3.8/site-packages:/app/dev_ws/install/rosbridge_server/lib/python3.8/site-packages:/app/dev_ws/install/rosbridge_msgs/lib/python3.8/site-packages:/app/dev_ws/install/rosapi/lib/python3.8/site-packages:/app/dev_ws/install/rosbridge_library/lib/python3.8/site-packages:/app/dev_ws/install/rosapi_msgs/lib/python3.8/site-packages:/app/dev_ws/install/ntrip_client/lib/python3.8/site-packages:/app/dev_ws/install/central/lib/python3.8/site-packages /usr/bin/python3 setup.py egg_info --egg-base ../../build/xsens_driver build --build-base /app/dev_ws/build/xsens_driver/build install --prefix /app/dev_ws/install/xsens_driver --record /app/dev_ws/build/xsens_driver/install.log --single-version-externally-managed
[4.429s] running egg_info
[4.431s] writing ../../build/xsens_driver/xsens_driver.egg-info/PKG-INFO
[4.433s] writing dependency_links to ../../build/xsens_driver/xsens_driver.egg-info/dependency_links.txt
[4.434s] writing entry points to ../../build/xsens_driver/xsens_driver.egg-info/entry_points.txt
[4.435s] writing requirements to ../../build/xsens_driver/xsens_driver.egg-info/requires.txt
[4.436s] writing top-level names to ../../build/xsens_driver/xsens_driver.egg-info/top_level.txt
[4.605s] reading manifest file '../../build/xsens_driver/xsens_driver.egg-info/SOURCES.txt'
[4.610s] writing manifest file '../../build/xsens_driver/xsens_driver.egg-info/SOURCES.txt'
[4.611s] running build
[4.612s] running build_py
[4.613s] copying xsens_driver/xsens_measure.py -> /app/dev_ws/build/xsens_driver/build/lib/xsens_driver
[4.614s] copying xsens_driver/utils/mtdevice.py -> /app/dev_ws/build/xsens_driver/build/lib/xsens_driver/utils
[4.617s] running install
[4.621s] running install_lib
[4.626s] copying /app/dev_ws/build/xsens_driver/build/lib/xsens_driver/xsens_measure.py -> /app/dev_ws/install/xsens_driver/lib/python3.8/site-packages/xsens_driver
[4.627s] copying /app/dev_ws/build/xsens_driver/build/lib/xsens_driver/utils/mtdevice.py -> /app/dev_ws/install/xsens_driver/lib/python3.8/site-packages/xsens_driver/utils
[4.632s] byte-compiling /app/dev_ws/install/xsens_driver/lib/python3.8/site-packages/xsens_driver/xsens_measure.py to xsens_measure.cpython-38.pyc
[4.646s] byte-compiling /app/dev_ws/install/xsens_driver/lib/python3.8/site-packages/xsens_driver/utils/mtdevice.py to mtdevice.cpython-38.pyc
[4.681s] running install_data
[4.684s] running install_egg_info
[4.691s] removing '/app/dev_ws/install/xsens_driver/lib/python3.8/site-packages/xsens_driver-0.0.0-py3.8.egg-info' (and everything under it)
[4.693s] Copying ../../build/xsens_driver/xsens_driver.egg-info to /app/dev_ws/install/xsens_driver/lib/python3.8/site-packages/xsens_driver-0.0.0-py3.8.egg-info
[4.700s] running install_scripts
[4.781s] Installing main script to /app/dev_ws/install/xsens_driver/lib/xsens_driver
[4.783s] writing list of installed files to '/app/dev_ws/build/xsens_driver/install.log'
[4.890s] Invoked command in '/app/dev_ws/src/xsens_driver' returned '0': LD_LIBRARY_PATH=/app/dev_ws/install/xsens_msgs/lib:/opt/ros/foxy/opt/yaml_cpp_vendor/lib:/opt/ros/foxy/opt/rviz_ogre_vendor/lib:/opt/ros/foxy/lib/aarch64-linux-gnu:/opt/ros/foxy/lib:/app/dev_ws/install/rosbridge_test_msgs/lib:/app/dev_ws/install/rosbridge_msgs/lib:/app/dev_ws/install/rosapi_msgs/lib:/app/dev_ws/tiscamera/build/src/v4l2:/app/dev_ws/tiscamera/build/src/aravis:/app/dev_ws/tiscamera/build/src/libusb:/app/dev_ws/tiscamera/build/src/gobject:/app/dev_ws/tiscamera/build/src/gstreamer-1.0 PYTHONPATH=/app/dev_ws/install/xsens_driver/lib/python3.8/site-packages:/app/dev_ws/install/xsens_msgs/lib/python3.8/site-packages:/opt/ros/foxy/lib/python3.8/site-packages:/app/dev_ws/install/xsens_driver/lib/python3.8/site-packages:/app/dev_ws/install/cam_client/lib/python3.8/site-packages:/app/dev_ws/install/rosbridge_test_msgs/lib/python3.8/site-packages:/app/dev_ws/install/rosbridge_server/lib/python3.8/site-packages:/app/dev_ws/install/rosbridge_msgs/lib/python3.8/site-packages:/app/dev_ws/install/rosapi/lib/python3.8/site-packages:/app/dev_ws/install/rosbridge_library/lib/python3.8/site-packages:/app/dev_ws/install/rosapi_msgs/lib/python3.8/site-packages:/app/dev_ws/install/ntrip_client/lib/python3.8/site-packages:/app/dev_ws/install/central/lib/python3.8/site-packages /usr/bin/python3 setup.py egg_info --egg-base ../../build/xsens_driver build --build-base /app/dev_ws/build/xsens_driver/build install --prefix /app/dev_ws/install/xsens_driver --record /app/dev_ws/build/xsens_driver/install.log --single-version-externally-managed
