[4.624s] Invoking command in '/app/dev_ws/src/central': PYTHONPATH=/app/dev_ws/install/central/lib/python3.8/site-packages:${PYTHONPATH} /usr/bin/python3 setup.py egg_info --egg-base ../../build/central build --build-base /app/dev_ws/build/central/build install --prefix /app/dev_ws/install/central --record /app/dev_ws/build/central/install.log --single-version-externally-managed
[5.873s] running egg_info
[5.878s] writing ../../build/central/central.egg-info/PKG-INFO
[5.878s] writing dependency_links to ../../build/central/central.egg-info/dependency_links.txt
[5.879s] writing entry points to ../../build/central/central.egg-info/entry_points.txt
[5.879s] writing requirements to ../../build/central/central.egg-info/requires.txt
[5.880s] writing top-level names to ../../build/central/central.egg-info/top_level.txt
[6.085s] reading manifest file '../../build/central/central.egg-info/SOURCES.txt'
[6.091s] writing manifest file '../../build/central/central.egg-info/SOURCES.txt'
[6.092s] running build
[6.093s] running build_py
[6.094s] running install
[6.117s] running install_lib
[6.118s] running install_data
[6.134s] running install_egg_info
[6.135s] removing '/app/dev_ws/install/central/lib/python3.8/site-packages/central-0.0.0-py3.8.egg-info' (and everything under it)
[6.136s] Copying ../../build/central/central.egg-info to /app/dev_ws/install/central/lib/python3.8/site-packages/central-0.0.0-py3.8.egg-info
[6.150s] running install_scripts
[6.234s] Installing main script to /app/dev_ws/install/central/lib/central
[6.236s] writing list of installed files to '/app/dev_ws/build/central/install.log'
[7.115s] Invoked command in '/app/dev_ws/src/central' returned '0': PYTHONPATH=/app/dev_ws/install/central/lib/python3.8/site-packages:${PYTHONPATH} /usr/bin/python3 setup.py egg_info --egg-base ../../build/central build --build-base /app/dev_ws/build/central/build install --prefix /app/dev_ws/install/central --record /app/dev_ws/build/central/install.log --single-version-externally-managed
