[3.061s] Invoking command in '/app/dev_ws/src/central': PYTHONPATH=/app/dev_ws/install/central/lib/python3.8/site-packages:${PYTHONPATH} /usr/bin/python3 setup.py egg_info --egg-base ../../build/central build --build-base /app/dev_ws/build/central/build install --prefix /app/dev_ws/install/central --record /app/dev_ws/build/central/install.log --single-version-externally-managed
[4.152s] running egg_info
[4.154s] writing ../../build/central/central.egg-info/PKG-INFO
[4.155s] writing dependency_links to ../../build/central/central.egg-info/dependency_links.txt
[4.157s] writing entry points to ../../build/central/central.egg-info/entry_points.txt
[4.158s] writing requirements to ../../build/central/central.egg-info/requires.txt
[4.159s] writing top-level names to ../../build/central/central.egg-info/top_level.txt
[4.323s] reading manifest file '../../build/central/central.egg-info/SOURCES.txt'
[4.327s] writing manifest file '../../build/central/central.egg-info/SOURCES.txt'
[4.328s] running build
[4.329s] running build_py
[4.329s] copying central/central_data.py -> /app/dev_ws/build/central/build/lib/central
[4.331s] running install
[4.335s] running install_lib
[4.340s] copying /app/dev_ws/build/central/build/lib/central/central_data.py -> /app/dev_ws/install/central/lib/python3.8/site-packages/central
[4.344s] byte-compiling /app/dev_ws/install/central/lib/python3.8/site-packages/central/central_data.py to central_data.cpython-38.pyc
[4.366s] running install_data
[4.368s] running install_egg_info
[4.376s] removing '/app/dev_ws/install/central/lib/python3.8/site-packages/central-0.0.0-py3.8.egg-info' (and everything under it)
[4.378s] Copying ../../build/central/central.egg-info to /app/dev_ws/install/central/lib/python3.8/site-packages/central-0.0.0-py3.8.egg-info
[4.385s] running install_scripts
[4.464s] Installing collect_data script to /app/dev_ws/install/central/lib/central
[4.465s] Installing config script to /app/dev_ws/install/central/lib/central
[4.467s] writing list of installed files to '/app/dev_ws/build/central/install.log'
[4.571s] Invoked command in '/app/dev_ws/src/central' returned '0': PYTHONPATH=/app/dev_ws/install/central/lib/python3.8/site-packages:${PYTHONPATH} /usr/bin/python3 setup.py egg_info --egg-base ../../build/central build --build-base /app/dev_ws/build/central/build install --prefix /app/dev_ws/install/central --record /app/dev_ws/build/central/install.log --single-version-externally-managed
