[4.423s] Invoking command in '/app/dev_ws/src/central': PYTHONPATH=/app/dev_ws/install/central/lib/python3.8/site-packages:${PYTHONPATH} /usr/bin/python3 setup.py egg_info --egg-base ../../build/central build --build-base /app/dev_ws/build/central/build install --prefix /app/dev_ws/install/central --record /app/dev_ws/build/central/install.log --single-version-externally-managed
[6.095s] running egg_info
[6.100s] creating ../../build/central/central.egg-info
[6.103s] writing ../../build/central/central.egg-info/PKG-INFO
[6.106s] writing dependency_links to ../../build/central/central.egg-info/dependency_links.txt
[6.109s] writing entry points to ../../build/central/central.egg-info/entry_points.txt
[6.112s] writing requirements to ../../build/central/central.egg-info/requires.txt
[6.114s] writing top-level names to ../../build/central/central.egg-info/top_level.txt
[6.125s] writing manifest file '../../build/central/central.egg-info/SOURCES.txt'
[6.350s] reading manifest file '../../build/central/central.egg-info/SOURCES.txt'
[6.358s] writing manifest file '../../build/central/central.egg-info/SOURCES.txt'
[6.360s] running build
[6.360s] running build_py
[6.363s] creating /app/dev_ws/build/central/build
[6.365s] creating /app/dev_ws/build/central/build/lib
[6.367s] creating /app/dev_ws/build/central/build/lib/central
[6.369s] copying central/central_data.py -> /app/dev_ws/build/central/build/lib/central
[6.372s] copying central/central_config.py -> /app/dev_ws/build/central/build/lib/central
[6.376s] copying central/__init__.py -> /app/dev_ws/build/central/build/lib/central
[6.380s] running install
[6.386s] running install_lib
[6.395s] creating /app/dev_ws/install/central/lib/python3.8/site-packages/central
[6.397s] copying /app/dev_ws/build/central/build/lib/central/central_data.py -> /app/dev_ws/install/central/lib/python3.8/site-packages/central
[6.400s] copying /app/dev_ws/build/central/build/lib/central/central_config.py -> /app/dev_ws/install/central/lib/python3.8/site-packages/central
[6.403s] copying /app/dev_ws/build/central/build/lib/central/__init__.py -> /app/dev_ws/install/central/lib/python3.8/site-packages/central
[6.407s] byte-compiling /app/dev_ws/install/central/lib/python3.8/site-packages/central/central_data.py to central_data.cpython-38.pyc
[6.417s] byte-compiling /app/dev_ws/install/central/lib/python3.8/site-packages/central/central_config.py to central_config.cpython-38.pyc
[6.421s] byte-compiling /app/dev_ws/install/central/lib/python3.8/site-packages/central/__init__.py to __init__.cpython-38.pyc
[6.424s] running install_data
[6.430s] creating /app/dev_ws/install/central/share/ament_index
[6.432s] creating /app/dev_ws/install/central/share/ament_index/resource_index
[6.433s] creating /app/dev_ws/install/central/share/ament_index/resource_index/packages
[6.436s] copying resource/central -> /app/dev_ws/install/central/share/ament_index/resource_index/packages
[6.438s] copying package.xml -> /app/dev_ws/install/central/share/central
[6.441s] running install_egg_info
[6.452s] Copying ../../build/central/central.egg-info to /app/dev_ws/install/central/lib/python3.8/site-packages/central-0.0.0-py3.8.egg-info
[6.466s] running install_scripts
[6.583s] Installing collect_data script to /app/dev_ws/install/central/lib/central
[6.586s] Installing config script to /app/dev_ws/install/central/lib/central
[6.590s] writing list of installed files to '/app/dev_ws/build/central/install.log'
[6.745s] Invoked command in '/app/dev_ws/src/central' returned '0': PYTHONPATH=/app/dev_ws/install/central/lib/python3.8/site-packages:${PYTHONPATH} /usr/bin/python3 setup.py egg_info --egg-base ../../build/central build --build-base /app/dev_ws/build/central/build install --prefix /app/dev_ws/install/central --record /app/dev_ws/build/central/install.log --single-version-externally-managed
