[3.059s] Invoking command in '/app/dev_ws/src/central': PYTHONPATH=/app/dev_ws/install/central/lib/python3.8/site-packages:${PYTHONPATH} /usr/bin/python3 setup.py egg_info --egg-base ../../build/central build --build-base /app/dev_ws/build/central/build install --prefix /app/dev_ws/install/central --record /app/dev_ws/build/central/install.log --single-version-externally-managed
[4.115s] running egg_info
[4.117s] writing ../../build/central/central.egg-info/PKG-INFO
[4.119s] writing dependency_links to ../../build/central/central.egg-info/dependency_links.txt
[4.120s] writing entry points to ../../build/central/central.egg-info/entry_points.txt
[4.121s] writing requirements to ../../build/central/central.egg-info/requires.txt
[4.122s] writing top-level names to ../../build/central/central.egg-info/top_level.txt
[4.285s] reading manifest file '../../build/central/central.egg-info/SOURCES.txt'
[4.289s] writing manifest file '../../build/central/central.egg-info/SOURCES.txt'
[4.290s] running build
[4.291s] running build_py
[4.291s] copying central/central_data.py -> /app/dev_ws/build/central/build/lib/central
[4.293s] running install
[4.297s] running install_lib
[4.301s] copying /app/dev_ws/build/central/build/lib/central/central_data.py -> /app/dev_ws/install/central/lib/python3.8/site-packages/central
[4.305s] byte-compiling /app/dev_ws/install/central/lib/python3.8/site-packages/central/central_data.py to central_data.cpython-38.pyc
[4.328s] running install_data
[4.330s] running install_egg_info
[4.337s] removing '/app/dev_ws/install/central/lib/python3.8/site-packages/central-0.0.0-py3.8.egg-info' (and everything under it)
[4.339s] Copying ../../build/central/central.egg-info to /app/dev_ws/install/central/lib/python3.8/site-packages/central-0.0.0-py3.8.egg-info
[4.345s] running install_scripts
[4.424s] Installing collect_data script to /app/dev_ws/install/central/lib/central
[4.425s] Installing config script to /app/dev_ws/install/central/lib/central
[4.427s] writing list of installed files to '/app/dev_ws/build/central/install.log'
[4.528s] Invoked command in '/app/dev_ws/src/central' returned '0': PYTHONPATH=/app/dev_ws/install/central/lib/python3.8/site-packages:${PYTHONPATH} /usr/bin/python3 setup.py egg_info --egg-base ../../build/central build --build-base /app/dev_ws/build/central/build install --prefix /app/dev_ws/install/central --record /app/dev_ws/build/central/install.log --single-version-externally-managed
