[0.095s] Invoking command in '/app/dev_ws/build/xsens_msgs': CMAKE_PREFIX_PATH=${CMAKE_PREFIX_PATH}:/app/dev_ws/install/xsens_driver:/app/dev_ws/install/cam_client:/app/dev_ws/install/ntrip_client:/app/dev_ws/install/central:/opt/ros/foxy /usr/bin/cmake --build /app/dev_ws/build/xsens_msgs -- -j4 -l4
[0.330s] -- Found ament_cmake: 0.9.9 (/opt/ros/foxy/share/ament_cmake/cmake)
[0.489s] -- Found PythonInterp: /usr/bin/python3 (found suitable version "3.8.10", minimum required is "3") 
[0.490s] -- Using PYTHON_EXECUTABLE: /usr/bin/python3
[1.479s] -- Found std_msgs: 2.0.5 (/opt/ros/foxy/share/std_msgs/cmake)
[1.629s] -- Using all available rosidl_typesupport_c: rosidl_typesupport_fastrtps_c;rosidl_typesupport_introspection_c
[1.646s] -- Found rosidl_adapter: 1.2.1 (/opt/ros/foxy/share/rosidl_adapter/cmake)
[2.739s] -- Using all available rosidl_typesupport_cpp: rosidl_typesupport_fastrtps_cpp;rosidl_typesupport_introspection_cpp
[2.943s] -- Found rosidl_default_generators: 1.0.1 (/opt/ros/foxy/share/rosidl_default_generators/cmake)
[3.001s] -- Found sensor_msgs: 2.0.5 (/opt/ros/foxy/share/sensor_msgs/cmake)
[3.651s] -- Found PythonInterp: /usr/bin/python3 (found version "3.8.10") 
[5.104s] -- Found ament_cmake_cppcheck: 0.9.6 (/opt/ros/foxy/share/ament_cmake_cppcheck/cmake)
[5.108s] -- Found ament_cmake_cpplint: 0.9.6 (/opt/ros/foxy/share/ament_cmake_cpplint/cmake)
[5.113s] -- Found ament_cmake_uncrustify: 0.9.6 (/opt/ros/foxy/share/ament_cmake_uncrustify/cmake)
[5.118s] -- Found ament_cmake_ros: 0.9.2 (/opt/ros/foxy/share/ament_cmake_ros/cmake)
[7.198s] -- Using all available rosidl_typesupport_c: rosidl_typesupport_fastrtps_c;rosidl_typesupport_introspection_c
[8.044s] -- Using all available rosidl_typesupport_cpp: rosidl_typesupport_fastrtps_cpp;rosidl_typesupport_introspection_cpp
[8.224s] -- Found PythonInterp: /usr/bin/python3 (found suitable version "3.8.10", minimum required is "3.5") 
[8.226s] -- Found python_cmake_module: 0.8.1 (/opt/ros/foxy/share/python_cmake_module/cmake)
[8.375s] -- Using PYTHON_EXECUTABLE: /usr/bin/python3
[8.375s] -- Using PYTHON_INCLUDE_DIRS: /usr/include/python3.8
[8.376s] -- Using PYTHON_LIBRARIES: /usr/lib/aarch64-linux-gnu/libpython3.8.so
[8.763s] -- Found ament_cmake_flake8: 0.9.6 (/opt/ros/foxy/share/ament_cmake_flake8/cmake)
[8.768s] -- Found ament_cmake_pep257: 0.9.6 (/opt/ros/foxy/share/ament_cmake_pep257/cmake)
[8.777s] -- Found ament_lint_auto: 0.9.6 (/opt/ros/foxy/share/ament_lint_auto/cmake)
[8.883s] -- Configuring done
[9.421s] -- Generating done
[9.446s] -- Build files have been written to: /app/dev_ws/build/xsens_msgs
[9.637s] [  1%] [34m[1mGenerating C code for ROS interfaces[0m
[9.712s] [  1%] [34m[1mGenerating C++ code for ROS interfaces[0m
[16.327s] [  1%] Built target xsens_msgs__cpp
[16.451s] [  1%] [34m[1mGenerating C++ introspection for ROS interfaces[0m
[16.560s] [  2%] [34m[1mGenerating C++ type support for eProsima Fast-RTPS[0m
[16.649s] [  3%] [34m[1mGenerating C++ type support dispatch for ROS interfaces[0m
[16.676s] [35m[1mScanning dependencies of target xsens_msgs__rosidl_generator_c[0m
[17.014s] [  3%] [32mBuilding C object CMakeFiles/xsens_msgs__rosidl_generator_c.dir/rosidl_generator_c/xsens_msgs/msg/detail/ori_oe__functions.c.o[0m
[17.573s] [  4%] [32mBuilding C object CMakeFiles/xsens_msgs__rosidl_generator_c.dir/rosidl_generator_c/xsens_msgs/msg/detail/pos_pa__functions.c.o[0m
[18.101s] [  5%] [32mBuilding C object CMakeFiles/xsens_msgs__rosidl_generator_c.dir/rosidl_generator_c/xsens_msgs/msg/detail/pos_pl__functions.c.o[0m
[18.749s] [  6%] [32mBuilding C object CMakeFiles/xsens_msgs__rosidl_generator_c.dir/rosidl_generator_c/xsens_msgs/msg/detail/sta_sw__functions.c.o[0m
[19.446s] [  6%] [32mBuilding C object CMakeFiles/xsens_msgs__rosidl_generator_c.dir/rosidl_generator_c/xsens_msgs/msg/detail/acc_aa__functions.c.o[0m
[20.119s] [  7%] [32mBuilding C object CMakeFiles/xsens_msgs__rosidl_generator_c.dir/rosidl_generator_c/xsens_msgs/msg/detail/acc_af__functions.c.o[0m
[20.585s] [  8%] [32mBuilding C object CMakeFiles/xsens_msgs__rosidl_generator_c.dir/rosidl_generator_c/xsens_msgs/msg/detail/ang_wr__functions.c.o[0m
[21.077s] [  8%] [32mBuilding C object CMakeFiles/xsens_msgs__rosidl_generator_c.dir/rosidl_generator_c/xsens_msgs/msg/detail/config_xsens__functions.c.o[0m
[21.605s] [  9%] [32mBuilding C object CMakeFiles/xsens_msgs__rosidl_generator_c.dir/rosidl_generator_c/xsens_msgs/msg/detail/config_ntrip__functions.c.o[0m
[21.854s] [35m[1mScanning dependencies of target xsens_msgs__rosidl_typesupport_cpp[0m
[22.083s] [ 10%] [32mBuilding CXX object CMakeFiles/xsens_msgs__rosidl_typesupport_cpp.dir/rosidl_typesupport_cpp/xsens_msgs/msg/ori_oe__type_support.cpp.o[0m
[22.089s] [ 11%] [32mBuilding C object CMakeFiles/xsens_msgs__rosidl_generator_c.dir/rosidl_generator_c/xsens_msgs/msg/detail/config_cam__functions.c.o[0m
[22.492s] [ 11%] [32mBuilding C object CMakeFiles/xsens_msgs__rosidl_generator_c.dir/rosidl_generator_c/xsens_msgs/msg/detail/sta_nt__functions.c.o[0m
[23.001s] [ 12%] [32mBuilding C object CMakeFiles/xsens_msgs__rosidl_generator_c.dir/rosidl_generator_c/xsens_msgs/msg/detail/sta_ct__functions.c.o[0m
[23.360s] [35m[1mScanning dependencies of target xsens_msgs__rosidl_typesupport_introspection_cpp[0m
[23.496s] [ 13%] [32mBuilding C object CMakeFiles/xsens_msgs__rosidl_generator_c.dir/rosidl_generator_c/xsens_msgs/msg/detail/cam_image__functions.c.o[0m
[23.592s] [ 14%] [32mBuilding CXX object CMakeFiles/xsens_msgs__rosidl_typesupport_introspection_cpp.dir/rosidl_typesupport_introspection_cpp/xsens_msgs/msg/detail/ori_oe__type_support.cpp.o[0m
[23.946s] [ 15%] [32mBuilding C object CMakeFiles/xsens_msgs__rosidl_generator_c.dir/rosidl_generator_c/xsens_msgs/msg/detail/cam_batch__functions.c.o[0m
[24.185s] In file included from [01m[K/app/dev_ws/build/xsens_msgs/rosidl_generator_c/xsens_msgs/msg/detail/cam_batch__functions.h:19[m[K,
[24.186s]                  from [01m[K/app/dev_ws/build/xsens_msgs/rosidl_generator_c/xsens_msgs/msg/detail/cam_batch__functions.c:4[m[K:
[24.187s] [01m[K/app/dev_ws/build/xsens_msgs/rosidl_generator_c/xsens_msgs/msg/detail/cam_batch__struct.h:24:10:[m[K [01;31m[Kfatal error: [m[Kmsgs/msg/detail/cam_image__struct.h: No such file or directory
[24.188s]    24 | #include [01;31m[K"msgs/msg/detail/cam_image__struct.h"[m[K
[24.189s]       |          [01;31m[K^~~~~~~~~~~~~~~~~~~~~~~~~~~~~~~~~~~~~[m[K
[24.190s] compilation terminated.
[24.197s] make[2]: *** [CMakeFiles/xsens_msgs__rosidl_generator_c.dir/build.make:574: CMakeFiles/xsens_msgs__rosidl_generator_c.dir/rosidl_generator_c/xsens_msgs/msg/detail/cam_batch__functions.c.o] Error 1
[24.200s] make[1]: *** [CMakeFiles/Makefile2:386: CMakeFiles/xsens_msgs__rosidl_generator_c.dir/all] Error 2
[24.201s] make[1]: *** Waiting for unfinished jobs....
[24.425s] [ 15%] [32mBuilding CXX object CMakeFiles/xsens_msgs__rosidl_typesupport_cpp.dir/rosidl_typesupport_cpp/xsens_msgs/msg/pos_pa__type_support.cpp.o[0m
[24.756s] [ 16%] [32mBuilding CXX object CMakeFiles/xsens_msgs__rosidl_typesupport_cpp.dir/rosidl_typesupport_cpp/xsens_msgs/msg/pos_pl__type_support.cpp.o[0m
[24.831s] [35m[1mScanning dependencies of target xsens_msgs__rosidl_typesupport_fastrtps_cpp[0m
[25.400s] [ 17%] [32mBuilding CXX object CMakeFiles/xsens_msgs__rosidl_typesupport_fastrtps_cpp.dir/rosidl_typesupport_fastrtps_cpp/xsens_msgs/msg/detail/dds_fastrtps/ori_oe__type_support.cpp.o[0m
[26.224s] [ 18%] [32mBuilding CXX object CMakeFiles/xsens_msgs__rosidl_typesupport_cpp.dir/rosidl_typesupport_cpp/xsens_msgs/msg/sta_sw__type_support.cpp.o[0m
[27.164s] [ 18%] [32mBuilding CXX object CMakeFiles/xsens_msgs__rosidl_typesupport_cpp.dir/rosidl_typesupport_cpp/xsens_msgs/msg/acc_aa__type_support.cpp.o[0m
[27.511s] [ 19%] [32mBuilding CXX object CMakeFiles/xsens_msgs__rosidl_typesupport_introspection_cpp.dir/rosidl_typesupport_introspection_cpp/xsens_msgs/msg/detail/pos_pa__type_support.cpp.o[0m
[28.943s] [ 20%] [32mBuilding CXX object CMakeFiles/xsens_msgs__rosidl_typesupport_cpp.dir/rosidl_typesupport_cpp/xsens_msgs/msg/acc_af__type_support.cpp.o[0m
[30.008s] [ 20%] [32mBuilding CXX object CMakeFiles/xsens_msgs__rosidl_typesupport_introspection_cpp.dir/rosidl_typesupport_introspection_cpp/xsens_msgs/msg/detail/pos_pl__type_support.cpp.o[0m
[30.307s] [ 21%] [32mBuilding CXX object CMakeFiles/xsens_msgs__rosidl_typesupport_fastrtps_cpp.dir/rosidl_typesupport_fastrtps_cpp/xsens_msgs/msg/detail/dds_fastrtps/pos_pa__type_support.cpp.o[0m
[30.560s] [ 22%] [32mBuilding CXX object CMakeFiles/xsens_msgs__rosidl_typesupport_cpp.dir/rosidl_typesupport_cpp/xsens_msgs/msg/ang_wr__type_support.cpp.o[0m
[31.367s] [ 23%] [32mBuilding CXX object CMakeFiles/xsens_msgs__rosidl_typesupport_cpp.dir/rosidl_typesupport_cpp/xsens_msgs/msg/config_xsens__type_support.cpp.o[0m
[32.470s] [ 24%] [32mBuilding CXX object CMakeFiles/xsens_msgs__rosidl_typesupport_introspection_cpp.dir/rosidl_typesupport_introspection_cpp/xsens_msgs/msg/detail/sta_sw__type_support.cpp.o[0m
[34.223s] [ 24%] [32mBuilding CXX object CMakeFiles/xsens_msgs__rosidl_typesupport_fastrtps_cpp.dir/rosidl_typesupport_fastrtps_cpp/xsens_msgs/msg/detail/dds_fastrtps/pos_pl__type_support.cpp.o[0m
[34.512s] [ 25%] [32mBuilding CXX object CMakeFiles/xsens_msgs__rosidl_typesupport_introspection_cpp.dir/rosidl_typesupport_introspection_cpp/xsens_msgs/msg/detail/acc_aa__type_support.cpp.o[0m
[34.621s] [ 25%] [32mBuilding CXX object CMakeFiles/xsens_msgs__rosidl_typesupport_cpp.dir/rosidl_typesupport_cpp/xsens_msgs/msg/config_ntrip__type_support.cpp.o[0m
[35.180s] [ 26%] [32mBuilding CXX object CMakeFiles/xsens_msgs__rosidl_typesupport_cpp.dir/rosidl_typesupport_cpp/xsens_msgs/msg/config_cam__type_support.cpp.o[0m
[36.709s] [ 27%] [32mBuilding CXX object CMakeFiles/xsens_msgs__rosidl_typesupport_cpp.dir/rosidl_typesupport_cpp/xsens_msgs/msg/sta_nt__type_support.cpp.o[0m
[37.383s] [ 28%] [32mBuilding CXX object CMakeFiles/xsens_msgs__rosidl_typesupport_introspection_cpp.dir/rosidl_typesupport_introspection_cpp/xsens_msgs/msg/detail/acc_af__type_support.cpp.o[0m
[38.246s] [ 29%] [32mBuilding CXX object CMakeFiles/xsens_msgs__rosidl_typesupport_fastrtps_cpp.dir/rosidl_typesupport_fastrtps_cpp/xsens_msgs/msg/detail/dds_fastrtps/sta_sw__type_support.cpp.o[0m
[38.874s] [ 30%] [32mBuilding CXX object CMakeFiles/xsens_msgs__rosidl_typesupport_fastrtps_cpp.dir/rosidl_typesupport_fastrtps_cpp/xsens_msgs/msg/detail/dds_fastrtps/acc_aa__type_support.cpp.o[0m
[39.368s] [ 30%] [32mBuilding CXX object CMakeFiles/xsens_msgs__rosidl_typesupport_cpp.dir/rosidl_typesupport_cpp/xsens_msgs/msg/sta_ct__type_support.cpp.o[0m
[40.978s] [ 30%] [32mBuilding CXX object CMakeFiles/xsens_msgs__rosidl_typesupport_introspection_cpp.dir/rosidl_typesupport_introspection_cpp/xsens_msgs/msg/detail/ang_wr__type_support.cpp.o[0m
[42.199s] [ 30%] [32mBuilding CXX object CMakeFiles/xsens_msgs__rosidl_typesupport_fastrtps_cpp.dir/rosidl_typesupport_fastrtps_cpp/xsens_msgs/msg/detail/dds_fastrtps/acc_af__type_support.cpp.o[0m
[42.352s] [ 31%] [32mBuilding CXX object CMakeFiles/xsens_msgs__rosidl_typesupport_cpp.dir/rosidl_typesupport_cpp/xsens_msgs/msg/cam_image__type_support.cpp.o[0m
[43.118s] [ 32%] [32mBuilding CXX object CMakeFiles/xsens_msgs__rosidl_typesupport_fastrtps_cpp.dir/rosidl_typesupport_fastrtps_cpp/xsens_msgs/msg/detail/dds_fastrtps/ang_wr__type_support.cpp.o[0m
[44.227s] [ 33%] [32mBuilding CXX object CMakeFiles/xsens_msgs__rosidl_typesupport_introspection_cpp.dir/rosidl_typesupport_introspection_cpp/xsens_msgs/msg/detail/config_xsens__type_support.cpp.o[0m
[44.897s] [ 34%] [32mBuilding CXX object CMakeFiles/xsens_msgs__rosidl_typesupport_cpp.dir/rosidl_typesupport_cpp/xsens_msgs/msg/cam_batch__type_support.cpp.o[0m
[45.615s] In file included from [01m[K/app/dev_ws/build/xsens_msgs/rosidl_typesupport_cpp/xsens_msgs/msg/cam_batch__type_support.cpp:7[m[K:
[45.616s] [01m[K/app/dev_ws/build/xsens_msgs/rosidl_generator_cpp/xsens_msgs/msg/detail/cam_batch__struct.hpp:19:10:[m[K [01;31m[Kfatal error: [m[Kmsgs/msg/detail/cam_image__struct.hpp: No such file or directory
[45.618s]    19 | #include [01;31m[K"msgs/msg/detail/cam_image__struct.hpp"[m[K
[45.620s]       |          [01;31m[K^~~~~~~~~~~~~~~~~~~~~~~~~~~~~~~~~~~~~~~[m[K
[45.621s] compilation terminated.
[45.632s] make[2]: *** [CMakeFiles/xsens_msgs__rosidl_typesupport_cpp.dir/build.make:387: CMakeFiles/xsens_msgs__rosidl_typesupport_cpp.dir/rosidl_typesupport_cpp/xsens_msgs/msg/cam_batch__type_support.cpp.o] Error 1
[45.636s] make[1]: *** [CMakeFiles/Makefile2:469: CMakeFiles/xsens_msgs__rosidl_typesupport_cpp.dir/all] Error 2
[45.796s] [ 35%] [32mBuilding CXX object CMakeFiles/xsens_msgs__rosidl_typesupport_introspection_cpp.dir/rosidl_typesupport_introspection_cpp/xsens_msgs/msg/detail/config_ntrip__type_support.cpp.o[0m
[46.479s] [ 35%] [32mBuilding CXX object CMakeFiles/xsens_msgs__rosidl_typesupport_introspection_cpp.dir/rosidl_typesupport_introspection_cpp/xsens_msgs/msg/detail/config_cam__type_support.cpp.o[0m
[47.663s] [ 36%] [32mBuilding CXX object CMakeFiles/xsens_msgs__rosidl_typesupport_introspection_cpp.dir/rosidl_typesupport_introspection_cpp/xsens_msgs/msg/detail/sta_nt__type_support.cpp.o[0m
[48.334s] [ 37%] [32mBuilding CXX object CMakeFiles/xsens_msgs__rosidl_typesupport_fastrtps_cpp.dir/rosidl_typesupport_fastrtps_cpp/xsens_msgs/msg/detail/dds_fastrtps/config_xsens__type_support.cpp.o[0m
[48.834s] [ 38%] [32mBuilding CXX object CMakeFiles/xsens_msgs__rosidl_typesupport_introspection_cpp.dir/rosidl_typesupport_introspection_cpp/xsens_msgs/msg/detail/sta_ct__type_support.cpp.o[0m
[49.668s] [ 38%] [32mBuilding CXX object CMakeFiles/xsens_msgs__rosidl_typesupport_fastrtps_cpp.dir/rosidl_typesupport_fastrtps_cpp/xsens_msgs/msg/detail/dds_fastrtps/config_ntrip__type_support.cpp.o[0m
[50.012s] [ 38%] [32mBuilding CXX object CMakeFiles/xsens_msgs__rosidl_typesupport_introspection_cpp.dir/rosidl_typesupport_introspection_cpp/xsens_msgs/msg/detail/cam_image__type_support.cpp.o[0m
[51.846s] [ 39%] [32mBuilding CXX object CMakeFiles/xsens_msgs__rosidl_typesupport_introspection_cpp.dir/rosidl_typesupport_introspection_cpp/xsens_msgs/msg/detail/cam_batch__type_support.cpp.o[0m
[52.298s] In file included from [01m[K/app/dev_ws/build/xsens_msgs/rosidl_typesupport_introspection_cpp/xsens_msgs/msg/detail/cam_batch__type_support.cpp:12[m[K:
[52.298s] [01m[K/app/dev_ws/build/xsens_msgs/rosidl_generator_cpp/xsens_msgs/msg/detail/cam_batch__struct.hpp:19:10:[m[K [01;31m[Kfatal error: [m[Kmsgs/msg/detail/cam_image__struct.hpp: No such file or directory
[52.299s]    19 | #include [01;31m[K"msgs/msg/detail/cam_image__struct.hpp"[m[K
[52.300s]       |          [01;31m[K^~~~~~~~~~~~~~~~~~~~~~~~~~~~~~~~~~~~~~~[m[K
[52.301s] compilation terminated.
[52.307s] make[2]: *** [CMakeFiles/xsens_msgs__rosidl_typesupport_introspection_cpp.dir/build.make:434: CMakeFiles/xsens_msgs__rosidl_typesupport_introspection_cpp.dir/rosidl_typesupport_introspection_cpp/xsens_msgs/msg/detail/cam_batch__type_support.cpp.o] Error 1
[52.308s] make[2]: *** Waiting for unfinished jobs....
[52.470s] [ 40%] [32mBuilding CXX object CMakeFiles/xsens_msgs__rosidl_typesupport_fastrtps_cpp.dir/rosidl_typesupport_fastrtps_cpp/xsens_msgs/msg/detail/dds_fastrtps/config_cam__type_support.cpp.o[0m
[53.071s] make[1]: *** [CMakeFiles/Makefile2:496: CMakeFiles/xsens_msgs__rosidl_typesupport_introspection_cpp.dir/all] Error 2
[54.444s] [ 40%] [32mBuilding CXX object CMakeFiles/xsens_msgs__rosidl_typesupport_fastrtps_cpp.dir/rosidl_typesupport_fastrtps_cpp/xsens_msgs/msg/detail/dds_fastrtps/cam_image__type_support.cpp.o[0m
[55.202s] [ 41%] [32mBuilding CXX object CMakeFiles/xsens_msgs__rosidl_typesupport_fastrtps_cpp.dir/rosidl_typesupport_fastrtps_cpp/xsens_msgs/msg/detail/dds_fastrtps/sta_ct__type_support.cpp.o[0m
[57.677s] [ 42%] [32mBuilding CXX object CMakeFiles/xsens_msgs__rosidl_typesupport_fastrtps_cpp.dir/rosidl_typesupport_fastrtps_cpp/xsens_msgs/srv/detail/dds_fastrtps/rtc_mdata__type_support.cpp.o[0m
[59.935s] [ 43%] [32mBuilding CXX object CMakeFiles/xsens_msgs__rosidl_typesupport_fastrtps_cpp.dir/rosidl_typesupport_fastrtps_cpp/xsens_msgs/msg/detail/dds_fastrtps/cam_batch__type_support.cpp.o[0m
[60.251s] In file included from [01m[K/app/dev_ws/build/xsens_msgs/rosidl_typesupport_fastrtps_cpp/xsens_msgs/msg/detail/cam_batch__rosidl_typesupport_fastrtps_cpp.hpp:11[m[K,
[60.251s]                  from [01m[K/app/dev_ws/build/xsens_msgs/rosidl_typesupport_fastrtps_cpp/xsens_msgs/msg/detail/dds_fastrtps/cam_batch__type_support.cpp:4[m[K:
[60.252s] [01m[K/app/dev_ws/build/xsens_msgs/rosidl_generator_cpp/xsens_msgs/msg/detail/cam_batch__struct.hpp:19:10:[m[K [01;31m[Kfatal error: [m[Kmsgs/msg/detail/cam_image__struct.hpp: No such file or directory
[60.252s]    19 | #include [01;31m[K"msgs/msg/detail/cam_image__struct.hpp"[m[K
[60.252s]       |          [01;31m[K^~~~~~~~~~~~~~~~~~~~~~~~~~~~~~~~~~~~~~~[m[K
[60.253s] compilation terminated.
[60.258s] make[2]: *** [CMakeFiles/xsens_msgs__rosidl_typesupport_fastrtps_cpp.dir/build.make:434: CMakeFiles/xsens_msgs__rosidl_typesupport_fastrtps_cpp.dir/rosidl_typesupport_fastrtps_cpp/xsens_msgs/msg/detail/dds_fastrtps/cam_batch__type_support.cpp.o] Error 1
[60.258s] make[1]: *** [CMakeFiles/Makefile2:305: CMakeFiles/xsens_msgs__rosidl_typesupport_fastrtps_cpp.dir/all] Error 2
[60.260s] make: *** [Makefile:141: all] Error 2
[60.267s] Invoked command in '/app/dev_ws/build/xsens_msgs' returned '2': CMAKE_PREFIX_PATH=${CMAKE_PREFIX_PATH}:/app/dev_ws/install/xsens_driver:/app/dev_ws/install/cam_client:/app/dev_ws/install/ntrip_client:/app/dev_ws/install/central:/opt/ros/foxy /usr/bin/cmake --build /app/dev_ws/build/xsens_msgs -- -j4 -l4
