[2.739s] Invoking command in '/app/dev_ws/src/ntrip_client': PYTHONPATH=/app/dev_ws/install/ntrip_client/lib/python3.8/site-packages:${PYTHONPATH} /usr/bin/python3 setup.py egg_info --egg-base ../../build/ntrip_client build --build-base /app/dev_ws/build/ntrip_client/build install --prefix /app/dev_ws/install/ntrip_client --record /app/dev_ws/build/ntrip_client/install.log --single-version-externally-managed
[3.682s] running egg_info
[3.684s] writing ../../build/ntrip_client/ntrip_client.egg-info/PKG-INFO
[3.685s] writing dependency_links to ../../build/ntrip_client/ntrip_client.egg-info/dependency_links.txt
[3.686s] writing entry points to ../../build/ntrip_client/ntrip_client.egg-info/entry_points.txt
[3.687s] writing requirements to ../../build/ntrip_client/ntrip_client.egg-info/requires.txt
[3.688s] writing top-level names to ../../build/ntrip_client/ntrip_client.egg-info/top_level.txt
[3.845s] reading manifest file '../../build/ntrip_client/ntrip_client.egg-info/SOURCES.txt'
[3.849s] writing manifest file '../../build/ntrip_client/ntrip_client.egg-info/SOURCES.txt'
[3.849s] running build
[3.850s] running build_py
[3.851s] copying ntrip_client/ntrip_pub.py -> /app/dev_ws/build/ntrip_client/build/lib/ntrip_client
[3.852s] running install
[3.855s] running install_lib
[3.860s] copying /app/dev_ws/build/ntrip_client/build/lib/ntrip_client/ntrip_pub.py -> /app/dev_ws/install/ntrip_client/lib/python3.8/site-packages/ntrip_client
[3.863s] byte-compiling /app/dev_ws/install/ntrip_client/lib/python3.8/site-packages/ntrip_client/ntrip_pub.py to ntrip_pub.cpython-38.pyc
[3.874s] running install_data
[3.876s] running install_egg_info
[3.883s] removing '/app/dev_ws/install/ntrip_client/lib/python3.8/site-packages/ntrip_client-0.0.0-py3.8.egg-info' (and everything under it)
[3.884s] Copying ../../build/ntrip_client/ntrip_client.egg-info to /app/dev_ws/install/ntrip_client/lib/python3.8/site-packages/ntrip_client-0.0.0-py3.8.egg-info
[3.890s] running install_scripts
[3.964s] Installing main script to /app/dev_ws/install/ntrip_client/lib/ntrip_client
[3.965s] writing list of installed files to '/app/dev_ws/build/ntrip_client/install.log'
[4.062s] Invoked command in '/app/dev_ws/src/ntrip_client' returned '0': PYTHONPATH=/app/dev_ws/install/ntrip_client/lib/python3.8/site-packages:${PYTHONPATH} /usr/bin/python3 setup.py egg_info --egg-base ../../build/ntrip_client build --build-base /app/dev_ws/build/ntrip_client/build install --prefix /app/dev_ws/install/ntrip_client --record /app/dev_ws/build/ntrip_client/install.log --single-version-externally-managed
