[4.964s] Invoking command in '/app/dev_ws/src/ntrip_client': PYTHONPATH=/app/dev_ws/install/ntrip_client/lib/python3.8/site-packages:${PYTHONPATH} /usr/bin/python3 setup.py egg_info --egg-base ../../build/ntrip_client build --build-base /app/dev_ws/build/ntrip_client/build install --prefix /app/dev_ws/install/ntrip_client --record /app/dev_ws/build/ntrip_client/install.log --single-version-externally-managed
[6.268s] running egg_info
[6.273s] writing ../../build/ntrip_client/ntrip_client.egg-info/PKG-INFO
[6.274s] writing dependency_links to ../../build/ntrip_client/ntrip_client.egg-info/dependency_links.txt
[6.274s] writing entry points to ../../build/ntrip_client/ntrip_client.egg-info/entry_points.txt
[6.275s] writing requirements to ../../build/ntrip_client/ntrip_client.egg-info/requires.txt
[6.276s] writing top-level names to ../../build/ntrip_client/ntrip_client.egg-info/top_level.txt
[6.496s] reading manifest file '../../build/ntrip_client/ntrip_client.egg-info/SOURCES.txt'
[6.501s] writing manifest file '../../build/ntrip_client/ntrip_client.egg-info/SOURCES.txt'
[6.505s] running build
[6.506s] running build_py
[6.515s] copying ntrip_client/ntrip_pub.py -> /app/dev_ws/build/ntrip_client/build/lib/ntrip_client
[6.516s] running install
[6.518s] running install_lib
[6.532s] copying /app/dev_ws/build/ntrip_client/build/lib/ntrip_client/ntrip_pub.py -> /app/dev_ws/install/ntrip_client/lib/python3.8/site-packages/ntrip_client
[6.533s] byte-compiling /app/dev_ws/install/ntrip_client/lib/python3.8/site-packages/ntrip_client/ntrip_pub.py to ntrip_pub.cpython-38.pyc
[6.543s] running install_data
[6.546s] running install_egg_info
[6.556s] removing '/app/dev_ws/install/ntrip_client/lib/python3.8/site-packages/ntrip_client-0.0.0-py3.8.egg-info' (and everything under it)
[6.558s] Copying ../../build/ntrip_client/ntrip_client.egg-info to /app/dev_ws/install/ntrip_client/lib/python3.8/site-packages/ntrip_client-0.0.0-py3.8.egg-info
[6.568s] running install_scripts
[6.687s] Installing main script to /app/dev_ws/install/ntrip_client/lib/ntrip_client
[6.692s] writing list of installed files to '/app/dev_ws/build/ntrip_client/install.log'
[7.609s] Invoked command in '/app/dev_ws/src/ntrip_client' returned '0': PYTHONPATH=/app/dev_ws/install/ntrip_client/lib/python3.8/site-packages:${PYTHONPATH} /usr/bin/python3 setup.py egg_info --egg-base ../../build/ntrip_client build --build-base /app/dev_ws/build/ntrip_client/build install --prefix /app/dev_ws/install/ntrip_client --record /app/dev_ws/build/ntrip_client/install.log --single-version-externally-managed
