[5.368s] Invoking command in '/app/dev_ws/src/central': PYTHONPATH=/app/dev_ws/install/central/lib/python3.8/site-packages:${PYTHONPATH} /usr/bin/python3 setup.py egg_info --egg-base ../../build/central build --build-base /app/dev_ws/build/central/build install --prefix /app/dev_ws/install/central --record /app/dev_ws/build/central/install.log --single-version-externally-managed
[6.888s] running egg_info
[6.890s] writing ../../build/central/central.egg-info/PKG-INFO
[6.892s] writing dependency_links to ../../build/central/central.egg-info/dependency_links.txt
[6.895s] writing entry points to ../../build/central/central.egg-info/entry_points.txt
[6.896s] writing requirements to ../../build/central/central.egg-info/requires.txt
[6.897s] writing top-level names to ../../build/central/central.egg-info/top_level.txt
[7.187s] reading manifest file '../../build/central/central.egg-info/SOURCES.txt'
[7.194s] writing manifest file '../../build/central/central.egg-info/SOURCES.txt'
[7.196s] running build
[7.198s] running build_py
[7.201s] copying central/central_config.py -> /app/dev_ws/build/central/build/lib/central
[7.204s] running install
[7.209s] running install_lib
[7.221s] copying /app/dev_ws/build/central/build/lib/central/central_config.py -> /app/dev_ws/install/central/lib/python3.8/site-packages/central
[7.251s] byte-compiling /app/dev_ws/install/central/lib/python3.8/site-packages/central/central_config.py to central_config.cpython-38.pyc
[7.253s]   File "/app/dev_ws/install/central/lib/python3.8/site-packages/central/central_config.py", line 62
[7.260s]     while time.time() < t_end
[7.275s]                             ^
[7.275s] SyntaxError: invalid syntax
[7.276s] 
[7.295s] running install_data
[7.296s] running install_egg_info
[7.297s] removing '/app/dev_ws/install/central/lib/python3.8/site-packages/central-0.0.0-py3.8.egg-info' (and everything under it)
[7.305s] Copying ../../build/central/central.egg-info to /app/dev_ws/install/central/lib/python3.8/site-packages/central-0.0.0-py3.8.egg-info
[7.308s] running install_scripts
[7.506s] Installing main script to /app/dev_ws/install/central/lib/central
[7.522s] writing list of installed files to '/app/dev_ws/build/central/install.log'
[8.911s] Invoked command in '/app/dev_ws/src/central' returned '0': PYTHONPATH=/app/dev_ws/install/central/lib/python3.8/site-packages:${PYTHONPATH} /usr/bin/python3 setup.py egg_info --egg-base ../../build/central build --build-base /app/dev_ws/build/central/build install --prefix /app/dev_ws/install/central --record /app/dev_ws/build/central/install.log --single-version-externally-managed
