[2.922s] Invoking command in '/app/dev_ws/src/central': PYTHONPATH=/app/dev_ws/install/central/lib/python3.8/site-packages:${PYTHONPATH} /usr/bin/python3 setup.py egg_info --egg-base ../../build/central build --build-base /app/dev_ws/build/central/build install --prefix /app/dev_ws/install/central --record /app/dev_ws/build/central/install.log --single-version-externally-managed
[3.873s] running egg_info
[3.875s] writing ../../build/central/central.egg-info/PKG-INFO
[3.876s] writing dependency_links to ../../build/central/central.egg-info/dependency_links.txt
[3.877s] writing entry points to ../../build/central/central.egg-info/entry_points.txt
[3.878s] writing requirements to ../../build/central/central.egg-info/requires.txt
[3.879s] writing top-level names to ../../build/central/central.egg-info/top_level.txt
[4.035s] reading manifest file '../../build/central/central.egg-info/SOURCES.txt'
[4.039s] writing manifest file '../../build/central/central.egg-info/SOURCES.txt'
[4.040s] running build
[4.041s] running build_py
[4.042s] running install
[4.046s] running install_lib
[4.053s] running install_data
[4.056s] running install_egg_info
[4.063s] removing '/app/dev_ws/install/central/lib/python3.8/site-packages/central-0.0.0-py3.8.egg-info' (and everything under it)
[4.065s] Copying ../../build/central/central.egg-info to /app/dev_ws/install/central/lib/python3.8/site-packages/central-0.0.0-py3.8.egg-info
[4.071s] running install_scripts
[4.144s] Installing collect_data script to /app/dev_ws/install/central/lib/central
[4.145s] Installing config script to /app/dev_ws/install/central/lib/central
[4.147s] writing list of installed files to '/app/dev_ws/build/central/install.log'
[4.243s] Invoked command in '/app/dev_ws/src/central' returned '0': PYTHONPATH=/app/dev_ws/install/central/lib/python3.8/site-packages:${PYTHONPATH} /usr/bin/python3 setup.py egg_info --egg-base ../../build/central build --build-base /app/dev_ws/build/central/build install --prefix /app/dev_ws/install/central --record /app/dev_ws/build/central/install.log --single-version-externally-managed
