[4.527s] Invoking command in '/app/dev_ws/src/ntrip_client': PYTHONPATH=/app/dev_ws/install/ntrip_client/lib/python3.8/site-packages:${PYTHONPATH} /usr/bin/python3 setup.py egg_info --egg-base ../../build/ntrip_client build --build-base /app/dev_ws/build/ntrip_client/build install --prefix /app/dev_ws/install/ntrip_client --record /app/dev_ws/build/ntrip_client/install.log --single-version-externally-managed
[5.714s] running egg_info
[5.717s] writing ../../build/ntrip_client/ntrip_client.egg-info/PKG-INFO
[5.719s] writing dependency_links to ../../build/ntrip_client/ntrip_client.egg-info/dependency_links.txt
[5.720s] writing entry points to ../../build/ntrip_client/ntrip_client.egg-info/entry_points.txt
[5.721s] writing requirements to ../../build/ntrip_client/ntrip_client.egg-info/requires.txt
[5.723s] writing top-level names to ../../build/ntrip_client/ntrip_client.egg-info/top_level.txt
[5.901s] reading manifest file '../../build/ntrip_client/ntrip_client.egg-info/SOURCES.txt'
[5.910s] writing manifest file '../../build/ntrip_client/ntrip_client.egg-info/SOURCES.txt'
[5.911s] running build
[5.912s] running build_py
[5.913s] copying ntrip_client/ntrip_pub.py -> /app/dev_ws/build/ntrip_client/build/lib/ntrip_client
[5.913s] running install
[5.916s] running install_lib
[5.922s] copying /app/dev_ws/build/ntrip_client/build/lib/ntrip_client/ntrip_pub.py -> /app/dev_ws/install/ntrip_client/lib/python3.8/site-packages/ntrip_client
[5.925s] byte-compiling /app/dev_ws/install/ntrip_client/lib/python3.8/site-packages/ntrip_client/ntrip_pub.py to ntrip_pub.cpython-38.pyc
[5.938s] running install_data
[5.940s] running install_egg_info
[5.948s] removing '/app/dev_ws/install/ntrip_client/lib/python3.8/site-packages/ntrip_client-0.0.0-py3.8.egg-info' (and everything under it)
[5.950s] Copying ../../build/ntrip_client/ntrip_client.egg-info to /app/dev_ws/install/ntrip_client/lib/python3.8/site-packages/ntrip_client-0.0.0-py3.8.egg-info
[5.959s] running install_scripts
[6.072s] Installing main script to /app/dev_ws/install/ntrip_client/lib/ntrip_client
[6.075s] writing list of installed files to '/app/dev_ws/build/ntrip_client/install.log'
[6.230s] Invoked command in '/app/dev_ws/src/ntrip_client' returned '0': PYTHONPATH=/app/dev_ws/install/ntrip_client/lib/python3.8/site-packages:${PYTHONPATH} /usr/bin/python3 setup.py egg_info --egg-base ../../build/ntrip_client build --build-base /app/dev_ws/build/ntrip_client/build install --prefix /app/dev_ws/install/ntrip_client --record /app/dev_ws/build/ntrip_client/install.log --single-version-externally-managed
