[0.120s] Invoking command in '/app/dev_ws/build/image_geometry': CMAKE_PREFIX_PATH=${CMAKE_PREFIX_PATH}:/opt/ros/foxy:/app/dev_ws/install/xsens_driver:/app/dev_ws/install/cam_client:/app/dev_ws/install/ntrip_client:/app/dev_ws/install/central /usr/bin/cmake /app/dev_ws/vision_opencv/image_geometry -DCMAKE_INSTALL_PREFIX=/app/dev_ws/install/image_geometry
[1.193s] -- The C compiler identification is GNU 9.4.0
[1.963s] -- The CXX compiler identification is GNU 9.4.0
[2.039s] -- Check for working C compiler: /usr/bin/cc
[2.931s] -- Check for working C compiler: /usr/bin/cc -- works
[2.957s] -- Detecting C compiler ABI info
[4.191s] -- Detecting C compiler ABI info - done
[4.262s] -- Detecting C compile features
[4.265s] -- Detecting C compile features - done
[4.300s] -- Check for working CXX compiler: /usr/bin/c++
[5.582s] -- Check for working CXX compiler: /usr/bin/c++ -- works
[5.605s] -- Detecting CXX compiler ABI info
[6.825s] -- Detecting CXX compiler ABI info - done
[6.939s] -- Detecting CXX compile features
[6.943s] -- Detecting CXX compile features - done
[6.981s] -- Found ament_cmake_python: 0.9.9 (/opt/ros/foxy/share/ament_cmake_python/cmake)
[7.020s] -- Found ament_cmake_ros: 0.9.2 (/opt/ros/foxy/share/ament_cmake_ros/cmake)
[7.592s] -- Found PythonInterp: /usr/bin/python3 (found suitable version "3.8.10", minimum required is "3") 
[7.594s] -- Using PYTHON_EXECUTABLE: /usr/bin/python3
[11.006s] -- Found OpenCV: /usr (found version "4.2.0") found components: calib3d core highgui imgproc 
[11.070s] -- Found sensor_msgs: 2.0.5 (/opt/ros/foxy/share/sensor_msgs/cmake)
[11.865s] -- Using all available rosidl_typesupport_c: rosidl_typesupport_fastrtps_c;rosidl_typesupport_introspection_c
[12.045s] -- Found rosidl_adapter: 1.2.1 (/opt/ros/foxy/share/rosidl_adapter/cmake)
[13.587s] -- Found OpenSSL: /usr/lib/aarch64-linux-gnu/libcrypto.so (found version "1.1.1f")  
[14.198s] -- Found FastRTPS: /opt/ros/foxy/include  
[15.754s] -- Using all available rosidl_typesupport_cpp: rosidl_typesupport_fastrtps_cpp;rosidl_typesupport_introspection_cpp
[17.805s] -- Found gtest sources under '/opt/ros/foxy/src/gtest_vendor': C++ tests using 'Google Test' will be built
[17.821s] -- Looking for pthread.h
[18.963s] -- Looking for pthread.h - found
[18.970s] -- Performing Test CMAKE_HAVE_LIBC_PTHREAD
[20.046s] -- Performing Test CMAKE_HAVE_LIBC_PTHREAD - Failed
[20.049s] -- Check if compiler accepts -pthread
[21.258s] -- Check if compiler accepts -pthread - yes
[21.273s] -- Found Threads: TRUE  
[22.097s] -- Configuring done
[22.357s] -- Generating done
[22.376s] -- Build files have been written to: /app/dev_ws/build/image_geometry
[22.440s] Invoked command in '/app/dev_ws/build/image_geometry' returned '0': CMAKE_PREFIX_PATH=${CMAKE_PREFIX_PATH}:/opt/ros/foxy:/app/dev_ws/install/xsens_driver:/app/dev_ws/install/cam_client:/app/dev_ws/install/ntrip_client:/app/dev_ws/install/central /usr/bin/cmake /app/dev_ws/vision_opencv/image_geometry -DCMAKE_INSTALL_PREFIX=/app/dev_ws/install/image_geometry
[22.443s] Invoking command in '/app/dev_ws/build/image_geometry': CMAKE_PREFIX_PATH=${CMAKE_PREFIX_PATH}:/opt/ros/foxy:/app/dev_ws/install/xsens_driver:/app/dev_ws/install/cam_client:/app/dev_ws/install/ntrip_client:/app/dev_ws/install/central /usr/bin/cmake --build /app/dev_ws/build/image_geometry -- -j4 -l4
[23.119s] [35m[1mScanning dependencies of target image_geometry[0m
[23.764s] [ 11%] [32mBuilding CXX object CMakeFiles/image_geometry.dir/src/pinhole_camera_model.cpp.o[0m
[41.469s] [ 22%] [32mBuilding CXX object CMakeFiles/image_geometry.dir/src/stereo_camera_model.cpp.o[0m
[55.323s] [ 33%] [32m[1mLinking CXX shared library libimage_geometry.so[0m
[56.743s] [ 33%] Built target image_geometry
[56.899s] [35m[1mScanning dependencies of target gtest[0m
[57.363s] [ 44%] [32mBuilding CXX object gtest/CMakeFiles/gtest.dir/src/gtest-all.cc.o[0m
[94.765s] [ 55%] [32m[1mLinking CXX static library libgtest.a[0m
[95.768s] [ 55%] Built target gtest
[96.000s] [35m[1mScanning dependencies of target gtest_main[0m
[96.204s] [ 66%] [32mBuilding CXX object gtest/CMakeFiles/gtest_main.dir/src/gtest_main.cc.o[0m
[105.745s] [ 77%] [32m[1mLinking CXX static library libgtest_main.a[0m
[106.237s] [ 77%] Built target gtest_main
[106.399s] [35m[1mScanning dependencies of target image_geometry-utest[0m
[107.107s] [ 88%] [32mBuilding CXX object CMakeFiles/image_geometry-utest.dir/test/utest.cpp.o[0m
[131.928s] [100%] [32m[1mLinking CXX executable image_geometry-utest[0m
[134.434s] [100%] Built target image_geometry-utest
[134.608s] Invoked command in '/app/dev_ws/build/image_geometry' returned '0': CMAKE_PREFIX_PATH=${CMAKE_PREFIX_PATH}:/opt/ros/foxy:/app/dev_ws/install/xsens_driver:/app/dev_ws/install/cam_client:/app/dev_ws/install/ntrip_client:/app/dev_ws/install/central /usr/bin/cmake --build /app/dev_ws/build/image_geometry -- -j4 -l4
[135.389s] Invoking command in '/app/dev_ws/build/image_geometry': CMAKE_PREFIX_PATH=${CMAKE_PREFIX_PATH}:/opt/ros/foxy:/app/dev_ws/install/xsens_driver:/app/dev_ws/install/cam_client:/app/dev_ws/install/ntrip_client:/app/dev_ws/install/central /usr/bin/cmake --install /app/dev_ws/build/image_geometry
[135.478s] -- Install configuration: ""
[135.479s] -- Installing: /app/dev_ws/install/image_geometry/share/image_geometry/environment/pythonpath.sh
[135.480s] -- Installing: /app/dev_ws/install/image_geometry/share/image_geometry/environment/pythonpath.dsv
[135.481s] -- Installing: /app/dev_ws/install/image_geometry/lib/python3.8/site-packages/image_geometry
[135.482s] -- Installing: /app/dev_ws/install/image_geometry/lib/python3.8/site-packages/image_geometry/cameramodels.py
[135.485s] -- Installing: /app/dev_ws/install/image_geometry/lib/python3.8/site-packages/image_geometry/__init__.py
[135.982s] Listing '/app/dev_ws/install/image_geometry/lib/python3.8/site-packages/image_geometry'...
[135.983s] Compiling '/app/dev_ws/install/image_geometry/lib/python3.8/site-packages/image_geometry/__init__.py'...
[135.985s] Compiling '/app/dev_ws/install/image_geometry/lib/python3.8/site-packages/image_geometry/cameramodels.py'...
[136.017s] -- Installing: /app/dev_ws/install/image_geometry/include/image_geometry
[136.018s] -- Installing: /app/dev_ws/install/image_geometry/include/image_geometry/image_geometry
[136.019s] -- Installing: /app/dev_ws/install/image_geometry/include/image_geometry/image_geometry/pinhole_camera_model.h
[136.021s] -- Installing: /app/dev_ws/install/image_geometry/include/image_geometry/image_geometry/stereo_camera_model.h
[136.036s] -- Installing: /app/dev_ws/install/image_geometry/include/image_geometry/image_geometry/visibility_control.hpp
[136.039s] -- Installing: /app/dev_ws/install/image_geometry/lib/libimage_geometry.so
[136.047s] -- Set runtime path of "/app/dev_ws/install/image_geometry/lib/libimage_geometry.so" to ""
[136.049s] -- Installing: /app/dev_ws/install/image_geometry/share/ament_index/resource_index/package_run_dependencies/image_geometry
[136.052s] -- Installing: /app/dev_ws/install/image_geometry/share/ament_index/resource_index/parent_prefix_path/image_geometry
[136.054s] -- Installing: /app/dev_ws/install/image_geometry/share/image_geometry/environment/ament_prefix_path.sh
[136.058s] -- Installing: /app/dev_ws/install/image_geometry/share/image_geometry/environment/ament_prefix_path.dsv
[136.063s] -- Installing: /app/dev_ws/install/image_geometry/share/image_geometry/environment/path.sh
[136.065s] -- Installing: /app/dev_ws/install/image_geometry/share/image_geometry/environment/path.dsv
[136.067s] -- Installing: /app/dev_ws/install/image_geometry/share/image_geometry/local_setup.bash
[136.070s] -- Installing: /app/dev_ws/install/image_geometry/share/image_geometry/local_setup.sh
[136.072s] -- Installing: /app/dev_ws/install/image_geometry/share/image_geometry/local_setup.zsh
[136.074s] -- Installing: /app/dev_ws/install/image_geometry/share/image_geometry/local_setup.dsv
[136.076s] -- Installing: /app/dev_ws/install/image_geometry/share/image_geometry/package.dsv
[136.079s] -- Installing: /app/dev_ws/install/image_geometry/share/ament_index/resource_index/packages/image_geometry
[136.082s] -- Installing: /app/dev_ws/install/image_geometry/share/image_geometry/cmake/export_image_geometryExport.cmake
[136.084s] -- Installing: /app/dev_ws/install/image_geometry/share/image_geometry/cmake/export_image_geometryExport-noconfig.cmake
[136.087s] -- Installing: /app/dev_ws/install/image_geometry/share/image_geometry/cmake/ament_cmake_export_targets-extras.cmake
[136.089s] -- Installing: /app/dev_ws/install/image_geometry/share/image_geometry/cmake/ament_cmake_export_dependencies-extras.cmake
[136.091s] -- Installing: /app/dev_ws/install/image_geometry/share/image_geometry/cmake/image_geometryConfig.cmake
[136.095s] -- Installing: /app/dev_ws/install/image_geometry/share/image_geometry/cmake/image_geometryConfig-version.cmake
[136.098s] -- Installing: /app/dev_ws/install/image_geometry/share/image_geometry/package.xml
[136.122s] Invoked command in '/app/dev_ws/build/image_geometry' returned '0': CMAKE_PREFIX_PATH=${CMAKE_PREFIX_PATH}:/opt/ros/foxy:/app/dev_ws/install/xsens_driver:/app/dev_ws/install/cam_client:/app/dev_ws/install/ntrip_client:/app/dev_ws/install/central /usr/bin/cmake --install /app/dev_ws/build/image_geometry
