[3.452s] Invoking command in '/app/dev_ws/src/central': PYTHONPATH=/app/dev_ws/install/central/lib/python3.8/site-packages:${PYTHONPATH} /usr/bin/python3 setup.py egg_info --egg-base ../../build/central build --build-base /app/dev_ws/build/central/build install --prefix /app/dev_ws/install/central --record /app/dev_ws/build/central/install.log --single-version-externally-managed
[4.684s] running egg_info
[4.686s] writing ../../build/central/central.egg-info/PKG-INFO
[4.687s] writing dependency_links to ../../build/central/central.egg-info/dependency_links.txt
[4.689s] writing entry points to ../../build/central/central.egg-info/entry_points.txt
[4.690s] writing requirements to ../../build/central/central.egg-info/requires.txt
[4.691s] writing top-level names to ../../build/central/central.egg-info/top_level.txt
[4.856s] reading manifest file '../../build/central/central.egg-info/SOURCES.txt'
[4.861s] writing manifest file '../../build/central/central.egg-info/SOURCES.txt'
[4.862s] running build
[4.862s] running build_py
[4.863s] copying central/central_data.py -> /app/dev_ws/build/central/build/lib/central
[4.865s] running install
[4.869s] running install_lib
[4.875s] copying /app/dev_ws/build/central/build/lib/central/central_data.py -> /app/dev_ws/install/central/lib/python3.8/site-packages/central
[4.879s] byte-compiling /app/dev_ws/install/central/lib/python3.8/site-packages/central/central_data.py to central_data.cpython-38.pyc
[4.901s] running install_data
[4.904s] running install_egg_info
[4.912s] removing '/app/dev_ws/install/central/lib/python3.8/site-packages/central-0.0.0-py3.8.egg-info' (and everything under it)
[4.914s] Copying ../../build/central/central.egg-info to /app/dev_ws/install/central/lib/python3.8/site-packages/central-0.0.0-py3.8.egg-info
[4.920s] running install_scripts
[5.002s] Installing collect_data script to /app/dev_ws/install/central/lib/central
[5.003s] Installing config script to /app/dev_ws/install/central/lib/central
[5.005s] writing list of installed files to '/app/dev_ws/build/central/install.log'
[5.110s] Invoked command in '/app/dev_ws/src/central' returned '0': PYTHONPATH=/app/dev_ws/install/central/lib/python3.8/site-packages:${PYTHONPATH} /usr/bin/python3 setup.py egg_info --egg-base ../../build/central build --build-base /app/dev_ws/build/central/build install --prefix /app/dev_ws/install/central --record /app/dev_ws/build/central/install.log --single-version-externally-managed
