[2.890s] Invoking command in '/app/dev_ws/src/ntrip_client': PYTHONPATH=/app/dev_ws/install/ntrip_client/lib/python3.8/site-packages:${PYTHONPATH} /usr/bin/python3 setup.py egg_info --egg-base ../../build/ntrip_client build --build-base /app/dev_ws/build/ntrip_client/build install --prefix /app/dev_ws/install/ntrip_client --record /app/dev_ws/build/ntrip_client/install.log --single-version-externally-managed
[3.916s] running egg_info
[3.918s] writing ../../build/ntrip_client/ntrip_client.egg-info/PKG-INFO
[3.919s] writing dependency_links to ../../build/ntrip_client/ntrip_client.egg-info/dependency_links.txt
[3.921s] writing entry points to ../../build/ntrip_client/ntrip_client.egg-info/entry_points.txt
[3.922s] writing requirements to ../../build/ntrip_client/ntrip_client.egg-info/requires.txt
[3.924s] writing top-level names to ../../build/ntrip_client/ntrip_client.egg-info/top_level.txt
[4.083s] reading manifest file '../../build/ntrip_client/ntrip_client.egg-info/SOURCES.txt'
[4.088s] writing manifest file '../../build/ntrip_client/ntrip_client.egg-info/SOURCES.txt'
[4.088s] running build
[4.089s] running build_py
[4.090s] copying ntrip_client/ntrip_pub.py -> /app/dev_ws/build/ntrip_client/build/lib/ntrip_client
[4.091s] running install
[4.095s] running install_lib
[4.100s] copying /app/dev_ws/build/ntrip_client/build/lib/ntrip_client/ntrip_pub.py -> /app/dev_ws/install/ntrip_client/lib/python3.8/site-packages/ntrip_client
[4.103s] byte-compiling /app/dev_ws/install/ntrip_client/lib/python3.8/site-packages/ntrip_client/ntrip_pub.py to ntrip_pub.cpython-38.pyc
[4.109s] Sorry: IndentationError: unindent does not match any outer indentation level (ntrip_pub.py, line 138)
[4.110s] running install_data
[4.111s] running install_egg_info
[4.118s] removing '/app/dev_ws/install/ntrip_client/lib/python3.8/site-packages/ntrip_client-0.0.0-py3.8.egg-info' (and everything under it)
[4.120s] Copying ../../build/ntrip_client/ntrip_client.egg-info to /app/dev_ws/install/ntrip_client/lib/python3.8/site-packages/ntrip_client-0.0.0-py3.8.egg-info
[4.127s] running install_scripts
[4.205s] Installing main script to /app/dev_ws/install/ntrip_client/lib/ntrip_client
[4.207s] writing list of installed files to '/app/dev_ws/build/ntrip_client/install.log'
[4.307s] Invoked command in '/app/dev_ws/src/ntrip_client' returned '0': PYTHONPATH=/app/dev_ws/install/ntrip_client/lib/python3.8/site-packages:${PYTHONPATH} /usr/bin/python3 setup.py egg_info --egg-base ../../build/ntrip_client build --build-base /app/dev_ws/build/ntrip_client/build install --prefix /app/dev_ws/install/ntrip_client --record /app/dev_ws/build/ntrip_client/install.log --single-version-externally-managed
