[2.716s] Invoking command in '/app/dev_ws/src/ntrip_client': PYTHONPATH=/app/dev_ws/install/ntrip_client/lib/python3.8/site-packages:${PYTHONPATH} /usr/bin/python3 setup.py egg_info --egg-base ../../build/ntrip_client build --build-base /app/dev_ws/build/ntrip_client/build install --prefix /app/dev_ws/install/ntrip_client --record /app/dev_ws/build/ntrip_client/install.log --single-version-externally-managed
[3.666s] running egg_info
[3.668s] writing ../../build/ntrip_client/ntrip_client.egg-info/PKG-INFO
[3.670s] writing dependency_links to ../../build/ntrip_client/ntrip_client.egg-info/dependency_links.txt
[3.671s] writing entry points to ../../build/ntrip_client/ntrip_client.egg-info/entry_points.txt
[3.672s] writing requirements to ../../build/ntrip_client/ntrip_client.egg-info/requires.txt
[3.672s] writing top-level names to ../../build/ntrip_client/ntrip_client.egg-info/top_level.txt
[3.830s] reading manifest file '../../build/ntrip_client/ntrip_client.egg-info/SOURCES.txt'
[3.834s] writing manifest file '../../build/ntrip_client/ntrip_client.egg-info/SOURCES.txt'
[3.835s] running build
[3.835s] running build_py
[3.836s] copying ntrip_client/ntrip_pub.py -> /app/dev_ws/build/ntrip_client/build/lib/ntrip_client
[3.837s] running install
[3.841s] running install_lib
[3.845s] copying /app/dev_ws/build/ntrip_client/build/lib/ntrip_client/ntrip_pub.py -> /app/dev_ws/install/ntrip_client/lib/python3.8/site-packages/ntrip_client
[3.848s] byte-compiling /app/dev_ws/install/ntrip_client/lib/python3.8/site-packages/ntrip_client/ntrip_pub.py to ntrip_pub.cpython-38.pyc
[3.854s]   File "/app/dev_ws/install/ntrip_client/lib/python3.8/site-packages/ntrip_client/ntrip_pub.py", line 35
[3.855s]     if self.host != msg.host or self.port = msg.port:
[3.855s]                                           ^
[3.856s] SyntaxError: invalid syntax
[3.856s] 
[3.857s] running install_data
[3.857s] running install_egg_info
[3.863s] removing '/app/dev_ws/install/ntrip_client/lib/python3.8/site-packages/ntrip_client-0.0.0-py3.8.egg-info' (and everything under it)
[3.865s] Copying ../../build/ntrip_client/ntrip_client.egg-info to /app/dev_ws/install/ntrip_client/lib/python3.8/site-packages/ntrip_client-0.0.0-py3.8.egg-info
[3.871s] running install_scripts
[3.945s] Installing main script to /app/dev_ws/install/ntrip_client/lib/ntrip_client
[3.947s] writing list of installed files to '/app/dev_ws/build/ntrip_client/install.log'
[4.046s] Invoked command in '/app/dev_ws/src/ntrip_client' returned '0': PYTHONPATH=/app/dev_ws/install/ntrip_client/lib/python3.8/site-packages:${PYTHONPATH} /usr/bin/python3 setup.py egg_info --egg-base ../../build/ntrip_client build --build-base /app/dev_ws/build/ntrip_client/build install --prefix /app/dev_ws/install/ntrip_client --record /app/dev_ws/build/ntrip_client/install.log --single-version-externally-managed
