[4.622s] Invoking command in '/app/dev_ws/src/central': PYTHONPATH=/app/dev_ws/install/central/lib/python3.8/site-packages:${PYTHONPATH} /usr/bin/python3 setup.py egg_info --egg-base ../../build/central build --build-base /app/dev_ws/build/central/build install --prefix /app/dev_ws/install/central --record /app/dev_ws/build/central/install.log --single-version-externally-managed
[5.856s] running egg_info
[5.858s] writing ../../build/central/central.egg-info/PKG-INFO
[5.860s] writing dependency_links to ../../build/central/central.egg-info/dependency_links.txt
[5.863s] writing entry points to ../../build/central/central.egg-info/entry_points.txt
[5.867s] writing requirements to ../../build/central/central.egg-info/requires.txt
[5.873s] writing top-level names to ../../build/central/central.egg-info/top_level.txt
[6.109s] reading manifest file '../../build/central/central.egg-info/SOURCES.txt'
[6.114s] writing manifest file '../../build/central/central.egg-info/SOURCES.txt'
[6.115s] running build
[6.116s] running build_py
[6.117s] running install
[6.121s] running install_lib
[6.130s] running install_data
[6.134s] running install_egg_info
[6.145s] removing '/app/dev_ws/install/central/lib/python3.8/site-packages/central-0.0.0-py3.8.egg-info' (and everything under it)
[6.147s] Copying ../../build/central/central.egg-info to /app/dev_ws/install/central/lib/python3.8/site-packages/central-0.0.0-py3.8.egg-info
[6.156s] running install_scripts
[6.256s] Installing collect_data script to /app/dev_ws/install/central/lib/central
[6.257s] Installing config script to /app/dev_ws/install/central/lib/central
[6.259s] writing list of installed files to '/app/dev_ws/build/central/install.log'
[7.142s] Invoked command in '/app/dev_ws/src/central' returned '0': PYTHONPATH=/app/dev_ws/install/central/lib/python3.8/site-packages:${PYTHONPATH} /usr/bin/python3 setup.py egg_info --egg-base ../../build/central build --build-base /app/dev_ws/build/central/build install --prefix /app/dev_ws/install/central --record /app/dev_ws/build/central/install.log --single-version-externally-managed
