[3.312s] Invoking command in '/app/dev_ws/src/central': PYTHONPATH=/app/dev_ws/install/central/lib/python3.8/site-packages:${PYTHONPATH} /usr/bin/python3 setup.py egg_info --egg-base ../../build/central build --build-base /app/dev_ws/build/central/build install --prefix /app/dev_ws/install/central --record /app/dev_ws/build/central/install.log --single-version-externally-managed
[4.398s] running egg_info
[4.400s] writing ../../build/central/central.egg-info/PKG-INFO
[4.403s] writing dependency_links to ../../build/central/central.egg-info/dependency_links.txt
[4.404s] writing entry points to ../../build/central/central.egg-info/entry_points.txt
[4.405s] writing requirements to ../../build/central/central.egg-info/requires.txt
[4.406s] writing top-level names to ../../build/central/central.egg-info/top_level.txt
[4.576s] reading manifest file '../../build/central/central.egg-info/SOURCES.txt'
[4.582s] writing manifest file '../../build/central/central.egg-info/SOURCES.txt'
[4.583s] running build
[4.583s] running build_py
[4.588s] copying central/central_data.py -> /app/dev_ws/build/central/build/lib/central
[4.591s] running install
[4.595s] running install_lib
[4.600s] copying /app/dev_ws/build/central/build/lib/central/central_data.py -> /app/dev_ws/install/central/lib/python3.8/site-packages/central
[4.604s] byte-compiling /app/dev_ws/install/central/lib/python3.8/site-packages/central/central_data.py to central_data.cpython-38.pyc
[4.626s] running install_data
[4.628s] running install_egg_info
[4.635s] removing '/app/dev_ws/install/central/lib/python3.8/site-packages/central-0.0.0-py3.8.egg-info' (and everything under it)
[4.637s] Copying ../../build/central/central.egg-info to /app/dev_ws/install/central/lib/python3.8/site-packages/central-0.0.0-py3.8.egg-info
[4.644s] running install_scripts
[4.724s] Installing collect_data script to /app/dev_ws/install/central/lib/central
[4.725s] Installing config script to /app/dev_ws/install/central/lib/central
[4.727s] writing list of installed files to '/app/dev_ws/build/central/install.log'
[4.830s] Invoked command in '/app/dev_ws/src/central' returned '0': PYTHONPATH=/app/dev_ws/install/central/lib/python3.8/site-packages:${PYTHONPATH} /usr/bin/python3 setup.py egg_info --egg-base ../../build/central build --build-base /app/dev_ws/build/central/build install --prefix /app/dev_ws/install/central --record /app/dev_ws/build/central/install.log --single-version-externally-managed
