[3.318s] Invoking command in '/app/dev_ws/src/cam_client': PYTHONPATH=/app/dev_ws/install/cam_client/lib/python3.8/site-packages:/app/dev_ws/install/xsens_msgs/lib/python3.8/site-packages:/app/dev_ws/install/xsens_driver/lib/python3.8/site-packages:/app/dev_ws/install/cam_client/lib/python3.8/site-packages:/app/dev_ws/install/rosbridge_test_msgs/lib/python3.8/site-packages:/app/dev_ws/install/rosbridge_server/lib/python3.8/site-packages:/app/dev_ws/install/rosbridge_msgs/lib/python3.8/site-packages:/app/dev_ws/install/rosapi/lib/python3.8/site-packages:/app/dev_ws/install/rosbridge_library/lib/python3.8/site-packages:/app/dev_ws/install/rosapi_msgs/lib/python3.8/site-packages:/app/dev_ws/install/ntrip_client/lib/python3.8/site-packages:/app/dev_ws/install/central/lib/python3.8/site-packages:/opt/ros/foxy/lib/python3.8/site-packages /usr/bin/python3 setup.py egg_info --egg-base ../../build/cam_client build --build-base /app/dev_ws/build/cam_client/build install --prefix /app/dev_ws/install/cam_client --record /app/dev_ws/build/cam_client/install.log --single-version-externally-managed
[4.444s] running egg_info
[4.446s] writing ../../build/cam_client/cam_client.egg-info/PKG-INFO
[4.447s] writing dependency_links to ../../build/cam_client/cam_client.egg-info/dependency_links.txt
[4.448s] writing entry points to ../../build/cam_client/cam_client.egg-info/entry_points.txt
[4.449s] writing requirements to ../../build/cam_client/cam_client.egg-info/requires.txt
[4.450s] writing top-level names to ../../build/cam_client/cam_client.egg-info/top_level.txt
[4.618s] reading manifest file '../../build/cam_client/cam_client.egg-info/SOURCES.txt'
[4.623s] writing manifest file '../../build/cam_client/cam_client.egg-info/SOURCES.txt'
[4.623s] running build
[4.624s] running build_py
[4.624s] copying cam_client/cam_client.py -> /app/dev_ws/build/cam_client/build/lib/cam_client
[4.627s] running install
[4.631s] running install_lib
[4.636s] copying /app/dev_ws/build/cam_client/build/lib/cam_client/cam_client.py -> /app/dev_ws/install/cam_client/lib/python3.8/site-packages/cam_client
[4.640s] byte-compiling /app/dev_ws/install/cam_client/lib/python3.8/site-packages/cam_client/cam_client.py to cam_client.cpython-38.pyc
[4.650s] running install_data
[4.653s] running install_egg_info
[4.660s] removing '/app/dev_ws/install/cam_client/lib/python3.8/site-packages/cam_client-0.0.0-py3.8.egg-info' (and everything under it)
[4.662s] Copying ../../build/cam_client/cam_client.egg-info to /app/dev_ws/install/cam_client/lib/python3.8/site-packages/cam_client-0.0.0-py3.8.egg-info
[4.669s] running install_scripts
[4.755s] Installing main script to /app/dev_ws/install/cam_client/lib/cam_client
[4.757s] writing list of installed files to '/app/dev_ws/build/cam_client/install.log'
[4.861s] Invoked command in '/app/dev_ws/src/cam_client' returned '0': PYTHONPATH=/app/dev_ws/install/cam_client/lib/python3.8/site-packages:/app/dev_ws/install/xsens_msgs/lib/python3.8/site-packages:/app/dev_ws/install/xsens_driver/lib/python3.8/site-packages:/app/dev_ws/install/cam_client/lib/python3.8/site-packages:/app/dev_ws/install/rosbridge_test_msgs/lib/python3.8/site-packages:/app/dev_ws/install/rosbridge_server/lib/python3.8/site-packages:/app/dev_ws/install/rosbridge_msgs/lib/python3.8/site-packages:/app/dev_ws/install/rosapi/lib/python3.8/site-packages:/app/dev_ws/install/rosbridge_library/lib/python3.8/site-packages:/app/dev_ws/install/rosapi_msgs/lib/python3.8/site-packages:/app/dev_ws/install/ntrip_client/lib/python3.8/site-packages:/app/dev_ws/install/central/lib/python3.8/site-packages:/opt/ros/foxy/lib/python3.8/site-packages /usr/bin/python3 setup.py egg_info --egg-base ../../build/cam_client build --build-base /app/dev_ws/build/cam_client/build install --prefix /app/dev_ws/install/cam_client --record /app/dev_ws/build/cam_client/install.log --single-version-externally-managed
