[3.276s] Invoking command in '/app/dev_ws/src/ntrip_client': PYTHONPATH=/app/dev_ws/install/ntrip_client/lib/python3.8/site-packages:${PYTHONPATH} /usr/bin/python3 setup.py egg_info --egg-base ../../build/ntrip_client build --build-base /app/dev_ws/build/ntrip_client/build install --prefix /app/dev_ws/install/ntrip_client --record /app/dev_ws/build/ntrip_client/install.log --single-version-externally-managed
[4.308s] running egg_info
[4.310s] writing ../../build/ntrip_client/ntrip_client.egg-info/PKG-INFO
[4.312s] writing dependency_links to ../../build/ntrip_client/ntrip_client.egg-info/dependency_links.txt
[4.313s] writing entry points to ../../build/ntrip_client/ntrip_client.egg-info/entry_points.txt
[4.314s] writing requirements to ../../build/ntrip_client/ntrip_client.egg-info/requires.txt
[4.314s] writing top-level names to ../../build/ntrip_client/ntrip_client.egg-info/top_level.txt
[4.533s] reading manifest file '../../build/ntrip_client/ntrip_client.egg-info/SOURCES.txt'
[4.538s] writing manifest file '../../build/ntrip_client/ntrip_client.egg-info/SOURCES.txt'
[4.539s] running build
[4.540s] running build_py
[4.542s] copying ntrip_client/ntrip_pub.py -> /app/dev_ws/build/ntrip_client/build/lib/ntrip_client
[4.543s] running install
[4.547s] running install_lib
[4.553s] copying /app/dev_ws/build/ntrip_client/build/lib/ntrip_client/ntrip_pub.py -> /app/dev_ws/install/ntrip_client/lib/python3.8/site-packages/ntrip_client
[4.564s] byte-compiling /app/dev_ws/install/ntrip_client/lib/python3.8/site-packages/ntrip_client/ntrip_pub.py to ntrip_pub.cpython-38.pyc
[4.577s] running install_data
[4.579s] running install_egg_info
[4.597s] removing '/app/dev_ws/install/ntrip_client/lib/python3.8/site-packages/ntrip_client-0.0.0-py3.8.egg-info' (and everything under it)
[4.602s] Copying ../../build/ntrip_client/ntrip_client.egg-info to /app/dev_ws/install/ntrip_client/lib/python3.8/site-packages/ntrip_client-0.0.0-py3.8.egg-info
[4.615s] running install_scripts
[4.755s] Installing main script to /app/dev_ws/install/ntrip_client/lib/ntrip_client
[4.759s] writing list of installed files to '/app/dev_ws/build/ntrip_client/install.log'
[4.922s] Invoked command in '/app/dev_ws/src/ntrip_client' returned '0': PYTHONPATH=/app/dev_ws/install/ntrip_client/lib/python3.8/site-packages:${PYTHONPATH} /usr/bin/python3 setup.py egg_info --egg-base ../../build/ntrip_client build --build-base /app/dev_ws/build/ntrip_client/build install --prefix /app/dev_ws/install/ntrip_client --record /app/dev_ws/build/ntrip_client/install.log --single-version-externally-managed
