[2.715s] Invoking command in '/app/dev_ws/src/ntrip_client': PYTHONPATH=/app/dev_ws/install/ntrip_client/lib/python3.8/site-packages:${PYTHONPATH} /usr/bin/python3 setup.py egg_info --egg-base ../../build/ntrip_client build --build-base /app/dev_ws/build/ntrip_client/build install --prefix /app/dev_ws/install/ntrip_client --record /app/dev_ws/build/ntrip_client/install.log --single-version-externally-managed
[3.660s] running egg_info
[3.662s] writing ../../build/ntrip_client/ntrip_client.egg-info/PKG-INFO
[3.664s] writing dependency_links to ../../build/ntrip_client/ntrip_client.egg-info/dependency_links.txt
[3.665s] writing entry points to ../../build/ntrip_client/ntrip_client.egg-info/entry_points.txt
[3.665s] writing requirements to ../../build/ntrip_client/ntrip_client.egg-info/requires.txt
[3.666s] writing top-level names to ../../build/ntrip_client/ntrip_client.egg-info/top_level.txt
[3.821s] reading manifest file '../../build/ntrip_client/ntrip_client.egg-info/SOURCES.txt'
[3.826s] writing manifest file '../../build/ntrip_client/ntrip_client.egg-info/SOURCES.txt'
[3.826s] running build
[3.827s] running build_py
[3.828s] running install
[3.831s] running install_lib
[3.838s] running install_data
[3.840s] running install_egg_info
[3.848s] removing '/app/dev_ws/install/ntrip_client/lib/python3.8/site-packages/ntrip_client-0.0.0-py3.8.egg-info' (and everything under it)
[3.849s] Copying ../../build/ntrip_client/ntrip_client.egg-info to /app/dev_ws/install/ntrip_client/lib/python3.8/site-packages/ntrip_client-0.0.0-py3.8.egg-info
[3.856s] running install_scripts
[3.930s] Installing main script to /app/dev_ws/install/ntrip_client/lib/ntrip_client
[3.931s] writing list of installed files to '/app/dev_ws/build/ntrip_client/install.log'
[4.028s] Invoked command in '/app/dev_ws/src/ntrip_client' returned '0': PYTHONPATH=/app/dev_ws/install/ntrip_client/lib/python3.8/site-packages:${PYTHONPATH} /usr/bin/python3 setup.py egg_info --egg-base ../../build/ntrip_client build --build-base /app/dev_ws/build/ntrip_client/build install --prefix /app/dev_ws/install/ntrip_client --record /app/dev_ws/build/ntrip_client/install.log --single-version-externally-managed
