[4.612s] Invoking command in '/app/dev_ws/src/central': PYTHONPATH=/app/dev_ws/install/central/lib/python3.8/site-packages:${PYTHONPATH} /usr/bin/python3 setup.py egg_info --egg-base ../../build/central build --build-base /app/dev_ws/build/central/build install --prefix /app/dev_ws/install/central --record /app/dev_ws/build/central/install.log --single-version-externally-managed
[5.886s] running egg_info
[5.890s] writing ../../build/central/central.egg-info/PKG-INFO
[5.892s] writing dependency_links to ../../build/central/central.egg-info/dependency_links.txt
[5.895s] writing entry points to ../../build/central/central.egg-info/entry_points.txt
[5.904s] writing requirements to ../../build/central/central.egg-info/requires.txt
[5.905s] writing top-level names to ../../build/central/central.egg-info/top_level.txt
[6.127s] reading manifest file '../../build/central/central.egg-info/SOURCES.txt'
[6.136s] writing manifest file '../../build/central/central.egg-info/SOURCES.txt'
[6.138s] running build
[6.139s] running build_py
[6.142s] copying central/central_config.py -> /app/dev_ws/build/central/build/lib/central
[6.147s] running install
[6.154s] running install_lib
[6.170s] copying /app/dev_ws/build/central/build/lib/central/central_config.py -> /app/dev_ws/install/central/lib/python3.8/site-packages/central
[6.174s] byte-compiling /app/dev_ws/install/central/lib/python3.8/site-packages/central/central_config.py to central_config.cpython-38.pyc
[6.182s] running install_data
[6.184s] running install_egg_info
[6.193s] removing '/app/dev_ws/install/central/lib/python3.8/site-packages/central-0.0.0-py3.8.egg-info' (and everything under it)
[6.195s] Copying ../../build/central/central.egg-info to /app/dev_ws/install/central/lib/python3.8/site-packages/central-0.0.0-py3.8.egg-info
[6.205s] running install_scripts
[6.311s] Installing main script to /app/dev_ws/install/central/lib/central
[6.313s] writing list of installed files to '/app/dev_ws/build/central/install.log'
[7.226s] Invoked command in '/app/dev_ws/src/central' returned '0': PYTHONPATH=/app/dev_ws/install/central/lib/python3.8/site-packages:${PYTHONPATH} /usr/bin/python3 setup.py egg_info --egg-base ../../build/central build --build-base /app/dev_ws/build/central/build install --prefix /app/dev_ws/install/central --record /app/dev_ws/build/central/install.log --single-version-externally-managed
