[3.116s] Invoking command in '/app/dev_ws/src/central': PYTHONPATH=/app/dev_ws/install/central/lib/python3.8/site-packages:${PYTHONPATH} /usr/bin/python3 setup.py egg_info --egg-base ../../build/central build --build-base /app/dev_ws/build/central/build install --prefix /app/dev_ws/install/central --record /app/dev_ws/build/central/install.log --single-version-externally-managed
[4.219s] running egg_info
[4.221s] writing ../../build/central/central.egg-info/PKG-INFO
[4.222s] writing dependency_links to ../../build/central/central.egg-info/dependency_links.txt
[4.223s] writing entry points to ../../build/central/central.egg-info/entry_points.txt
[4.224s] writing requirements to ../../build/central/central.egg-info/requires.txt
[4.225s] writing top-level names to ../../build/central/central.egg-info/top_level.txt
[4.389s] reading manifest file '../../build/central/central.egg-info/SOURCES.txt'
[4.393s] writing manifest file '../../build/central/central.egg-info/SOURCES.txt'
[4.394s] running build
[4.395s] running build_py
[4.396s] running install
[4.401s] running install_lib
[4.408s] running install_data
[4.411s] running install_egg_info
[4.420s] removing '/app/dev_ws/install/central/lib/python3.8/site-packages/central-0.0.0-py3.8.egg-info' (and everything under it)
[4.421s] Copying ../../build/central/central.egg-info to /app/dev_ws/install/central/lib/python3.8/site-packages/central-0.0.0-py3.8.egg-info
[4.427s] running install_scripts
[4.508s] Installing collect_data script to /app/dev_ws/install/central/lib/central
[4.509s] Installing config script to /app/dev_ws/install/central/lib/central
[4.512s] writing list of installed files to '/app/dev_ws/build/central/install.log'
[4.609s] Invoked command in '/app/dev_ws/src/central' returned '0': PYTHONPATH=/app/dev_ws/install/central/lib/python3.8/site-packages:${PYTHONPATH} /usr/bin/python3 setup.py egg_info --egg-base ../../build/central build --build-base /app/dev_ws/build/central/build install --prefix /app/dev_ws/install/central --record /app/dev_ws/build/central/install.log --single-version-externally-managed
