[2.971s] Invoking command in '/app/dev_ws/src/central': PYTHONPATH=/app/dev_ws/install/central/lib/python3.8/site-packages:${PYTHONPATH} /usr/bin/python3 setup.py egg_info --egg-base ../../build/central build --build-base /app/dev_ws/build/central/build install --prefix /app/dev_ws/install/central --record /app/dev_ws/build/central/install.log --single-version-externally-managed
[4.046s] running egg_info
[4.048s] writing ../../build/central/central.egg-info/PKG-INFO
[5.503s] writing dependency_links to ../../build/central/central.egg-info/dependency_links.txt
[8.580s] writing entry points to ../../build/central/central.egg-info/entry_points.txt
[8.586s] writing requirements to ../../build/central/central.egg-info/requires.txt
[8.587s] writing top-level names to ../../build/central/central.egg-info/top_level.txt
[8.803s] reading manifest file '../../build/central/central.egg-info/SOURCES.txt'
[8.809s] writing manifest file '../../build/central/central.egg-info/SOURCES.txt'
[8.810s] running build
[8.811s] running build_py
[8.812s] copying central/central_data.py -> /app/dev_ws/build/central/build/lib/central
[8.814s] running install
[8.819s] running install_lib
[8.824s] copying /app/dev_ws/build/central/build/lib/central/central_data.py -> /app/dev_ws/install/central/lib/python3.8/site-packages/central
[8.829s] byte-compiling /app/dev_ws/install/central/lib/python3.8/site-packages/central/central_data.py to central_data.cpython-38.pyc
[8.843s] running install_data
[8.845s] running install_egg_info
[8.854s] removing '/app/dev_ws/install/central/lib/python3.8/site-packages/central-0.0.0-py3.8.egg-info' (and everything under it)
[8.857s] Copying ../../build/central/central.egg-info to /app/dev_ws/install/central/lib/python3.8/site-packages/central-0.0.0-py3.8.egg-info
[8.865s] running install_scripts
[8.956s] Installing collect_data script to /app/dev_ws/install/central/lib/central
[8.957s] Installing config script to /app/dev_ws/install/central/lib/central
[8.959s] writing list of installed files to '/app/dev_ws/build/central/install.log'
[9.060s] Invoked command in '/app/dev_ws/src/central' returned '0': PYTHONPATH=/app/dev_ws/install/central/lib/python3.8/site-packages:${PYTHONPATH} /usr/bin/python3 setup.py egg_info --egg-base ../../build/central build --build-base /app/dev_ws/build/central/build install --prefix /app/dev_ws/install/central --record /app/dev_ws/build/central/install.log --single-version-externally-managed
