[4.047s] Invoking command in '/app/dev_ws/src/central': PYTHONPATH=/app/dev_ws/install/central/lib/python3.8/site-packages:${PYTHONPATH} /usr/bin/python3 setup.py egg_info --egg-base ../../build/central build --build-base /app/dev_ws/build/central/build install --prefix /app/dev_ws/install/central --record /app/dev_ws/build/central/install.log --single-version-externally-managed
[5.162s] running egg_info
[5.164s] writing ../../build/central/central.egg-info/PKG-INFO
[5.165s] writing dependency_links to ../../build/central/central.egg-info/dependency_links.txt
[5.166s] writing entry points to ../../build/central/central.egg-info/entry_points.txt
[5.167s] writing requirements to ../../build/central/central.egg-info/requires.txt
[5.168s] writing top-level names to ../../build/central/central.egg-info/top_level.txt
[5.337s] reading manifest file '../../build/central/central.egg-info/SOURCES.txt'
[5.341s] writing manifest file '../../build/central/central.egg-info/SOURCES.txt'
[5.341s] running build
[5.342s] running build_py
[5.342s] copying central/central_data.py -> /app/dev_ws/build/central/build/lib/central
[5.344s] running install
[5.348s] running install_lib
[5.354s] copying /app/dev_ws/build/central/build/lib/central/central_data.py -> /app/dev_ws/install/central/lib/python3.8/site-packages/central
[5.358s] byte-compiling /app/dev_ws/install/central/lib/python3.8/site-packages/central/central_data.py to central_data.cpython-38.pyc
[5.379s] running install_data
[5.382s] running install_egg_info
[5.389s] removing '/app/dev_ws/install/central/lib/python3.8/site-packages/central-0.0.0-py3.8.egg-info' (and everything under it)
[5.391s] Copying ../../build/central/central.egg-info to /app/dev_ws/install/central/lib/python3.8/site-packages/central-0.0.0-py3.8.egg-info
[5.397s] running install_scripts
[5.478s] Installing collect_data script to /app/dev_ws/install/central/lib/central
[5.479s] Installing config script to /app/dev_ws/install/central/lib/central
[5.481s] writing list of installed files to '/app/dev_ws/build/central/install.log'
[5.585s] Invoked command in '/app/dev_ws/src/central' returned '0': PYTHONPATH=/app/dev_ws/install/central/lib/python3.8/site-packages:${PYTHONPATH} /usr/bin/python3 setup.py egg_info --egg-base ../../build/central build --build-base /app/dev_ws/build/central/build install --prefix /app/dev_ws/install/central --record /app/dev_ws/build/central/install.log --single-version-externally-managed
