[4.878s] Invoking command in '/app/dev_ws/src/central': PYTHONPATH=/app/dev_ws/install/central/lib/python3.8/site-packages:${PYTHONPATH} /usr/bin/python3 setup.py egg_info --egg-base ../../build/central build --build-base /app/dev_ws/build/central/build install --prefix /app/dev_ws/install/central --record /app/dev_ws/build/central/install.log --single-version-externally-managed
[6.600s] running egg_info
[6.604s] creating ../../build/central/central.egg-info
[6.606s] writing ../../build/central/central.egg-info/PKG-INFO
[6.610s] writing dependency_links to ../../build/central/central.egg-info/dependency_links.txt
[6.613s] writing entry points to ../../build/central/central.egg-info/entry_points.txt
[6.614s] writing requirements to ../../build/central/central.egg-info/requires.txt
[6.615s] writing top-level names to ../../build/central/central.egg-info/top_level.txt
[6.627s] writing manifest file '../../build/central/central.egg-info/SOURCES.txt'
[6.851s] reading manifest file '../../build/central/central.egg-info/SOURCES.txt'
[6.864s] writing manifest file '../../build/central/central.egg-info/SOURCES.txt'
[6.865s] running build
[6.866s] running build_py
[6.867s] creating /app/dev_ws/build/central/build
[6.868s] creating /app/dev_ws/build/central/build/lib
[6.869s] creating /app/dev_ws/build/central/build/lib/central
[6.870s] copying central/central_data.py -> /app/dev_ws/build/central/build/lib/central
[6.872s] copying central/central_config.py -> /app/dev_ws/build/central/build/lib/central
[6.873s] copying central/__init__.py -> /app/dev_ws/build/central/build/lib/central
[6.875s] running install
[6.880s] running install_lib
[6.886s] creating /app/dev_ws/install/central/lib/python3.8/site-packages/central
[6.887s] copying /app/dev_ws/build/central/build/lib/central/central_data.py -> /app/dev_ws/install/central/lib/python3.8/site-packages/central
[6.889s] copying /app/dev_ws/build/central/build/lib/central/central_config.py -> /app/dev_ws/install/central/lib/python3.8/site-packages/central
[6.890s] copying /app/dev_ws/build/central/build/lib/central/__init__.py -> /app/dev_ws/install/central/lib/python3.8/site-packages/central
[6.894s] byte-compiling /app/dev_ws/install/central/lib/python3.8/site-packages/central/central_data.py to central_data.cpython-38.pyc
[6.907s] byte-compiling /app/dev_ws/install/central/lib/python3.8/site-packages/central/central_config.py to central_config.cpython-38.pyc
[6.911s] byte-compiling /app/dev_ws/install/central/lib/python3.8/site-packages/central/__init__.py to __init__.cpython-38.pyc
[6.913s] running install_data
[6.916s] creating /app/dev_ws/install/central/share/ament_index
[6.917s] creating /app/dev_ws/install/central/share/ament_index/resource_index
[6.918s] creating /app/dev_ws/install/central/share/ament_index/resource_index/packages
[6.919s] copying resource/central -> /app/dev_ws/install/central/share/ament_index/resource_index/packages
[6.920s] copying package.xml -> /app/dev_ws/install/central/share/central
[6.928s] running install_egg_info
[6.937s] Copying ../../build/central/central.egg-info to /app/dev_ws/install/central/lib/python3.8/site-packages/central-0.0.0-py3.8.egg-info
[6.949s] running install_scripts
[7.067s] Installing collect_data script to /app/dev_ws/install/central/lib/central
[7.069s] Installing config script to /app/dev_ws/install/central/lib/central
[7.072s] writing list of installed files to '/app/dev_ws/build/central/install.log'
[7.233s] Invoked command in '/app/dev_ws/src/central' returned '0': PYTHONPATH=/app/dev_ws/install/central/lib/python3.8/site-packages:${PYTHONPATH} /usr/bin/python3 setup.py egg_info --egg-base ../../build/central build --build-base /app/dev_ws/build/central/build install --prefix /app/dev_ws/install/central --record /app/dev_ws/build/central/install.log --single-version-externally-managed
