-- The C compiler identification is GNU 9.4.0
-- The CXX compiler identification is GNU 9.4.0
-- Check for working C compiler: /usr/bin/cc
-- Check for working C compiler: /usr/bin/cc -- works
-- Detecting C compiler ABI info
-- Detecting C compiler ABI info - done
-- Detecting C compile features
-- Detecting C compile features - done
-- Check for working CXX compiler: /usr/bin/c++
-- Check for working CXX compiler: /usr/bin/c++ -- works
-- Detecting CXX compiler ABI info
-- Detecting CXX compiler ABI info - done
-- Detecting CXX compile features
-- Detecting CXX compile features - done
-- Found ament_cmake: 0.9.9 (/opt/ros/foxy/share/ament_cmake/cmake)
-- Found PythonInterp: /usr/bin/python3 (found suitable version "3.8.10", minimum required is "3") 
-- Using PYTHON_EXECUTABLE: /usr/bin/python3
-- Configuring done
-- Generating done
-- Build files have been written to: /app/dev_ws/build/vision_opencv
-- Install configuration: ""
-- Installing: /app/dev_ws/install/vision_opencv/share/ament_index/resource_index/package_run_dependencies/vision_opencv
-- Installing: /app/dev_ws/install/vision_opencv/share/ament_index/resource_index/parent_prefix_path/vision_opencv
-- Installing: /app/dev_ws/install/vision_opencv/share/vision_opencv/environment/ament_prefix_path.sh
-- Installing: /app/dev_ws/install/vision_opencv/share/vision_opencv/environment/ament_prefix_path.dsv
-- Installing: /app/dev_ws/install/vision_opencv/share/vision_opencv/environment/path.sh
-- Installing: /app/dev_ws/install/vision_opencv/share/vision_opencv/environment/path.dsv
-- Installing: /app/dev_ws/install/vision_opencv/share/vision_opencv/local_setup.bash
-- Installing: /app/dev_ws/install/vision_opencv/share/vision_opencv/local_setup.sh
-- Installing: /app/dev_ws/install/vision_opencv/share/vision_opencv/local_setup.zsh
-- Installing: /app/dev_ws/install/vision_opencv/share/vision_opencv/local_setup.dsv
-- Installing: /app/dev_ws/install/vision_opencv/share/vision_opencv/package.dsv
-- Installing: /app/dev_ws/install/vision_opencv/share/ament_index/resource_index/packages/vision_opencv
-- Installing: /app/dev_ws/install/vision_opencv/share/vision_opencv/cmake/vision_opencvConfig.cmake
-- Installing: /app/dev_ws/install/vision_opencv/share/vision_opencv/cmake/vision_opencvConfig-version.cmake
-- Installing: /app/dev_ws/install/vision_opencv/share/vision_opencv/package.xml
