[0.368s] Invoking command in '/app/dev_ws/build/vision_opencv': AMENT_PREFIX_PATH=/app/dev_ws/install/image_geometry:/app/dev_ws/install/cv_bridge:${AMENT_PREFIX_PATH} CMAKE_PREFIX_PATH=/app/dev_ws/install/image_geometry:/app/dev_ws/install/cv_bridge:/app/dev_ws/install/xsens_msgs:/app/dev_ws/install/rosbridge_test_msgs:/app/dev_ws/install/rosbridge_suite:/app/dev_ws/install/rosbridge_server:/app/dev_ws/install/rosbridge_msgs:/app/dev_ws/install/rosapi:/app/dev_ws/install/rosbridge_library:/app/dev_ws/install/rosapi_msgs:/app/dev_ws/install/bluespace_ai_xsens_mti_driver:/opt/ros/foxy:/app/dev_ws/install/xsens_driver:/app/dev_ws/install/cam_client:/app/dev_ws/install/ntrip_client:/app/dev_ws/install/central LD_LIBRARY_PATH=/app/dev_ws/install/image_geometry/lib:/app/dev_ws/install/cv_bridge/lib:${LD_LIBRARY_PATH} PYTHONPATH=/app/dev_ws/install/image_geometry/lib/python3.8/site-packages:/app/dev_ws/install/cv_bridge/lib/python3.8/site-packages:${PYTHONPATH} /usr/bin/cmake /app/dev_ws/vision_opencv/vision_opencv -DCMAKE_INSTALL_PREFIX=/app/dev_ws/install/vision_opencv
[1.479s] -- The C compiler identification is GNU 9.4.0
[2.318s] -- The CXX compiler identification is GNU 9.4.0
[2.396s] -- Check for working C compiler: /usr/bin/cc
[4.153s] -- Check for working C compiler: /usr/bin/cc -- works
[4.172s] -- Detecting C compiler ABI info
[5.642s] -- Detecting C compiler ABI info - done
[5.829s] -- Detecting C compile features
[5.835s] -- Detecting C compile features - done
[5.875s] -- Check for working CXX compiler: /usr/bin/c++
[7.447s] -- Check for working CXX compiler: /usr/bin/c++ -- works
[7.455s] -- Detecting CXX compiler ABI info
[8.718s] -- Detecting CXX compiler ABI info - done
[8.882s] -- Detecting CXX compile features
[8.905s] -- Detecting CXX compile features - done
[8.960s] -- Found ament_cmake: 0.9.9 (/opt/ros/foxy/share/ament_cmake/cmake)
[9.717s] -- Found PythonInterp: /usr/bin/python3 (found suitable version "3.8.10", minimum required is "3") 
[9.722s] -- Using PYTHON_EXECUTABLE: /usr/bin/python3
[14.456s] -- Configuring done
[14.478s] -- Generating done
[14.489s] -- Build files have been written to: /app/dev_ws/build/vision_opencv
[14.539s] Invoked command in '/app/dev_ws/build/vision_opencv' returned '0': AMENT_PREFIX_PATH=/app/dev_ws/install/image_geometry:/app/dev_ws/install/cv_bridge:${AMENT_PREFIX_PATH} CMAKE_PREFIX_PATH=/app/dev_ws/install/image_geometry:/app/dev_ws/install/cv_bridge:/app/dev_ws/install/xsens_msgs:/app/dev_ws/install/rosbridge_test_msgs:/app/dev_ws/install/rosbridge_suite:/app/dev_ws/install/rosbridge_server:/app/dev_ws/install/rosbridge_msgs:/app/dev_ws/install/rosapi:/app/dev_ws/install/rosbridge_library:/app/dev_ws/install/rosapi_msgs:/app/dev_ws/install/bluespace_ai_xsens_mti_driver:/opt/ros/foxy:/app/dev_ws/install/xsens_driver:/app/dev_ws/install/cam_client:/app/dev_ws/install/ntrip_client:/app/dev_ws/install/central LD_LIBRARY_PATH=/app/dev_ws/install/image_geometry/lib:/app/dev_ws/install/cv_bridge/lib:${LD_LIBRARY_PATH} PYTHONPATH=/app/dev_ws/install/image_geometry/lib/python3.8/site-packages:/app/dev_ws/install/cv_bridge/lib/python3.8/site-packages:${PYTHONPATH} /usr/bin/cmake /app/dev_ws/vision_opencv/vision_opencv -DCMAKE_INSTALL_PREFIX=/app/dev_ws/install/vision_opencv
[14.559s] Invoking command in '/app/dev_ws/build/vision_opencv': AMENT_PREFIX_PATH=/app/dev_ws/install/image_geometry:/app/dev_ws/install/cv_bridge:${AMENT_PREFIX_PATH} CMAKE_PREFIX_PATH=/app/dev_ws/install/image_geometry:/app/dev_ws/install/cv_bridge:/app/dev_ws/install/xsens_msgs:/app/dev_ws/install/rosbridge_test_msgs:/app/dev_ws/install/rosbridge_suite:/app/dev_ws/install/rosbridge_server:/app/dev_ws/install/rosbridge_msgs:/app/dev_ws/install/rosapi:/app/dev_ws/install/rosbridge_library:/app/dev_ws/install/rosapi_msgs:/app/dev_ws/install/bluespace_ai_xsens_mti_driver:/opt/ros/foxy:/app/dev_ws/install/xsens_driver:/app/dev_ws/install/cam_client:/app/dev_ws/install/ntrip_client:/app/dev_ws/install/central LD_LIBRARY_PATH=/app/dev_ws/install/image_geometry/lib:/app/dev_ws/install/cv_bridge/lib:${LD_LIBRARY_PATH} PYTHONPATH=/app/dev_ws/install/image_geometry/lib/python3.8/site-packages:/app/dev_ws/install/cv_bridge/lib/python3.8/site-packages:${PYTHONPATH} /usr/bin/cmake --build /app/dev_ws/build/vision_opencv -- -j4 -l4
[15.325s] Invoked command in '/app/dev_ws/build/vision_opencv' returned '0': AMENT_PREFIX_PATH=/app/dev_ws/install/image_geometry:/app/dev_ws/install/cv_bridge:${AMENT_PREFIX_PATH} CMAKE_PREFIX_PATH=/app/dev_ws/install/image_geometry:/app/dev_ws/install/cv_bridge:/app/dev_ws/install/xsens_msgs:/app/dev_ws/install/rosbridge_test_msgs:/app/dev_ws/install/rosbridge_suite:/app/dev_ws/install/rosbridge_server:/app/dev_ws/install/rosbridge_msgs:/app/dev_ws/install/rosapi:/app/dev_ws/install/rosbridge_library:/app/dev_ws/install/rosapi_msgs:/app/dev_ws/install/bluespace_ai_xsens_mti_driver:/opt/ros/foxy:/app/dev_ws/install/xsens_driver:/app/dev_ws/install/cam_client:/app/dev_ws/install/ntrip_client:/app/dev_ws/install/central LD_LIBRARY_PATH=/app/dev_ws/install/image_geometry/lib:/app/dev_ws/install/cv_bridge/lib:${LD_LIBRARY_PATH} PYTHONPATH=/app/dev_ws/install/image_geometry/lib/python3.8/site-packages:/app/dev_ws/install/cv_bridge/lib/python3.8/site-packages:${PYTHONPATH} /usr/bin/cmake --build /app/dev_ws/build/vision_opencv -- -j4 -l4
[15.698s] Invoking command in '/app/dev_ws/build/vision_opencv': AMENT_PREFIX_PATH=/app/dev_ws/install/image_geometry:/app/dev_ws/install/cv_bridge:${AMENT_PREFIX_PATH} CMAKE_PREFIX_PATH=/app/dev_ws/install/image_geometry:/app/dev_ws/install/cv_bridge:/app/dev_ws/install/xsens_msgs:/app/dev_ws/install/rosbridge_test_msgs:/app/dev_ws/install/rosbridge_suite:/app/dev_ws/install/rosbridge_server:/app/dev_ws/install/rosbridge_msgs:/app/dev_ws/install/rosapi:/app/dev_ws/install/rosbridge_library:/app/dev_ws/install/rosapi_msgs:/app/dev_ws/install/bluespace_ai_xsens_mti_driver:/opt/ros/foxy:/app/dev_ws/install/xsens_driver:/app/dev_ws/install/cam_client:/app/dev_ws/install/ntrip_client:/app/dev_ws/install/central LD_LIBRARY_PATH=/app/dev_ws/install/image_geometry/lib:/app/dev_ws/install/cv_bridge/lib:${LD_LIBRARY_PATH} PYTHONPATH=/app/dev_ws/install/image_geometry/lib/python3.8/site-packages:/app/dev_ws/install/cv_bridge/lib/python3.8/site-packages:${PYTHONPATH} /usr/bin/cmake --install /app/dev_ws/build/vision_opencv
[15.831s] -- Install configuration: ""
[15.837s] -- Installing: /app/dev_ws/install/vision_opencv/share/ament_index/resource_index/package_run_dependencies/vision_opencv
[15.844s] -- Installing: /app/dev_ws/install/vision_opencv/share/ament_index/resource_index/parent_prefix_path/vision_opencv
[15.851s] -- Installing: /app/dev_ws/install/vision_opencv/share/vision_opencv/environment/ament_prefix_path.sh
[15.857s] -- Installing: /app/dev_ws/install/vision_opencv/share/vision_opencv/environment/ament_prefix_path.dsv
[15.863s] -- Installing: /app/dev_ws/install/vision_opencv/share/vision_opencv/environment/path.sh
[15.877s] -- Installing: /app/dev_ws/install/vision_opencv/share/vision_opencv/environment/path.dsv
[15.884s] -- Installing: /app/dev_ws/install/vision_opencv/share/vision_opencv/local_setup.bash
[15.885s] -- Installing: /app/dev_ws/install/vision_opencv/share/vision_opencv/local_setup.sh
[15.889s] -- Installing: /app/dev_ws/install/vision_opencv/share/vision_opencv/local_setup.zsh
[15.895s] -- Installing: /app/dev_ws/install/vision_opencv/share/vision_opencv/local_setup.dsv
[15.901s] -- Installing: /app/dev_ws/install/vision_opencv/share/vision_opencv/package.dsv
[15.908s] -- Installing: /app/dev_ws/install/vision_opencv/share/ament_index/resource_index/packages/vision_opencv
[15.914s] -- Installing: /app/dev_ws/install/vision_opencv/share/vision_opencv/cmake/vision_opencvConfig.cmake
[15.919s] -- Installing: /app/dev_ws/install/vision_opencv/share/vision_opencv/cmake/vision_opencvConfig-version.cmake
[15.925s] -- Installing: /app/dev_ws/install/vision_opencv/share/vision_opencv/package.xml
[15.955s] Invoked command in '/app/dev_ws/build/vision_opencv' returned '0': AMENT_PREFIX_PATH=/app/dev_ws/install/image_geometry:/app/dev_ws/install/cv_bridge:${AMENT_PREFIX_PATH} CMAKE_PREFIX_PATH=/app/dev_ws/install/image_geometry:/app/dev_ws/install/cv_bridge:/app/dev_ws/install/xsens_msgs:/app/dev_ws/install/rosbridge_test_msgs:/app/dev_ws/install/rosbridge_suite:/app/dev_ws/install/rosbridge_server:/app/dev_ws/install/rosbridge_msgs:/app/dev_ws/install/rosapi:/app/dev_ws/install/rosbridge_library:/app/dev_ws/install/rosapi_msgs:/app/dev_ws/install/bluespace_ai_xsens_mti_driver:/opt/ros/foxy:/app/dev_ws/install/xsens_driver:/app/dev_ws/install/cam_client:/app/dev_ws/install/ntrip_client:/app/dev_ws/install/central LD_LIBRARY_PATH=/app/dev_ws/install/image_geometry/lib:/app/dev_ws/install/cv_bridge/lib:${LD_LIBRARY_PATH} PYTHONPATH=/app/dev_ws/install/image_geometry/lib/python3.8/site-packages:/app/dev_ws/install/cv_bridge/lib/python3.8/site-packages:${PYTHONPATH} /usr/bin/cmake --install /app/dev_ws/build/vision_opencv
