[0.080s] Invoking command in '/app/dev_ws/build/rosapi': CMAKE_PREFIX_PATH=/app/dev_ws/install/rosbridge_library:/app/dev_ws/install/rosapi_msgs:/app/dev_ws/install/xsens_msgs:/app/dev_ws/install/rosbridge_test_msgs:/app/dev_ws/install/rosbridge_suite:/app/dev_ws/install/rosbridge_server:/app/dev_ws/install/rosbridge_msgs:/app/dev_ws/install/rosapi:/app/dev_ws/install/bluespace_ai_xsens_mti_driver:/app/dev_ws/install/xsens_driver:/app/dev_ws/install/ntrip_client:/app/dev_ws/install/central:/opt/ros/foxy LD_LIBRARY_PATH=/app/dev_ws/install/rosapi_msgs/lib:/app/dev_ws/install/xsens_msgs/lib:/app/dev_ws/install/rosbridge_test_msgs/lib:/app/dev_ws/install/rosbridge_msgs/lib:/opt/ros/foxy/opt/yaml_cpp_vendor/lib:/opt/ros/foxy/lib/aarch64-linux-gnu:/opt/ros/foxy/lib PYTHONPATH=/app/dev_ws/install/rosbridge_library/lib/python3.8/site-packages:/app/dev_ws/install/rosapi_msgs/lib/python3.8/site-packages:/app/dev_ws/install/xsens_driver/lib/python3.8/site-packages:/app/dev_ws/install/xsens_msgs/lib/python3.8/site-packages:/app/dev_ws/install/rosbridge_test_msgs/lib/python3.8/site-packages:/app/dev_ws/install/rosbridge_server/lib/python3.8/site-packages:/app/dev_ws/install/rosbridge_msgs/lib/python3.8/site-packages:/app/dev_ws/install/rosapi/lib/python3.8/site-packages:/app/dev_ws/install/ntrip_client/lib/python3.8/site-packages:/app/dev_ws/install/central/lib/python3.8/site-packages:/opt/ros/foxy/lib/python3.8/site-packages /usr/bin/cmake /app/dev_ws/src/rosbridge_suite/rosapi -DCMAKE_INSTALL_PREFIX=/app/dev_ws/install/rosapi
[0.387s] -- The C compiler identification is GNU 9.4.0
[0.682s] -- The CXX compiler identification is GNU 9.4.0
[0.706s] -- Check for working C compiler: /usr/bin/cc
[1.100s] -- Check for working C compiler: /usr/bin/cc -- works
[1.104s] -- Detecting C compiler ABI info
[1.491s] -- Detecting C compiler ABI info - done
[1.531s] -- Detecting C compile features
[1.533s] -- Detecting C compile features - done
[1.544s] -- Check for working CXX compiler: /usr/bin/c++
[2.025s] -- Check for working CXX compiler: /usr/bin/c++ -- works
[2.031s] -- Detecting CXX compiler ABI info
[2.461s] -- Detecting CXX compiler ABI info - done
[2.503s] -- Detecting CXX compile features
[2.505s] -- Detecting CXX compile features - done
[2.536s] -- Found ament_cmake_ros: 0.9.2 (/opt/ros/foxy/share/ament_cmake_ros/cmake)
[2.817s] -- Found PythonInterp: /usr/bin/python3 (found suitable version "3.8.10", minimum required is "3") 
[2.818s] -- Using PYTHON_EXECUTABLE: /usr/bin/python3
[6.998s] -- Configuring done
[7.010s] -- Generating done
[7.023s] -- Build files have been written to: /app/dev_ws/build/rosapi
[7.039s] Invoked command in '/app/dev_ws/build/rosapi' returned '0': CMAKE_PREFIX_PATH=/app/dev_ws/install/rosbridge_library:/app/dev_ws/install/rosapi_msgs:/app/dev_ws/install/xsens_msgs:/app/dev_ws/install/rosbridge_test_msgs:/app/dev_ws/install/rosbridge_suite:/app/dev_ws/install/rosbridge_server:/app/dev_ws/install/rosbridge_msgs:/app/dev_ws/install/rosapi:/app/dev_ws/install/bluespace_ai_xsens_mti_driver:/app/dev_ws/install/xsens_driver:/app/dev_ws/install/ntrip_client:/app/dev_ws/install/central:/opt/ros/foxy LD_LIBRARY_PATH=/app/dev_ws/install/rosapi_msgs/lib:/app/dev_ws/install/xsens_msgs/lib:/app/dev_ws/install/rosbridge_test_msgs/lib:/app/dev_ws/install/rosbridge_msgs/lib:/opt/ros/foxy/opt/yaml_cpp_vendor/lib:/opt/ros/foxy/lib/aarch64-linux-gnu:/opt/ros/foxy/lib PYTHONPATH=/app/dev_ws/install/rosbridge_library/lib/python3.8/site-packages:/app/dev_ws/install/rosapi_msgs/lib/python3.8/site-packages:/app/dev_ws/install/xsens_driver/lib/python3.8/site-packages:/app/dev_ws/install/xsens_msgs/lib/python3.8/site-packages:/app/dev_ws/install/rosbridge_test_msgs/lib/python3.8/site-packages:/app/dev_ws/install/rosbridge_server/lib/python3.8/site-packages:/app/dev_ws/install/rosbridge_msgs/lib/python3.8/site-packages:/app/dev_ws/install/rosapi/lib/python3.8/site-packages:/app/dev_ws/install/ntrip_client/lib/python3.8/site-packages:/app/dev_ws/install/central/lib/python3.8/site-packages:/opt/ros/foxy/lib/python3.8/site-packages /usr/bin/cmake /app/dev_ws/src/rosbridge_suite/rosapi -DCMAKE_INSTALL_PREFIX=/app/dev_ws/install/rosapi
[7.050s] Invoking command in '/app/dev_ws/build/rosapi': CMAKE_PREFIX_PATH=/app/dev_ws/install/rosbridge_library:/app/dev_ws/install/rosapi_msgs:/app/dev_ws/install/xsens_msgs:/app/dev_ws/install/rosbridge_test_msgs:/app/dev_ws/install/rosbridge_suite:/app/dev_ws/install/rosbridge_server:/app/dev_ws/install/rosbridge_msgs:/app/dev_ws/install/rosapi:/app/dev_ws/install/bluespace_ai_xsens_mti_driver:/app/dev_ws/install/xsens_driver:/app/dev_ws/install/ntrip_client:/app/dev_ws/install/central:/opt/ros/foxy LD_LIBRARY_PATH=/app/dev_ws/install/rosapi_msgs/lib:/app/dev_ws/install/xsens_msgs/lib:/app/dev_ws/install/rosbridge_test_msgs/lib:/app/dev_ws/install/rosbridge_msgs/lib:/opt/ros/foxy/opt/yaml_cpp_vendor/lib:/opt/ros/foxy/lib/aarch64-linux-gnu:/opt/ros/foxy/lib PYTHONPATH=/app/dev_ws/install/rosbridge_library/lib/python3.8/site-packages:/app/dev_ws/install/rosapi_msgs/lib/python3.8/site-packages:/app/dev_ws/install/xsens_driver/lib/python3.8/site-packages:/app/dev_ws/install/xsens_msgs/lib/python3.8/site-packages:/app/dev_ws/install/rosbridge_test_msgs/lib/python3.8/site-packages:/app/dev_ws/install/rosbridge_server/lib/python3.8/site-packages:/app/dev_ws/install/rosbridge_msgs/lib/python3.8/site-packages:/app/dev_ws/install/rosapi/lib/python3.8/site-packages:/app/dev_ws/install/ntrip_client/lib/python3.8/site-packages:/app/dev_ws/install/central/lib/python3.8/site-packages:/opt/ros/foxy/lib/python3.8/site-packages /usr/bin/cmake --build /app/dev_ws/build/rosapi -- -j4 -l4
[7.270s] Invoked command in '/app/dev_ws/build/rosapi' returned '0': CMAKE_PREFIX_PATH=/app/dev_ws/install/rosbridge_library:/app/dev_ws/install/rosapi_msgs:/app/dev_ws/install/xsens_msgs:/app/dev_ws/install/rosbridge_test_msgs:/app/dev_ws/install/rosbridge_suite:/app/dev_ws/install/rosbridge_server:/app/dev_ws/install/rosbridge_msgs:/app/dev_ws/install/rosapi:/app/dev_ws/install/bluespace_ai_xsens_mti_driver:/app/dev_ws/install/xsens_driver:/app/dev_ws/install/ntrip_client:/app/dev_ws/install/central:/opt/ros/foxy LD_LIBRARY_PATH=/app/dev_ws/install/rosapi_msgs/lib:/app/dev_ws/install/xsens_msgs/lib:/app/dev_ws/install/rosbridge_test_msgs/lib:/app/dev_ws/install/rosbridge_msgs/lib:/opt/ros/foxy/opt/yaml_cpp_vendor/lib:/opt/ros/foxy/lib/aarch64-linux-gnu:/opt/ros/foxy/lib PYTHONPATH=/app/dev_ws/install/rosbridge_library/lib/python3.8/site-packages:/app/dev_ws/install/rosapi_msgs/lib/python3.8/site-packages:/app/dev_ws/install/xsens_driver/lib/python3.8/site-packages:/app/dev_ws/install/xsens_msgs/lib/python3.8/site-packages:/app/dev_ws/install/rosbridge_test_msgs/lib/python3.8/site-packages:/app/dev_ws/install/rosbridge_server/lib/python3.8/site-packages:/app/dev_ws/install/rosbridge_msgs/lib/python3.8/site-packages:/app/dev_ws/install/rosapi/lib/python3.8/site-packages:/app/dev_ws/install/ntrip_client/lib/python3.8/site-packages:/app/dev_ws/install/central/lib/python3.8/site-packages:/opt/ros/foxy/lib/python3.8/site-packages /usr/bin/cmake --build /app/dev_ws/build/rosapi -- -j4 -l4
[7.422s] Invoking command in '/app/dev_ws/build/rosapi': CMAKE_PREFIX_PATH=/app/dev_ws/install/rosbridge_library:/app/dev_ws/install/rosapi_msgs:/app/dev_ws/install/xsens_msgs:/app/dev_ws/install/rosbridge_test_msgs:/app/dev_ws/install/rosbridge_suite:/app/dev_ws/install/rosbridge_server:/app/dev_ws/install/rosbridge_msgs:/app/dev_ws/install/rosapi:/app/dev_ws/install/bluespace_ai_xsens_mti_driver:/app/dev_ws/install/xsens_driver:/app/dev_ws/install/ntrip_client:/app/dev_ws/install/central:/opt/ros/foxy LD_LIBRARY_PATH=/app/dev_ws/install/rosapi_msgs/lib:/app/dev_ws/install/xsens_msgs/lib:/app/dev_ws/install/rosbridge_test_msgs/lib:/app/dev_ws/install/rosbridge_msgs/lib:/opt/ros/foxy/opt/yaml_cpp_vendor/lib:/opt/ros/foxy/lib/aarch64-linux-gnu:/opt/ros/foxy/lib PYTHONPATH=/app/dev_ws/install/rosbridge_library/lib/python3.8/site-packages:/app/dev_ws/install/rosapi_msgs/lib/python3.8/site-packages:/app/dev_ws/install/xsens_driver/lib/python3.8/site-packages:/app/dev_ws/install/xsens_msgs/lib/python3.8/site-packages:/app/dev_ws/install/rosbridge_test_msgs/lib/python3.8/site-packages:/app/dev_ws/install/rosbridge_server/lib/python3.8/site-packages:/app/dev_ws/install/rosbridge_msgs/lib/python3.8/site-packages:/app/dev_ws/install/rosapi/lib/python3.8/site-packages:/app/dev_ws/install/ntrip_client/lib/python3.8/site-packages:/app/dev_ws/install/central/lib/python3.8/site-packages:/opt/ros/foxy/lib/python3.8/site-packages /usr/bin/cmake --install /app/dev_ws/build/rosapi
[7.468s] -- Install configuration: ""
[7.469s] -- Installing: /app/dev_ws/install/rosapi/share/rosapi/environment/pythonpath.sh
[7.471s] -- Installing: /app/dev_ws/install/rosapi/share/rosapi/environment/pythonpath.dsv
[7.472s] -- Installing: /app/dev_ws/install/rosapi/lib/python3.8/site-packages/rosapi
[7.473s] -- Installing: /app/dev_ws/install/rosapi/lib/python3.8/site-packages/rosapi/params.py
[7.475s] -- Installing: /app/dev_ws/install/rosapi/lib/python3.8/site-packages/rosapi/objectutils.py
[7.476s] -- Installing: /app/dev_ws/install/rosapi/lib/python3.8/site-packages/rosapi/stringify_field_types.py
[7.477s] -- Installing: /app/dev_ws/install/rosapi/lib/python3.8/site-packages/rosapi/proxy.py
[7.478s] -- Installing: /app/dev_ws/install/rosapi/lib/python3.8/site-packages/rosapi/__init__.py
[7.479s] -- Installing: /app/dev_ws/install/rosapi/lib/python3.8/site-packages/rosapi/glob_helper.py
[7.702s] Listing '/app/dev_ws/install/rosapi/lib/python3.8/site-packages/rosapi'...
[7.703s] Compiling '/app/dev_ws/install/rosapi/lib/python3.8/site-packages/rosapi/__init__.py'...
[7.704s] Compiling '/app/dev_ws/install/rosapi/lib/python3.8/site-packages/rosapi/glob_helper.py'...
[7.705s] Compiling '/app/dev_ws/install/rosapi/lib/python3.8/site-packages/rosapi/objectutils.py'...
[7.706s] Compiling '/app/dev_ws/install/rosapi/lib/python3.8/site-packages/rosapi/params.py'...
[7.707s] Compiling '/app/dev_ws/install/rosapi/lib/python3.8/site-packages/rosapi/proxy.py'...
[7.709s] Compiling '/app/dev_ws/install/rosapi/lib/python3.8/site-packages/rosapi/stringify_field_types.py'...
[7.726s] -- Installing: /app/dev_ws/install/rosapi/share/ament_index/resource_index/package_run_dependencies/rosapi
[7.728s] -- Installing: /app/dev_ws/install/rosapi/share/ament_index/resource_index/parent_prefix_path/rosapi
[7.729s] -- Installing: /app/dev_ws/install/rosapi/share/rosapi/environment/ament_prefix_path.sh
[7.731s] -- Installing: /app/dev_ws/install/rosapi/share/rosapi/environment/ament_prefix_path.dsv
[7.732s] -- Installing: /app/dev_ws/install/rosapi/share/rosapi/environment/path.sh
[7.734s] -- Installing: /app/dev_ws/install/rosapi/share/rosapi/environment/path.dsv
[7.735s] -- Installing: /app/dev_ws/install/rosapi/share/rosapi/local_setup.bash
[7.737s] -- Installing: /app/dev_ws/install/rosapi/share/rosapi/local_setup.sh
[7.738s] -- Installing: /app/dev_ws/install/rosapi/share/rosapi/local_setup.zsh
[7.739s] -- Installing: /app/dev_ws/install/rosapi/share/rosapi/local_setup.dsv
[7.741s] -- Installing: /app/dev_ws/install/rosapi/share/rosapi/package.dsv
[7.742s] -- Installing: /app/dev_ws/install/rosapi/share/ament_index/resource_index/packages/rosapi
[7.744s] -- Installing: /app/dev_ws/install/rosapi/share/rosapi/cmake/rosapiConfig.cmake
[7.746s] -- Installing: /app/dev_ws/install/rosapi/share/rosapi/cmake/rosapiConfig-version.cmake
[7.747s] -- Installing: /app/dev_ws/install/rosapi/share/rosapi/package.xml
[7.749s] -- Installing: /app/dev_ws/install/rosapi/lib/rosapi/rosapi_node
[7.750s] -- Installing: /app/dev_ws/install/rosapi/share/rosapi/mapping_rules.yaml
[7.763s] Invoked command in '/app/dev_ws/build/rosapi' returned '0': CMAKE_PREFIX_PATH=/app/dev_ws/install/rosbridge_library:/app/dev_ws/install/rosapi_msgs:/app/dev_ws/install/xsens_msgs:/app/dev_ws/install/rosbridge_test_msgs:/app/dev_ws/install/rosbridge_suite:/app/dev_ws/install/rosbridge_server:/app/dev_ws/install/rosbridge_msgs:/app/dev_ws/install/rosapi:/app/dev_ws/install/bluespace_ai_xsens_mti_driver:/app/dev_ws/install/xsens_driver:/app/dev_ws/install/ntrip_client:/app/dev_ws/install/central:/opt/ros/foxy LD_LIBRARY_PATH=/app/dev_ws/install/rosapi_msgs/lib:/app/dev_ws/install/xsens_msgs/lib:/app/dev_ws/install/rosbridge_test_msgs/lib:/app/dev_ws/install/rosbridge_msgs/lib:/opt/ros/foxy/opt/yaml_cpp_vendor/lib:/opt/ros/foxy/lib/aarch64-linux-gnu:/opt/ros/foxy/lib PYTHONPATH=/app/dev_ws/install/rosbridge_library/lib/python3.8/site-packages:/app/dev_ws/install/rosapi_msgs/lib/python3.8/site-packages:/app/dev_ws/install/xsens_driver/lib/python3.8/site-packages:/app/dev_ws/install/xsens_msgs/lib/python3.8/site-packages:/app/dev_ws/install/rosbridge_test_msgs/lib/python3.8/site-packages:/app/dev_ws/install/rosbridge_server/lib/python3.8/site-packages:/app/dev_ws/install/rosbridge_msgs/lib/python3.8/site-packages:/app/dev_ws/install/rosapi/lib/python3.8/site-packages:/app/dev_ws/install/ntrip_client/lib/python3.8/site-packages:/app/dev_ws/install/central/lib/python3.8/site-packages:/opt/ros/foxy/lib/python3.8/site-packages /usr/bin/cmake --install /app/dev_ws/build/rosapi
