[3.156s] Invoking command in '/app/dev_ws/src/xsens_driver': PYTHONPATH=/app/dev_ws/install/xsens_driver/lib/python3.8/site-packages:/app/dev_ws/install/xsens_msgs/lib/python3.8/site-packages:/app/dev_ws/install/xsens_driver/lib/python3.8/site-packages:/app/dev_ws/install/cam_client/lib/python3.8/site-packages:/app/dev_ws/install/rosbridge_test_msgs/lib/python3.8/site-packages:/app/dev_ws/install/rosbridge_server/lib/python3.8/site-packages:/app/dev_ws/install/rosbridge_msgs/lib/python3.8/site-packages:/app/dev_ws/install/rosapi/lib/python3.8/site-packages:/app/dev_ws/install/rosbridge_library/lib/python3.8/site-packages:/app/dev_ws/install/rosapi_msgs/lib/python3.8/site-packages:/app/dev_ws/install/ntrip_client/lib/python3.8/site-packages:/app/dev_ws/install/central/lib/python3.8/site-packages:/opt/ros/foxy/lib/python3.8/site-packages /usr/bin/python3 setup.py egg_info --egg-base ../../build/xsens_driver build --build-base /app/dev_ws/build/xsens_driver/build install --prefix /app/dev_ws/install/xsens_driver --record /app/dev_ws/build/xsens_driver/install.log --single-version-externally-managed
[4.258s] running egg_info
[4.261s] writing ../../build/xsens_driver/xsens_driver.egg-info/PKG-INFO
[4.263s] writing dependency_links to ../../build/xsens_driver/xsens_driver.egg-info/dependency_links.txt
[4.264s] writing entry points to ../../build/xsens_driver/xsens_driver.egg-info/entry_points.txt
[4.265s] writing requirements to ../../build/xsens_driver/xsens_driver.egg-info/requires.txt
[4.265s] writing top-level names to ../../build/xsens_driver/xsens_driver.egg-info/top_level.txt
[4.432s] reading manifest file '../../build/xsens_driver/xsens_driver.egg-info/SOURCES.txt'
[4.437s] writing manifest file '../../build/xsens_driver/xsens_driver.egg-info/SOURCES.txt'
[4.438s] running build
[4.438s] running build_py
[4.439s] copying xsens_driver/xsens_measure.py -> /app/dev_ws/build/xsens_driver/build/lib/xsens_driver
[4.441s] copying xsens_driver/utils/mtdevice.py -> /app/dev_ws/build/xsens_driver/build/lib/xsens_driver/utils
[4.444s] running install
[4.448s] running install_lib
[4.452s] copying /app/dev_ws/build/xsens_driver/build/lib/xsens_driver/xsens_measure.py -> /app/dev_ws/install/xsens_driver/lib/python3.8/site-packages/xsens_driver
[4.454s] copying /app/dev_ws/build/xsens_driver/build/lib/xsens_driver/utils/mtdevice.py -> /app/dev_ws/install/xsens_driver/lib/python3.8/site-packages/xsens_driver/utils
[4.460s] byte-compiling /app/dev_ws/install/xsens_driver/lib/python3.8/site-packages/xsens_driver/xsens_measure.py to xsens_measure.cpython-38.pyc
[4.473s] byte-compiling /app/dev_ws/install/xsens_driver/lib/python3.8/site-packages/xsens_driver/utils/mtdevice.py to mtdevice.cpython-38.pyc
[4.507s] running install_data
[4.510s] running install_egg_info
[4.517s] removing '/app/dev_ws/install/xsens_driver/lib/python3.8/site-packages/xsens_driver-0.0.0-py3.8.egg-info' (and everything under it)
[4.519s] Copying ../../build/xsens_driver/xsens_driver.egg-info to /app/dev_ws/install/xsens_driver/lib/python3.8/site-packages/xsens_driver-0.0.0-py3.8.egg-info
[4.525s] running install_scripts
[4.606s] Installing main script to /app/dev_ws/install/xsens_driver/lib/xsens_driver
[4.608s] writing list of installed files to '/app/dev_ws/build/xsens_driver/install.log'
[4.715s] Invoked command in '/app/dev_ws/src/xsens_driver' returned '0': PYTHONPATH=/app/dev_ws/install/xsens_driver/lib/python3.8/site-packages:/app/dev_ws/install/xsens_msgs/lib/python3.8/site-packages:/app/dev_ws/install/xsens_driver/lib/python3.8/site-packages:/app/dev_ws/install/cam_client/lib/python3.8/site-packages:/app/dev_ws/install/rosbridge_test_msgs/lib/python3.8/site-packages:/app/dev_ws/install/rosbridge_server/lib/python3.8/site-packages:/app/dev_ws/install/rosbridge_msgs/lib/python3.8/site-packages:/app/dev_ws/install/rosapi/lib/python3.8/site-packages:/app/dev_ws/install/rosbridge_library/lib/python3.8/site-packages:/app/dev_ws/install/rosapi_msgs/lib/python3.8/site-packages:/app/dev_ws/install/ntrip_client/lib/python3.8/site-packages:/app/dev_ws/install/central/lib/python3.8/site-packages:/opt/ros/foxy/lib/python3.8/site-packages /usr/bin/python3 setup.py egg_info --egg-base ../../build/xsens_driver build --build-base /app/dev_ws/build/xsens_driver/build install --prefix /app/dev_ws/install/xsens_driver --record /app/dev_ws/build/xsens_driver/install.log --single-version-externally-managed
