[2.710s] Invoking command in '/app/dev_ws/src/ntrip_client': PYTHONPATH=/app/dev_ws/install/ntrip_client/lib/python3.8/site-packages:${PYTHONPATH} /usr/bin/python3 setup.py egg_info --egg-base ../../build/ntrip_client build --build-base /app/dev_ws/build/ntrip_client/build install --prefix /app/dev_ws/install/ntrip_client --record /app/dev_ws/build/ntrip_client/install.log --single-version-externally-managed
[3.653s] running egg_info
[3.655s] writing ../../build/ntrip_client/ntrip_client.egg-info/PKG-INFO
[3.656s] writing dependency_links to ../../build/ntrip_client/ntrip_client.egg-info/dependency_links.txt
[3.657s] writing entry points to ../../build/ntrip_client/ntrip_client.egg-info/entry_points.txt
[3.658s] writing requirements to ../../build/ntrip_client/ntrip_client.egg-info/requires.txt
[3.659s] writing top-level names to ../../build/ntrip_client/ntrip_client.egg-info/top_level.txt
[3.815s] reading manifest file '../../build/ntrip_client/ntrip_client.egg-info/SOURCES.txt'
[3.819s] writing manifest file '../../build/ntrip_client/ntrip_client.egg-info/SOURCES.txt'
[3.820s] running build
[3.820s] running build_py
[3.821s] copying ntrip_client/ntrip_pub.py -> /app/dev_ws/build/ntrip_client/build/lib/ntrip_client
[3.822s] running install
[3.826s] running install_lib
[3.830s] copying /app/dev_ws/build/ntrip_client/build/lib/ntrip_client/ntrip_pub.py -> /app/dev_ws/install/ntrip_client/lib/python3.8/site-packages/ntrip_client
[3.834s] byte-compiling /app/dev_ws/install/ntrip_client/lib/python3.8/site-packages/ntrip_client/ntrip_pub.py to ntrip_pub.cpython-38.pyc
[3.844s] running install_data
[3.846s] running install_egg_info
[3.852s] removing '/app/dev_ws/install/ntrip_client/lib/python3.8/site-packages/ntrip_client-0.0.0-py3.8.egg-info' (and everything under it)
[3.854s] Copying ../../build/ntrip_client/ntrip_client.egg-info to /app/dev_ws/install/ntrip_client/lib/python3.8/site-packages/ntrip_client-0.0.0-py3.8.egg-info
[3.861s] running install_scripts
[3.934s] Installing main script to /app/dev_ws/install/ntrip_client/lib/ntrip_client
[3.936s] writing list of installed files to '/app/dev_ws/build/ntrip_client/install.log'
[4.035s] Invoked command in '/app/dev_ws/src/ntrip_client' returned '0': PYTHONPATH=/app/dev_ws/install/ntrip_client/lib/python3.8/site-packages:${PYTHONPATH} /usr/bin/python3 setup.py egg_info --egg-base ../../build/ntrip_client build --build-base /app/dev_ws/build/ntrip_client/build install --prefix /app/dev_ws/install/ntrip_client --record /app/dev_ws/build/ntrip_client/install.log --single-version-externally-managed
