[3.599s] Invoking command in '/app/dev_ws/src/central': PYTHONPATH=/app/dev_ws/install/central/lib/python3.8/site-packages:${PYTHONPATH} /usr/bin/python3 setup.py egg_info --egg-base ../../build/central build --build-base /app/dev_ws/build/central/build install --prefix /app/dev_ws/install/central --record /app/dev_ws/build/central/install.log --single-version-externally-managed
[4.866s] running egg_info
[4.868s] writing ../../build/central/central.egg-info/PKG-INFO
[4.869s] writing dependency_links to ../../build/central/central.egg-info/dependency_links.txt
[4.871s] writing entry points to ../../build/central/central.egg-info/entry_points.txt
[4.872s] writing requirements to ../../build/central/central.egg-info/requires.txt
[4.873s] writing top-level names to ../../build/central/central.egg-info/top_level.txt
[5.053s] reading manifest file '../../build/central/central.egg-info/SOURCES.txt'
[5.057s] writing manifest file '../../build/central/central.egg-info/SOURCES.txt'
[5.058s] running build
[5.058s] running build_py
[5.060s] copying central/central_data.py -> /app/dev_ws/build/central/build/lib/central
[5.061s] running install
[5.066s] running install_lib
[5.071s] copying /app/dev_ws/build/central/build/lib/central/central_data.py -> /app/dev_ws/install/central/lib/python3.8/site-packages/central
[5.075s] byte-compiling /app/dev_ws/install/central/lib/python3.8/site-packages/central/central_data.py to central_data.cpython-38.pyc
[5.109s] running install_data
[5.109s] running install_egg_info
[5.114s] removing '/app/dev_ws/install/central/lib/python3.8/site-packages/central-0.0.0-py3.8.egg-info' (and everything under it)
[5.115s] Copying ../../build/central/central.egg-info to /app/dev_ws/install/central/lib/python3.8/site-packages/central-0.0.0-py3.8.egg-info
[5.122s] running install_scripts
[5.207s] Installing collect_data script to /app/dev_ws/install/central/lib/central
[5.208s] Installing config script to /app/dev_ws/install/central/lib/central
[5.211s] writing list of installed files to '/app/dev_ws/build/central/install.log'
[5.317s] Invoked command in '/app/dev_ws/src/central' returned '0': PYTHONPATH=/app/dev_ws/install/central/lib/python3.8/site-packages:${PYTHONPATH} /usr/bin/python3 setup.py egg_info --egg-base ../../build/central build --build-base /app/dev_ws/build/central/build install --prefix /app/dev_ws/install/central --record /app/dev_ws/build/central/install.log --single-version-externally-managed
