running egg_info
creating ../../build/central/central.egg-info
writing ../../build/central/central.egg-info/PKG-INFO
writing dependency_links to ../../build/central/central.egg-info/dependency_links.txt
writing entry points to ../../build/central/central.egg-info/entry_points.txt
writing requirements to ../../build/central/central.egg-info/requires.txt
writing top-level names to ../../build/central/central.egg-info/top_level.txt
writing manifest file '../../build/central/central.egg-info/SOURCES.txt'
reading manifest file '../../build/central/central.egg-info/SOURCES.txt'
writing manifest file '../../build/central/central.egg-info/SOURCES.txt'
running build
running build_py
creating /app/dev_ws/build/central/build
creating /app/dev_ws/build/central/build/lib
creating /app/dev_ws/build/central/build/lib/central
copying central/central_config.py -> /app/dev_ws/build/central/build/lib/central
copying central/__init__.py -> /app/dev_ws/build/central/build/lib/central
running install
running install_lib
creating /app/dev_ws/install/central/lib/python3.8/site-packages/central
copying /app/dev_ws/build/central/build/lib/central/central_config.py -> /app/dev_ws/install/central/lib/python3.8/site-packages/central
copying /app/dev_ws/build/central/build/lib/central/__init__.py -> /app/dev_ws/install/central/lib/python3.8/site-packages/central
byte-compiling /app/dev_ws/install/central/lib/python3.8/site-packages/central/central_config.py to central_config.cpython-38.pyc
byte-compiling /app/dev_ws/install/central/lib/python3.8/site-packages/central/__init__.py to __init__.cpython-38.pyc
running install_data
creating /app/dev_ws/install/central/share/ament_index
creating /app/dev_ws/install/central/share/ament_index/resource_index
creating /app/dev_ws/install/central/share/ament_index/resource_index/packages
