[0.124s] Invoking command in '/app/dev_ws/build/xsens_msgs': CMAKE_PREFIX_PATH=${CMAKE_PREFIX_PATH}:/app/dev_ws/install/xsens_driver:/app/dev_ws/install/cam_client:/app/dev_ws/install/ntrip_client:/app/dev_ws/install/central:/opt/ros/foxy /usr/bin/cmake --build /app/dev_ws/build/xsens_msgs -- -j4 -l4
[0.360s] -- Found ament_cmake: 0.9.9 (/opt/ros/foxy/share/ament_cmake/cmake)
[0.497s] -- Found PythonInterp: /usr/bin/python3 (found suitable version "3.8.10", minimum required is "3") 
[0.497s] -- Using PYTHON_EXECUTABLE: /usr/bin/python3
[1.513s] -- Found std_msgs: 2.0.5 (/opt/ros/foxy/share/std_msgs/cmake)
[1.668s] -- Using all available rosidl_typesupport_c: rosidl_typesupport_fastrtps_c;rosidl_typesupport_introspection_c
[1.685s] -- Found rosidl_adapter: 1.2.1 (/opt/ros/foxy/share/rosidl_adapter/cmake)
[2.822s] -- Using all available rosidl_typesupport_cpp: rosidl_typesupport_fastrtps_cpp;rosidl_typesupport_introspection_cpp
[3.047s] -- Found rosidl_default_generators: 1.0.1 (/opt/ros/foxy/share/rosidl_default_generators/cmake)
[3.108s] -- Found sensor_msgs: 2.0.5 (/opt/ros/foxy/share/sensor_msgs/cmake)
[3.770s] -- Found PythonInterp: /usr/bin/python3 (found version "3.8.10") 
[5.296s] -- Found ament_cmake_cppcheck: 0.9.6 (/opt/ros/foxy/share/ament_cmake_cppcheck/cmake)
[5.300s] -- Found ament_cmake_cpplint: 0.9.6 (/opt/ros/foxy/share/ament_cmake_cpplint/cmake)
[5.305s] -- Found ament_cmake_uncrustify: 0.9.6 (/opt/ros/foxy/share/ament_cmake_uncrustify/cmake)
[5.310s] -- Found ament_cmake_ros: 0.9.2 (/opt/ros/foxy/share/ament_cmake_ros/cmake)
[7.466s] -- Using all available rosidl_typesupport_c: rosidl_typesupport_fastrtps_c;rosidl_typesupport_introspection_c
[8.335s] -- Using all available rosidl_typesupport_cpp: rosidl_typesupport_fastrtps_cpp;rosidl_typesupport_introspection_cpp
[8.511s] -- Found PythonInterp: /usr/bin/python3 (found suitable version "3.8.10", minimum required is "3.5") 
[8.512s] -- Found python_cmake_module: 0.8.1 (/opt/ros/foxy/share/python_cmake_module/cmake)
[8.675s] -- Using PYTHON_EXECUTABLE: /usr/bin/python3
[8.676s] -- Using PYTHON_INCLUDE_DIRS: /usr/include/python3.8
[8.676s] -- Using PYTHON_LIBRARIES: /usr/lib/aarch64-linux-gnu/libpython3.8.so
[9.064s] -- Found ament_cmake_flake8: 0.9.6 (/opt/ros/foxy/share/ament_cmake_flake8/cmake)
[9.068s] -- Found ament_cmake_pep257: 0.9.6 (/opt/ros/foxy/share/ament_cmake_pep257/cmake)
[9.079s] -- Found ament_lint_auto: 0.9.6 (/opt/ros/foxy/share/ament_lint_auto/cmake)
[9.186s] -- Configuring done
[9.749s] -- Generating done
[9.770s] -- Build files have been written to: /app/dev_ws/build/xsens_msgs
[9.936s] [  1%] [34m[1mGenerating C code for ROS interfaces[0m
[10.012s] [  1%] [34m[1mGenerating C++ code for ROS interfaces[0m
[16.931s] [  1%] Built target xsens_msgs__cpp
[17.026s] [  1%] [34m[1mGenerating C++ introspection for ROS interfaces[0m
[17.052s] [  2%] [34m[1mGenerating C++ type support for eProsima Fast-RTPS[0m
[17.122s] [  3%] [34m[1mGenerating C++ type support dispatch for ROS interfaces[0m
[17.420s] [35m[1mScanning dependencies of target xsens_msgs__rosidl_generator_c[0m
[17.586s] [  3%] [32mBuilding C object CMakeFiles/xsens_msgs__rosidl_generator_c.dir/rosidl_generator_c/xsens_msgs/msg/detail/ori_oe__functions.c.o[0m
[18.051s] [  4%] [32mBuilding C object CMakeFiles/xsens_msgs__rosidl_generator_c.dir/rosidl_generator_c/xsens_msgs/msg/detail/pos_pa__functions.c.o[0m
[18.470s] [  5%] [32mBuilding C object CMakeFiles/xsens_msgs__rosidl_generator_c.dir/rosidl_generator_c/xsens_msgs/msg/detail/pos_pl__functions.c.o[0m
[19.223s] [  5%] [32mBuilding C object CMakeFiles/xsens_msgs__rosidl_generator_c.dir/rosidl_generator_c/xsens_msgs/msg/detail/sta_sw__functions.c.o[0m
[19.619s] [  6%] [32mBuilding C object CMakeFiles/xsens_msgs__rosidl_generator_c.dir/rosidl_generator_c/xsens_msgs/msg/detail/acc_aa__functions.c.o[0m
[19.985s] [  7%] [32mBuilding C object CMakeFiles/xsens_msgs__rosidl_generator_c.dir/rosidl_generator_c/xsens_msgs/msg/detail/acc_af__functions.c.o[0m
[20.355s] [  7%] [32mBuilding C object CMakeFiles/xsens_msgs__rosidl_generator_c.dir/rosidl_generator_c/xsens_msgs/msg/detail/ang_wr__functions.c.o[0m
[20.776s] [  8%] [32mBuilding C object CMakeFiles/xsens_msgs__rosidl_generator_c.dir/rosidl_generator_c/xsens_msgs/msg/detail/gns_np__functions.c.o[0m
[21.287s] [  9%] [32mBuilding C object CMakeFiles/xsens_msgs__rosidl_generator_c.dir/rosidl_generator_c/xsens_msgs/msg/detail/config_xsens__functions.c.o[0m
[21.697s] [  9%] [32mBuilding C object CMakeFiles/xsens_msgs__rosidl_generator_c.dir/rosidl_generator_c/xsens_msgs/msg/detail/config_ntrip__functions.c.o[0m
[21.921s] [35m[1mScanning dependencies of target xsens_msgs__rosidl_typesupport_cpp[0m
[22.075s] [ 10%] [32mBuilding CXX object CMakeFiles/xsens_msgs__rosidl_typesupport_cpp.dir/rosidl_typesupport_cpp/xsens_msgs/msg/ori_oe__type_support.cpp.o[0m
[22.076s] [ 11%] [32mBuilding C object CMakeFiles/xsens_msgs__rosidl_generator_c.dir/rosidl_generator_c/xsens_msgs/msg/detail/config_cam__functions.c.o[0m
[22.541s] [ 12%] [32mBuilding C object CMakeFiles/xsens_msgs__rosidl_generator_c.dir/rosidl_generator_c/xsens_msgs/msg/detail/sta_nt__functions.c.o[0m
[23.335s] [ 12%] [32mBuilding C object CMakeFiles/xsens_msgs__rosidl_generator_c.dir/rosidl_generator_c/xsens_msgs/msg/detail/sta_ct__functions.c.o[0m
[23.939s] [ 13%] [32mBuilding C object CMakeFiles/xsens_msgs__rosidl_generator_c.dir/rosidl_generator_c/xsens_msgs/msg/detail/cam_image__functions.c.o[0m
[24.137s] [35m[1mScanning dependencies of target xsens_msgs__rosidl_typesupport_introspection_cpp[0m
[24.287s] [ 14%] [32mBuilding C object CMakeFiles/xsens_msgs__rosidl_generator_c.dir/rosidl_generator_c/xsens_msgs/msg/detail/cam_batch__functions.c.o[0m
[24.350s] [ 15%] [32mBuilding CXX object CMakeFiles/xsens_msgs__rosidl_typesupport_introspection_cpp.dir/rosidl_typesupport_introspection_cpp/xsens_msgs/msg/detail/ori_oe__type_support.cpp.o[0m
[24.726s] [ 15%] [32mBuilding C object CMakeFiles/xsens_msgs__rosidl_generator_c.dir/rosidl_generator_c/xsens_msgs/srv/detail/rtc_mdata__functions.c.o[0m
[25.099s] [ 15%] [32mBuilding CXX object CMakeFiles/xsens_msgs__rosidl_typesupport_cpp.dir/rosidl_typesupport_cpp/xsens_msgs/msg/pos_pa__type_support.cpp.o[0m
[25.128s] [ 16%] [32m[1mLinking C shared library libxsens_msgs__rosidl_generator_c.so[0m
[25.403s] [35m[1mScanning dependencies of target xsens_msgs__rosidl_typesupport_fastrtps_cpp[0m
[25.502s] [ 16%] Built target xsens_msgs__rosidl_generator_c
[25.580s] [ 17%] [32mBuilding CXX object CMakeFiles/xsens_msgs__rosidl_typesupport_cpp.dir/rosidl_typesupport_cpp/xsens_msgs/msg/pos_pl__type_support.cpp.o[0m
[25.802s] [ 18%] [32mBuilding CXX object CMakeFiles/xsens_msgs__rosidl_typesupport_fastrtps_cpp.dir/rosidl_typesupport_fastrtps_cpp/xsens_msgs/msg/detail/dds_fastrtps/ori_oe__type_support.cpp.o[0m
[26.977s] [ 19%] [32mBuilding CXX object CMakeFiles/xsens_msgs__rosidl_typesupport_introspection_cpp.dir/rosidl_typesupport_introspection_cpp/xsens_msgs/msg/detail/pos_pa__type_support.cpp.o[0m
[27.531s] [ 20%] [32mBuilding CXX object CMakeFiles/xsens_msgs__rosidl_typesupport_cpp.dir/rosidl_typesupport_cpp/xsens_msgs/msg/sta_sw__type_support.cpp.o[0m
[27.586s] [ 20%] [32mBuilding CXX object CMakeFiles/xsens_msgs__rosidl_typesupport_cpp.dir/rosidl_typesupport_cpp/xsens_msgs/msg/acc_aa__type_support.cpp.o[0m
[29.409s] [ 20%] [32mBuilding CXX object CMakeFiles/xsens_msgs__rosidl_typesupport_introspection_cpp.dir/rosidl_typesupport_introspection_cpp/xsens_msgs/msg/detail/pos_pl__type_support.cpp.o[0m
[29.774s] [ 20%] [32mBuilding CXX object CMakeFiles/xsens_msgs__rosidl_typesupport_fastrtps_cpp.dir/rosidl_typesupport_fastrtps_cpp/xsens_msgs/msg/detail/dds_fastrtps/pos_pa__type_support.cpp.o[0m
[29.894s] [ 21%] [32mBuilding CXX object CMakeFiles/xsens_msgs__rosidl_typesupport_fastrtps_cpp.dir/rosidl_typesupport_fastrtps_cpp/xsens_msgs/msg/detail/dds_fastrtps/pos_pl__type_support.cpp.o[0m
[29.947s] [ 22%] [32mBuilding CXX object CMakeFiles/xsens_msgs__rosidl_typesupport_cpp.dir/rosidl_typesupport_cpp/xsens_msgs/msg/acc_af__type_support.cpp.o[0m
[32.163s] [ 23%] [32mBuilding CXX object CMakeFiles/xsens_msgs__rosidl_typesupport_introspection_cpp.dir/rosidl_typesupport_introspection_cpp/xsens_msgs/msg/detail/sta_sw__type_support.cpp.o[0m
[32.448s] [ 24%] [32mBuilding CXX object CMakeFiles/xsens_msgs__rosidl_typesupport_cpp.dir/rosidl_typesupport_cpp/xsens_msgs/msg/ang_wr__type_support.cpp.o[0m
[33.344s] [ 25%] [32mBuilding CXX object CMakeFiles/xsens_msgs__rosidl_typesupport_introspection_cpp.dir/rosidl_typesupport_introspection_cpp/xsens_msgs/msg/detail/acc_aa__type_support.cpp.o[0m
[34.120s] [ 26%] [32mBuilding CXX object CMakeFiles/xsens_msgs__rosidl_typesupport_fastrtps_cpp.dir/rosidl_typesupport_fastrtps_cpp/xsens_msgs/msg/detail/dds_fastrtps/sta_sw__type_support.cpp.o[0m
[34.575s] [ 26%] [32mBuilding CXX object CMakeFiles/xsens_msgs__rosidl_typesupport_fastrtps_cpp.dir/rosidl_typesupport_fastrtps_cpp/xsens_msgs/msg/detail/dds_fastrtps/acc_aa__type_support.cpp.o[0m
[34.663s] [ 26%] [32mBuilding CXX object CMakeFiles/xsens_msgs__rosidl_typesupport_cpp.dir/rosidl_typesupport_cpp/xsens_msgs/msg/gns_np__type_support.cpp.o[0m
[35.609s] [ 26%] [32mBuilding CXX object CMakeFiles/xsens_msgs__rosidl_typesupport_introspection_cpp.dir/rosidl_typesupport_introspection_cpp/xsens_msgs/msg/detail/acc_af__type_support.cpp.o[0m
[37.027s] [ 27%] [32mBuilding CXX object CMakeFiles/xsens_msgs__rosidl_typesupport_cpp.dir/rosidl_typesupport_cpp/xsens_msgs/msg/config_xsens__type_support.cpp.o[0m
[37.580s] [ 28%] [32mBuilding CXX object CMakeFiles/xsens_msgs__rosidl_typesupport_fastrtps_cpp.dir/rosidl_typesupport_fastrtps_cpp/xsens_msgs/msg/detail/dds_fastrtps/acc_af__type_support.cpp.o[0m
[38.349s] [ 29%] [32mBuilding CXX object CMakeFiles/xsens_msgs__rosidl_typesupport_cpp.dir/rosidl_typesupport_cpp/xsens_msgs/msg/config_ntrip__type_support.cpp.o[0m
[38.606s] [ 30%] [32mBuilding CXX object CMakeFiles/xsens_msgs__rosidl_typesupport_introspection_cpp.dir/rosidl_typesupport_introspection_cpp/xsens_msgs/msg/detail/ang_wr__type_support.cpp.o[0m
[39.151s] [ 31%] [32mBuilding CXX object CMakeFiles/xsens_msgs__rosidl_typesupport_introspection_cpp.dir/rosidl_typesupport_introspection_cpp/xsens_msgs/msg/detail/gns_np__type_support.cpp.o[0m
[40.920s] [ 31%] [32mBuilding CXX object CMakeFiles/xsens_msgs__rosidl_typesupport_cpp.dir/rosidl_typesupport_cpp/xsens_msgs/msg/config_cam__type_support.cpp.o[0m
[41.267s] [ 32%] [32mBuilding CXX object CMakeFiles/xsens_msgs__rosidl_typesupport_fastrtps_cpp.dir/rosidl_typesupport_fastrtps_cpp/xsens_msgs/msg/detail/dds_fastrtps/ang_wr__type_support.cpp.o[0m
[41.432s] [ 33%] [34m[1mGenerating C introspection for ROS interfaces[0m
[41.771s] [ 33%] [32mBuilding CXX object CMakeFiles/xsens_msgs__rosidl_typesupport_introspection_cpp.dir/rosidl_typesupport_introspection_cpp/xsens_msgs/msg/detail/config_xsens__type_support.cpp.o[0m
[43.126s] [ 34%] [32mBuilding CXX object CMakeFiles/xsens_msgs__rosidl_typesupport_cpp.dir/rosidl_typesupport_cpp/xsens_msgs/msg/sta_nt__type_support.cpp.o[0m
[44.412s] [ 35%] [32mBuilding CXX object CMakeFiles/xsens_msgs__rosidl_typesupport_introspection_cpp.dir/rosidl_typesupport_introspection_cpp/xsens_msgs/msg/detail/config_ntrip__type_support.cpp.o[0m
[44.502s] [ 35%] [32mBuilding CXX object CMakeFiles/xsens_msgs__rosidl_typesupport_fastrtps_cpp.dir/rosidl_typesupport_fastrtps_cpp/xsens_msgs/msg/detail/dds_fastrtps/gns_np__type_support.cpp.o[0m
[45.553s] [ 36%] [32mBuilding CXX object CMakeFiles/xsens_msgs__rosidl_typesupport_cpp.dir/rosidl_typesupport_cpp/xsens_msgs/msg/sta_ct__type_support.cpp.o[0m
[46.928s] [ 37%] [32mBuilding CXX object CMakeFiles/xsens_msgs__rosidl_typesupport_introspection_cpp.dir/rosidl_typesupport_introspection_cpp/xsens_msgs/msg/detail/config_cam__type_support.cpp.o[0m
[47.717s] [ 37%] [32mBuilding CXX object CMakeFiles/xsens_msgs__rosidl_typesupport_cpp.dir/rosidl_typesupport_cpp/xsens_msgs/msg/cam_image__type_support.cpp.o[0m
[48.408s] [ 38%] [32mBuilding CXX object CMakeFiles/xsens_msgs__rosidl_typesupport_fastrtps_cpp.dir/rosidl_typesupport_fastrtps_cpp/xsens_msgs/msg/detail/dds_fastrtps/config_xsens__type_support.cpp.o[0m
[48.734s] [35m[1mScanning dependencies of target xsens_msgs__rosidl_typesupport_introspection_c[0m
[48.943s] [ 39%] [32mBuilding C object CMakeFiles/xsens_msgs__rosidl_typesupport_introspection_c.dir/rosidl_typesupport_introspection_c/xsens_msgs/msg/detail/ori_oe__type_support.c.o[0m
[49.113s] [ 39%] [32mBuilding CXX object CMakeFiles/xsens_msgs__rosidl_typesupport_introspection_cpp.dir/rosidl_typesupport_introspection_cpp/xsens_msgs/msg/detail/sta_nt__type_support.cpp.o[0m
[49.245s] [ 39%] [32mBuilding C object CMakeFiles/xsens_msgs__rosidl_typesupport_introspection_c.dir/rosidl_typesupport_introspection_c/xsens_msgs/msg/detail/pos_pa__type_support.c.o[0m
[49.530s] [ 40%] [32mBuilding C object CMakeFiles/xsens_msgs__rosidl_typesupport_introspection_c.dir/rosidl_typesupport_introspection_c/xsens_msgs/msg/detail/pos_pl__type_support.c.o[0m
[49.852s] [ 41%] [32mBuilding C object CMakeFiles/xsens_msgs__rosidl_typesupport_introspection_c.dir/rosidl_typesupport_introspection_c/xsens_msgs/msg/detail/sta_sw__type_support.c.o[0m
[49.871s] [ 42%] [32mBuilding CXX object CMakeFiles/xsens_msgs__rosidl_typesupport_cpp.dir/rosidl_typesupport_cpp/xsens_msgs/msg/cam_batch__type_support.cpp.o[0m
[50.138s] [ 42%] [32mBuilding C object CMakeFiles/xsens_msgs__rosidl_typesupport_introspection_c.dir/rosidl_typesupport_introspection_c/xsens_msgs/msg/detail/acc_aa__type_support.c.o[0m
[50.446s] [ 43%] [32mBuilding C object CMakeFiles/xsens_msgs__rosidl_typesupport_introspection_c.dir/rosidl_typesupport_introspection_c/xsens_msgs/msg/detail/acc_af__type_support.c.o[0m
[51.018s] [ 44%] [32mBuilding C object CMakeFiles/xsens_msgs__rosidl_typesupport_introspection_c.dir/rosidl_typesupport_introspection_c/xsens_msgs/msg/detail/ang_wr__type_support.c.o[0m
[51.228s] [ 45%] [32mBuilding CXX object CMakeFiles/xsens_msgs__rosidl_typesupport_introspection_cpp.dir/rosidl_typesupport_introspection_cpp/xsens_msgs/msg/detail/sta_ct__type_support.cpp.o[0m
[51.332s] [ 45%] [32mBuilding C object CMakeFiles/xsens_msgs__rosidl_typesupport_introspection_c.dir/rosidl_typesupport_introspection_c/xsens_msgs/msg/detail/gns_np__type_support.c.o[0m
[51.634s] [ 46%] [32mBuilding C object CMakeFiles/xsens_msgs__rosidl_typesupport_introspection_c.dir/rosidl_typesupport_introspection_c/xsens_msgs/msg/detail/config_xsens__type_support.c.o[0m
[51.929s] [ 47%] [32mBuilding C object CMakeFiles/xsens_msgs__rosidl_typesupport_introspection_c.dir/rosidl_typesupport_introspection_c/xsens_msgs/msg/detail/config_ntrip__type_support.c.o[0m
[52.323s] [ 47%] [32mBuilding C object CMakeFiles/xsens_msgs__rosidl_typesupport_introspection_c.dir/rosidl_typesupport_introspection_c/xsens_msgs/msg/detail/config_cam__type_support.c.o[0m
[52.501s] [ 48%] [32mBuilding CXX object CMakeFiles/xsens_msgs__rosidl_typesupport_cpp.dir/rosidl_typesupport_cpp/xsens_msgs/srv/rtc_mdata__type_support.cpp.o[0m
[52.625s] [ 49%] [32mBuilding C object CMakeFiles/xsens_msgs__rosidl_typesupport_introspection_c.dir/rosidl_typesupport_introspection_c/xsens_msgs/msg/detail/sta_nt__type_support.c.o[0m
[52.633s] [ 50%] [32mBuilding CXX object CMakeFiles/xsens_msgs__rosidl_typesupport_fastrtps_cpp.dir/rosidl_typesupport_fastrtps_cpp/xsens_msgs/msg/detail/dds_fastrtps/config_ntrip__type_support.cpp.o[0m
[53.014s] [ 51%] [32mBuilding C object CMakeFiles/xsens_msgs__rosidl_typesupport_introspection_c.dir/rosidl_typesupport_introspection_c/xsens_msgs/msg/detail/sta_ct__type_support.c.o[0m
[53.395s] [ 51%] [32mBuilding C object CMakeFiles/xsens_msgs__rosidl_typesupport_introspection_c.dir/rosidl_typesupport_introspection_c/xsens_msgs/msg/detail/cam_image__type_support.c.o[0m
[53.549s] [ 52%] [32mBuilding CXX object CMakeFiles/xsens_msgs__rosidl_typesupport_introspection_cpp.dir/rosidl_typesupport_introspection_cpp/xsens_msgs/msg/detail/cam_image__type_support.cpp.o[0m
[53.761s] [ 53%] [32mBuilding C object CMakeFiles/xsens_msgs__rosidl_typesupport_introspection_c.dir/rosidl_typesupport_introspection_c/xsens_msgs/msg/detail/cam_batch__type_support.c.o[0m
[54.128s] [ 54%] [32mBuilding C object CMakeFiles/xsens_msgs__rosidl_typesupport_introspection_c.dir/rosidl_typesupport_introspection_c/xsens_msgs/srv/detail/rtc_mdata__type_support.c.o[0m
[54.541s] [ 54%] [32m[1mLinking C shared library libxsens_msgs__rosidl_typesupport_introspection_c.so[0m
[54.872s] [ 54%] [32m[1mLinking CXX shared library libxsens_msgs__rosidl_typesupport_cpp.so[0m
[54.963s] [ 54%] Built target xsens_msgs__rosidl_typesupport_introspection_c
[55.045s] [ 54%] [32mBuilding CXX object CMakeFiles/xsens_msgs__rosidl_typesupport_introspection_cpp.dir/rosidl_typesupport_introspection_cpp/xsens_msgs/msg/detail/cam_batch__type_support.cpp.o[0m
[55.308s] [ 54%] Built target xsens_msgs__rosidl_typesupport_cpp
[55.397s] [ 55%] [32mBuilding CXX object CMakeFiles/xsens_msgs__rosidl_typesupport_introspection_cpp.dir/rosidl_typesupport_introspection_cpp/xsens_msgs/srv/detail/rtc_mdata__type_support.cpp.o[0m
[56.041s] [ 56%] [34m[1mGenerating C type support dispatch for ROS interfaces[0m
[56.202s] [ 56%] [32mBuilding CXX object CMakeFiles/xsens_msgs__rosidl_typesupport_fastrtps_cpp.dir/rosidl_typesupport_fastrtps_cpp/xsens_msgs/msg/detail/dds_fastrtps/config_cam__type_support.cpp.o[0m
[57.679s] [ 57%] [32mBuilding CXX object CMakeFiles/xsens_msgs__rosidl_typesupport_fastrtps_cpp.dir/rosidl_typesupport_fastrtps_cpp/xsens_msgs/msg/detail/dds_fastrtps/sta_nt__type_support.cpp.o[0m
[58.187s] [ 58%] [32m[1mLinking CXX shared library libxsens_msgs__rosidl_typesupport_introspection_cpp.so[0m
[58.798s] [ 58%] Built target xsens_msgs__rosidl_typesupport_introspection_cpp
[58.896s] [ 59%] [32mBuilding CXX object CMakeFiles/xsens_msgs__rosidl_typesupport_fastrtps_cpp.dir/rosidl_typesupport_fastrtps_cpp/xsens_msgs/msg/detail/dds_fastrtps/sta_ct__type_support.cpp.o[0m
[59.727s] [ 59%] [32mBuilding CXX object CMakeFiles/xsens_msgs__rosidl_typesupport_fastrtps_cpp.dir/rosidl_typesupport_fastrtps_cpp/xsens_msgs/msg/detail/dds_fastrtps/cam_image__type_support.cpp.o[0m
[61.170s] [ 60%] [32mBuilding CXX object CMakeFiles/xsens_msgs__rosidl_typesupport_fastrtps_cpp.dir/rosidl_typesupport_fastrtps_cpp/xsens_msgs/msg/detail/dds_fastrtps/cam_batch__type_support.cpp.o[0m
[61.332s] [35m[1mScanning dependencies of target xsens_msgs__rosidl_typesupport_c[0m
[61.515s] [ 60%] [32mBuilding CXX object CMakeFiles/xsens_msgs__rosidl_typesupport_c.dir/rosidl_typesupport_c/xsens_msgs/msg/ori_oe__type_support.cpp.o[0m
[61.773s] [ 61%] [32mBuilding CXX object CMakeFiles/xsens_msgs__rosidl_typesupport_c.dir/rosidl_typesupport_c/xsens_msgs/msg/pos_pa__type_support.cpp.o[0m
[62.073s] [ 62%] [32mBuilding CXX object CMakeFiles/xsens_msgs__rosidl_typesupport_c.dir/rosidl_typesupport_c/xsens_msgs/msg/pos_pl__type_support.cpp.o[0m
[62.409s] [ 62%] [32mBuilding CXX object CMakeFiles/xsens_msgs__rosidl_typesupport_c.dir/rosidl_typesupport_c/xsens_msgs/msg/sta_sw__type_support.cpp.o[0m
[62.413s] [ 63%] [32mBuilding CXX object CMakeFiles/xsens_msgs__rosidl_typesupport_fastrtps_cpp.dir/rosidl_typesupport_fastrtps_cpp/xsens_msgs/srv/detail/dds_fastrtps/rtc_mdata__type_support.cpp.o[0m
[62.744s] [ 64%] [32mBuilding CXX object CMakeFiles/xsens_msgs__rosidl_typesupport_c.dir/rosidl_typesupport_c/xsens_msgs/msg/acc_aa__type_support.cpp.o[0m
[63.054s] [ 65%] [32mBuilding CXX object CMakeFiles/xsens_msgs__rosidl_typesupport_c.dir/rosidl_typesupport_c/xsens_msgs/msg/acc_af__type_support.cpp.o[0m
[63.360s] [ 65%] [32mBuilding CXX object CMakeFiles/xsens_msgs__rosidl_typesupport_c.dir/rosidl_typesupport_c/xsens_msgs/msg/ang_wr__type_support.cpp.o[0m
[63.389s] [ 66%] [32mBuilding CXX object CMakeFiles/xsens_msgs__rosidl_typesupport_c.dir/rosidl_typesupport_c/xsens_msgs/msg/gns_np__type_support.cpp.o[0m
[63.646s] [ 67%] [32mBuilding CXX object CMakeFiles/xsens_msgs__rosidl_typesupport_c.dir/rosidl_typesupport_c/xsens_msgs/msg/config_xsens__type_support.cpp.o[0m
[63.667s] [ 67%] [32mBuilding CXX object CMakeFiles/xsens_msgs__rosidl_typesupport_c.dir/rosidl_typesupport_c/xsens_msgs/msg/config_ntrip__type_support.cpp.o[0m
[63.934s] [ 68%] [32mBuilding CXX object CMakeFiles/xsens_msgs__rosidl_typesupport_c.dir/rosidl_typesupport_c/xsens_msgs/msg/config_cam__type_support.cpp.o[0m
[63.971s] [ 69%] [32mBuilding CXX object CMakeFiles/xsens_msgs__rosidl_typesupport_c.dir/rosidl_typesupport_c/xsens_msgs/msg/sta_nt__type_support.cpp.o[0m
[64.233s] [ 69%] [32mBuilding CXX object CMakeFiles/xsens_msgs__rosidl_typesupport_c.dir/rosidl_typesupport_c/xsens_msgs/msg/sta_ct__type_support.cpp.o[0m
[64.278s] [ 70%] [32mBuilding CXX object CMakeFiles/xsens_msgs__rosidl_typesupport_c.dir/rosidl_typesupport_c/xsens_msgs/msg/cam_image__type_support.cpp.o[0m
[64.539s] [ 71%] [32mBuilding CXX object CMakeFiles/xsens_msgs__rosidl_typesupport_c.dir/rosidl_typesupport_c/xsens_msgs/msg/cam_batch__type_support.cpp.o[0m
[64.613s] [ 71%] [32mBuilding CXX object CMakeFiles/xsens_msgs__rosidl_typesupport_c.dir/rosidl_typesupport_c/xsens_msgs/srv/rtc_mdata__type_support.cpp.o[0m
[64.911s] [ 72%] [32m[1mLinking CXX shared library libxsens_msgs__rosidl_typesupport_c.so[0m
[65.233s] [ 72%] Built target xsens_msgs__rosidl_typesupport_c
[65.452s] [ 72%] [32m[1mLinking CXX shared library libxsens_msgs__rosidl_typesupport_fastrtps_cpp.so[0m
[66.025s] [ 72%] Built target xsens_msgs__rosidl_typesupport_fastrtps_cpp
[66.115s] [ 73%] [34m[1mGenerating C type support for eProsima Fast-RTPS[0m
[70.183s] [35m[1mScanning dependencies of target xsens_msgs__rosidl_typesupport_fastrtps_c[0m
[70.502s] [ 74%] [32mBuilding CXX object CMakeFiles/xsens_msgs__rosidl_typesupport_fastrtps_c.dir/rosidl_typesupport_fastrtps_c/xsens_msgs/msg/detail/pos_pa__type_support_c.cpp.o[0m
[70.509s] [ 74%] [32mBuilding CXX object CMakeFiles/xsens_msgs__rosidl_typesupport_fastrtps_c.dir/rosidl_typesupport_fastrtps_c/xsens_msgs/msg/detail/ori_oe__type_support_c.cpp.o[0m
[70.513s] [ 75%] [32mBuilding CXX object CMakeFiles/xsens_msgs__rosidl_typesupport_fastrtps_c.dir/rosidl_typesupport_fastrtps_c/xsens_msgs/msg/detail/pos_pl__type_support_c.cpp.o[0m
[70.520s] [ 75%] [32mBuilding CXX object CMakeFiles/xsens_msgs__rosidl_typesupport_fastrtps_c.dir/rosidl_typesupport_fastrtps_c/xsens_msgs/msg/detail/sta_sw__type_support_c.cpp.o[0m
[73.219s] [ 76%] [32mBuilding CXX object CMakeFiles/xsens_msgs__rosidl_typesupport_fastrtps_c.dir/rosidl_typesupport_fastrtps_c/xsens_msgs/msg/detail/acc_aa__type_support_c.cpp.o[0m
[73.240s] [ 77%] [32mBuilding CXX object CMakeFiles/xsens_msgs__rosidl_typesupport_fastrtps_c.dir/rosidl_typesupport_fastrtps_c/xsens_msgs/msg/detail/acc_af__type_support_c.cpp.o[0m
[73.588s] [ 77%] [32mBuilding CXX object CMakeFiles/xsens_msgs__rosidl_typesupport_fastrtps_c.dir/rosidl_typesupport_fastrtps_c/xsens_msgs/msg/detail/ang_wr__type_support_c.cpp.o[0m
[73.629s] [ 78%] [32mBuilding CXX object CMakeFiles/xsens_msgs__rosidl_typesupport_fastrtps_c.dir/rosidl_typesupport_fastrtps_c/xsens_msgs/msg/detail/gns_np__type_support_c.cpp.o[0m
[76.186s] [ 79%] [32mBuilding CXX object CMakeFiles/xsens_msgs__rosidl_typesupport_fastrtps_c.dir/rosidl_typesupport_fastrtps_c/xsens_msgs/msg/detail/config_xsens__type_support_c.cpp.o[0m
[76.262s] [ 79%] [32mBuilding CXX object CMakeFiles/xsens_msgs__rosidl_typesupport_fastrtps_c.dir/rosidl_typesupport_fastrtps_c/xsens_msgs/msg/detail/config_ntrip__type_support_c.cpp.o[0m
[76.334s] [ 80%] [32mBuilding CXX object CMakeFiles/xsens_msgs__rosidl_typesupport_fastrtps_c.dir/rosidl_typesupport_fastrtps_c/xsens_msgs/msg/detail/config_cam__type_support_c.cpp.o[0m
[76.726s] [ 81%] [32mBuilding CXX object CMakeFiles/xsens_msgs__rosidl_typesupport_fastrtps_c.dir/rosidl_typesupport_fastrtps_c/xsens_msgs/msg/detail/sta_nt__type_support_c.cpp.o[0m
[78.771s] [ 81%] [32mBuilding CXX object CMakeFiles/xsens_msgs__rosidl_typesupport_fastrtps_c.dir/rosidl_typesupport_fastrtps_c/xsens_msgs/msg/detail/sta_ct__type_support_c.cpp.o[0m
[79.108s] [ 82%] [32mBuilding CXX object CMakeFiles/xsens_msgs__rosidl_typesupport_fastrtps_c.dir/rosidl_typesupport_fastrtps_c/xsens_msgs/msg/detail/cam_image__type_support_c.cpp.o[0m
[79.348s] [ 83%] [32mBuilding CXX object CMakeFiles/xsens_msgs__rosidl_typesupport_fastrtps_c.dir/rosidl_typesupport_fastrtps_c/xsens_msgs/msg/detail/cam_batch__type_support_c.cpp.o[0m
[79.526s] [ 83%] [32mBuilding CXX object CMakeFiles/xsens_msgs__rosidl_typesupport_fastrtps_c.dir/rosidl_typesupport_fastrtps_c/xsens_msgs/srv/detail/rtc_mdata__type_support_c.cpp.o[0m
[82.323s] [ 84%] [32m[1mLinking CXX shared library libxsens_msgs__rosidl_typesupport_fastrtps_c.so[0m
[82.837s] [ 84%] Built target xsens_msgs__rosidl_typesupport_fastrtps_c
[82.984s] [ 84%] Built target xsens_msgs
[83.140s] [ 85%] [34m[1mGenerating Python code for ROS interfaces[0m
[91.340s] [ 85%] Built target xsens_msgs__py
[91.431s] [35m[1mScanning dependencies of target xsens_msgs__python[0m
[91.780s] [ 86%] [32mBuilding C object CMakeFiles/xsens_msgs__python.dir/rosidl_generator_py/xsens_msgs/msg/_pos_pa_s.c.o[0m
[91.782s] [ 87%] [32mBuilding C object CMakeFiles/xsens_msgs__python.dir/rosidl_generator_py/xsens_msgs/msg/_pos_pl_s.c.o[0m
[91.788s] [ 87%] [32mBuilding C object CMakeFiles/xsens_msgs__python.dir/rosidl_generator_py/xsens_msgs/msg/_sta_sw_s.c.o[0m
[91.797s] [ 87%] [32mBuilding C object CMakeFiles/xsens_msgs__python.dir/rosidl_generator_py/xsens_msgs/msg/_ori_oe_s.c.o[0m
[92.486s] [ 88%] [32mBuilding C object CMakeFiles/xsens_msgs__python.dir/rosidl_generator_py/xsens_msgs/msg/_acc_aa_s.c.o[0m
[92.579s] [ 89%] [32mBuilding C object CMakeFiles/xsens_msgs__python.dir/rosidl_generator_py/xsens_msgs/msg/_acc_af_s.c.o[0m
[92.581s] [ 89%] [32mBuilding C object CMakeFiles/xsens_msgs__python.dir/rosidl_generator_py/xsens_msgs/msg/_ang_wr_s.c.o[0m
[92.715s] [ 90%] [32mBuilding C object CMakeFiles/xsens_msgs__python.dir/rosidl_generator_py/xsens_msgs/msg/_gns_np_s.c.o[0m
[93.255s] [ 91%] [32mBuilding C object CMakeFiles/xsens_msgs__python.dir/rosidl_generator_py/xsens_msgs/msg/_config_xsens_s.c.o[0m
[93.274s] [ 91%] [32mBuilding C object CMakeFiles/xsens_msgs__python.dir/rosidl_generator_py/xsens_msgs/msg/_config_ntrip_s.c.o[0m
[93.499s] [ 92%] [32mBuilding C object CMakeFiles/xsens_msgs__python.dir/rosidl_generator_py/xsens_msgs/msg/_config_cam_s.c.o[0m
[93.578s] [ 93%] [32mBuilding C object CMakeFiles/xsens_msgs__python.dir/rosidl_generator_py/xsens_msgs/msg/_sta_nt_s.c.o[0m
[93.995s] [ 93%] [32mBuilding C object CMakeFiles/xsens_msgs__python.dir/rosidl_generator_py/xsens_msgs/msg/_sta_ct_s.c.o[0m
[94.008s] [ 94%] [32mBuilding C object CMakeFiles/xsens_msgs__python.dir/rosidl_generator_py/xsens_msgs/msg/_cam_image_s.c.o[0m
[94.348s] [ 95%] [32mBuilding C object CMakeFiles/xsens_msgs__python.dir/rosidl_generator_py/xsens_msgs/msg/_cam_batch_s.c.o[0m
[94.440s] [ 95%] [32mBuilding C object CMakeFiles/xsens_msgs__python.dir/rosidl_generator_py/xsens_msgs/srv/_rtc_mdata_s.c.o[0m
[95.090s] [ 96%] [32m[1mLinking C shared library rosidl_generator_py/xsens_msgs/libxsens_msgs__python.so[0m
[95.433s] [ 96%] Built target xsens_msgs__python
[95.517s] [35m[1mScanning dependencies of target xsens_msgs__rosidl_typesupport_c__pyext[0m
[95.517s] [35m[1mScanning dependencies of target xsens_msgs__rosidl_typesupport_introspection_c__pyext[0m
[95.523s] [35m[1mScanning dependencies of target xsens_msgs__rosidl_typesupport_fastrtps_c__pyext[0m
[95.733s] [ 97%] [32mBuilding C object CMakeFiles/xsens_msgs__rosidl_typesupport_introspection_c__pyext.dir/rosidl_generator_py/xsens_msgs/_xsens_msgs_s.ep.rosidl_typesupport_introspection_c.c.o[0m
[95.762s] [ 98%] [32mBuilding C object CMakeFiles/xsens_msgs__rosidl_typesupport_c__pyext.dir/rosidl_generator_py/xsens_msgs/_xsens_msgs_s.ep.rosidl_typesupport_c.c.o[0m
[95.789s] [ 99%] [32mBuilding C object CMakeFiles/xsens_msgs__rosidl_typesupport_fastrtps_c__pyext.dir/rosidl_generator_py/xsens_msgs/_xsens_msgs_s.ep.rosidl_typesupport_fastrtps_c.c.o[0m
[96.632s] [ 99%] [32m[1mLinking C shared library rosidl_generator_py/xsens_msgs/xsens_msgs_s__rosidl_typesupport_c.cpython-38-aarch64-linux-gnu.so[0m
[96.675s] [100%] [32m[1mLinking C shared library rosidl_generator_py/xsens_msgs/xsens_msgs_s__rosidl_typesupport_introspection_c.cpython-38-aarch64-linux-gnu.so[0m
[96.774s] [100%] [32m[1mLinking CXX shared library rosidl_generator_py/xsens_msgs/xsens_msgs_s__rosidl_typesupport_fastrtps_c.cpython-38-aarch64-linux-gnu.so[0m
[97.034s] [100%] Built target xsens_msgs__rosidl_typesupport_c__pyext
[97.061s] [100%] Built target xsens_msgs__rosidl_typesupport_introspection_c__pyext
[97.302s] [100%] Built target xsens_msgs__rosidl_typesupport_fastrtps_c__pyext
[97.379s] Invoked command in '/app/dev_ws/build/xsens_msgs' returned '0': CMAKE_PREFIX_PATH=${CMAKE_PREFIX_PATH}:/app/dev_ws/install/xsens_driver:/app/dev_ws/install/cam_client:/app/dev_ws/install/ntrip_client:/app/dev_ws/install/central:/opt/ros/foxy /usr/bin/cmake --build /app/dev_ws/build/xsens_msgs -- -j4 -l4
[100.195s] Invoking command in '/app/dev_ws/build/xsens_msgs': CMAKE_PREFIX_PATH=${CMAKE_PREFIX_PATH}:/app/dev_ws/install/xsens_driver:/app/dev_ws/install/cam_client:/app/dev_ws/install/ntrip_client:/app/dev_ws/install/central:/opt/ros/foxy /usr/bin/cmake --install /app/dev_ws/build/xsens_msgs
[100.249s] -- Install configuration: ""
[100.249s] -- Up-to-date: /app/dev_ws/install/xsens_msgs/share/ament_index/resource_index/rosidl_interfaces/xsens_msgs
[100.250s] -- Up-to-date: /app/dev_ws/install/xsens_msgs/include/xsens_msgs
[100.251s] -- Up-to-date: /app/dev_ws/install/xsens_msgs/include/xsens_msgs/msg
[100.251s] -- Installing: /app/dev_ws/install/xsens_msgs/include/xsens_msgs/msg/config_xsens.h
[100.252s] -- Installing: /app/dev_ws/install/xsens_msgs/include/xsens_msgs/msg/config_cam.h
[100.254s] -- Installing: /app/dev_ws/install/xsens_msgs/include/xsens_msgs/msg/gns_np.h
[100.255s] -- Installing: /app/dev_ws/install/xsens_msgs/include/xsens_msgs/msg/sta_nt.h
[100.256s] -- Installing: /app/dev_ws/install/xsens_msgs/include/xsens_msgs/msg/cam_image.h
[100.258s] -- Installing: /app/dev_ws/install/xsens_msgs/include/xsens_msgs/msg/config_ntrip.h
[100.259s] -- Installing: /app/dev_ws/install/xsens_msgs/include/xsens_msgs/msg/cam_batch.h
[100.260s] -- Installing: /app/dev_ws/install/xsens_msgs/include/xsens_msgs/msg/sta_sw.h
[100.261s] -- Installing: /app/dev_ws/install/xsens_msgs/include/xsens_msgs/msg/acc_aa.h
[100.263s] -- Up-to-date: /app/dev_ws/install/xsens_msgs/include/xsens_msgs/msg/rosidl_generator_c__visibility_control.h
[100.263s] -- Installing: /app/dev_ws/install/xsens_msgs/include/xsens_msgs/msg/acc_af.h
[100.264s] -- Installing: /app/dev_ws/install/xsens_msgs/include/xsens_msgs/msg/sta_ct.h
[100.266s] -- Up-to-date: /app/dev_ws/install/xsens_msgs/include/xsens_msgs/msg/detail
[100.267s] -- Installing: /app/dev_ws/install/xsens_msgs/include/xsens_msgs/msg/detail/gns_np__struct.h
[100.268s] -- Installing: /app/dev_ws/install/xsens_msgs/include/xsens_msgs/msg/detail/acc_af__functions.h
[100.269s] -- Installing: /app/dev_ws/install/xsens_msgs/include/xsens_msgs/msg/detail/config_ntrip__functions.h
[100.271s] -- Installing: /app/dev_ws/install/xsens_msgs/include/xsens_msgs/msg/detail/config_ntrip__struct.h
[100.272s] -- Installing: /app/dev_ws/install/xsens_msgs/include/xsens_msgs/msg/detail/acc_aa__functions.h
[100.273s] -- Installing: /app/dev_ws/install/xsens_msgs/include/xsens_msgs/msg/detail/ang_wr__struct.h
[100.275s] -- Installing: /app/dev_ws/install/xsens_msgs/include/xsens_msgs/msg/detail/config_ntrip__type_support.h
[100.278s] -- Installing: /app/dev_ws/install/xsens_msgs/include/xsens_msgs/msg/detail/ori_oe__struct.h
[100.278s] -- Installing: /app/dev_ws/install/xsens_msgs/include/xsens_msgs/msg/detail/acc_aa__type_support.h
[100.279s] -- Installing: /app/dev_ws/install/xsens_msgs/include/xsens_msgs/msg/detail/cam_image__functions.c
[100.281s] -- Installing: /app/dev_ws/install/xsens_msgs/include/xsens_msgs/msg/detail/sta_sw__functions.c
[100.283s] -- Installing: /app/dev_ws/install/xsens_msgs/include/xsens_msgs/msg/detail/acc_aa__struct.h
[100.284s] -- Installing: /app/dev_ws/install/xsens_msgs/include/xsens_msgs/msg/detail/pos_pa__type_support.h
[100.285s] -- Installing: /app/dev_ws/install/xsens_msgs/include/xsens_msgs/msg/detail/gns_np__type_support.h
[100.287s] -- Installing: /app/dev_ws/install/xsens_msgs/include/xsens_msgs/msg/detail/sta_nt__functions.h
[100.288s] -- Installing: /app/dev_ws/install/xsens_msgs/include/xsens_msgs/msg/detail/cam_batch__functions.h
[100.289s] -- Installing: /app/dev_ws/install/xsens_msgs/include/xsens_msgs/msg/detail/cam_image__struct.h
[100.291s] -- Installing: /app/dev_ws/install/xsens_msgs/include/xsens_msgs/msg/detail/ori_oe__functions.c
[100.292s] -- Installing: /app/dev_ws/install/xsens_msgs/include/xsens_msgs/msg/detail/pos_pa__functions.h
[100.293s] -- Installing: /app/dev_ws/install/xsens_msgs/include/xsens_msgs/msg/detail/config_xsens__functions.c
[100.295s] -- Installing: /app/dev_ws/install/xsens_msgs/include/xsens_msgs/msg/detail/acc_af__functions.c
[100.296s] -- Installing: /app/dev_ws/install/xsens_msgs/include/xsens_msgs/msg/detail/cam_batch__functions.c
[100.299s] -- Installing: /app/dev_ws/install/xsens_msgs/include/xsens_msgs/msg/detail/cam_batch__type_support.h
[100.300s] -- Installing: /app/dev_ws/install/xsens_msgs/include/xsens_msgs/msg/detail/ang_wr__functions.c
[100.302s] -- Installing: /app/dev_ws/install/xsens_msgs/include/xsens_msgs/msg/detail/gns_np__functions.h
[100.304s] -- Installing: /app/dev_ws/install/xsens_msgs/include/xsens_msgs/msg/detail/acc_aa__functions.c
[100.305s] -- Installing: /app/dev_ws/install/xsens_msgs/include/xsens_msgs/msg/detail/pos_pl__type_support.h
[100.306s] -- Installing: /app/dev_ws/install/xsens_msgs/include/xsens_msgs/msg/detail/gns_np__functions.c
[100.308s] -- Installing: /app/dev_ws/install/xsens_msgs/include/xsens_msgs/msg/detail/sta_nt__functions.c
[100.309s] -- Installing: /app/dev_ws/install/xsens_msgs/include/xsens_msgs/msg/detail/sta_nt__type_support.h
[100.311s] -- Installing: /app/dev_ws/install/xsens_msgs/include/xsens_msgs/msg/detail/config_xsens__type_support.h
[100.312s] -- Installing: /app/dev_ws/install/xsens_msgs/include/xsens_msgs/msg/detail/config_cam__struct.h
[100.314s] -- Installing: /app/dev_ws/install/xsens_msgs/include/xsens_msgs/msg/detail/config_xsens__struct.h
[100.315s] -- Installing: /app/dev_ws/install/xsens_msgs/include/xsens_msgs/msg/detail/sta_ct__functions.h
[100.316s] -- Installing: /app/dev_ws/install/xsens_msgs/include/xsens_msgs/msg/detail/ori_oe__functions.h
[100.318s] -- Installing: /app/dev_ws/install/xsens_msgs/include/xsens_msgs/msg/detail/config_cam__functions.h
[100.319s] -- Installing: /app/dev_ws/install/xsens_msgs/include/xsens_msgs/msg/detail/ang_wr__type_support.h
[100.320s] -- Installing: /app/dev_ws/install/xsens_msgs/include/xsens_msgs/msg/detail/sta_ct__type_support.h
[100.322s] -- Installing: /app/dev_ws/install/xsens_msgs/include/xsens_msgs/msg/detail/config_ntrip__functions.c
[100.323s] -- Installing: /app/dev_ws/install/xsens_msgs/include/xsens_msgs/msg/detail/config_cam__type_support.h
[100.325s] -- Installing: /app/dev_ws/install/xsens_msgs/include/xsens_msgs/msg/detail/cam_batch__struct.h
[100.326s] -- Installing: /app/dev_ws/install/xsens_msgs/include/xsens_msgs/msg/detail/sta_nt__struct.h
[100.328s] -- Installing: /app/dev_ws/install/xsens_msgs/include/xsens_msgs/msg/detail/pos_pa__struct.h
[100.330s] -- Installing: /app/dev_ws/install/xsens_msgs/include/xsens_msgs/msg/detail/config_xsens__functions.h
[100.331s] -- Installing: /app/dev_ws/install/xsens_msgs/include/xsens_msgs/msg/detail/sta_ct__functions.c
[100.333s] -- Installing: /app/dev_ws/install/xsens_msgs/include/xsens_msgs/msg/detail/acc_af__type_support.h
[100.334s] -- Installing: /app/dev_ws/install/xsens_msgs/include/xsens_msgs/msg/detail/sta_sw__type_support.h
[100.336s] -- Installing: /app/dev_ws/install/xsens_msgs/include/xsens_msgs/msg/detail/sta_sw__functions.h
[100.337s] -- Installing: /app/dev_ws/install/xsens_msgs/include/xsens_msgs/msg/detail/pos_pa__functions.c
[100.338s] -- Installing: /app/dev_ws/install/xsens_msgs/include/xsens_msgs/msg/detail/config_cam__functions.c
[100.340s] -- Installing: /app/dev_ws/install/xsens_msgs/include/xsens_msgs/msg/detail/pos_pl__functions.c
[100.341s] -- Installing: /app/dev_ws/install/xsens_msgs/include/xsens_msgs/msg/detail/pos_pl__struct.h
[100.342s] -- Installing: /app/dev_ws/install/xsens_msgs/include/xsens_msgs/msg/detail/sta_ct__struct.h
[100.343s] -- Installing: /app/dev_ws/install/xsens_msgs/include/xsens_msgs/msg/detail/acc_af__struct.h
[100.345s] -- Installing: /app/dev_ws/install/xsens_msgs/include/xsens_msgs/msg/detail/cam_image__functions.h
[100.346s] -- Installing: /app/dev_ws/install/xsens_msgs/include/xsens_msgs/msg/detail/cam_image__type_support.h
[100.348s] -- Installing: /app/dev_ws/install/xsens_msgs/include/xsens_msgs/msg/detail/pos_pl__functions.h
[100.349s] -- Installing: /app/dev_ws/install/xsens_msgs/include/xsens_msgs/msg/detail/sta_sw__struct.h
[100.351s] -- Installing: /app/dev_ws/install/xsens_msgs/include/xsens_msgs/msg/detail/ang_wr__functions.h
[100.353s] -- Installing: /app/dev_ws/install/xsens_msgs/include/xsens_msgs/msg/detail/ori_oe__type_support.h
[100.354s] -- Installing: /app/dev_ws/install/xsens_msgs/include/xsens_msgs/msg/pos_pa.h
[100.355s] -- Installing: /app/dev_ws/install/xsens_msgs/include/xsens_msgs/msg/pos_pl.h
[100.356s] -- Installing: /app/dev_ws/install/xsens_msgs/include/xsens_msgs/msg/ang_wr.h
[100.358s] -- Installing: /app/dev_ws/install/xsens_msgs/include/xsens_msgs/msg/ori_oe.h
[100.359s] -- Up-to-date: /app/dev_ws/install/xsens_msgs/include/xsens_msgs/srv
[100.360s] -- Up-to-date: /app/dev_ws/install/xsens_msgs/include/xsens_msgs/srv/detail
[100.360s] -- Installing: /app/dev_ws/install/xsens_msgs/include/xsens_msgs/srv/detail/rtc_mdata__functions.h
[100.361s] -- Installing: /app/dev_ws/install/xsens_msgs/include/xsens_msgs/srv/detail/rtc_mdata__functions.c
[100.363s] -- Installing: /app/dev_ws/install/xsens_msgs/include/xsens_msgs/srv/detail/rtc_mdata__struct.h
[100.364s] -- Installing: /app/dev_ws/install/xsens_msgs/include/xsens_msgs/srv/detail/rtc_mdata__type_support.h
[100.366s] -- Installing: /app/dev_ws/install/xsens_msgs/include/xsens_msgs/srv/rtc_mdata.h
[100.367s] -- Up-to-date: /app/dev_ws/install/xsens_msgs/share/xsens_msgs/environment/library_path.sh
[100.368s] -- Installing: /app/dev_ws/install/xsens_msgs/share/xsens_msgs/environment/library_path.dsv
[100.371s] -- Installing: /app/dev_ws/install/xsens_msgs/lib/libxsens_msgs__rosidl_generator_c.so
[100.374s] -- Set runtime path of "/app/dev_ws/install/xsens_msgs/lib/libxsens_msgs__rosidl_generator_c.so" to ""
[100.375s] -- Up-to-date: /app/dev_ws/install/xsens_msgs/include/xsens_msgs
[100.375s] -- Up-to-date: /app/dev_ws/install/xsens_msgs/include/xsens_msgs/msg
[100.376s] -- Up-to-date: /app/dev_ws/install/xsens_msgs/include/xsens_msgs/msg/detail
[100.376s] -- Installing: /app/dev_ws/install/xsens_msgs/include/xsens_msgs/msg/detail/gns_np__rosidl_typesupport_fastrtps_c.h
[100.378s] -- Installing: /app/dev_ws/install/xsens_msgs/include/xsens_msgs/msg/detail/pos_pa__rosidl_typesupport_fastrtps_c.h
[100.379s] -- Installing: /app/dev_ws/install/xsens_msgs/include/xsens_msgs/msg/detail/acc_aa__rosidl_typesupport_fastrtps_c.h
[100.381s] -- Installing: /app/dev_ws/install/xsens_msgs/include/xsens_msgs/msg/detail/config_xsens__rosidl_typesupport_fastrtps_c.h
[100.382s] -- Installing: /app/dev_ws/install/xsens_msgs/include/xsens_msgs/msg/detail/acc_af__rosidl_typesupport_fastrtps_c.h
[100.384s] -- Installing: /app/dev_ws/install/xsens_msgs/include/xsens_msgs/msg/detail/sta_ct__rosidl_typesupport_fastrtps_c.h
[100.385s] -- Installing: /app/dev_ws/install/xsens_msgs/include/xsens_msgs/msg/detail/ang_wr__rosidl_typesupport_fastrtps_c.h
[100.387s] -- Installing: /app/dev_ws/install/xsens_msgs/include/xsens_msgs/msg/detail/sta_nt__rosidl_typesupport_fastrtps_c.h
[100.389s] -- Installing: /app/dev_ws/install/xsens_msgs/include/xsens_msgs/msg/detail/sta_sw__rosidl_typesupport_fastrtps_c.h
[100.390s] -- Installing: /app/dev_ws/install/xsens_msgs/include/xsens_msgs/msg/detail/cam_image__rosidl_typesupport_fastrtps_c.h
[100.392s] -- Installing: /app/dev_ws/install/xsens_msgs/include/xsens_msgs/msg/detail/ori_oe__rosidl_typesupport_fastrtps_c.h
[100.393s] -- Installing: /app/dev_ws/install/xsens_msgs/include/xsens_msgs/msg/detail/pos_pl__rosidl_typesupport_fastrtps_c.h
[100.395s] -- Installing: /app/dev_ws/install/xsens_msgs/include/xsens_msgs/msg/detail/cam_batch__rosidl_typesupport_fastrtps_c.h
[100.396s] -- Installing: /app/dev_ws/install/xsens_msgs/include/xsens_msgs/msg/detail/config_ntrip__rosidl_typesupport_fastrtps_c.h
[100.397s] -- Installing: /app/dev_ws/install/xsens_msgs/include/xsens_msgs/msg/detail/config_cam__rosidl_typesupport_fastrtps_c.h
[100.399s] -- Up-to-date: /app/dev_ws/install/xsens_msgs/include/xsens_msgs/msg/rosidl_typesupport_fastrtps_c__visibility_control.h
[100.400s] -- Up-to-date: /app/dev_ws/install/xsens_msgs/include/xsens_msgs/srv
[100.400s] -- Up-to-date: /app/dev_ws/install/xsens_msgs/include/xsens_msgs/srv/detail
[100.401s] -- Installing: /app/dev_ws/install/xsens_msgs/include/xsens_msgs/srv/detail/rtc_mdata__rosidl_typesupport_fastrtps_c.h
[100.403s] -- Installing: /app/dev_ws/install/xsens_msgs/lib/libxsens_msgs__rosidl_typesupport_fastrtps_c.so
[100.407s] -- Set runtime path of "/app/dev_ws/install/xsens_msgs/lib/libxsens_msgs__rosidl_typesupport_fastrtps_c.so" to ""
[100.408s] -- Up-to-date: /app/dev_ws/install/xsens_msgs/include/xsens_msgs
[100.408s] -- Up-to-date: /app/dev_ws/install/xsens_msgs/include/xsens_msgs/msg
[100.409s] -- Up-to-date: /app/dev_ws/install/xsens_msgs/include/xsens_msgs/msg/detail
[100.409s] -- Installing: /app/dev_ws/install/xsens_msgs/include/xsens_msgs/msg/detail/acc_af__rosidl_typesupport_fastrtps_cpp.hpp
[100.411s] -- Installing: /app/dev_ws/install/xsens_msgs/include/xsens_msgs/msg/detail/sta_ct__rosidl_typesupport_fastrtps_cpp.hpp
[100.412s] -- Installing: /app/dev_ws/install/xsens_msgs/include/xsens_msgs/msg/detail/cam_batch__rosidl_typesupport_fastrtps_cpp.hpp
[100.414s] -- Installing: /app/dev_ws/install/xsens_msgs/include/xsens_msgs/msg/detail/sta_nt__rosidl_typesupport_fastrtps_cpp.hpp
[100.416s] -- Installing: /app/dev_ws/install/xsens_msgs/include/xsens_msgs/msg/detail/ang_wr__rosidl_typesupport_fastrtps_cpp.hpp
[100.417s] -- Installing: /app/dev_ws/install/xsens_msgs/include/xsens_msgs/msg/detail/pos_pa__rosidl_typesupport_fastrtps_cpp.hpp
[100.419s] -- Installing: /app/dev_ws/install/xsens_msgs/include/xsens_msgs/msg/detail/acc_aa__rosidl_typesupport_fastrtps_cpp.hpp
[100.420s] -- Installing: /app/dev_ws/install/xsens_msgs/include/xsens_msgs/msg/detail/cam_image__rosidl_typesupport_fastrtps_cpp.hpp
[100.422s] -- Installing: /app/dev_ws/install/xsens_msgs/include/xsens_msgs/msg/detail/config_xsens__rosidl_typesupport_fastrtps_cpp.hpp
[100.423s] -- Installing: /app/dev_ws/install/xsens_msgs/include/xsens_msgs/msg/detail/gns_np__rosidl_typesupport_fastrtps_cpp.hpp
[100.424s] -- Installing: /app/dev_ws/install/xsens_msgs/include/xsens_msgs/msg/detail/config_ntrip__rosidl_typesupport_fastrtps_cpp.hpp
[100.426s] -- Installing: /app/dev_ws/install/xsens_msgs/include/xsens_msgs/msg/detail/pos_pl__rosidl_typesupport_fastrtps_cpp.hpp
[100.428s] -- Installing: /app/dev_ws/install/xsens_msgs/include/xsens_msgs/msg/detail/config_cam__rosidl_typesupport_fastrtps_cpp.hpp
[100.430s] -- Installing: /app/dev_ws/install/xsens_msgs/include/xsens_msgs/msg/detail/ori_oe__rosidl_typesupport_fastrtps_cpp.hpp
[100.433s] -- Up-to-date: /app/dev_ws/install/xsens_msgs/include/xsens_msgs/msg/detail/dds_fastrtps
[100.434s] -- Installing: /app/dev_ws/install/xsens_msgs/include/xsens_msgs/msg/detail/sta_sw__rosidl_typesupport_fastrtps_cpp.hpp
[100.434s] -- Up-to-date: /app/dev_ws/install/xsens_msgs/include/xsens_msgs/msg/rosidl_typesupport_fastrtps_cpp__visibility_control.h
[100.435s] -- Up-to-date: /app/dev_ws/install/xsens_msgs/include/xsens_msgs/srv
[100.435s] -- Up-to-date: /app/dev_ws/install/xsens_msgs/include/xsens_msgs/srv/detail
[100.436s] -- Installing: /app/dev_ws/install/xsens_msgs/include/xsens_msgs/srv/detail/rtc_mdata__rosidl_typesupport_fastrtps_cpp.hpp
[100.437s] -- Up-to-date: /app/dev_ws/install/xsens_msgs/include/xsens_msgs/srv/detail/dds_fastrtps
[100.439s] -- Installing: /app/dev_ws/install/xsens_msgs/lib/libxsens_msgs__rosidl_typesupport_fastrtps_cpp.so
[100.444s] -- Set runtime path of "/app/dev_ws/install/xsens_msgs/lib/libxsens_msgs__rosidl_typesupport_fastrtps_cpp.so" to ""
[100.444s] -- Up-to-date: /app/dev_ws/install/xsens_msgs/include/xsens_msgs
[100.445s] -- Up-to-date: /app/dev_ws/install/xsens_msgs/include/xsens_msgs/msg
[100.445s] -- Up-to-date: /app/dev_ws/install/xsens_msgs/include/xsens_msgs/msg/rosidl_typesupport_introspection_c__visibility_control.h
[100.445s] -- Up-to-date: /app/dev_ws/install/xsens_msgs/include/xsens_msgs/msg/detail
[100.446s] -- Installing: /app/dev_ws/install/xsens_msgs/include/xsens_msgs/msg/detail/ori_oe__type_support.c
[100.448s] -- Installing: /app/dev_ws/install/xsens_msgs/include/xsens_msgs/msg/detail/sta_nt__type_support.c
[100.449s] -- Installing: /app/dev_ws/install/xsens_msgs/include/xsens_msgs/msg/detail/ori_oe__rosidl_typesupport_introspection_c.h
[100.451s] -- Installing: /app/dev_ws/install/xsens_msgs/include/xsens_msgs/msg/detail/pos_pl__type_support.c
[100.453s] -- Installing: /app/dev_ws/install/xsens_msgs/include/xsens_msgs/msg/detail/acc_aa__type_support.c
[100.455s] -- Installing: /app/dev_ws/install/xsens_msgs/include/xsens_msgs/msg/detail/acc_af__type_support.c
[100.456s] -- Installing: /app/dev_ws/install/xsens_msgs/include/xsens_msgs/msg/detail/config_ntrip__rosidl_typesupport_introspection_c.h
[100.458s] -- Installing: /app/dev_ws/install/xsens_msgs/include/xsens_msgs/msg/detail/acc_af__rosidl_typesupport_introspection_c.h
[100.459s] -- Installing: /app/dev_ws/install/xsens_msgs/include/xsens_msgs/msg/detail/ang_wr__type_support.c
[100.461s] -- Installing: /app/dev_ws/install/xsens_msgs/include/xsens_msgs/msg/detail/ang_wr__rosidl_typesupport_introspection_c.h
[100.462s] -- Installing: /app/dev_ws/install/xsens_msgs/include/xsens_msgs/msg/detail/sta_ct__rosidl_typesupport_introspection_c.h
[100.464s] -- Installing: /app/dev_ws/install/xsens_msgs/include/xsens_msgs/msg/detail/cam_image__rosidl_typesupport_introspection_c.h
[100.465s] -- Installing: /app/dev_ws/install/xsens_msgs/include/xsens_msgs/msg/detail/cam_batch__type_support.c
[100.467s] -- Installing: /app/dev_ws/install/xsens_msgs/include/xsens_msgs/msg/detail/gns_np__rosidl_typesupport_introspection_c.h
[100.468s] -- Installing: /app/dev_ws/install/xsens_msgs/include/xsens_msgs/msg/detail/config_xsens__type_support.c
[100.470s] -- Installing: /app/dev_ws/install/xsens_msgs/include/xsens_msgs/msg/detail/gns_np__type_support.c
[100.471s] -- Installing: /app/dev_ws/install/xsens_msgs/include/xsens_msgs/msg/detail/config_xsens__rosidl_typesupport_introspection_c.h
[100.473s] -- Installing: /app/dev_ws/install/xsens_msgs/include/xsens_msgs/msg/detail/pos_pa__rosidl_typesupport_introspection_c.h
[100.475s] -- Installing: /app/dev_ws/install/xsens_msgs/include/xsens_msgs/msg/detail/pos_pl__rosidl_typesupport_introspection_c.h
[100.476s] -- Installing: /app/dev_ws/install/xsens_msgs/include/xsens_msgs/msg/detail/sta_sw__rosidl_typesupport_introspection_c.h
[100.478s] -- Installing: /app/dev_ws/install/xsens_msgs/include/xsens_msgs/msg/detail/sta_nt__rosidl_typesupport_introspection_c.h
[100.479s] -- Installing: /app/dev_ws/install/xsens_msgs/include/xsens_msgs/msg/detail/pos_pa__type_support.c
[100.480s] -- Installing: /app/dev_ws/install/xsens_msgs/include/xsens_msgs/msg/detail/cam_batch__rosidl_typesupport_introspection_c.h
[100.482s] -- Installing: /app/dev_ws/install/xsens_msgs/include/xsens_msgs/msg/detail/cam_image__type_support.c
[100.483s] -- Installing: /app/dev_ws/install/xsens_msgs/include/xsens_msgs/msg/detail/config_cam__rosidl_typesupport_introspection_c.h
[100.485s] -- Installing: /app/dev_ws/install/xsens_msgs/include/xsens_msgs/msg/detail/config_cam__type_support.c
[100.486s] -- Installing: /app/dev_ws/install/xsens_msgs/include/xsens_msgs/msg/detail/sta_sw__type_support.c
[100.488s] -- Installing: /app/dev_ws/install/xsens_msgs/include/xsens_msgs/msg/detail/config_ntrip__type_support.c
[100.489s] -- Installing: /app/dev_ws/install/xsens_msgs/include/xsens_msgs/msg/detail/sta_ct__type_support.c
[100.491s] -- Installing: /app/dev_ws/install/xsens_msgs/include/xsens_msgs/msg/detail/acc_aa__rosidl_typesupport_introspection_c.h
[100.492s] -- Up-to-date: /app/dev_ws/install/xsens_msgs/include/xsens_msgs/srv
[100.492s] -- Up-to-date: /app/dev_ws/install/xsens_msgs/include/xsens_msgs/srv/detail
[100.493s] -- Installing: /app/dev_ws/install/xsens_msgs/include/xsens_msgs/srv/detail/rtc_mdata__rosidl_typesupport_introspection_c.h
[100.495s] -- Installing: /app/dev_ws/install/xsens_msgs/include/xsens_msgs/srv/detail/rtc_mdata__type_support.c
[100.497s] -- Installing: /app/dev_ws/install/xsens_msgs/lib/libxsens_msgs__rosidl_typesupport_introspection_c.so
[100.501s] -- Set runtime path of "/app/dev_ws/install/xsens_msgs/lib/libxsens_msgs__rosidl_typesupport_introspection_c.so" to ""
[100.503s] -- Installing: /app/dev_ws/install/xsens_msgs/lib/libxsens_msgs__rosidl_typesupport_c.so
[100.506s] -- Set runtime path of "/app/dev_ws/install/xsens_msgs/lib/libxsens_msgs__rosidl_typesupport_c.so" to ""
[100.507s] -- Up-to-date: /app/dev_ws/install/xsens_msgs/include/xsens_msgs
[100.507s] -- Up-to-date: /app/dev_ws/install/xsens_msgs/include/xsens_msgs/msg
[100.508s] -- Installing: /app/dev_ws/install/xsens_msgs/include/xsens_msgs/msg/sta_sw.hpp
[100.509s] -- Installing: /app/dev_ws/install/xsens_msgs/include/xsens_msgs/msg/ori_oe.hpp
[100.510s] -- Installing: /app/dev_ws/install/xsens_msgs/include/xsens_msgs/msg/cam_image.hpp
[100.512s] -- Installing: /app/dev_ws/install/xsens_msgs/include/xsens_msgs/msg/pos_pa.hpp
[100.513s] -- Installing: /app/dev_ws/install/xsens_msgs/include/xsens_msgs/msg/acc_af.hpp
[100.514s] -- Installing: /app/dev_ws/install/xsens_msgs/include/xsens_msgs/msg/config_cam.hpp
[100.516s] -- Installing: /app/dev_ws/install/xsens_msgs/include/xsens_msgs/msg/sta_nt.hpp
[100.517s] -- Installing: /app/dev_ws/install/xsens_msgs/include/xsens_msgs/msg/cam_batch.hpp
[100.518s] -- Installing: /app/dev_ws/install/xsens_msgs/include/xsens_msgs/msg/acc_aa.hpp
[100.519s] -- Installing: /app/dev_ws/install/xsens_msgs/include/xsens_msgs/msg/config_ntrip.hpp
[100.520s] -- Installing: /app/dev_ws/install/xsens_msgs/include/xsens_msgs/msg/config_xsens.hpp
[100.522s] -- Installing: /app/dev_ws/install/xsens_msgs/include/xsens_msgs/msg/sta_ct.hpp
[100.523s] -- Up-to-date: /app/dev_ws/install/xsens_msgs/include/xsens_msgs/msg/detail
[100.524s] -- Installing: /app/dev_ws/install/xsens_msgs/include/xsens_msgs/msg/detail/pos_pa__builder.hpp
[100.526s] -- Installing: /app/dev_ws/install/xsens_msgs/include/xsens_msgs/msg/detail/cam_batch__struct.hpp
[100.527s] -- Installing: /app/dev_ws/install/xsens_msgs/include/xsens_msgs/msg/detail/pos_pl__struct.hpp
[100.529s] -- Installing: /app/dev_ws/install/xsens_msgs/include/xsens_msgs/msg/detail/sta_ct__traits.hpp
[100.531s] -- Installing: /app/dev_ws/install/xsens_msgs/include/xsens_msgs/msg/detail/pos_pa__struct.hpp
[100.535s] -- Installing: /app/dev_ws/install/xsens_msgs/include/xsens_msgs/msg/detail/ang_wr__traits.hpp
[100.535s] -- Installing: /app/dev_ws/install/xsens_msgs/include/xsens_msgs/msg/detail/ori_oe__builder.hpp
[100.537s] -- Installing: /app/dev_ws/install/xsens_msgs/include/xsens_msgs/msg/detail/gns_np__struct.hpp
[100.538s] -- Installing: /app/dev_ws/install/xsens_msgs/include/xsens_msgs/msg/detail/cam_batch__builder.hpp
[100.539s] -- Installing: /app/dev_ws/install/xsens_msgs/include/xsens_msgs/msg/detail/sta_nt__traits.hpp
[100.540s] -- Installing: /app/dev_ws/install/xsens_msgs/include/xsens_msgs/msg/detail/sta_nt__builder.hpp
[100.542s] -- Installing: /app/dev_ws/install/xsens_msgs/include/xsens_msgs/msg/detail/config_xsens__struct.hpp
[100.543s] -- Installing: /app/dev_ws/install/xsens_msgs/include/xsens_msgs/msg/detail/config_xsens__builder.hpp
[100.545s] -- Installing: /app/dev_ws/install/xsens_msgs/include/xsens_msgs/msg/detail/config_ntrip__traits.hpp
[100.546s] -- Installing: /app/dev_ws/install/xsens_msgs/include/xsens_msgs/msg/detail/pos_pl__builder.hpp
[100.548s] -- Installing: /app/dev_ws/install/xsens_msgs/include/xsens_msgs/msg/detail/config_ntrip__struct.hpp
[100.549s] -- Installing: /app/dev_ws/install/xsens_msgs/include/xsens_msgs/msg/detail/sta_ct__struct.hpp
[100.551s] -- Installing: /app/dev_ws/install/xsens_msgs/include/xsens_msgs/msg/detail/ang_wr__builder.hpp
[100.553s] -- Installing: /app/dev_ws/install/xsens_msgs/include/xsens_msgs/msg/detail/ori_oe__traits.hpp
[100.554s] -- Installing: /app/dev_ws/install/xsens_msgs/include/xsens_msgs/msg/detail/acc_af__builder.hpp
[100.555s] -- Installing: /app/dev_ws/install/xsens_msgs/include/xsens_msgs/msg/detail/sta_ct__builder.hpp
[100.557s] -- Installing: /app/dev_ws/install/xsens_msgs/include/xsens_msgs/msg/detail/ang_wr__struct.hpp
[100.559s] -- Installing: /app/dev_ws/install/xsens_msgs/include/xsens_msgs/msg/detail/config_cam__builder.hpp
[100.560s] -- Installing: /app/dev_ws/install/xsens_msgs/include/xsens_msgs/msg/detail/sta_sw__traits.hpp
[100.561s] -- Installing: /app/dev_ws/install/xsens_msgs/include/xsens_msgs/msg/detail/ori_oe__struct.hpp
[100.563s] -- Installing: /app/dev_ws/install/xsens_msgs/include/xsens_msgs/msg/detail/config_xsens__traits.hpp
[100.564s] -- Installing: /app/dev_ws/install/xsens_msgs/include/xsens_msgs/msg/detail/acc_aa__builder.hpp
[100.565s] -- Installing: /app/dev_ws/install/xsens_msgs/include/xsens_msgs/msg/detail/sta_sw__struct.hpp
[100.567s] -- Installing: /app/dev_ws/install/xsens_msgs/include/xsens_msgs/msg/detail/cam_image__traits.hpp
[100.583s] -- Installing: /app/dev_ws/install/xsens_msgs/include/xsens_msgs/msg/detail/pos_pl__traits.hpp
[100.583s] -- Installing: /app/dev_ws/install/xsens_msgs/include/xsens_msgs/msg/detail/cam_image__struct.hpp
[100.584s] -- Installing: /app/dev_ws/install/xsens_msgs/include/xsens_msgs/msg/detail/sta_nt__struct.hpp
[100.585s] -- Installing: /app/dev_ws/install/xsens_msgs/include/xsens_msgs/msg/detail/cam_batch__traits.hpp
[100.585s] -- Installing: /app/dev_ws/install/xsens_msgs/include/xsens_msgs/msg/detail/acc_af__traits.hpp
[100.586s] -- Installing: /app/dev_ws/install/xsens_msgs/include/xsens_msgs/msg/detail/config_ntrip__builder.hpp
[100.587s] -- Installing: /app/dev_ws/install/xsens_msgs/include/xsens_msgs/msg/detail/sta_sw__builder.hpp
[100.588s] -- Installing: /app/dev_ws/install/xsens_msgs/include/xsens_msgs/msg/detail/cam_image__builder.hpp
[100.588s] -- Installing: /app/dev_ws/install/xsens_msgs/include/xsens_msgs/msg/detail/pos_pa__traits.hpp
[100.589s] -- Installing: /app/dev_ws/install/xsens_msgs/include/xsens_msgs/msg/detail/gns_np__traits.hpp
[100.589s] -- Installing: /app/dev_ws/install/xsens_msgs/include/xsens_msgs/msg/detail/config_cam__struct.hpp
[100.590s] -- Installing: /app/dev_ws/install/xsens_msgs/include/xsens_msgs/msg/detail/config_cam__traits.hpp
[100.591s] -- Installing: /app/dev_ws/install/xsens_msgs/include/xsens_msgs/msg/detail/acc_aa__traits.hpp
[100.591s] -- Installing: /app/dev_ws/install/xsens_msgs/include/xsens_msgs/msg/detail/acc_af__struct.hpp
[100.592s] -- Installing: /app/dev_ws/install/xsens_msgs/include/xsens_msgs/msg/detail/acc_aa__struct.hpp
[100.593s] -- Installing: /app/dev_ws/install/xsens_msgs/include/xsens_msgs/msg/detail/gns_np__builder.hpp
[100.594s] -- Installing: /app/dev_ws/install/xsens_msgs/include/xsens_msgs/msg/pos_pl.hpp
[100.594s] -- Installing: /app/dev_ws/install/xsens_msgs/include/xsens_msgs/msg/gns_np.hpp
[100.595s] -- Installing: /app/dev_ws/install/xsens_msgs/include/xsens_msgs/msg/ang_wr.hpp
[100.597s] -- Up-to-date: /app/dev_ws/install/xsens_msgs/include/xsens_msgs/srv
[100.598s] -- Installing: /app/dev_ws/install/xsens_msgs/include/xsens_msgs/srv/rtc_mdata.hpp
[100.600s] -- Up-to-date: /app/dev_ws/install/xsens_msgs/include/xsens_msgs/srv/detail
[100.601s] -- Installing: /app/dev_ws/install/xsens_msgs/include/xsens_msgs/srv/detail/rtc_mdata__builder.hpp
[100.601s] -- Installing: /app/dev_ws/install/xsens_msgs/include/xsens_msgs/srv/detail/rtc_mdata__traits.hpp
[100.602s] -- Installing: /app/dev_ws/install/xsens_msgs/include/xsens_msgs/srv/detail/rtc_mdata__struct.hpp
[100.605s] -- Up-to-date: /app/dev_ws/install/xsens_msgs/include/xsens_msgs
[100.605s] -- Up-to-date: /app/dev_ws/install/xsens_msgs/include/xsens_msgs/msg
[100.606s] -- Up-to-date: /app/dev_ws/install/xsens_msgs/include/xsens_msgs/msg/detail
[100.607s] -- Installing: /app/dev_ws/install/xsens_msgs/include/xsens_msgs/msg/detail/sta_sw__rosidl_typesupport_introspection_cpp.hpp
[100.608s] -- Installing: /app/dev_ws/install/xsens_msgs/include/xsens_msgs/msg/detail/sta_nt__rosidl_typesupport_introspection_cpp.hpp
[100.611s] -- Installing: /app/dev_ws/install/xsens_msgs/include/xsens_msgs/msg/detail/sta_sw__type_support.cpp
[100.612s] -- Installing: /app/dev_ws/install/xsens_msgs/include/xsens_msgs/msg/detail/config_cam__type_support.cpp
[100.613s] -- Installing: /app/dev_ws/install/xsens_msgs/include/xsens_msgs/msg/detail/ang_wr__type_support.cpp
[100.615s] -- Installing: /app/dev_ws/install/xsens_msgs/include/xsens_msgs/msg/detail/acc_af__type_support.cpp
[100.617s] -- Installing: /app/dev_ws/install/xsens_msgs/include/xsens_msgs/msg/detail/pos_pl__type_support.cpp
[100.619s] -- Installing: /app/dev_ws/install/xsens_msgs/include/xsens_msgs/msg/detail/config_ntrip__type_support.cpp
[100.620s] -- Installing: /app/dev_ws/install/xsens_msgs/include/xsens_msgs/msg/detail/ori_oe__type_support.cpp
[100.622s] -- Installing: /app/dev_ws/install/xsens_msgs/include/xsens_msgs/msg/detail/pos_pa__rosidl_typesupport_introspection_cpp.hpp
[100.624s] -- Installing: /app/dev_ws/install/xsens_msgs/include/xsens_msgs/msg/detail/gns_np__rosidl_typesupport_introspection_cpp.hpp
[100.626s] -- Installing: /app/dev_ws/install/xsens_msgs/include/xsens_msgs/msg/detail/ang_wr__rosidl_typesupport_introspection_cpp.hpp
[100.635s] -- Installing: /app/dev_ws/install/xsens_msgs/include/xsens_msgs/msg/detail/cam_batch__type_support.cpp
[100.636s] -- Installing: /app/dev_ws/install/xsens_msgs/include/xsens_msgs/msg/detail/config_xsens__type_support.cpp
[100.636s] -- Installing: /app/dev_ws/install/xsens_msgs/include/xsens_msgs/msg/detail/acc_af__rosidl_typesupport_introspection_cpp.hpp
[100.637s] -- Installing: /app/dev_ws/install/xsens_msgs/include/xsens_msgs/msg/detail/gns_np__type_support.cpp
[100.638s] -- Installing: /app/dev_ws/install/xsens_msgs/include/xsens_msgs/msg/detail/pos_pa__type_support.cpp
[100.638s] -- Installing: /app/dev_ws/install/xsens_msgs/include/xsens_msgs/msg/detail/sta_ct__rosidl_typesupport_introspection_cpp.hpp
[100.639s] -- Installing: /app/dev_ws/install/xsens_msgs/include/xsens_msgs/msg/detail/config_cam__rosidl_typesupport_introspection_cpp.hpp
[100.640s] -- Installing: /app/dev_ws/install/xsens_msgs/include/xsens_msgs/msg/detail/pos_pl__rosidl_typesupport_introspection_cpp.hpp
[100.642s] -- Installing: /app/dev_ws/install/xsens_msgs/include/xsens_msgs/msg/detail/sta_ct__type_support.cpp
[100.644s] -- Installing: /app/dev_ws/install/xsens_msgs/include/xsens_msgs/msg/detail/sta_nt__type_support.cpp
[100.645s] -- Installing: /app/dev_ws/install/xsens_msgs/include/xsens_msgs/msg/detail/cam_image__rosidl_typesupport_introspection_cpp.hpp
[100.648s] -- Installing: /app/dev_ws/install/xsens_msgs/include/xsens_msgs/msg/detail/cam_batch__rosidl_typesupport_introspection_cpp.hpp
[100.649s] -- Installing: /app/dev_ws/install/xsens_msgs/include/xsens_msgs/msg/detail/cam_image__type_support.cpp
[100.651s] -- Installing: /app/dev_ws/install/xsens_msgs/include/xsens_msgs/msg/detail/acc_aa__type_support.cpp
[100.653s] -- Installing: /app/dev_ws/install/xsens_msgs/include/xsens_msgs/msg/detail/acc_aa__rosidl_typesupport_introspection_cpp.hpp
[100.655s] -- Installing: /app/dev_ws/install/xsens_msgs/include/xsens_msgs/msg/detail/config_xsens__rosidl_typesupport_introspection_cpp.hpp
[100.660s] -- Installing: /app/dev_ws/install/xsens_msgs/include/xsens_msgs/msg/detail/ori_oe__rosidl_typesupport_introspection_cpp.hpp
[100.660s] -- Installing: /app/dev_ws/install/xsens_msgs/include/xsens_msgs/msg/detail/config_ntrip__rosidl_typesupport_introspection_cpp.hpp
[100.661s] -- Up-to-date: /app/dev_ws/install/xsens_msgs/include/xsens_msgs/srv
[100.662s] -- Up-to-date: /app/dev_ws/install/xsens_msgs/include/xsens_msgs/srv/detail
[100.663s] -- Installing: /app/dev_ws/install/xsens_msgs/include/xsens_msgs/srv/detail/rtc_mdata__type_support.cpp
[100.665s] -- Installing: /app/dev_ws/install/xsens_msgs/include/xsens_msgs/srv/detail/rtc_mdata__rosidl_typesupport_introspection_cpp.hpp
[100.667s] -- Installing: /app/dev_ws/install/xsens_msgs/lib/libxsens_msgs__rosidl_typesupport_introspection_cpp.so
[100.673s] -- Set runtime path of "/app/dev_ws/install/xsens_msgs/lib/libxsens_msgs__rosidl_typesupport_introspection_cpp.so" to ""
[100.675s] -- Installing: /app/dev_ws/install/xsens_msgs/lib/libxsens_msgs__rosidl_typesupport_cpp.so
[100.678s] -- Set runtime path of "/app/dev_ws/install/xsens_msgs/lib/libxsens_msgs__rosidl_typesupport_cpp.so" to ""
[100.680s] -- Up-to-date: /app/dev_ws/install/xsens_msgs/share/xsens_msgs/environment/pythonpath.sh
[100.683s] -- Installing: /app/dev_ws/install/xsens_msgs/share/xsens_msgs/environment/pythonpath.dsv
[100.684s] -- Installing: /app/dev_ws/install/xsens_msgs/lib/python3.8/site-packages/xsens_msgs/__init__.py
[100.897s] Compiling '/app/dev_ws/install/xsens_msgs/lib/python3.8/site-packages/xsens_msgs/__init__.py'...
[100.920s] -- Up-to-date: /app/dev_ws/install/xsens_msgs/lib/python3.8/site-packages/xsens_msgs/msg
[100.921s] -- Installing: /app/dev_ws/install/xsens_msgs/lib/python3.8/site-packages/xsens_msgs/msg/_gns_np_s.c
[100.923s] -- Installing: /app/dev_ws/install/xsens_msgs/lib/python3.8/site-packages/xsens_msgs/msg/_acc_af_s.c
[100.924s] -- Installing: /app/dev_ws/install/xsens_msgs/lib/python3.8/site-packages/xsens_msgs/msg/_config_xsens.py
[100.925s] -- Installing: /app/dev_ws/install/xsens_msgs/lib/python3.8/site-packages/xsens_msgs/msg/_sta_sw_s.c
[100.927s] -- Installing: /app/dev_ws/install/xsens_msgs/lib/python3.8/site-packages/xsens_msgs/msg/_ori_oe.py
[100.928s] -- Installing: /app/dev_ws/install/xsens_msgs/lib/python3.8/site-packages/xsens_msgs/msg/_pos_pl_s.c
[100.930s] -- Installing: /app/dev_ws/install/xsens_msgs/lib/python3.8/site-packages/xsens_msgs/msg/_ori_oe_s.c
[100.933s] -- Installing: /app/dev_ws/install/xsens_msgs/lib/python3.8/site-packages/xsens_msgs/msg/_sta_nt_s.c
[100.934s] -- Installing: /app/dev_ws/install/xsens_msgs/lib/python3.8/site-packages/xsens_msgs/msg/_pos_pa_s.c
[100.936s] -- Installing: /app/dev_ws/install/xsens_msgs/lib/python3.8/site-packages/xsens_msgs/msg/_ang_wr.py
[100.937s] -- Installing: /app/dev_ws/install/xsens_msgs/lib/python3.8/site-packages/xsens_msgs/msg/_gns_np.py
[100.939s] -- Installing: /app/dev_ws/install/xsens_msgs/lib/python3.8/site-packages/xsens_msgs/msg/_sta_sw.py
[100.940s] -- Installing: /app/dev_ws/install/xsens_msgs/lib/python3.8/site-packages/xsens_msgs/msg/_acc_aa.py
[100.942s] -- Installing: /app/dev_ws/install/xsens_msgs/lib/python3.8/site-packages/xsens_msgs/msg/_pos_pa.py
[100.943s] -- Installing: /app/dev_ws/install/xsens_msgs/lib/python3.8/site-packages/xsens_msgs/msg/_sta_nt.py
[100.945s] -- Installing: /app/dev_ws/install/xsens_msgs/lib/python3.8/site-packages/xsens_msgs/msg/_cam_image.py
[100.946s] -- Installing: /app/dev_ws/install/xsens_msgs/lib/python3.8/site-packages/xsens_msgs/msg/_cam_batch.py
[100.948s] -- Installing: /app/dev_ws/install/xsens_msgs/lib/python3.8/site-packages/xsens_msgs/msg/_sta_ct_s.c
[100.949s] -- Installing: /app/dev_ws/install/xsens_msgs/lib/python3.8/site-packages/xsens_msgs/msg/_pos_pl.py
[100.950s] -- Installing: /app/dev_ws/install/xsens_msgs/lib/python3.8/site-packages/xsens_msgs/msg/_config_ntrip_s.c
[100.952s] -- Installing: /app/dev_ws/install/xsens_msgs/lib/python3.8/site-packages/xsens_msgs/msg/_config_cam_s.c
[100.954s] -- Installing: /app/dev_ws/install/xsens_msgs/lib/python3.8/site-packages/xsens_msgs/msg/_sta_ct.py
[100.955s] -- Installing: /app/dev_ws/install/xsens_msgs/lib/python3.8/site-packages/xsens_msgs/msg/_cam_image_s.c
[100.957s] -- Installing: /app/dev_ws/install/xsens_msgs/lib/python3.8/site-packages/xsens_msgs/msg/_ang_wr_s.c
[100.958s] -- Installing: /app/dev_ws/install/xsens_msgs/lib/python3.8/site-packages/xsens_msgs/msg/_config_ntrip.py
[100.960s] -- Installing: /app/dev_ws/install/xsens_msgs/lib/python3.8/site-packages/xsens_msgs/msg/__init__.py
[100.961s] -- Installing: /app/dev_ws/install/xsens_msgs/lib/python3.8/site-packages/xsens_msgs/msg/_config_xsens_s.c
[100.962s] -- Installing: /app/dev_ws/install/xsens_msgs/lib/python3.8/site-packages/xsens_msgs/msg/_acc_af.py
[100.964s] -- Installing: /app/dev_ws/install/xsens_msgs/lib/python3.8/site-packages/xsens_msgs/msg/_acc_aa_s.c
[100.966s] -- Installing: /app/dev_ws/install/xsens_msgs/lib/python3.8/site-packages/xsens_msgs/msg/_cam_batch_s.c
[100.967s] -- Installing: /app/dev_ws/install/xsens_msgs/lib/python3.8/site-packages/xsens_msgs/msg/_config_cam.py
[100.969s] -- Up-to-date: /app/dev_ws/install/xsens_msgs/lib/python3.8/site-packages/xsens_msgs/srv
[100.969s] -- Installing: /app/dev_ws/install/xsens_msgs/lib/python3.8/site-packages/xsens_msgs/srv/_rtc_mdata.py
[100.971s] -- Installing: /app/dev_ws/install/xsens_msgs/lib/python3.8/site-packages/xsens_msgs/srv/_rtc_mdata_s.c
[100.972s] -- Installing: /app/dev_ws/install/xsens_msgs/lib/python3.8/site-packages/xsens_msgs/srv/__init__.py
[100.976s] -- Installing: /app/dev_ws/install/xsens_msgs/lib/python3.8/site-packages/xsens_msgs/xsens_msgs_s__rosidl_typesupport_fastrtps_c.cpython-38-aarch64-linux-gnu.so
[100.980s] -- Set runtime path of "/app/dev_ws/install/xsens_msgs/lib/python3.8/site-packages/xsens_msgs/xsens_msgs_s__rosidl_typesupport_fastrtps_c.cpython-38-aarch64-linux-gnu.so" to ""
[100.982s] -- Installing: /app/dev_ws/install/xsens_msgs/lib/python3.8/site-packages/xsens_msgs/xsens_msgs_s__rosidl_typesupport_introspection_c.cpython-38-aarch64-linux-gnu.so
[100.987s] -- Set runtime path of "/app/dev_ws/install/xsens_msgs/lib/python3.8/site-packages/xsens_msgs/xsens_msgs_s__rosidl_typesupport_introspection_c.cpython-38-aarch64-linux-gnu.so" to ""
[100.989s] -- Installing: /app/dev_ws/install/xsens_msgs/lib/python3.8/site-packages/xsens_msgs/xsens_msgs_s__rosidl_typesupport_c.cpython-38-aarch64-linux-gnu.so
[100.993s] -- Set runtime path of "/app/dev_ws/install/xsens_msgs/lib/python3.8/site-packages/xsens_msgs/xsens_msgs_s__rosidl_typesupport_c.cpython-38-aarch64-linux-gnu.so" to ""
[100.994s] -- Installing: /app/dev_ws/install/xsens_msgs/lib/libxsens_msgs__python.so
[100.999s] -- Set runtime path of "/app/dev_ws/install/xsens_msgs/lib/libxsens_msgs__python.so" to ""
[100.999s] -- Up-to-date: /app/dev_ws/install/xsens_msgs/share/xsens_msgs/msg/OriOE.idl
[101.000s] -- Up-to-date: /app/dev_ws/install/xsens_msgs/share/xsens_msgs/msg/PosPA.idl
[101.000s] -- Up-to-date: /app/dev_ws/install/xsens_msgs/share/xsens_msgs/msg/PosPL.idl
[101.003s] -- Up-to-date: /app/dev_ws/install/xsens_msgs/share/xsens_msgs/msg/StaSW.idl
[101.003s] -- Up-to-date: /app/dev_ws/install/xsens_msgs/share/xsens_msgs/msg/AccAA.idl
[101.004s] -- Up-to-date: /app/dev_ws/install/xsens_msgs/share/xsens_msgs/msg/AccAF.idl
[101.004s] -- Up-to-date: /app/dev_ws/install/xsens_msgs/share/xsens_msgs/msg/AngWR.idl
[101.005s] -- Installing: /app/dev_ws/install/xsens_msgs/share/xsens_msgs/msg/GnsNP.idl
[101.005s] -- Up-to-date: /app/dev_ws/install/xsens_msgs/share/xsens_msgs/msg/ConfigXsens.idl
[101.006s] -- Up-to-date: /app/dev_ws/install/xsens_msgs/share/xsens_msgs/msg/ConfigNtrip.idl
[101.007s] -- Up-to-date: /app/dev_ws/install/xsens_msgs/share/xsens_msgs/msg/ConfigCam.idl
[101.007s] -- Up-to-date: /app/dev_ws/install/xsens_msgs/share/xsens_msgs/msg/StaNT.idl
[101.008s] -- Up-to-date: /app/dev_ws/install/xsens_msgs/share/xsens_msgs/msg/StaCT.idl
[101.008s] -- Up-to-date: /app/dev_ws/install/xsens_msgs/share/xsens_msgs/msg/CamImage.idl
[101.009s] -- Up-to-date: /app/dev_ws/install/xsens_msgs/share/xsens_msgs/msg/CamBatch.idl
[101.009s] -- Up-to-date: /app/dev_ws/install/xsens_msgs/share/xsens_msgs/srv/RTCMdata.idl
[101.010s] -- Up-to-date: /app/dev_ws/install/xsens_msgs/share/xsens_msgs/msg/OriOE.msg
[101.011s] -- Up-to-date: /app/dev_ws/install/xsens_msgs/share/xsens_msgs/msg/PosPA.msg
[101.011s] -- Up-to-date: /app/dev_ws/install/xsens_msgs/share/xsens_msgs/msg/PosPL.msg
[101.012s] -- Up-to-date: /app/dev_ws/install/xsens_msgs/share/xsens_msgs/msg/StaSW.msg
[101.012s] -- Up-to-date: /app/dev_ws/install/xsens_msgs/share/xsens_msgs/msg/AccAA.msg
[101.013s] -- Up-to-date: /app/dev_ws/install/xsens_msgs/share/xsens_msgs/msg/AccAF.msg
[101.014s] -- Up-to-date: /app/dev_ws/install/xsens_msgs/share/xsens_msgs/msg/AngWR.msg
[101.014s] -- Installing: /app/dev_ws/install/xsens_msgs/share/xsens_msgs/msg/GnsNP.msg
[101.015s] -- Up-to-date: /app/dev_ws/install/xsens_msgs/share/xsens_msgs/msg/ConfigXsens.msg
[101.016s] -- Up-to-date: /app/dev_ws/install/xsens_msgs/share/xsens_msgs/msg/ConfigNtrip.msg
[101.016s] -- Up-to-date: /app/dev_ws/install/xsens_msgs/share/xsens_msgs/msg/ConfigCam.msg
[101.017s] -- Up-to-date: /app/dev_ws/install/xsens_msgs/share/xsens_msgs/msg/StaNT.msg
[101.018s] -- Up-to-date: /app/dev_ws/install/xsens_msgs/share/xsens_msgs/msg/StaCT.msg
[101.018s] -- Up-to-date: /app/dev_ws/install/xsens_msgs/share/xsens_msgs/msg/CamImage.msg
[101.019s] -- Up-to-date: /app/dev_ws/install/xsens_msgs/share/xsens_msgs/msg/CamBatch.msg
[101.019s] -- Up-to-date: /app/dev_ws/install/xsens_msgs/share/xsens_msgs/srv/RTCMdata.srv
[101.020s] -- Up-to-date: /app/dev_ws/install/xsens_msgs/share/xsens_msgs/srv/RTCMdata_Request.msg
[101.020s] -- Up-to-date: /app/dev_ws/install/xsens_msgs/share/xsens_msgs/srv/RTCMdata_Response.msg
[101.021s] -- Up-to-date: /app/dev_ws/install/xsens_msgs/share/ament_index/resource_index/package_run_dependencies/xsens_msgs
[101.022s] -- Up-to-date: /app/dev_ws/install/xsens_msgs/share/ament_index/resource_index/parent_prefix_path/xsens_msgs
[101.022s] -- Up-to-date: /app/dev_ws/install/xsens_msgs/share/xsens_msgs/environment/ament_prefix_path.sh
[101.023s] -- Installing: /app/dev_ws/install/xsens_msgs/share/xsens_msgs/environment/ament_prefix_path.dsv
[101.025s] -- Up-to-date: /app/dev_ws/install/xsens_msgs/share/xsens_msgs/environment/path.sh
[101.026s] -- Installing: /app/dev_ws/install/xsens_msgs/share/xsens_msgs/environment/path.dsv
[101.027s] -- Up-to-date: /app/dev_ws/install/xsens_msgs/share/xsens_msgs/local_setup.bash
[101.028s] -- Up-to-date: /app/dev_ws/install/xsens_msgs/share/xsens_msgs/local_setup.sh
[101.028s] -- Up-to-date: /app/dev_ws/install/xsens_msgs/share/xsens_msgs/local_setup.zsh
[101.029s] -- Installing: /app/dev_ws/install/xsens_msgs/share/xsens_msgs/local_setup.dsv
[101.032s] -- Installing: /app/dev_ws/install/xsens_msgs/share/xsens_msgs/package.dsv
[101.034s] -- Up-to-date: /app/dev_ws/install/xsens_msgs/share/ament_index/resource_index/packages/xsens_msgs
[101.035s] -- Up-to-date: /app/dev_ws/install/xsens_msgs/share/xsens_msgs/cmake/xsens_msgs__rosidl_generator_cExport.cmake
[101.037s] -- Installing: /app/dev_ws/install/xsens_msgs/share/xsens_msgs/cmake/xsens_msgs__rosidl_generator_cExport-noconfig.cmake
[101.039s] -- Up-to-date: /app/dev_ws/install/xsens_msgs/share/xsens_msgs/cmake/xsens_msgs__rosidl_typesupport_introspection_cExport.cmake
[101.039s] -- Installing: /app/dev_ws/install/xsens_msgs/share/xsens_msgs/cmake/xsens_msgs__rosidl_typesupport_introspection_cExport-noconfig.cmake
[101.042s] -- Up-to-date: /app/dev_ws/install/xsens_msgs/share/xsens_msgs/cmake/xsens_msgs__rosidl_typesupport_cExport.cmake
[101.043s] -- Installing: /app/dev_ws/install/xsens_msgs/share/xsens_msgs/cmake/xsens_msgs__rosidl_typesupport_cExport-noconfig.cmake
[101.045s] -- Up-to-date: /app/dev_ws/install/xsens_msgs/share/xsens_msgs/cmake/xsens_msgs__rosidl_generator_cppExport.cmake
[101.062s] -- Up-to-date: /app/dev_ws/install/xsens_msgs/share/xsens_msgs/cmake/xsens_msgs__rosidl_typesupport_introspection_cppExport.cmake
[101.063s] -- Installing: /app/dev_ws/install/xsens_msgs/share/xsens_msgs/cmake/xsens_msgs__rosidl_typesupport_introspection_cppExport-noconfig.cmake
[101.064s] -- Up-to-date: /app/dev_ws/install/xsens_msgs/share/xsens_msgs/cmake/xsens_msgs__rosidl_typesupport_cppExport.cmake
[101.065s] -- Installing: /app/dev_ws/install/xsens_msgs/share/xsens_msgs/cmake/xsens_msgs__rosidl_typesupport_cppExport-noconfig.cmake
[101.067s] -- Up-to-date: /app/dev_ws/install/xsens_msgs/share/xsens_msgs/cmake/rosidl_cmake-extras.cmake
[101.068s] -- Up-to-date: /app/dev_ws/install/xsens_msgs/share/xsens_msgs/cmake/ament_cmake_export_dependencies-extras.cmake
[101.070s] -- Up-to-date: /app/dev_ws/install/xsens_msgs/share/xsens_msgs/cmake/ament_cmake_export_libraries-extras.cmake
[101.072s] -- Up-to-date: /app/dev_ws/install/xsens_msgs/share/xsens_msgs/cmake/ament_cmake_export_targets-extras.cmake
[101.076s] -- Up-to-date: /app/dev_ws/install/xsens_msgs/share/xsens_msgs/cmake/ament_cmake_export_include_directories-extras.cmake
[101.077s] -- Up-to-date: /app/dev_ws/install/xsens_msgs/share/xsens_msgs/cmake/rosidl_cmake_export_typesupport_libraries-extras.cmake
[101.077s] -- Up-to-date: /app/dev_ws/install/xsens_msgs/share/xsens_msgs/cmake/rosidl_cmake_export_typesupport_targets-extras.cmake
[101.078s] -- Up-to-date: /app/dev_ws/install/xsens_msgs/share/xsens_msgs/cmake/xsens_msgsConfig.cmake
[101.079s] -- Up-to-date: /app/dev_ws/install/xsens_msgs/share/xsens_msgs/cmake/xsens_msgsConfig-version.cmake
[101.079s] -- Up-to-date: /app/dev_ws/install/xsens_msgs/share/xsens_msgs/package.xml
[101.080s] Invoked command in '/app/dev_ws/build/xsens_msgs' returned '0': CMAKE_PREFIX_PATH=${CMAKE_PREFIX_PATH}:/app/dev_ws/install/xsens_driver:/app/dev_ws/install/cam_client:/app/dev_ws/install/ntrip_client:/app/dev_ws/install/central:/opt/ros/foxy /usr/bin/cmake --install /app/dev_ws/build/xsens_msgs
