[1.033s] DEBUG:colcon:Command line arguments: ['/usr/bin/colcon', 'build', '--packages-select', 'my_package']
[1.033s] DEBUG:colcon:Parsed command line arguments: Namespace(allow_overriding=[], ament_cmake_args=None, base_paths=['.'], build_base='build', catkin_cmake_args=None, catkin_skip_building_tests=False, cmake_args=None, cmake_clean_cache=False, cmake_clean_first=False, cmake_force_configure=False, cmake_target=None, cmake_target_skip_unavailable=False, continue_on_error=False, event_handlers=None, executor='parallel', ignore_user_meta=False, install_base='install', log_base=None, log_level=None, main=<bound method BuildVerb.main of <colcon_core.verb.build.BuildVerb object at 0xffff97f65c10>>, merge_install=False, metas=['./colcon.meta'], mixin=None, mixin_files=None, mixin_verb=('build',), packages_above=None, packages_above_and_dependencies=None, packages_above_depth=None, packages_end=None, packages_ignore=None, packages_ignore_regex=None, packages_select=['my_package'], packages_select_build_failed=False, packages_select_by_dep=None, packages_select_regex=None, packages_select_test_failures=False, packages_skip=None, packages_skip_build_finished=False, packages_skip_by_dep=None, packages_skip_regex=None, packages_skip_test_passed=False, packages_skip_up_to=None, packages_start=None, packages_up_to=None, packages_up_to_regex=None, parallel_workers=4, paths=None, symlink_install=False, test_result_base=None, verb_extension=<colcon_core.verb.build.BuildVerb object at 0xffff97f65c10>, verb_name='build', verb_parser=<colcon_mixin.mixin.mixin_argument.MixinArgumentDecorator object at 0xffff97f71220>)
[1.080s] Level 1:colcon.colcon_core.package_discovery:discover_packages(colcon_meta) check parameters
[1.086s] INFO:colcon.colcon_metadata.package_discovery.colcon_meta:Using configuration from '/root/.colcon/metadata/default/Gazebo.meta'
[1.089s] INFO:colcon.colcon_metadata.package_discovery.colcon_meta:Using configuration from '/root/.colcon/metadata/default/fastrtps.meta'
[1.089s] Level 1:colcon.colcon_core.package_discovery:discover_packages(recursive) check parameters
[1.089s] Level 1:colcon.colcon_core.package_discovery:discover_packages(ignore) check parameters
[1.090s] Level 1:colcon.colcon_core.package_discovery:discover_packages(path) check parameters
[1.090s] Level 1:colcon.colcon_core.package_discovery:discover_packages(colcon_meta) discover
[1.090s] Level 1:colcon.colcon_core.package_discovery:discover_packages(recursive) discover
[1.090s] INFO:colcon.colcon_core.package_discovery:Crawling recursively for packages in '/app/dev_ws'
[1.091s] Level 1:colcon.colcon_core.package_identification:_identify(.) by extensions ['ignore', 'ignore_ament_install']
[1.091s] Level 1:colcon.colcon_core.package_identification:_identify(.) by extension 'ignore'
[1.091s] Level 1:colcon.colcon_core.package_identification:_identify(.) by extension 'ignore_ament_install'
[1.092s] Level 1:colcon.colcon_core.package_identification:_identify(.) by extensions ['colcon_pkg']
[1.092s] Level 1:colcon.colcon_core.package_identification:_identify(.) by extension 'colcon_pkg'
[1.092s] Level 1:colcon.colcon_core.package_identification:_identify(.) by extensions ['colcon_meta']
[1.092s] Level 1:colcon.colcon_core.package_identification:_identify(.) by extension 'colcon_meta'
[1.092s] Level 1:colcon.colcon_core.package_identification:_identify(.) by extensions ['ros']
[1.092s] Level 1:colcon.colcon_core.package_identification:_identify(.) by extension 'ros'
[1.165s] Level 1:colcon.colcon_core.package_identification:_identify(.) by extensions ['cmake', 'python']
[1.165s] Level 1:colcon.colcon_core.package_identification:_identify(.) by extension 'cmake'
[1.165s] Level 1:colcon.colcon_core.package_identification:_identify(.) by extension 'python'
[1.165s] Level 1:colcon.colcon_core.package_identification:_identify(.) by extensions ['python_setup_py']
[1.166s] Level 1:colcon.colcon_core.package_identification:_identify(.) by extension 'python_setup_py'
[1.166s] Level 1:colcon.colcon_core.package_identification:_identify(build) by extensions ['ignore', 'ignore_ament_install']
[1.167s] Level 1:colcon.colcon_core.package_identification:_identify(build) by extension 'ignore'
[1.167s] Level 1:colcon.colcon_core.package_identification:_identify(build) ignored
[1.168s] Level 1:colcon.colcon_core.package_identification:_identify(install) by extensions ['ignore', 'ignore_ament_install']
[1.168s] Level 1:colcon.colcon_core.package_identification:_identify(install) by extension 'ignore'
[1.168s] Level 1:colcon.colcon_core.package_identification:_identify(install) ignored
[1.169s] Level 1:colcon.colcon_core.package_identification:_identify(log) by extensions ['ignore', 'ignore_ament_install']
[1.169s] Level 1:colcon.colcon_core.package_identification:_identify(log) by extension 'ignore'
[1.169s] Level 1:colcon.colcon_core.package_identification:_identify(log) ignored
[1.170s] Level 1:colcon.colcon_core.package_identification:_identify(src) by extensions ['ignore', 'ignore_ament_install']
[1.170s] Level 1:colcon.colcon_core.package_identification:_identify(src) by extension 'ignore'
[1.170s] Level 1:colcon.colcon_core.package_identification:_identify(src) by extension 'ignore_ament_install'
[1.171s] Level 1:colcon.colcon_core.package_identification:_identify(src) by extensions ['colcon_pkg']
[1.171s] Level 1:colcon.colcon_core.package_identification:_identify(src) by extension 'colcon_pkg'
[1.171s] Level 1:colcon.colcon_core.package_identification:_identify(src) by extensions ['colcon_meta']
[1.171s] Level 1:colcon.colcon_core.package_identification:_identify(src) by extension 'colcon_meta'
[1.171s] Level 1:colcon.colcon_core.package_identification:_identify(src) by extensions ['ros']
[1.171s] Level 1:colcon.colcon_core.package_identification:_identify(src) by extension 'ros'
[1.172s] Level 1:colcon.colcon_core.package_identification:_identify(src) by extensions ['cmake', 'python']
[1.172s] Level 1:colcon.colcon_core.package_identification:_identify(src) by extension 'cmake'
[1.172s] Level 1:colcon.colcon_core.package_identification:_identify(src) by extension 'python'
[1.172s] Level 1:colcon.colcon_core.package_identification:_identify(src) by extensions ['python_setup_py']
[1.173s] Level 1:colcon.colcon_core.package_identification:_identify(src) by extension 'python_setup_py'
[1.173s] Level 1:colcon.colcon_core.package_identification:_identify(src/central) by extensions ['ignore', 'ignore_ament_install']
[1.173s] Level 1:colcon.colcon_core.package_identification:_identify(src/central) by extension 'ignore'
[1.174s] Level 1:colcon.colcon_core.package_identification:_identify(src/central) by extension 'ignore_ament_install'
[1.174s] Level 1:colcon.colcon_core.package_identification:_identify(src/central) by extensions ['colcon_pkg']
[1.174s] Level 1:colcon.colcon_core.package_identification:_identify(src/central) by extension 'colcon_pkg'
[1.174s] Level 1:colcon.colcon_core.package_identification:_identify(src/central) by extensions ['colcon_meta']
[1.175s] Level 1:colcon.colcon_core.package_identification:_identify(src/central) by extension 'colcon_meta'
[1.175s] Level 1:colcon.colcon_core.package_identification:_identify(src/central) by extensions ['ros']
[1.175s] Level 1:colcon.colcon_core.package_identification:_identify(src/central) by extension 'ros'
[1.188s] DEBUG:colcon.colcon_core.package_identification:Package 'src/central' with type 'ros.ament_python' and name 'central'
[1.190s] Level 1:colcon.colcon_core.package_identification:_identify(src/ntrip_client) by extensions ['ignore', 'ignore_ament_install']
[1.190s] Level 1:colcon.colcon_core.package_identification:_identify(src/ntrip_client) by extension 'ignore'
[1.190s] Level 1:colcon.colcon_core.package_identification:_identify(src/ntrip_client) by extension 'ignore_ament_install'
[1.191s] Level 1:colcon.colcon_core.package_identification:_identify(src/ntrip_client) by extensions ['colcon_pkg']
[1.191s] Level 1:colcon.colcon_core.package_identification:_identify(src/ntrip_client) by extension 'colcon_pkg'
[1.191s] Level 1:colcon.colcon_core.package_identification:_identify(src/ntrip_client) by extensions ['colcon_meta']
[1.191s] Level 1:colcon.colcon_core.package_identification:_identify(src/ntrip_client) by extension 'colcon_meta'
[1.191s] Level 1:colcon.colcon_core.package_identification:_identify(src/ntrip_client) by extensions ['ros']
[1.192s] Level 1:colcon.colcon_core.package_identification:_identify(src/ntrip_client) by extension 'ros'
[1.199s] DEBUG:colcon.colcon_core.package_identification:Package 'src/ntrip_client' with type 'ros.ament_python' and name 'ntrip_client'
[1.201s] Level 1:colcon.colcon_core.package_identification:_identify(src/rosbridge_suite) by extensions ['ignore', 'ignore_ament_install']
[1.201s] Level 1:colcon.colcon_core.package_identification:_identify(src/rosbridge_suite) by extension 'ignore'
[1.201s] Level 1:colcon.colcon_core.package_identification:_identify(src/rosbridge_suite) by extension 'ignore_ament_install'
[1.202s] Level 1:colcon.colcon_core.package_identification:_identify(src/rosbridge_suite) by extensions ['colcon_pkg']
[1.202s] Level 1:colcon.colcon_core.package_identification:_identify(src/rosbridge_suite) by extension 'colcon_pkg'
[1.202s] Level 1:colcon.colcon_core.package_identification:_identify(src/rosbridge_suite) by extensions ['colcon_meta']
[1.202s] Level 1:colcon.colcon_core.package_identification:_identify(src/rosbridge_suite) by extension 'colcon_meta'
[1.202s] Level 1:colcon.colcon_core.package_identification:_identify(src/rosbridge_suite) by extensions ['ros']
[1.202s] Level 1:colcon.colcon_core.package_identification:_identify(src/rosbridge_suite) by extension 'ros'
[1.203s] Level 1:colcon.colcon_core.package_identification:_identify(src/rosbridge_suite) by extensions ['cmake', 'python']
[1.203s] Level 1:colcon.colcon_core.package_identification:_identify(src/rosbridge_suite) by extension 'cmake'
[1.203s] Level 1:colcon.colcon_core.package_identification:_identify(src/rosbridge_suite) by extension 'python'
[1.203s] Level 1:colcon.colcon_core.package_identification:_identify(src/rosbridge_suite) by extensions ['python_setup_py']
[1.204s] Level 1:colcon.colcon_core.package_identification:_identify(src/rosbridge_suite) by extension 'python_setup_py'
[1.205s] Level 1:colcon.colcon_core.package_identification:_identify(src/rosbridge_suite/rosapi) by extensions ['ignore', 'ignore_ament_install']
[1.205s] Level 1:colcon.colcon_core.package_identification:_identify(src/rosbridge_suite/rosapi) by extension 'ignore'
[1.205s] Level 1:colcon.colcon_core.package_identification:_identify(src/rosbridge_suite/rosapi) by extension 'ignore_ament_install'
[1.206s] Level 1:colcon.colcon_core.package_identification:_identify(src/rosbridge_suite/rosapi) by extensions ['colcon_pkg']
[1.206s] Level 1:colcon.colcon_core.package_identification:_identify(src/rosbridge_suite/rosapi) by extension 'colcon_pkg'
[1.206s] Level 1:colcon.colcon_core.package_identification:_identify(src/rosbridge_suite/rosapi) by extensions ['colcon_meta']
[1.206s] Level 1:colcon.colcon_core.package_identification:_identify(src/rosbridge_suite/rosapi) by extension 'colcon_meta'
[1.206s] Level 1:colcon.colcon_core.package_identification:_identify(src/rosbridge_suite/rosapi) by extensions ['ros']
[1.207s] Level 1:colcon.colcon_core.package_identification:_identify(src/rosbridge_suite/rosapi) by extension 'ros'
[1.216s] DEBUG:colcon.colcon_core.package_identification:Package 'src/rosbridge_suite/rosapi' with type 'ros.ament_cmake' and name 'rosapi'
[1.217s] Level 1:colcon.colcon_core.package_identification:_identify(src/rosbridge_suite/rosapi_msgs) by extensions ['ignore', 'ignore_ament_install']
[1.217s] Level 1:colcon.colcon_core.package_identification:_identify(src/rosbridge_suite/rosapi_msgs) by extension 'ignore'
[1.218s] Level 1:colcon.colcon_core.package_identification:_identify(src/rosbridge_suite/rosapi_msgs) by extension 'ignore_ament_install'
[1.218s] Level 1:colcon.colcon_core.package_identification:_identify(src/rosbridge_suite/rosapi_msgs) by extensions ['colcon_pkg']
[1.218s] Level 1:colcon.colcon_core.package_identification:_identify(src/rosbridge_suite/rosapi_msgs) by extension 'colcon_pkg'
[1.218s] Level 1:colcon.colcon_core.package_identification:_identify(src/rosbridge_suite/rosapi_msgs) by extensions ['colcon_meta']
[1.219s] Level 1:colcon.colcon_core.package_identification:_identify(src/rosbridge_suite/rosapi_msgs) by extension 'colcon_meta'
[1.219s] Level 1:colcon.colcon_core.package_identification:_identify(src/rosbridge_suite/rosapi_msgs) by extensions ['ros']
[1.219s] Level 1:colcon.colcon_core.package_identification:_identify(src/rosbridge_suite/rosapi_msgs) by extension 'ros'
[1.222s] DEBUG:colcon.colcon_core.package_identification:Package 'src/rosbridge_suite/rosapi_msgs' with type 'ros.ament_cmake' and name 'rosapi_msgs'
[1.223s] Level 1:colcon.colcon_core.package_identification:_identify(src/rosbridge_suite/rosbridge_library) by extensions ['ignore', 'ignore_ament_install']
[1.224s] Level 1:colcon.colcon_core.package_identification:_identify(src/rosbridge_suite/rosbridge_library) by extension 'ignore'
[1.224s] Level 1:colcon.colcon_core.package_identification:_identify(src/rosbridge_suite/rosbridge_library) by extension 'ignore_ament_install'
[1.224s] Level 1:colcon.colcon_core.package_identification:_identify(src/rosbridge_suite/rosbridge_library) by extensions ['colcon_pkg']
[1.225s] Level 1:colcon.colcon_core.package_identification:_identify(src/rosbridge_suite/rosbridge_library) by extension 'colcon_pkg'
[1.225s] Level 1:colcon.colcon_core.package_identification:_identify(src/rosbridge_suite/rosbridge_library) by extensions ['colcon_meta']
[1.225s] Level 1:colcon.colcon_core.package_identification:_identify(src/rosbridge_suite/rosbridge_library) by extension 'colcon_meta'
[1.225s] Level 1:colcon.colcon_core.package_identification:_identify(src/rosbridge_suite/rosbridge_library) by extensions ['ros']
[1.225s] Level 1:colcon.colcon_core.package_identification:_identify(src/rosbridge_suite/rosbridge_library) by extension 'ros'
[1.230s] DEBUG:colcon.colcon_core.package_identification:Package 'src/rosbridge_suite/rosbridge_library' with type 'ros.ament_cmake' and name 'rosbridge_library'
[1.231s] Level 1:colcon.colcon_core.package_identification:_identify(src/rosbridge_suite/rosbridge_msgs) by extensions ['ignore', 'ignore_ament_install']
[1.231s] Level 1:colcon.colcon_core.package_identification:_identify(src/rosbridge_suite/rosbridge_msgs) by extension 'ignore'
[1.232s] Level 1:colcon.colcon_core.package_identification:_identify(src/rosbridge_suite/rosbridge_msgs) by extension 'ignore_ament_install'
[1.232s] Level 1:colcon.colcon_core.package_identification:_identify(src/rosbridge_suite/rosbridge_msgs) by extensions ['colcon_pkg']
[1.232s] Level 1:colcon.colcon_core.package_identification:_identify(src/rosbridge_suite/rosbridge_msgs) by extension 'colcon_pkg'
[1.232s] Level 1:colcon.colcon_core.package_identification:_identify(src/rosbridge_suite/rosbridge_msgs) by extensions ['colcon_meta']
[1.232s] Level 1:colcon.colcon_core.package_identification:_identify(src/rosbridge_suite/rosbridge_msgs) by extension 'colcon_meta'
[1.233s] Level 1:colcon.colcon_core.package_identification:_identify(src/rosbridge_suite/rosbridge_msgs) by extensions ['ros']
[1.233s] Level 1:colcon.colcon_core.package_identification:_identify(src/rosbridge_suite/rosbridge_msgs) by extension 'ros'
[1.240s] DEBUG:colcon.colcon_core.package_identification:Package 'src/rosbridge_suite/rosbridge_msgs' with type 'ros.ament_cmake' and name 'rosbridge_msgs'
[1.241s] Level 1:colcon.colcon_core.package_identification:_identify(src/rosbridge_suite/rosbridge_server) by extensions ['ignore', 'ignore_ament_install']
[1.242s] Level 1:colcon.colcon_core.package_identification:_identify(src/rosbridge_suite/rosbridge_server) by extension 'ignore'
[1.242s] Level 1:colcon.colcon_core.package_identification:_identify(src/rosbridge_suite/rosbridge_server) by extension 'ignore_ament_install'
[1.242s] Level 1:colcon.colcon_core.package_identification:_identify(src/rosbridge_suite/rosbridge_server) by extensions ['colcon_pkg']
[1.243s] Level 1:colcon.colcon_core.package_identification:_identify(src/rosbridge_suite/rosbridge_server) by extension 'colcon_pkg'
[1.243s] Level 1:colcon.colcon_core.package_identification:_identify(src/rosbridge_suite/rosbridge_server) by extensions ['colcon_meta']
[1.243s] Level 1:colcon.colcon_core.package_identification:_identify(src/rosbridge_suite/rosbridge_server) by extension 'colcon_meta'
[1.243s] Level 1:colcon.colcon_core.package_identification:_identify(src/rosbridge_suite/rosbridge_server) by extensions ['ros']
[1.243s] Level 1:colcon.colcon_core.package_identification:_identify(src/rosbridge_suite/rosbridge_server) by extension 'ros'
[1.247s] DEBUG:colcon.colcon_core.package_identification:Package 'src/rosbridge_suite/rosbridge_server' with type 'ros.ament_cmake' and name 'rosbridge_server'
[1.248s] Level 1:colcon.colcon_core.package_identification:_identify(src/rosbridge_suite/rosbridge_suite) by extensions ['ignore', 'ignore_ament_install']
[1.249s] Level 1:colcon.colcon_core.package_identification:_identify(src/rosbridge_suite/rosbridge_suite) by extension 'ignore'
[1.249s] Level 1:colcon.colcon_core.package_identification:_identify(src/rosbridge_suite/rosbridge_suite) by extension 'ignore_ament_install'
[1.249s] Level 1:colcon.colcon_core.package_identification:_identify(src/rosbridge_suite/rosbridge_suite) by extensions ['colcon_pkg']
[1.249s] Level 1:colcon.colcon_core.package_identification:_identify(src/rosbridge_suite/rosbridge_suite) by extension 'colcon_pkg'
[1.250s] Level 1:colcon.colcon_core.package_identification:_identify(src/rosbridge_suite/rosbridge_suite) by extensions ['colcon_meta']
[1.250s] Level 1:colcon.colcon_core.package_identification:_identify(src/rosbridge_suite/rosbridge_suite) by extension 'colcon_meta'
[1.250s] Level 1:colcon.colcon_core.package_identification:_identify(src/rosbridge_suite/rosbridge_suite) by extensions ['ros']
[1.250s] Level 1:colcon.colcon_core.package_identification:_identify(src/rosbridge_suite/rosbridge_suite) by extension 'ros'
[1.253s] DEBUG:colcon.colcon_core.package_identification:Package 'src/rosbridge_suite/rosbridge_suite' with type 'ros.ament_cmake' and name 'rosbridge_suite'
[1.254s] Level 1:colcon.colcon_core.package_identification:_identify(src/rosbridge_suite/rosbridge_test_msgs) by extensions ['ignore', 'ignore_ament_install']
[1.255s] Level 1:colcon.colcon_core.package_identification:_identify(src/rosbridge_suite/rosbridge_test_msgs) by extension 'ignore'
[1.255s] Level 1:colcon.colcon_core.package_identification:_identify(src/rosbridge_suite/rosbridge_test_msgs) by extension 'ignore_ament_install'
[1.255s] Level 1:colcon.colcon_core.package_identification:_identify(src/rosbridge_suite/rosbridge_test_msgs) by extensions ['colcon_pkg']
[1.256s] Level 1:colcon.colcon_core.package_identification:_identify(src/rosbridge_suite/rosbridge_test_msgs) by extension 'colcon_pkg'
[1.256s] Level 1:colcon.colcon_core.package_identification:_identify(src/rosbridge_suite/rosbridge_test_msgs) by extensions ['colcon_meta']
[1.256s] Level 1:colcon.colcon_core.package_identification:_identify(src/rosbridge_suite/rosbridge_test_msgs) by extension 'colcon_meta'
[1.256s] Level 1:colcon.colcon_core.package_identification:_identify(src/rosbridge_suite/rosbridge_test_msgs) by extensions ['ros']
[1.256s] Level 1:colcon.colcon_core.package_identification:_identify(src/rosbridge_suite/rosbridge_test_msgs) by extension 'ros'
[1.261s] DEBUG:colcon.colcon_core.package_identification:Package 'src/rosbridge_suite/rosbridge_test_msgs' with type 'ros.ament_cmake' and name 'rosbridge_test_msgs'
[1.262s] Level 1:colcon.colcon_core.package_identification:_identify(src/xsens_driver) by extensions ['ignore', 'ignore_ament_install']
[1.266s] Level 1:colcon.colcon_core.package_identification:_identify(src/xsens_driver) by extension 'ignore'
[1.266s] Level 1:colcon.colcon_core.package_identification:_identify(src/xsens_driver) by extension 'ignore_ament_install'
[1.267s] Level 1:colcon.colcon_core.package_identification:_identify(src/xsens_driver) by extensions ['colcon_pkg']
[1.267s] Level 1:colcon.colcon_core.package_identification:_identify(src/xsens_driver) by extension 'colcon_pkg'
[1.267s] Level 1:colcon.colcon_core.package_identification:_identify(src/xsens_driver) by extensions ['colcon_meta']
[1.267s] Level 1:colcon.colcon_core.package_identification:_identify(src/xsens_driver) by extension 'colcon_meta'
[1.268s] Level 1:colcon.colcon_core.package_identification:_identify(src/xsens_driver) by extensions ['ros']
[1.268s] Level 1:colcon.colcon_core.package_identification:_identify(src/xsens_driver) by extension 'ros'
[1.276s] DEBUG:colcon.colcon_core.package_identification:Package 'src/xsens_driver' with type 'ros.ament_python' and name 'xsens_driver'
[1.283s] Level 1:colcon.colcon_core.package_identification:_identify(src/xsens_msgs) by extensions ['ignore', 'ignore_ament_install']
[1.284s] Level 1:colcon.colcon_core.package_identification:_identify(src/xsens_msgs) by extension 'ignore'
[1.284s] Level 1:colcon.colcon_core.package_identification:_identify(src/xsens_msgs) by extension 'ignore_ament_install'
[1.284s] Level 1:colcon.colcon_core.package_identification:_identify(src/xsens_msgs) by extensions ['colcon_pkg']
[1.284s] Level 1:colcon.colcon_core.package_identification:_identify(src/xsens_msgs) by extension 'colcon_pkg'
[1.285s] Level 1:colcon.colcon_core.package_identification:_identify(src/xsens_msgs) by extensions ['colcon_meta']
[1.285s] Level 1:colcon.colcon_core.package_identification:_identify(src/xsens_msgs) by extension 'colcon_meta'
[1.285s] Level 1:colcon.colcon_core.package_identification:_identify(src/xsens_msgs) by extensions ['ros']
[1.285s] Level 1:colcon.colcon_core.package_identification:_identify(src/xsens_msgs) by extension 'ros'
[1.289s] DEBUG:colcon.colcon_core.package_identification:Package 'src/xsens_msgs' with type 'ros.ament_cmake' and name 'xsens_msgs'
[1.290s] Level 1:colcon.colcon_core.package_identification:_identify(webUI) by extensions ['ignore', 'ignore_ament_install']
[1.291s] Level 1:colcon.colcon_core.package_identification:_identify(webUI) by extension 'ignore'
[1.291s] Level 1:colcon.colcon_core.package_identification:_identify(webUI) by extension 'ignore_ament_install'
[1.292s] Level 1:colcon.colcon_core.package_identification:_identify(webUI) by extensions ['colcon_pkg']
[1.292s] Level 1:colcon.colcon_core.package_identification:_identify(webUI) by extension 'colcon_pkg'
[1.292s] Level 1:colcon.colcon_core.package_identification:_identify(webUI) by extensions ['colcon_meta']
[1.292s] Level 1:colcon.colcon_core.package_identification:_identify(webUI) by extension 'colcon_meta'
[1.292s] Level 1:colcon.colcon_core.package_identification:_identify(webUI) by extensions ['ros']
[1.292s] Level 1:colcon.colcon_core.package_identification:_identify(webUI) by extension 'ros'
[1.293s] Level 1:colcon.colcon_core.package_identification:_identify(webUI) by extensions ['cmake', 'python']
[1.293s] Level 1:colcon.colcon_core.package_identification:_identify(webUI) by extension 'cmake'
[1.293s] Level 1:colcon.colcon_core.package_identification:_identify(webUI) by extension 'python'
[1.293s] Level 1:colcon.colcon_core.package_identification:_identify(webUI) by extensions ['python_setup_py']
[1.294s] Level 1:colcon.colcon_core.package_identification:_identify(webUI) by extension 'python_setup_py'
[1.294s] Level 1:colcon.colcon_core.package_discovery:discover_packages(recursive) using defaults
[1.294s] Level 1:colcon.colcon_core.package_discovery:discover_packages(ignore) discover
[1.294s] Level 1:colcon.colcon_core.package_discovery:discover_packages(ignore) using defaults
[1.294s] Level 1:colcon.colcon_core.package_discovery:discover_packages(path) discover
[1.294s] Level 1:colcon.colcon_core.package_discovery:discover_packages(path) using defaults
[1.297s] WARNING:colcon.colcon_core.package_selection:ignoring unknown package 'my_package' in --packages-select
[1.404s] INFO:colcon.colcon_core.package_selection:Skipping not selected package 'central' in 'src/central'
[1.404s] INFO:colcon.colcon_core.package_selection:Skipping not selected package 'ntrip_client' in 'src/ntrip_client'
[1.405s] INFO:colcon.colcon_core.package_selection:Skipping not selected package 'rosapi_msgs' in 'src/rosbridge_suite/rosapi_msgs'
[1.405s] INFO:colcon.colcon_core.package_selection:Skipping not selected package 'rosbridge_msgs' in 'src/rosbridge_suite/rosbridge_msgs'
[1.405s] INFO:colcon.colcon_core.package_selection:Skipping not selected package 'rosbridge_test_msgs' in 'src/rosbridge_suite/rosbridge_test_msgs'
[1.405s] INFO:colcon.colcon_core.package_selection:Skipping not selected package 'xsens_msgs' in 'src/xsens_msgs'
[1.405s] INFO:colcon.colcon_core.package_selection:Skipping not selected package 'rosbridge_library' in 'src/rosbridge_suite/rosbridge_library'
[1.405s] INFO:colcon.colcon_core.package_selection:Skipping not selected package 'xsens_driver' in 'src/xsens_driver'
[1.405s] INFO:colcon.colcon_core.package_selection:Skipping not selected package 'rosapi' in 'src/rosbridge_suite/rosapi'
[1.405s] INFO:colcon.colcon_core.package_selection:Skipping not selected package 'rosbridge_server' in 'src/rosbridge_suite/rosbridge_server'
[1.406s] INFO:colcon.colcon_core.package_selection:Skipping not selected package 'rosbridge_suite' in 'src/rosbridge_suite/rosbridge_suite'
[1.438s] INFO:colcon.colcon_core.executor:Executing jobs using 'parallel' executor
[1.446s] DEBUG:colcon.colcon_parallel_executor.executor.parallel:run_until_complete
[1.447s] DEBUG:colcon.colcon_parallel_executor.executor.parallel:closing loop
[1.448s] DEBUG:colcon.colcon_parallel_executor.executor.parallel:loop closed
[1.448s] DEBUG:colcon.colcon_parallel_executor.executor.parallel:run_until_complete finished with '0'
[1.449s] DEBUG:colcon.colcon_core.event_reactor:joining thread
[1.495s] INFO:colcon.colcon_core.plugin_system:Skipping extension 'colcon_notification.desktop_notification.notify_send': Could not find 'notify-send'
[1.496s] INFO:colcon.colcon_core.plugin_system:Skipping extension 'colcon_notification.desktop_notification.terminal_notifier': Not used on non-Darwin systems
[1.496s] INFO:colcon.colcon_core.plugin_system:Skipping extension 'colcon_notification.desktop_notification.win32': Not used on non-Windows systems
[1.496s] INFO:colcon.colcon_notification.desktop_notification:Sending desktop notification using 'notify2'
[1.519s] DEBUG:colcon.colcon_notification.desktop_notification.notify2:Failed to initialize notify2: org.freedesktop.DBus.Error.ServiceUnknown: The name org.freedesktop.Notifications was not provided by any .service files
[1.520s] DEBUG:colcon.colcon_core.event_reactor:joined thread
[1.554s] INFO:colcon.colcon_core.plugin_system:Skipping extension 'colcon_core.shell.bat': Not used on non-Windows systems
[1.555s] INFO:colcon.colcon_core.shell:Creating prefix script '/app/dev_ws/install/local_setup.ps1'
[1.561s] INFO:colcon.colcon_core.shell:Creating prefix util module '/app/dev_ws/install/_local_setup_util_ps1.py'
[1.574s] INFO:colcon.colcon_core.shell:Creating prefix chain script '/app/dev_ws/install/setup.ps1'
[1.583s] INFO:colcon.colcon_core.shell:Creating prefix script '/app/dev_ws/install/local_setup.sh'
[1.587s] INFO:colcon.colcon_core.shell:Creating prefix util module '/app/dev_ws/install/_local_setup_util_sh.py'
[1.590s] INFO:colcon.colcon_core.shell:Creating prefix chain script '/app/dev_ws/install/setup.sh'
[1.599s] INFO:colcon.colcon_core.shell:Creating prefix script '/app/dev_ws/install/local_setup.bash'
[1.603s] INFO:colcon.colcon_core.shell:Creating prefix chain script '/app/dev_ws/install/setup.bash'
[1.612s] INFO:colcon.colcon_core.shell:Creating prefix script '/app/dev_ws/install/local_setup.zsh'
[1.616s] INFO:colcon.colcon_core.shell:Creating prefix chain script '/app/dev_ws/install/setup.zsh'
