running egg_info
writing ../../build/ntrip_client/ntrip_client.egg-info/PKG-INFO
writing dependency_links to ../../build/ntrip_client/ntrip_client.egg-info/dependency_links.txt
writing entry points to ../../build/ntrip_client/ntrip_client.egg-info/entry_points.txt
writing requirements to ../../build/ntrip_client/ntrip_client.egg-info/requires.txt
writing top-level names to ../../build/ntrip_client/ntrip_client.egg-info/top_level.txt
reading manifest file '../../build/ntrip_client/ntrip_client.egg-info/SOURCES.txt'
writing manifest file '../../build/ntrip_client/ntrip_client.egg-info/SOURCES.txt'
running build
running build_py
copying ntrip_client/ntrip_pub.py -> /app/dev_ws/build/ntrip_client/build/lib/ntrip_client
running install
running install_lib
copying /app/dev_ws/build/ntrip_client/build/lib/ntrip_client/ntrip_pub.py -> /app/dev_ws/install/ntrip_client/lib/python3.8/site-packages/ntrip_client
byte-compiling /app/dev_ws/install/ntrip_client/lib/python3.8/site-packages/ntrip_client/ntrip_pub.py to ntrip_pub.cpython-38.pyc
running install_data
running install_egg_info
removing '/app/dev_ws/install/ntrip_client/lib/python3.8/site-packages/ntrip_client-0.0.0-py3.8.egg-info' (and everything under it)
Copying ../../build/ntrip_client/ntrip_client.egg-info to /app/dev_ws/install/ntrip_client/lib/python3.8/site-packages/ntrip_client-0.0.0-py3.8.egg-info
running install_scripts
Installing main script to /app/dev_ws/install/ntrip_client/lib/ntrip_client
writing list of installed files to '/app/dev_ws/build/ntrip_client/install.log'
