[3.139s] Invoking command in '/app/dev_ws/src/central': PYTHONPATH=/app/dev_ws/install/central/lib/python3.8/site-packages:${PYTHONPATH} /usr/bin/python3 setup.py egg_info --egg-base ../../build/central build --build-base /app/dev_ws/build/central/build install --prefix /app/dev_ws/install/central --record /app/dev_ws/build/central/install.log --single-version-externally-managed
[4.201s] running egg_info
[4.203s] writing ../../build/central/central.egg-info/PKG-INFO
[4.204s] writing dependency_links to ../../build/central/central.egg-info/dependency_links.txt
[4.205s] writing entry points to ../../build/central/central.egg-info/entry_points.txt
[4.206s] writing requirements to ../../build/central/central.egg-info/requires.txt
[4.207s] writing top-level names to ../../build/central/central.egg-info/top_level.txt
[4.372s] reading manifest file '../../build/central/central.egg-info/SOURCES.txt'
[4.376s] writing manifest file '../../build/central/central.egg-info/SOURCES.txt'
[4.377s] running build
[4.378s] running build_py
[4.378s] copying central/central_data.py -> /app/dev_ws/build/central/build/lib/central
[4.380s] running install
[4.384s] running install_lib
[4.389s] copying /app/dev_ws/build/central/build/lib/central/central_data.py -> /app/dev_ws/install/central/lib/python3.8/site-packages/central
[4.393s] byte-compiling /app/dev_ws/install/central/lib/python3.8/site-packages/central/central_data.py to central_data.cpython-38.pyc
[4.414s] running install_data
[4.416s] running install_egg_info
[4.424s] removing '/app/dev_ws/install/central/lib/python3.8/site-packages/central-0.0.0-py3.8.egg-info' (and everything under it)
[4.426s] Copying ../../build/central/central.egg-info to /app/dev_ws/install/central/lib/python3.8/site-packages/central-0.0.0-py3.8.egg-info
[4.432s] running install_scripts
[4.510s] Installing collect_data script to /app/dev_ws/install/central/lib/central
[4.511s] Installing config script to /app/dev_ws/install/central/lib/central
[4.513s] writing list of installed files to '/app/dev_ws/build/central/install.log'
[4.614s] Invoked command in '/app/dev_ws/src/central' returned '0': PYTHONPATH=/app/dev_ws/install/central/lib/python3.8/site-packages:${PYTHONPATH} /usr/bin/python3 setup.py egg_info --egg-base ../../build/central build --build-base /app/dev_ws/build/central/build install --prefix /app/dev_ws/install/central --record /app/dev_ws/build/central/install.log --single-version-externally-managed
