[2.737s] Invoking command in '/app/dev_ws/src/central': PYTHONPATH=/app/dev_ws/install/central/lib/python3.8/site-packages:${PYTHONPATH} /usr/bin/python3 setup.py egg_info --egg-base ../../build/central build --build-base /app/dev_ws/build/central/build install --prefix /app/dev_ws/install/central --record /app/dev_ws/build/central/install.log --single-version-externally-managed
[3.729s] running egg_info
[3.731s] writing ../../build/central/central.egg-info/PKG-INFO
[3.732s] writing dependency_links to ../../build/central/central.egg-info/dependency_links.txt
[3.734s] writing entry points to ../../build/central/central.egg-info/entry_points.txt
[3.734s] writing requirements to ../../build/central/central.egg-info/requires.txt
[3.735s] writing top-level names to ../../build/central/central.egg-info/top_level.txt
[3.892s] reading manifest file '../../build/central/central.egg-info/SOURCES.txt'
[3.896s] writing manifest file '../../build/central/central.egg-info/SOURCES.txt'
[3.896s] running build
[3.897s] running build_py
[3.898s] copying central/central_config.py -> /app/dev_ws/build/central/build/lib/central
[3.899s] running install
[3.903s] running install_lib
[3.907s] copying /app/dev_ws/build/central/build/lib/central/central_config.py -> /app/dev_ws/install/central/lib/python3.8/site-packages/central
[3.911s] byte-compiling /app/dev_ws/install/central/lib/python3.8/site-packages/central/central_config.py to central_config.cpython-38.pyc
[3.918s] running install_data
[3.920s] running install_egg_info
[3.927s] removing '/app/dev_ws/install/central/lib/python3.8/site-packages/central-0.0.0-py3.8.egg-info' (and everything under it)
[3.929s] Copying ../../build/central/central.egg-info to /app/dev_ws/install/central/lib/python3.8/site-packages/central-0.0.0-py3.8.egg-info
[3.936s] running install_scripts
[4.010s] Installing collect_data script to /app/dev_ws/install/central/lib/central
[4.011s] Installing config script to /app/dev_ws/install/central/lib/central
[4.013s] writing list of installed files to '/app/dev_ws/build/central/install.log'
[4.111s] Invoked command in '/app/dev_ws/src/central' returned '0': PYTHONPATH=/app/dev_ws/install/central/lib/python3.8/site-packages:${PYTHONPATH} /usr/bin/python3 setup.py egg_info --egg-base ../../build/central build --build-base /app/dev_ws/build/central/build install --prefix /app/dev_ws/install/central --record /app/dev_ws/build/central/install.log --single-version-externally-managed
