[2.708s] Invoking command in '/app/dev_ws/src/central': PYTHONPATH=/app/dev_ws/install/central/lib/python3.8/site-packages:${PYTHONPATH} /usr/bin/python3 setup.py egg_info --egg-base ../../build/central build --build-base /app/dev_ws/build/central/build install --prefix /app/dev_ws/install/central --record /app/dev_ws/build/central/install.log --single-version-externally-managed
[3.651s] running egg_info
[3.653s] writing ../../build/central/central.egg-info/PKG-INFO
[3.654s] writing dependency_links to ../../build/central/central.egg-info/dependency_links.txt
[3.656s] writing entry points to ../../build/central/central.egg-info/entry_points.txt
[3.657s] writing requirements to ../../build/central/central.egg-info/requires.txt
[3.658s] writing top-level names to ../../build/central/central.egg-info/top_level.txt
[3.812s] reading manifest file '../../build/central/central.egg-info/SOURCES.txt'
[3.816s] writing manifest file '../../build/central/central.egg-info/SOURCES.txt'
[3.817s] running build
[3.817s] running build_py
[3.818s] copying central/central_data.py -> /app/dev_ws/build/central/build/lib/central
[3.820s] running install
[3.823s] running install_lib
[3.827s] copying /app/dev_ws/build/central/build/lib/central/central_data.py -> /app/dev_ws/install/central/lib/python3.8/site-packages/central
[3.831s] byte-compiling /app/dev_ws/install/central/lib/python3.8/site-packages/central/central_data.py to central_data.cpython-38.pyc
[3.838s] running install_data
[3.840s] running install_egg_info
[3.847s] removing '/app/dev_ws/install/central/lib/python3.8/site-packages/central-0.0.0-py3.8.egg-info' (and everything under it)
[3.849s] Copying ../../build/central/central.egg-info to /app/dev_ws/install/central/lib/python3.8/site-packages/central-0.0.0-py3.8.egg-info
[3.854s] running install_scripts
[3.929s] Installing collect_data script to /app/dev_ws/install/central/lib/central
[3.930s] Installing config script to /app/dev_ws/install/central/lib/central
[3.932s] writing list of installed files to '/app/dev_ws/build/central/install.log'
[4.029s] Invoked command in '/app/dev_ws/src/central' returned '0': PYTHONPATH=/app/dev_ws/install/central/lib/python3.8/site-packages:${PYTHONPATH} /usr/bin/python3 setup.py egg_info --egg-base ../../build/central build --build-base /app/dev_ws/build/central/build install --prefix /app/dev_ws/install/central --record /app/dev_ws/build/central/install.log --single-version-externally-managed
