[2.773s] Invoking command in '/app/dev_ws/src/central': PYTHONPATH=/app/dev_ws/install/central/lib/python3.8/site-packages:${PYTHONPATH} /usr/bin/python3 setup.py egg_info --egg-base ../../build/central build --build-base /app/dev_ws/build/central/build install --prefix /app/dev_ws/install/central --record /app/dev_ws/build/central/install.log --single-version-externally-managed
[3.817s] running egg_info
[3.819s] writing ../../build/central/central.egg-info/PKG-INFO
[3.820s] writing dependency_links to ../../build/central/central.egg-info/dependency_links.txt
[3.821s] writing entry points to ../../build/central/central.egg-info/entry_points.txt
[3.822s] writing requirements to ../../build/central/central.egg-info/requires.txt
[3.822s] writing top-level names to ../../build/central/central.egg-info/top_level.txt
[3.982s] reading manifest file '../../build/central/central.egg-info/SOURCES.txt'
[3.986s] writing manifest file '../../build/central/central.egg-info/SOURCES.txt'
[3.987s] running build
[3.988s] running build_py
[3.988s] copying central/central_config.py -> /app/dev_ws/build/central/build/lib/central
[3.990s] running install
[3.993s] running install_lib
[3.998s] copying /app/dev_ws/build/central/build/lib/central/central_config.py -> /app/dev_ws/install/central/lib/python3.8/site-packages/central
[4.001s] byte-compiling /app/dev_ws/install/central/lib/python3.8/site-packages/central/central_config.py to central_config.cpython-38.pyc
[4.007s] running install_data
[4.010s] running install_egg_info
[4.018s] removing '/app/dev_ws/install/central/lib/python3.8/site-packages/central-0.0.0-py3.8.egg-info' (and everything under it)
[4.019s] Copying ../../build/central/central.egg-info to /app/dev_ws/install/central/lib/python3.8/site-packages/central-0.0.0-py3.8.egg-info
[4.026s] running install_scripts
[4.099s] Installing main script to /app/dev_ws/install/central/lib/central
[4.101s] writing list of installed files to '/app/dev_ws/build/central/install.log'
[4.196s] Invoked command in '/app/dev_ws/src/central' returned '0': PYTHONPATH=/app/dev_ws/install/central/lib/python3.8/site-packages:${PYTHONPATH} /usr/bin/python3 setup.py egg_info --egg-base ../../build/central build --build-base /app/dev_ws/build/central/build install --prefix /app/dev_ws/install/central --record /app/dev_ws/build/central/install.log --single-version-externally-managed
