[2.990s] Invoking command in '/app/dev_ws/src/central': PYTHONPATH=/app/dev_ws/install/central/lib/python3.8/site-packages:${PYTHONPATH} /usr/bin/python3 setup.py egg_info --egg-base ../../build/central build --build-base /app/dev_ws/build/central/build install --prefix /app/dev_ws/install/central --record /app/dev_ws/build/central/install.log --single-version-externally-managed
[4.123s] running egg_info
[4.125s] writing ../../build/central/central.egg-info/PKG-INFO
[4.126s] writing dependency_links to ../../build/central/central.egg-info/dependency_links.txt
[4.127s] writing entry points to ../../build/central/central.egg-info/entry_points.txt
[4.128s] writing requirements to ../../build/central/central.egg-info/requires.txt
[4.129s] writing top-level names to ../../build/central/central.egg-info/top_level.txt
[4.294s] reading manifest file '../../build/central/central.egg-info/SOURCES.txt'
[4.298s] writing manifest file '../../build/central/central.egg-info/SOURCES.txt'
[4.299s] running build
[4.300s] running build_py
[4.300s] copying central/central_data.py -> /app/dev_ws/build/central/build/lib/central
[4.302s] running install
[4.306s] running install_lib
[4.311s] copying /app/dev_ws/build/central/build/lib/central/central_data.py -> /app/dev_ws/install/central/lib/python3.8/site-packages/central
[4.314s] byte-compiling /app/dev_ws/install/central/lib/python3.8/site-packages/central/central_data.py to central_data.cpython-38.pyc
[4.320s] Sorry: IndentationError: unindent does not match any outer indentation level (central_data.py, line 116)
[4.321s] running install_data
[4.323s] running install_egg_info
[4.331s] removing '/app/dev_ws/install/central/lib/python3.8/site-packages/central-0.0.0-py3.8.egg-info' (and everything under it)
[4.332s] Copying ../../build/central/central.egg-info to /app/dev_ws/install/central/lib/python3.8/site-packages/central-0.0.0-py3.8.egg-info
[4.338s] running install_scripts
[4.419s] Installing collect_data script to /app/dev_ws/install/central/lib/central
[4.420s] Installing config script to /app/dev_ws/install/central/lib/central
[4.422s] writing list of installed files to '/app/dev_ws/build/central/install.log'
[4.523s] Invoked command in '/app/dev_ws/src/central' returned '0': PYTHONPATH=/app/dev_ws/install/central/lib/python3.8/site-packages:${PYTHONPATH} /usr/bin/python3 setup.py egg_info --egg-base ../../build/central build --build-base /app/dev_ws/build/central/build install --prefix /app/dev_ws/install/central --record /app/dev_ws/build/central/install.log --single-version-externally-managed
