[2.674s] Invoking command in '/app/dev_ws/src/central': PYTHONPATH=/app/dev_ws/install/central/lib/python3.8/site-packages:${PYTHONPATH} /usr/bin/python3 setup.py egg_info --egg-base ../../build/central build --build-base /app/dev_ws/build/central/build install --prefix /app/dev_ws/install/central --record /app/dev_ws/build/central/install.log --single-version-externally-managed
[3.619s] running egg_info
[3.621s] writing ../../build/central/central.egg-info/PKG-INFO
[3.623s] writing dependency_links to ../../build/central/central.egg-info/dependency_links.txt
[3.624s] writing entry points to ../../build/central/central.egg-info/entry_points.txt
[3.625s] writing requirements to ../../build/central/central.egg-info/requires.txt
[3.625s] writing top-level names to ../../build/central/central.egg-info/top_level.txt
[3.784s] reading manifest file '../../build/central/central.egg-info/SOURCES.txt'
[3.788s] writing manifest file '../../build/central/central.egg-info/SOURCES.txt'
[3.788s] running build
[3.789s] running build_py
[3.789s] copying central/central_config.py -> /app/dev_ws/build/central/build/lib/central
[3.791s] running install
[3.794s] running install_lib
[3.799s] copying /app/dev_ws/build/central/build/lib/central/central_config.py -> /app/dev_ws/install/central/lib/python3.8/site-packages/central
[3.802s] byte-compiling /app/dev_ws/install/central/lib/python3.8/site-packages/central/central_config.py to central_config.cpython-38.pyc
[3.808s] running install_data
[3.811s] running install_egg_info
[3.817s] removing '/app/dev_ws/install/central/lib/python3.8/site-packages/central-0.0.0-py3.8.egg-info' (and everything under it)
[3.819s] Copying ../../build/central/central.egg-info to /app/dev_ws/install/central/lib/python3.8/site-packages/central-0.0.0-py3.8.egg-info
[3.825s] running install_scripts
[3.899s] Installing main script to /app/dev_ws/install/central/lib/central
[3.901s] writing list of installed files to '/app/dev_ws/build/central/install.log'
[4.000s] Invoked command in '/app/dev_ws/src/central' returned '0': PYTHONPATH=/app/dev_ws/install/central/lib/python3.8/site-packages:${PYTHONPATH} /usr/bin/python3 setup.py egg_info --egg-base ../../build/central build --build-base /app/dev_ws/build/central/build install --prefix /app/dev_ws/install/central --record /app/dev_ws/build/central/install.log --single-version-externally-managed
