[0.125s] Invoking command in '/app/dev_ws/build/xsens_msgs': CMAKE_PREFIX_PATH=${CMAKE_PREFIX_PATH}:/app/dev_ws/install/xsens_driver:/app/dev_ws/install/cam_client:/app/dev_ws/install/ntrip_client:/app/dev_ws/install/central:/opt/ros/foxy /usr/bin/cmake --build /app/dev_ws/build/xsens_msgs -- -j4 -l4
[0.345s] -- Found ament_cmake: 0.9.9 (/opt/ros/foxy/share/ament_cmake/cmake)
[0.499s] -- Found PythonInterp: /usr/bin/python3 (found suitable version "3.8.10", minimum required is "3") 
[0.499s] -- Using PYTHON_EXECUTABLE: /usr/bin/python3
[1.473s] -- Found std_msgs: 2.0.5 (/opt/ros/foxy/share/std_msgs/cmake)
[1.630s] -- Using all available rosidl_typesupport_c: rosidl_typesupport_fastrtps_c;rosidl_typesupport_introspection_c
[1.653s] -- Found rosidl_adapter: 1.2.1 (/opt/ros/foxy/share/rosidl_adapter/cmake)
[2.766s] -- Using all available rosidl_typesupport_cpp: rosidl_typesupport_fastrtps_cpp;rosidl_typesupport_introspection_cpp
[2.981s] -- Found rosidl_default_generators: 1.0.1 (/opt/ros/foxy/share/rosidl_default_generators/cmake)
[3.033s] -- Found sensor_msgs: 2.0.5 (/opt/ros/foxy/share/sensor_msgs/cmake)
[3.691s] -- Found PythonInterp: /usr/bin/python3 (found version "3.8.10") 
[4.621s] CMake Error at /opt/ros/foxy/share/rosidl_adapter/cmake/rosidl_adapt_interfaces.cmake:60 (message):
[4.621s]   execute_process(/usr/bin/python3 -m rosidl_adapter --package-name
[4.622s]   xsens_msgs --arguments-file
[4.622s]   /app/dev_ws/build/xsens_msgs/rosidl_adapter__arguments__xsens_msgs.json
[4.622s]   --output-dir /app/dev_ws/build/xsens_msgs/rosidl_adapter/xsens_msgs
[4.624s]   --output-file /app/dev_ws/build/xsens_msgs/rosidl_adapter/xsens_msgs.idls)
[4.625s]   returned error code 1:
[4.625s] 
[4.626s]   Error processing 'int64 hMSL' of 'xsens_msgs/GnsNP': ''hMSL' is an invalid
[4.626s]   field name.  It should have the pattern
[4.626s]   '^(?!.*__)(?!.*_$)[a-z][a-z0-9_]*$''
[4.626s] 
[4.627s]   Traceback (most recent call last):
[4.627s] 
[4.627s]     File "/usr/lib/python3.8/runpy.py", line 194, in _run_module_as_main
[4.628s]       return _run_code(code, main_globals, None,
[4.628s]     File "/usr/lib/python3.8/runpy.py", line 87, in _run_code
[4.628s]       exec(code, run_globals)
[4.629s]     File "/opt/ros/foxy/lib/python3.8/site-packages/rosidl_adapter/__main__.py", line 19, in <module>
[4.629s]       sys.exit(main())
[4.629s]     File "/opt/ros/foxy/lib/python3.8/site-packages/rosidl_adapter/main.py", line 53, in main
[4.630s]       abs_idl_file = convert_to_idl(
[4.630s]     File "/opt/ros/foxy/lib/python3.8/site-packages/rosidl_adapter/__init__.py", line 19, in convert_to_idl
[4.630s]       return convert_msg_to_idl(
[4.631s]     File "/opt/ros/foxy/lib/python3.8/site-packages/rosidl_adapter/msg/__init__.py", line 28, in convert_msg_to_idl
[4.631s]       msg = parse_message_string(package_name, input_file.stem, content)
[4.631s]     File "/opt/ros/foxy/lib/python3.8/site-packages/rosidl_adapter/parser.py", line 515, in parse_message_string
[4.632s]       fields.append(Field(
[4.632s]     File "/opt/ros/foxy/lib/python3.8/site-packages/rosidl_adapter/parser.py", line 353, in __init__
[4.632s]       raise NameError(
[4.633s] 
[4.633s]   NameError: 'hMSL' is an invalid field name.  It should have the pattern
[4.633s]   '^(?!.*__)(?!.*_$)[a-z][a-z0-9_]*$'
[4.634s] 
[4.634s] Call Stack (most recent call first):
[4.635s]   /opt/ros/foxy/share/rosidl_cmake/cmake/rosidl_generate_interfaces.cmake:130 (rosidl_adapt_interfaces)
[4.635s]   CMakeLists.txt:44 (rosidl_generate_interfaces)
[4.635s] 
[4.636s] 
[4.639s] -- Configuring incomplete, errors occurred!
[4.639s] See also "/app/dev_ws/build/xsens_msgs/CMakeFiles/CMakeOutput.log".
[4.663s] make: *** [Makefile:4348: cmake_check_build_system] Error 1
[4.670s] Invoked command in '/app/dev_ws/build/xsens_msgs' returned '2': CMAKE_PREFIX_PATH=${CMAKE_PREFIX_PATH}:/app/dev_ws/install/xsens_driver:/app/dev_ws/install/cam_client:/app/dev_ws/install/ntrip_client:/app/dev_ws/install/central:/opt/ros/foxy /usr/bin/cmake --build /app/dev_ws/build/xsens_msgs -- -j4 -l4
