[4.729s] Invoking command in '/app/dev_ws/src/central': PYTHONPATH=/app/dev_ws/install/central/lib/python3.8/site-packages:${PYTHONPATH} /usr/bin/python3 setup.py egg_info --egg-base ../../build/central build --build-base /app/dev_ws/build/central/build install --prefix /app/dev_ws/install/central --record /app/dev_ws/build/central/install.log --single-version-externally-managed
[6.032s] running egg_info
[6.035s] writing ../../build/central/central.egg-info/PKG-INFO
[6.038s] writing dependency_links to ../../build/central/central.egg-info/dependency_links.txt
[6.041s] writing entry points to ../../build/central/central.egg-info/entry_points.txt
[6.043s] writing requirements to ../../build/central/central.egg-info/requires.txt
[6.043s] writing top-level names to ../../build/central/central.egg-info/top_level.txt
[6.234s] reading manifest file '../../build/central/central.egg-info/SOURCES.txt'
[6.238s] writing manifest file '../../build/central/central.egg-info/SOURCES.txt'
[6.238s] running build
[6.239s] running build_py
[6.240s] copying central/central_config.py -> /app/dev_ws/build/central/build/lib/central
[6.241s] running install
[6.243s] running install_lib
[6.248s] copying /app/dev_ws/build/central/build/lib/central/central_config.py -> /app/dev_ws/install/central/lib/python3.8/site-packages/central
[6.253s] byte-compiling /app/dev_ws/install/central/lib/python3.8/site-packages/central/central_config.py to central_config.cpython-38.pyc
[6.259s] running install_data
[6.262s] running install_egg_info
[6.275s] removing '/app/dev_ws/install/central/lib/python3.8/site-packages/central-0.0.0-py3.8.egg-info' (and everything under it)
[6.276s] Copying ../../build/central/central.egg-info to /app/dev_ws/install/central/lib/python3.8/site-packages/central-0.0.0-py3.8.egg-info
[6.281s] running install_scripts
[6.372s] Installing main script to /app/dev_ws/install/central/lib/central
[6.377s] writing list of installed files to '/app/dev_ws/build/central/install.log'
[6.995s] Invoked command in '/app/dev_ws/src/central' returned '0': PYTHONPATH=/app/dev_ws/install/central/lib/python3.8/site-packages:${PYTHONPATH} /usr/bin/python3 setup.py egg_info --egg-base ../../build/central build --build-base /app/dev_ws/build/central/build install --prefix /app/dev_ws/install/central --record /app/dev_ws/build/central/install.log --single-version-externally-managed
