[0.235s] Invoking command in '/app/dev_ws/build/xsens_msgs': CMAKE_PREFIX_PATH=${CMAKE_PREFIX_PATH}:/opt/ros/foxy:/app/dev_ws/install/xsens_driver:/app/dev_ws/install/cam_client:/app/dev_ws/install/ntrip_client:/app/dev_ws/install/central /usr/bin/cmake --build /app/dev_ws/build/xsens_msgs -- -j4 -l4
[0.736s] -- Found ament_cmake: 0.9.9 (/opt/ros/foxy/share/ament_cmake/cmake)
[0.903s] -- Found PythonInterp: /usr/bin/python3 (found suitable version "3.8.10", minimum required is "3") 
[0.905s] -- Using PYTHON_EXECUTABLE: /usr/bin/python3
[2.041s] -- Found std_msgs: 2.0.5 (/opt/ros/foxy/share/std_msgs/cmake)
[2.205s] -- Using all available rosidl_typesupport_c: rosidl_typesupport_fastrtps_c;rosidl_typesupport_introspection_c
[2.227s] -- Found rosidl_adapter: 1.2.1 (/opt/ros/foxy/share/rosidl_adapter/cmake)
[3.371s] -- Using all available rosidl_typesupport_cpp: rosidl_typesupport_fastrtps_cpp;rosidl_typesupport_introspection_cpp
[3.600s] -- Found rosidl_default_generators: 1.0.1 (/opt/ros/foxy/share/rosidl_default_generators/cmake)
[3.663s] -- Found sensor_msgs: 2.0.5 (/opt/ros/foxy/share/sensor_msgs/cmake)
[4.368s] -- Found PythonInterp: /usr/bin/python3 (found version "3.8.10") 
[5.994s] -- Found ament_cmake_cppcheck: 0.9.6 (/opt/ros/foxy/share/ament_cmake_cppcheck/cmake)
[6.007s] -- Found ament_cmake_cpplint: 0.9.6 (/opt/ros/foxy/share/ament_cmake_cpplint/cmake)
[6.008s] -- Found ament_cmake_uncrustify: 0.9.6 (/opt/ros/foxy/share/ament_cmake_uncrustify/cmake)
[6.011s] -- Found ament_cmake_ros: 0.9.2 (/opt/ros/foxy/share/ament_cmake_ros/cmake)
[8.227s] -- Using all available rosidl_typesupport_c: rosidl_typesupport_fastrtps_c;rosidl_typesupport_introspection_c
[9.134s] -- Using all available rosidl_typesupport_cpp: rosidl_typesupport_fastrtps_cpp;rosidl_typesupport_introspection_cpp
[9.322s] -- Found PythonInterp: /usr/bin/python3 (found suitable version "3.8.10", minimum required is "3.5") 
[9.324s] -- Found python_cmake_module: 0.8.1 (/opt/ros/foxy/share/python_cmake_module/cmake)
[9.486s] -- Using PYTHON_EXECUTABLE: /usr/bin/python3
[9.487s] -- Using PYTHON_INCLUDE_DIRS: /usr/include/python3.8
[9.487s] -- Using PYTHON_LIBRARIES: /usr/lib/aarch64-linux-gnu/libpython3.8.so
[9.883s] -- Found ament_cmake_flake8: 0.9.6 (/opt/ros/foxy/share/ament_cmake_flake8/cmake)
[9.888s] -- Found ament_cmake_pep257: 0.9.6 (/opt/ros/foxy/share/ament_cmake_pep257/cmake)
[9.907s] -- Found ament_lint_auto: 0.9.6 (/opt/ros/foxy/share/ament_lint_auto/cmake)
[10.020s] -- Configuring done
[10.623s] -- Generating done
[10.652s] -- Build files have been written to: /app/dev_ws/build/xsens_msgs
[10.856s] [  1%] [34m[1mGenerating C code for ROS interfaces[0m
[10.942s] [  1%] [34m[1mGenerating C++ code for ROS interfaces[0m
[18.500s] [  1%] Built target xsens_msgs__cpp
[18.869s] [  1%] [34m[1mGenerating C++ introspection for ROS interfaces[0m
[18.900s] [  2%] [34m[1mGenerating C++ type support for eProsima Fast-RTPS[0m
[19.126s] [  3%] [34m[1mGenerating C++ type support dispatch for ROS interfaces[0m
[21.559s] [35m[1mScanning dependencies of target xsens_msgs__rosidl_generator_c[0m
[21.834s] [  3%] [32mBuilding C object CMakeFiles/xsens_msgs__rosidl_generator_c.dir/rosidl_generator_c/xsens_msgs/msg/detail/ori_oe__functions.c.o[0m
[22.593s] [  4%] [32mBuilding C object CMakeFiles/xsens_msgs__rosidl_generator_c.dir/rosidl_generator_c/xsens_msgs/msg/detail/pos_pa__functions.c.o[0m
[23.307s] [  5%] [32mBuilding C object CMakeFiles/xsens_msgs__rosidl_generator_c.dir/rosidl_generator_c/xsens_msgs/msg/detail/pos_pl__functions.c.o[0m
[24.031s] [  5%] [32mBuilding C object CMakeFiles/xsens_msgs__rosidl_generator_c.dir/rosidl_generator_c/xsens_msgs/msg/detail/sta_sw__functions.c.o[0m
[24.797s] [  6%] [32mBuilding C object CMakeFiles/xsens_msgs__rosidl_generator_c.dir/rosidl_generator_c/xsens_msgs/msg/detail/acc_aa__functions.c.o[0m
[25.456s] [  6%] [32mBuilding C object CMakeFiles/xsens_msgs__rosidl_generator_c.dir/rosidl_generator_c/xsens_msgs/msg/detail/acc_af__functions.c.o[0m
[25.471s] [35m[1mScanning dependencies of target xsens_msgs__rosidl_typesupport_cpp[0m
[25.750s] [  6%] [32mBuilding CXX object CMakeFiles/xsens_msgs__rosidl_typesupport_cpp.dir/rosidl_typesupport_cpp/xsens_msgs/msg/ori_oe__type_support.cpp.o[0m
[26.002s] [  7%] [32mBuilding C object CMakeFiles/xsens_msgs__rosidl_generator_c.dir/rosidl_generator_c/xsens_msgs/msg/detail/ang_wr__functions.c.o[0m
[26.406s] [  8%] [32mBuilding C object CMakeFiles/xsens_msgs__rosidl_generator_c.dir/rosidl_generator_c/xsens_msgs/msg/detail/gns_np__functions.c.o[0m
[26.849s] [  8%] [32mBuilding C object CMakeFiles/xsens_msgs__rosidl_generator_c.dir/rosidl_generator_c/xsens_msgs/msg/detail/config_xsens__functions.c.o[0m
[27.358s] [  9%] [32mBuilding C object CMakeFiles/xsens_msgs__rosidl_generator_c.dir/rosidl_generator_c/xsens_msgs/msg/detail/config_ntrip__functions.c.o[0m
[27.962s] [ 10%] [32mBuilding C object CMakeFiles/xsens_msgs__rosidl_generator_c.dir/rosidl_generator_c/xsens_msgs/msg/detail/config_cam__functions.c.o[0m
[28.504s] [ 10%] [32mBuilding C object CMakeFiles/xsens_msgs__rosidl_generator_c.dir/rosidl_generator_c/xsens_msgs/msg/detail/sta_nt__functions.c.o[0m
[28.623s] [ 11%] [32mBuilding CXX object CMakeFiles/xsens_msgs__rosidl_typesupport_cpp.dir/rosidl_typesupport_cpp/xsens_msgs/msg/pos_pa__type_support.cpp.o[0m
[28.807s] [35m[1mScanning dependencies of target xsens_msgs__rosidl_typesupport_introspection_cpp[0m
[29.019s] [ 12%] [32mBuilding C object CMakeFiles/xsens_msgs__rosidl_generator_c.dir/rosidl_generator_c/xsens_msgs/msg/detail/sta_ct__functions.c.o[0m
[29.164s] [ 13%] [32mBuilding CXX object CMakeFiles/xsens_msgs__rosidl_typesupport_introspection_cpp.dir/rosidl_typesupport_introspection_cpp/xsens_msgs/msg/detail/ori_oe__type_support.cpp.o[0m
[29.555s] [35m[1mScanning dependencies of target xsens_msgs__rosidl_typesupport_fastrtps_cpp[0m
[29.576s] [ 14%] [32mBuilding C object CMakeFiles/xsens_msgs__rosidl_generator_c.dir/rosidl_generator_c/xsens_msgs/msg/detail/trg_sp__functions.c.o[0m
[29.813s] [ 15%] [32mBuilding CXX object CMakeFiles/xsens_msgs__rosidl_typesupport_fastrtps_cpp.dir/rosidl_typesupport_fastrtps_cpp/xsens_msgs/msg/detail/dds_fastrtps/ori_oe__type_support.cpp.o[0m
[30.061s] [ 15%] [32mBuilding C object CMakeFiles/xsens_msgs__rosidl_generator_c.dir/rosidl_generator_c/xsens_msgs/msg/detail/cam_image__functions.c.o[0m
[31.026s] [ 16%] [32mBuilding C object CMakeFiles/xsens_msgs__rosidl_generator_c.dir/rosidl_generator_c/xsens_msgs/msg/detail/cam_batch__functions.c.o[0m
[31.790s] [ 17%] [32mBuilding CXX object CMakeFiles/xsens_msgs__rosidl_typesupport_cpp.dir/rosidl_typesupport_cpp/xsens_msgs/msg/pos_pl__type_support.cpp.o[0m
[31.806s] [ 17%] [32mBuilding C object CMakeFiles/xsens_msgs__rosidl_generator_c.dir/rosidl_generator_c/xsens_msgs/srv/detail/rtc_mdata__functions.c.o[0m
[32.583s] [ 18%] [32m[1mLinking C shared library libxsens_msgs__rosidl_generator_c.so[0m
[33.373s] [ 18%] Built target xsens_msgs__rosidl_generator_c
[33.515s] [ 18%] [32mBuilding CXX object CMakeFiles/xsens_msgs__rosidl_typesupport_introspection_cpp.dir/rosidl_typesupport_introspection_cpp/xsens_msgs/msg/detail/pos_pa__type_support.cpp.o[0m
[33.524s] [ 19%] [34m[1mGenerating C introspection for ROS interfaces[0m
[34.082s] [ 19%] [32mBuilding CXX object CMakeFiles/xsens_msgs__rosidl_typesupport_fastrtps_cpp.dir/rosidl_typesupport_fastrtps_cpp/xsens_msgs/msg/detail/dds_fastrtps/pos_pa__type_support.cpp.o[0m
[35.319s] [ 19%] [32mBuilding CXX object CMakeFiles/xsens_msgs__rosidl_typesupport_cpp.dir/rosidl_typesupport_cpp/xsens_msgs/msg/sta_sw__type_support.cpp.o[0m
[36.841s] [ 20%] [32mBuilding CXX object CMakeFiles/xsens_msgs__rosidl_typesupport_introspection_cpp.dir/rosidl_typesupport_introspection_cpp/xsens_msgs/msg/detail/pos_pl__type_support.cpp.o[0m
[38.377s] [ 21%] [32mBuilding CXX object CMakeFiles/xsens_msgs__rosidl_typesupport_cpp.dir/rosidl_typesupport_cpp/xsens_msgs/msg/acc_aa__type_support.cpp.o[0m
[40.104s] [ 22%] [32mBuilding CXX object CMakeFiles/xsens_msgs__rosidl_typesupport_fastrtps_cpp.dir/rosidl_typesupport_fastrtps_cpp/xsens_msgs/msg/detail/dds_fastrtps/pos_pl__type_support.cpp.o[0m
[40.574s] [ 23%] [32mBuilding CXX object CMakeFiles/xsens_msgs__rosidl_typesupport_introspection_cpp.dir/rosidl_typesupport_introspection_cpp/xsens_msgs/msg/detail/sta_sw__type_support.cpp.o[0m
[41.621s] [ 24%] [32mBuilding CXX object CMakeFiles/xsens_msgs__rosidl_typesupport_cpp.dir/rosidl_typesupport_cpp/xsens_msgs/msg/acc_af__type_support.cpp.o[0m
[43.879s] [ 24%] [32mBuilding CXX object CMakeFiles/xsens_msgs__rosidl_typesupport_introspection_cpp.dir/rosidl_typesupport_introspection_cpp/xsens_msgs/msg/detail/acc_aa__type_support.cpp.o[0m
[44.039s] [35m[1mScanning dependencies of target xsens_msgs__rosidl_typesupport_introspection_c[0m
[44.374s] [ 25%] [32mBuilding C object CMakeFiles/xsens_msgs__rosidl_typesupport_introspection_c.dir/rosidl_typesupport_introspection_c/xsens_msgs/msg/detail/ori_oe__type_support.c.o[0m
[44.611s] [ 25%] [32mBuilding CXX object CMakeFiles/xsens_msgs__rosidl_typesupport_cpp.dir/rosidl_typesupport_cpp/xsens_msgs/msg/ang_wr__type_support.cpp.o[0m
[44.778s] [ 26%] [32mBuilding CXX object CMakeFiles/xsens_msgs__rosidl_typesupport_fastrtps_cpp.dir/rosidl_typesupport_fastrtps_cpp/xsens_msgs/msg/detail/dds_fastrtps/sta_sw__type_support.cpp.o[0m
[44.921s] [ 26%] [32mBuilding C object CMakeFiles/xsens_msgs__rosidl_typesupport_introspection_c.dir/rosidl_typesupport_introspection_c/xsens_msgs/msg/detail/pos_pa__type_support.c.o[0m
[45.627s] [ 27%] [32mBuilding C object CMakeFiles/xsens_msgs__rosidl_typesupport_introspection_c.dir/rosidl_typesupport_introspection_c/xsens_msgs/msg/detail/pos_pl__type_support.c.o[0m
[46.264s] [ 27%] [32mBuilding C object CMakeFiles/xsens_msgs__rosidl_typesupport_introspection_c.dir/rosidl_typesupport_introspection_c/xsens_msgs/msg/detail/sta_sw__type_support.c.o[0m
[46.784s] [ 28%] [32mBuilding C object CMakeFiles/xsens_msgs__rosidl_typesupport_introspection_c.dir/rosidl_typesupport_introspection_c/xsens_msgs/msg/detail/acc_aa__type_support.c.o[0m
[47.108s] [ 29%] [32mBuilding C object CMakeFiles/xsens_msgs__rosidl_typesupport_introspection_c.dir/rosidl_typesupport_introspection_c/xsens_msgs/msg/detail/acc_af__type_support.c.o[0m
[47.233s] [ 30%] [32mBuilding CXX object CMakeFiles/xsens_msgs__rosidl_typesupport_introspection_cpp.dir/rosidl_typesupport_introspection_cpp/xsens_msgs/msg/detail/acc_af__type_support.cpp.o[0m
[47.579s] [ 30%] [32mBuilding C object CMakeFiles/xsens_msgs__rosidl_typesupport_introspection_c.dir/rosidl_typesupport_introspection_c/xsens_msgs/msg/detail/ang_wr__type_support.c.o[0m
[47.727s] [ 31%] [32mBuilding CXX object CMakeFiles/xsens_msgs__rosidl_typesupport_cpp.dir/rosidl_typesupport_cpp/xsens_msgs/msg/gns_np__type_support.cpp.o[0m
[48.010s] [ 32%] [32mBuilding C object CMakeFiles/xsens_msgs__rosidl_typesupport_introspection_c.dir/rosidl_typesupport_introspection_c/xsens_msgs/msg/detail/gns_np__type_support.c.o[0m
[48.745s] [ 33%] [32mBuilding C object CMakeFiles/xsens_msgs__rosidl_typesupport_introspection_c.dir/rosidl_typesupport_introspection_c/xsens_msgs/msg/detail/config_xsens__type_support.c.o[0m
[49.092s] [ 33%] [32mBuilding CXX object CMakeFiles/xsens_msgs__rosidl_typesupport_fastrtps_cpp.dir/rosidl_typesupport_fastrtps_cpp/xsens_msgs/msg/detail/dds_fastrtps/acc_aa__type_support.cpp.o[0m
[49.376s] [ 33%] [32mBuilding C object CMakeFiles/xsens_msgs__rosidl_typesupport_introspection_c.dir/rosidl_typesupport_introspection_c/xsens_msgs/msg/detail/config_ntrip__type_support.c.o[0m
[49.994s] [ 34%] [32mBuilding C object CMakeFiles/xsens_msgs__rosidl_typesupport_introspection_c.dir/rosidl_typesupport_introspection_c/xsens_msgs/msg/detail/config_cam__type_support.c.o[0m
[50.441s] [ 35%] [32mBuilding C object CMakeFiles/xsens_msgs__rosidl_typesupport_introspection_c.dir/rosidl_typesupport_introspection_c/xsens_msgs/msg/detail/sta_nt__type_support.c.o[0m
[50.798s] [ 36%] [32mBuilding CXX object CMakeFiles/xsens_msgs__rosidl_typesupport_introspection_cpp.dir/rosidl_typesupport_introspection_cpp/xsens_msgs/msg/detail/ang_wr__type_support.cpp.o[0m
[51.024s] [ 36%] [32mBuilding C object CMakeFiles/xsens_msgs__rosidl_typesupport_introspection_c.dir/rosidl_typesupport_introspection_c/xsens_msgs/msg/detail/sta_ct__type_support.c.o[0m
[51.280s] [ 37%] [32mBuilding CXX object CMakeFiles/xsens_msgs__rosidl_typesupport_cpp.dir/rosidl_typesupport_cpp/xsens_msgs/msg/config_xsens__type_support.cpp.o[0m
[51.579s] [ 38%] [32mBuilding C object CMakeFiles/xsens_msgs__rosidl_typesupport_introspection_c.dir/rosidl_typesupport_introspection_c/xsens_msgs/msg/detail/trg_sp__type_support.c.o[0m
[52.162s] [ 38%] [32mBuilding C object CMakeFiles/xsens_msgs__rosidl_typesupport_introspection_c.dir/rosidl_typesupport_introspection_c/xsens_msgs/msg/detail/cam_image__type_support.c.o[0m
[52.827s] [ 39%] [32mBuilding C object CMakeFiles/xsens_msgs__rosidl_typesupport_introspection_c.dir/rosidl_typesupport_introspection_c/xsens_msgs/msg/detail/cam_batch__type_support.c.o[0m
[53.541s] [ 40%] [32mBuilding CXX object CMakeFiles/xsens_msgs__rosidl_typesupport_fastrtps_cpp.dir/rosidl_typesupport_fastrtps_cpp/xsens_msgs/msg/detail/dds_fastrtps/acc_af__type_support.cpp.o[0m
[53.627s] [ 41%] [32mBuilding C object CMakeFiles/xsens_msgs__rosidl_typesupport_introspection_c.dir/rosidl_typesupport_introspection_c/xsens_msgs/srv/detail/rtc_mdata__type_support.c.o[0m
[54.081s] [ 41%] [32m[1mLinking C shared library libxsens_msgs__rosidl_typesupport_introspection_c.so[0m
[54.527s] [ 41%] [32mBuilding CXX object CMakeFiles/xsens_msgs__rosidl_typesupport_cpp.dir/rosidl_typesupport_cpp/xsens_msgs/msg/config_ntrip__type_support.cpp.o[0m
[54.566s] [ 41%] Built target xsens_msgs__rosidl_typesupport_introspection_c
[54.700s] [ 41%] [32mBuilding CXX object CMakeFiles/xsens_msgs__rosidl_typesupport_introspection_cpp.dir/rosidl_typesupport_introspection_cpp/xsens_msgs/msg/detail/gns_np__type_support.cpp.o[0m
[54.754s] [ 42%] [34m[1mGenerating C type support dispatch for ROS interfaces[0m
[57.754s] [ 43%] [32mBuilding CXX object CMakeFiles/xsens_msgs__rosidl_typesupport_cpp.dir/rosidl_typesupport_cpp/xsens_msgs/msg/config_cam__type_support.cpp.o[0m
[58.722s] [ 44%] [32mBuilding CXX object CMakeFiles/xsens_msgs__rosidl_typesupport_introspection_cpp.dir/rosidl_typesupport_introspection_cpp/xsens_msgs/msg/detail/config_xsens__type_support.cpp.o[0m
[58.907s] [ 44%] [32mBuilding CXX object CMakeFiles/xsens_msgs__rosidl_typesupport_fastrtps_cpp.dir/rosidl_typesupport_fastrtps_cpp/xsens_msgs/msg/detail/dds_fastrtps/ang_wr__type_support.cpp.o[0m
[61.288s] [ 44%] [32mBuilding CXX object CMakeFiles/xsens_msgs__rosidl_typesupport_cpp.dir/rosidl_typesupport_cpp/xsens_msgs/msg/sta_nt__type_support.cpp.o[0m
[62.303s] [35m[1mScanning dependencies of target xsens_msgs__rosidl_typesupport_c[0m
[62.491s] [ 44%] [32mBuilding CXX object CMakeFiles/xsens_msgs__rosidl_typesupport_introspection_cpp.dir/rosidl_typesupport_introspection_cpp/xsens_msgs/msg/detail/config_ntrip__type_support.cpp.o[0m
[62.558s] [ 44%] [32mBuilding CXX object CMakeFiles/xsens_msgs__rosidl_typesupport_c.dir/rosidl_typesupport_c/xsens_msgs/msg/ori_oe__type_support.cpp.o[0m
[63.148s] [ 45%] [32mBuilding CXX object CMakeFiles/xsens_msgs__rosidl_typesupport_c.dir/rosidl_typesupport_c/xsens_msgs/msg/pos_pa__type_support.cpp.o[0m
[63.762s] [ 46%] [32mBuilding CXX object CMakeFiles/xsens_msgs__rosidl_typesupport_c.dir/rosidl_typesupport_c/xsens_msgs/msg/pos_pl__type_support.cpp.o[0m
[64.097s] [ 47%] [32mBuilding CXX object CMakeFiles/xsens_msgs__rosidl_typesupport_cpp.dir/rosidl_typesupport_cpp/xsens_msgs/msg/sta_ct__type_support.cpp.o[0m
[64.237s] [ 47%] [32mBuilding CXX object CMakeFiles/xsens_msgs__rosidl_typesupport_c.dir/rosidl_typesupport_c/xsens_msgs/msg/sta_sw__type_support.cpp.o[0m
[64.772s] [ 48%] [32mBuilding CXX object CMakeFiles/xsens_msgs__rosidl_typesupport_c.dir/rosidl_typesupport_c/xsens_msgs/msg/acc_aa__type_support.cpp.o[0m
[65.043s] [ 49%] [32mBuilding CXX object CMakeFiles/xsens_msgs__rosidl_typesupport_fastrtps_cpp.dir/rosidl_typesupport_fastrtps_cpp/xsens_msgs/msg/detail/dds_fastrtps/gns_np__type_support.cpp.o[0m
[65.417s] [ 49%] [32mBuilding CXX object CMakeFiles/xsens_msgs__rosidl_typesupport_c.dir/rosidl_typesupport_c/xsens_msgs/msg/acc_af__type_support.cpp.o[0m
[65.931s] [ 50%] [32mBuilding CXX object CMakeFiles/xsens_msgs__rosidl_typesupport_introspection_cpp.dir/rosidl_typesupport_introspection_cpp/xsens_msgs/msg/detail/config_cam__type_support.cpp.o[0m
[66.028s] [ 51%] [32mBuilding CXX object CMakeFiles/xsens_msgs__rosidl_typesupport_c.dir/rosidl_typesupport_c/xsens_msgs/msg/ang_wr__type_support.cpp.o[0m
[66.429s] [ 52%] [32mBuilding CXX object CMakeFiles/xsens_msgs__rosidl_typesupport_c.dir/rosidl_typesupport_c/xsens_msgs/msg/gns_np__type_support.cpp.o[0m
[66.977s] [ 52%] [32mBuilding CXX object CMakeFiles/xsens_msgs__rosidl_typesupport_c.dir/rosidl_typesupport_c/xsens_msgs/msg/config_xsens__type_support.cpp.o[0m
[67.118s] [ 53%] [32mBuilding CXX object CMakeFiles/xsens_msgs__rosidl_typesupport_cpp.dir/rosidl_typesupport_cpp/xsens_msgs/msg/trg_sp__type_support.cpp.o[0m
[67.603s] [ 54%] [32mBuilding CXX object CMakeFiles/xsens_msgs__rosidl_typesupport_c.dir/rosidl_typesupport_c/xsens_msgs/msg/config_ntrip__type_support.cpp.o[0m
[68.036s] [ 55%] [32mBuilding CXX object CMakeFiles/xsens_msgs__rosidl_typesupport_c.dir/rosidl_typesupport_c/xsens_msgs/msg/config_cam__type_support.cpp.o[0m
[68.473s] [ 55%] [32mBuilding CXX object CMakeFiles/xsens_msgs__rosidl_typesupport_c.dir/rosidl_typesupport_c/xsens_msgs/msg/sta_nt__type_support.cpp.o[0m
[68.910s] [ 56%] [32mBuilding CXX object CMakeFiles/xsens_msgs__rosidl_typesupport_introspection_cpp.dir/rosidl_typesupport_introspection_cpp/xsens_msgs/msg/detail/sta_nt__type_support.cpp.o[0m
[69.094s] [ 57%] [32mBuilding CXX object CMakeFiles/xsens_msgs__rosidl_typesupport_c.dir/rosidl_typesupport_c/xsens_msgs/msg/sta_ct__type_support.cpp.o[0m
[69.457s] [ 57%] [32mBuilding CXX object CMakeFiles/xsens_msgs__rosidl_typesupport_c.dir/rosidl_typesupport_c/xsens_msgs/msg/trg_sp__type_support.cpp.o[0m
[69.955s] [ 57%] [32mBuilding CXX object CMakeFiles/xsens_msgs__rosidl_typesupport_cpp.dir/rosidl_typesupport_cpp/xsens_msgs/msg/cam_image__type_support.cpp.o[0m
[69.965s] [ 58%] [32mBuilding CXX object CMakeFiles/xsens_msgs__rosidl_typesupport_fastrtps_cpp.dir/rosidl_typesupport_fastrtps_cpp/xsens_msgs/msg/detail/dds_fastrtps/config_xsens__type_support.cpp.o[0m
[70.002s] [ 59%] [32mBuilding CXX object CMakeFiles/xsens_msgs__rosidl_typesupport_c.dir/rosidl_typesupport_c/xsens_msgs/msg/cam_image__type_support.cpp.o[0m
[70.472s] [ 60%] [32mBuilding CXX object CMakeFiles/xsens_msgs__rosidl_typesupport_c.dir/rosidl_typesupport_c/xsens_msgs/msg/cam_batch__type_support.cpp.o[0m
[71.189s] [ 60%] [32mBuilding CXX object CMakeFiles/xsens_msgs__rosidl_typesupport_c.dir/rosidl_typesupport_c/xsens_msgs/srv/rtc_mdata__type_support.cpp.o[0m
[71.763s] [ 61%] [32m[1mLinking CXX shared library libxsens_msgs__rosidl_typesupport_c.so[0m
[72.324s] [ 62%] [32mBuilding CXX object CMakeFiles/xsens_msgs__rosidl_typesupport_cpp.dir/rosidl_typesupport_cpp/xsens_msgs/msg/cam_batch__type_support.cpp.o[0m
[72.422s] [ 62%] Built target xsens_msgs__rosidl_typesupport_c
[72.495s] [ 62%] [32mBuilding CXX object CMakeFiles/xsens_msgs__rosidl_typesupport_introspection_cpp.dir/rosidl_typesupport_introspection_cpp/xsens_msgs/msg/detail/sta_ct__type_support.cpp.o[0m
[74.679s] [ 62%] [32mBuilding CXX object CMakeFiles/xsens_msgs__rosidl_typesupport_fastrtps_cpp.dir/rosidl_typesupport_fastrtps_cpp/xsens_msgs/msg/detail/dds_fastrtps/config_ntrip__type_support.cpp.o[0m
[74.994s] [ 63%] [32mBuilding CXX object CMakeFiles/xsens_msgs__rosidl_typesupport_cpp.dir/rosidl_typesupport_cpp/xsens_msgs/srv/rtc_mdata__type_support.cpp.o[0m
[75.187s] [ 64%] [32mBuilding CXX object CMakeFiles/xsens_msgs__rosidl_typesupport_introspection_cpp.dir/rosidl_typesupport_introspection_cpp/xsens_msgs/msg/detail/trg_sp__type_support.cpp.o[0m
[77.678s] [ 64%] [32m[1mLinking CXX shared library libxsens_msgs__rosidl_typesupport_cpp.so[0m
[77.882s] [ 65%] [32mBuilding CXX object CMakeFiles/xsens_msgs__rosidl_typesupport_introspection_cpp.dir/rosidl_typesupport_introspection_cpp/xsens_msgs/msg/detail/cam_image__type_support.cpp.o[0m
[78.135s] [ 65%] Built target xsens_msgs__rosidl_typesupport_cpp
[78.674s] [ 66%] [32mBuilding CXX object CMakeFiles/xsens_msgs__rosidl_typesupport_fastrtps_cpp.dir/rosidl_typesupport_fastrtps_cpp/xsens_msgs/msg/detail/dds_fastrtps/sta_nt__type_support.cpp.o[0m
[80.234s] [ 66%] [32mBuilding CXX object CMakeFiles/xsens_msgs__rosidl_typesupport_introspection_cpp.dir/rosidl_typesupport_introspection_cpp/xsens_msgs/msg/detail/cam_batch__type_support.cpp.o[0m
[81.776s] [ 66%] [32mBuilding CXX object CMakeFiles/xsens_msgs__rosidl_typesupport_fastrtps_cpp.dir/rosidl_typesupport_fastrtps_cpp/xsens_msgs/msg/detail/dds_fastrtps/sta_ct__type_support.cpp.o[0m
[83.078s] [ 67%] [32mBuilding CXX object CMakeFiles/xsens_msgs__rosidl_typesupport_introspection_cpp.dir/rosidl_typesupport_introspection_cpp/xsens_msgs/srv/detail/rtc_mdata__type_support.cpp.o[0m
[84.932s] [ 68%] [32mBuilding CXX object CMakeFiles/xsens_msgs__rosidl_typesupport_fastrtps_cpp.dir/rosidl_typesupport_fastrtps_cpp/xsens_msgs/msg/detail/dds_fastrtps/trg_sp__type_support.cpp.o[0m
[85.294s] [ 69%] [32m[1mLinking CXX shared library libxsens_msgs__rosidl_typesupport_introspection_cpp.so[0m
[85.951s] [ 69%] Built target xsens_msgs__rosidl_typesupport_introspection_cpp
[88.082s] [ 70%] [32mBuilding CXX object CMakeFiles/xsens_msgs__rosidl_typesupport_fastrtps_cpp.dir/rosidl_typesupport_fastrtps_cpp/xsens_msgs/msg/detail/dds_fastrtps/cam_batch__type_support.cpp.o[0m
[91.142s] [ 71%] [32mBuilding CXX object CMakeFiles/xsens_msgs__rosidl_typesupport_fastrtps_cpp.dir/rosidl_typesupport_fastrtps_cpp/xsens_msgs/srv/detail/dds_fastrtps/rtc_mdata__type_support.cpp.o[0m
[93.982s] [ 71%] [32mBuilding CXX object CMakeFiles/xsens_msgs__rosidl_typesupport_fastrtps_cpp.dir/rosidl_typesupport_fastrtps_cpp/xsens_msgs/msg/detail/dds_fastrtps/cam_image__type_support.cpp.o[0m
[96.726s] [ 72%] [32mBuilding CXX object CMakeFiles/xsens_msgs__rosidl_typesupport_fastrtps_cpp.dir/rosidl_typesupport_fastrtps_cpp/xsens_msgs/msg/detail/dds_fastrtps/config_cam__type_support.cpp.o[0m
[99.448s] [ 72%] [32m[1mLinking CXX shared library libxsens_msgs__rosidl_typesupport_fastrtps_cpp.so[0m
[100.070s] [ 72%] Built target xsens_msgs__rosidl_typesupport_fastrtps_cpp
[100.170s] [ 73%] [34m[1mGenerating C type support for eProsima Fast-RTPS[0m
[106.099s] [35m[1mScanning dependencies of target xsens_msgs__rosidl_typesupport_fastrtps_c[0m
[106.466s] [ 73%] [32mBuilding CXX object CMakeFiles/xsens_msgs__rosidl_typesupport_fastrtps_c.dir/rosidl_typesupport_fastrtps_c/xsens_msgs/msg/detail/ori_oe__type_support_c.cpp.o[0m
[106.472s] [ 74%] [32mBuilding CXX object CMakeFiles/xsens_msgs__rosidl_typesupport_fastrtps_c.dir/rosidl_typesupport_fastrtps_c/xsens_msgs/msg/detail/pos_pa__type_support_c.cpp.o[0m
[107.611s] [ 74%] [32mBuilding CXX object CMakeFiles/xsens_msgs__rosidl_typesupport_fastrtps_c.dir/rosidl_typesupport_fastrtps_c/xsens_msgs/msg/detail/sta_sw__type_support_c.cpp.o[0m
[108.772s] [ 75%] [32mBuilding CXX object CMakeFiles/xsens_msgs__rosidl_typesupport_fastrtps_c.dir/rosidl_typesupport_fastrtps_c/xsens_msgs/msg/detail/pos_pl__type_support_c.cpp.o[0m
[109.577s] [ 76%] [32mBuilding CXX object CMakeFiles/xsens_msgs__rosidl_typesupport_fastrtps_c.dir/rosidl_typesupport_fastrtps_c/xsens_msgs/msg/detail/acc_aa__type_support_c.cpp.o[0m
[109.633s] [ 77%] [32mBuilding CXX object CMakeFiles/xsens_msgs__rosidl_typesupport_fastrtps_c.dir/rosidl_typesupport_fastrtps_c/xsens_msgs/msg/detail/acc_af__type_support_c.cpp.o[0m
[111.293s] [ 77%] [32mBuilding CXX object CMakeFiles/xsens_msgs__rosidl_typesupport_fastrtps_c.dir/rosidl_typesupport_fastrtps_c/xsens_msgs/msg/detail/ang_wr__type_support_c.cpp.o[0m
[112.525s] [ 78%] [32mBuilding CXX object CMakeFiles/xsens_msgs__rosidl_typesupport_fastrtps_c.dir/rosidl_typesupport_fastrtps_c/xsens_msgs/msg/detail/gns_np__type_support_c.cpp.o[0m
[113.723s] [ 78%] [32mBuilding CXX object CMakeFiles/xsens_msgs__rosidl_typesupport_fastrtps_c.dir/rosidl_typesupport_fastrtps_c/xsens_msgs/msg/detail/config_xsens__type_support_c.cpp.o[0m
[113.932s] [ 79%] [32mBuilding CXX object CMakeFiles/xsens_msgs__rosidl_typesupport_fastrtps_c.dir/rosidl_typesupport_fastrtps_c/xsens_msgs/msg/detail/config_ntrip__type_support_c.cpp.o[0m
[115.362s] [ 80%] [32mBuilding CXX object CMakeFiles/xsens_msgs__rosidl_typesupport_fastrtps_c.dir/rosidl_typesupport_fastrtps_c/xsens_msgs/msg/detail/config_cam__type_support_c.cpp.o[0m
[118.530s] [ 81%] [32mBuilding CXX object CMakeFiles/xsens_msgs__rosidl_typesupport_fastrtps_c.dir/rosidl_typesupport_fastrtps_c/xsens_msgs/msg/detail/trg_sp__type_support_c.cpp.o[0m
[120.925s] [ 81%] [32mBuilding CXX object CMakeFiles/xsens_msgs__rosidl_typesupport_fastrtps_c.dir/rosidl_typesupport_fastrtps_c/xsens_msgs/msg/detail/cam_image__type_support_c.cpp.o[0m
[123.196s] [ 82%] [32mBuilding CXX object CMakeFiles/xsens_msgs__rosidl_typesupport_fastrtps_c.dir/rosidl_typesupport_fastrtps_c/xsens_msgs/msg/detail/cam_batch__type_support_c.cpp.o[0m
[125.451s] [ 83%] [32mBuilding CXX object CMakeFiles/xsens_msgs__rosidl_typesupport_fastrtps_c.dir/rosidl_typesupport_fastrtps_c/xsens_msgs/srv/detail/rtc_mdata__type_support_c.cpp.o[0m
[127.750s] [ 84%] [32mBuilding CXX object CMakeFiles/xsens_msgs__rosidl_typesupport_fastrtps_c.dir/rosidl_typesupport_fastrtps_c/xsens_msgs/msg/detail/sta_ct__type_support_c.cpp.o[0m
[130.044s] [ 84%] [32mBuilding CXX object CMakeFiles/xsens_msgs__rosidl_typesupport_fastrtps_c.dir/rosidl_typesupport_fastrtps_c/xsens_msgs/msg/detail/sta_nt__type_support_c.cpp.o[0m
[132.351s] [ 84%] [32m[1mLinking CXX shared library libxsens_msgs__rosidl_typesupport_fastrtps_c.so[0m
[132.937s] [ 84%] Built target xsens_msgs__rosidl_typesupport_fastrtps_c
[133.112s] [ 84%] Built target xsens_msgs
[133.285s] [ 85%] [34m[1mGenerating Python code for ROS interfaces[0m
[143.253s] [ 85%] Built target xsens_msgs__py
[143.358s] [35m[1mScanning dependencies of target xsens_msgs__python[0m
[143.757s] [ 86%] [32mBuilding C object CMakeFiles/xsens_msgs__python.dir/rosidl_generator_py/xsens_msgs/msg/_pos_pa_s.c.o[0m
[143.760s] [ 86%] [32mBuilding C object CMakeFiles/xsens_msgs__python.dir/rosidl_generator_py/xsens_msgs/msg/_ori_oe_s.c.o[0m
[143.794s] [ 87%] [32mBuilding C object CMakeFiles/xsens_msgs__python.dir/rosidl_generator_py/xsens_msgs/msg/_pos_pl_s.c.o[0m
[143.956s] [ 87%] [32mBuilding C object CMakeFiles/xsens_msgs__python.dir/rosidl_generator_py/xsens_msgs/msg/_sta_sw_s.c.o[0m
[144.804s] [ 88%] [32mBuilding C object CMakeFiles/xsens_msgs__python.dir/rosidl_generator_py/xsens_msgs/msg/_acc_aa_s.c.o[0m
[144.934s] [ 89%] [32mBuilding C object CMakeFiles/xsens_msgs__python.dir/rosidl_generator_py/xsens_msgs/msg/_acc_af_s.c.o[0m
[144.997s] [ 89%] [32mBuilding C object CMakeFiles/xsens_msgs__python.dir/rosidl_generator_py/xsens_msgs/msg/_ang_wr_s.c.o[0m
[145.207s] [ 90%] [32mBuilding C object CMakeFiles/xsens_msgs__python.dir/rosidl_generator_py/xsens_msgs/msg/_gns_np_s.c.o[0m
[145.914s] [ 90%] [32mBuilding C object CMakeFiles/xsens_msgs__python.dir/rosidl_generator_py/xsens_msgs/msg/_config_xsens_s.c.o[0m
[145.999s] [ 91%] [32mBuilding C object CMakeFiles/xsens_msgs__python.dir/rosidl_generator_py/xsens_msgs/msg/_config_ntrip_s.c.o[0m
[146.217s] [ 92%] [32mBuilding C object CMakeFiles/xsens_msgs__python.dir/rosidl_generator_py/xsens_msgs/msg/_config_cam_s.c.o[0m
[146.720s] [ 92%] [32mBuilding C object CMakeFiles/xsens_msgs__python.dir/rosidl_generator_py/xsens_msgs/msg/_sta_nt_s.c.o[0m
[147.165s] [ 93%] [32mBuilding C object CMakeFiles/xsens_msgs__python.dir/rosidl_generator_py/xsens_msgs/msg/_sta_ct_s.c.o[0m
[147.398s] [ 94%] [32mBuilding C object CMakeFiles/xsens_msgs__python.dir/rosidl_generator_py/xsens_msgs/msg/_trg_sp_s.c.o[0m
[147.509s] [ 94%] [32mBuilding C object CMakeFiles/xsens_msgs__python.dir/rosidl_generator_py/xsens_msgs/msg/_cam_image_s.c.o[0m
[147.852s] [ 95%] [32mBuilding C object CMakeFiles/xsens_msgs__python.dir/rosidl_generator_py/xsens_msgs/msg/_cam_batch_s.c.o[0m
[148.267s] [ 95%] [32mBuilding C object CMakeFiles/xsens_msgs__python.dir/rosidl_generator_py/xsens_msgs/srv/_rtc_mdata_s.c.o[0m
[149.088s] [ 96%] [32m[1mLinking C shared library rosidl_generator_py/xsens_msgs/libxsens_msgs__python.so[0m
[149.513s] [ 96%] Built target xsens_msgs__python
[149.613s] [35m[1mScanning dependencies of target xsens_msgs__rosidl_typesupport_c__pyext[0m
[149.619s] [35m[1mScanning dependencies of target xsens_msgs__rosidl_typesupport_introspection_c__pyext[0m
[149.684s] [35m[1mScanning dependencies of target xsens_msgs__rosidl_typesupport_fastrtps_c__pyext[0m
[149.832s] [ 97%] [32mBuilding C object CMakeFiles/xsens_msgs__rosidl_typesupport_introspection_c__pyext.dir/rosidl_generator_py/xsens_msgs/_xsens_msgs_s.ep.rosidl_typesupport_introspection_c.c.o[0m
[149.860s] [ 98%] [32mBuilding C object CMakeFiles/xsens_msgs__rosidl_typesupport_c__pyext.dir/rosidl_generator_py/xsens_msgs/_xsens_msgs_s.ep.rosidl_typesupport_c.c.o[0m
[150.040s] [ 99%] [32mBuilding C object CMakeFiles/xsens_msgs__rosidl_typesupport_fastrtps_c__pyext.dir/rosidl_generator_py/xsens_msgs/_xsens_msgs_s.ep.rosidl_typesupport_fastrtps_c.c.o[0m
[151.043s] [100%] [32m[1mLinking C shared library rosidl_generator_py/xsens_msgs/xsens_msgs_s__rosidl_typesupport_introspection_c.cpython-38-aarch64-linux-gnu.so[0m
[151.313s] [100%] [32m[1mLinking C shared library rosidl_generator_py/xsens_msgs/xsens_msgs_s__rosidl_typesupport_c.cpython-38-aarch64-linux-gnu.so[0m
[151.486s] [100%] [32m[1mLinking CXX shared library rosidl_generator_py/xsens_msgs/xsens_msgs_s__rosidl_typesupport_fastrtps_c.cpython-38-aarch64-linux-gnu.so[0m
[151.524s] [100%] Built target xsens_msgs__rosidl_typesupport_introspection_c__pyext
[151.825s] [100%] Built target xsens_msgs__rosidl_typesupport_c__pyext
[152.141s] [100%] Built target xsens_msgs__rosidl_typesupport_fastrtps_c__pyext
[152.232s] Invoked command in '/app/dev_ws/build/xsens_msgs' returned '0': CMAKE_PREFIX_PATH=${CMAKE_PREFIX_PATH}:/opt/ros/foxy:/app/dev_ws/install/xsens_driver:/app/dev_ws/install/cam_client:/app/dev_ws/install/ntrip_client:/app/dev_ws/install/central /usr/bin/cmake --build /app/dev_ws/build/xsens_msgs -- -j4 -l4
[155.675s] Invoking command in '/app/dev_ws/build/xsens_msgs': CMAKE_PREFIX_PATH=${CMAKE_PREFIX_PATH}:/opt/ros/foxy:/app/dev_ws/install/xsens_driver:/app/dev_ws/install/cam_client:/app/dev_ws/install/ntrip_client:/app/dev_ws/install/central /usr/bin/cmake --install /app/dev_ws/build/xsens_msgs
[155.740s] -- Install configuration: ""
[155.741s] -- Up-to-date: /app/dev_ws/install/xsens_msgs/share/ament_index/resource_index/rosidl_interfaces/xsens_msgs
[155.742s] -- Up-to-date: /app/dev_ws/install/xsens_msgs/include/xsens_msgs
[155.742s] -- Up-to-date: /app/dev_ws/install/xsens_msgs/include/xsens_msgs/msg
[155.743s] -- Installing: /app/dev_ws/install/xsens_msgs/include/xsens_msgs/msg/config_xsens.h
[155.744s] -- Installing: /app/dev_ws/install/xsens_msgs/include/xsens_msgs/msg/config_cam.h
[155.745s] -- Installing: /app/dev_ws/install/xsens_msgs/include/xsens_msgs/msg/gns_np.h
[155.747s] -- Installing: /app/dev_ws/install/xsens_msgs/include/xsens_msgs/msg/sta_nt.h
[155.748s] -- Installing: /app/dev_ws/install/xsens_msgs/include/xsens_msgs/msg/cam_image.h
[155.750s] -- Installing: /app/dev_ws/install/xsens_msgs/include/xsens_msgs/msg/trg_sp.h
[155.751s] -- Installing: /app/dev_ws/install/xsens_msgs/include/xsens_msgs/msg/config_ntrip.h
[155.753s] -- Installing: /app/dev_ws/install/xsens_msgs/include/xsens_msgs/msg/cam_batch.h
[155.755s] -- Installing: /app/dev_ws/install/xsens_msgs/include/xsens_msgs/msg/sta_sw.h
[155.756s] -- Installing: /app/dev_ws/install/xsens_msgs/include/xsens_msgs/msg/acc_aa.h
[155.758s] -- Up-to-date: /app/dev_ws/install/xsens_msgs/include/xsens_msgs/msg/rosidl_generator_c__visibility_control.h
[155.766s] -- Installing: /app/dev_ws/install/xsens_msgs/include/xsens_msgs/msg/acc_af.h
[155.767s] -- Installing: /app/dev_ws/install/xsens_msgs/include/xsens_msgs/msg/sta_ct.h
[155.768s] -- Up-to-date: /app/dev_ws/install/xsens_msgs/include/xsens_msgs/msg/detail
[155.768s] -- Installing: /app/dev_ws/install/xsens_msgs/include/xsens_msgs/msg/detail/gns_np__struct.h
[155.769s] -- Installing: /app/dev_ws/install/xsens_msgs/include/xsens_msgs/msg/detail/acc_af__functions.h
[155.770s] -- Installing: /app/dev_ws/install/xsens_msgs/include/xsens_msgs/msg/detail/config_ntrip__functions.h
[155.770s] -- Installing: /app/dev_ws/install/xsens_msgs/include/xsens_msgs/msg/detail/config_ntrip__struct.h
[155.771s] -- Installing: /app/dev_ws/install/xsens_msgs/include/xsens_msgs/msg/detail/acc_aa__functions.h
[155.771s] -- Installing: /app/dev_ws/install/xsens_msgs/include/xsens_msgs/msg/detail/ang_wr__struct.h
[155.773s] -- Installing: /app/dev_ws/install/xsens_msgs/include/xsens_msgs/msg/detail/config_ntrip__type_support.h
[155.775s] -- Installing: /app/dev_ws/install/xsens_msgs/include/xsens_msgs/msg/detail/ori_oe__struct.h
[155.776s] -- Installing: /app/dev_ws/install/xsens_msgs/include/xsens_msgs/msg/detail/acc_aa__type_support.h
[155.777s] -- Installing: /app/dev_ws/install/xsens_msgs/include/xsens_msgs/msg/detail/cam_image__functions.c
[155.779s] -- Installing: /app/dev_ws/install/xsens_msgs/include/xsens_msgs/msg/detail/sta_sw__functions.c
[155.780s] -- Installing: /app/dev_ws/install/xsens_msgs/include/xsens_msgs/msg/detail/acc_aa__struct.h
[155.782s] -- Installing: /app/dev_ws/install/xsens_msgs/include/xsens_msgs/msg/detail/pos_pa__type_support.h
[155.784s] -- Installing: /app/dev_ws/install/xsens_msgs/include/xsens_msgs/msg/detail/gns_np__type_support.h
[155.786s] -- Installing: /app/dev_ws/install/xsens_msgs/include/xsens_msgs/msg/detail/trg_sp__type_support.h
[155.787s] -- Installing: /app/dev_ws/install/xsens_msgs/include/xsens_msgs/msg/detail/sta_nt__functions.h
[155.789s] -- Installing: /app/dev_ws/install/xsens_msgs/include/xsens_msgs/msg/detail/cam_batch__functions.h
[155.791s] -- Installing: /app/dev_ws/install/xsens_msgs/include/xsens_msgs/msg/detail/cam_image__struct.h
[155.792s] -- Installing: /app/dev_ws/install/xsens_msgs/include/xsens_msgs/msg/detail/ori_oe__functions.c
[155.796s] -- Installing: /app/dev_ws/install/xsens_msgs/include/xsens_msgs/msg/detail/pos_pa__functions.h
[155.797s] -- Installing: /app/dev_ws/install/xsens_msgs/include/xsens_msgs/msg/detail/config_xsens__functions.c
[155.798s] -- Installing: /app/dev_ws/install/xsens_msgs/include/xsens_msgs/msg/detail/trg_sp__struct.h
[155.799s] -- Installing: /app/dev_ws/install/xsens_msgs/include/xsens_msgs/msg/detail/acc_af__functions.c
[155.801s] -- Installing: /app/dev_ws/install/xsens_msgs/include/xsens_msgs/msg/detail/cam_batch__functions.c
[155.803s] -- Installing: /app/dev_ws/install/xsens_msgs/include/xsens_msgs/msg/detail/cam_batch__type_support.h
[155.804s] -- Installing: /app/dev_ws/install/xsens_msgs/include/xsens_msgs/msg/detail/ang_wr__functions.c
[155.806s] -- Installing: /app/dev_ws/install/xsens_msgs/include/xsens_msgs/msg/detail/gns_np__functions.h
[155.808s] -- Installing: /app/dev_ws/install/xsens_msgs/include/xsens_msgs/msg/detail/acc_aa__functions.c
[155.809s] -- Installing: /app/dev_ws/install/xsens_msgs/include/xsens_msgs/msg/detail/pos_pl__type_support.h
[155.811s] -- Installing: /app/dev_ws/install/xsens_msgs/include/xsens_msgs/msg/detail/gns_np__functions.c
[155.813s] -- Installing: /app/dev_ws/install/xsens_msgs/include/xsens_msgs/msg/detail/trg_sp__functions.c
[155.815s] -- Installing: /app/dev_ws/install/xsens_msgs/include/xsens_msgs/msg/detail/sta_nt__functions.c
[155.816s] -- Installing: /app/dev_ws/install/xsens_msgs/include/xsens_msgs/msg/detail/sta_nt__type_support.h
[155.818s] -- Installing: /app/dev_ws/install/xsens_msgs/include/xsens_msgs/msg/detail/config_xsens__type_support.h
[155.819s] -- Installing: /app/dev_ws/install/xsens_msgs/include/xsens_msgs/msg/detail/config_cam__struct.h
[155.821s] -- Installing: /app/dev_ws/install/xsens_msgs/include/xsens_msgs/msg/detail/config_xsens__struct.h
[155.824s] -- Installing: /app/dev_ws/install/xsens_msgs/include/xsens_msgs/msg/detail/sta_ct__functions.h
[155.826s] -- Installing: /app/dev_ws/install/xsens_msgs/include/xsens_msgs/msg/detail/ori_oe__functions.h
[155.827s] -- Installing: /app/dev_ws/install/xsens_msgs/include/xsens_msgs/msg/detail/config_cam__functions.h
[155.829s] -- Installing: /app/dev_ws/install/xsens_msgs/include/xsens_msgs/msg/detail/ang_wr__type_support.h
[155.834s] -- Installing: /app/dev_ws/install/xsens_msgs/include/xsens_msgs/msg/detail/sta_ct__type_support.h
[155.835s] -- Installing: /app/dev_ws/install/xsens_msgs/include/xsens_msgs/msg/detail/config_ntrip__functions.c
[155.836s] -- Installing: /app/dev_ws/install/xsens_msgs/include/xsens_msgs/msg/detail/config_cam__type_support.h
[155.837s] -- Installing: /app/dev_ws/install/xsens_msgs/include/xsens_msgs/msg/detail/cam_batch__struct.h
[155.838s] -- Installing: /app/dev_ws/install/xsens_msgs/include/xsens_msgs/msg/detail/sta_nt__struct.h
[155.839s] -- Installing: /app/dev_ws/install/xsens_msgs/include/xsens_msgs/msg/detail/pos_pa__struct.h
[155.841s] -- Installing: /app/dev_ws/install/xsens_msgs/include/xsens_msgs/msg/detail/trg_sp__functions.h
[155.843s] -- Installing: /app/dev_ws/install/xsens_msgs/include/xsens_msgs/msg/detail/config_xsens__functions.h
[155.845s] -- Installing: /app/dev_ws/install/xsens_msgs/include/xsens_msgs/msg/detail/sta_ct__functions.c
[155.847s] -- Installing: /app/dev_ws/install/xsens_msgs/include/xsens_msgs/msg/detail/acc_af__type_support.h
[155.848s] -- Installing: /app/dev_ws/install/xsens_msgs/include/xsens_msgs/msg/detail/sta_sw__type_support.h
[155.850s] -- Installing: /app/dev_ws/install/xsens_msgs/include/xsens_msgs/msg/detail/sta_sw__functions.h
[155.851s] -- Installing: /app/dev_ws/install/xsens_msgs/include/xsens_msgs/msg/detail/pos_pa__functions.c
[155.853s] -- Installing: /app/dev_ws/install/xsens_msgs/include/xsens_msgs/msg/detail/config_cam__functions.c
[155.855s] -- Installing: /app/dev_ws/install/xsens_msgs/include/xsens_msgs/msg/detail/pos_pl__functions.c
[155.857s] -- Installing: /app/dev_ws/install/xsens_msgs/include/xsens_msgs/msg/detail/pos_pl__struct.h
[155.859s] -- Installing: /app/dev_ws/install/xsens_msgs/include/xsens_msgs/msg/detail/sta_ct__struct.h
[155.868s] -- Installing: /app/dev_ws/install/xsens_msgs/include/xsens_msgs/msg/detail/acc_af__struct.h
[155.869s] -- Installing: /app/dev_ws/install/xsens_msgs/include/xsens_msgs/msg/detail/cam_image__functions.h
[155.870s] -- Installing: /app/dev_ws/install/xsens_msgs/include/xsens_msgs/msg/detail/cam_image__type_support.h
[155.871s] -- Installing: /app/dev_ws/install/xsens_msgs/include/xsens_msgs/msg/detail/pos_pl__functions.h
[155.871s] -- Installing: /app/dev_ws/install/xsens_msgs/include/xsens_msgs/msg/detail/sta_sw__struct.h
[155.872s] -- Installing: /app/dev_ws/install/xsens_msgs/include/xsens_msgs/msg/detail/ang_wr__functions.h
[155.872s] -- Installing: /app/dev_ws/install/xsens_msgs/include/xsens_msgs/msg/detail/ori_oe__type_support.h
[155.873s] -- Installing: /app/dev_ws/install/xsens_msgs/include/xsens_msgs/msg/pos_pa.h
[155.874s] -- Installing: /app/dev_ws/install/xsens_msgs/include/xsens_msgs/msg/pos_pl.h
[155.875s] -- Installing: /app/dev_ws/install/xsens_msgs/include/xsens_msgs/msg/ang_wr.h
[155.876s] -- Installing: /app/dev_ws/install/xsens_msgs/include/xsens_msgs/msg/ori_oe.h
[155.878s] -- Up-to-date: /app/dev_ws/install/xsens_msgs/include/xsens_msgs/srv
[155.878s] -- Up-to-date: /app/dev_ws/install/xsens_msgs/include/xsens_msgs/srv/detail
[155.879s] -- Installing: /app/dev_ws/install/xsens_msgs/include/xsens_msgs/srv/detail/rtc_mdata__functions.h
[155.881s] -- Installing: /app/dev_ws/install/xsens_msgs/include/xsens_msgs/srv/detail/rtc_mdata__functions.c
[155.883s] -- Installing: /app/dev_ws/install/xsens_msgs/include/xsens_msgs/srv/detail/rtc_mdata__struct.h
[155.883s] -- Installing: /app/dev_ws/install/xsens_msgs/include/xsens_msgs/srv/detail/rtc_mdata__type_support.h
[155.885s] -- Installing: /app/dev_ws/install/xsens_msgs/include/xsens_msgs/srv/rtc_mdata.h
[155.887s] -- Up-to-date: /app/dev_ws/install/xsens_msgs/share/xsens_msgs/environment/library_path.sh
[155.887s] -- Installing: /app/dev_ws/install/xsens_msgs/share/xsens_msgs/environment/library_path.dsv
[155.890s] -- Installing: /app/dev_ws/install/xsens_msgs/lib/libxsens_msgs__rosidl_generator_c.so
[155.896s] -- Set runtime path of "/app/dev_ws/install/xsens_msgs/lib/libxsens_msgs__rosidl_generator_c.so" to ""
[155.897s] -- Up-to-date: /app/dev_ws/install/xsens_msgs/include/xsens_msgs
[155.897s] -- Up-to-date: /app/dev_ws/install/xsens_msgs/include/xsens_msgs/msg
[155.898s] -- Up-to-date: /app/dev_ws/install/xsens_msgs/include/xsens_msgs/msg/detail
[155.898s] -- Installing: /app/dev_ws/install/xsens_msgs/include/xsens_msgs/msg/detail/gns_np__rosidl_typesupport_fastrtps_c.h
[155.899s] -- Installing: /app/dev_ws/install/xsens_msgs/include/xsens_msgs/msg/detail/pos_pa__rosidl_typesupport_fastrtps_c.h
[155.900s] -- Installing: /app/dev_ws/install/xsens_msgs/include/xsens_msgs/msg/detail/acc_aa__rosidl_typesupport_fastrtps_c.h
[155.902s] -- Installing: /app/dev_ws/install/xsens_msgs/include/xsens_msgs/msg/detail/config_xsens__rosidl_typesupport_fastrtps_c.h
[155.904s] -- Installing: /app/dev_ws/install/xsens_msgs/include/xsens_msgs/msg/detail/acc_af__rosidl_typesupport_fastrtps_c.h
[155.907s] -- Installing: /app/dev_ws/install/xsens_msgs/include/xsens_msgs/msg/detail/sta_ct__rosidl_typesupport_fastrtps_c.h
[155.908s] -- Installing: /app/dev_ws/install/xsens_msgs/include/xsens_msgs/msg/detail/ang_wr__rosidl_typesupport_fastrtps_c.h
[155.909s] -- Installing: /app/dev_ws/install/xsens_msgs/include/xsens_msgs/msg/detail/sta_nt__rosidl_typesupport_fastrtps_c.h
[155.911s] -- Installing: /app/dev_ws/install/xsens_msgs/include/xsens_msgs/msg/detail/sta_sw__rosidl_typesupport_fastrtps_c.h
[155.913s] -- Installing: /app/dev_ws/install/xsens_msgs/include/xsens_msgs/msg/detail/cam_image__rosidl_typesupport_fastrtps_c.h
[155.914s] -- Installing: /app/dev_ws/install/xsens_msgs/include/xsens_msgs/msg/detail/ori_oe__rosidl_typesupport_fastrtps_c.h
[155.916s] -- Installing: /app/dev_ws/install/xsens_msgs/include/xsens_msgs/msg/detail/pos_pl__rosidl_typesupport_fastrtps_c.h
[155.918s] -- Installing: /app/dev_ws/install/xsens_msgs/include/xsens_msgs/msg/detail/cam_batch__rosidl_typesupport_fastrtps_c.h
[155.920s] -- Installing: /app/dev_ws/install/xsens_msgs/include/xsens_msgs/msg/detail/config_ntrip__rosidl_typesupport_fastrtps_c.h
[155.922s] -- Installing: /app/dev_ws/install/xsens_msgs/include/xsens_msgs/msg/detail/trg_sp__rosidl_typesupport_fastrtps_c.h
[155.928s] -- Installing: /app/dev_ws/install/xsens_msgs/include/xsens_msgs/msg/detail/config_cam__rosidl_typesupport_fastrtps_c.h
[155.929s] -- Up-to-date: /app/dev_ws/install/xsens_msgs/include/xsens_msgs/msg/rosidl_typesupport_fastrtps_c__visibility_control.h
[155.932s] -- Up-to-date: /app/dev_ws/install/xsens_msgs/include/xsens_msgs/srv
[155.933s] -- Up-to-date: /app/dev_ws/install/xsens_msgs/include/xsens_msgs/srv/detail
[155.934s] -- Installing: /app/dev_ws/install/xsens_msgs/include/xsens_msgs/srv/detail/rtc_mdata__rosidl_typesupport_fastrtps_c.h
[155.934s] -- Installing: /app/dev_ws/install/xsens_msgs/lib/libxsens_msgs__rosidl_typesupport_fastrtps_c.so
[155.936s] -- Set runtime path of "/app/dev_ws/install/xsens_msgs/lib/libxsens_msgs__rosidl_typesupport_fastrtps_c.so" to ""
[155.937s] -- Up-to-date: /app/dev_ws/install/xsens_msgs/include/xsens_msgs
[155.938s] -- Up-to-date: /app/dev_ws/install/xsens_msgs/include/xsens_msgs/msg
[155.938s] -- Up-to-date: /app/dev_ws/install/xsens_msgs/include/xsens_msgs/msg/detail
[155.939s] -- Installing: /app/dev_ws/install/xsens_msgs/include/xsens_msgs/msg/detail/acc_af__rosidl_typesupport_fastrtps_cpp.hpp
[155.941s] -- Installing: /app/dev_ws/install/xsens_msgs/include/xsens_msgs/msg/detail/sta_ct__rosidl_typesupport_fastrtps_cpp.hpp
[155.943s] -- Installing: /app/dev_ws/install/xsens_msgs/include/xsens_msgs/msg/detail/trg_sp__rosidl_typesupport_fastrtps_cpp.hpp
[155.944s] -- Installing: /app/dev_ws/install/xsens_msgs/include/xsens_msgs/msg/detail/cam_batch__rosidl_typesupport_fastrtps_cpp.hpp
[155.946s] -- Installing: /app/dev_ws/install/xsens_msgs/include/xsens_msgs/msg/detail/sta_nt__rosidl_typesupport_fastrtps_cpp.hpp
[155.947s] -- Installing: /app/dev_ws/install/xsens_msgs/include/xsens_msgs/msg/detail/ang_wr__rosidl_typesupport_fastrtps_cpp.hpp
[155.949s] -- Installing: /app/dev_ws/install/xsens_msgs/include/xsens_msgs/msg/detail/pos_pa__rosidl_typesupport_fastrtps_cpp.hpp
[155.951s] -- Installing: /app/dev_ws/install/xsens_msgs/include/xsens_msgs/msg/detail/acc_aa__rosidl_typesupport_fastrtps_cpp.hpp
[155.953s] -- Installing: /app/dev_ws/install/xsens_msgs/include/xsens_msgs/msg/detail/cam_image__rosidl_typesupport_fastrtps_cpp.hpp
[155.956s] -- Installing: /app/dev_ws/install/xsens_msgs/include/xsens_msgs/msg/detail/config_xsens__rosidl_typesupport_fastrtps_cpp.hpp
[155.957s] -- Installing: /app/dev_ws/install/xsens_msgs/include/xsens_msgs/msg/detail/gns_np__rosidl_typesupport_fastrtps_cpp.hpp
[155.958s] -- Installing: /app/dev_ws/install/xsens_msgs/include/xsens_msgs/msg/detail/config_ntrip__rosidl_typesupport_fastrtps_cpp.hpp
[155.968s] -- Installing: /app/dev_ws/install/xsens_msgs/include/xsens_msgs/msg/detail/pos_pl__rosidl_typesupport_fastrtps_cpp.hpp
[155.968s] -- Installing: /app/dev_ws/install/xsens_msgs/include/xsens_msgs/msg/detail/config_cam__rosidl_typesupport_fastrtps_cpp.hpp
[155.969s] -- Installing: /app/dev_ws/install/xsens_msgs/include/xsens_msgs/msg/detail/ori_oe__rosidl_typesupport_fastrtps_cpp.hpp
[155.970s] -- Up-to-date: /app/dev_ws/install/xsens_msgs/include/xsens_msgs/msg/detail/dds_fastrtps
[155.970s] -- Installing: /app/dev_ws/install/xsens_msgs/include/xsens_msgs/msg/detail/sta_sw__rosidl_typesupport_fastrtps_cpp.hpp
[155.971s] -- Up-to-date: /app/dev_ws/install/xsens_msgs/include/xsens_msgs/msg/rosidl_typesupport_fastrtps_cpp__visibility_control.h
[155.971s] -- Up-to-date: /app/dev_ws/install/xsens_msgs/include/xsens_msgs/srv
[155.972s] -- Up-to-date: /app/dev_ws/install/xsens_msgs/include/xsens_msgs/srv/detail
[155.972s] -- Installing: /app/dev_ws/install/xsens_msgs/include/xsens_msgs/srv/detail/rtc_mdata__rosidl_typesupport_fastrtps_cpp.hpp
[155.973s] -- Up-to-date: /app/dev_ws/install/xsens_msgs/include/xsens_msgs/srv/detail/dds_fastrtps
[155.973s] -- Installing: /app/dev_ws/install/xsens_msgs/lib/libxsens_msgs__rosidl_typesupport_fastrtps_cpp.so
[155.979s] -- Set runtime path of "/app/dev_ws/install/xsens_msgs/lib/libxsens_msgs__rosidl_typesupport_fastrtps_cpp.so" to ""
[155.982s] -- Up-to-date: /app/dev_ws/install/xsens_msgs/include/xsens_msgs
[155.983s] -- Up-to-date: /app/dev_ws/install/xsens_msgs/include/xsens_msgs/msg
[155.983s] -- Up-to-date: /app/dev_ws/install/xsens_msgs/include/xsens_msgs/msg/rosidl_typesupport_introspection_c__visibility_control.h
[155.984s] -- Up-to-date: /app/dev_ws/install/xsens_msgs/include/xsens_msgs/msg/detail
[155.984s] -- Installing: /app/dev_ws/install/xsens_msgs/include/xsens_msgs/msg/detail/ori_oe__type_support.c
[155.985s] -- Installing: /app/dev_ws/install/xsens_msgs/include/xsens_msgs/msg/detail/sta_nt__type_support.c
[155.986s] -- Installing: /app/dev_ws/install/xsens_msgs/include/xsens_msgs/msg/detail/ori_oe__rosidl_typesupport_introspection_c.h
[155.988s] -- Installing: /app/dev_ws/install/xsens_msgs/include/xsens_msgs/msg/detail/pos_pl__type_support.c
[155.991s] -- Installing: /app/dev_ws/install/xsens_msgs/include/xsens_msgs/msg/detail/acc_aa__type_support.c
[155.991s] -- Installing: /app/dev_ws/install/xsens_msgs/include/xsens_msgs/msg/detail/trg_sp__type_support.c
[155.993s] -- Installing: /app/dev_ws/install/xsens_msgs/include/xsens_msgs/msg/detail/acc_af__type_support.c
[155.996s] -- Installing: /app/dev_ws/install/xsens_msgs/include/xsens_msgs/msg/detail/config_ntrip__rosidl_typesupport_introspection_c.h
[155.997s] -- Installing: /app/dev_ws/install/xsens_msgs/include/xsens_msgs/msg/detail/acc_af__rosidl_typesupport_introspection_c.h
[155.999s] -- Installing: /app/dev_ws/install/xsens_msgs/include/xsens_msgs/msg/detail/ang_wr__type_support.c
[156.001s] -- Installing: /app/dev_ws/install/xsens_msgs/include/xsens_msgs/msg/detail/ang_wr__rosidl_typesupport_introspection_c.h
[156.003s] -- Installing: /app/dev_ws/install/xsens_msgs/include/xsens_msgs/msg/detail/sta_ct__rosidl_typesupport_introspection_c.h
[156.005s] -- Installing: /app/dev_ws/install/xsens_msgs/include/xsens_msgs/msg/detail/cam_image__rosidl_typesupport_introspection_c.h
[156.007s] -- Installing: /app/dev_ws/install/xsens_msgs/include/xsens_msgs/msg/detail/cam_batch__type_support.c
[156.009s] -- Installing: /app/dev_ws/install/xsens_msgs/include/xsens_msgs/msg/detail/gns_np__rosidl_typesupport_introspection_c.h
[156.011s] -- Installing: /app/dev_ws/install/xsens_msgs/include/xsens_msgs/msg/detail/config_xsens__type_support.c
[156.013s] -- Installing: /app/dev_ws/install/xsens_msgs/include/xsens_msgs/msg/detail/gns_np__type_support.c
[156.015s] -- Installing: /app/dev_ws/install/xsens_msgs/include/xsens_msgs/msg/detail/config_xsens__rosidl_typesupport_introspection_c.h
[156.017s] -- Installing: /app/dev_ws/install/xsens_msgs/include/xsens_msgs/msg/detail/pos_pa__rosidl_typesupport_introspection_c.h
[156.019s] -- Installing: /app/dev_ws/install/xsens_msgs/include/xsens_msgs/msg/detail/pos_pl__rosidl_typesupport_introspection_c.h
[156.021s] -- Installing: /app/dev_ws/install/xsens_msgs/include/xsens_msgs/msg/detail/trg_sp__rosidl_typesupport_introspection_c.h
[156.023s] -- Installing: /app/dev_ws/install/xsens_msgs/include/xsens_msgs/msg/detail/sta_sw__rosidl_typesupport_introspection_c.h
[156.029s] -- Installing: /app/dev_ws/install/xsens_msgs/include/xsens_msgs/msg/detail/sta_nt__rosidl_typesupport_introspection_c.h
[156.032s] -- Installing: /app/dev_ws/install/xsens_msgs/include/xsens_msgs/msg/detail/pos_pa__type_support.c
[156.033s] -- Installing: /app/dev_ws/install/xsens_msgs/include/xsens_msgs/msg/detail/cam_batch__rosidl_typesupport_introspection_c.h
[156.034s] -- Installing: /app/dev_ws/install/xsens_msgs/include/xsens_msgs/msg/detail/cam_image__type_support.c
[156.035s] -- Installing: /app/dev_ws/install/xsens_msgs/include/xsens_msgs/msg/detail/config_cam__rosidl_typesupport_introspection_c.h
[156.037s] -- Installing: /app/dev_ws/install/xsens_msgs/include/xsens_msgs/msg/detail/config_cam__type_support.c
[156.039s] -- Installing: /app/dev_ws/install/xsens_msgs/include/xsens_msgs/msg/detail/sta_sw__type_support.c
[156.041s] -- Installing: /app/dev_ws/install/xsens_msgs/include/xsens_msgs/msg/detail/config_ntrip__type_support.c
[156.043s] -- Installing: /app/dev_ws/install/xsens_msgs/include/xsens_msgs/msg/detail/sta_ct__type_support.c
[156.044s] -- Installing: /app/dev_ws/install/xsens_msgs/include/xsens_msgs/msg/detail/acc_aa__rosidl_typesupport_introspection_c.h
[156.046s] -- Up-to-date: /app/dev_ws/install/xsens_msgs/include/xsens_msgs/srv
[156.047s] -- Up-to-date: /app/dev_ws/install/xsens_msgs/include/xsens_msgs/srv/detail
[156.048s] -- Installing: /app/dev_ws/install/xsens_msgs/include/xsens_msgs/srv/detail/rtc_mdata__rosidl_typesupport_introspection_c.h
[156.050s] -- Installing: /app/dev_ws/install/xsens_msgs/include/xsens_msgs/srv/detail/rtc_mdata__type_support.c
[156.053s] -- Installing: /app/dev_ws/install/xsens_msgs/lib/libxsens_msgs__rosidl_typesupport_introspection_c.so
[156.058s] -- Set runtime path of "/app/dev_ws/install/xsens_msgs/lib/libxsens_msgs__rosidl_typesupport_introspection_c.so" to ""
[156.068s] -- Installing: /app/dev_ws/install/xsens_msgs/lib/libxsens_msgs__rosidl_typesupport_c.so
[156.069s] -- Set runtime path of "/app/dev_ws/install/xsens_msgs/lib/libxsens_msgs__rosidl_typesupport_c.so" to ""
[156.070s] -- Up-to-date: /app/dev_ws/install/xsens_msgs/include/xsens_msgs
[156.070s] -- Up-to-date: /app/dev_ws/install/xsens_msgs/include/xsens_msgs/msg
[156.071s] -- Installing: /app/dev_ws/install/xsens_msgs/include/xsens_msgs/msg/sta_sw.hpp
[156.071s] -- Installing: /app/dev_ws/install/xsens_msgs/include/xsens_msgs/msg/ori_oe.hpp
[156.072s] -- Installing: /app/dev_ws/install/xsens_msgs/include/xsens_msgs/msg/cam_image.hpp
[156.073s] -- Installing: /app/dev_ws/install/xsens_msgs/include/xsens_msgs/msg/trg_sp.hpp
[156.073s] -- Installing: /app/dev_ws/install/xsens_msgs/include/xsens_msgs/msg/pos_pa.hpp
[156.075s] -- Installing: /app/dev_ws/install/xsens_msgs/include/xsens_msgs/msg/acc_af.hpp
[156.077s] -- Installing: /app/dev_ws/install/xsens_msgs/include/xsens_msgs/msg/config_cam.hpp
[156.078s] -- Installing: /app/dev_ws/install/xsens_msgs/include/xsens_msgs/msg/sta_nt.hpp
[156.080s] -- Installing: /app/dev_ws/install/xsens_msgs/include/xsens_msgs/msg/cam_batch.hpp
[156.082s] -- Installing: /app/dev_ws/install/xsens_msgs/include/xsens_msgs/msg/acc_aa.hpp
[156.083s] -- Installing: /app/dev_ws/install/xsens_msgs/include/xsens_msgs/msg/config_ntrip.hpp
[156.085s] -- Installing: /app/dev_ws/install/xsens_msgs/include/xsens_msgs/msg/config_xsens.hpp
[156.087s] -- Installing: /app/dev_ws/install/xsens_msgs/include/xsens_msgs/msg/sta_ct.hpp
[156.088s] -- Up-to-date: /app/dev_ws/install/xsens_msgs/include/xsens_msgs/msg/detail
[156.089s] -- Installing: /app/dev_ws/install/xsens_msgs/include/xsens_msgs/msg/detail/pos_pa__builder.hpp
[156.091s] -- Installing: /app/dev_ws/install/xsens_msgs/include/xsens_msgs/msg/detail/cam_batch__struct.hpp
[156.093s] -- Installing: /app/dev_ws/install/xsens_msgs/include/xsens_msgs/msg/detail/pos_pl__struct.hpp
[156.097s] -- Installing: /app/dev_ws/install/xsens_msgs/include/xsens_msgs/msg/detail/sta_ct__traits.hpp
[156.098s] -- Installing: /app/dev_ws/install/xsens_msgs/include/xsens_msgs/msg/detail/pos_pa__struct.hpp
[156.099s] -- Installing: /app/dev_ws/install/xsens_msgs/include/xsens_msgs/msg/detail/ang_wr__traits.hpp
[156.100s] -- Installing: /app/dev_ws/install/xsens_msgs/include/xsens_msgs/msg/detail/ori_oe__builder.hpp
[156.102s] -- Installing: /app/dev_ws/install/xsens_msgs/include/xsens_msgs/msg/detail/gns_np__struct.hpp
[156.103s] -- Installing: /app/dev_ws/install/xsens_msgs/include/xsens_msgs/msg/detail/cam_batch__builder.hpp
[156.105s] -- Installing: /app/dev_ws/install/xsens_msgs/include/xsens_msgs/msg/detail/sta_nt__traits.hpp
[156.107s] -- Installing: /app/dev_ws/install/xsens_msgs/include/xsens_msgs/msg/detail/sta_nt__builder.hpp
[156.109s] -- Installing: /app/dev_ws/install/xsens_msgs/include/xsens_msgs/msg/detail/config_xsens__struct.hpp
[156.110s] -- Installing: /app/dev_ws/install/xsens_msgs/include/xsens_msgs/msg/detail/config_xsens__builder.hpp
[156.112s] -- Installing: /app/dev_ws/install/xsens_msgs/include/xsens_msgs/msg/detail/config_ntrip__traits.hpp
[156.114s] -- Installing: /app/dev_ws/install/xsens_msgs/include/xsens_msgs/msg/detail/pos_pl__builder.hpp
[156.116s] -- Installing: /app/dev_ws/install/xsens_msgs/include/xsens_msgs/msg/detail/config_ntrip__struct.hpp
[156.117s] -- Installing: /app/dev_ws/install/xsens_msgs/include/xsens_msgs/msg/detail/sta_ct__struct.hpp
[156.119s] -- Installing: /app/dev_ws/install/xsens_msgs/include/xsens_msgs/msg/detail/ang_wr__builder.hpp
[156.121s] -- Installing: /app/dev_ws/install/xsens_msgs/include/xsens_msgs/msg/detail/trg_sp__traits.hpp
[156.123s] -- Installing: /app/dev_ws/install/xsens_msgs/include/xsens_msgs/msg/detail/ori_oe__traits.hpp
[156.126s] -- Installing: /app/dev_ws/install/xsens_msgs/include/xsens_msgs/msg/detail/acc_af__builder.hpp
[156.127s] -- Installing: /app/dev_ws/install/xsens_msgs/include/xsens_msgs/msg/detail/sta_ct__builder.hpp
[156.129s] -- Installing: /app/dev_ws/install/xsens_msgs/include/xsens_msgs/msg/detail/trg_sp__struct.hpp
[156.132s] -- Installing: /app/dev_ws/install/xsens_msgs/include/xsens_msgs/msg/detail/trg_sp__builder.hpp
[156.134s] -- Installing: /app/dev_ws/install/xsens_msgs/include/xsens_msgs/msg/detail/ang_wr__struct.hpp
[156.136s] -- Installing: /app/dev_ws/install/xsens_msgs/include/xsens_msgs/msg/detail/config_cam__builder.hpp
[156.137s] -- Installing: /app/dev_ws/install/xsens_msgs/include/xsens_msgs/msg/detail/sta_sw__traits.hpp
[156.139s] -- Installing: /app/dev_ws/install/xsens_msgs/include/xsens_msgs/msg/detail/ori_oe__struct.hpp
[156.140s] -- Installing: /app/dev_ws/install/xsens_msgs/include/xsens_msgs/msg/detail/config_xsens__traits.hpp
[156.142s] -- Installing: /app/dev_ws/install/xsens_msgs/include/xsens_msgs/msg/detail/acc_aa__builder.hpp
[156.144s] -- Installing: /app/dev_ws/install/xsens_msgs/include/xsens_msgs/msg/detail/sta_sw__struct.hpp
[156.146s] -- Installing: /app/dev_ws/install/xsens_msgs/include/xsens_msgs/msg/detail/cam_image__traits.hpp
[156.147s] -- Installing: /app/dev_ws/install/xsens_msgs/include/xsens_msgs/msg/detail/pos_pl__traits.hpp
[156.149s] -- Installing: /app/dev_ws/install/xsens_msgs/include/xsens_msgs/msg/detail/cam_image__struct.hpp
[156.151s] -- Installing: /app/dev_ws/install/xsens_msgs/include/xsens_msgs/msg/detail/sta_nt__struct.hpp
[156.152s] -- Installing: /app/dev_ws/install/xsens_msgs/include/xsens_msgs/msg/detail/cam_batch__traits.hpp
[156.155s] -- Installing: /app/dev_ws/install/xsens_msgs/include/xsens_msgs/msg/detail/acc_af__traits.hpp
[156.156s] -- Installing: /app/dev_ws/install/xsens_msgs/include/xsens_msgs/msg/detail/config_ntrip__builder.hpp
[156.158s] -- Installing: /app/dev_ws/install/xsens_msgs/include/xsens_msgs/msg/detail/sta_sw__builder.hpp
[156.171s] -- Installing: /app/dev_ws/install/xsens_msgs/include/xsens_msgs/msg/detail/cam_image__builder.hpp
[156.171s] -- Installing: /app/dev_ws/install/xsens_msgs/include/xsens_msgs/msg/detail/pos_pa__traits.hpp
[156.172s] -- Installing: /app/dev_ws/install/xsens_msgs/include/xsens_msgs/msg/detail/gns_np__traits.hpp
[156.173s] -- Installing: /app/dev_ws/install/xsens_msgs/include/xsens_msgs/msg/detail/config_cam__struct.hpp
[156.174s] -- Installing: /app/dev_ws/install/xsens_msgs/include/xsens_msgs/msg/detail/config_cam__traits.hpp
[156.174s] -- Installing: /app/dev_ws/install/xsens_msgs/include/xsens_msgs/msg/detail/acc_aa__traits.hpp
[156.175s] -- Installing: /app/dev_ws/install/xsens_msgs/include/xsens_msgs/msg/detail/acc_af__struct.hpp
[156.175s] -- Installing: /app/dev_ws/install/xsens_msgs/include/xsens_msgs/msg/detail/acc_aa__struct.hpp
[156.177s] -- Installing: /app/dev_ws/install/xsens_msgs/include/xsens_msgs/msg/detail/gns_np__builder.hpp
[156.178s] -- Installing: /app/dev_ws/install/xsens_msgs/include/xsens_msgs/msg/pos_pl.hpp
[156.180s] -- Installing: /app/dev_ws/install/xsens_msgs/include/xsens_msgs/msg/gns_np.hpp
[156.181s] -- Installing: /app/dev_ws/install/xsens_msgs/include/xsens_msgs/msg/ang_wr.hpp
[156.183s] -- Up-to-date: /app/dev_ws/install/xsens_msgs/include/xsens_msgs/srv
[156.184s] -- Installing: /app/dev_ws/install/xsens_msgs/include/xsens_msgs/srv/rtc_mdata.hpp
[156.185s] -- Up-to-date: /app/dev_ws/install/xsens_msgs/include/xsens_msgs/srv/detail
[156.186s] -- Installing: /app/dev_ws/install/xsens_msgs/include/xsens_msgs/srv/detail/rtc_mdata__builder.hpp
[156.188s] -- Installing: /app/dev_ws/install/xsens_msgs/include/xsens_msgs/srv/detail/rtc_mdata__traits.hpp
[156.189s] -- Installing: /app/dev_ws/install/xsens_msgs/include/xsens_msgs/srv/detail/rtc_mdata__struct.hpp
[156.191s] -- Up-to-date: /app/dev_ws/install/xsens_msgs/include/xsens_msgs
[156.192s] -- Up-to-date: /app/dev_ws/install/xsens_msgs/include/xsens_msgs/msg
[156.193s] -- Up-to-date: /app/dev_ws/install/xsens_msgs/include/xsens_msgs/msg/detail
[156.193s] -- Installing: /app/dev_ws/install/xsens_msgs/include/xsens_msgs/msg/detail/trg_sp__rosidl_typesupport_introspection_cpp.hpp
[156.196s] -- Installing: /app/dev_ws/install/xsens_msgs/include/xsens_msgs/msg/detail/sta_sw__rosidl_typesupport_introspection_cpp.hpp
[156.198s] -- Installing: /app/dev_ws/install/xsens_msgs/include/xsens_msgs/msg/detail/sta_nt__rosidl_typesupport_introspection_cpp.hpp
[156.206s] -- Installing: /app/dev_ws/install/xsens_msgs/include/xsens_msgs/msg/detail/sta_sw__type_support.cpp
[156.207s] -- Installing: /app/dev_ws/install/xsens_msgs/include/xsens_msgs/msg/detail/config_cam__type_support.cpp
[156.207s] -- Installing: /app/dev_ws/install/xsens_msgs/include/xsens_msgs/msg/detail/ang_wr__type_support.cpp
[156.208s] -- Installing: /app/dev_ws/install/xsens_msgs/include/xsens_msgs/msg/detail/acc_af__type_support.cpp
[156.209s] -- Installing: /app/dev_ws/install/xsens_msgs/include/xsens_msgs/msg/detail/pos_pl__type_support.cpp
[156.210s] -- Installing: /app/dev_ws/install/xsens_msgs/include/xsens_msgs/msg/detail/config_ntrip__type_support.cpp
[156.211s] -- Installing: /app/dev_ws/install/xsens_msgs/include/xsens_msgs/msg/detail/ori_oe__type_support.cpp
[156.213s] -- Installing: /app/dev_ws/install/xsens_msgs/include/xsens_msgs/msg/detail/pos_pa__rosidl_typesupport_introspection_cpp.hpp
[156.215s] -- Installing: /app/dev_ws/install/xsens_msgs/include/xsens_msgs/msg/detail/gns_np__rosidl_typesupport_introspection_cpp.hpp
[156.217s] -- Installing: /app/dev_ws/install/xsens_msgs/include/xsens_msgs/msg/detail/ang_wr__rosidl_typesupport_introspection_cpp.hpp
[156.218s] -- Installing: /app/dev_ws/install/xsens_msgs/include/xsens_msgs/msg/detail/cam_batch__type_support.cpp
[156.220s] -- Installing: /app/dev_ws/install/xsens_msgs/include/xsens_msgs/msg/detail/config_xsens__type_support.cpp
[156.222s] -- Installing: /app/dev_ws/install/xsens_msgs/include/xsens_msgs/msg/detail/acc_af__rosidl_typesupport_introspection_cpp.hpp
[156.224s] -- Installing: /app/dev_ws/install/xsens_msgs/include/xsens_msgs/msg/detail/gns_np__type_support.cpp
[156.226s] -- Installing: /app/dev_ws/install/xsens_msgs/include/xsens_msgs/msg/detail/pos_pa__type_support.cpp
[156.229s] -- Installing: /app/dev_ws/install/xsens_msgs/include/xsens_msgs/msg/detail/sta_ct__rosidl_typesupport_introspection_cpp.hpp
[156.232s] -- Installing: /app/dev_ws/install/xsens_msgs/include/xsens_msgs/msg/detail/config_cam__rosidl_typesupport_introspection_cpp.hpp
[156.234s] -- Installing: /app/dev_ws/install/xsens_msgs/include/xsens_msgs/msg/detail/pos_pl__rosidl_typesupport_introspection_cpp.hpp
[156.236s] -- Installing: /app/dev_ws/install/xsens_msgs/include/xsens_msgs/msg/detail/sta_ct__type_support.cpp
[156.237s] -- Installing: /app/dev_ws/install/xsens_msgs/include/xsens_msgs/msg/detail/sta_nt__type_support.cpp
[156.239s] -- Installing: /app/dev_ws/install/xsens_msgs/include/xsens_msgs/msg/detail/cam_image__rosidl_typesupport_introspection_cpp.hpp
[156.241s] -- Installing: /app/dev_ws/install/xsens_msgs/include/xsens_msgs/msg/detail/cam_batch__rosidl_typesupport_introspection_cpp.hpp
[156.243s] -- Installing: /app/dev_ws/install/xsens_msgs/include/xsens_msgs/msg/detail/cam_image__type_support.cpp
[156.245s] -- Installing: /app/dev_ws/install/xsens_msgs/include/xsens_msgs/msg/detail/acc_aa__type_support.cpp
[156.246s] -- Installing: /app/dev_ws/install/xsens_msgs/include/xsens_msgs/msg/detail/acc_aa__rosidl_typesupport_introspection_cpp.hpp
[156.248s] -- Installing: /app/dev_ws/install/xsens_msgs/include/xsens_msgs/msg/detail/trg_sp__type_support.cpp
[156.250s] -- Installing: /app/dev_ws/install/xsens_msgs/include/xsens_msgs/msg/detail/config_xsens__rosidl_typesupport_introspection_cpp.hpp
[156.251s] -- Installing: /app/dev_ws/install/xsens_msgs/include/xsens_msgs/msg/detail/ori_oe__rosidl_typesupport_introspection_cpp.hpp
[156.254s] -- Installing: /app/dev_ws/install/xsens_msgs/include/xsens_msgs/msg/detail/config_ntrip__rosidl_typesupport_introspection_cpp.hpp
[156.256s] -- Up-to-date: /app/dev_ws/install/xsens_msgs/include/xsens_msgs/srv
[156.257s] -- Up-to-date: /app/dev_ws/install/xsens_msgs/include/xsens_msgs/srv/detail
[156.257s] -- Installing: /app/dev_ws/install/xsens_msgs/include/xsens_msgs/srv/detail/rtc_mdata__type_support.cpp
[156.260s] -- Installing: /app/dev_ws/install/xsens_msgs/include/xsens_msgs/srv/detail/rtc_mdata__rosidl_typesupport_introspection_cpp.hpp
[156.263s] -- Installing: /app/dev_ws/install/xsens_msgs/lib/libxsens_msgs__rosidl_typesupport_introspection_cpp.so
[156.270s] -- Set runtime path of "/app/dev_ws/install/xsens_msgs/lib/libxsens_msgs__rosidl_typesupport_introspection_cpp.so" to ""
[156.271s] -- Installing: /app/dev_ws/install/xsens_msgs/lib/libxsens_msgs__rosidl_typesupport_cpp.so
[156.275s] -- Set runtime path of "/app/dev_ws/install/xsens_msgs/lib/libxsens_msgs__rosidl_typesupport_cpp.so" to ""
[156.276s] -- Up-to-date: /app/dev_ws/install/xsens_msgs/share/xsens_msgs/environment/pythonpath.sh
[156.277s] -- Installing: /app/dev_ws/install/xsens_msgs/share/xsens_msgs/environment/pythonpath.dsv
[156.279s] -- Installing: /app/dev_ws/install/xsens_msgs/lib/python3.8/site-packages/xsens_msgs/__init__.py
[156.514s] Compiling '/app/dev_ws/install/xsens_msgs/lib/python3.8/site-packages/xsens_msgs/__init__.py'...
[156.544s] -- Up-to-date: /app/dev_ws/install/xsens_msgs/lib/python3.8/site-packages/xsens_msgs/msg
[156.545s] -- Installing: /app/dev_ws/install/xsens_msgs/lib/python3.8/site-packages/xsens_msgs/msg/_trg_sp_s.c
[156.547s] -- Installing: /app/dev_ws/install/xsens_msgs/lib/python3.8/site-packages/xsens_msgs/msg/_gns_np_s.c
[156.549s] -- Installing: /app/dev_ws/install/xsens_msgs/lib/python3.8/site-packages/xsens_msgs/msg/_trg_sp.py
[156.550s] -- Installing: /app/dev_ws/install/xsens_msgs/lib/python3.8/site-packages/xsens_msgs/msg/_acc_af_s.c
[156.552s] -- Installing: /app/dev_ws/install/xsens_msgs/lib/python3.8/site-packages/xsens_msgs/msg/_config_xsens.py
[156.554s] -- Installing: /app/dev_ws/install/xsens_msgs/lib/python3.8/site-packages/xsens_msgs/msg/_sta_sw_s.c
[156.556s] -- Installing: /app/dev_ws/install/xsens_msgs/lib/python3.8/site-packages/xsens_msgs/msg/_ori_oe.py
[156.558s] -- Installing: /app/dev_ws/install/xsens_msgs/lib/python3.8/site-packages/xsens_msgs/msg/_pos_pl_s.c
[156.560s] -- Installing: /app/dev_ws/install/xsens_msgs/lib/python3.8/site-packages/xsens_msgs/msg/_ori_oe_s.c
[156.562s] -- Installing: /app/dev_ws/install/xsens_msgs/lib/python3.8/site-packages/xsens_msgs/msg/_sta_nt_s.c
[156.563s] -- Installing: /app/dev_ws/install/xsens_msgs/lib/python3.8/site-packages/xsens_msgs/msg/_pos_pa_s.c
[156.565s] -- Installing: /app/dev_ws/install/xsens_msgs/lib/python3.8/site-packages/xsens_msgs/msg/_ang_wr.py
[156.567s] -- Installing: /app/dev_ws/install/xsens_msgs/lib/python3.8/site-packages/xsens_msgs/msg/_gns_np.py
[156.569s] -- Installing: /app/dev_ws/install/xsens_msgs/lib/python3.8/site-packages/xsens_msgs/msg/_sta_sw.py
[156.571s] -- Installing: /app/dev_ws/install/xsens_msgs/lib/python3.8/site-packages/xsens_msgs/msg/_acc_aa.py
[156.572s] -- Installing: /app/dev_ws/install/xsens_msgs/lib/python3.8/site-packages/xsens_msgs/msg/_pos_pa.py
[156.574s] -- Installing: /app/dev_ws/install/xsens_msgs/lib/python3.8/site-packages/xsens_msgs/msg/_sta_nt.py
[156.575s] -- Installing: /app/dev_ws/install/xsens_msgs/lib/python3.8/site-packages/xsens_msgs/msg/_cam_image.py
[156.577s] -- Installing: /app/dev_ws/install/xsens_msgs/lib/python3.8/site-packages/xsens_msgs/msg/_cam_batch.py
[156.579s] -- Installing: /app/dev_ws/install/xsens_msgs/lib/python3.8/site-packages/xsens_msgs/msg/_sta_ct_s.c
[156.582s] -- Installing: /app/dev_ws/install/xsens_msgs/lib/python3.8/site-packages/xsens_msgs/msg/_pos_pl.py
[156.583s] -- Installing: /app/dev_ws/install/xsens_msgs/lib/python3.8/site-packages/xsens_msgs/msg/_config_ntrip_s.c
[156.584s] -- Installing: /app/dev_ws/install/xsens_msgs/lib/python3.8/site-packages/xsens_msgs/msg/_config_cam_s.c
[156.586s] -- Installing: /app/dev_ws/install/xsens_msgs/lib/python3.8/site-packages/xsens_msgs/msg/_sta_ct.py
[156.588s] -- Installing: /app/dev_ws/install/xsens_msgs/lib/python3.8/site-packages/xsens_msgs/msg/_cam_image_s.c
[156.589s] -- Installing: /app/dev_ws/install/xsens_msgs/lib/python3.8/site-packages/xsens_msgs/msg/_ang_wr_s.c
[156.591s] -- Installing: /app/dev_ws/install/xsens_msgs/lib/python3.8/site-packages/xsens_msgs/msg/_config_ntrip.py
[156.593s] -- Installing: /app/dev_ws/install/xsens_msgs/lib/python3.8/site-packages/xsens_msgs/msg/__init__.py
[156.594s] -- Installing: /app/dev_ws/install/xsens_msgs/lib/python3.8/site-packages/xsens_msgs/msg/_config_xsens_s.c
[156.596s] -- Installing: /app/dev_ws/install/xsens_msgs/lib/python3.8/site-packages/xsens_msgs/msg/_acc_af.py
[156.598s] -- Installing: /app/dev_ws/install/xsens_msgs/lib/python3.8/site-packages/xsens_msgs/msg/_acc_aa_s.c
[156.602s] -- Installing: /app/dev_ws/install/xsens_msgs/lib/python3.8/site-packages/xsens_msgs/msg/_cam_batch_s.c
[156.602s] -- Installing: /app/dev_ws/install/xsens_msgs/lib/python3.8/site-packages/xsens_msgs/msg/_config_cam.py
[156.604s] -- Up-to-date: /app/dev_ws/install/xsens_msgs/lib/python3.8/site-packages/xsens_msgs/srv
[156.605s] -- Installing: /app/dev_ws/install/xsens_msgs/lib/python3.8/site-packages/xsens_msgs/srv/_rtc_mdata.py
[156.607s] -- Installing: /app/dev_ws/install/xsens_msgs/lib/python3.8/site-packages/xsens_msgs/srv/_rtc_mdata_s.c
[156.609s] -- Installing: /app/dev_ws/install/xsens_msgs/lib/python3.8/site-packages/xsens_msgs/srv/__init__.py
[156.613s] -- Installing: /app/dev_ws/install/xsens_msgs/lib/python3.8/site-packages/xsens_msgs/xsens_msgs_s__rosidl_typesupport_fastrtps_c.cpython-38-aarch64-linux-gnu.so
[156.617s] -- Set runtime path of "/app/dev_ws/install/xsens_msgs/lib/python3.8/site-packages/xsens_msgs/xsens_msgs_s__rosidl_typesupport_fastrtps_c.cpython-38-aarch64-linux-gnu.so" to ""
[156.620s] -- Installing: /app/dev_ws/install/xsens_msgs/lib/python3.8/site-packages/xsens_msgs/xsens_msgs_s__rosidl_typesupport_introspection_c.cpython-38-aarch64-linux-gnu.so
[156.625s] -- Set runtime path of "/app/dev_ws/install/xsens_msgs/lib/python3.8/site-packages/xsens_msgs/xsens_msgs_s__rosidl_typesupport_introspection_c.cpython-38-aarch64-linux-gnu.so" to ""
[156.627s] -- Installing: /app/dev_ws/install/xsens_msgs/lib/python3.8/site-packages/xsens_msgs/xsens_msgs_s__rosidl_typesupport_c.cpython-38-aarch64-linux-gnu.so
[156.632s] -- Set runtime path of "/app/dev_ws/install/xsens_msgs/lib/python3.8/site-packages/xsens_msgs/xsens_msgs_s__rosidl_typesupport_c.cpython-38-aarch64-linux-gnu.so" to ""
[156.635s] -- Installing: /app/dev_ws/install/xsens_msgs/lib/libxsens_msgs__python.so
[156.640s] -- Set runtime path of "/app/dev_ws/install/xsens_msgs/lib/libxsens_msgs__python.so" to ""
[156.641s] -- Up-to-date: /app/dev_ws/install/xsens_msgs/share/xsens_msgs/msg/OriOE.idl
[156.642s] -- Up-to-date: /app/dev_ws/install/xsens_msgs/share/xsens_msgs/msg/PosPA.idl
[156.643s] -- Up-to-date: /app/dev_ws/install/xsens_msgs/share/xsens_msgs/msg/PosPL.idl
[156.644s] -- Up-to-date: /app/dev_ws/install/xsens_msgs/share/xsens_msgs/msg/StaSW.idl
[156.645s] -- Up-to-date: /app/dev_ws/install/xsens_msgs/share/xsens_msgs/msg/AccAA.idl
[156.646s] -- Up-to-date: /app/dev_ws/install/xsens_msgs/share/xsens_msgs/msg/AccAF.idl
[156.646s] -- Up-to-date: /app/dev_ws/install/xsens_msgs/share/xsens_msgs/msg/AngWR.idl
[156.647s] -- Installing: /app/dev_ws/install/xsens_msgs/share/xsens_msgs/msg/GnsNP.idl
[156.648s] -- Up-to-date: /app/dev_ws/install/xsens_msgs/share/xsens_msgs/msg/ConfigXsens.idl
[156.649s] -- Up-to-date: /app/dev_ws/install/xsens_msgs/share/xsens_msgs/msg/ConfigNtrip.idl
[156.650s] -- Up-to-date: /app/dev_ws/install/xsens_msgs/share/xsens_msgs/msg/ConfigCam.idl
[156.651s] -- Up-to-date: /app/dev_ws/install/xsens_msgs/share/xsens_msgs/msg/StaNT.idl
[156.651s] -- Up-to-date: /app/dev_ws/install/xsens_msgs/share/xsens_msgs/msg/StaCT.idl
[156.652s] -- Up-to-date: /app/dev_ws/install/xsens_msgs/share/xsens_msgs/msg/TrgSP.idl
[156.653s] -- Up-to-date: /app/dev_ws/install/xsens_msgs/share/xsens_msgs/msg/CamImage.idl
[156.656s] -- Up-to-date: /app/dev_ws/install/xsens_msgs/share/xsens_msgs/msg/CamBatch.idl
[156.657s] -- Up-to-date: /app/dev_ws/install/xsens_msgs/share/xsens_msgs/srv/RTCMdata.idl
[156.658s] -- Up-to-date: /app/dev_ws/install/xsens_msgs/share/xsens_msgs/msg/OriOE.msg
[156.660s] -- Up-to-date: /app/dev_ws/install/xsens_msgs/share/xsens_msgs/msg/PosPA.msg
[156.660s] -- Up-to-date: /app/dev_ws/install/xsens_msgs/share/xsens_msgs/msg/PosPL.msg
[156.661s] -- Up-to-date: /app/dev_ws/install/xsens_msgs/share/xsens_msgs/msg/StaSW.msg
[156.662s] -- Up-to-date: /app/dev_ws/install/xsens_msgs/share/xsens_msgs/msg/AccAA.msg
[156.668s] -- Up-to-date: /app/dev_ws/install/xsens_msgs/share/xsens_msgs/msg/AccAF.msg
[156.669s] -- Up-to-date: /app/dev_ws/install/xsens_msgs/share/xsens_msgs/msg/AngWR.msg
[156.670s] -- Installing: /app/dev_ws/install/xsens_msgs/share/xsens_msgs/msg/GnsNP.msg
[156.670s] -- Up-to-date: /app/dev_ws/install/xsens_msgs/share/xsens_msgs/msg/ConfigXsens.msg
[156.671s] -- Up-to-date: /app/dev_ws/install/xsens_msgs/share/xsens_msgs/msg/ConfigNtrip.msg
[156.672s] -- Up-to-date: /app/dev_ws/install/xsens_msgs/share/xsens_msgs/msg/ConfigCam.msg
[156.672s] -- Up-to-date: /app/dev_ws/install/xsens_msgs/share/xsens_msgs/msg/StaNT.msg
[156.673s] -- Up-to-date: /app/dev_ws/install/xsens_msgs/share/xsens_msgs/msg/StaCT.msg
[156.674s] -- Up-to-date: /app/dev_ws/install/xsens_msgs/share/xsens_msgs/msg/TrgSP.msg
[156.674s] -- Up-to-date: /app/dev_ws/install/xsens_msgs/share/xsens_msgs/msg/CamImage.msg
[156.675s] -- Up-to-date: /app/dev_ws/install/xsens_msgs/share/xsens_msgs/msg/CamBatch.msg
[156.675s] -- Up-to-date: /app/dev_ws/install/xsens_msgs/share/xsens_msgs/srv/RTCMdata.srv
[156.676s] -- Up-to-date: /app/dev_ws/install/xsens_msgs/share/xsens_msgs/srv/RTCMdata_Request.msg
[156.677s] -- Up-to-date: /app/dev_ws/install/xsens_msgs/share/xsens_msgs/srv/RTCMdata_Response.msg
[156.678s] -- Up-to-date: /app/dev_ws/install/xsens_msgs/share/ament_index/resource_index/package_run_dependencies/xsens_msgs
[156.678s] -- Up-to-date: /app/dev_ws/install/xsens_msgs/share/ament_index/resource_index/parent_prefix_path/xsens_msgs
[156.679s] -- Up-to-date: /app/dev_ws/install/xsens_msgs/share/xsens_msgs/environment/ament_prefix_path.sh
[156.680s] -- Installing: /app/dev_ws/install/xsens_msgs/share/xsens_msgs/environment/ament_prefix_path.dsv
[156.681s] -- Up-to-date: /app/dev_ws/install/xsens_msgs/share/xsens_msgs/environment/path.sh
[156.681s] -- Installing: /app/dev_ws/install/xsens_msgs/share/xsens_msgs/environment/path.dsv
[156.682s] -- Up-to-date: /app/dev_ws/install/xsens_msgs/share/xsens_msgs/local_setup.bash
[156.682s] -- Up-to-date: /app/dev_ws/install/xsens_msgs/share/xsens_msgs/local_setup.sh
[156.683s] -- Up-to-date: /app/dev_ws/install/xsens_msgs/share/xsens_msgs/local_setup.zsh
[156.684s] -- Installing: /app/dev_ws/install/xsens_msgs/share/xsens_msgs/local_setup.dsv
[156.684s] -- Installing: /app/dev_ws/install/xsens_msgs/share/xsens_msgs/package.dsv
[156.685s] -- Up-to-date: /app/dev_ws/install/xsens_msgs/share/ament_index/resource_index/packages/xsens_msgs
[156.686s] -- Up-to-date: /app/dev_ws/install/xsens_msgs/share/xsens_msgs/cmake/xsens_msgs__rosidl_generator_cExport.cmake
[156.687s] -- Installing: /app/dev_ws/install/xsens_msgs/share/xsens_msgs/cmake/xsens_msgs__rosidl_generator_cExport-noconfig.cmake
[156.691s] -- Up-to-date: /app/dev_ws/install/xsens_msgs/share/xsens_msgs/cmake/xsens_msgs__rosidl_typesupport_introspection_cExport.cmake
[156.691s] -- Installing: /app/dev_ws/install/xsens_msgs/share/xsens_msgs/cmake/xsens_msgs__rosidl_typesupport_introspection_cExport-noconfig.cmake
[156.694s] -- Up-to-date: /app/dev_ws/install/xsens_msgs/share/xsens_msgs/cmake/xsens_msgs__rosidl_typesupport_cExport.cmake
[156.695s] -- Installing: /app/dev_ws/install/xsens_msgs/share/xsens_msgs/cmake/xsens_msgs__rosidl_typesupport_cExport-noconfig.cmake
[156.698s] -- Up-to-date: /app/dev_ws/install/xsens_msgs/share/xsens_msgs/cmake/xsens_msgs__rosidl_generator_cppExport.cmake
[156.699s] -- Up-to-date: /app/dev_ws/install/xsens_msgs/share/xsens_msgs/cmake/xsens_msgs__rosidl_typesupport_introspection_cppExport.cmake
[156.702s] -- Installing: /app/dev_ws/install/xsens_msgs/share/xsens_msgs/cmake/xsens_msgs__rosidl_typesupport_introspection_cppExport-noconfig.cmake
[156.704s] -- Up-to-date: /app/dev_ws/install/xsens_msgs/share/xsens_msgs/cmake/xsens_msgs__rosidl_typesupport_cppExport.cmake
[156.705s] -- Installing: /app/dev_ws/install/xsens_msgs/share/xsens_msgs/cmake/xsens_msgs__rosidl_typesupport_cppExport-noconfig.cmake
[156.707s] -- Up-to-date: /app/dev_ws/install/xsens_msgs/share/xsens_msgs/cmake/rosidl_cmake-extras.cmake
[156.708s] -- Up-to-date: /app/dev_ws/install/xsens_msgs/share/xsens_msgs/cmake/ament_cmake_export_dependencies-extras.cmake
[156.709s] -- Up-to-date: /app/dev_ws/install/xsens_msgs/share/xsens_msgs/cmake/ament_cmake_export_libraries-extras.cmake
[156.709s] -- Up-to-date: /app/dev_ws/install/xsens_msgs/share/xsens_msgs/cmake/ament_cmake_export_targets-extras.cmake
[156.710s] -- Up-to-date: /app/dev_ws/install/xsens_msgs/share/xsens_msgs/cmake/ament_cmake_export_include_directories-extras.cmake
[156.711s] -- Up-to-date: /app/dev_ws/install/xsens_msgs/share/xsens_msgs/cmake/rosidl_cmake_export_typesupport_libraries-extras.cmake
[156.712s] -- Up-to-date: /app/dev_ws/install/xsens_msgs/share/xsens_msgs/cmake/rosidl_cmake_export_typesupport_targets-extras.cmake
[156.714s] -- Up-to-date: /app/dev_ws/install/xsens_msgs/share/xsens_msgs/cmake/xsens_msgsConfig.cmake
[156.715s] -- Up-to-date: /app/dev_ws/install/xsens_msgs/share/xsens_msgs/cmake/xsens_msgsConfig-version.cmake
[156.716s] -- Up-to-date: /app/dev_ws/install/xsens_msgs/share/xsens_msgs/package.xml
[156.726s] Invoked command in '/app/dev_ws/build/xsens_msgs' returned '0': CMAKE_PREFIX_PATH=${CMAKE_PREFIX_PATH}:/opt/ros/foxy:/app/dev_ws/install/xsens_driver:/app/dev_ws/install/cam_client:/app/dev_ws/install/ntrip_client:/app/dev_ws/install/central /usr/bin/cmake --install /app/dev_ws/build/xsens_msgs
