[3.214s] Invoking command in '/app/dev_ws/src/central': PYTHONPATH=/app/dev_ws/install/central/lib/python3.8/site-packages:${PYTHONPATH} /usr/bin/python3 setup.py egg_info --egg-base ../../build/central build --build-base /app/dev_ws/build/central/build install --prefix /app/dev_ws/install/central --record /app/dev_ws/build/central/install.log --single-version-externally-managed
[4.329s] running egg_info
[4.331s] writing ../../build/central/central.egg-info/PKG-INFO
[4.333s] writing dependency_links to ../../build/central/central.egg-info/dependency_links.txt
[4.334s] writing entry points to ../../build/central/central.egg-info/entry_points.txt
[4.335s] writing requirements to ../../build/central/central.egg-info/requires.txt
[4.335s] writing top-level names to ../../build/central/central.egg-info/top_level.txt
[4.502s] reading manifest file '../../build/central/central.egg-info/SOURCES.txt'
[4.506s] writing manifest file '../../build/central/central.egg-info/SOURCES.txt'
[4.507s] running build
[4.508s] running build_py
[4.509s] copying central/central_data.py -> /app/dev_ws/build/central/build/lib/central
[4.510s] running install
[4.514s] running install_lib
[4.519s] copying /app/dev_ws/build/central/build/lib/central/central_data.py -> /app/dev_ws/install/central/lib/python3.8/site-packages/central
[4.523s] byte-compiling /app/dev_ws/install/central/lib/python3.8/site-packages/central/central_data.py to central_data.cpython-38.pyc
[4.543s]   File "/app/dev_ws/install/central/lib/python3.8/site-packages/central/central_data.py", line 624
[4.543s]     cd.ax2[1].set_ylim(np.radians(cd.OriOE.pitch)-0.2, np.radians(cd.OriOE.pitch))+0.2)
[4.544s]                                                                                       ^
[4.544s] SyntaxError: unmatched ')'
[4.545s] 
[4.545s] running install_data
[4.546s] running install_egg_info
[4.553s] removing '/app/dev_ws/install/central/lib/python3.8/site-packages/central-0.0.0-py3.8.egg-info' (and everything under it)
[4.555s] Copying ../../build/central/central.egg-info to /app/dev_ws/install/central/lib/python3.8/site-packages/central-0.0.0-py3.8.egg-info
[4.562s] running install_scripts
[4.644s] Installing collect_data script to /app/dev_ws/install/central/lib/central
[4.645s] Installing config script to /app/dev_ws/install/central/lib/central
[4.647s] writing list of installed files to '/app/dev_ws/build/central/install.log'
[4.753s] Invoked command in '/app/dev_ws/src/central' returned '0': PYTHONPATH=/app/dev_ws/install/central/lib/python3.8/site-packages:${PYTHONPATH} /usr/bin/python3 setup.py egg_info --egg-base ../../build/central build --build-base /app/dev_ws/build/central/build install --prefix /app/dev_ws/install/central --record /app/dev_ws/build/central/install.log --single-version-externally-managed
