[2.701s] Invoking command in '/app/dev_ws/src/ntrip_client': PYTHONPATH=/app/dev_ws/install/ntrip_client/lib/python3.8/site-packages:${PYTHONPATH} /usr/bin/python3 setup.py egg_info --egg-base ../../build/ntrip_client build --build-base /app/dev_ws/build/ntrip_client/build install --prefix /app/dev_ws/install/ntrip_client --record /app/dev_ws/build/ntrip_client/install.log --single-version-externally-managed
[3.650s] running egg_info
[3.652s] writing ../../build/ntrip_client/ntrip_client.egg-info/PKG-INFO
[3.654s] writing dependency_links to ../../build/ntrip_client/ntrip_client.egg-info/dependency_links.txt
[3.655s] writing entry points to ../../build/ntrip_client/ntrip_client.egg-info/entry_points.txt
[3.656s] writing requirements to ../../build/ntrip_client/ntrip_client.egg-info/requires.txt
[3.657s] writing top-level names to ../../build/ntrip_client/ntrip_client.egg-info/top_level.txt
[3.812s] reading manifest file '../../build/ntrip_client/ntrip_client.egg-info/SOURCES.txt'
[3.816s] writing manifest file '../../build/ntrip_client/ntrip_client.egg-info/SOURCES.txt'
[3.817s] running build
[3.817s] running build_py
[3.818s] copying ntrip_client/ntrip_pub.py -> /app/dev_ws/build/ntrip_client/build/lib/ntrip_client
[3.819s] running install
[3.823s] running install_lib
[3.828s] copying /app/dev_ws/build/ntrip_client/build/lib/ntrip_client/ntrip_pub.py -> /app/dev_ws/install/ntrip_client/lib/python3.8/site-packages/ntrip_client
[3.831s] byte-compiling /app/dev_ws/install/ntrip_client/lib/python3.8/site-packages/ntrip_client/ntrip_pub.py to ntrip_pub.cpython-38.pyc
[3.840s] running install_data
[3.843s] running install_egg_info
[3.849s] removing '/app/dev_ws/install/ntrip_client/lib/python3.8/site-packages/ntrip_client-0.0.0-py3.8.egg-info' (and everything under it)
[3.851s] Copying ../../build/ntrip_client/ntrip_client.egg-info to /app/dev_ws/install/ntrip_client/lib/python3.8/site-packages/ntrip_client-0.0.0-py3.8.egg-info
[3.858s] running install_scripts
[3.933s] Installing main script to /app/dev_ws/install/ntrip_client/lib/ntrip_client
[3.934s] writing list of installed files to '/app/dev_ws/build/ntrip_client/install.log'
[4.034s] Invoked command in '/app/dev_ws/src/ntrip_client' returned '0': PYTHONPATH=/app/dev_ws/install/ntrip_client/lib/python3.8/site-packages:${PYTHONPATH} /usr/bin/python3 setup.py egg_info --egg-base ../../build/ntrip_client build --build-base /app/dev_ws/build/ntrip_client/build install --prefix /app/dev_ws/install/ntrip_client --record /app/dev_ws/build/ntrip_client/install.log --single-version-externally-managed
