[5.329s] Invoking command in '/app/dev_ws/src/ntrip_client': PYTHONPATH=/app/dev_ws/install/ntrip_client/lib/python3.8/site-packages:${PYTHONPATH} /usr/bin/python3 setup.py egg_info --egg-base ../../build/ntrip_client build --build-base /app/dev_ws/build/ntrip_client/build install --prefix /app/dev_ws/install/ntrip_client --record /app/dev_ws/build/ntrip_client/install.log --single-version-externally-managed
[6.909s] running egg_info
[6.917s] writing ../../build/ntrip_client/ntrip_client.egg-info/PKG-INFO
[6.918s] writing dependency_links to ../../build/ntrip_client/ntrip_client.egg-info/dependency_links.txt
[6.918s] writing entry points to ../../build/ntrip_client/ntrip_client.egg-info/entry_points.txt
[6.919s] writing requirements to ../../build/ntrip_client/ntrip_client.egg-info/requires.txt
[6.920s] writing top-level names to ../../build/ntrip_client/ntrip_client.egg-info/top_level.txt
[7.153s] reading manifest file '../../build/ntrip_client/ntrip_client.egg-info/SOURCES.txt'
[7.160s] writing manifest file '../../build/ntrip_client/ntrip_client.egg-info/SOURCES.txt'
[7.166s] running build
[7.186s] running build_py
[7.188s] running install
[7.238s] running install_lib
[7.239s] running install_data
[7.240s] running install_egg_info
[7.240s] removing '/app/dev_ws/install/ntrip_client/lib/python3.8/site-packages/ntrip_client-0.0.0-py3.8.egg-info' (and everything under it)
[7.242s] Copying ../../build/ntrip_client/ntrip_client.egg-info to /app/dev_ws/install/ntrip_client/lib/python3.8/site-packages/ntrip_client-0.0.0-py3.8.egg-info
[7.243s] running install_scripts
[7.349s] Installing main script to /app/dev_ws/install/ntrip_client/lib/ntrip_client
[7.355s] writing list of installed files to '/app/dev_ws/build/ntrip_client/install.log'
[8.802s] Invoked command in '/app/dev_ws/src/ntrip_client' returned '0': PYTHONPATH=/app/dev_ws/install/ntrip_client/lib/python3.8/site-packages:${PYTHONPATH} /usr/bin/python3 setup.py egg_info --egg-base ../../build/ntrip_client build --build-base /app/dev_ws/build/ntrip_client/build install --prefix /app/dev_ws/install/ntrip_client --record /app/dev_ws/build/ntrip_client/install.log --single-version-externally-managed
