[3.079s] Invoking command in '/app/dev_ws/src/central': PYTHONPATH=/app/dev_ws/install/central/lib/python3.8/site-packages:${PYTHONPATH} /usr/bin/python3 setup.py egg_info --egg-base ../../build/central build --build-base /app/dev_ws/build/central/build install --prefix /app/dev_ws/install/central --record /app/dev_ws/build/central/install.log --single-version-externally-managed
[4.166s] running egg_info
[4.168s] writing ../../build/central/central.egg-info/PKG-INFO
[4.170s] writing dependency_links to ../../build/central/central.egg-info/dependency_links.txt
[4.171s] writing entry points to ../../build/central/central.egg-info/entry_points.txt
[4.172s] writing requirements to ../../build/central/central.egg-info/requires.txt
[4.173s] writing top-level names to ../../build/central/central.egg-info/top_level.txt
[4.337s] reading manifest file '../../build/central/central.egg-info/SOURCES.txt'
[4.341s] writing manifest file '../../build/central/central.egg-info/SOURCES.txt'
[4.342s] running build
[4.343s] running build_py
[4.344s] copying central/central_data.py -> /app/dev_ws/build/central/build/lib/central
[4.346s] running install
[4.350s] running install_lib
[4.355s] copying /app/dev_ws/build/central/build/lib/central/central_data.py -> /app/dev_ws/install/central/lib/python3.8/site-packages/central
[4.361s] byte-compiling /app/dev_ws/install/central/lib/python3.8/site-packages/central/central_data.py to central_data.cpython-38.pyc
[4.372s] Sorry: IndentationError: unindent does not match any outer indentation level (central_data.py, line 307)
[4.372s] running install_data
[4.374s] running install_egg_info
[4.383s] removing '/app/dev_ws/install/central/lib/python3.8/site-packages/central-0.0.0-py3.8.egg-info' (and everything under it)
[4.385s] Copying ../../build/central/central.egg-info to /app/dev_ws/install/central/lib/python3.8/site-packages/central-0.0.0-py3.8.egg-info
[4.392s] running install_scripts
[4.472s] Installing collect_data script to /app/dev_ws/install/central/lib/central
[4.473s] Installing config script to /app/dev_ws/install/central/lib/central
[4.475s] writing list of installed files to '/app/dev_ws/build/central/install.log'
[4.579s] Invoked command in '/app/dev_ws/src/central' returned '0': PYTHONPATH=/app/dev_ws/install/central/lib/python3.8/site-packages:${PYTHONPATH} /usr/bin/python3 setup.py egg_info --egg-base ../../build/central build --build-base /app/dev_ws/build/central/build install --prefix /app/dev_ws/install/central --record /app/dev_ws/build/central/install.log --single-version-externally-managed
