[2.725s] Invoking command in '/app/dev_ws/src/xsens_driver': PYTHONPATH=/app/dev_ws/install/xsens_driver/lib/python3.8/site-packages:/app/dev_ws/install/xsens_msgs/lib/python3.8/site-packages:/app/dev_ws/install/xsens_driver/lib/python3.8/site-packages:/app/dev_ws/install/ntrip_client/lib/python3.8/site-packages:/app/dev_ws/install/central/lib/python3.8/site-packages:/opt/ros/foxy/lib/python3.8/site-packages /usr/bin/python3 setup.py egg_info --egg-base ../../build/xsens_driver build --build-base /app/dev_ws/build/xsens_driver/build install --prefix /app/dev_ws/install/xsens_driver --record /app/dev_ws/build/xsens_driver/install.log --single-version-externally-managed
[3.689s] running egg_info
[3.691s] writing ../../build/xsens_driver/xsens_driver.egg-info/PKG-INFO
[3.693s] writing dependency_links to ../../build/xsens_driver/xsens_driver.egg-info/dependency_links.txt
[3.694s] writing entry points to ../../build/xsens_driver/xsens_driver.egg-info/entry_points.txt
[3.695s] writing requirements to ../../build/xsens_driver/xsens_driver.egg-info/requires.txt
[3.696s] writing top-level names to ../../build/xsens_driver/xsens_driver.egg-info/top_level.txt
[3.856s] reading manifest file '../../build/xsens_driver/xsens_driver.egg-info/SOURCES.txt'
[3.861s] writing manifest file '../../build/xsens_driver/xsens_driver.egg-info/SOURCES.txt'
[3.861s] running build
[3.862s] running build_py
[3.862s] copying xsens_driver/xsens_measure.py -> /app/dev_ws/build/xsens_driver/build/lib/xsens_driver
[3.865s] running install
[3.869s] running install_lib
[3.873s] copying /app/dev_ws/build/xsens_driver/build/lib/xsens_driver/xsens_measure.py -> /app/dev_ws/install/xsens_driver/lib/python3.8/site-packages/xsens_driver
[3.877s] byte-compiling /app/dev_ws/install/xsens_driver/lib/python3.8/site-packages/xsens_driver/xsens_measure.py to xsens_measure.cpython-38.pyc
[3.883s] Sorry: IndentationError: unexpected indent (xsens_measure.py, line 161)
[3.884s] running install_data
[3.887s] running install_egg_info
[3.893s] removing '/app/dev_ws/install/xsens_driver/lib/python3.8/site-packages/xsens_driver-0.0.0-py3.8.egg-info' (and everything under it)
[3.895s] Copying ../../build/xsens_driver/xsens_driver.egg-info to /app/dev_ws/install/xsens_driver/lib/python3.8/site-packages/xsens_driver-0.0.0-py3.8.egg-info
[3.901s] running install_scripts
[3.975s] Installing main script to /app/dev_ws/install/xsens_driver/lib/xsens_driver
[3.977s] writing list of installed files to '/app/dev_ws/build/xsens_driver/install.log'
[4.074s] Invoked command in '/app/dev_ws/src/xsens_driver' returned '0': PYTHONPATH=/app/dev_ws/install/xsens_driver/lib/python3.8/site-packages:/app/dev_ws/install/xsens_msgs/lib/python3.8/site-packages:/app/dev_ws/install/xsens_driver/lib/python3.8/site-packages:/app/dev_ws/install/ntrip_client/lib/python3.8/site-packages:/app/dev_ws/install/central/lib/python3.8/site-packages:/opt/ros/foxy/lib/python3.8/site-packages /usr/bin/python3 setup.py egg_info --egg-base ../../build/xsens_driver build --build-base /app/dev_ws/build/xsens_driver/build install --prefix /app/dev_ws/install/xsens_driver --record /app/dev_ws/build/xsens_driver/install.log --single-version-externally-managed
