[3.433s] Invoking command in '/app/dev_ws/src/central': PYTHONPATH=/app/dev_ws/install/central/lib/python3.8/site-packages:${PYTHONPATH} /usr/bin/python3 setup.py egg_info --egg-base ../../build/central build --build-base /app/dev_ws/build/central/build install --prefix /app/dev_ws/install/central --record /app/dev_ws/build/central/install.log --single-version-externally-managed
[4.623s] running egg_info
[4.626s] writing ../../build/central/central.egg-info/PKG-INFO
[4.627s] writing dependency_links to ../../build/central/central.egg-info/dependency_links.txt
[4.629s] writing entry points to ../../build/central/central.egg-info/entry_points.txt
[4.630s] writing requirements to ../../build/central/central.egg-info/requires.txt
[4.631s] writing top-level names to ../../build/central/central.egg-info/top_level.txt
[4.799s] reading manifest file '../../build/central/central.egg-info/SOURCES.txt'
[4.804s] writing manifest file '../../build/central/central.egg-info/SOURCES.txt'
[4.805s] running build
[4.806s] running build_py
[4.808s] copying central/central_data.py -> /app/dev_ws/build/central/build/lib/central
[4.810s] running install
[4.814s] running install_lib
[4.819s] copying /app/dev_ws/build/central/build/lib/central/central_data.py -> /app/dev_ws/install/central/lib/python3.8/site-packages/central
[4.823s] byte-compiling /app/dev_ws/install/central/lib/python3.8/site-packages/central/central_data.py to central_data.cpython-38.pyc
[4.847s] running install_data
[4.850s] running install_egg_info
[4.857s] removing '/app/dev_ws/install/central/lib/python3.8/site-packages/central-0.0.0-py3.8.egg-info' (and everything under it)
[4.859s] Copying ../../build/central/central.egg-info to /app/dev_ws/install/central/lib/python3.8/site-packages/central-0.0.0-py3.8.egg-info
[4.866s] running install_scripts
[4.949s] Installing collect_data script to /app/dev_ws/install/central/lib/central
[4.950s] Installing config script to /app/dev_ws/install/central/lib/central
[4.952s] writing list of installed files to '/app/dev_ws/build/central/install.log'
[5.059s] Invoked command in '/app/dev_ws/src/central' returned '0': PYTHONPATH=/app/dev_ws/install/central/lib/python3.8/site-packages:${PYTHONPATH} /usr/bin/python3 setup.py egg_info --egg-base ../../build/central build --build-base /app/dev_ws/build/central/build install --prefix /app/dev_ws/install/central --record /app/dev_ws/build/central/install.log --single-version-externally-managed
