[3.120s] Invoking command in '/app/dev_ws/src/central': PYTHONPATH=/app/dev_ws/install/central/lib/python3.8/site-packages:${PYTHONPATH} /usr/bin/python3 setup.py egg_info --egg-base ../../build/central build --build-base /app/dev_ws/build/central/build install --prefix /app/dev_ws/install/central --record /app/dev_ws/build/central/install.log --single-version-externally-managed
[4.215s] running egg_info
[4.217s] writing ../../build/central/central.egg-info/PKG-INFO
[4.218s] writing dependency_links to ../../build/central/central.egg-info/dependency_links.txt
[4.219s] writing entry points to ../../build/central/central.egg-info/entry_points.txt
[4.220s] writing requirements to ../../build/central/central.egg-info/requires.txt
[4.221s] writing top-level names to ../../build/central/central.egg-info/top_level.txt
[4.389s] reading manifest file '../../build/central/central.egg-info/SOURCES.txt'
[4.394s] writing manifest file '../../build/central/central.egg-info/SOURCES.txt'
[4.394s] running build
[4.395s] running build_py
[4.395s] copying central/central_data.py -> /app/dev_ws/build/central/build/lib/central
[4.397s] running install
[4.401s] running install_lib
[4.406s] copying /app/dev_ws/build/central/build/lib/central/central_data.py -> /app/dev_ws/install/central/lib/python3.8/site-packages/central
[4.410s] byte-compiling /app/dev_ws/install/central/lib/python3.8/site-packages/central/central_data.py to central_data.cpython-38.pyc
[4.431s] running install_data
[4.433s] running install_egg_info
[4.440s] removing '/app/dev_ws/install/central/lib/python3.8/site-packages/central-0.0.0-py3.8.egg-info' (and everything under it)
[4.442s] Copying ../../build/central/central.egg-info to /app/dev_ws/install/central/lib/python3.8/site-packages/central-0.0.0-py3.8.egg-info
[4.449s] running install_scripts
[4.528s] Installing collect_data script to /app/dev_ws/install/central/lib/central
[4.529s] Installing config script to /app/dev_ws/install/central/lib/central
[4.531s] writing list of installed files to '/app/dev_ws/build/central/install.log'
[4.634s] Invoked command in '/app/dev_ws/src/central' returned '0': PYTHONPATH=/app/dev_ws/install/central/lib/python3.8/site-packages:${PYTHONPATH} /usr/bin/python3 setup.py egg_info --egg-base ../../build/central build --build-base /app/dev_ws/build/central/build install --prefix /app/dev_ws/install/central --record /app/dev_ws/build/central/install.log --single-version-externally-managed
