[0.495s] Invoking command in '/app/dev_ws/build/rosapi_msgs': CMAKE_PREFIX_PATH=${CMAKE_PREFIX_PATH}:/app/dev_ws/install/xsens_driver:/app/dev_ws/install/ntrip_client:/app/dev_ws/install/central:/opt/ros/foxy /usr/bin/cmake --build /app/dev_ws/build/rosapi_msgs -- -j4 -l4
[2.008s] [  0%] Built target rosapi_msgs__cpp
[2.600s] [ 12%] Built target rosapi_msgs__rosidl_generator_c
[2.787s] [ 24%] Built target rosapi_msgs__rosidl_typesupport_cpp
[2.857s] [ 37%] Built target rosapi_msgs__rosidl_typesupport_introspection_cpp
[3.524s] [ 49%] Built target rosapi_msgs__rosidl_typesupport_introspection_c
[3.572s] [ 61%] Built target rosapi_msgs__rosidl_typesupport_fastrtps_cpp
[3.707s] [ 73%] Built target rosapi_msgs__rosidl_typesupport_c
[4.068s] [ 85%] Built target rosapi_msgs__rosidl_typesupport_fastrtps_c
[4.321s] [ 85%] Built target rosapi_msgs
[4.502s] [ 85%] Built target rosapi_msgs__py
[5.089s] [ 97%] Built target rosapi_msgs__python
[5.589s] [ 98%] Built target rosapi_msgs__rosidl_typesupport_introspection_c__pyext
[5.609s] [ 99%] Built target rosapi_msgs__rosidl_typesupport_c__pyext
[5.647s] [100%] Built target rosapi_msgs__rosidl_typesupport_fastrtps_c__pyext
[5.779s] Invoked command in '/app/dev_ws/build/rosapi_msgs' returned '0': CMAKE_PREFIX_PATH=${CMAKE_PREFIX_PATH}:/app/dev_ws/install/xsens_driver:/app/dev_ws/install/ntrip_client:/app/dev_ws/install/central:/opt/ros/foxy /usr/bin/cmake --build /app/dev_ws/build/rosapi_msgs -- -j4 -l4
[10.759s] Invoking command in '/app/dev_ws/build/rosapi_msgs': CMAKE_PREFIX_PATH=${CMAKE_PREFIX_PATH}:/app/dev_ws/install/xsens_driver:/app/dev_ws/install/ntrip_client:/app/dev_ws/install/central:/opt/ros/foxy /usr/bin/cmake --install /app/dev_ws/build/rosapi_msgs
[10.823s] -- Install configuration: ""
[10.824s] -- Up-to-date: /app/dev_ws/install/rosapi_msgs/share/ament_index/resource_index/rosidl_interfaces/rosapi_msgs
[10.825s] -- Up-to-date: /app/dev_ws/install/rosapi_msgs/include/rosapi_msgs
[10.826s] -- Up-to-date: /app/dev_ws/install/rosapi_msgs/include/rosapi_msgs/msg
[10.828s] -- Up-to-date: /app/dev_ws/install/rosapi_msgs/include/rosapi_msgs/msg/type_def.h
[10.829s] -- Up-to-date: /app/dev_ws/install/rosapi_msgs/include/rosapi_msgs/msg/rosidl_generator_c__visibility_control.h
[10.829s] -- Up-to-date: /app/dev_ws/install/rosapi_msgs/include/rosapi_msgs/msg/detail
[10.831s] -- Up-to-date: /app/dev_ws/install/rosapi_msgs/include/rosapi_msgs/msg/detail/type_def__type_support.h
[10.832s] -- Up-to-date: /app/dev_ws/install/rosapi_msgs/include/rosapi_msgs/msg/detail/type_def__functions.h
[10.833s] -- Up-to-date: /app/dev_ws/install/rosapi_msgs/include/rosapi_msgs/msg/detail/type_def__struct.h
[10.834s] -- Up-to-date: /app/dev_ws/install/rosapi_msgs/include/rosapi_msgs/msg/detail/type_def__functions.c
[10.834s] -- Up-to-date: /app/dev_ws/install/rosapi_msgs/include/rosapi_msgs/srv
[10.839s] -- Up-to-date: /app/dev_ws/install/rosapi_msgs/include/rosapi_msgs/srv/publishers.h
[10.840s] -- Up-to-date: /app/dev_ws/install/rosapi_msgs/include/rosapi_msgs/srv/node_details.h
[10.841s] -- Up-to-date: /app/dev_ws/install/rosapi_msgs/include/rosapi_msgs/srv/subscribers.h
[10.843s] -- Up-to-date: /app/dev_ws/install/rosapi_msgs/include/rosapi_msgs/srv/get_action_servers.h
[10.844s] -- Up-to-date: /app/dev_ws/install/rosapi_msgs/include/rosapi_msgs/srv/get_ros_version.h
[10.846s] -- Up-to-date: /app/dev_ws/install/rosapi_msgs/include/rosapi_msgs/srv/service_node.h
[10.847s] -- Up-to-date: /app/dev_ws/install/rosapi_msgs/include/rosapi_msgs/srv/topics_and_raw_types.h
[10.847s] -- Up-to-date: /app/dev_ws/install/rosapi_msgs/include/rosapi_msgs/srv/topics_for_type.h
[10.848s] -- Up-to-date: /app/dev_ws/install/rosapi_msgs/include/rosapi_msgs/srv/service_response_details.h
[10.852s] -- Up-to-date: /app/dev_ws/install/rosapi_msgs/include/rosapi_msgs/srv/delete_param.h
[10.855s] -- Up-to-date: /app/dev_ws/install/rosapi_msgs/include/rosapi_msgs/srv/has_param.h
[10.856s] -- Up-to-date: /app/dev_ws/install/rosapi_msgs/include/rosapi_msgs/srv/service_providers.h
[10.857s] -- Up-to-date: /app/dev_ws/install/rosapi_msgs/include/rosapi_msgs/srv/topic_type.h
[10.858s] -- Up-to-date: /app/dev_ws/install/rosapi_msgs/include/rosapi_msgs/srv/services.h
[10.859s] -- Up-to-date: /app/dev_ws/install/rosapi_msgs/include/rosapi_msgs/srv/set_param.h
[10.861s] -- Up-to-date: /app/dev_ws/install/rosapi_msgs/include/rosapi_msgs/srv/get_param_names.h
[10.862s] -- Up-to-date: /app/dev_ws/install/rosapi_msgs/include/rosapi_msgs/srv/topics.h
[10.864s] -- Up-to-date: /app/dev_ws/install/rosapi_msgs/include/rosapi_msgs/srv/get_time.h
[10.865s] -- Up-to-date: /app/dev_ws/install/rosapi_msgs/include/rosapi_msgs/srv/get_param.h
[10.867s] -- Up-to-date: /app/dev_ws/install/rosapi_msgs/include/rosapi_msgs/srv/nodes.h
[10.871s] -- Up-to-date: /app/dev_ws/install/rosapi_msgs/include/rosapi_msgs/srv/detail
[10.872s] -- Up-to-date: /app/dev_ws/install/rosapi_msgs/include/rosapi_msgs/srv/detail/services__struct.h
[10.878s] -- Up-to-date: /app/dev_ws/install/rosapi_msgs/include/rosapi_msgs/srv/detail/service_type__functions.h
[10.879s] -- Up-to-date: /app/dev_ws/install/rosapi_msgs/include/rosapi_msgs/srv/detail/service_type__type_support.h
[10.880s] -- Up-to-date: /app/dev_ws/install/rosapi_msgs/include/rosapi_msgs/srv/detail/get_action_servers__functions.h
[10.881s] -- Up-to-date: /app/dev_ws/install/rosapi_msgs/include/rosapi_msgs/srv/detail/node_details__functions.h
[10.882s] -- Up-to-date: /app/dev_ws/install/rosapi_msgs/include/rosapi_msgs/srv/detail/get_time__struct.h
[10.882s] -- Up-to-date: /app/dev_ws/install/rosapi_msgs/include/rosapi_msgs/srv/detail/publishers__struct.h
[10.883s] -- Up-to-date: /app/dev_ws/install/rosapi_msgs/include/rosapi_msgs/srv/detail/topics__type_support.h
[10.884s] -- Up-to-date: /app/dev_ws/install/rosapi_msgs/include/rosapi_msgs/srv/detail/subscribers__functions.h
[10.884s] -- Up-to-date: /app/dev_ws/install/rosapi_msgs/include/rosapi_msgs/srv/detail/get_time__functions.c
[10.885s] -- Up-to-date: /app/dev_ws/install/rosapi_msgs/include/rosapi_msgs/srv/detail/has_param__functions.c
[10.886s] -- Up-to-date: /app/dev_ws/install/rosapi_msgs/include/rosapi_msgs/srv/detail/get_param_names__struct.h
[10.887s] -- Up-to-date: /app/dev_ws/install/rosapi_msgs/include/rosapi_msgs/srv/detail/get_ros_version__type_support.h
[10.888s] -- Up-to-date: /app/dev_ws/install/rosapi_msgs/include/rosapi_msgs/srv/detail/get_ros_version__struct.h
[10.888s] -- Up-to-date: /app/dev_ws/install/rosapi_msgs/include/rosapi_msgs/srv/detail/message_details__functions.c
[10.889s] -- Up-to-date: /app/dev_ws/install/rosapi_msgs/include/rosapi_msgs/srv/detail/subscribers__type_support.h
[10.891s] -- Up-to-date: /app/dev_ws/install/rosapi_msgs/include/rosapi_msgs/srv/detail/topics_and_raw_types__functions.c
[10.891s] -- Up-to-date: /app/dev_ws/install/rosapi_msgs/include/rosapi_msgs/srv/detail/subscribers__struct.h
[10.900s] -- Up-to-date: /app/dev_ws/install/rosapi_msgs/include/rosapi_msgs/srv/detail/get_param_names__functions.h
[10.902s] -- Up-to-date: /app/dev_ws/install/rosapi_msgs/include/rosapi_msgs/srv/detail/node_details__type_support.h
[10.902s] -- Up-to-date: /app/dev_ws/install/rosapi_msgs/include/rosapi_msgs/srv/detail/get_time__type_support.h
[10.903s] -- Up-to-date: /app/dev_ws/install/rosapi_msgs/include/rosapi_msgs/srv/detail/message_details__type_support.h
[10.903s] -- Up-to-date: /app/dev_ws/install/rosapi_msgs/include/rosapi_msgs/srv/detail/node_details__functions.c
[10.904s] -- Up-to-date: /app/dev_ws/install/rosapi_msgs/include/rosapi_msgs/srv/detail/delete_param__type_support.h
[10.904s] -- Up-to-date: /app/dev_ws/install/rosapi_msgs/include/rosapi_msgs/srv/detail/topics__functions.c
[10.907s] -- Up-to-date: /app/dev_ws/install/rosapi_msgs/include/rosapi_msgs/srv/detail/services__functions.h
[10.908s] -- Up-to-date: /app/dev_ws/install/rosapi_msgs/include/rosapi_msgs/srv/detail/topic_type__type_support.h
[10.916s] -- Up-to-date: /app/dev_ws/install/rosapi_msgs/include/rosapi_msgs/srv/detail/service_node__type_support.h
[10.917s] -- Up-to-date: /app/dev_ws/install/rosapi_msgs/include/rosapi_msgs/srv/detail/publishers__type_support.h
[10.917s] -- Up-to-date: /app/dev_ws/install/rosapi_msgs/include/rosapi_msgs/srv/detail/service_node__functions.c
[10.918s] -- Up-to-date: /app/dev_ws/install/rosapi_msgs/include/rosapi_msgs/srv/detail/set_param__functions.h
[10.922s] -- Up-to-date: /app/dev_ws/install/rosapi_msgs/include/rosapi_msgs/srv/detail/service_request_details__functions.c
[10.924s] -- Up-to-date: /app/dev_ws/install/rosapi_msgs/include/rosapi_msgs/srv/detail/message_details__struct.h
[10.925s] -- Up-to-date: /app/dev_ws/install/rosapi_msgs/include/rosapi_msgs/srv/detail/get_action_servers__struct.h
[10.926s] -- Up-to-date: /app/dev_ws/install/rosapi_msgs/include/rosapi_msgs/srv/detail/service_response_details__functions.c
[10.926s] -- Up-to-date: /app/dev_ws/install/rosapi_msgs/include/rosapi_msgs/srv/detail/topics_and_raw_types__type_support.h
[10.927s] -- Up-to-date: /app/dev_ws/install/rosapi_msgs/include/rosapi_msgs/srv/detail/delete_param__functions.h
[10.927s] -- Up-to-date: /app/dev_ws/install/rosapi_msgs/include/rosapi_msgs/srv/detail/topic_type__functions.c
[10.928s] -- Up-to-date: /app/dev_ws/install/rosapi_msgs/include/rosapi_msgs/srv/detail/delete_param__functions.c
[10.929s] -- Up-to-date: /app/dev_ws/install/rosapi_msgs/include/rosapi_msgs/srv/detail/topic_type__struct.h
[10.934s] -- Up-to-date: /app/dev_ws/install/rosapi_msgs/include/rosapi_msgs/srv/detail/has_param__functions.h
[10.939s] -- Up-to-date: /app/dev_ws/install/rosapi_msgs/include/rosapi_msgs/srv/detail/publishers__functions.c
[10.941s] -- Up-to-date: /app/dev_ws/install/rosapi_msgs/include/rosapi_msgs/srv/detail/service_request_details__type_support.h
[10.942s] -- Up-to-date: /app/dev_ws/install/rosapi_msgs/include/rosapi_msgs/srv/detail/service_response_details__functions.h
[10.943s] -- Up-to-date: /app/dev_ws/install/rosapi_msgs/include/rosapi_msgs/srv/detail/delete_param__struct.h
[10.944s] -- Up-to-date: /app/dev_ws/install/rosapi_msgs/include/rosapi_msgs/srv/detail/service_request_details__struct.h
[10.945s] -- Up-to-date: /app/dev_ws/install/rosapi_msgs/include/rosapi_msgs/srv/detail/service_response_details__struct.h
[10.945s] -- Up-to-date: /app/dev_ws/install/rosapi_msgs/include/rosapi_msgs/srv/detail/service_type__struct.h
[10.946s] -- Up-to-date: /app/dev_ws/install/rosapi_msgs/include/rosapi_msgs/srv/detail/get_action_servers__functions.c
[10.949s] -- Up-to-date: /app/dev_ws/install/rosapi_msgs/include/rosapi_msgs/srv/detail/service_providers__functions.c
[10.950s] -- Up-to-date: /app/dev_ws/install/rosapi_msgs/include/rosapi_msgs/srv/detail/node_details__struct.h
[10.956s] -- Up-to-date: /app/dev_ws/install/rosapi_msgs/include/rosapi_msgs/srv/detail/topics__functions.h
[10.958s] -- Up-to-date: /app/dev_ws/install/rosapi_msgs/include/rosapi_msgs/srv/detail/service_node__struct.h
[10.959s] -- Up-to-date: /app/dev_ws/install/rosapi_msgs/include/rosapi_msgs/srv/detail/services__functions.c
[10.960s] -- Up-to-date: /app/dev_ws/install/rosapi_msgs/include/rosapi_msgs/srv/detail/service_type__functions.c
[10.962s] -- Up-to-date: /app/dev_ws/install/rosapi_msgs/include/rosapi_msgs/srv/detail/get_action_servers__type_support.h
[10.963s] -- Up-to-date: /app/dev_ws/install/rosapi_msgs/include/rosapi_msgs/srv/detail/topics__struct.h
[10.963s] -- Up-to-date: /app/dev_ws/install/rosapi_msgs/include/rosapi_msgs/srv/detail/nodes__struct.h
[10.964s] -- Up-to-date: /app/dev_ws/install/rosapi_msgs/include/rosapi_msgs/srv/detail/services_for_type__functions.h
[10.964s] -- Up-to-date: /app/dev_ws/install/rosapi_msgs/include/rosapi_msgs/srv/detail/has_param__type_support.h
[10.965s] -- Up-to-date: /app/dev_ws/install/rosapi_msgs/include/rosapi_msgs/srv/detail/set_param__functions.c
[10.966s] -- Up-to-date: /app/dev_ws/install/rosapi_msgs/include/rosapi_msgs/srv/detail/topics_and_raw_types__struct.h
[10.966s] -- Up-to-date: /app/dev_ws/install/rosapi_msgs/include/rosapi_msgs/srv/detail/get_param_names__functions.c
[10.975s] -- Up-to-date: /app/dev_ws/install/rosapi_msgs/include/rosapi_msgs/srv/detail/service_providers__struct.h
[10.979s] -- Up-to-date: /app/dev_ws/install/rosapi_msgs/include/rosapi_msgs/srv/detail/topics_for_type__functions.h
[10.981s] -- Up-to-date: /app/dev_ws/install/rosapi_msgs/include/rosapi_msgs/srv/detail/nodes__functions.h
[10.983s] -- Up-to-date: /app/dev_ws/install/rosapi_msgs/include/rosapi_msgs/srv/detail/get_ros_version__functions.h
[10.985s] -- Up-to-date: /app/dev_ws/install/rosapi_msgs/include/rosapi_msgs/srv/detail/topics_and_raw_types__functions.h
[10.991s] -- Up-to-date: /app/dev_ws/install/rosapi_msgs/include/rosapi_msgs/srv/detail/service_response_details__type_support.h
[10.992s] -- Up-to-date: /app/dev_ws/install/rosapi_msgs/include/rosapi_msgs/srv/detail/has_param__struct.h
[10.992s] -- Up-to-date: /app/dev_ws/install/rosapi_msgs/include/rosapi_msgs/srv/detail/services_for_type__type_support.h
[10.994s] -- Up-to-date: /app/dev_ws/install/rosapi_msgs/include/rosapi_msgs/srv/detail/get_param_names__type_support.h
[10.995s] -- Up-to-date: /app/dev_ws/install/rosapi_msgs/include/rosapi_msgs/srv/detail/services_for_type__struct.h
[10.996s] -- Up-to-date: /app/dev_ws/install/rosapi_msgs/include/rosapi_msgs/srv/detail/publishers__functions.h
[10.997s] -- Up-to-date: /app/dev_ws/install/rosapi_msgs/include/rosapi_msgs/srv/detail/get_ros_version__functions.c
[10.998s] -- Up-to-date: /app/dev_ws/install/rosapi_msgs/include/rosapi_msgs/srv/detail/services__type_support.h
[10.999s] -- Up-to-date: /app/dev_ws/install/rosapi_msgs/include/rosapi_msgs/srv/detail/set_param__struct.h
[11.000s] -- Up-to-date: /app/dev_ws/install/rosapi_msgs/include/rosapi_msgs/srv/detail/get_param__type_support.h
[11.001s] -- Up-to-date: /app/dev_ws/install/rosapi_msgs/include/rosapi_msgs/srv/detail/get_param__functions.h
[11.003s] -- Up-to-date: /app/dev_ws/install/rosapi_msgs/include/rosapi_msgs/srv/detail/service_node__functions.h
[11.004s] -- Up-to-date: /app/dev_ws/install/rosapi_msgs/include/rosapi_msgs/srv/detail/service_providers__type_support.h
[11.004s] -- Up-to-date: /app/dev_ws/install/rosapi_msgs/include/rosapi_msgs/srv/detail/get_param__functions.c
[11.005s] -- Up-to-date: /app/dev_ws/install/rosapi_msgs/include/rosapi_msgs/srv/detail/subscribers__functions.c
[11.006s] -- Up-to-date: /app/dev_ws/install/rosapi_msgs/include/rosapi_msgs/srv/detail/message_details__functions.h
[11.006s] -- Up-to-date: /app/dev_ws/install/rosapi_msgs/include/rosapi_msgs/srv/detail/topics_for_type__functions.c
[11.007s] -- Up-to-date: /app/dev_ws/install/rosapi_msgs/include/rosapi_msgs/srv/detail/nodes__type_support.h
[11.007s] -- Up-to-date: /app/dev_ws/install/rosapi_msgs/include/rosapi_msgs/srv/detail/nodes__functions.c
[11.008s] -- Up-to-date: /app/dev_ws/install/rosapi_msgs/include/rosapi_msgs/srv/detail/topics_for_type__struct.h
[11.011s] -- Up-to-date: /app/dev_ws/install/rosapi_msgs/include/rosapi_msgs/srv/detail/get_time__functions.h
[11.012s] -- Up-to-date: /app/dev_ws/install/rosapi_msgs/include/rosapi_msgs/srv/detail/set_param__type_support.h
[11.014s] -- Up-to-date: /app/dev_ws/install/rosapi_msgs/include/rosapi_msgs/srv/detail/topics_for_type__type_support.h
[11.015s] -- Up-to-date: /app/dev_ws/install/rosapi_msgs/include/rosapi_msgs/srv/detail/get_param__struct.h
[11.016s] -- Up-to-date: /app/dev_ws/install/rosapi_msgs/include/rosapi_msgs/srv/detail/service_request_details__functions.h
[11.018s] -- Up-to-date: /app/dev_ws/install/rosapi_msgs/include/rosapi_msgs/srv/detail/service_providers__functions.h
[11.019s] -- Up-to-date: /app/dev_ws/install/rosapi_msgs/include/rosapi_msgs/srv/detail/topic_type__functions.h
[11.019s] -- Up-to-date: /app/dev_ws/install/rosapi_msgs/include/rosapi_msgs/srv/detail/services_for_type__functions.c
[11.020s] -- Up-to-date: /app/dev_ws/install/rosapi_msgs/include/rosapi_msgs/srv/services_for_type.h
[11.021s] -- Up-to-date: /app/dev_ws/install/rosapi_msgs/include/rosapi_msgs/srv/message_details.h
[11.022s] -- Up-to-date: /app/dev_ws/install/rosapi_msgs/include/rosapi_msgs/srv/service_request_details.h
[11.023s] -- Up-to-date: /app/dev_ws/install/rosapi_msgs/include/rosapi_msgs/srv/service_type.h
[11.025s] -- Up-to-date: /app/dev_ws/install/rosapi_msgs/share/rosapi_msgs/environment/library_path.sh
[11.026s] -- Up-to-date: /app/dev_ws/install/rosapi_msgs/share/rosapi_msgs/environment/library_path.dsv
[11.027s] -- Up-to-date: /app/dev_ws/install/rosapi_msgs/lib/librosapi_msgs__rosidl_generator_c.so
[11.029s] -- Up-to-date: /app/dev_ws/install/rosapi_msgs/include/rosapi_msgs
[11.031s] -- Up-to-date: /app/dev_ws/install/rosapi_msgs/include/rosapi_msgs/msg
[11.031s] -- Up-to-date: /app/dev_ws/install/rosapi_msgs/include/rosapi_msgs/msg/detail
[11.033s] -- Up-to-date: /app/dev_ws/install/rosapi_msgs/include/rosapi_msgs/msg/detail/type_def__rosidl_typesupport_fastrtps_c.h
[11.034s] -- Up-to-date: /app/dev_ws/install/rosapi_msgs/include/rosapi_msgs/msg/rosidl_typesupport_fastrtps_c__visibility_control.h
[11.035s] -- Up-to-date: /app/dev_ws/install/rosapi_msgs/include/rosapi_msgs/srv
[11.037s] -- Up-to-date: /app/dev_ws/install/rosapi_msgs/include/rosapi_msgs/srv/detail
[11.038s] -- Up-to-date: /app/dev_ws/install/rosapi_msgs/include/rosapi_msgs/srv/detail/topic_type__rosidl_typesupport_fastrtps_c.h
[11.039s] -- Up-to-date: /app/dev_ws/install/rosapi_msgs/include/rosapi_msgs/srv/detail/get_ros_version__rosidl_typesupport_fastrtps_c.h
[11.040s] -- Up-to-date: /app/dev_ws/install/rosapi_msgs/include/rosapi_msgs/srv/detail/topics__rosidl_typesupport_fastrtps_c.h
[11.042s] -- Up-to-date: /app/dev_ws/install/rosapi_msgs/include/rosapi_msgs/srv/detail/service_providers__rosidl_typesupport_fastrtps_c.h
[11.044s] -- Up-to-date: /app/dev_ws/install/rosapi_msgs/include/rosapi_msgs/srv/detail/topics_for_type__rosidl_typesupport_fastrtps_c.h
[11.047s] -- Up-to-date: /app/dev_ws/install/rosapi_msgs/include/rosapi_msgs/srv/detail/set_param__rosidl_typesupport_fastrtps_c.h
[11.049s] -- Up-to-date: /app/dev_ws/install/rosapi_msgs/include/rosapi_msgs/srv/detail/subscribers__rosidl_typesupport_fastrtps_c.h
[11.052s] -- Up-to-date: /app/dev_ws/install/rosapi_msgs/include/rosapi_msgs/srv/detail/services__rosidl_typesupport_fastrtps_c.h
[11.054s] -- Up-to-date: /app/dev_ws/install/rosapi_msgs/include/rosapi_msgs/srv/detail/get_param_names__rosidl_typesupport_fastrtps_c.h
[11.055s] -- Up-to-date: /app/dev_ws/install/rosapi_msgs/include/rosapi_msgs/srv/detail/services_for_type__rosidl_typesupport_fastrtps_c.h
[11.056s] -- Up-to-date: /app/dev_ws/install/rosapi_msgs/include/rosapi_msgs/srv/detail/service_type__rosidl_typesupport_fastrtps_c.h
[11.057s] -- Up-to-date: /app/dev_ws/install/rosapi_msgs/include/rosapi_msgs/srv/detail/get_time__rosidl_typesupport_fastrtps_c.h
[11.059s] -- Up-to-date: /app/dev_ws/install/rosapi_msgs/include/rosapi_msgs/srv/detail/get_action_servers__rosidl_typesupport_fastrtps_c.h
[11.060s] -- Up-to-date: /app/dev_ws/install/rosapi_msgs/include/rosapi_msgs/srv/detail/service_request_details__rosidl_typesupport_fastrtps_c.h
[11.061s] -- Up-to-date: /app/dev_ws/install/rosapi_msgs/include/rosapi_msgs/srv/detail/node_details__rosidl_typesupport_fastrtps_c.h
[11.062s] -- Up-to-date: /app/dev_ws/install/rosapi_msgs/include/rosapi_msgs/srv/detail/service_node__rosidl_typesupport_fastrtps_c.h
[11.062s] -- Up-to-date: /app/dev_ws/install/rosapi_msgs/include/rosapi_msgs/srv/detail/message_details__rosidl_typesupport_fastrtps_c.h
[11.065s] -- Up-to-date: /app/dev_ws/install/rosapi_msgs/include/rosapi_msgs/srv/detail/delete_param__rosidl_typesupport_fastrtps_c.h
[11.066s] -- Up-to-date: /app/dev_ws/install/rosapi_msgs/include/rosapi_msgs/srv/detail/nodes__rosidl_typesupport_fastrtps_c.h
[11.067s] -- Up-to-date: /app/dev_ws/install/rosapi_msgs/include/rosapi_msgs/srv/detail/topics_and_raw_types__rosidl_typesupport_fastrtps_c.h
[11.068s] -- Up-to-date: /app/dev_ws/install/rosapi_msgs/include/rosapi_msgs/srv/detail/has_param__rosidl_typesupport_fastrtps_c.h
[11.069s] -- Up-to-date: /app/dev_ws/install/rosapi_msgs/include/rosapi_msgs/srv/detail/publishers__rosidl_typesupport_fastrtps_c.h
[11.071s] -- Up-to-date: /app/dev_ws/install/rosapi_msgs/include/rosapi_msgs/srv/detail/service_response_details__rosidl_typesupport_fastrtps_c.h
[11.072s] -- Up-to-date: /app/dev_ws/install/rosapi_msgs/include/rosapi_msgs/srv/detail/get_param__rosidl_typesupport_fastrtps_c.h
[11.073s] -- Up-to-date: /app/dev_ws/install/rosapi_msgs/lib/librosapi_msgs__rosidl_typesupport_fastrtps_c.so
[11.073s] -- Up-to-date: /app/dev_ws/install/rosapi_msgs/include/rosapi_msgs
[11.074s] -- Up-to-date: /app/dev_ws/install/rosapi_msgs/include/rosapi_msgs/msg
[11.076s] -- Up-to-date: /app/dev_ws/install/rosapi_msgs/include/rosapi_msgs/msg/detail
[11.076s] -- Up-to-date: /app/dev_ws/install/rosapi_msgs/include/rosapi_msgs/msg/detail/type_def__rosidl_typesupport_fastrtps_cpp.hpp
[11.077s] -- Up-to-date: /app/dev_ws/install/rosapi_msgs/include/rosapi_msgs/msg/detail/dds_fastrtps
[11.079s] -- Up-to-date: /app/dev_ws/install/rosapi_msgs/include/rosapi_msgs/msg/rosidl_typesupport_fastrtps_cpp__visibility_control.h
[11.080s] -- Up-to-date: /app/dev_ws/install/rosapi_msgs/include/rosapi_msgs/srv
[11.081s] -- Up-to-date: /app/dev_ws/install/rosapi_msgs/include/rosapi_msgs/srv/detail
[11.082s] -- Up-to-date: /app/dev_ws/install/rosapi_msgs/include/rosapi_msgs/srv/detail/service_request_details__rosidl_typesupport_fastrtps_cpp.hpp
[11.083s] -- Up-to-date: /app/dev_ws/install/rosapi_msgs/include/rosapi_msgs/srv/detail/topics__rosidl_typesupport_fastrtps_cpp.hpp
[11.084s] -- Up-to-date: /app/dev_ws/install/rosapi_msgs/include/rosapi_msgs/srv/detail/has_param__rosidl_typesupport_fastrtps_cpp.hpp
[11.085s] -- Up-to-date: /app/dev_ws/install/rosapi_msgs/include/rosapi_msgs/srv/detail/get_param_names__rosidl_typesupport_fastrtps_cpp.hpp
[11.087s] -- Up-to-date: /app/dev_ws/install/rosapi_msgs/include/rosapi_msgs/srv/detail/nodes__rosidl_typesupport_fastrtps_cpp.hpp
[11.088s] -- Up-to-date: /app/dev_ws/install/rosapi_msgs/include/rosapi_msgs/srv/detail/service_providers__rosidl_typesupport_fastrtps_cpp.hpp
[11.089s] -- Up-to-date: /app/dev_ws/install/rosapi_msgs/include/rosapi_msgs/srv/detail/delete_param__rosidl_typesupport_fastrtps_cpp.hpp
[11.090s] -- Up-to-date: /app/dev_ws/install/rosapi_msgs/include/rosapi_msgs/srv/detail/topics_and_raw_types__rosidl_typesupport_fastrtps_cpp.hpp
[11.092s] -- Up-to-date: /app/dev_ws/install/rosapi_msgs/include/rosapi_msgs/srv/detail/topic_type__rosidl_typesupport_fastrtps_cpp.hpp
[11.093s] -- Up-to-date: /app/dev_ws/install/rosapi_msgs/include/rosapi_msgs/srv/detail/set_param__rosidl_typesupport_fastrtps_cpp.hpp
[11.094s] -- Up-to-date: /app/dev_ws/install/rosapi_msgs/include/rosapi_msgs/srv/detail/message_details__rosidl_typesupport_fastrtps_cpp.hpp
[11.095s] -- Up-to-date: /app/dev_ws/install/rosapi_msgs/include/rosapi_msgs/srv/detail/node_details__rosidl_typesupport_fastrtps_cpp.hpp
[11.096s] -- Up-to-date: /app/dev_ws/install/rosapi_msgs/include/rosapi_msgs/srv/detail/get_ros_version__rosidl_typesupport_fastrtps_cpp.hpp
[11.097s] -- Up-to-date: /app/dev_ws/install/rosapi_msgs/include/rosapi_msgs/srv/detail/topics_for_type__rosidl_typesupport_fastrtps_cpp.hpp
[11.099s] -- Up-to-date: /app/dev_ws/install/rosapi_msgs/include/rosapi_msgs/srv/detail/publishers__rosidl_typesupport_fastrtps_cpp.hpp
[11.101s] -- Up-to-date: /app/dev_ws/install/rosapi_msgs/include/rosapi_msgs/srv/detail/get_param__rosidl_typesupport_fastrtps_cpp.hpp
[11.102s] -- Up-to-date: /app/dev_ws/install/rosapi_msgs/include/rosapi_msgs/srv/detail/services_for_type__rosidl_typesupport_fastrtps_cpp.hpp
[11.103s] -- Up-to-date: /app/dev_ws/install/rosapi_msgs/include/rosapi_msgs/srv/detail/subscribers__rosidl_typesupport_fastrtps_cpp.hpp
[11.104s] -- Up-to-date: /app/dev_ws/install/rosapi_msgs/include/rosapi_msgs/srv/detail/get_time__rosidl_typesupport_fastrtps_cpp.hpp
[11.104s] -- Up-to-date: /app/dev_ws/install/rosapi_msgs/include/rosapi_msgs/srv/detail/services__rosidl_typesupport_fastrtps_cpp.hpp
[11.105s] -- Up-to-date: /app/dev_ws/install/rosapi_msgs/include/rosapi_msgs/srv/detail/service_type__rosidl_typesupport_fastrtps_cpp.hpp
[11.105s] -- Up-to-date: /app/dev_ws/install/rosapi_msgs/include/rosapi_msgs/srv/detail/service_node__rosidl_typesupport_fastrtps_cpp.hpp
[11.106s] -- Up-to-date: /app/dev_ws/install/rosapi_msgs/include/rosapi_msgs/srv/detail/service_response_details__rosidl_typesupport_fastrtps_cpp.hpp
[11.107s] -- Up-to-date: /app/dev_ws/install/rosapi_msgs/include/rosapi_msgs/srv/detail/dds_fastrtps
[11.108s] -- Up-to-date: /app/dev_ws/install/rosapi_msgs/include/rosapi_msgs/srv/detail/get_action_servers__rosidl_typesupport_fastrtps_cpp.hpp
[11.109s] -- Up-to-date: /app/dev_ws/install/rosapi_msgs/lib/librosapi_msgs__rosidl_typesupport_fastrtps_cpp.so
[11.111s] -- Up-to-date: /app/dev_ws/install/rosapi_msgs/include/rosapi_msgs
[11.112s] -- Up-to-date: /app/dev_ws/install/rosapi_msgs/include/rosapi_msgs/msg
[11.112s] -- Up-to-date: /app/dev_ws/install/rosapi_msgs/include/rosapi_msgs/msg/rosidl_typesupport_introspection_c__visibility_control.h
[11.113s] -- Up-to-date: /app/dev_ws/install/rosapi_msgs/include/rosapi_msgs/msg/detail
[11.113s] -- Up-to-date: /app/dev_ws/install/rosapi_msgs/include/rosapi_msgs/msg/detail/type_def__rosidl_typesupport_introspection_c.h
[11.115s] -- Up-to-date: /app/dev_ws/install/rosapi_msgs/include/rosapi_msgs/msg/detail/type_def__type_support.c
[11.116s] -- Up-to-date: /app/dev_ws/install/rosapi_msgs/include/rosapi_msgs/srv
[11.116s] -- Up-to-date: /app/dev_ws/install/rosapi_msgs/include/rosapi_msgs/srv/detail
[11.117s] -- Up-to-date: /app/dev_ws/install/rosapi_msgs/include/rosapi_msgs/srv/detail/service_response_details__type_support.c
[11.118s] -- Up-to-date: /app/dev_ws/install/rosapi_msgs/include/rosapi_msgs/srv/detail/get_param__type_support.c
[11.120s] -- Up-to-date: /app/dev_ws/install/rosapi_msgs/include/rosapi_msgs/srv/detail/has_param__rosidl_typesupport_introspection_c.h
[11.120s] -- Up-to-date: /app/dev_ws/install/rosapi_msgs/include/rosapi_msgs/srv/detail/get_param_names__rosidl_typesupport_introspection_c.h
[11.121s] -- Up-to-date: /app/dev_ws/install/rosapi_msgs/include/rosapi_msgs/srv/detail/nodes__rosidl_typesupport_introspection_c.h
[11.122s] -- Up-to-date: /app/dev_ws/install/rosapi_msgs/include/rosapi_msgs/srv/detail/get_param__rosidl_typesupport_introspection_c.h
[11.123s] -- Up-to-date: /app/dev_ws/install/rosapi_msgs/include/rosapi_msgs/srv/detail/node_details__type_support.c
[11.123s] -- Up-to-date: /app/dev_ws/install/rosapi_msgs/include/rosapi_msgs/srv/detail/service_request_details__rosidl_typesupport_introspection_c.h
[11.124s] -- Up-to-date: /app/dev_ws/install/rosapi_msgs/include/rosapi_msgs/srv/detail/get_action_servers__rosidl_typesupport_introspection_c.h
[11.124s] -- Up-to-date: /app/dev_ws/install/rosapi_msgs/include/rosapi_msgs/srv/detail/message_details__rosidl_typesupport_introspection_c.h
[11.125s] -- Up-to-date: /app/dev_ws/install/rosapi_msgs/include/rosapi_msgs/srv/detail/service_providers__rosidl_typesupport_introspection_c.h
[11.126s] -- Up-to-date: /app/dev_ws/install/rosapi_msgs/include/rosapi_msgs/srv/detail/services_for_type__rosidl_typesupport_introspection_c.h
[11.127s] -- Up-to-date: /app/dev_ws/install/rosapi_msgs/include/rosapi_msgs/srv/detail/has_param__type_support.c
[11.127s] -- Up-to-date: /app/dev_ws/install/rosapi_msgs/include/rosapi_msgs/srv/detail/topic_type__type_support.c
[11.129s] -- Up-to-date: /app/dev_ws/install/rosapi_msgs/include/rosapi_msgs/srv/detail/topics_for_type__type_support.c
[11.129s] -- Up-to-date: /app/dev_ws/install/rosapi_msgs/include/rosapi_msgs/srv/detail/get_action_servers__type_support.c
[11.130s] -- Up-to-date: /app/dev_ws/install/rosapi_msgs/include/rosapi_msgs/srv/detail/topic_type__rosidl_typesupport_introspection_c.h
[11.131s] -- Up-to-date: /app/dev_ws/install/rosapi_msgs/include/rosapi_msgs/srv/detail/delete_param__type_support.c
[11.131s] -- Up-to-date: /app/dev_ws/install/rosapi_msgs/include/rosapi_msgs/srv/detail/service_request_details__type_support.c
[11.132s] -- Up-to-date: /app/dev_ws/install/rosapi_msgs/include/rosapi_msgs/srv/detail/node_details__rosidl_typesupport_introspection_c.h
[11.132s] -- Up-to-date: /app/dev_ws/install/rosapi_msgs/include/rosapi_msgs/srv/detail/service_node__type_support.c
[11.133s] -- Up-to-date: /app/dev_ws/install/rosapi_msgs/include/rosapi_msgs/srv/detail/set_param__rosidl_typesupport_introspection_c.h
[11.134s] -- Up-to-date: /app/dev_ws/install/rosapi_msgs/include/rosapi_msgs/srv/detail/get_ros_version__rosidl_typesupport_introspection_c.h
[11.135s] -- Up-to-date: /app/dev_ws/install/rosapi_msgs/include/rosapi_msgs/srv/detail/topics__type_support.c
[11.135s] -- Up-to-date: /app/dev_ws/install/rosapi_msgs/include/rosapi_msgs/srv/detail/publishers__rosidl_typesupport_introspection_c.h
[11.136s] -- Up-to-date: /app/dev_ws/install/rosapi_msgs/include/rosapi_msgs/srv/detail/nodes__type_support.c
[11.136s] -- Up-to-date: /app/dev_ws/install/rosapi_msgs/include/rosapi_msgs/srv/detail/subscribers__rosidl_typesupport_introspection_c.h
[11.137s] -- Up-to-date: /app/dev_ws/install/rosapi_msgs/include/rosapi_msgs/srv/detail/topics__rosidl_typesupport_introspection_c.h
[11.138s] -- Up-to-date: /app/dev_ws/install/rosapi_msgs/include/rosapi_msgs/srv/detail/topics_for_type__rosidl_typesupport_introspection_c.h
[11.138s] -- Up-to-date: /app/dev_ws/install/rosapi_msgs/include/rosapi_msgs/srv/detail/get_ros_version__type_support.c
[11.139s] -- Up-to-date: /app/dev_ws/install/rosapi_msgs/include/rosapi_msgs/srv/detail/services__rosidl_typesupport_introspection_c.h
[11.140s] -- Up-to-date: /app/dev_ws/install/rosapi_msgs/include/rosapi_msgs/srv/detail/delete_param__rosidl_typesupport_introspection_c.h
[11.140s] -- Up-to-date: /app/dev_ws/install/rosapi_msgs/include/rosapi_msgs/srv/detail/get_time__type_support.c
[11.141s] -- Up-to-date: /app/dev_ws/install/rosapi_msgs/include/rosapi_msgs/srv/detail/service_providers__type_support.c
[11.142s] -- Up-to-date: /app/dev_ws/install/rosapi_msgs/include/rosapi_msgs/srv/detail/topics_and_raw_types__type_support.c
[11.143s] -- Up-to-date: /app/dev_ws/install/rosapi_msgs/include/rosapi_msgs/srv/detail/service_type__type_support.c
[11.144s] -- Up-to-date: /app/dev_ws/install/rosapi_msgs/include/rosapi_msgs/srv/detail/set_param__type_support.c
[11.145s] -- Up-to-date: /app/dev_ws/install/rosapi_msgs/include/rosapi_msgs/srv/detail/service_type__rosidl_typesupport_introspection_c.h
[11.145s] -- Up-to-date: /app/dev_ws/install/rosapi_msgs/include/rosapi_msgs/srv/detail/message_details__type_support.c
[11.146s] -- Up-to-date: /app/dev_ws/install/rosapi_msgs/include/rosapi_msgs/srv/detail/topics_and_raw_types__rosidl_typesupport_introspection_c.h
[11.147s] -- Up-to-date: /app/dev_ws/install/rosapi_msgs/include/rosapi_msgs/srv/detail/service_node__rosidl_typesupport_introspection_c.h
[11.147s] -- Up-to-date: /app/dev_ws/install/rosapi_msgs/include/rosapi_msgs/srv/detail/get_param_names__type_support.c
[11.148s] -- Up-to-date: /app/dev_ws/install/rosapi_msgs/include/rosapi_msgs/srv/detail/get_time__rosidl_typesupport_introspection_c.h
[11.149s] -- Up-to-date: /app/dev_ws/install/rosapi_msgs/include/rosapi_msgs/srv/detail/subscribers__type_support.c
[11.150s] -- Up-to-date: /app/dev_ws/install/rosapi_msgs/include/rosapi_msgs/srv/detail/services_for_type__type_support.c
[11.151s] -- Up-to-date: /app/dev_ws/install/rosapi_msgs/include/rosapi_msgs/srv/detail/services__type_support.c
[11.151s] -- Up-to-date: /app/dev_ws/install/rosapi_msgs/include/rosapi_msgs/srv/detail/service_response_details__rosidl_typesupport_introspection_c.h
[11.152s] -- Up-to-date: /app/dev_ws/install/rosapi_msgs/include/rosapi_msgs/srv/detail/publishers__type_support.c
[11.152s] -- Up-to-date: /app/dev_ws/install/rosapi_msgs/lib/librosapi_msgs__rosidl_typesupport_introspection_c.so
[11.153s] -- Up-to-date: /app/dev_ws/install/rosapi_msgs/lib/librosapi_msgs__rosidl_typesupport_c.so
[11.155s] -- Up-to-date: /app/dev_ws/install/rosapi_msgs/include/rosapi_msgs
[11.155s] -- Up-to-date: /app/dev_ws/install/rosapi_msgs/include/rosapi_msgs/msg
[11.156s] -- Up-to-date: /app/dev_ws/install/rosapi_msgs/include/rosapi_msgs/msg/detail
[11.157s] -- Up-to-date: /app/dev_ws/install/rosapi_msgs/include/rosapi_msgs/msg/detail/type_def__struct.hpp
[11.157s] -- Up-to-date: /app/dev_ws/install/rosapi_msgs/include/rosapi_msgs/msg/detail/type_def__builder.hpp
[11.158s] -- Up-to-date: /app/dev_ws/install/rosapi_msgs/include/rosapi_msgs/msg/detail/type_def__traits.hpp
[11.159s] -- Up-to-date: /app/dev_ws/install/rosapi_msgs/include/rosapi_msgs/msg/type_def.hpp
[11.159s] -- Up-to-date: /app/dev_ws/install/rosapi_msgs/include/rosapi_msgs/srv
[11.161s] -- Up-to-date: /app/dev_ws/install/rosapi_msgs/include/rosapi_msgs/srv/service_type.hpp
[11.161s] -- Up-to-date: /app/dev_ws/install/rosapi_msgs/include/rosapi_msgs/srv/get_time.hpp
[11.162s] -- Up-to-date: /app/dev_ws/install/rosapi_msgs/include/rosapi_msgs/srv/topics_and_raw_types.hpp
[11.162s] -- Up-to-date: /app/dev_ws/install/rosapi_msgs/include/rosapi_msgs/srv/service_node.hpp
[11.163s] -- Up-to-date: /app/dev_ws/install/rosapi_msgs/include/rosapi_msgs/srv/message_details.hpp
[11.163s] -- Up-to-date: /app/dev_ws/install/rosapi_msgs/include/rosapi_msgs/srv/services.hpp
[11.164s] -- Up-to-date: /app/dev_ws/install/rosapi_msgs/include/rosapi_msgs/srv/set_param.hpp
[11.164s] -- Up-to-date: /app/dev_ws/install/rosapi_msgs/include/rosapi_msgs/srv/publishers.hpp
[11.165s] -- Up-to-date: /app/dev_ws/install/rosapi_msgs/include/rosapi_msgs/srv/node_details.hpp
[11.166s] -- Up-to-date: /app/dev_ws/install/rosapi_msgs/include/rosapi_msgs/srv/nodes.hpp
[11.167s] -- Up-to-date: /app/dev_ws/install/rosapi_msgs/include/rosapi_msgs/srv/delete_param.hpp
[11.167s] -- Up-to-date: /app/dev_ws/install/rosapi_msgs/include/rosapi_msgs/srv/has_param.hpp
[11.168s] -- Up-to-date: /app/dev_ws/install/rosapi_msgs/include/rosapi_msgs/srv/topics_for_type.hpp
[11.168s] -- Up-to-date: /app/dev_ws/install/rosapi_msgs/include/rosapi_msgs/srv/subscribers.hpp
[11.169s] -- Up-to-date: /app/dev_ws/install/rosapi_msgs/include/rosapi_msgs/srv/service_providers.hpp
[11.169s] -- Up-to-date: /app/dev_ws/install/rosapi_msgs/include/rosapi_msgs/srv/topic_type.hpp
[11.170s] -- Up-to-date: /app/dev_ws/install/rosapi_msgs/include/rosapi_msgs/srv/get_ros_version.hpp
[11.170s] -- Up-to-date: /app/dev_ws/install/rosapi_msgs/include/rosapi_msgs/srv/detail
[11.171s] -- Up-to-date: /app/dev_ws/install/rosapi_msgs/include/rosapi_msgs/srv/detail/get_param_names__struct.hpp
[11.172s] -- Up-to-date: /app/dev_ws/install/rosapi_msgs/include/rosapi_msgs/srv/detail/has_param__builder.hpp
[11.173s] -- Up-to-date: /app/dev_ws/install/rosapi_msgs/include/rosapi_msgs/srv/detail/node_details__traits.hpp
[11.173s] -- Up-to-date: /app/dev_ws/install/rosapi_msgs/include/rosapi_msgs/srv/detail/topics_for_type__traits.hpp
[11.174s] -- Up-to-date: /app/dev_ws/install/rosapi_msgs/include/rosapi_msgs/srv/detail/has_param__traits.hpp
[11.174s] -- Up-to-date: /app/dev_ws/install/rosapi_msgs/include/rosapi_msgs/srv/detail/publishers__traits.hpp
[11.175s] -- Up-to-date: /app/dev_ws/install/rosapi_msgs/include/rosapi_msgs/srv/detail/service_type__struct.hpp
[11.175s] -- Up-to-date: /app/dev_ws/install/rosapi_msgs/include/rosapi_msgs/srv/detail/get_param__traits.hpp
[11.176s] -- Up-to-date: /app/dev_ws/install/rosapi_msgs/include/rosapi_msgs/srv/detail/topics__struct.hpp
[11.177s] -- Up-to-date: /app/dev_ws/install/rosapi_msgs/include/rosapi_msgs/srv/detail/nodes__struct.hpp
[11.178s] -- Up-to-date: /app/dev_ws/install/rosapi_msgs/include/rosapi_msgs/srv/detail/get_ros_version__struct.hpp
[11.178s] -- Up-to-date: /app/dev_ws/install/rosapi_msgs/include/rosapi_msgs/srv/detail/service_response_details__builder.hpp
[11.179s] -- Up-to-date: /app/dev_ws/install/rosapi_msgs/include/rosapi_msgs/srv/detail/node_details__builder.hpp
[11.180s] -- Up-to-date: /app/dev_ws/install/rosapi_msgs/include/rosapi_msgs/srv/detail/get_param__builder.hpp
[11.180s] -- Up-to-date: /app/dev_ws/install/rosapi_msgs/include/rosapi_msgs/srv/detail/get_time__builder.hpp
[11.181s] -- Up-to-date: /app/dev_ws/install/rosapi_msgs/include/rosapi_msgs/srv/detail/nodes__builder.hpp
[11.181s] -- Up-to-date: /app/dev_ws/install/rosapi_msgs/include/rosapi_msgs/srv/detail/service_type__traits.hpp
[11.183s] -- Up-to-date: /app/dev_ws/install/rosapi_msgs/include/rosapi_msgs/srv/detail/get_ros_version__builder.hpp
[11.183s] -- Up-to-date: /app/dev_ws/install/rosapi_msgs/include/rosapi_msgs/srv/detail/service_providers__traits.hpp
[11.184s] -- Up-to-date: /app/dev_ws/install/rosapi_msgs/include/rosapi_msgs/srv/detail/get_action_servers__struct.hpp
[11.184s] -- Up-to-date: /app/dev_ws/install/rosapi_msgs/include/rosapi_msgs/srv/detail/service_node__traits.hpp
[11.185s] -- Up-to-date: /app/dev_ws/install/rosapi_msgs/include/rosapi_msgs/srv/detail/node_details__struct.hpp
[11.185s] -- Up-to-date: /app/dev_ws/install/rosapi_msgs/include/rosapi_msgs/srv/detail/service_type__builder.hpp
[11.186s] -- Up-to-date: /app/dev_ws/install/rosapi_msgs/include/rosapi_msgs/srv/detail/get_param_names__traits.hpp
[11.187s] -- Up-to-date: /app/dev_ws/install/rosapi_msgs/include/rosapi_msgs/srv/detail/subscribers__struct.hpp
[11.188s] -- Up-to-date: /app/dev_ws/install/rosapi_msgs/include/rosapi_msgs/srv/detail/topic_type__traits.hpp
[11.189s] -- Up-to-date: /app/dev_ws/install/rosapi_msgs/include/rosapi_msgs/srv/detail/topics__builder.hpp
[11.190s] -- Up-to-date: /app/dev_ws/install/rosapi_msgs/include/rosapi_msgs/srv/detail/set_param__traits.hpp
[11.190s] -- Up-to-date: /app/dev_ws/install/rosapi_msgs/include/rosapi_msgs/srv/detail/service_request_details__builder.hpp
[11.191s] -- Up-to-date: /app/dev_ws/install/rosapi_msgs/include/rosapi_msgs/srv/detail/subscribers__builder.hpp
[11.191s] -- Up-to-date: /app/dev_ws/install/rosapi_msgs/include/rosapi_msgs/srv/detail/service_node__struct.hpp
[11.192s] -- Up-to-date: /app/dev_ws/install/rosapi_msgs/include/rosapi_msgs/srv/detail/topics_for_type__struct.hpp
[11.192s] -- Up-to-date: /app/dev_ws/install/rosapi_msgs/include/rosapi_msgs/srv/detail/publishers__builder.hpp
[11.193s] -- Up-to-date: /app/dev_ws/install/rosapi_msgs/include/rosapi_msgs/srv/detail/topic_type__builder.hpp
[11.194s] -- Up-to-date: /app/dev_ws/install/rosapi_msgs/include/rosapi_msgs/srv/detail/services__traits.hpp
[11.196s] -- Up-to-date: /app/dev_ws/install/rosapi_msgs/include/rosapi_msgs/srv/detail/nodes__traits.hpp
[11.196s] -- Up-to-date: /app/dev_ws/install/rosapi_msgs/include/rosapi_msgs/srv/detail/get_param__struct.hpp
[11.197s] -- Up-to-date: /app/dev_ws/install/rosapi_msgs/include/rosapi_msgs/srv/detail/topics__traits.hpp
[11.197s] -- Up-to-date: /app/dev_ws/install/rosapi_msgs/include/rosapi_msgs/srv/detail/service_request_details__traits.hpp
[11.198s] -- Up-to-date: /app/dev_ws/install/rosapi_msgs/include/rosapi_msgs/srv/detail/topics_and_raw_types__builder.hpp
[11.198s] -- Up-to-date: /app/dev_ws/install/rosapi_msgs/include/rosapi_msgs/srv/detail/services_for_type__traits.hpp
[11.199s] -- Up-to-date: /app/dev_ws/install/rosapi_msgs/include/rosapi_msgs/srv/detail/services__struct.hpp
[11.199s] -- Up-to-date: /app/dev_ws/install/rosapi_msgs/include/rosapi_msgs/srv/detail/subscribers__traits.hpp
[11.200s] -- Up-to-date: /app/dev_ws/install/rosapi_msgs/include/rosapi_msgs/srv/detail/publishers__struct.hpp
[11.201s] -- Up-to-date: /app/dev_ws/install/rosapi_msgs/include/rosapi_msgs/srv/detail/topic_type__struct.hpp
[11.202s] -- Up-to-date: /app/dev_ws/install/rosapi_msgs/include/rosapi_msgs/srv/detail/topics_and_raw_types__traits.hpp
[11.203s] -- Up-to-date: /app/dev_ws/install/rosapi_msgs/include/rosapi_msgs/srv/detail/message_details__traits.hpp
[11.204s] -- Up-to-date: /app/dev_ws/install/rosapi_msgs/include/rosapi_msgs/srv/detail/delete_param__traits.hpp
[11.204s] -- Up-to-date: /app/dev_ws/install/rosapi_msgs/include/rosapi_msgs/srv/detail/service_providers__struct.hpp
[11.205s] -- Up-to-date: /app/dev_ws/install/rosapi_msgs/include/rosapi_msgs/srv/detail/topics_for_type__builder.hpp
[11.205s] -- Up-to-date: /app/dev_ws/install/rosapi_msgs/include/rosapi_msgs/srv/detail/services_for_type__struct.hpp
[11.206s] -- Up-to-date: /app/dev_ws/install/rosapi_msgs/include/rosapi_msgs/srv/detail/get_time__traits.hpp
[11.206s] -- Up-to-date: /app/dev_ws/install/rosapi_msgs/include/rosapi_msgs/srv/detail/service_node__builder.hpp
[11.207s] -- Up-to-date: /app/dev_ws/install/rosapi_msgs/include/rosapi_msgs/srv/detail/service_request_details__struct.hpp
[11.208s] -- Up-to-date: /app/dev_ws/install/rosapi_msgs/include/rosapi_msgs/srv/detail/message_details__struct.hpp
[11.209s] -- Up-to-date: /app/dev_ws/install/rosapi_msgs/include/rosapi_msgs/srv/detail/delete_param__builder.hpp
[11.214s] -- Up-to-date: /app/dev_ws/install/rosapi_msgs/include/rosapi_msgs/srv/detail/topics_and_raw_types__struct.hpp
[11.215s] -- Up-to-date: /app/dev_ws/install/rosapi_msgs/include/rosapi_msgs/srv/detail/service_response_details__struct.hpp
[11.216s] -- Up-to-date: /app/dev_ws/install/rosapi_msgs/include/rosapi_msgs/srv/detail/set_param__builder.hpp
[11.217s] -- Up-to-date: /app/dev_ws/install/rosapi_msgs/include/rosapi_msgs/srv/detail/get_action_servers__builder.hpp
[11.217s] -- Up-to-date: /app/dev_ws/install/rosapi_msgs/include/rosapi_msgs/srv/detail/get_time__struct.hpp
[11.218s] -- Up-to-date: /app/dev_ws/install/rosapi_msgs/include/rosapi_msgs/srv/detail/set_param__struct.hpp
[11.218s] -- Up-to-date: /app/dev_ws/install/rosapi_msgs/include/rosapi_msgs/srv/detail/delete_param__struct.hpp
[11.219s] -- Up-to-date: /app/dev_ws/install/rosapi_msgs/include/rosapi_msgs/srv/detail/has_param__struct.hpp
[11.220s] -- Up-to-date: /app/dev_ws/install/rosapi_msgs/include/rosapi_msgs/srv/detail/message_details__builder.hpp
[11.221s] -- Up-to-date: /app/dev_ws/install/rosapi_msgs/include/rosapi_msgs/srv/detail/get_ros_version__traits.hpp
[11.222s] -- Up-to-date: /app/dev_ws/install/rosapi_msgs/include/rosapi_msgs/srv/detail/get_action_servers__traits.hpp
[11.223s] -- Up-to-date: /app/dev_ws/install/rosapi_msgs/include/rosapi_msgs/srv/detail/service_response_details__traits.hpp
[11.224s] -- Up-to-date: /app/dev_ws/install/rosapi_msgs/include/rosapi_msgs/srv/detail/service_providers__builder.hpp
[11.224s] -- Up-to-date: /app/dev_ws/install/rosapi_msgs/include/rosapi_msgs/srv/detail/services__builder.hpp
[11.225s] -- Up-to-date: /app/dev_ws/install/rosapi_msgs/include/rosapi_msgs/srv/detail/get_param_names__builder.hpp
[11.226s] -- Up-to-date: /app/dev_ws/install/rosapi_msgs/include/rosapi_msgs/srv/detail/services_for_type__builder.hpp
[11.227s] -- Up-to-date: /app/dev_ws/install/rosapi_msgs/include/rosapi_msgs/srv/get_action_servers.hpp
[11.227s] -- Up-to-date: /app/dev_ws/install/rosapi_msgs/include/rosapi_msgs/srv/services_for_type.hpp
[11.228s] -- Up-to-date: /app/dev_ws/install/rosapi_msgs/include/rosapi_msgs/srv/get_param_names.hpp
[11.229s] -- Up-to-date: /app/dev_ws/install/rosapi_msgs/include/rosapi_msgs/srv/topics.hpp
[11.230s] -- Up-to-date: /app/dev_ws/install/rosapi_msgs/include/rosapi_msgs/srv/service_response_details.hpp
[11.230s] -- Up-to-date: /app/dev_ws/install/rosapi_msgs/include/rosapi_msgs/srv/service_request_details.hpp
[11.232s] -- Up-to-date: /app/dev_ws/install/rosapi_msgs/include/rosapi_msgs/srv/get_param.hpp
[11.233s] -- Up-to-date: /app/dev_ws/install/rosapi_msgs/include/rosapi_msgs
[11.233s] -- Up-to-date: /app/dev_ws/install/rosapi_msgs/include/rosapi_msgs/msg
[11.234s] -- Up-to-date: /app/dev_ws/install/rosapi_msgs/include/rosapi_msgs/msg/detail
[11.234s] -- Up-to-date: /app/dev_ws/install/rosapi_msgs/include/rosapi_msgs/msg/detail/type_def__type_support.cpp
[11.235s] -- Up-to-date: /app/dev_ws/install/rosapi_msgs/include/rosapi_msgs/msg/detail/type_def__rosidl_typesupport_introspection_cpp.hpp
[11.235s] -- Up-to-date: /app/dev_ws/install/rosapi_msgs/include/rosapi_msgs/srv
[11.236s] -- Up-to-date: /app/dev_ws/install/rosapi_msgs/include/rosapi_msgs/srv/detail
[11.236s] -- Up-to-date: /app/dev_ws/install/rosapi_msgs/include/rosapi_msgs/srv/detail/get_action_servers__rosidl_typesupport_introspection_cpp.hpp
[11.241s] -- Up-to-date: /app/dev_ws/install/rosapi_msgs/include/rosapi_msgs/srv/detail/services_for_type__rosidl_typesupport_introspection_cpp.hpp
[11.242s] -- Up-to-date: /app/dev_ws/install/rosapi_msgs/include/rosapi_msgs/srv/detail/services_for_type__type_support.cpp
[11.244s] -- Up-to-date: /app/dev_ws/install/rosapi_msgs/include/rosapi_msgs/srv/detail/nodes__type_support.cpp
[11.245s] -- Up-to-date: /app/dev_ws/install/rosapi_msgs/include/rosapi_msgs/srv/detail/message_details__rosidl_typesupport_introspection_cpp.hpp
[11.245s] -- Up-to-date: /app/dev_ws/install/rosapi_msgs/include/rosapi_msgs/srv/detail/get_ros_version__type_support.cpp
[11.246s] -- Up-to-date: /app/dev_ws/install/rosapi_msgs/include/rosapi_msgs/srv/detail/get_ros_version__rosidl_typesupport_introspection_cpp.hpp
[11.246s] -- Up-to-date: /app/dev_ws/install/rosapi_msgs/include/rosapi_msgs/srv/detail/topic_type__type_support.cpp
[11.247s] -- Up-to-date: /app/dev_ws/install/rosapi_msgs/include/rosapi_msgs/srv/detail/publishers__type_support.cpp
[11.248s] -- Up-to-date: /app/dev_ws/install/rosapi_msgs/include/rosapi_msgs/srv/detail/service_type__rosidl_typesupport_introspection_cpp.hpp
[11.249s] -- Up-to-date: /app/dev_ws/install/rosapi_msgs/include/rosapi_msgs/srv/detail/services__rosidl_typesupport_introspection_cpp.hpp
[11.250s] -- Up-to-date: /app/dev_ws/install/rosapi_msgs/include/rosapi_msgs/srv/detail/service_request_details__type_support.cpp
[11.250s] -- Up-to-date: /app/dev_ws/install/rosapi_msgs/include/rosapi_msgs/srv/detail/get_action_servers__type_support.cpp
[11.251s] -- Up-to-date: /app/dev_ws/install/rosapi_msgs/include/rosapi_msgs/srv/detail/nodes__rosidl_typesupport_introspection_cpp.hpp
[11.251s] -- Up-to-date: /app/dev_ws/install/rosapi_msgs/include/rosapi_msgs/srv/detail/service_type__type_support.cpp
[11.252s] -- Up-to-date: /app/dev_ws/install/rosapi_msgs/include/rosapi_msgs/srv/detail/topics__type_support.cpp
[11.253s] -- Up-to-date: /app/dev_ws/install/rosapi_msgs/include/rosapi_msgs/srv/detail/service_request_details__rosidl_typesupport_introspection_cpp.hpp
[11.254s] -- Up-to-date: /app/dev_ws/install/rosapi_msgs/include/rosapi_msgs/srv/detail/service_response_details__rosidl_typesupport_introspection_cpp.hpp
[11.255s] -- Up-to-date: /app/dev_ws/install/rosapi_msgs/include/rosapi_msgs/srv/detail/service_node__rosidl_typesupport_introspection_cpp.hpp
[11.255s] -- Up-to-date: /app/dev_ws/install/rosapi_msgs/include/rosapi_msgs/srv/detail/subscribers__rosidl_typesupport_introspection_cpp.hpp
[11.256s] -- Up-to-date: /app/dev_ws/install/rosapi_msgs/include/rosapi_msgs/srv/detail/set_param__rosidl_typesupport_introspection_cpp.hpp
[11.256s] -- Up-to-date: /app/dev_ws/install/rosapi_msgs/include/rosapi_msgs/srv/detail/topics_for_type__rosidl_typesupport_introspection_cpp.hpp
[11.257s] -- Up-to-date: /app/dev_ws/install/rosapi_msgs/include/rosapi_msgs/srv/detail/subscribers__type_support.cpp
[11.258s] -- Up-to-date: /app/dev_ws/install/rosapi_msgs/include/rosapi_msgs/srv/detail/service_providers__type_support.cpp
[11.258s] -- Up-to-date: /app/dev_ws/install/rosapi_msgs/include/rosapi_msgs/srv/detail/get_param_names__rosidl_typesupport_introspection_cpp.hpp
[11.259s] -- Up-to-date: /app/dev_ws/install/rosapi_msgs/include/rosapi_msgs/srv/detail/topics_and_raw_types__rosidl_typesupport_introspection_cpp.hpp
[11.260s] -- Up-to-date: /app/dev_ws/install/rosapi_msgs/include/rosapi_msgs/srv/detail/get_time__rosidl_typesupport_introspection_cpp.hpp
[11.261s] -- Up-to-date: /app/dev_ws/install/rosapi_msgs/include/rosapi_msgs/srv/detail/get_time__type_support.cpp
[11.261s] -- Up-to-date: /app/dev_ws/install/rosapi_msgs/include/rosapi_msgs/srv/detail/delete_param__type_support.cpp
[11.262s] -- Up-to-date: /app/dev_ws/install/rosapi_msgs/include/rosapi_msgs/srv/detail/has_param__rosidl_typesupport_introspection_cpp.hpp
[11.263s] -- Up-to-date: /app/dev_ws/install/rosapi_msgs/include/rosapi_msgs/srv/detail/node_details__type_support.cpp
[11.264s] -- Up-to-date: /app/dev_ws/install/rosapi_msgs/include/rosapi_msgs/srv/detail/topic_type__rosidl_typesupport_introspection_cpp.hpp
[11.265s] -- Up-to-date: /app/dev_ws/install/rosapi_msgs/include/rosapi_msgs/srv/detail/publishers__rosidl_typesupport_introspection_cpp.hpp
[11.266s] -- Up-to-date: /app/dev_ws/install/rosapi_msgs/include/rosapi_msgs/srv/detail/get_param__rosidl_typesupport_introspection_cpp.hpp
[11.266s] -- Up-to-date: /app/dev_ws/install/rosapi_msgs/include/rosapi_msgs/srv/detail/has_param__type_support.cpp
[11.267s] -- Up-to-date: /app/dev_ws/install/rosapi_msgs/include/rosapi_msgs/srv/detail/topics__rosidl_typesupport_introspection_cpp.hpp
[11.268s] -- Up-to-date: /app/dev_ws/install/rosapi_msgs/include/rosapi_msgs/srv/detail/service_response_details__type_support.cpp
[11.268s] -- Up-to-date: /app/dev_ws/install/rosapi_msgs/include/rosapi_msgs/srv/detail/services__type_support.cpp
[11.269s] -- Up-to-date: /app/dev_ws/install/rosapi_msgs/include/rosapi_msgs/srv/detail/get_param_names__type_support.cpp
[11.270s] -- Up-to-date: /app/dev_ws/install/rosapi_msgs/include/rosapi_msgs/srv/detail/node_details__rosidl_typesupport_introspection_cpp.hpp
[11.270s] -- Up-to-date: /app/dev_ws/install/rosapi_msgs/include/rosapi_msgs/srv/detail/topics_and_raw_types__type_support.cpp
[11.271s] -- Up-to-date: /app/dev_ws/install/rosapi_msgs/include/rosapi_msgs/srv/detail/get_param__type_support.cpp
[11.272s] -- Up-to-date: /app/dev_ws/install/rosapi_msgs/include/rosapi_msgs/srv/detail/set_param__type_support.cpp
[11.272s] -- Up-to-date: /app/dev_ws/install/rosapi_msgs/include/rosapi_msgs/srv/detail/delete_param__rosidl_typesupport_introspection_cpp.hpp
[11.272s] -- Up-to-date: /app/dev_ws/install/rosapi_msgs/include/rosapi_msgs/srv/detail/message_details__type_support.cpp
[11.273s] -- Up-to-date: /app/dev_ws/install/rosapi_msgs/include/rosapi_msgs/srv/detail/service_providers__rosidl_typesupport_introspection_cpp.hpp
[11.274s] -- Up-to-date: /app/dev_ws/install/rosapi_msgs/include/rosapi_msgs/srv/detail/topics_for_type__type_support.cpp
[11.274s] -- Up-to-date: /app/dev_ws/install/rosapi_msgs/include/rosapi_msgs/srv/detail/service_node__type_support.cpp
[11.276s] -- Up-to-date: /app/dev_ws/install/rosapi_msgs/lib/librosapi_msgs__rosidl_typesupport_introspection_cpp.so
[11.277s] -- Up-to-date: /app/dev_ws/install/rosapi_msgs/lib/librosapi_msgs__rosidl_typesupport_cpp.so
[11.279s] -- Up-to-date: /app/dev_ws/install/rosapi_msgs/share/rosapi_msgs/environment/pythonpath.sh
[11.279s] -- Up-to-date: /app/dev_ws/install/rosapi_msgs/share/rosapi_msgs/environment/pythonpath.dsv
[11.280s] -- Up-to-date: /app/dev_ws/install/rosapi_msgs/lib/python3.8/site-packages/rosapi_msgs/__init__.py
[11.445s] -- Up-to-date: /app/dev_ws/install/rosapi_msgs/lib/python3.8/site-packages/rosapi_msgs/msg
[11.446s] -- Up-to-date: /app/dev_ws/install/rosapi_msgs/lib/python3.8/site-packages/rosapi_msgs/msg/_type_def_s.c
[11.447s] -- Up-to-date: /app/dev_ws/install/rosapi_msgs/lib/python3.8/site-packages/rosapi_msgs/msg/_type_def.py
[11.448s] -- Up-to-date: /app/dev_ws/install/rosapi_msgs/lib/python3.8/site-packages/rosapi_msgs/msg/__init__.py
[11.449s] -- Up-to-date: /app/dev_ws/install/rosapi_msgs/lib/python3.8/site-packages/rosapi_msgs/srv
[11.449s] -- Up-to-date: /app/dev_ws/install/rosapi_msgs/lib/python3.8/site-packages/rosapi_msgs/srv/_topics_for_type_s.c
[11.450s] -- Up-to-date: /app/dev_ws/install/rosapi_msgs/lib/python3.8/site-packages/rosapi_msgs/srv/_topics_for_type.py
[11.450s] -- Up-to-date: /app/dev_ws/install/rosapi_msgs/lib/python3.8/site-packages/rosapi_msgs/srv/_message_details.py
[11.451s] -- Up-to-date: /app/dev_ws/install/rosapi_msgs/lib/python3.8/site-packages/rosapi_msgs/srv/_service_request_details_s.c
[11.451s] -- Up-to-date: /app/dev_ws/install/rosapi_msgs/lib/python3.8/site-packages/rosapi_msgs/srv/_service_type_s.c
[11.454s] -- Up-to-date: /app/dev_ws/install/rosapi_msgs/lib/python3.8/site-packages/rosapi_msgs/srv/_set_param_s.c
[11.455s] -- Up-to-date: /app/dev_ws/install/rosapi_msgs/lib/python3.8/site-packages/rosapi_msgs/srv/_node_details_s.c
[11.456s] -- Up-to-date: /app/dev_ws/install/rosapi_msgs/lib/python3.8/site-packages/rosapi_msgs/srv/_topic_type_s.c
[11.458s] -- Up-to-date: /app/dev_ws/install/rosapi_msgs/lib/python3.8/site-packages/rosapi_msgs/srv/_services_for_type_s.c
[11.458s] -- Up-to-date: /app/dev_ws/install/rosapi_msgs/lib/python3.8/site-packages/rosapi_msgs/srv/_topics_and_raw_types_s.c
[11.459s] -- Up-to-date: /app/dev_ws/install/rosapi_msgs/lib/python3.8/site-packages/rosapi_msgs/srv/_publishers_s.c
[11.461s] -- Up-to-date: /app/dev_ws/install/rosapi_msgs/lib/python3.8/site-packages/rosapi_msgs/srv/_service_providers.py
[11.463s] -- Up-to-date: /app/dev_ws/install/rosapi_msgs/lib/python3.8/site-packages/rosapi_msgs/srv/_get_param.py
[11.465s] -- Up-to-date: /app/dev_ws/install/rosapi_msgs/lib/python3.8/site-packages/rosapi_msgs/srv/_has_param.py
[11.466s] -- Up-to-date: /app/dev_ws/install/rosapi_msgs/lib/python3.8/site-packages/rosapi_msgs/srv/_publishers.py
[11.467s] -- Up-to-date: /app/dev_ws/install/rosapi_msgs/lib/python3.8/site-packages/rosapi_msgs/srv/_node_details.py
[11.468s] -- Up-to-date: /app/dev_ws/install/rosapi_msgs/lib/python3.8/site-packages/rosapi_msgs/srv/_service_node_s.c
[11.469s] -- Up-to-date: /app/dev_ws/install/rosapi_msgs/lib/python3.8/site-packages/rosapi_msgs/srv/_get_param_s.c
[11.470s] -- Up-to-date: /app/dev_ws/install/rosapi_msgs/lib/python3.8/site-packages/rosapi_msgs/srv/_delete_param.py
[11.470s] -- Up-to-date: /app/dev_ws/install/rosapi_msgs/lib/python3.8/site-packages/rosapi_msgs/srv/_delete_param_s.c
[11.471s] -- Up-to-date: /app/dev_ws/install/rosapi_msgs/lib/python3.8/site-packages/rosapi_msgs/srv/_get_action_servers_s.c
[11.471s] -- Up-to-date: /app/dev_ws/install/rosapi_msgs/lib/python3.8/site-packages/rosapi_msgs/srv/_services_for_type.py
[11.472s] -- Up-to-date: /app/dev_ws/install/rosapi_msgs/lib/python3.8/site-packages/rosapi_msgs/srv/_services.py
[11.473s] -- Up-to-date: /app/dev_ws/install/rosapi_msgs/lib/python3.8/site-packages/rosapi_msgs/srv/_get_ros_version.py
[11.474s] -- Up-to-date: /app/dev_ws/install/rosapi_msgs/lib/python3.8/site-packages/rosapi_msgs/srv/_get_action_servers.py
[11.475s] -- Up-to-date: /app/dev_ws/install/rosapi_msgs/lib/python3.8/site-packages/rosapi_msgs/srv/_service_providers_s.c
[11.476s] -- Up-to-date: /app/dev_ws/install/rosapi_msgs/lib/python3.8/site-packages/rosapi_msgs/srv/_get_param_names_s.c
[11.476s] -- Up-to-date: /app/dev_ws/install/rosapi_msgs/lib/python3.8/site-packages/rosapi_msgs/srv/_services_s.c
[11.477s] -- Up-to-date: /app/dev_ws/install/rosapi_msgs/lib/python3.8/site-packages/rosapi_msgs/srv/_nodes.py
[11.477s] -- Up-to-date: /app/dev_ws/install/rosapi_msgs/lib/python3.8/site-packages/rosapi_msgs/srv/_topics_s.c
[11.478s] -- Up-to-date: /app/dev_ws/install/rosapi_msgs/lib/python3.8/site-packages/rosapi_msgs/srv/_nodes_s.c
[11.480s] -- Up-to-date: /app/dev_ws/install/rosapi_msgs/lib/python3.8/site-packages/rosapi_msgs/srv/_set_param.py
[11.481s] -- Up-to-date: /app/dev_ws/install/rosapi_msgs/lib/python3.8/site-packages/rosapi_msgs/srv/_topic_type.py
[11.482s] -- Up-to-date: /app/dev_ws/install/rosapi_msgs/lib/python3.8/site-packages/rosapi_msgs/srv/_subscribers_s.c
[11.484s] -- Up-to-date: /app/dev_ws/install/rosapi_msgs/lib/python3.8/site-packages/rosapi_msgs/srv/_get_ros_version_s.c
[11.485s] -- Up-to-date: /app/dev_ws/install/rosapi_msgs/lib/python3.8/site-packages/rosapi_msgs/srv/_service_type.py
[11.485s] -- Up-to-date: /app/dev_ws/install/rosapi_msgs/lib/python3.8/site-packages/rosapi_msgs/srv/_service_node.py
[11.486s] -- Up-to-date: /app/dev_ws/install/rosapi_msgs/lib/python3.8/site-packages/rosapi_msgs/srv/_service_request_details.py
[11.487s] -- Up-to-date: /app/dev_ws/install/rosapi_msgs/lib/python3.8/site-packages/rosapi_msgs/srv/_get_time.py
[11.488s] -- Up-to-date: /app/dev_ws/install/rosapi_msgs/lib/python3.8/site-packages/rosapi_msgs/srv/_service_response_details.py
[11.489s] -- Up-to-date: /app/dev_ws/install/rosapi_msgs/lib/python3.8/site-packages/rosapi_msgs/srv/_topics_and_raw_types.py
[11.489s] -- Up-to-date: /app/dev_ws/install/rosapi_msgs/lib/python3.8/site-packages/rosapi_msgs/srv/__init__.py
[11.490s] -- Up-to-date: /app/dev_ws/install/rosapi_msgs/lib/python3.8/site-packages/rosapi_msgs/srv/_message_details_s.c
[11.490s] -- Up-to-date: /app/dev_ws/install/rosapi_msgs/lib/python3.8/site-packages/rosapi_msgs/srv/_has_param_s.c
[11.491s] -- Up-to-date: /app/dev_ws/install/rosapi_msgs/lib/python3.8/site-packages/rosapi_msgs/srv/_topics.py
[11.492s] -- Up-to-date: /app/dev_ws/install/rosapi_msgs/lib/python3.8/site-packages/rosapi_msgs/srv/_get_param_names.py
[11.493s] -- Up-to-date: /app/dev_ws/install/rosapi_msgs/lib/python3.8/site-packages/rosapi_msgs/srv/_get_time_s.c
[11.493s] -- Up-to-date: /app/dev_ws/install/rosapi_msgs/lib/python3.8/site-packages/rosapi_msgs/srv/_service_response_details_s.c
[11.494s] -- Up-to-date: /app/dev_ws/install/rosapi_msgs/lib/python3.8/site-packages/rosapi_msgs/srv/_subscribers.py
[11.495s] -- Up-to-date: /app/dev_ws/install/rosapi_msgs/lib/python3.8/site-packages/rosapi_msgs/rosapi_msgs_s__rosidl_typesupport_fastrtps_c.cpython-38-aarch64-linux-gnu.so
[11.496s] -- Up-to-date: /app/dev_ws/install/rosapi_msgs/lib/python3.8/site-packages/rosapi_msgs/rosapi_msgs_s__rosidl_typesupport_introspection_c.cpython-38-aarch64-linux-gnu.so
[11.497s] -- Up-to-date: /app/dev_ws/install/rosapi_msgs/lib/python3.8/site-packages/rosapi_msgs/rosapi_msgs_s__rosidl_typesupport_c.cpython-38-aarch64-linux-gnu.so
[11.497s] -- Up-to-date: /app/dev_ws/install/rosapi_msgs/lib/librosapi_msgs__python.so
[11.498s] -- Up-to-date: /app/dev_ws/install/rosapi_msgs/share/rosapi_msgs/msg/TypeDef.idl
[11.500s] -- Up-to-date: /app/dev_ws/install/rosapi_msgs/share/rosapi_msgs/srv/DeleteParam.idl
[11.503s] -- Up-to-date: /app/dev_ws/install/rosapi_msgs/share/rosapi_msgs/srv/GetActionServers.idl
[11.505s] -- Up-to-date: /app/dev_ws/install/rosapi_msgs/share/rosapi_msgs/srv/GetParam.idl
[11.510s] -- Up-to-date: /app/dev_ws/install/rosapi_msgs/share/rosapi_msgs/srv/GetParamNames.idl
[11.511s] -- Up-to-date: /app/dev_ws/install/rosapi_msgs/share/rosapi_msgs/srv/GetROSVersion.idl
[11.511s] -- Up-to-date: /app/dev_ws/install/rosapi_msgs/share/rosapi_msgs/srv/GetTime.idl
[11.513s] -- Up-to-date: /app/dev_ws/install/rosapi_msgs/share/rosapi_msgs/srv/HasParam.idl
[11.518s] -- Up-to-date: /app/dev_ws/install/rosapi_msgs/share/rosapi_msgs/srv/MessageDetails.idl
[11.519s] -- Up-to-date: /app/dev_ws/install/rosapi_msgs/share/rosapi_msgs/srv/Nodes.idl
[11.519s] -- Up-to-date: /app/dev_ws/install/rosapi_msgs/share/rosapi_msgs/srv/NodeDetails.idl
[11.529s] -- Up-to-date: /app/dev_ws/install/rosapi_msgs/share/rosapi_msgs/srv/Publishers.idl
[11.530s] -- Up-to-date: /app/dev_ws/install/rosapi_msgs/share/rosapi_msgs/srv/ServiceNode.idl
[11.535s] -- Up-to-date: /app/dev_ws/install/rosapi_msgs/share/rosapi_msgs/srv/ServiceProviders.idl
[11.538s] -- Up-to-date: /app/dev_ws/install/rosapi_msgs/share/rosapi_msgs/srv/ServiceRequestDetails.idl
[11.539s] -- Up-to-date: /app/dev_ws/install/rosapi_msgs/share/rosapi_msgs/srv/ServiceResponseDetails.idl
[11.541s] -- Up-to-date: /app/dev_ws/install/rosapi_msgs/share/rosapi_msgs/srv/Services.idl
[11.544s] -- Up-to-date: /app/dev_ws/install/rosapi_msgs/share/rosapi_msgs/srv/ServicesForType.idl
[11.545s] -- Up-to-date: /app/dev_ws/install/rosapi_msgs/share/rosapi_msgs/srv/ServiceType.idl
[11.546s] -- Up-to-date: /app/dev_ws/install/rosapi_msgs/share/rosapi_msgs/srv/SetParam.idl
[11.546s] -- Up-to-date: /app/dev_ws/install/rosapi_msgs/share/rosapi_msgs/srv/Subscribers.idl
[11.548s] -- Up-to-date: /app/dev_ws/install/rosapi_msgs/share/rosapi_msgs/srv/Topics.idl
[11.549s] -- Up-to-date: /app/dev_ws/install/rosapi_msgs/share/rosapi_msgs/srv/TopicsAndRawTypes.idl
[11.550s] -- Up-to-date: /app/dev_ws/install/rosapi_msgs/share/rosapi_msgs/srv/TopicsForType.idl
[11.552s] -- Up-to-date: /app/dev_ws/install/rosapi_msgs/share/rosapi_msgs/srv/TopicType.idl
[11.553s] -- Up-to-date: /app/dev_ws/install/rosapi_msgs/share/rosapi_msgs/msg/TypeDef.msg
[11.555s] -- Up-to-date: /app/dev_ws/install/rosapi_msgs/share/rosapi_msgs/srv/DeleteParam.srv
[11.556s] -- Up-to-date: /app/dev_ws/install/rosapi_msgs/share/rosapi_msgs/srv/DeleteParam_Request.msg
[11.557s] -- Up-to-date: /app/dev_ws/install/rosapi_msgs/share/rosapi_msgs/srv/DeleteParam_Response.msg
[11.559s] -- Up-to-date: /app/dev_ws/install/rosapi_msgs/share/rosapi_msgs/srv/GetActionServers.srv
[11.561s] -- Up-to-date: /app/dev_ws/install/rosapi_msgs/share/rosapi_msgs/srv/GetActionServers_Request.msg
[11.562s] -- Up-to-date: /app/dev_ws/install/rosapi_msgs/share/rosapi_msgs/srv/GetActionServers_Response.msg
[11.563s] -- Up-to-date: /app/dev_ws/install/rosapi_msgs/share/rosapi_msgs/srv/GetParam.srv
[11.565s] -- Up-to-date: /app/dev_ws/install/rosapi_msgs/share/rosapi_msgs/srv/GetParam_Request.msg
[11.566s] -- Up-to-date: /app/dev_ws/install/rosapi_msgs/share/rosapi_msgs/srv/GetParam_Response.msg
[11.567s] -- Up-to-date: /app/dev_ws/install/rosapi_msgs/share/rosapi_msgs/srv/GetParamNames.srv
[11.568s] -- Up-to-date: /app/dev_ws/install/rosapi_msgs/share/rosapi_msgs/srv/GetParamNames_Request.msg
[11.570s] -- Up-to-date: /app/dev_ws/install/rosapi_msgs/share/rosapi_msgs/srv/GetParamNames_Response.msg
[11.572s] -- Up-to-date: /app/dev_ws/install/rosapi_msgs/share/rosapi_msgs/srv/GetROSVersion.srv
[11.574s] -- Up-to-date: /app/dev_ws/install/rosapi_msgs/share/rosapi_msgs/srv/GetROSVersion_Request.msg
[11.575s] -- Up-to-date: /app/dev_ws/install/rosapi_msgs/share/rosapi_msgs/srv/GetROSVersion_Response.msg
[11.576s] -- Up-to-date: /app/dev_ws/install/rosapi_msgs/share/rosapi_msgs/srv/GetTime.srv
[11.577s] -- Up-to-date: /app/dev_ws/install/rosapi_msgs/share/rosapi_msgs/srv/GetTime_Request.msg
[11.579s] -- Up-to-date: /app/dev_ws/install/rosapi_msgs/share/rosapi_msgs/srv/GetTime_Response.msg
[11.580s] -- Up-to-date: /app/dev_ws/install/rosapi_msgs/share/rosapi_msgs/srv/HasParam.srv
[11.581s] -- Up-to-date: /app/dev_ws/install/rosapi_msgs/share/rosapi_msgs/srv/HasParam_Request.msg
[11.582s] -- Up-to-date: /app/dev_ws/install/rosapi_msgs/share/rosapi_msgs/srv/HasParam_Response.msg
[11.585s] -- Up-to-date: /app/dev_ws/install/rosapi_msgs/share/rosapi_msgs/srv/MessageDetails.srv
[11.586s] -- Up-to-date: /app/dev_ws/install/rosapi_msgs/share/rosapi_msgs/srv/MessageDetails_Request.msg
[11.587s] -- Up-to-date: /app/dev_ws/install/rosapi_msgs/share/rosapi_msgs/srv/MessageDetails_Response.msg
[11.588s] -- Up-to-date: /app/dev_ws/install/rosapi_msgs/share/rosapi_msgs/srv/Nodes.srv
[11.589s] -- Up-to-date: /app/dev_ws/install/rosapi_msgs/share/rosapi_msgs/srv/Nodes_Request.msg
[11.590s] -- Up-to-date: /app/dev_ws/install/rosapi_msgs/share/rosapi_msgs/srv/Nodes_Response.msg
[11.591s] -- Up-to-date: /app/dev_ws/install/rosapi_msgs/share/rosapi_msgs/srv/NodeDetails.srv
[11.593s] -- Up-to-date: /app/dev_ws/install/rosapi_msgs/share/rosapi_msgs/srv/NodeDetails_Request.msg
[11.594s] -- Up-to-date: /app/dev_ws/install/rosapi_msgs/share/rosapi_msgs/srv/NodeDetails_Response.msg
[11.595s] -- Up-to-date: /app/dev_ws/install/rosapi_msgs/share/rosapi_msgs/srv/Publishers.srv
[11.596s] -- Up-to-date: /app/dev_ws/install/rosapi_msgs/share/rosapi_msgs/srv/Publishers_Request.msg
[11.597s] -- Up-to-date: /app/dev_ws/install/rosapi_msgs/share/rosapi_msgs/srv/Publishers_Response.msg
[11.598s] -- Up-to-date: /app/dev_ws/install/rosapi_msgs/share/rosapi_msgs/srv/ServiceNode.srv
[11.599s] -- Up-to-date: /app/dev_ws/install/rosapi_msgs/share/rosapi_msgs/srv/ServiceNode_Request.msg
[11.601s] -- Up-to-date: /app/dev_ws/install/rosapi_msgs/share/rosapi_msgs/srv/ServiceNode_Response.msg
[11.602s] -- Up-to-date: /app/dev_ws/install/rosapi_msgs/share/rosapi_msgs/srv/ServiceProviders.srv
[11.602s] -- Up-to-date: /app/dev_ws/install/rosapi_msgs/share/rosapi_msgs/srv/ServiceProviders_Request.msg
[11.603s] -- Up-to-date: /app/dev_ws/install/rosapi_msgs/share/rosapi_msgs/srv/ServiceProviders_Response.msg
[11.604s] -- Up-to-date: /app/dev_ws/install/rosapi_msgs/share/rosapi_msgs/srv/ServiceRequestDetails.srv
[11.605s] -- Up-to-date: /app/dev_ws/install/rosapi_msgs/share/rosapi_msgs/srv/ServiceRequestDetails_Request.msg
[11.608s] -- Up-to-date: /app/dev_ws/install/rosapi_msgs/share/rosapi_msgs/srv/ServiceRequestDetails_Response.msg
[11.608s] -- Up-to-date: /app/dev_ws/install/rosapi_msgs/share/rosapi_msgs/srv/ServiceResponseDetails.srv
[11.609s] -- Up-to-date: /app/dev_ws/install/rosapi_msgs/share/rosapi_msgs/srv/ServiceResponseDetails_Request.msg
[11.610s] -- Up-to-date: /app/dev_ws/install/rosapi_msgs/share/rosapi_msgs/srv/ServiceResponseDetails_Response.msg
[11.610s] -- Up-to-date: /app/dev_ws/install/rosapi_msgs/share/rosapi_msgs/srv/Services.srv
[11.611s] -- Up-to-date: /app/dev_ws/install/rosapi_msgs/share/rosapi_msgs/srv/Services_Request.msg
[11.612s] -- Up-to-date: /app/dev_ws/install/rosapi_msgs/share/rosapi_msgs/srv/Services_Response.msg
[11.616s] -- Up-to-date: /app/dev_ws/install/rosapi_msgs/share/rosapi_msgs/srv/ServicesForType.srv
[11.617s] -- Up-to-date: /app/dev_ws/install/rosapi_msgs/share/rosapi_msgs/srv/ServicesForType_Request.msg
[11.618s] -- Up-to-date: /app/dev_ws/install/rosapi_msgs/share/rosapi_msgs/srv/ServicesForType_Response.msg
[11.619s] -- Up-to-date: /app/dev_ws/install/rosapi_msgs/share/rosapi_msgs/srv/ServiceType.srv
[11.619s] -- Up-to-date: /app/dev_ws/install/rosapi_msgs/share/rosapi_msgs/srv/ServiceType_Request.msg
[11.620s] -- Up-to-date: /app/dev_ws/install/rosapi_msgs/share/rosapi_msgs/srv/ServiceType_Response.msg
[11.621s] -- Up-to-date: /app/dev_ws/install/rosapi_msgs/share/rosapi_msgs/srv/SetParam.srv
[11.621s] -- Up-to-date: /app/dev_ws/install/rosapi_msgs/share/rosapi_msgs/srv/SetParam_Request.msg
[11.622s] -- Up-to-date: /app/dev_ws/install/rosapi_msgs/share/rosapi_msgs/srv/SetParam_Response.msg
[11.622s] -- Up-to-date: /app/dev_ws/install/rosapi_msgs/share/rosapi_msgs/srv/Subscribers.srv
[11.623s] -- Up-to-date: /app/dev_ws/install/rosapi_msgs/share/rosapi_msgs/srv/Subscribers_Request.msg
[11.623s] -- Up-to-date: /app/dev_ws/install/rosapi_msgs/share/rosapi_msgs/srv/Subscribers_Response.msg
[11.624s] -- Up-to-date: /app/dev_ws/install/rosapi_msgs/share/rosapi_msgs/srv/Topics.srv
[11.624s] -- Up-to-date: /app/dev_ws/install/rosapi_msgs/share/rosapi_msgs/srv/Topics_Request.msg
[11.627s] -- Up-to-date: /app/dev_ws/install/rosapi_msgs/share/rosapi_msgs/srv/Topics_Response.msg
[11.628s] -- Up-to-date: /app/dev_ws/install/rosapi_msgs/share/rosapi_msgs/srv/TopicsAndRawTypes.srv
[11.628s] -- Up-to-date: /app/dev_ws/install/rosapi_msgs/share/rosapi_msgs/srv/TopicsAndRawTypes_Request.msg
[11.629s] -- Up-to-date: /app/dev_ws/install/rosapi_msgs/share/rosapi_msgs/srv/TopicsAndRawTypes_Response.msg
[11.629s] -- Up-to-date: /app/dev_ws/install/rosapi_msgs/share/rosapi_msgs/srv/TopicsForType.srv
[11.630s] -- Up-to-date: /app/dev_ws/install/rosapi_msgs/share/rosapi_msgs/srv/TopicsForType_Request.msg
[11.631s] -- Up-to-date: /app/dev_ws/install/rosapi_msgs/share/rosapi_msgs/srv/TopicsForType_Response.msg
[11.632s] -- Up-to-date: /app/dev_ws/install/rosapi_msgs/share/rosapi_msgs/srv/TopicType.srv
[11.632s] -- Up-to-date: /app/dev_ws/install/rosapi_msgs/share/rosapi_msgs/srv/TopicType_Request.msg
[11.633s] -- Up-to-date: /app/dev_ws/install/rosapi_msgs/share/rosapi_msgs/srv/TopicType_Response.msg
[11.634s] -- Up-to-date: /app/dev_ws/install/rosapi_msgs/share/ament_index/resource_index/package_run_dependencies/rosapi_msgs
[11.634s] -- Up-to-date: /app/dev_ws/install/rosapi_msgs/share/ament_index/resource_index/parent_prefix_path/rosapi_msgs
[11.636s] -- Up-to-date: /app/dev_ws/install/rosapi_msgs/share/rosapi_msgs/environment/ament_prefix_path.sh
[11.637s] -- Up-to-date: /app/dev_ws/install/rosapi_msgs/share/rosapi_msgs/environment/ament_prefix_path.dsv
[11.637s] -- Up-to-date: /app/dev_ws/install/rosapi_msgs/share/rosapi_msgs/environment/path.sh
[11.638s] -- Up-to-date: /app/dev_ws/install/rosapi_msgs/share/rosapi_msgs/environment/path.dsv
[11.638s] -- Up-to-date: /app/dev_ws/install/rosapi_msgs/share/rosapi_msgs/local_setup.bash
[11.639s] -- Up-to-date: /app/dev_ws/install/rosapi_msgs/share/rosapi_msgs/local_setup.sh
[11.640s] -- Up-to-date: /app/dev_ws/install/rosapi_msgs/share/rosapi_msgs/local_setup.zsh
[11.641s] -- Up-to-date: /app/dev_ws/install/rosapi_msgs/share/rosapi_msgs/local_setup.dsv
[11.642s] -- Installing: /app/dev_ws/install/rosapi_msgs/share/rosapi_msgs/package.dsv
[11.643s] -- Up-to-date: /app/dev_ws/install/rosapi_msgs/share/ament_index/resource_index/packages/rosapi_msgs
[11.644s] -- Up-to-date: /app/dev_ws/install/rosapi_msgs/share/rosapi_msgs/cmake/rosapi_msgs__rosidl_generator_cExport.cmake
[11.645s] -- Up-to-date: /app/dev_ws/install/rosapi_msgs/share/rosapi_msgs/cmake/rosapi_msgs__rosidl_generator_cExport-noconfig.cmake
[11.646s] -- Up-to-date: /app/dev_ws/install/rosapi_msgs/share/rosapi_msgs/cmake/rosapi_msgs__rosidl_typesupport_introspection_cExport.cmake
[11.647s] -- Up-to-date: /app/dev_ws/install/rosapi_msgs/share/rosapi_msgs/cmake/rosapi_msgs__rosidl_typesupport_introspection_cExport-noconfig.cmake
[11.648s] -- Up-to-date: /app/dev_ws/install/rosapi_msgs/share/rosapi_msgs/cmake/rosapi_msgs__rosidl_typesupport_cExport.cmake
[11.648s] -- Up-to-date: /app/dev_ws/install/rosapi_msgs/share/rosapi_msgs/cmake/rosapi_msgs__rosidl_typesupport_cExport-noconfig.cmake
[11.648s] -- Up-to-date: /app/dev_ws/install/rosapi_msgs/share/rosapi_msgs/cmake/rosapi_msgs__rosidl_generator_cppExport.cmake
[11.649s] -- Up-to-date: /app/dev_ws/install/rosapi_msgs/share/rosapi_msgs/cmake/rosapi_msgs__rosidl_typesupport_introspection_cppExport.cmake
[11.650s] -- Up-to-date: /app/dev_ws/install/rosapi_msgs/share/rosapi_msgs/cmake/rosapi_msgs__rosidl_typesupport_introspection_cppExport-noconfig.cmake
[11.651s] -- Up-to-date: /app/dev_ws/install/rosapi_msgs/share/rosapi_msgs/cmake/rosapi_msgs__rosidl_typesupport_cppExport.cmake
[11.652s] -- Up-to-date: /app/dev_ws/install/rosapi_msgs/share/rosapi_msgs/cmake/rosapi_msgs__rosidl_typesupport_cppExport-noconfig.cmake
[11.654s] -- Up-to-date: /app/dev_ws/install/rosapi_msgs/share/rosapi_msgs/cmake/rosidl_cmake-extras.cmake
[11.655s] -- Up-to-date: /app/dev_ws/install/rosapi_msgs/share/rosapi_msgs/cmake/ament_cmake_export_dependencies-extras.cmake
[11.657s] -- Up-to-date: /app/dev_ws/install/rosapi_msgs/share/rosapi_msgs/cmake/ament_cmake_export_libraries-extras.cmake
[11.658s] -- Up-to-date: /app/dev_ws/install/rosapi_msgs/share/rosapi_msgs/cmake/ament_cmake_export_targets-extras.cmake
[11.659s] -- Up-to-date: /app/dev_ws/install/rosapi_msgs/share/rosapi_msgs/cmake/ament_cmake_export_include_directories-extras.cmake
[11.660s] -- Up-to-date: /app/dev_ws/install/rosapi_msgs/share/rosapi_msgs/cmake/rosidl_cmake_export_typesupport_libraries-extras.cmake
[11.662s] -- Up-to-date: /app/dev_ws/install/rosapi_msgs/share/rosapi_msgs/cmake/rosidl_cmake_export_typesupport_targets-extras.cmake
[11.662s] -- Up-to-date: /app/dev_ws/install/rosapi_msgs/share/rosapi_msgs/cmake/rosapi_msgsConfig.cmake
[11.663s] -- Up-to-date: /app/dev_ws/install/rosapi_msgs/share/rosapi_msgs/cmake/rosapi_msgsConfig-version.cmake
[11.663s] -- Up-to-date: /app/dev_ws/install/rosapi_msgs/share/rosapi_msgs/package.xml
[11.683s] Invoked command in '/app/dev_ws/build/rosapi_msgs' returned '0': CMAKE_PREFIX_PATH=${CMAKE_PREFIX_PATH}:/app/dev_ws/install/xsens_driver:/app/dev_ws/install/ntrip_client:/app/dev_ws/install/central:/opt/ros/foxy /usr/bin/cmake --install /app/dev_ws/build/rosapi_msgs
