[0.164s] Invoking command in '/app/dev_ws/build/rosapi': CMAKE_PREFIX_PATH=/app/dev_ws/install/rosbridge_library:/app/dev_ws/install/rosapi_msgs:/app/dev_ws/install/xsens_msgs:/app/dev_ws/install/rosbridge_test_msgs:/app/dev_ws/install/rosbridge_suite:/app/dev_ws/install/rosbridge_server:/app/dev_ws/install/rosbridge_msgs:/app/dev_ws/install/rosapi:/app/dev_ws/install/xsens_driver:/app/dev_ws/install/ntrip_client:/app/dev_ws/install/central:/opt/ros/foxy LD_LIBRARY_PATH=/app/dev_ws/install/rosapi_msgs/lib:/app/dev_ws/install/xsens_msgs/lib:/app/dev_ws/install/rosbridge_test_msgs/lib:/app/dev_ws/install/rosbridge_msgs/lib:/opt/ros/foxy/opt/yaml_cpp_vendor/lib:/opt/ros/foxy/lib/aarch64-linux-gnu:/opt/ros/foxy/lib PYTHONPATH=/app/dev_ws/install/rosbridge_library/lib/python3.8/site-packages:/app/dev_ws/install/rosapi_msgs/lib/python3.8/site-packages:/app/dev_ws/install/xsens_driver/lib/python3.8/site-packages:/app/dev_ws/install/xsens_msgs/lib/python3.8/site-packages:/app/dev_ws/install/rosbridge_test_msgs/lib/python3.8/site-packages:/app/dev_ws/install/rosbridge_server/lib/python3.8/site-packages:/app/dev_ws/install/rosbridge_msgs/lib/python3.8/site-packages:/app/dev_ws/install/rosapi/lib/python3.8/site-packages:/app/dev_ws/install/ntrip_client/lib/python3.8/site-packages:/app/dev_ws/install/central/lib/python3.8/site-packages:/opt/ros/foxy/lib/python3.8/site-packages /usr/bin/cmake --build /app/dev_ws/build/rosapi -- -j4 -l4
[0.485s] Invoked command in '/app/dev_ws/build/rosapi' returned '0': CMAKE_PREFIX_PATH=/app/dev_ws/install/rosbridge_library:/app/dev_ws/install/rosapi_msgs:/app/dev_ws/install/xsens_msgs:/app/dev_ws/install/rosbridge_test_msgs:/app/dev_ws/install/rosbridge_suite:/app/dev_ws/install/rosbridge_server:/app/dev_ws/install/rosbridge_msgs:/app/dev_ws/install/rosapi:/app/dev_ws/install/xsens_driver:/app/dev_ws/install/ntrip_client:/app/dev_ws/install/central:/opt/ros/foxy LD_LIBRARY_PATH=/app/dev_ws/install/rosapi_msgs/lib:/app/dev_ws/install/xsens_msgs/lib:/app/dev_ws/install/rosbridge_test_msgs/lib:/app/dev_ws/install/rosbridge_msgs/lib:/opt/ros/foxy/opt/yaml_cpp_vendor/lib:/opt/ros/foxy/lib/aarch64-linux-gnu:/opt/ros/foxy/lib PYTHONPATH=/app/dev_ws/install/rosbridge_library/lib/python3.8/site-packages:/app/dev_ws/install/rosapi_msgs/lib/python3.8/site-packages:/app/dev_ws/install/xsens_driver/lib/python3.8/site-packages:/app/dev_ws/install/xsens_msgs/lib/python3.8/site-packages:/app/dev_ws/install/rosbridge_test_msgs/lib/python3.8/site-packages:/app/dev_ws/install/rosbridge_server/lib/python3.8/site-packages:/app/dev_ws/install/rosbridge_msgs/lib/python3.8/site-packages:/app/dev_ws/install/rosapi/lib/python3.8/site-packages:/app/dev_ws/install/ntrip_client/lib/python3.8/site-packages:/app/dev_ws/install/central/lib/python3.8/site-packages:/opt/ros/foxy/lib/python3.8/site-packages /usr/bin/cmake --build /app/dev_ws/build/rosapi -- -j4 -l4
[0.654s] Invoking command in '/app/dev_ws/build/rosapi': CMAKE_PREFIX_PATH=/app/dev_ws/install/rosbridge_library:/app/dev_ws/install/rosapi_msgs:/app/dev_ws/install/xsens_msgs:/app/dev_ws/install/rosbridge_test_msgs:/app/dev_ws/install/rosbridge_suite:/app/dev_ws/install/rosbridge_server:/app/dev_ws/install/rosbridge_msgs:/app/dev_ws/install/rosapi:/app/dev_ws/install/xsens_driver:/app/dev_ws/install/ntrip_client:/app/dev_ws/install/central:/opt/ros/foxy LD_LIBRARY_PATH=/app/dev_ws/install/rosapi_msgs/lib:/app/dev_ws/install/xsens_msgs/lib:/app/dev_ws/install/rosbridge_test_msgs/lib:/app/dev_ws/install/rosbridge_msgs/lib:/opt/ros/foxy/opt/yaml_cpp_vendor/lib:/opt/ros/foxy/lib/aarch64-linux-gnu:/opt/ros/foxy/lib PYTHONPATH=/app/dev_ws/install/rosbridge_library/lib/python3.8/site-packages:/app/dev_ws/install/rosapi_msgs/lib/python3.8/site-packages:/app/dev_ws/install/xsens_driver/lib/python3.8/site-packages:/app/dev_ws/install/xsens_msgs/lib/python3.8/site-packages:/app/dev_ws/install/rosbridge_test_msgs/lib/python3.8/site-packages:/app/dev_ws/install/rosbridge_server/lib/python3.8/site-packages:/app/dev_ws/install/rosbridge_msgs/lib/python3.8/site-packages:/app/dev_ws/install/rosapi/lib/python3.8/site-packages:/app/dev_ws/install/ntrip_client/lib/python3.8/site-packages:/app/dev_ws/install/central/lib/python3.8/site-packages:/opt/ros/foxy/lib/python3.8/site-packages /usr/bin/cmake --install /app/dev_ws/build/rosapi
[0.716s] -- Install configuration: ""
[0.717s] -- Up-to-date: /app/dev_ws/install/rosapi/share/rosapi/environment/pythonpath.sh
[0.718s] -- Up-to-date: /app/dev_ws/install/rosapi/share/rosapi/environment/pythonpath.dsv
[0.722s] -- Up-to-date: /app/dev_ws/install/rosapi/lib/python3.8/site-packages/rosapi
[0.723s] -- Up-to-date: /app/dev_ws/install/rosapi/lib/python3.8/site-packages/rosapi/params.py
[0.723s] -- Up-to-date: /app/dev_ws/install/rosapi/lib/python3.8/site-packages/rosapi/objectutils.py
[0.724s] -- Up-to-date: /app/dev_ws/install/rosapi/lib/python3.8/site-packages/rosapi/stringify_field_types.py
[0.724s] -- Up-to-date: /app/dev_ws/install/rosapi/lib/python3.8/site-packages/rosapi/proxy.py
[0.725s] -- Up-to-date: /app/dev_ws/install/rosapi/lib/python3.8/site-packages/rosapi/__init__.py
[0.725s] -- Up-to-date: /app/dev_ws/install/rosapi/lib/python3.8/site-packages/rosapi/glob_helper.py
[0.945s] Listing '/app/dev_ws/install/rosapi/lib/python3.8/site-packages/rosapi'...
[0.975s] -- Up-to-date: /app/dev_ws/install/rosapi/share/ament_index/resource_index/package_run_dependencies/rosapi
[0.976s] -- Up-to-date: /app/dev_ws/install/rosapi/share/ament_index/resource_index/parent_prefix_path/rosapi
[0.977s] -- Up-to-date: /app/dev_ws/install/rosapi/share/rosapi/environment/ament_prefix_path.sh
[0.978s] -- Up-to-date: /app/dev_ws/install/rosapi/share/rosapi/environment/ament_prefix_path.dsv
[0.979s] -- Up-to-date: /app/dev_ws/install/rosapi/share/rosapi/environment/path.sh
[0.980s] -- Up-to-date: /app/dev_ws/install/rosapi/share/rosapi/environment/path.dsv
[0.981s] -- Up-to-date: /app/dev_ws/install/rosapi/share/rosapi/local_setup.bash
[0.982s] -- Up-to-date: /app/dev_ws/install/rosapi/share/rosapi/local_setup.sh
[0.983s] -- Up-to-date: /app/dev_ws/install/rosapi/share/rosapi/local_setup.zsh
[0.984s] -- Up-to-date: /app/dev_ws/install/rosapi/share/rosapi/local_setup.dsv
[0.984s] -- Installing: /app/dev_ws/install/rosapi/share/rosapi/package.dsv
[0.985s] -- Up-to-date: /app/dev_ws/install/rosapi/share/ament_index/resource_index/packages/rosapi
[0.987s] -- Up-to-date: /app/dev_ws/install/rosapi/share/rosapi/cmake/rosapiConfig.cmake
[0.988s] -- Up-to-date: /app/dev_ws/install/rosapi/share/rosapi/cmake/rosapiConfig-version.cmake
[0.989s] -- Up-to-date: /app/dev_ws/install/rosapi/share/rosapi/package.xml
[0.990s] -- Up-to-date: /app/dev_ws/install/rosapi/lib/rosapi/rosapi_node
[0.991s] -- Up-to-date: /app/dev_ws/install/rosapi/share/rosapi/mapping_rules.yaml
[1.005s] Invoked command in '/app/dev_ws/build/rosapi' returned '0': CMAKE_PREFIX_PATH=/app/dev_ws/install/rosbridge_library:/app/dev_ws/install/rosapi_msgs:/app/dev_ws/install/xsens_msgs:/app/dev_ws/install/rosbridge_test_msgs:/app/dev_ws/install/rosbridge_suite:/app/dev_ws/install/rosbridge_server:/app/dev_ws/install/rosbridge_msgs:/app/dev_ws/install/rosapi:/app/dev_ws/install/xsens_driver:/app/dev_ws/install/ntrip_client:/app/dev_ws/install/central:/opt/ros/foxy LD_LIBRARY_PATH=/app/dev_ws/install/rosapi_msgs/lib:/app/dev_ws/install/xsens_msgs/lib:/app/dev_ws/install/rosbridge_test_msgs/lib:/app/dev_ws/install/rosbridge_msgs/lib:/opt/ros/foxy/opt/yaml_cpp_vendor/lib:/opt/ros/foxy/lib/aarch64-linux-gnu:/opt/ros/foxy/lib PYTHONPATH=/app/dev_ws/install/rosbridge_library/lib/python3.8/site-packages:/app/dev_ws/install/rosapi_msgs/lib/python3.8/site-packages:/app/dev_ws/install/xsens_driver/lib/python3.8/site-packages:/app/dev_ws/install/xsens_msgs/lib/python3.8/site-packages:/app/dev_ws/install/rosbridge_test_msgs/lib/python3.8/site-packages:/app/dev_ws/install/rosbridge_server/lib/python3.8/site-packages:/app/dev_ws/install/rosbridge_msgs/lib/python3.8/site-packages:/app/dev_ws/install/rosapi/lib/python3.8/site-packages:/app/dev_ws/install/ntrip_client/lib/python3.8/site-packages:/app/dev_ws/install/central/lib/python3.8/site-packages:/opt/ros/foxy/lib/python3.8/site-packages /usr/bin/cmake --install /app/dev_ws/build/rosapi
