[3.246s] Invoking command in '/app/dev_ws/src/central': PYTHONPATH=/app/dev_ws/install/central/lib/python3.8/site-packages:${PYTHONPATH} /usr/bin/python3 setup.py egg_info --egg-base ../../build/central build --build-base /app/dev_ws/build/central/build install --prefix /app/dev_ws/install/central --record /app/dev_ws/build/central/install.log --single-version-externally-managed
[4.342s] running egg_info
[4.344s] writing ../../build/central/central.egg-info/PKG-INFO
[4.346s] writing dependency_links to ../../build/central/central.egg-info/dependency_links.txt
[4.347s] writing entry points to ../../build/central/central.egg-info/entry_points.txt
[4.348s] writing requirements to ../../build/central/central.egg-info/requires.txt
[4.349s] writing top-level names to ../../build/central/central.egg-info/top_level.txt
[4.515s] reading manifest file '../../build/central/central.egg-info/SOURCES.txt'
[4.519s] writing manifest file '../../build/central/central.egg-info/SOURCES.txt'
[4.520s] running build
[4.520s] running build_py
[4.521s] copying central/central_data.py -> /app/dev_ws/build/central/build/lib/central
[4.523s] running install
[4.527s] running install_lib
[4.532s] copying /app/dev_ws/build/central/build/lib/central/central_data.py -> /app/dev_ws/install/central/lib/python3.8/site-packages/central
[4.535s] byte-compiling /app/dev_ws/install/central/lib/python3.8/site-packages/central/central_data.py to central_data.cpython-38.pyc
[4.556s] running install_data
[4.559s] running install_egg_info
[4.568s] removing '/app/dev_ws/install/central/lib/python3.8/site-packages/central-0.0.0-py3.8.egg-info' (and everything under it)
[4.569s] Copying ../../build/central/central.egg-info to /app/dev_ws/install/central/lib/python3.8/site-packages/central-0.0.0-py3.8.egg-info
[4.576s] running install_scripts
[4.654s] Installing collect_data script to /app/dev_ws/install/central/lib/central
[4.655s] Installing config script to /app/dev_ws/install/central/lib/central
[4.657s] writing list of installed files to '/app/dev_ws/build/central/install.log'
[4.762s] Invoked command in '/app/dev_ws/src/central' returned '0': PYTHONPATH=/app/dev_ws/install/central/lib/python3.8/site-packages:${PYTHONPATH} /usr/bin/python3 setup.py egg_info --egg-base ../../build/central build --build-base /app/dev_ws/build/central/build install --prefix /app/dev_ws/install/central --record /app/dev_ws/build/central/install.log --single-version-externally-managed
