[4.559s] Invoking command in '/app/dev_ws/src/central': PYTHONPATH=/app/dev_ws/install/central/lib/python3.8/site-packages:${PYTHONPATH} /usr/bin/python3 setup.py egg_info --egg-base ../../build/central build --build-base /app/dev_ws/build/central/build install --prefix /app/dev_ws/install/central --record /app/dev_ws/build/central/install.log --single-version-externally-managed
[5.736s] running egg_info
[5.738s] writing ../../build/central/central.egg-info/PKG-INFO
[5.740s] writing dependency_links to ../../build/central/central.egg-info/dependency_links.txt
[5.746s] writing entry points to ../../build/central/central.egg-info/entry_points.txt
[5.746s] writing requirements to ../../build/central/central.egg-info/requires.txt
[5.747s] writing top-level names to ../../build/central/central.egg-info/top_level.txt
[5.925s] reading manifest file '../../build/central/central.egg-info/SOURCES.txt'
[5.930s] writing manifest file '../../build/central/central.egg-info/SOURCES.txt'
[5.931s] running build
[5.936s] running build_py
[5.937s] running install
[5.938s] running install_lib
[5.945s] running install_data
[5.948s] running install_egg_info
[5.957s] removing '/app/dev_ws/install/central/lib/python3.8/site-packages/central-0.0.0-py3.8.egg-info' (and everything under it)
[5.959s] Copying ../../build/central/central.egg-info to /app/dev_ws/install/central/lib/python3.8/site-packages/central-0.0.0-py3.8.egg-info
[5.968s] running install_scripts
[6.059s] Installing main script to /app/dev_ws/install/central/lib/central
[6.061s] writing list of installed files to '/app/dev_ws/build/central/install.log'
[6.193s] Invoked command in '/app/dev_ws/src/central' returned '0': PYTHONPATH=/app/dev_ws/install/central/lib/python3.8/site-packages:${PYTHONPATH} /usr/bin/python3 setup.py egg_info --egg-base ../../build/central build --build-base /app/dev_ws/build/central/build install --prefix /app/dev_ws/install/central --record /app/dev_ws/build/central/install.log --single-version-externally-managed
