[3.322s] Invoking command in '/app/dev_ws/src/cam_client': LD_LIBRARY_PATH=/app/dev_ws/install/xsens_msgs/lib:/opt/ros/foxy/opt/yaml_cpp_vendor/lib:/opt/ros/foxy/opt/rviz_ogre_vendor/lib:/opt/ros/foxy/lib/aarch64-linux-gnu:/opt/ros/foxy/lib:/app/dev_ws/install/rosbridge_test_msgs/lib:/app/dev_ws/install/rosbridge_msgs/lib:/app/dev_ws/install/rosapi_msgs/lib:/app/dev_ws/tiscamera/build/src/v4l2:/app/dev_ws/tiscamera/build/src/aravis:/app/dev_ws/tiscamera/build/src/libusb:/app/dev_ws/tiscamera/build/src/gobject:/app/dev_ws/tiscamera/build/src/gstreamer-1.0 PYTHONPATH=/app/dev_ws/install/cam_client/lib/python3.8/site-packages:/app/dev_ws/install/xsens_msgs/lib/python3.8/site-packages:/opt/ros/foxy/lib/python3.8/site-packages:/app/dev_ws/install/xsens_driver/lib/python3.8/site-packages:/app/dev_ws/install/cam_client/lib/python3.8/site-packages:/app/dev_ws/install/rosbridge_test_msgs/lib/python3.8/site-packages:/app/dev_ws/install/rosbridge_server/lib/python3.8/site-packages:/app/dev_ws/install/rosbridge_msgs/lib/python3.8/site-packages:/app/dev_ws/install/rosapi/lib/python3.8/site-packages:/app/dev_ws/install/rosbridge_library/lib/python3.8/site-packages:/app/dev_ws/install/rosapi_msgs/lib/python3.8/site-packages:/app/dev_ws/install/ntrip_client/lib/python3.8/site-packages:/app/dev_ws/install/central/lib/python3.8/site-packages /usr/bin/python3 setup.py egg_info --egg-base ../../build/cam_client build --build-base /app/dev_ws/build/cam_client/build install --prefix /app/dev_ws/install/cam_client --record /app/dev_ws/build/cam_client/install.log --single-version-externally-managed
[4.436s] running egg_info
[4.438s] writing ../../build/cam_client/cam_client.egg-info/PKG-INFO
[4.440s] writing dependency_links to ../../build/cam_client/cam_client.egg-info/dependency_links.txt
[4.441s] writing entry points to ../../build/cam_client/cam_client.egg-info/entry_points.txt
[4.442s] writing requirements to ../../build/cam_client/cam_client.egg-info/requires.txt
[4.443s] writing top-level names to ../../build/cam_client/cam_client.egg-info/top_level.txt
[4.609s] reading manifest file '../../build/cam_client/cam_client.egg-info/SOURCES.txt'
[4.613s] writing manifest file '../../build/cam_client/cam_client.egg-info/SOURCES.txt'
[4.614s] running build
[4.615s] running build_py
[4.617s] running install
[4.621s] running install_lib
[4.630s] running install_data
[4.632s] running install_egg_info
[4.640s] removing '/app/dev_ws/install/cam_client/lib/python3.8/site-packages/cam_client-0.0.0-py3.8.egg-info' (and everything under it)
[4.642s] Copying ../../build/cam_client/cam_client.egg-info to /app/dev_ws/install/cam_client/lib/python3.8/site-packages/cam_client-0.0.0-py3.8.egg-info
[4.649s] running install_scripts
[4.729s] Installing main script to /app/dev_ws/install/cam_client/lib/cam_client
[4.731s] writing list of installed files to '/app/dev_ws/build/cam_client/install.log'
[4.832s] Invoked command in '/app/dev_ws/src/cam_client' returned '0': LD_LIBRARY_PATH=/app/dev_ws/install/xsens_msgs/lib:/opt/ros/foxy/opt/yaml_cpp_vendor/lib:/opt/ros/foxy/opt/rviz_ogre_vendor/lib:/opt/ros/foxy/lib/aarch64-linux-gnu:/opt/ros/foxy/lib:/app/dev_ws/install/rosbridge_test_msgs/lib:/app/dev_ws/install/rosbridge_msgs/lib:/app/dev_ws/install/rosapi_msgs/lib:/app/dev_ws/tiscamera/build/src/v4l2:/app/dev_ws/tiscamera/build/src/aravis:/app/dev_ws/tiscamera/build/src/libusb:/app/dev_ws/tiscamera/build/src/gobject:/app/dev_ws/tiscamera/build/src/gstreamer-1.0 PYTHONPATH=/app/dev_ws/install/cam_client/lib/python3.8/site-packages:/app/dev_ws/install/xsens_msgs/lib/python3.8/site-packages:/opt/ros/foxy/lib/python3.8/site-packages:/app/dev_ws/install/xsens_driver/lib/python3.8/site-packages:/app/dev_ws/install/cam_client/lib/python3.8/site-packages:/app/dev_ws/install/rosbridge_test_msgs/lib/python3.8/site-packages:/app/dev_ws/install/rosbridge_server/lib/python3.8/site-packages:/app/dev_ws/install/rosbridge_msgs/lib/python3.8/site-packages:/app/dev_ws/install/rosapi/lib/python3.8/site-packages:/app/dev_ws/install/rosbridge_library/lib/python3.8/site-packages:/app/dev_ws/install/rosapi_msgs/lib/python3.8/site-packages:/app/dev_ws/install/ntrip_client/lib/python3.8/site-packages:/app/dev_ws/install/central/lib/python3.8/site-packages /usr/bin/python3 setup.py egg_info --egg-base ../../build/cam_client build --build-base /app/dev_ws/build/cam_client/build install --prefix /app/dev_ws/install/cam_client --record /app/dev_ws/build/cam_client/install.log --single-version-externally-managed
