[1.156s] DEBUG:colcon:Command line arguments: ['/usr/bin/colcon', 'build']
[1.156s] DEBUG:colcon:Parsed command line arguments: Namespace(allow_overriding=[], ament_cmake_args=None, base_paths=['.'], build_base='build', catkin_cmake_args=None, catkin_skip_building_tests=False, cmake_args=None, cmake_clean_cache=False, cmake_clean_first=False, cmake_force_configure=False, cmake_target=None, cmake_target_skip_unavailable=False, continue_on_error=False, event_handlers=None, executor='parallel', ignore_user_meta=False, install_base='install', log_base=None, log_level=None, main=<bound method BuildVerb.main of <colcon_core.verb.build.BuildVerb object at 0xffffa7b6da60>>, merge_install=False, metas=['./colcon.meta'], mixin=None, mixin_files=None, mixin_verb=('build',), packages_above=None, packages_above_and_dependencies=None, packages_above_depth=None, packages_end=None, packages_ignore=None, packages_ignore_regex=None, packages_select=None, packages_select_build_failed=False, packages_select_by_dep=None, packages_select_regex=None, packages_select_test_failures=False, packages_skip=None, packages_skip_build_finished=False, packages_skip_by_dep=None, packages_skip_regex=None, packages_skip_test_passed=False, packages_skip_up_to=None, packages_start=None, packages_up_to=None, packages_up_to_regex=None, parallel_workers=4, paths=None, symlink_install=False, test_result_base=None, verb_extension=<colcon_core.verb.build.BuildVerb object at 0xffffa7b6da60>, verb_name='build', verb_parser=<colcon_mixin.mixin.mixin_argument.MixinArgumentDecorator object at 0xffffa7b79070>)
[1.184s] Level 1:colcon.colcon_core.package_discovery:discover_packages(colcon_meta) check parameters
[1.188s] INFO:colcon.colcon_metadata.package_discovery.colcon_meta:Using configuration from '/root/.colcon/metadata/default/Gazebo.meta'
[1.192s] INFO:colcon.colcon_metadata.package_discovery.colcon_meta:Using configuration from '/root/.colcon/metadata/default/fastrtps.meta'
[1.193s] Level 1:colcon.colcon_core.package_discovery:discover_packages(recursive) check parameters
[1.194s] Level 1:colcon.colcon_core.package_discovery:discover_packages(ignore) check parameters
[1.194s] Level 1:colcon.colcon_core.package_discovery:discover_packages(path) check parameters
[1.194s] Level 1:colcon.colcon_core.package_discovery:discover_packages(colcon_meta) discover
[1.195s] Level 1:colcon.colcon_core.package_discovery:discover_packages(recursive) discover
[1.195s] INFO:colcon.colcon_core.package_discovery:Crawling recursively for packages in '/app/dev_ws'
[1.196s] Level 1:colcon.colcon_core.package_identification:_identify(.) by extensions ['ignore', 'ignore_ament_install']
[1.196s] Level 1:colcon.colcon_core.package_identification:_identify(.) by extension 'ignore'
[1.197s] Level 1:colcon.colcon_core.package_identification:_identify(.) by extension 'ignore_ament_install'
[1.197s] Level 1:colcon.colcon_core.package_identification:_identify(.) by extensions ['colcon_pkg']
[1.197s] Level 1:colcon.colcon_core.package_identification:_identify(.) by extension 'colcon_pkg'
[1.197s] Level 1:colcon.colcon_core.package_identification:_identify(.) by extensions ['colcon_meta']
[1.197s] Level 1:colcon.colcon_core.package_identification:_identify(.) by extension 'colcon_meta'
[1.198s] Level 1:colcon.colcon_core.package_identification:_identify(.) by extensions ['ros']
[1.198s] Level 1:colcon.colcon_core.package_identification:_identify(.) by extension 'ros'
[1.249s] Level 1:colcon.colcon_core.package_identification:_identify(.) by extensions ['cmake', 'python']
[1.250s] Level 1:colcon.colcon_core.package_identification:_identify(.) by extension 'cmake'
[1.250s] Level 1:colcon.colcon_core.package_identification:_identify(.) by extension 'python'
[1.250s] Level 1:colcon.colcon_core.package_identification:_identify(.) by extensions ['python_setup_py']
[1.250s] Level 1:colcon.colcon_core.package_identification:_identify(.) by extension 'python_setup_py'
[1.251s] Level 1:colcon.colcon_core.package_identification:_identify(build) by extensions ['ignore', 'ignore_ament_install']
[1.251s] Level 1:colcon.colcon_core.package_identification:_identify(build) by extension 'ignore'
[1.252s] Level 1:colcon.colcon_core.package_identification:_identify(build) ignored
[1.252s] Level 1:colcon.colcon_core.package_identification:_identify(install) by extensions ['ignore', 'ignore_ament_install']
[1.253s] Level 1:colcon.colcon_core.package_identification:_identify(install) by extension 'ignore'
[1.253s] Level 1:colcon.colcon_core.package_identification:_identify(install) ignored
[1.254s] Level 1:colcon.colcon_core.package_identification:_identify(log) by extensions ['ignore', 'ignore_ament_install']
[1.254s] Level 1:colcon.colcon_core.package_identification:_identify(log) by extension 'ignore'
[1.255s] Level 1:colcon.colcon_core.package_identification:_identify(log) ignored
[1.255s] Level 1:colcon.colcon_core.package_identification:_identify(src) by extensions ['ignore', 'ignore_ament_install']
[1.256s] Level 1:colcon.colcon_core.package_identification:_identify(src) by extension 'ignore'
[1.256s] Level 1:colcon.colcon_core.package_identification:_identify(src) by extension 'ignore_ament_install'
[1.257s] Level 1:colcon.colcon_core.package_identification:_identify(src) by extensions ['colcon_pkg']
[1.257s] Level 1:colcon.colcon_core.package_identification:_identify(src) by extension 'colcon_pkg'
[1.257s] Level 1:colcon.colcon_core.package_identification:_identify(src) by extensions ['colcon_meta']
[1.258s] Level 1:colcon.colcon_core.package_identification:_identify(src) by extension 'colcon_meta'
[1.258s] Level 1:colcon.colcon_core.package_identification:_identify(src) by extensions ['ros']
[1.258s] Level 1:colcon.colcon_core.package_identification:_identify(src) by extension 'ros'
[1.258s] Level 1:colcon.colcon_core.package_identification:_identify(src) by extensions ['cmake', 'python']
[1.259s] Level 1:colcon.colcon_core.package_identification:_identify(src) by extension 'cmake'
[1.259s] Level 1:colcon.colcon_core.package_identification:_identify(src) by extension 'python'
[1.259s] Level 1:colcon.colcon_core.package_identification:_identify(src) by extensions ['python_setup_py']
[1.259s] Level 1:colcon.colcon_core.package_identification:_identify(src) by extension 'python_setup_py'
[1.260s] Level 1:colcon.colcon_core.package_identification:_identify(src/central) by extensions ['ignore', 'ignore_ament_install']
[1.260s] Level 1:colcon.colcon_core.package_identification:_identify(src/central) by extension 'ignore'
[1.260s] Level 1:colcon.colcon_core.package_identification:_identify(src/central) by extension 'ignore_ament_install'
[1.261s] Level 1:colcon.colcon_core.package_identification:_identify(src/central) by extensions ['colcon_pkg']
[1.261s] Level 1:colcon.colcon_core.package_identification:_identify(src/central) by extension 'colcon_pkg'
[1.261s] Level 1:colcon.colcon_core.package_identification:_identify(src/central) by extensions ['colcon_meta']
[1.261s] Level 1:colcon.colcon_core.package_identification:_identify(src/central) by extension 'colcon_meta'
[1.261s] Level 1:colcon.colcon_core.package_identification:_identify(src/central) by extensions ['ros']
[1.261s] Level 1:colcon.colcon_core.package_identification:_identify(src/central) by extension 'ros'
[1.271s] DEBUG:colcon.colcon_core.package_identification:Package 'src/central' with type 'ros.ament_python' and name 'central'
[1.272s] Level 1:colcon.colcon_core.package_identification:_identify(src/ntrip_client) by extensions ['ignore', 'ignore_ament_install']
[1.272s] Level 1:colcon.colcon_core.package_identification:_identify(src/ntrip_client) by extension 'ignore'
[1.272s] Level 1:colcon.colcon_core.package_identification:_identify(src/ntrip_client) by extension 'ignore_ament_install'
[1.272s] Level 1:colcon.colcon_core.package_identification:_identify(src/ntrip_client) by extensions ['colcon_pkg']
[1.273s] Level 1:colcon.colcon_core.package_identification:_identify(src/ntrip_client) by extension 'colcon_pkg'
[1.273s] Level 1:colcon.colcon_core.package_identification:_identify(src/ntrip_client) by extensions ['colcon_meta']
[1.273s] Level 1:colcon.colcon_core.package_identification:_identify(src/ntrip_client) by extension 'colcon_meta'
[1.273s] Level 1:colcon.colcon_core.package_identification:_identify(src/ntrip_client) by extensions ['ros']
[1.273s] Level 1:colcon.colcon_core.package_identification:_identify(src/ntrip_client) by extension 'ros'
[1.275s] DEBUG:colcon.colcon_core.package_identification:Package 'src/ntrip_client' with type 'ros.ament_python' and name 'ntrip_client'
[1.276s] Level 1:colcon.colcon_core.package_identification:_identify(src/xsens_driver) by extensions ['ignore', 'ignore_ament_install']
[1.277s] Level 1:colcon.colcon_core.package_identification:_identify(src/xsens_driver) by extension 'ignore'
[1.277s] Level 1:colcon.colcon_core.package_identification:_identify(src/xsens_driver) by extension 'ignore_ament_install'
[1.277s] Level 1:colcon.colcon_core.package_identification:_identify(src/xsens_driver) by extensions ['colcon_pkg']
[1.277s] Level 1:colcon.colcon_core.package_identification:_identify(src/xsens_driver) by extension 'colcon_pkg'
[1.277s] Level 1:colcon.colcon_core.package_identification:_identify(src/xsens_driver) by extensions ['colcon_meta']
[1.277s] Level 1:colcon.colcon_core.package_identification:_identify(src/xsens_driver) by extension 'colcon_meta'
[1.278s] Level 1:colcon.colcon_core.package_identification:_identify(src/xsens_driver) by extensions ['ros']
[1.278s] Level 1:colcon.colcon_core.package_identification:_identify(src/xsens_driver) by extension 'ros'
[1.282s] DEBUG:colcon.colcon_core.package_identification:Package 'src/xsens_driver' with type 'ros.ament_python' and name 'xsens_driver'
[1.283s] Level 1:colcon.colcon_core.package_identification:_identify(src/xsens_msgs) by extensions ['ignore', 'ignore_ament_install']
[1.283s] Level 1:colcon.colcon_core.package_identification:_identify(src/xsens_msgs) by extension 'ignore'
[1.283s] Level 1:colcon.colcon_core.package_identification:_identify(src/xsens_msgs) by extension 'ignore_ament_install'
[1.284s] Level 1:colcon.colcon_core.package_identification:_identify(src/xsens_msgs) by extensions ['colcon_pkg']
[1.284s] Level 1:colcon.colcon_core.package_identification:_identify(src/xsens_msgs) by extension 'colcon_pkg'
[1.285s] Level 1:colcon.colcon_core.package_identification:_identify(src/xsens_msgs) by extensions ['colcon_meta']
[1.286s] Level 1:colcon.colcon_core.package_identification:_identify(src/xsens_msgs) by extension 'colcon_meta'
[1.287s] Level 1:colcon.colcon_core.package_identification:_identify(src/xsens_msgs) by extensions ['ros']
[1.287s] Level 1:colcon.colcon_core.package_identification:_identify(src/xsens_msgs) by extension 'ros'
[1.292s] DEBUG:colcon.colcon_core.package_identification:Package 'src/xsens_msgs' with type 'ros.ament_cmake' and name 'xsens_msgs'
[1.292s] Level 1:colcon.colcon_core.package_discovery:discover_packages(recursive) using defaults
[1.293s] Level 1:colcon.colcon_core.package_discovery:discover_packages(ignore) discover
[1.294s] Level 1:colcon.colcon_core.package_discovery:discover_packages(ignore) using defaults
[1.295s] Level 1:colcon.colcon_core.package_discovery:discover_packages(path) discover
[1.295s] Level 1:colcon.colcon_core.package_discovery:discover_packages(path) using defaults
[1.383s] Level 5:colcon.colcon_core.verb:set package 'central' build argument 'cmake_args' from command line to 'None'
[1.383s] Level 5:colcon.colcon_core.verb:set package 'central' build argument 'cmake_target' from command line to 'None'
[1.384s] Level 5:colcon.colcon_core.verb:set package 'central' build argument 'cmake_target_skip_unavailable' from command line to 'False'
[1.384s] Level 5:colcon.colcon_core.verb:set package 'central' build argument 'cmake_clean_cache' from command line to 'False'
[1.384s] Level 5:colcon.colcon_core.verb:set package 'central' build argument 'cmake_clean_first' from command line to 'False'
[1.384s] Level 5:colcon.colcon_core.verb:set package 'central' build argument 'cmake_force_configure' from command line to 'False'
[1.384s] Level 5:colcon.colcon_core.verb:set package 'central' build argument 'ament_cmake_args' from command line to 'None'
[1.384s] Level 5:colcon.colcon_core.verb:set package 'central' build argument 'catkin_cmake_args' from command line to 'None'
[1.385s] Level 5:colcon.colcon_core.verb:set package 'central' build argument 'catkin_skip_building_tests' from command line to 'False'
[1.385s] DEBUG:colcon.colcon_core.verb:Building package 'central' with the following arguments: {'ament_cmake_args': None, 'build_base': '/app/dev_ws/build/central', 'catkin_cmake_args': None, 'catkin_skip_building_tests': False, 'cmake_args': None, 'cmake_clean_cache': False, 'cmake_clean_first': False, 'cmake_force_configure': False, 'cmake_target': None, 'cmake_target_skip_unavailable': False, 'install_base': '/app/dev_ws/install/central', 'merge_install': False, 'path': '/app/dev_ws/src/central', 'symlink_install': False, 'test_result_base': None}
[1.388s] Level 5:colcon.colcon_core.verb:set package 'ntrip_client' build argument 'cmake_args' from command line to 'None'
[1.388s] Level 5:colcon.colcon_core.verb:set package 'ntrip_client' build argument 'cmake_target' from command line to 'None'
[1.388s] Level 5:colcon.colcon_core.verb:set package 'ntrip_client' build argument 'cmake_target_skip_unavailable' from command line to 'False'
[1.388s] Level 5:colcon.colcon_core.verb:set package 'ntrip_client' build argument 'cmake_clean_cache' from command line to 'False'
[1.388s] Level 5:colcon.colcon_core.verb:set package 'ntrip_client' build argument 'cmake_clean_first' from command line to 'False'
[1.389s] Level 5:colcon.colcon_core.verb:set package 'ntrip_client' build argument 'cmake_force_configure' from command line to 'False'
[1.389s] Level 5:colcon.colcon_core.verb:set package 'ntrip_client' build argument 'ament_cmake_args' from command line to 'None'
[1.389s] Level 5:colcon.colcon_core.verb:set package 'ntrip_client' build argument 'catkin_cmake_args' from command line to 'None'
[1.389s] Level 5:colcon.colcon_core.verb:set package 'ntrip_client' build argument 'catkin_skip_building_tests' from command line to 'False'
[1.389s] DEBUG:colcon.colcon_core.verb:Building package 'ntrip_client' with the following arguments: {'ament_cmake_args': None, 'build_base': '/app/dev_ws/build/ntrip_client', 'catkin_cmake_args': None, 'catkin_skip_building_tests': False, 'cmake_args': None, 'cmake_clean_cache': False, 'cmake_clean_first': False, 'cmake_force_configure': False, 'cmake_target': None, 'cmake_target_skip_unavailable': False, 'install_base': '/app/dev_ws/install/ntrip_client', 'merge_install': False, 'path': '/app/dev_ws/src/ntrip_client', 'symlink_install': False, 'test_result_base': None}
[1.392s] Level 5:colcon.colcon_core.verb:set package 'xsens_msgs' build argument 'cmake_args' from command line to 'None'
[1.392s] Level 5:colcon.colcon_core.verb:set package 'xsens_msgs' build argument 'cmake_target' from command line to 'None'
[1.392s] Level 5:colcon.colcon_core.verb:set package 'xsens_msgs' build argument 'cmake_target_skip_unavailable' from command line to 'False'
[1.393s] Level 5:colcon.colcon_core.verb:set package 'xsens_msgs' build argument 'cmake_clean_cache' from command line to 'False'
[1.393s] Level 5:colcon.colcon_core.verb:set package 'xsens_msgs' build argument 'cmake_clean_first' from command line to 'False'
[1.393s] Level 5:colcon.colcon_core.verb:set package 'xsens_msgs' build argument 'cmake_force_configure' from command line to 'False'
[1.393s] Level 5:colcon.colcon_core.verb:set package 'xsens_msgs' build argument 'ament_cmake_args' from command line to 'None'
[1.393s] Level 5:colcon.colcon_core.verb:set package 'xsens_msgs' build argument 'catkin_cmake_args' from command line to 'None'
[1.393s] Level 5:colcon.colcon_core.verb:set package 'xsens_msgs' build argument 'catkin_skip_building_tests' from command line to 'False'
[1.393s] DEBUG:colcon.colcon_core.verb:Building package 'xsens_msgs' with the following arguments: {'ament_cmake_args': None, 'build_base': '/app/dev_ws/build/xsens_msgs', 'catkin_cmake_args': None, 'catkin_skip_building_tests': False, 'cmake_args': None, 'cmake_clean_cache': False, 'cmake_clean_first': False, 'cmake_force_configure': False, 'cmake_target': None, 'cmake_target_skip_unavailable': False, 'install_base': '/app/dev_ws/install/xsens_msgs', 'merge_install': False, 'path': '/app/dev_ws/src/xsens_msgs', 'symlink_install': False, 'test_result_base': None}
[1.396s] Level 5:colcon.colcon_core.verb:set package 'xsens_driver' build argument 'cmake_args' from command line to 'None'
[1.397s] Level 5:colcon.colcon_core.verb:set package 'xsens_driver' build argument 'cmake_target' from command line to 'None'
[1.397s] Level 5:colcon.colcon_core.verb:set package 'xsens_driver' build argument 'cmake_target_skip_unavailable' from command line to 'False'
[1.397s] Level 5:colcon.colcon_core.verb:set package 'xsens_driver' build argument 'cmake_clean_cache' from command line to 'False'
[1.397s] Level 5:colcon.colcon_core.verb:set package 'xsens_driver' build argument 'cmake_clean_first' from command line to 'False'
[1.397s] Level 5:colcon.colcon_core.verb:set package 'xsens_driver' build argument 'cmake_force_configure' from command line to 'False'
[1.397s] Level 5:colcon.colcon_core.verb:set package 'xsens_driver' build argument 'ament_cmake_args' from command line to 'None'
[1.397s] Level 5:colcon.colcon_core.verb:set package 'xsens_driver' build argument 'catkin_cmake_args' from command line to 'None'
[1.398s] Level 5:colcon.colcon_core.verb:set package 'xsens_driver' build argument 'catkin_skip_building_tests' from command line to 'False'
[1.398s] DEBUG:colcon.colcon_core.verb:Building package 'xsens_driver' with the following arguments: {'ament_cmake_args': None, 'build_base': '/app/dev_ws/build/xsens_driver', 'catkin_cmake_args': None, 'catkin_skip_building_tests': False, 'cmake_args': None, 'cmake_clean_cache': False, 'cmake_clean_first': False, 'cmake_force_configure': False, 'cmake_target': None, 'cmake_target_skip_unavailable': False, 'install_base': '/app/dev_ws/install/xsens_driver', 'merge_install': False, 'path': '/app/dev_ws/src/xsens_driver', 'symlink_install': False, 'test_result_base': None}
[1.420s] WARNING:colcon.colcon_core.verb:Some selected packages are already built in one or more underlay workspaces:
	'central' is in: /app/dev_ws/install/central
	'ntrip_client' is in: /app/dev_ws/install/ntrip_client
	'xsens_msgs' is in: /app/dev_ws/install/xsens_msgs
	'xsens_driver' is in: /app/dev_ws/install/xsens_driver
If a package in a merged underlay workspace is overridden and it installs headers, then all packages in the overlay must sort their include directories by workspace order. Failure to do so may result in build failures or undefined behavior at run time.
If the overridden package is used by another package in any underlay, then the overriding package in the overlay must be API and ABI compatible or undefined behavior at run time may occur.

If you understand the risks and want to override a package anyways, add the following to the command line:
	--allow-overriding central ntrip_client xsens_driver xsens_msgs

This may be promoted to an error in a future release of colcon-core.
[1.422s] INFO:colcon.colcon_core.executor:Executing jobs using 'parallel' executor
[1.430s] DEBUG:colcon.colcon_parallel_executor.executor.parallel:run_until_complete
[1.431s] INFO:colcon.colcon_ros.task.ament_cmake.build:Building ROS package in '/app/dev_ws/src/xsens_msgs' with build type 'ament_cmake'
[1.432s] INFO:colcon.colcon_cmake.task.cmake.build:Building CMake package in '/app/dev_ws/src/xsens_msgs'
[1.449s] INFO:colcon.colcon_core.plugin_system:Skipping extension 'colcon_core.shell.bat': Not used on non-Windows systems
[1.450s] INFO:colcon.colcon_core.shell:Skip shell extension 'powershell' for command environment: Not usable outside of PowerShell
[1.450s] DEBUG:colcon.colcon_core.shell:Skip shell extension 'dsv' for command environment
[1.481s] INFO:colcon.colcon_ros.task.ament_python.build:Building ROS package in '/app/dev_ws/src/central' with build type 'ament_python'
[1.482s] Level 1:colcon.colcon_core.shell:create_environment_hook('central', 'ament_prefix_path')
[1.486s] INFO:colcon.colcon_core.shell:Creating environment hook '/app/dev_ws/install/central/share/central/hook/ament_prefix_path.ps1'
[1.490s] INFO:colcon.colcon_core.shell:Creating environment descriptor '/app/dev_ws/install/central/share/central/hook/ament_prefix_path.dsv'
[1.492s] INFO:colcon.colcon_core.shell:Creating environment hook '/app/dev_ws/install/central/share/central/hook/ament_prefix_path.sh'
[1.499s] INFO:colcon.colcon_core.shell:Skip shell extension 'powershell' for command environment: Not usable outside of PowerShell
[1.500s] DEBUG:colcon.colcon_core.shell:Skip shell extension 'dsv' for command environment
[1.535s] INFO:colcon.colcon_ros.task.ament_python.build:Building ROS package in '/app/dev_ws/src/ntrip_client' with build type 'ament_python'
[1.539s] Level 1:colcon.colcon_core.shell:create_environment_hook('ntrip_client', 'ament_prefix_path')
[1.543s] INFO:colcon.colcon_core.shell:Creating environment hook '/app/dev_ws/install/ntrip_client/share/ntrip_client/hook/ament_prefix_path.ps1'
[1.546s] INFO:colcon.colcon_core.shell:Creating environment descriptor '/app/dev_ws/install/ntrip_client/share/ntrip_client/hook/ament_prefix_path.dsv'
[1.549s] INFO:colcon.colcon_core.shell:Creating environment hook '/app/dev_ws/install/ntrip_client/share/ntrip_client/hook/ament_prefix_path.sh'
[1.554s] INFO:colcon.colcon_core.shell:Skip shell extension 'powershell' for command environment: Not usable outside of PowerShell
[1.555s] DEBUG:colcon.colcon_core.shell:Skip shell extension 'dsv' for command environment
[1.627s] DEBUG:colcon.colcon_core.event_handler.log_command:Invoking command in '/app/dev_ws/build/xsens_msgs': CMAKE_PREFIX_PATH=${CMAKE_PREFIX_PATH}:/app/dev_ws/install/xsens_driver:/app/dev_ws/install/ntrip_client:/app/dev_ws/install/central:/opt/ros/foxy /usr/bin/cmake --build /app/dev_ws/build/xsens_msgs -- -j4 -l4
[2.943s] INFO:colcon.colcon_core.task.python.build:Building Python package in '/app/dev_ws/src/central'
[2.947s] INFO:colcon.colcon_core.shell:Skip shell extension 'powershell' for command environment: Not usable outside of PowerShell
[2.947s] DEBUG:colcon.colcon_core.shell:Skip shell extension 'dsv' for command environment
[4.016s] INFO:colcon.colcon_core.task.python.build:Building Python package in '/app/dev_ws/src/ntrip_client'
[4.019s] INFO:colcon.colcon_core.shell:Skip shell extension 'powershell' for command environment: Not usable outside of PowerShell
[4.019s] DEBUG:colcon.colcon_core.shell:Skip shell extension 'dsv' for command environment
[4.074s] DEBUG:colcon.colcon_core.event_handler.log_command:Invoked command in '/app/dev_ws/build/xsens_msgs' returned '0': CMAKE_PREFIX_PATH=${CMAKE_PREFIX_PATH}:/app/dev_ws/install/xsens_driver:/app/dev_ws/install/ntrip_client:/app/dev_ws/install/central:/opt/ros/foxy /usr/bin/cmake --build /app/dev_ws/build/xsens_msgs -- -j4 -l4
[5.268s] DEBUG:colcon.colcon_core.event_handler.log_command:Invoking command in '/app/dev_ws/build/xsens_msgs': CMAKE_PREFIX_PATH=${CMAKE_PREFIX_PATH}:/app/dev_ws/install/xsens_driver:/app/dev_ws/install/ntrip_client:/app/dev_ws/install/central:/opt/ros/foxy /usr/bin/cmake --install /app/dev_ws/build/xsens_msgs
[5.782s] Level 1:colcon.colcon_core.environment:create_environment_scripts_only(xsens_msgs)
[5.786s] DEBUG:colcon.colcon_core.event_handler.log_command:Invoked command in '/app/dev_ws/build/xsens_msgs' returned '0': CMAKE_PREFIX_PATH=${CMAKE_PREFIX_PATH}:/app/dev_ws/install/xsens_driver:/app/dev_ws/install/ntrip_client:/app/dev_ws/install/central:/opt/ros/foxy /usr/bin/cmake --install /app/dev_ws/build/xsens_msgs
[5.810s] Level 1:colcon.colcon_core.environment:checking '/app/dev_ws/install/xsens_msgs' for CMake module files
[5.815s] Level 1:colcon.colcon_core.environment:checking '/app/dev_ws/install/xsens_msgs' for CMake config files
[5.826s] Level 1:colcon.colcon_core.shell:create_environment_hook('xsens_msgs', 'cmake_prefix_path')
[5.830s] INFO:colcon.colcon_core.shell:Creating environment hook '/app/dev_ws/install/xsens_msgs/share/xsens_msgs/hook/cmake_prefix_path.ps1'
[5.833s] INFO:colcon.colcon_core.shell:Creating environment descriptor '/app/dev_ws/install/xsens_msgs/share/xsens_msgs/hook/cmake_prefix_path.dsv'
[5.836s] INFO:colcon.colcon_core.shell:Creating environment hook '/app/dev_ws/install/xsens_msgs/share/xsens_msgs/hook/cmake_prefix_path.sh'
[5.842s] Level 1:colcon.colcon_core.environment:checking '/app/dev_ws/install/xsens_msgs/lib'
[5.843s] Level 1:colcon.colcon_core.shell:create_environment_hook('xsens_msgs', 'ld_library_path_lib')
[5.845s] INFO:colcon.colcon_core.shell:Creating environment hook '/app/dev_ws/install/xsens_msgs/share/xsens_msgs/hook/ld_library_path_lib.ps1'
[5.848s] INFO:colcon.colcon_core.shell:Creating environment descriptor '/app/dev_ws/install/xsens_msgs/share/xsens_msgs/hook/ld_library_path_lib.dsv'
[5.851s] INFO:colcon.colcon_core.shell:Creating environment hook '/app/dev_ws/install/xsens_msgs/share/xsens_msgs/hook/ld_library_path_lib.sh'
[5.854s] Level 1:colcon.colcon_core.environment:checking '/app/dev_ws/install/xsens_msgs/bin'
[5.854s] Level 1:colcon.colcon_core.environment:checking '/app/dev_ws/install/xsens_msgs/lib/pkgconfig/xsens_msgs.pc'
[5.855s] Level 1:colcon.colcon_core.environment:checking '/app/dev_ws/install/xsens_msgs/lib/python3.8/site-packages'
[5.855s] Level 1:colcon.colcon_core.shell:create_environment_hook('xsens_msgs', 'pythonpath')
[5.857s] INFO:colcon.colcon_core.shell:Creating environment hook '/app/dev_ws/install/xsens_msgs/share/xsens_msgs/hook/pythonpath.ps1'
[5.860s] INFO:colcon.colcon_core.shell:Creating environment descriptor '/app/dev_ws/install/xsens_msgs/share/xsens_msgs/hook/pythonpath.dsv'
[5.863s] INFO:colcon.colcon_core.shell:Creating environment hook '/app/dev_ws/install/xsens_msgs/share/xsens_msgs/hook/pythonpath.sh'
[5.868s] INFO:colcon.colcon_core.shell:Creating package script '/app/dev_ws/install/xsens_msgs/share/xsens_msgs/package.ps1'
[5.876s] INFO:colcon.colcon_core.shell:Creating package descriptor '/app/dev_ws/install/xsens_msgs/share/xsens_msgs/package.dsv'
[5.882s] INFO:colcon.colcon_core.shell:Creating package script '/app/dev_ws/install/xsens_msgs/share/xsens_msgs/package.sh'
[5.889s] INFO:colcon.colcon_core.shell:Creating package script '/app/dev_ws/install/xsens_msgs/share/xsens_msgs/package.bash'
[5.896s] INFO:colcon.colcon_core.shell:Creating package script '/app/dev_ws/install/xsens_msgs/share/xsens_msgs/package.zsh'
[5.902s] Level 1:colcon.colcon_core.environment:create_file_with_runtime_dependencies(/app/dev_ws/install/xsens_msgs/share/colcon-core/packages/xsens_msgs)
[6.096s] DEBUG:colcon.colcon_core.event_handler.log_command:Invoking command in '/app/dev_ws/src/central': PYTHONPATH=/app/dev_ws/install/central/lib/python3.8/site-packages:${PYTHONPATH} /usr/bin/python3 setup.py egg_info --egg-base ../../build/central build --build-base /app/dev_ws/build/central/build install --prefix /app/dev_ws/install/central --record /app/dev_ws/build/central/install.log --single-version-externally-managed
[6.119s] DEBUG:colcon.colcon_core.event_handler.log_command:Invoking command in '/app/dev_ws/src/ntrip_client': PYTHONPATH=/app/dev_ws/install/ntrip_client/lib/python3.8/site-packages:${PYTHONPATH} /usr/bin/python3 setup.py egg_info --egg-base ../../build/ntrip_client build --build-base /app/dev_ws/build/ntrip_client/build install --prefix /app/dev_ws/install/ntrip_client --record /app/dev_ws/build/ntrip_client/install.log --single-version-externally-managed
[7.154s] Level 1:colcon.colcon_core.environment:create_environment_scripts_only(xsens_msgs)
[7.160s] Level 1:colcon.colcon_core.environment:checking '/app/dev_ws/install/xsens_msgs' for CMake module files
[7.169s] Level 1:colcon.colcon_core.environment:checking '/app/dev_ws/install/xsens_msgs' for CMake config files
[7.182s] Level 1:colcon.colcon_core.shell:create_environment_hook('xsens_msgs', 'cmake_prefix_path')
[7.185s] INFO:colcon.colcon_core.shell:Creating environment hook '/app/dev_ws/install/xsens_msgs/share/xsens_msgs/hook/cmake_prefix_path.ps1'
[7.192s] INFO:colcon.colcon_core.shell:Creating environment descriptor '/app/dev_ws/install/xsens_msgs/share/xsens_msgs/hook/cmake_prefix_path.dsv'
[7.196s] INFO:colcon.colcon_core.shell:Creating environment hook '/app/dev_ws/install/xsens_msgs/share/xsens_msgs/hook/cmake_prefix_path.sh'
[7.201s] Level 1:colcon.colcon_core.environment:checking '/app/dev_ws/install/xsens_msgs/lib'
[7.202s] Level 1:colcon.colcon_core.shell:create_environment_hook('xsens_msgs', 'ld_library_path_lib')
[7.210s] INFO:colcon.colcon_core.shell:Creating environment hook '/app/dev_ws/install/xsens_msgs/share/xsens_msgs/hook/ld_library_path_lib.ps1'
[7.215s] INFO:colcon.colcon_core.shell:Creating environment descriptor '/app/dev_ws/install/xsens_msgs/share/xsens_msgs/hook/ld_library_path_lib.dsv'
[7.218s] INFO:colcon.colcon_core.shell:Creating environment hook '/app/dev_ws/install/xsens_msgs/share/xsens_msgs/hook/ld_library_path_lib.sh'
[7.221s] Level 1:colcon.colcon_core.environment:checking '/app/dev_ws/install/xsens_msgs/bin'
[7.222s] Level 1:colcon.colcon_core.environment:checking '/app/dev_ws/install/xsens_msgs/lib/pkgconfig/xsens_msgs.pc'
[7.223s] Level 1:colcon.colcon_core.environment:checking '/app/dev_ws/install/xsens_msgs/lib/python3.8/site-packages'
[7.223s] Level 1:colcon.colcon_core.shell:create_environment_hook('xsens_msgs', 'pythonpath')
[7.226s] INFO:colcon.colcon_core.shell:Creating environment hook '/app/dev_ws/install/xsens_msgs/share/xsens_msgs/hook/pythonpath.ps1'
[7.240s] INFO:colcon.colcon_core.shell:Creating environment descriptor '/app/dev_ws/install/xsens_msgs/share/xsens_msgs/hook/pythonpath.dsv'
[7.242s] INFO:colcon.colcon_core.shell:Creating environment hook '/app/dev_ws/install/xsens_msgs/share/xsens_msgs/hook/pythonpath.sh'
[7.249s] INFO:colcon.colcon_core.shell:Creating package script '/app/dev_ws/install/xsens_msgs/share/xsens_msgs/package.ps1'
[7.257s] INFO:colcon.colcon_core.shell:Creating package descriptor '/app/dev_ws/install/xsens_msgs/share/xsens_msgs/package.dsv'
[7.261s] INFO:colcon.colcon_core.shell:Creating package script '/app/dev_ws/install/xsens_msgs/share/xsens_msgs/package.sh'
[7.265s] INFO:colcon.colcon_core.shell:Creating package script '/app/dev_ws/install/xsens_msgs/share/xsens_msgs/package.bash'
[7.270s] INFO:colcon.colcon_core.shell:Creating package script '/app/dev_ws/install/xsens_msgs/share/xsens_msgs/package.zsh'
[7.275s] Level 1:colcon.colcon_core.environment:create_file_with_runtime_dependencies(/app/dev_ws/install/xsens_msgs/share/colcon-core/packages/xsens_msgs)
[7.279s] INFO:colcon.colcon_ros.task.ament_python.build:Building ROS package in '/app/dev_ws/src/xsens_driver' with build type 'ament_python'
[7.281s] Level 1:colcon.colcon_core.shell:create_environment_hook('xsens_driver', 'ament_prefix_path')
[7.283s] INFO:colcon.colcon_core.shell:Creating environment hook '/app/dev_ws/install/xsens_driver/share/xsens_driver/hook/ament_prefix_path.ps1'
[7.295s] INFO:colcon.colcon_core.shell:Creating environment descriptor '/app/dev_ws/install/xsens_driver/share/xsens_driver/hook/ament_prefix_path.dsv'
[7.298s] INFO:colcon.colcon_core.shell:Creating environment hook '/app/dev_ws/install/xsens_driver/share/xsens_driver/hook/ament_prefix_path.sh'
[7.305s] INFO:colcon.colcon_core.shell:Skip shell extension 'powershell' for command environment: Not usable outside of PowerShell
[7.305s] DEBUG:colcon.colcon_core.shell:Skip shell extension 'dsv' for command environment
[8.665s] INFO:colcon.colcon_core.task.python.build:Building Python package in '/app/dev_ws/src/xsens_driver'
[8.668s] INFO:colcon.colcon_core.shell:Skip shell extension 'powershell' for command environment: Not usable outside of PowerShell
[8.668s] DEBUG:colcon.colcon_core.shell:Skip shell extension 'dsv' for command environment
[8.706s] Level 1:colcon.colcon_core.environment:checking '/app/dev_ws/install/central' for CMake module files
[8.710s] DEBUG:colcon.colcon_core.event_handler.log_command:Invoked command in '/app/dev_ws/src/central' returned '0': PYTHONPATH=/app/dev_ws/install/central/lib/python3.8/site-packages:${PYTHONPATH} /usr/bin/python3 setup.py egg_info --egg-base ../../build/central build --build-base /app/dev_ws/build/central/build install --prefix /app/dev_ws/install/central --record /app/dev_ws/build/central/install.log --single-version-externally-managed
[8.712s] Level 1:colcon.colcon_core.environment:checking '/app/dev_ws/install/central' for CMake config files
[8.716s] Level 1:colcon.colcon_core.environment:checking '/app/dev_ws/install/central/lib'
[8.716s] Level 1:colcon.colcon_core.environment:checking '/app/dev_ws/install/central/bin'
[8.717s] Level 1:colcon.colcon_core.environment:checking '/app/dev_ws/install/central/lib/pkgconfig/central.pc'
[8.717s] Level 1:colcon.colcon_core.environment:checking '/app/dev_ws/install/central/lib/python3.8/site-packages'
[8.718s] Level 1:colcon.colcon_core.shell:create_environment_hook('central', 'pythonpath')
[8.720s] INFO:colcon.colcon_core.shell:Creating environment hook '/app/dev_ws/install/central/share/central/hook/pythonpath.ps1'
[8.722s] INFO:colcon.colcon_core.shell:Creating environment descriptor '/app/dev_ws/install/central/share/central/hook/pythonpath.dsv'
[8.724s] INFO:colcon.colcon_core.shell:Creating environment hook '/app/dev_ws/install/central/share/central/hook/pythonpath.sh'
[8.726s] Level 1:colcon.colcon_core.environment:create_environment_scripts_only(central)
[8.728s] INFO:colcon.colcon_core.shell:Creating package script '/app/dev_ws/install/central/share/central/package.ps1'
[8.731s] INFO:colcon.colcon_core.shell:Creating package descriptor '/app/dev_ws/install/central/share/central/package.dsv'
[8.733s] INFO:colcon.colcon_core.shell:Creating package script '/app/dev_ws/install/central/share/central/package.sh'
[8.735s] INFO:colcon.colcon_core.shell:Creating package script '/app/dev_ws/install/central/share/central/package.bash'
[8.737s] INFO:colcon.colcon_core.shell:Creating package script '/app/dev_ws/install/central/share/central/package.zsh'
[8.739s] Level 1:colcon.colcon_core.environment:create_file_with_runtime_dependencies(/app/dev_ws/install/central/share/colcon-core/packages/central)
[8.743s] Level 1:colcon.colcon_core.environment:checking '/app/dev_ws/install/ntrip_client' for CMake module files
[8.748s] DEBUG:colcon.colcon_core.event_handler.log_command:Invoked command in '/app/dev_ws/src/ntrip_client' returned '0': PYTHONPATH=/app/dev_ws/install/ntrip_client/lib/python3.8/site-packages:${PYTHONPATH} /usr/bin/python3 setup.py egg_info --egg-base ../../build/ntrip_client build --build-base /app/dev_ws/build/ntrip_client/build install --prefix /app/dev_ws/install/ntrip_client --record /app/dev_ws/build/ntrip_client/install.log --single-version-externally-managed
[8.749s] Level 1:colcon.colcon_core.environment:checking '/app/dev_ws/install/ntrip_client' for CMake config files
[8.753s] Level 1:colcon.colcon_core.environment:checking '/app/dev_ws/install/ntrip_client/lib'
[8.753s] Level 1:colcon.colcon_core.environment:checking '/app/dev_ws/install/ntrip_client/bin'
[8.753s] Level 1:colcon.colcon_core.environment:checking '/app/dev_ws/install/ntrip_client/lib/pkgconfig/ntrip_client.pc'
[8.754s] Level 1:colcon.colcon_core.environment:checking '/app/dev_ws/install/ntrip_client/lib/python3.8/site-packages'
[8.754s] Level 1:colcon.colcon_core.shell:create_environment_hook('ntrip_client', 'pythonpath')
[8.756s] INFO:colcon.colcon_core.shell:Creating environment hook '/app/dev_ws/install/ntrip_client/share/ntrip_client/hook/pythonpath.ps1'
[8.758s] INFO:colcon.colcon_core.shell:Creating environment descriptor '/app/dev_ws/install/ntrip_client/share/ntrip_client/hook/pythonpath.dsv'
[8.760s] INFO:colcon.colcon_core.shell:Creating environment hook '/app/dev_ws/install/ntrip_client/share/ntrip_client/hook/pythonpath.sh'
[8.763s] Level 1:colcon.colcon_core.environment:create_environment_scripts_only(ntrip_client)
[8.765s] INFO:colcon.colcon_core.shell:Creating package script '/app/dev_ws/install/ntrip_client/share/ntrip_client/package.ps1'
[8.768s] INFO:colcon.colcon_core.shell:Creating package descriptor '/app/dev_ws/install/ntrip_client/share/ntrip_client/package.dsv'
[8.770s] INFO:colcon.colcon_core.shell:Creating package script '/app/dev_ws/install/ntrip_client/share/ntrip_client/package.sh'
[8.772s] INFO:colcon.colcon_core.shell:Creating package script '/app/dev_ws/install/ntrip_client/share/ntrip_client/package.bash'
[8.775s] INFO:colcon.colcon_core.shell:Creating package script '/app/dev_ws/install/ntrip_client/share/ntrip_client/package.zsh'
[8.777s] Level 1:colcon.colcon_core.environment:create_file_with_runtime_dependencies(/app/dev_ws/install/ntrip_client/share/colcon-core/packages/ntrip_client)
[10.379s] DEBUG:colcon.colcon_core.event_handler.log_command:Invoking command in '/app/dev_ws/src/xsens_driver': PYTHONPATH=/app/dev_ws/install/xsens_driver/lib/python3.8/site-packages:/app/dev_ws/install/xsens_msgs/lib/python3.8/site-packages:/app/dev_ws/install/xsens_driver/lib/python3.8/site-packages:/app/dev_ws/install/ntrip_client/lib/python3.8/site-packages:/app/dev_ws/install/central/lib/python3.8/site-packages:/opt/ros/foxy/lib/python3.8/site-packages /usr/bin/python3 setup.py egg_info --egg-base ../../build/xsens_driver build --build-base /app/dev_ws/build/xsens_driver/build install --prefix /app/dev_ws/install/xsens_driver --record /app/dev_ws/build/xsens_driver/install.log --single-version-externally-managed
[11.684s] Level 1:colcon.colcon_core.environment:checking '/app/dev_ws/install/xsens_driver' for CMake module files
[11.686s] DEBUG:colcon.colcon_core.event_handler.log_command:Invoked command in '/app/dev_ws/src/xsens_driver' returned '0': PYTHONPATH=/app/dev_ws/install/xsens_driver/lib/python3.8/site-packages:/app/dev_ws/install/xsens_msgs/lib/python3.8/site-packages:/app/dev_ws/install/xsens_driver/lib/python3.8/site-packages:/app/dev_ws/install/ntrip_client/lib/python3.8/site-packages:/app/dev_ws/install/central/lib/python3.8/site-packages:/opt/ros/foxy/lib/python3.8/site-packages /usr/bin/python3 setup.py egg_info --egg-base ../../build/xsens_driver build --build-base /app/dev_ws/build/xsens_driver/build install --prefix /app/dev_ws/install/xsens_driver --record /app/dev_ws/build/xsens_driver/install.log --single-version-externally-managed
[11.688s] Level 1:colcon.colcon_core.environment:checking '/app/dev_ws/install/xsens_driver' for CMake config files
[11.693s] Level 1:colcon.colcon_core.environment:checking '/app/dev_ws/install/xsens_driver/lib'
[11.693s] Level 1:colcon.colcon_core.environment:checking '/app/dev_ws/install/xsens_driver/bin'
[11.693s] Level 1:colcon.colcon_core.environment:checking '/app/dev_ws/install/xsens_driver/lib/pkgconfig/xsens_driver.pc'
[11.694s] Level 1:colcon.colcon_core.environment:checking '/app/dev_ws/install/xsens_driver/lib/python3.8/site-packages'
[11.694s] Level 1:colcon.colcon_core.shell:create_environment_hook('xsens_driver', 'pythonpath')
[11.696s] INFO:colcon.colcon_core.shell:Creating environment hook '/app/dev_ws/install/xsens_driver/share/xsens_driver/hook/pythonpath.ps1'
[11.698s] INFO:colcon.colcon_core.shell:Creating environment descriptor '/app/dev_ws/install/xsens_driver/share/xsens_driver/hook/pythonpath.dsv'
[11.700s] INFO:colcon.colcon_core.shell:Creating environment hook '/app/dev_ws/install/xsens_driver/share/xsens_driver/hook/pythonpath.sh'
[11.702s] Level 1:colcon.colcon_core.environment:create_environment_scripts_only(xsens_driver)
[11.705s] INFO:colcon.colcon_core.shell:Creating package script '/app/dev_ws/install/xsens_driver/share/xsens_driver/package.ps1'
[11.709s] INFO:colcon.colcon_core.shell:Creating package descriptor '/app/dev_ws/install/xsens_driver/share/xsens_driver/package.dsv'
[11.711s] INFO:colcon.colcon_core.shell:Creating package script '/app/dev_ws/install/xsens_driver/share/xsens_driver/package.sh'
[11.714s] INFO:colcon.colcon_core.shell:Creating package script '/app/dev_ws/install/xsens_driver/share/xsens_driver/package.bash'
[11.715s] INFO:colcon.colcon_core.shell:Creating package script '/app/dev_ws/install/xsens_driver/share/xsens_driver/package.zsh'
[11.717s] Level 1:colcon.colcon_core.environment:create_file_with_runtime_dependencies(/app/dev_ws/install/xsens_driver/share/colcon-core/packages/xsens_driver)
[11.719s] DEBUG:colcon.colcon_parallel_executor.executor.parallel:closing loop
[11.720s] DEBUG:colcon.colcon_parallel_executor.executor.parallel:loop closed
[11.721s] DEBUG:colcon.colcon_parallel_executor.executor.parallel:run_until_complete finished with '0'
[11.722s] DEBUG:colcon.colcon_core.event_reactor:joining thread
[11.819s] INFO:colcon.colcon_core.plugin_system:Skipping extension 'colcon_notification.desktop_notification.notify_send': Could not find 'notify-send'
[11.820s] INFO:colcon.colcon_core.plugin_system:Skipping extension 'colcon_notification.desktop_notification.terminal_notifier': Not used on non-Darwin systems
[11.820s] INFO:colcon.colcon_core.plugin_system:Skipping extension 'colcon_notification.desktop_notification.win32': Not used on non-Windows systems
[11.820s] INFO:colcon.colcon_notification.desktop_notification:Sending desktop notification using 'notify2'
[11.849s] DEBUG:colcon.colcon_notification.desktop_notification.notify2:Failed to initialize notify2: org.freedesktop.DBus.Error.ServiceUnknown: The name org.freedesktop.Notifications was not provided by any .service files
[11.850s] DEBUG:colcon.colcon_core.event_reactor:joined thread
[11.854s] INFO:colcon.colcon_core.shell:Creating prefix script '/app/dev_ws/install/local_setup.ps1'
[11.859s] INFO:colcon.colcon_core.shell:Creating prefix util module '/app/dev_ws/install/_local_setup_util_ps1.py'
[11.865s] INFO:colcon.colcon_core.shell:Creating prefix chain script '/app/dev_ws/install/setup.ps1'
[11.871s] INFO:colcon.colcon_core.shell:Creating prefix script '/app/dev_ws/install/local_setup.sh'
[11.874s] INFO:colcon.colcon_core.shell:Creating prefix util module '/app/dev_ws/install/_local_setup_util_sh.py'
[11.877s] INFO:colcon.colcon_core.shell:Creating prefix chain script '/app/dev_ws/install/setup.sh'
[11.884s] INFO:colcon.colcon_core.shell:Creating prefix script '/app/dev_ws/install/local_setup.bash'
[11.886s] INFO:colcon.colcon_core.shell:Creating prefix chain script '/app/dev_ws/install/setup.bash'
[11.893s] INFO:colcon.colcon_core.shell:Creating prefix script '/app/dev_ws/install/local_setup.zsh'
[11.895s] INFO:colcon.colcon_core.shell:Creating prefix chain script '/app/dev_ws/install/setup.zsh'
