[3.012s] Invoking command in '/app/dev_ws/src/central': PYTHONPATH=/app/dev_ws/install/central/lib/python3.8/site-packages:${PYTHONPATH} /usr/bin/python3 setup.py egg_info --egg-base ../../build/central build --build-base /app/dev_ws/build/central/build install --prefix /app/dev_ws/install/central --record /app/dev_ws/build/central/install.log --single-version-externally-managed
[4.065s] running egg_info
[4.067s] writing ../../build/central/central.egg-info/PKG-INFO
[4.069s] writing dependency_links to ../../build/central/central.egg-info/dependency_links.txt
[4.070s] writing entry points to ../../build/central/central.egg-info/entry_points.txt
[4.071s] writing requirements to ../../build/central/central.egg-info/requires.txt
[4.072s] writing top-level names to ../../build/central/central.egg-info/top_level.txt
[4.235s] reading manifest file '../../build/central/central.egg-info/SOURCES.txt'
[4.239s] writing manifest file '../../build/central/central.egg-info/SOURCES.txt'
[4.240s] running build
[4.240s] running build_py
[4.241s] copying central/central_data.py -> /app/dev_ws/build/central/build/lib/central
[4.243s] running install
[4.247s] running install_lib
[4.252s] copying /app/dev_ws/build/central/build/lib/central/central_data.py -> /app/dev_ws/install/central/lib/python3.8/site-packages/central
[4.256s] byte-compiling /app/dev_ws/install/central/lib/python3.8/site-packages/central/central_data.py to central_data.cpython-38.pyc
[4.277s] running install_data
[4.280s] running install_egg_info
[4.287s] removing '/app/dev_ws/install/central/lib/python3.8/site-packages/central-0.0.0-py3.8.egg-info' (and everything under it)
[4.289s] Copying ../../build/central/central.egg-info to /app/dev_ws/install/central/lib/python3.8/site-packages/central-0.0.0-py3.8.egg-info
[4.296s] running install_scripts
[4.374s] Installing collect_data script to /app/dev_ws/install/central/lib/central
[4.375s] Installing config script to /app/dev_ws/install/central/lib/central
[4.377s] writing list of installed files to '/app/dev_ws/build/central/install.log'
[4.477s] Invoked command in '/app/dev_ws/src/central' returned '0': PYTHONPATH=/app/dev_ws/install/central/lib/python3.8/site-packages:${PYTHONPATH} /usr/bin/python3 setup.py egg_info --egg-base ../../build/central build --build-base /app/dev_ws/build/central/build install --prefix /app/dev_ws/install/central --record /app/dev_ws/build/central/install.log --single-version-externally-managed
