[0.241s] Invoking command in '/app/dev_ws/build/rosbridge_library': CMAKE_PREFIX_PATH=/app/dev_ws/install/rosbridge_test_msgs:/app/dev_ws/install/xsens_msgs:/app/dev_ws/install/rosbridge_suite:/app/dev_ws/install/rosbridge_server:/app/dev_ws/install/rosbridge_msgs:/app/dev_ws/install/rosapi:/app/dev_ws/install/rosbridge_library:/app/dev_ws/install/rosapi_msgs:/app/dev_ws/install/xsens_driver:/app/dev_ws/install/ntrip_client:/app/dev_ws/install/central:/opt/ros/foxy LD_LIBRARY_PATH=/app/dev_ws/install/rosbridge_test_msgs/lib:/app/dev_ws/install/xsens_msgs/lib:/app/dev_ws/install/rosbridge_msgs/lib:/app/dev_ws/install/rosapi_msgs/lib:/opt/ros/foxy/opt/yaml_cpp_vendor/lib:/opt/ros/foxy/lib/aarch64-linux-gnu:/opt/ros/foxy/lib PYTHONPATH=/app/dev_ws/install/rosbridge_test_msgs/lib/python3.8/site-packages:/app/dev_ws/install/xsens_driver/lib/python3.8/site-packages:/app/dev_ws/install/xsens_msgs/lib/python3.8/site-packages:/app/dev_ws/install/rosbridge_server/lib/python3.8/site-packages:/app/dev_ws/install/rosbridge_msgs/lib/python3.8/site-packages:/app/dev_ws/install/rosapi/lib/python3.8/site-packages:/app/dev_ws/install/rosbridge_library/lib/python3.8/site-packages:/app/dev_ws/install/rosapi_msgs/lib/python3.8/site-packages:/app/dev_ws/install/ntrip_client/lib/python3.8/site-packages:/app/dev_ws/install/central/lib/python3.8/site-packages:/opt/ros/foxy/lib/python3.8/site-packages /usr/bin/cmake /app/dev_ws/src/rosbridge_suite/rosbridge_library -DCMAKE_INSTALL_PREFIX=/app/dev_ws/install/rosbridge_library
[1.202s] -- The C compiler identification is GNU 9.4.0
[1.888s] -- The CXX compiler identification is GNU 9.4.0
[1.956s] -- Check for working C compiler: /usr/bin/cc
[2.622s] -- Check for working C compiler: /usr/bin/cc -- works
[2.627s] -- Detecting C compiler ABI info
[3.097s] -- Detecting C compiler ABI info - done
[3.147s] -- Detecting C compile features
[3.149s] -- Detecting C compile features - done
[3.164s] -- Check for working CXX compiler: /usr/bin/c++
[3.683s] -- Check for working CXX compiler: /usr/bin/c++ -- works
[3.688s] -- Detecting CXX compiler ABI info
[4.184s] -- Detecting CXX compiler ABI info - done
[4.236s] -- Detecting CXX compile features
[4.239s] -- Detecting CXX compile features - done
[4.267s] -- Found ament_cmake_ros: 0.9.2 (/opt/ros/foxy/share/ament_cmake_ros/cmake)
[4.569s] -- Found PythonInterp: /usr/bin/python3 (found suitable version "3.8.10", minimum required is "3") 
[4.572s] -- Using PYTHON_EXECUTABLE: /usr/bin/python3
[14.874s] -- Configuring done
[14.892s] -- Generating done
[14.896s] -- Build files have been written to: /app/dev_ws/build/rosbridge_library
[14.915s] Invoked command in '/app/dev_ws/build/rosbridge_library' returned '0': CMAKE_PREFIX_PATH=/app/dev_ws/install/rosbridge_test_msgs:/app/dev_ws/install/xsens_msgs:/app/dev_ws/install/rosbridge_suite:/app/dev_ws/install/rosbridge_server:/app/dev_ws/install/rosbridge_msgs:/app/dev_ws/install/rosapi:/app/dev_ws/install/rosbridge_library:/app/dev_ws/install/rosapi_msgs:/app/dev_ws/install/xsens_driver:/app/dev_ws/install/ntrip_client:/app/dev_ws/install/central:/opt/ros/foxy LD_LIBRARY_PATH=/app/dev_ws/install/rosbridge_test_msgs/lib:/app/dev_ws/install/xsens_msgs/lib:/app/dev_ws/install/rosbridge_msgs/lib:/app/dev_ws/install/rosapi_msgs/lib:/opt/ros/foxy/opt/yaml_cpp_vendor/lib:/opt/ros/foxy/lib/aarch64-linux-gnu:/opt/ros/foxy/lib PYTHONPATH=/app/dev_ws/install/rosbridge_test_msgs/lib/python3.8/site-packages:/app/dev_ws/install/xsens_driver/lib/python3.8/site-packages:/app/dev_ws/install/xsens_msgs/lib/python3.8/site-packages:/app/dev_ws/install/rosbridge_server/lib/python3.8/site-packages:/app/dev_ws/install/rosbridge_msgs/lib/python3.8/site-packages:/app/dev_ws/install/rosapi/lib/python3.8/site-packages:/app/dev_ws/install/rosbridge_library/lib/python3.8/site-packages:/app/dev_ws/install/rosapi_msgs/lib/python3.8/site-packages:/app/dev_ws/install/ntrip_client/lib/python3.8/site-packages:/app/dev_ws/install/central/lib/python3.8/site-packages:/opt/ros/foxy/lib/python3.8/site-packages /usr/bin/cmake /app/dev_ws/src/rosbridge_suite/rosbridge_library -DCMAKE_INSTALL_PREFIX=/app/dev_ws/install/rosbridge_library
[14.930s] Invoking command in '/app/dev_ws/build/rosbridge_library': CMAKE_PREFIX_PATH=/app/dev_ws/install/rosbridge_test_msgs:/app/dev_ws/install/xsens_msgs:/app/dev_ws/install/rosbridge_suite:/app/dev_ws/install/rosbridge_server:/app/dev_ws/install/rosbridge_msgs:/app/dev_ws/install/rosapi:/app/dev_ws/install/rosbridge_library:/app/dev_ws/install/rosapi_msgs:/app/dev_ws/install/xsens_driver:/app/dev_ws/install/ntrip_client:/app/dev_ws/install/central:/opt/ros/foxy LD_LIBRARY_PATH=/app/dev_ws/install/rosbridge_test_msgs/lib:/app/dev_ws/install/xsens_msgs/lib:/app/dev_ws/install/rosbridge_msgs/lib:/app/dev_ws/install/rosapi_msgs/lib:/opt/ros/foxy/opt/yaml_cpp_vendor/lib:/opt/ros/foxy/lib/aarch64-linux-gnu:/opt/ros/foxy/lib PYTHONPATH=/app/dev_ws/install/rosbridge_test_msgs/lib/python3.8/site-packages:/app/dev_ws/install/xsens_driver/lib/python3.8/site-packages:/app/dev_ws/install/xsens_msgs/lib/python3.8/site-packages:/app/dev_ws/install/rosbridge_server/lib/python3.8/site-packages:/app/dev_ws/install/rosbridge_msgs/lib/python3.8/site-packages:/app/dev_ws/install/rosapi/lib/python3.8/site-packages:/app/dev_ws/install/rosbridge_library/lib/python3.8/site-packages:/app/dev_ws/install/rosapi_msgs/lib/python3.8/site-packages:/app/dev_ws/install/ntrip_client/lib/python3.8/site-packages:/app/dev_ws/install/central/lib/python3.8/site-packages:/opt/ros/foxy/lib/python3.8/site-packages /usr/bin/cmake --build /app/dev_ws/build/rosbridge_library -- -j4 -l4
[15.181s] Invoked command in '/app/dev_ws/build/rosbridge_library' returned '0': CMAKE_PREFIX_PATH=/app/dev_ws/install/rosbridge_test_msgs:/app/dev_ws/install/xsens_msgs:/app/dev_ws/install/rosbridge_suite:/app/dev_ws/install/rosbridge_server:/app/dev_ws/install/rosbridge_msgs:/app/dev_ws/install/rosapi:/app/dev_ws/install/rosbridge_library:/app/dev_ws/install/rosapi_msgs:/app/dev_ws/install/xsens_driver:/app/dev_ws/install/ntrip_client:/app/dev_ws/install/central:/opt/ros/foxy LD_LIBRARY_PATH=/app/dev_ws/install/rosbridge_test_msgs/lib:/app/dev_ws/install/xsens_msgs/lib:/app/dev_ws/install/rosbridge_msgs/lib:/app/dev_ws/install/rosapi_msgs/lib:/opt/ros/foxy/opt/yaml_cpp_vendor/lib:/opt/ros/foxy/lib/aarch64-linux-gnu:/opt/ros/foxy/lib PYTHONPATH=/app/dev_ws/install/rosbridge_test_msgs/lib/python3.8/site-packages:/app/dev_ws/install/xsens_driver/lib/python3.8/site-packages:/app/dev_ws/install/xsens_msgs/lib/python3.8/site-packages:/app/dev_ws/install/rosbridge_server/lib/python3.8/site-packages:/app/dev_ws/install/rosbridge_msgs/lib/python3.8/site-packages:/app/dev_ws/install/rosapi/lib/python3.8/site-packages:/app/dev_ws/install/rosbridge_library/lib/python3.8/site-packages:/app/dev_ws/install/rosapi_msgs/lib/python3.8/site-packages:/app/dev_ws/install/ntrip_client/lib/python3.8/site-packages:/app/dev_ws/install/central/lib/python3.8/site-packages:/opt/ros/foxy/lib/python3.8/site-packages /usr/bin/cmake --build /app/dev_ws/build/rosbridge_library -- -j4 -l4
[15.330s] Invoking command in '/app/dev_ws/build/rosbridge_library': CMAKE_PREFIX_PATH=/app/dev_ws/install/rosbridge_test_msgs:/app/dev_ws/install/xsens_msgs:/app/dev_ws/install/rosbridge_suite:/app/dev_ws/install/rosbridge_server:/app/dev_ws/install/rosbridge_msgs:/app/dev_ws/install/rosapi:/app/dev_ws/install/rosbridge_library:/app/dev_ws/install/rosapi_msgs:/app/dev_ws/install/xsens_driver:/app/dev_ws/install/ntrip_client:/app/dev_ws/install/central:/opt/ros/foxy LD_LIBRARY_PATH=/app/dev_ws/install/rosbridge_test_msgs/lib:/app/dev_ws/install/xsens_msgs/lib:/app/dev_ws/install/rosbridge_msgs/lib:/app/dev_ws/install/rosapi_msgs/lib:/opt/ros/foxy/opt/yaml_cpp_vendor/lib:/opt/ros/foxy/lib/aarch64-linux-gnu:/opt/ros/foxy/lib PYTHONPATH=/app/dev_ws/install/rosbridge_test_msgs/lib/python3.8/site-packages:/app/dev_ws/install/xsens_driver/lib/python3.8/site-packages:/app/dev_ws/install/xsens_msgs/lib/python3.8/site-packages:/app/dev_ws/install/rosbridge_server/lib/python3.8/site-packages:/app/dev_ws/install/rosbridge_msgs/lib/python3.8/site-packages:/app/dev_ws/install/rosapi/lib/python3.8/site-packages:/app/dev_ws/install/rosbridge_library/lib/python3.8/site-packages:/app/dev_ws/install/rosapi_msgs/lib/python3.8/site-packages:/app/dev_ws/install/ntrip_client/lib/python3.8/site-packages:/app/dev_ws/install/central/lib/python3.8/site-packages:/opt/ros/foxy/lib/python3.8/site-packages /usr/bin/cmake --install /app/dev_ws/build/rosbridge_library
[15.380s] -- Install configuration: ""
[15.381s] -- Installing: /app/dev_ws/install/rosbridge_library/share/rosbridge_library/environment/pythonpath.sh
[15.383s] -- Installing: /app/dev_ws/install/rosbridge_library/share/rosbridge_library/environment/pythonpath.dsv
[15.385s] -- Installing: /app/dev_ws/install/rosbridge_library/lib/python3.8/site-packages/rosbridge_library
[15.386s] -- Installing: /app/dev_ws/install/rosbridge_library/lib/python3.8/site-packages/rosbridge_library/protocol.py
[15.390s] -- Installing: /app/dev_ws/install/rosbridge_library/lib/python3.8/site-packages/rosbridge_library/capabilities
[15.392s] -- Installing: /app/dev_ws/install/rosbridge_library/lib/python3.8/site-packages/rosbridge_library/capabilities/unadvertise_service.py
[15.397s] -- Installing: /app/dev_ws/install/rosbridge_library/lib/python3.8/site-packages/rosbridge_library/capabilities/subscribe.py
[15.397s] -- Installing: /app/dev_ws/install/rosbridge_library/lib/python3.8/site-packages/rosbridge_library/capabilities/advertise_service.py
[15.399s] -- Installing: /app/dev_ws/install/rosbridge_library/lib/python3.8/site-packages/rosbridge_library/capabilities/defragmentation.py
[15.402s] -- Installing: /app/dev_ws/install/rosbridge_library/lib/python3.8/site-packages/rosbridge_library/capabilities/call_service.py
[15.405s] -- Installing: /app/dev_ws/install/rosbridge_library/lib/python3.8/site-packages/rosbridge_library/capabilities/fragmentation.py
[15.407s] -- Installing: /app/dev_ws/install/rosbridge_library/lib/python3.8/site-packages/rosbridge_library/capabilities/service_response.py
[15.409s] -- Installing: /app/dev_ws/install/rosbridge_library/lib/python3.8/site-packages/rosbridge_library/capabilities/advertise.py
[15.411s] -- Installing: /app/dev_ws/install/rosbridge_library/lib/python3.8/site-packages/rosbridge_library/capabilities/publish.py
[15.413s] -- Installing: /app/dev_ws/install/rosbridge_library/lib/python3.8/site-packages/rosbridge_library/capabilities/__init__.py
[15.415s] -- Installing: /app/dev_ws/install/rosbridge_library/lib/python3.8/site-packages/rosbridge_library/util
[15.416s] -- Installing: /app/dev_ws/install/rosbridge_library/lib/python3.8/site-packages/rosbridge_library/util/cbor.py
[15.419s] -- Installing: /app/dev_ws/install/rosbridge_library/lib/python3.8/site-packages/rosbridge_library/util/__init__.py
[15.421s] -- Installing: /app/dev_ws/install/rosbridge_library/lib/python3.8/site-packages/rosbridge_library/capability.py
[15.423s] -- Installing: /app/dev_ws/install/rosbridge_library/lib/python3.8/site-packages/rosbridge_library/rosbridge_protocol.py
[15.426s] -- Installing: /app/dev_ws/install/rosbridge_library/lib/python3.8/site-packages/rosbridge_library/__init__.py
[15.427s] -- Installing: /app/dev_ws/install/rosbridge_library/lib/python3.8/site-packages/rosbridge_library/internal
[15.429s] -- Installing: /app/dev_ws/install/rosbridge_library/lib/python3.8/site-packages/rosbridge_library/internal/pngcompression.py
[15.431s] -- Installing: /app/dev_ws/install/rosbridge_library/lib/python3.8/site-packages/rosbridge_library/internal/subscribers.py
[15.433s] -- Installing: /app/dev_ws/install/rosbridge_library/lib/python3.8/site-packages/rosbridge_library/internal/message_conversion.py
[15.439s] -- Installing: /app/dev_ws/install/rosbridge_library/lib/python3.8/site-packages/rosbridge_library/internal/topics.py
[15.441s] -- Installing: /app/dev_ws/install/rosbridge_library/lib/python3.8/site-packages/rosbridge_library/internal/ros_loader.py
[15.444s] -- Installing: /app/dev_ws/install/rosbridge_library/lib/python3.8/site-packages/rosbridge_library/internal/outgoing_message.py
[15.446s] -- Installing: /app/dev_ws/install/rosbridge_library/lib/python3.8/site-packages/rosbridge_library/internal/subscription_modifiers.py
[15.449s] -- Installing: /app/dev_ws/install/rosbridge_library/lib/python3.8/site-packages/rosbridge_library/internal/cbor_conversion.py
[15.451s] -- Installing: /app/dev_ws/install/rosbridge_library/lib/python3.8/site-packages/rosbridge_library/internal/publishers.py
[15.456s] -- Installing: /app/dev_ws/install/rosbridge_library/lib/python3.8/site-packages/rosbridge_library/internal/__init__.py
[15.457s] -- Installing: /app/dev_ws/install/rosbridge_library/lib/python3.8/site-packages/rosbridge_library/internal/exceptions.py
[15.460s] -- Installing: /app/dev_ws/install/rosbridge_library/lib/python3.8/site-packages/rosbridge_library/internal/services.py
[15.774s] Listing '/app/dev_ws/install/rosbridge_library/lib/python3.8/site-packages/rosbridge_library'...
[15.775s] Compiling '/app/dev_ws/install/rosbridge_library/lib/python3.8/site-packages/rosbridge_library/__init__.py'...
[15.777s] Listing '/app/dev_ws/install/rosbridge_library/lib/python3.8/site-packages/rosbridge_library/capabilities'...
[15.778s] Compiling '/app/dev_ws/install/rosbridge_library/lib/python3.8/site-packages/rosbridge_library/capabilities/__init__.py'...
[15.779s] Compiling '/app/dev_ws/install/rosbridge_library/lib/python3.8/site-packages/rosbridge_library/capabilities/advertise.py'...
[15.781s] Compiling '/app/dev_ws/install/rosbridge_library/lib/python3.8/site-packages/rosbridge_library/capabilities/advertise_service.py'...
[15.782s] Compiling '/app/dev_ws/install/rosbridge_library/lib/python3.8/site-packages/rosbridge_library/capabilities/call_service.py'...
[15.784s] Compiling '/app/dev_ws/install/rosbridge_library/lib/python3.8/site-packages/rosbridge_library/capabilities/defragmentation.py'...
[15.785s] Compiling '/app/dev_ws/install/rosbridge_library/lib/python3.8/site-packages/rosbridge_library/capabilities/fragmentation.py'...
[15.786s] Compiling '/app/dev_ws/install/rosbridge_library/lib/python3.8/site-packages/rosbridge_library/capabilities/publish.py'...
[15.787s] Compiling '/app/dev_ws/install/rosbridge_library/lib/python3.8/site-packages/rosbridge_library/capabilities/service_response.py'...
[15.788s] Compiling '/app/dev_ws/install/rosbridge_library/lib/python3.8/site-packages/rosbridge_library/capabilities/subscribe.py'...
[15.789s] Compiling '/app/dev_ws/install/rosbridge_library/lib/python3.8/site-packages/rosbridge_library/capabilities/unadvertise_service.py'...
[15.790s] Compiling '/app/dev_ws/install/rosbridge_library/lib/python3.8/site-packages/rosbridge_library/capability.py'...
[15.790s] Listing '/app/dev_ws/install/rosbridge_library/lib/python3.8/site-packages/rosbridge_library/internal'...
[15.791s] Compiling '/app/dev_ws/install/rosbridge_library/lib/python3.8/site-packages/rosbridge_library/internal/__init__.py'...
[15.793s] Compiling '/app/dev_ws/install/rosbridge_library/lib/python3.8/site-packages/rosbridge_library/internal/cbor_conversion.py'...
[15.794s] Compiling '/app/dev_ws/install/rosbridge_library/lib/python3.8/site-packages/rosbridge_library/internal/exceptions.py'...
[15.795s] Compiling '/app/dev_ws/install/rosbridge_library/lib/python3.8/site-packages/rosbridge_library/internal/message_conversion.py'...
[15.796s] Compiling '/app/dev_ws/install/rosbridge_library/lib/python3.8/site-packages/rosbridge_library/internal/outgoing_message.py'...
[15.797s] Compiling '/app/dev_ws/install/rosbridge_library/lib/python3.8/site-packages/rosbridge_library/internal/pngcompression.py'...
[15.798s] Compiling '/app/dev_ws/install/rosbridge_library/lib/python3.8/site-packages/rosbridge_library/internal/publishers.py'...
[15.799s] Compiling '/app/dev_ws/install/rosbridge_library/lib/python3.8/site-packages/rosbridge_library/internal/ros_loader.py'...
[15.814s] Compiling '/app/dev_ws/install/rosbridge_library/lib/python3.8/site-packages/rosbridge_library/internal/services.py'...
[15.815s] Compiling '/app/dev_ws/install/rosbridge_library/lib/python3.8/site-packages/rosbridge_library/internal/subscribers.py'...
[15.815s] Compiling '/app/dev_ws/install/rosbridge_library/lib/python3.8/site-packages/rosbridge_library/internal/subscription_modifiers.py'...
[15.816s] Compiling '/app/dev_ws/install/rosbridge_library/lib/python3.8/site-packages/rosbridge_library/internal/topics.py'...
[15.817s] Compiling '/app/dev_ws/install/rosbridge_library/lib/python3.8/site-packages/rosbridge_library/protocol.py'...
[15.818s] Compiling '/app/dev_ws/install/rosbridge_library/lib/python3.8/site-packages/rosbridge_library/rosbridge_protocol.py'...
[15.818s] Listing '/app/dev_ws/install/rosbridge_library/lib/python3.8/site-packages/rosbridge_library/util'...
[15.819s] Compiling '/app/dev_ws/install/rosbridge_library/lib/python3.8/site-packages/rosbridge_library/util/__init__.py'...
[15.819s] Compiling '/app/dev_ws/install/rosbridge_library/lib/python3.8/site-packages/rosbridge_library/util/cbor.py'...
[15.820s] -- Installing: /app/dev_ws/install/rosbridge_library/share/ament_index/resource_index/package_run_dependencies/rosbridge_library
[15.821s] -- Installing: /app/dev_ws/install/rosbridge_library/share/ament_index/resource_index/parent_prefix_path/rosbridge_library
[15.821s] -- Installing: /app/dev_ws/install/rosbridge_library/share/rosbridge_library/environment/ament_prefix_path.sh
[15.822s] -- Installing: /app/dev_ws/install/rosbridge_library/share/rosbridge_library/environment/ament_prefix_path.dsv
[15.823s] -- Installing: /app/dev_ws/install/rosbridge_library/share/rosbridge_library/environment/path.sh
[15.823s] -- Installing: /app/dev_ws/install/rosbridge_library/share/rosbridge_library/environment/path.dsv
[15.824s] -- Installing: /app/dev_ws/install/rosbridge_library/share/rosbridge_library/local_setup.bash
[15.824s] -- Installing: /app/dev_ws/install/rosbridge_library/share/rosbridge_library/local_setup.sh
[15.825s] -- Installing: /app/dev_ws/install/rosbridge_library/share/rosbridge_library/local_setup.zsh
[15.826s] -- Installing: /app/dev_ws/install/rosbridge_library/share/rosbridge_library/local_setup.dsv
[15.826s] -- Installing: /app/dev_ws/install/rosbridge_library/share/rosbridge_library/package.dsv
[15.827s] -- Installing: /app/dev_ws/install/rosbridge_library/share/ament_index/resource_index/packages/rosbridge_library
[15.828s] -- Installing: /app/dev_ws/install/rosbridge_library/share/rosbridge_library/cmake/rosbridge_libraryConfig.cmake
[15.828s] -- Installing: /app/dev_ws/install/rosbridge_library/share/rosbridge_library/cmake/rosbridge_libraryConfig-version.cmake
[15.829s] -- Installing: /app/dev_ws/install/rosbridge_library/share/rosbridge_library/package.xml
[15.841s] Invoked command in '/app/dev_ws/build/rosbridge_library' returned '0': CMAKE_PREFIX_PATH=/app/dev_ws/install/rosbridge_test_msgs:/app/dev_ws/install/xsens_msgs:/app/dev_ws/install/rosbridge_suite:/app/dev_ws/install/rosbridge_server:/app/dev_ws/install/rosbridge_msgs:/app/dev_ws/install/rosapi:/app/dev_ws/install/rosbridge_library:/app/dev_ws/install/rosapi_msgs:/app/dev_ws/install/xsens_driver:/app/dev_ws/install/ntrip_client:/app/dev_ws/install/central:/opt/ros/foxy LD_LIBRARY_PATH=/app/dev_ws/install/rosbridge_test_msgs/lib:/app/dev_ws/install/xsens_msgs/lib:/app/dev_ws/install/rosbridge_msgs/lib:/app/dev_ws/install/rosapi_msgs/lib:/opt/ros/foxy/opt/yaml_cpp_vendor/lib:/opt/ros/foxy/lib/aarch64-linux-gnu:/opt/ros/foxy/lib PYTHONPATH=/app/dev_ws/install/rosbridge_test_msgs/lib/python3.8/site-packages:/app/dev_ws/install/xsens_driver/lib/python3.8/site-packages:/app/dev_ws/install/xsens_msgs/lib/python3.8/site-packages:/app/dev_ws/install/rosbridge_server/lib/python3.8/site-packages:/app/dev_ws/install/rosbridge_msgs/lib/python3.8/site-packages:/app/dev_ws/install/rosapi/lib/python3.8/site-packages:/app/dev_ws/install/rosbridge_library/lib/python3.8/site-packages:/app/dev_ws/install/rosapi_msgs/lib/python3.8/site-packages:/app/dev_ws/install/ntrip_client/lib/python3.8/site-packages:/app/dev_ws/install/central/lib/python3.8/site-packages:/opt/ros/foxy/lib/python3.8/site-packages /usr/bin/cmake --install /app/dev_ws/build/rosbridge_library
