[3.053s] Invoking command in '/app/dev_ws/src/central': PYTHONPATH=/app/dev_ws/install/central/lib/python3.8/site-packages:${PYTHONPATH} /usr/bin/python3 setup.py egg_info --egg-base ../../build/central build --build-base /app/dev_ws/build/central/build install --prefix /app/dev_ws/install/central --record /app/dev_ws/build/central/install.log --single-version-externally-managed
[4.119s] running egg_info
[4.121s] writing ../../build/central/central.egg-info/PKG-INFO
[4.122s] writing dependency_links to ../../build/central/central.egg-info/dependency_links.txt
[4.124s] writing entry points to ../../build/central/central.egg-info/entry_points.txt
[4.124s] writing requirements to ../../build/central/central.egg-info/requires.txt
[4.125s] writing top-level names to ../../build/central/central.egg-info/top_level.txt
[4.289s] reading manifest file '../../build/central/central.egg-info/SOURCES.txt'
[4.293s] writing manifest file '../../build/central/central.egg-info/SOURCES.txt'
[4.294s] running build
[4.294s] running build_py
[4.295s] copying central/central_data.py -> /app/dev_ws/build/central/build/lib/central
[4.297s] running install
[4.301s] running install_lib
[4.305s] copying /app/dev_ws/build/central/build/lib/central/central_data.py -> /app/dev_ws/install/central/lib/python3.8/site-packages/central
[4.309s] byte-compiling /app/dev_ws/install/central/lib/python3.8/site-packages/central/central_data.py to central_data.cpython-38.pyc
[4.315s] Sorry: IndentationError: unindent does not match any outer indentation level (central_data.py, line 132)
[4.315s] running install_data
[4.318s] running install_egg_info
[4.325s] removing '/app/dev_ws/install/central/lib/python3.8/site-packages/central-0.0.0-py3.8.egg-info' (and everything under it)
[4.327s] Copying ../../build/central/central.egg-info to /app/dev_ws/install/central/lib/python3.8/site-packages/central-0.0.0-py3.8.egg-info
[4.333s] running install_scripts
[4.415s] Installing collect_data script to /app/dev_ws/install/central/lib/central
[4.416s] Installing config script to /app/dev_ws/install/central/lib/central
[4.418s] writing list of installed files to '/app/dev_ws/build/central/install.log'
[4.521s] Invoked command in '/app/dev_ws/src/central' returned '0': PYTHONPATH=/app/dev_ws/install/central/lib/python3.8/site-packages:${PYTHONPATH} /usr/bin/python3 setup.py egg_info --egg-base ../../build/central build --build-base /app/dev_ws/build/central/build install --prefix /app/dev_ws/install/central --record /app/dev_ws/build/central/install.log --single-version-externally-managed
