[0.071s] Invoking command in '/app/dev_ws/build/xsens_msgs': CMAKE_PREFIX_PATH=${CMAKE_PREFIX_PATH}:/app/dev_ws/install/xsens_driver:/app/dev_ws/install/ntrip_client:/app/dev_ws/install/central:/opt/ros/foxy /usr/bin/cmake --build /app/dev_ws/build/xsens_msgs -- -j4 -l4
[0.245s] -- Found ament_cmake: 0.9.9 (/opt/ros/foxy/share/ament_cmake/cmake)
[0.380s] -- Found PythonInterp: /usr/bin/python3 (found suitable version "3.8.10", minimum required is "3") 
[0.381s] -- Using PYTHON_EXECUTABLE: /usr/bin/python3
[1.205s] -- Found std_msgs: 2.0.5 (/opt/ros/foxy/share/std_msgs/cmake)
[1.336s] -- Using all available rosidl_typesupport_c: rosidl_typesupport_fastrtps_c;rosidl_typesupport_introspection_c
[1.352s] -- Found rosidl_adapter: 1.2.1 (/opt/ros/foxy/share/rosidl_adapter/cmake)
[2.271s] -- Using all available rosidl_typesupport_cpp: rosidl_typesupport_fastrtps_cpp;rosidl_typesupport_introspection_cpp
[2.463s] -- Found rosidl_default_generators: 1.0.1 (/opt/ros/foxy/share/rosidl_default_generators/cmake)
[2.508s] -- Found sensor_msgs: 2.0.5 (/opt/ros/foxy/share/sensor_msgs/cmake)
[3.103s] -- Found PythonInterp: /usr/bin/python3 (found version "3.8.10") 
[4.296s] -- Found ament_cmake_cppcheck: 0.9.6 (/opt/ros/foxy/share/ament_cmake_cppcheck/cmake)
[4.300s] -- Found ament_cmake_cpplint: 0.9.6 (/opt/ros/foxy/share/ament_cmake_cpplint/cmake)
[4.304s] -- Found ament_cmake_uncrustify: 0.9.6 (/opt/ros/foxy/share/ament_cmake_uncrustify/cmake)
[4.308s] -- Found ament_cmake_ros: 0.9.2 (/opt/ros/foxy/share/ament_cmake_ros/cmake)
[6.142s] -- Using all available rosidl_typesupport_c: rosidl_typesupport_fastrtps_c;rosidl_typesupport_introspection_c
[6.917s] -- Using all available rosidl_typesupport_cpp: rosidl_typesupport_fastrtps_cpp;rosidl_typesupport_introspection_cpp
[7.059s] -- Found PythonInterp: /usr/bin/python3 (found suitable version "3.8.10", minimum required is "3.5") 
[7.061s] -- Found python_cmake_module: 0.8.1 (/opt/ros/foxy/share/python_cmake_module/cmake)
[7.182s] -- Using PYTHON_EXECUTABLE: /usr/bin/python3
[7.183s] -- Using PYTHON_INCLUDE_DIRS: /usr/include/python3.8
[7.183s] -- Using PYTHON_LIBRARIES: /usr/lib/aarch64-linux-gnu/libpython3.8.so
[7.519s] -- Found ament_cmake_flake8: 0.9.6 (/opt/ros/foxy/share/ament_cmake_flake8/cmake)
[7.522s] -- Found ament_cmake_pep257: 0.9.6 (/opt/ros/foxy/share/ament_cmake_pep257/cmake)
[7.531s] -- Found ament_lint_auto: 0.9.6 (/opt/ros/foxy/share/ament_lint_auto/cmake)
[7.619s] -- Configuring done
[8.039s] -- Generating done
[8.060s] -- Build files have been written to: /app/dev_ws/build/xsens_msgs
[8.184s] [  1%] [34m[1mGenerating C code for ROS interfaces[0m
[8.240s] [  2%] [34m[1mGenerating C++ code for ROS interfaces[0m
[11.018s] [  2%] Built target xsens_msgs__cpp
[11.101s] [  3%] [34m[1mGenerating C++ introspection for ROS interfaces[0m
[11.115s] [  5%] [34m[1mGenerating C++ type support for eProsima Fast-RTPS[0m
[11.302s] [35m[1mScanning dependencies of target xsens_msgs__rosidl_generator_c[0m
[11.308s] [  6%] [34m[1mGenerating C++ type support dispatch for ROS interfaces[0m
[11.417s] [  7%] [32mBuilding C object CMakeFiles/xsens_msgs__rosidl_generator_c.dir/rosidl_generator_c/xsens_msgs/msg/detail/ori_oe__functions.c.o[0m
[11.672s] [  8%] [32mBuilding C object CMakeFiles/xsens_msgs__rosidl_generator_c.dir/rosidl_generator_c/xsens_msgs/msg/detail/pos_pa__functions.c.o[0m
[11.931s] [ 10%] [32mBuilding C object CMakeFiles/xsens_msgs__rosidl_generator_c.dir/rosidl_generator_c/xsens_msgs/msg/detail/pos_pl__functions.c.o[0m
[12.173s] [ 11%] [32mBuilding C object CMakeFiles/xsens_msgs__rosidl_generator_c.dir/rosidl_generator_c/xsens_msgs/msg/detail/sta_sw__functions.c.o[0m
[12.421s] [ 12%] [32mBuilding C object CMakeFiles/xsens_msgs__rosidl_generator_c.dir/rosidl_generator_c/xsens_msgs/msg/detail/config_xsens__functions.c.o[0m
[12.677s] [ 13%] [32mBuilding C object CMakeFiles/xsens_msgs__rosidl_generator_c.dir/rosidl_generator_c/xsens_msgs/msg/detail/config_ntrip__functions.c.o[0m
[12.952s] [ 15%] [32mBuilding C object CMakeFiles/xsens_msgs__rosidl_generator_c.dir/rosidl_generator_c/xsens_msgs/srv/detail/rtc_mdata__functions.c.o[0m
[13.349s] [ 16%] [32m[1mLinking C shared library libxsens_msgs__rosidl_generator_c.so[0m
[13.563s] [35m[1mScanning dependencies of target xsens_msgs__rosidl_typesupport_cpp[0m
[13.677s] [ 17%] [32mBuilding CXX object CMakeFiles/xsens_msgs__rosidl_typesupport_cpp.dir/rosidl_typesupport_cpp/xsens_msgs/msg/ori_oe__type_support.cpp.o[0m
[13.688s] [ 17%] Built target xsens_msgs__rosidl_generator_c
[13.772s] [ 18%] [34m[1mGenerating C introspection for ROS interfaces[0m
[13.939s] [35m[1mScanning dependencies of target xsens_msgs__rosidl_typesupport_introspection_cpp[0m
[14.061s] [ 20%] [32mBuilding CXX object CMakeFiles/xsens_msgs__rosidl_typesupport_introspection_cpp.dir/rosidl_typesupport_introspection_cpp/xsens_msgs/msg/detail/ori_oe__type_support.cpp.o[0m
[14.376s] [35m[1mScanning dependencies of target xsens_msgs__rosidl_typesupport_fastrtps_cpp[0m
[14.530s] [ 21%] [32mBuilding CXX object CMakeFiles/xsens_msgs__rosidl_typesupport_fastrtps_cpp.dir/rosidl_typesupport_fastrtps_cpp/xsens_msgs/msg/detail/dds_fastrtps/ori_oe__type_support.cpp.o[0m
[15.687s] [ 22%] [32mBuilding CXX object CMakeFiles/xsens_msgs__rosidl_typesupport_cpp.dir/rosidl_typesupport_cpp/xsens_msgs/msg/pos_pa__type_support.cpp.o[0m
[15.855s] [ 24%] [32mBuilding CXX object CMakeFiles/xsens_msgs__rosidl_typesupport_introspection_cpp.dir/rosidl_typesupport_introspection_cpp/xsens_msgs/msg/detail/pos_pa__type_support.cpp.o[0m
[16.835s] [35m[1mScanning dependencies of target xsens_msgs__rosidl_typesupport_introspection_c[0m
[16.962s] [ 25%] [32mBuilding C object CMakeFiles/xsens_msgs__rosidl_typesupport_introspection_c.dir/rosidl_typesupport_introspection_c/xsens_msgs/msg/detail/ori_oe__type_support.c.o[0m
[17.199s] [ 26%] [32mBuilding C object CMakeFiles/xsens_msgs__rosidl_typesupport_introspection_c.dir/rosidl_typesupport_introspection_c/xsens_msgs/msg/detail/pos_pa__type_support.c.o[0m
[17.428s] [ 27%] [32mBuilding CXX object CMakeFiles/xsens_msgs__rosidl_typesupport_fastrtps_cpp.dir/rosidl_typesupport_fastrtps_cpp/xsens_msgs/msg/detail/dds_fastrtps/pos_pa__type_support.cpp.o[0m
[17.447s] [ 29%] [32mBuilding C object CMakeFiles/xsens_msgs__rosidl_typesupport_introspection_c.dir/rosidl_typesupport_introspection_c/xsens_msgs/msg/detail/pos_pl__type_support.c.o[0m
[17.679s] [ 30%] [32mBuilding C object CMakeFiles/xsens_msgs__rosidl_typesupport_introspection_c.dir/rosidl_typesupport_introspection_c/xsens_msgs/msg/detail/sta_sw__type_support.c.o[0m
[17.733s] [ 31%] [32mBuilding CXX object CMakeFiles/xsens_msgs__rosidl_typesupport_introspection_cpp.dir/rosidl_typesupport_introspection_cpp/xsens_msgs/msg/detail/pos_pl__type_support.cpp.o[0m
[17.735s] [ 32%] [32mBuilding CXX object CMakeFiles/xsens_msgs__rosidl_typesupport_cpp.dir/rosidl_typesupport_cpp/xsens_msgs/msg/pos_pl__type_support.cpp.o[0m
[17.901s] [ 34%] [32mBuilding C object CMakeFiles/xsens_msgs__rosidl_typesupport_introspection_c.dir/rosidl_typesupport_introspection_c/xsens_msgs/msg/detail/config_xsens__type_support.c.o[0m
[18.130s] [ 35%] [32mBuilding C object CMakeFiles/xsens_msgs__rosidl_typesupport_introspection_c.dir/rosidl_typesupport_introspection_c/xsens_msgs/msg/detail/config_ntrip__type_support.c.o[0m
[18.368s] [ 36%] [32mBuilding C object CMakeFiles/xsens_msgs__rosidl_typesupport_introspection_c.dir/rosidl_typesupport_introspection_c/xsens_msgs/srv/detail/rtc_mdata__type_support.c.o[0m
[18.626s] [ 37%] [32m[1mLinking C shared library libxsens_msgs__rosidl_typesupport_introspection_c.so[0m
[18.886s] [ 37%] Built target xsens_msgs__rosidl_typesupport_introspection_c
[18.949s] [ 39%] [32mBuilding CXX object CMakeFiles/xsens_msgs__rosidl_typesupport_cpp.dir/rosidl_typesupport_cpp/xsens_msgs/msg/sta_sw__type_support.cpp.o[0m
[19.581s] [ 40%] [32mBuilding CXX object CMakeFiles/xsens_msgs__rosidl_typesupport_cpp.dir/rosidl_typesupport_cpp/xsens_msgs/msg/config_xsens__type_support.cpp.o[0m
[19.619s] [ 41%] [32mBuilding CXX object CMakeFiles/xsens_msgs__rosidl_typesupport_introspection_cpp.dir/rosidl_typesupport_introspection_cpp/xsens_msgs/msg/detail/sta_sw__type_support.cpp.o[0m
[20.275s] [ 43%] [32mBuilding CXX object CMakeFiles/xsens_msgs__rosidl_typesupport_fastrtps_cpp.dir/rosidl_typesupport_fastrtps_cpp/xsens_msgs/msg/detail/dds_fastrtps/pos_pl__type_support.cpp.o[0m
[21.038s] [ 44%] [32mBuilding CXX object CMakeFiles/xsens_msgs__rosidl_typesupport_introspection_cpp.dir/rosidl_typesupport_introspection_cpp/xsens_msgs/msg/detail/config_xsens__type_support.cpp.o[0m
[21.393s] [ 45%] [32mBuilding CXX object CMakeFiles/xsens_msgs__rosidl_typesupport_cpp.dir/rosidl_typesupport_cpp/xsens_msgs/msg/config_ntrip__type_support.cpp.o[0m
[21.520s] [ 46%] [32mBuilding CXX object CMakeFiles/xsens_msgs__rosidl_typesupport_cpp.dir/rosidl_typesupport_cpp/xsens_msgs/srv/rtc_mdata__type_support.cpp.o[0m
[23.676s] [ 48%] [32mBuilding CXX object CMakeFiles/xsens_msgs__rosidl_typesupport_introspection_cpp.dir/rosidl_typesupport_introspection_cpp/xsens_msgs/msg/detail/config_ntrip__type_support.cpp.o[0m
[23.747s] [ 49%] [32mBuilding CXX object CMakeFiles/xsens_msgs__rosidl_typesupport_fastrtps_cpp.dir/rosidl_typesupport_fastrtps_cpp/xsens_msgs/msg/detail/dds_fastrtps/sta_sw__type_support.cpp.o[0m
[23.888s] [ 50%] [32mBuilding CXX object CMakeFiles/xsens_msgs__rosidl_typesupport_fastrtps_cpp.dir/rosidl_typesupport_fastrtps_cpp/xsens_msgs/msg/detail/dds_fastrtps/config_xsens__type_support.cpp.o[0m
[24.303s] [ 51%] [32m[1mLinking CXX shared library libxsens_msgs__rosidl_typesupport_cpp.so[0m
[24.931s] [ 51%] Built target xsens_msgs__rosidl_typesupport_cpp
[25.207s] [ 53%] [34m[1mGenerating C type support dispatch for ROS interfaces[0m
[26.833s] [ 54%] [32mBuilding CXX object CMakeFiles/xsens_msgs__rosidl_typesupport_introspection_cpp.dir/rosidl_typesupport_introspection_cpp/xsens_msgs/srv/detail/rtc_mdata__type_support.cpp.o[0m
[27.859s] [ 55%] [32mBuilding CXX object CMakeFiles/xsens_msgs__rosidl_typesupport_fastrtps_cpp.dir/rosidl_typesupport_fastrtps_cpp/xsens_msgs/msg/detail/dds_fastrtps/config_ntrip__type_support.cpp.o[0m
[27.921s] [ 56%] [32mBuilding CXX object CMakeFiles/xsens_msgs__rosidl_typesupport_fastrtps_cpp.dir/rosidl_typesupport_fastrtps_cpp/xsens_msgs/srv/detail/dds_fastrtps/rtc_mdata__type_support.cpp.o[0m
[27.942s] [35m[1mScanning dependencies of target xsens_msgs__rosidl_typesupport_c[0m
[28.137s] [ 58%] [32mBuilding CXX object CMakeFiles/xsens_msgs__rosidl_typesupport_c.dir/rosidl_typesupport_c/xsens_msgs/msg/ori_oe__type_support.cpp.o[0m
[28.421s] [ 59%] [32mBuilding CXX object CMakeFiles/xsens_msgs__rosidl_typesupport_c.dir/rosidl_typesupport_c/xsens_msgs/msg/pos_pa__type_support.cpp.o[0m
[28.633s] [ 60%] [32mBuilding CXX object CMakeFiles/xsens_msgs__rosidl_typesupport_c.dir/rosidl_typesupport_c/xsens_msgs/msg/pos_pl__type_support.cpp.o[0m
[28.844s] [ 62%] [32mBuilding CXX object CMakeFiles/xsens_msgs__rosidl_typesupport_c.dir/rosidl_typesupport_c/xsens_msgs/msg/sta_sw__type_support.cpp.o[0m
[29.062s] [ 63%] [32mBuilding CXX object CMakeFiles/xsens_msgs__rosidl_typesupport_c.dir/rosidl_typesupport_c/xsens_msgs/msg/config_xsens__type_support.cpp.o[0m
[29.332s] [ 64%] [32m[1mLinking CXX shared library libxsens_msgs__rosidl_typesupport_introspection_cpp.so[0m
[29.347s] [ 65%] [32mBuilding CXX object CMakeFiles/xsens_msgs__rosidl_typesupport_c.dir/rosidl_typesupport_c/xsens_msgs/msg/config_ntrip__type_support.cpp.o[0m
[29.579s] [ 67%] [32mBuilding CXX object CMakeFiles/xsens_msgs__rosidl_typesupport_c.dir/rosidl_typesupport_c/xsens_msgs/srv/rtc_mdata__type_support.cpp.o[0m
[29.825s] [ 68%] [32m[1mLinking CXX shared library libxsens_msgs__rosidl_typesupport_c.so[0m
[29.857s] [ 68%] Built target xsens_msgs__rosidl_typesupport_introspection_cpp
[30.127s] [ 68%] Built target xsens_msgs__rosidl_typesupport_c
[31.001s] [ 69%] [32m[1mLinking CXX shared library libxsens_msgs__rosidl_typesupport_fastrtps_cpp.so[0m
[31.427s] [ 69%] Built target xsens_msgs__rosidl_typesupport_fastrtps_cpp
[31.489s] [ 70%] [34m[1mGenerating C type support for eProsima Fast-RTPS[0m
[33.563s] [35m[1mScanning dependencies of target xsens_msgs__rosidl_typesupport_fastrtps_c[0m
[33.758s] [ 73%] [32mBuilding CXX object CMakeFiles/xsens_msgs__rosidl_typesupport_fastrtps_c.dir/rosidl_typesupport_fastrtps_c/xsens_msgs/msg/detail/pos_pl__type_support_c.cpp.o[0m
[33.759s] [ 73%] [32mBuilding CXX object CMakeFiles/xsens_msgs__rosidl_typesupport_fastrtps_c.dir/rosidl_typesupport_fastrtps_c/xsens_msgs/msg/detail/pos_pa__type_support_c.cpp.o[0m
[33.760s] [ 74%] [32mBuilding CXX object CMakeFiles/xsens_msgs__rosidl_typesupport_fastrtps_c.dir/rosidl_typesupport_fastrtps_c/xsens_msgs/msg/detail/ori_oe__type_support_c.cpp.o[0m
[33.763s] [ 75%] [32mBuilding CXX object CMakeFiles/xsens_msgs__rosidl_typesupport_fastrtps_c.dir/rosidl_typesupport_fastrtps_c/xsens_msgs/msg/detail/sta_sw__type_support_c.cpp.o[0m
[36.051s] [ 77%] [32mBuilding CXX object CMakeFiles/xsens_msgs__rosidl_typesupport_fastrtps_c.dir/rosidl_typesupport_fastrtps_c/xsens_msgs/msg/detail/config_xsens__type_support_c.cpp.o[0m
[36.064s] [ 78%] [32mBuilding CXX object CMakeFiles/xsens_msgs__rosidl_typesupport_fastrtps_c.dir/rosidl_typesupport_fastrtps_c/xsens_msgs/msg/detail/config_ntrip__type_support_c.cpp.o[0m
[36.165s] [ 79%] [32mBuilding CXX object CMakeFiles/xsens_msgs__rosidl_typesupport_fastrtps_c.dir/rosidl_typesupport_fastrtps_c/xsens_msgs/srv/detail/rtc_mdata__type_support_c.cpp.o[0m
[38.325s] [ 81%] [32m[1mLinking CXX shared library libxsens_msgs__rosidl_typesupport_fastrtps_c.so[0m
[38.753s] [ 81%] Built target xsens_msgs__rosidl_typesupport_fastrtps_c
[38.862s] [ 81%] Built target xsens_msgs
[38.975s] [ 82%] [34m[1mGenerating Python code for ROS interfaces[0m
[43.466s] [ 82%] Built target xsens_msgs__py
[43.529s] [35m[1mScanning dependencies of target xsens_msgs__python[0m
[43.729s] [ 83%] [32mBuilding C object CMakeFiles/xsens_msgs__python.dir/rosidl_generator_py/xsens_msgs/msg/_ori_oe_s.c.o[0m
[43.732s] [ 86%] [32mBuilding C object CMakeFiles/xsens_msgs__python.dir/rosidl_generator_py/xsens_msgs/msg/_pos_pa_s.c.o[0m
[43.734s] [ 86%] [32mBuilding C object CMakeFiles/xsens_msgs__python.dir/rosidl_generator_py/xsens_msgs/msg/_pos_pl_s.c.o[0m
[43.741s] [ 87%] [32mBuilding C object CMakeFiles/xsens_msgs__python.dir/rosidl_generator_py/xsens_msgs/msg/_sta_sw_s.c.o[0m
[44.283s] [ 88%] [32mBuilding C object CMakeFiles/xsens_msgs__python.dir/rosidl_generator_py/xsens_msgs/msg/_config_xsens_s.c.o[0m
[44.308s] [ 89%] [32mBuilding C object CMakeFiles/xsens_msgs__python.dir/rosidl_generator_py/xsens_msgs/msg/_config_ntrip_s.c.o[0m
[44.346s] [ 91%] [32mBuilding C object CMakeFiles/xsens_msgs__python.dir/rosidl_generator_py/xsens_msgs/srv/_rtc_mdata_s.c.o[0m
[44.976s] [ 92%] [32m[1mLinking C shared library rosidl_generator_py/xsens_msgs/libxsens_msgs__python.so[0m
[45.256s] [ 92%] Built target xsens_msgs__python
[45.315s] [35m[1mScanning dependencies of target xsens_msgs__rosidl_typesupport_introspection_c__pyext[0m
[45.316s] [35m[1mScanning dependencies of target xsens_msgs__rosidl_typesupport_c__pyext[0m
[45.318s] [35m[1mScanning dependencies of target xsens_msgs__rosidl_typesupport_fastrtps_c__pyext[0m
[45.422s] [ 93%] [32mBuilding C object CMakeFiles/xsens_msgs__rosidl_typesupport_c__pyext.dir/rosidl_generator_py/xsens_msgs/_xsens_msgs_s.ep.rosidl_typesupport_c.c.o[0m
[45.428s] [ 94%] [32mBuilding C object CMakeFiles/xsens_msgs__rosidl_typesupport_introspection_c__pyext.dir/rosidl_generator_py/xsens_msgs/_xsens_msgs_s.ep.rosidl_typesupport_introspection_c.c.o[0m
[45.470s] [ 96%] [32mBuilding C object CMakeFiles/xsens_msgs__rosidl_typesupport_fastrtps_c__pyext.dir/rosidl_generator_py/xsens_msgs/_xsens_msgs_s.ep.rosidl_typesupport_fastrtps_c.c.o[0m
[46.095s] [ 97%] [32m[1mLinking C shared library rosidl_generator_py/xsens_msgs/xsens_msgs_s__rosidl_typesupport_introspection_c.cpython-38-aarch64-linux-gnu.so[0m
[46.135s] [ 98%] [32m[1mLinking C shared library rosidl_generator_py/xsens_msgs/xsens_msgs_s__rosidl_typesupport_c.cpython-38-aarch64-linux-gnu.so[0m
[46.170s] [100%] [32m[1mLinking CXX shared library rosidl_generator_py/xsens_msgs/xsens_msgs_s__rosidl_typesupport_fastrtps_c.cpython-38-aarch64-linux-gnu.so[0m
[46.444s] [100%] Built target xsens_msgs__rosidl_typesupport_introspection_c__pyext
[46.471s] [100%] Built target xsens_msgs__rosidl_typesupport_c__pyext
[46.648s] [100%] Built target xsens_msgs__rosidl_typesupport_fastrtps_c__pyext
[46.707s] Invoked command in '/app/dev_ws/build/xsens_msgs' returned '0': CMAKE_PREFIX_PATH=${CMAKE_PREFIX_PATH}:/app/dev_ws/install/xsens_driver:/app/dev_ws/install/ntrip_client:/app/dev_ws/install/central:/opt/ros/foxy /usr/bin/cmake --build /app/dev_ws/build/xsens_msgs -- -j4 -l4
[47.617s] Invoking command in '/app/dev_ws/build/xsens_msgs': CMAKE_PREFIX_PATH=${CMAKE_PREFIX_PATH}:/app/dev_ws/install/xsens_driver:/app/dev_ws/install/ntrip_client:/app/dev_ws/install/central:/opt/ros/foxy /usr/bin/cmake --install /app/dev_ws/build/xsens_msgs
[47.664s] -- Install configuration: ""
[47.665s] -- Up-to-date: /app/dev_ws/install/xsens_msgs/share/ament_index/resource_index/rosidl_interfaces/xsens_msgs
[47.666s] -- Up-to-date: /app/dev_ws/install/xsens_msgs/include/xsens_msgs
[47.666s] -- Up-to-date: /app/dev_ws/install/xsens_msgs/include/xsens_msgs/msg
[47.666s] -- Installing: /app/dev_ws/install/xsens_msgs/include/xsens_msgs/msg/config_xsens.h
[47.668s] -- Installing: /app/dev_ws/install/xsens_msgs/include/xsens_msgs/msg/config_ntrip.h
[47.669s] -- Installing: /app/dev_ws/install/xsens_msgs/include/xsens_msgs/msg/sta_sw.h
[47.673s] -- Up-to-date: /app/dev_ws/install/xsens_msgs/include/xsens_msgs/msg/rosidl_generator_c__visibility_control.h
[47.673s] -- Up-to-date: /app/dev_ws/install/xsens_msgs/include/xsens_msgs/msg/detail
[47.674s] -- Installing: /app/dev_ws/install/xsens_msgs/include/xsens_msgs/msg/detail/config_ntrip__functions.h
[47.674s] -- Installing: /app/dev_ws/install/xsens_msgs/include/xsens_msgs/msg/detail/config_ntrip__struct.h
[47.675s] -- Installing: /app/dev_ws/install/xsens_msgs/include/xsens_msgs/msg/detail/config_ntrip__type_support.h
[47.676s] -- Installing: /app/dev_ws/install/xsens_msgs/include/xsens_msgs/msg/detail/ori_oe__struct.h
[47.677s] -- Installing: /app/dev_ws/install/xsens_msgs/include/xsens_msgs/msg/detail/sta_sw__functions.c
[47.678s] -- Installing: /app/dev_ws/install/xsens_msgs/include/xsens_msgs/msg/detail/pos_pa__type_support.h
[47.680s] -- Installing: /app/dev_ws/install/xsens_msgs/include/xsens_msgs/msg/detail/ori_oe__functions.c
[47.681s] -- Installing: /app/dev_ws/install/xsens_msgs/include/xsens_msgs/msg/detail/pos_pa__functions.h
[47.682s] -- Installing: /app/dev_ws/install/xsens_msgs/include/xsens_msgs/msg/detail/config_xsens__functions.c
[47.683s] -- Installing: /app/dev_ws/install/xsens_msgs/include/xsens_msgs/msg/detail/pos_pl__type_support.h
[47.684s] -- Installing: /app/dev_ws/install/xsens_msgs/include/xsens_msgs/msg/detail/config_xsens__type_support.h
[47.686s] -- Installing: /app/dev_ws/install/xsens_msgs/include/xsens_msgs/msg/detail/config_xsens__struct.h
[47.687s] -- Installing: /app/dev_ws/install/xsens_msgs/include/xsens_msgs/msg/detail/ori_oe__functions.h
[47.688s] -- Installing: /app/dev_ws/install/xsens_msgs/include/xsens_msgs/msg/detail/config_ntrip__functions.c
[47.689s] -- Installing: /app/dev_ws/install/xsens_msgs/include/xsens_msgs/msg/detail/pos_pa__struct.h
[47.691s] -- Installing: /app/dev_ws/install/xsens_msgs/include/xsens_msgs/msg/detail/config_xsens__functions.h
[47.692s] -- Installing: /app/dev_ws/install/xsens_msgs/include/xsens_msgs/msg/detail/sta_sw__type_support.h
[47.693s] -- Installing: /app/dev_ws/install/xsens_msgs/include/xsens_msgs/msg/detail/sta_sw__functions.h
[47.694s] -- Installing: /app/dev_ws/install/xsens_msgs/include/xsens_msgs/msg/detail/pos_pa__functions.c
[47.696s] -- Installing: /app/dev_ws/install/xsens_msgs/include/xsens_msgs/msg/detail/pos_pl__functions.c
[47.698s] -- Installing: /app/dev_ws/install/xsens_msgs/include/xsens_msgs/msg/detail/pos_pl__struct.h
[47.699s] -- Installing: /app/dev_ws/install/xsens_msgs/include/xsens_msgs/msg/detail/pos_pl__functions.h
[47.701s] -- Installing: /app/dev_ws/install/xsens_msgs/include/xsens_msgs/msg/detail/sta_sw__struct.h
[47.702s] -- Installing: /app/dev_ws/install/xsens_msgs/include/xsens_msgs/msg/detail/ori_oe__type_support.h
[47.703s] -- Installing: /app/dev_ws/install/xsens_msgs/include/xsens_msgs/msg/pos_pa.h
[47.704s] -- Installing: /app/dev_ws/install/xsens_msgs/include/xsens_msgs/msg/pos_pl.h
[47.705s] -- Installing: /app/dev_ws/install/xsens_msgs/include/xsens_msgs/msg/ori_oe.h
[47.707s] -- Up-to-date: /app/dev_ws/install/xsens_msgs/include/xsens_msgs/srv
[47.707s] -- Up-to-date: /app/dev_ws/install/xsens_msgs/include/xsens_msgs/srv/detail
[47.708s] -- Installing: /app/dev_ws/install/xsens_msgs/include/xsens_msgs/srv/detail/rtc_mdata__functions.h
[47.709s] -- Installing: /app/dev_ws/install/xsens_msgs/include/xsens_msgs/srv/detail/rtc_mdata__functions.c
[47.710s] -- Installing: /app/dev_ws/install/xsens_msgs/include/xsens_msgs/srv/detail/rtc_mdata__struct.h
[47.712s] -- Installing: /app/dev_ws/install/xsens_msgs/include/xsens_msgs/srv/detail/rtc_mdata__type_support.h
[47.713s] -- Installing: /app/dev_ws/install/xsens_msgs/include/xsens_msgs/srv/rtc_mdata.h
[47.715s] -- Up-to-date: /app/dev_ws/install/xsens_msgs/share/xsens_msgs/environment/library_path.sh
[47.715s] -- Installing: /app/dev_ws/install/xsens_msgs/share/xsens_msgs/environment/library_path.dsv
[47.718s] -- Installing: /app/dev_ws/install/xsens_msgs/lib/libxsens_msgs__rosidl_generator_c.so
[47.721s] -- Set runtime path of "/app/dev_ws/install/xsens_msgs/lib/libxsens_msgs__rosidl_generator_c.so" to ""
[47.721s] -- Up-to-date: /app/dev_ws/install/xsens_msgs/include/xsens_msgs
[47.722s] -- Up-to-date: /app/dev_ws/install/xsens_msgs/include/xsens_msgs/msg
[47.722s] -- Up-to-date: /app/dev_ws/install/xsens_msgs/include/xsens_msgs/msg/detail
[47.723s] -- Installing: /app/dev_ws/install/xsens_msgs/include/xsens_msgs/msg/detail/pos_pa__rosidl_typesupport_fastrtps_c.h
[47.724s] -- Installing: /app/dev_ws/install/xsens_msgs/include/xsens_msgs/msg/detail/config_xsens__rosidl_typesupport_fastrtps_c.h
[47.725s] -- Installing: /app/dev_ws/install/xsens_msgs/include/xsens_msgs/msg/detail/sta_sw__rosidl_typesupport_fastrtps_c.h
[47.726s] -- Installing: /app/dev_ws/install/xsens_msgs/include/xsens_msgs/msg/detail/ori_oe__rosidl_typesupport_fastrtps_c.h
[47.728s] -- Installing: /app/dev_ws/install/xsens_msgs/include/xsens_msgs/msg/detail/pos_pl__rosidl_typesupport_fastrtps_c.h
[47.729s] -- Installing: /app/dev_ws/install/xsens_msgs/include/xsens_msgs/msg/detail/config_ntrip__rosidl_typesupport_fastrtps_c.h
[47.731s] -- Up-to-date: /app/dev_ws/install/xsens_msgs/include/xsens_msgs/msg/rosidl_typesupport_fastrtps_c__visibility_control.h
[47.731s] -- Up-to-date: /app/dev_ws/install/xsens_msgs/include/xsens_msgs/srv
[47.731s] -- Up-to-date: /app/dev_ws/install/xsens_msgs/include/xsens_msgs/srv/detail
[47.732s] -- Installing: /app/dev_ws/install/xsens_msgs/include/xsens_msgs/srv/detail/rtc_mdata__rosidl_typesupport_fastrtps_c.h
[47.734s] -- Installing: /app/dev_ws/install/xsens_msgs/lib/libxsens_msgs__rosidl_typesupport_fastrtps_c.so
[47.738s] -- Set runtime path of "/app/dev_ws/install/xsens_msgs/lib/libxsens_msgs__rosidl_typesupport_fastrtps_c.so" to ""
[47.738s] -- Up-to-date: /app/dev_ws/install/xsens_msgs/include/xsens_msgs
[47.739s] -- Up-to-date: /app/dev_ws/install/xsens_msgs/include/xsens_msgs/msg
[47.739s] -- Up-to-date: /app/dev_ws/install/xsens_msgs/include/xsens_msgs/msg/detail
[47.740s] -- Installing: /app/dev_ws/install/xsens_msgs/include/xsens_msgs/msg/detail/pos_pa__rosidl_typesupport_fastrtps_cpp.hpp
[47.741s] -- Installing: /app/dev_ws/install/xsens_msgs/include/xsens_msgs/msg/detail/config_xsens__rosidl_typesupport_fastrtps_cpp.hpp
[47.743s] -- Installing: /app/dev_ws/install/xsens_msgs/include/xsens_msgs/msg/detail/config_ntrip__rosidl_typesupport_fastrtps_cpp.hpp
[47.744s] -- Installing: /app/dev_ws/install/xsens_msgs/include/xsens_msgs/msg/detail/pos_pl__rosidl_typesupport_fastrtps_cpp.hpp
[47.745s] -- Installing: /app/dev_ws/install/xsens_msgs/include/xsens_msgs/msg/detail/ori_oe__rosidl_typesupport_fastrtps_cpp.hpp
[47.746s] -- Up-to-date: /app/dev_ws/install/xsens_msgs/include/xsens_msgs/msg/detail/dds_fastrtps
[47.747s] -- Installing: /app/dev_ws/install/xsens_msgs/include/xsens_msgs/msg/detail/sta_sw__rosidl_typesupport_fastrtps_cpp.hpp
[47.749s] -- Up-to-date: /app/dev_ws/install/xsens_msgs/include/xsens_msgs/msg/rosidl_typesupport_fastrtps_cpp__visibility_control.h
[47.749s] -- Up-to-date: /app/dev_ws/install/xsens_msgs/include/xsens_msgs/srv
[47.749s] -- Up-to-date: /app/dev_ws/install/xsens_msgs/include/xsens_msgs/srv/detail
[47.750s] -- Installing: /app/dev_ws/install/xsens_msgs/include/xsens_msgs/srv/detail/rtc_mdata__rosidl_typesupport_fastrtps_cpp.hpp
[47.751s] -- Up-to-date: /app/dev_ws/install/xsens_msgs/include/xsens_msgs/srv/detail/dds_fastrtps
[47.753s] -- Installing: /app/dev_ws/install/xsens_msgs/lib/libxsens_msgs__rosidl_typesupport_fastrtps_cpp.so
[47.757s] -- Set runtime path of "/app/dev_ws/install/xsens_msgs/lib/libxsens_msgs__rosidl_typesupport_fastrtps_cpp.so" to ""
[47.757s] -- Up-to-date: /app/dev_ws/install/xsens_msgs/include/xsens_msgs
[47.758s] -- Up-to-date: /app/dev_ws/install/xsens_msgs/include/xsens_msgs/msg
[47.758s] -- Up-to-date: /app/dev_ws/install/xsens_msgs/include/xsens_msgs/msg/rosidl_typesupport_introspection_c__visibility_control.h
[47.759s] -- Up-to-date: /app/dev_ws/install/xsens_msgs/include/xsens_msgs/msg/detail
[47.759s] -- Installing: /app/dev_ws/install/xsens_msgs/include/xsens_msgs/msg/detail/ori_oe__type_support.c
[47.760s] -- Installing: /app/dev_ws/install/xsens_msgs/include/xsens_msgs/msg/detail/ori_oe__rosidl_typesupport_introspection_c.h
[47.761s] -- Installing: /app/dev_ws/install/xsens_msgs/include/xsens_msgs/msg/detail/pos_pl__type_support.c
[47.763s] -- Installing: /app/dev_ws/install/xsens_msgs/include/xsens_msgs/msg/detail/config_ntrip__rosidl_typesupport_introspection_c.h
[47.764s] -- Installing: /app/dev_ws/install/xsens_msgs/include/xsens_msgs/msg/detail/config_xsens__type_support.c
[47.765s] -- Installing: /app/dev_ws/install/xsens_msgs/include/xsens_msgs/msg/detail/config_xsens__rosidl_typesupport_introspection_c.h
[47.767s] -- Installing: /app/dev_ws/install/xsens_msgs/include/xsens_msgs/msg/detail/pos_pa__rosidl_typesupport_introspection_c.h
[47.769s] -- Installing: /app/dev_ws/install/xsens_msgs/include/xsens_msgs/msg/detail/pos_pl__rosidl_typesupport_introspection_c.h
[47.770s] -- Installing: /app/dev_ws/install/xsens_msgs/include/xsens_msgs/msg/detail/sta_sw__rosidl_typesupport_introspection_c.h
[47.772s] -- Installing: /app/dev_ws/install/xsens_msgs/include/xsens_msgs/msg/detail/pos_pa__type_support.c
[47.773s] -- Installing: /app/dev_ws/install/xsens_msgs/include/xsens_msgs/msg/detail/sta_sw__type_support.c
[47.774s] -- Installing: /app/dev_ws/install/xsens_msgs/include/xsens_msgs/msg/detail/config_ntrip__type_support.c
[47.775s] -- Up-to-date: /app/dev_ws/install/xsens_msgs/include/xsens_msgs/srv
[47.776s] -- Up-to-date: /app/dev_ws/install/xsens_msgs/include/xsens_msgs/srv/detail
[47.776s] -- Installing: /app/dev_ws/install/xsens_msgs/include/xsens_msgs/srv/detail/rtc_mdata__rosidl_typesupport_introspection_c.h
[47.777s] -- Installing: /app/dev_ws/install/xsens_msgs/include/xsens_msgs/srv/detail/rtc_mdata__type_support.c
[47.780s] -- Installing: /app/dev_ws/install/xsens_msgs/lib/libxsens_msgs__rosidl_typesupport_introspection_c.so
[47.783s] -- Set runtime path of "/app/dev_ws/install/xsens_msgs/lib/libxsens_msgs__rosidl_typesupport_introspection_c.so" to ""
[47.784s] -- Installing: /app/dev_ws/install/xsens_msgs/lib/libxsens_msgs__rosidl_typesupport_c.so
[47.788s] -- Set runtime path of "/app/dev_ws/install/xsens_msgs/lib/libxsens_msgs__rosidl_typesupport_c.so" to ""
[47.788s] -- Up-to-date: /app/dev_ws/install/xsens_msgs/include/xsens_msgs
[47.788s] -- Up-to-date: /app/dev_ws/install/xsens_msgs/include/xsens_msgs/msg
[47.789s] -- Installing: /app/dev_ws/install/xsens_msgs/include/xsens_msgs/msg/sta_sw.hpp
[47.790s] -- Installing: /app/dev_ws/install/xsens_msgs/include/xsens_msgs/msg/ori_oe.hpp
[47.791s] -- Installing: /app/dev_ws/install/xsens_msgs/include/xsens_msgs/msg/pos_pa.hpp
[47.792s] -- Installing: /app/dev_ws/install/xsens_msgs/include/xsens_msgs/msg/config_ntrip.hpp
[47.793s] -- Installing: /app/dev_ws/install/xsens_msgs/include/xsens_msgs/msg/config_xsens.hpp
[47.794s] -- Up-to-date: /app/dev_ws/install/xsens_msgs/include/xsens_msgs/msg/detail
[47.795s] -- Installing: /app/dev_ws/install/xsens_msgs/include/xsens_msgs/msg/detail/pos_pa__builder.hpp
[47.796s] -- Installing: /app/dev_ws/install/xsens_msgs/include/xsens_msgs/msg/detail/pos_pl__struct.hpp
[47.797s] -- Installing: /app/dev_ws/install/xsens_msgs/include/xsens_msgs/msg/detail/pos_pa__struct.hpp
[47.799s] -- Installing: /app/dev_ws/install/xsens_msgs/include/xsens_msgs/msg/detail/ori_oe__builder.hpp
[47.800s] -- Installing: /app/dev_ws/install/xsens_msgs/include/xsens_msgs/msg/detail/config_xsens__struct.hpp
[47.801s] -- Installing: /app/dev_ws/install/xsens_msgs/include/xsens_msgs/msg/detail/config_xsens__builder.hpp
[47.802s] -- Installing: /app/dev_ws/install/xsens_msgs/include/xsens_msgs/msg/detail/config_ntrip__traits.hpp
[47.803s] -- Installing: /app/dev_ws/install/xsens_msgs/include/xsens_msgs/msg/detail/pos_pl__builder.hpp
[47.805s] -- Installing: /app/dev_ws/install/xsens_msgs/include/xsens_msgs/msg/detail/config_ntrip__struct.hpp
[47.806s] -- Installing: /app/dev_ws/install/xsens_msgs/include/xsens_msgs/msg/detail/ori_oe__traits.hpp
[47.807s] -- Installing: /app/dev_ws/install/xsens_msgs/include/xsens_msgs/msg/detail/sta_sw__traits.hpp
[47.808s] -- Installing: /app/dev_ws/install/xsens_msgs/include/xsens_msgs/msg/detail/ori_oe__struct.hpp
[47.810s] -- Installing: /app/dev_ws/install/xsens_msgs/include/xsens_msgs/msg/detail/config_xsens__traits.hpp
[47.811s] -- Installing: /app/dev_ws/install/xsens_msgs/include/xsens_msgs/msg/detail/sta_sw__struct.hpp
[47.812s] -- Installing: /app/dev_ws/install/xsens_msgs/include/xsens_msgs/msg/detail/pos_pl__traits.hpp
[47.813s] -- Installing: /app/dev_ws/install/xsens_msgs/include/xsens_msgs/msg/detail/config_ntrip__builder.hpp
[47.814s] -- Installing: /app/dev_ws/install/xsens_msgs/include/xsens_msgs/msg/detail/sta_sw__builder.hpp
[47.816s] -- Installing: /app/dev_ws/install/xsens_msgs/include/xsens_msgs/msg/detail/pos_pa__traits.hpp
[47.817s] -- Installing: /app/dev_ws/install/xsens_msgs/include/xsens_msgs/msg/pos_pl.hpp
[47.818s] -- Up-to-date: /app/dev_ws/install/xsens_msgs/include/xsens_msgs/srv
[47.818s] -- Installing: /app/dev_ws/install/xsens_msgs/include/xsens_msgs/srv/rtc_mdata.hpp
[47.819s] -- Up-to-date: /app/dev_ws/install/xsens_msgs/include/xsens_msgs/srv/detail
[47.820s] -- Installing: /app/dev_ws/install/xsens_msgs/include/xsens_msgs/srv/detail/rtc_mdata__builder.hpp
[47.821s] -- Installing: /app/dev_ws/install/xsens_msgs/include/xsens_msgs/srv/detail/rtc_mdata__traits.hpp
[47.822s] -- Installing: /app/dev_ws/install/xsens_msgs/include/xsens_msgs/srv/detail/rtc_mdata__struct.hpp
[47.824s] -- Up-to-date: /app/dev_ws/install/xsens_msgs/include/xsens_msgs
[47.824s] -- Up-to-date: /app/dev_ws/install/xsens_msgs/include/xsens_msgs/msg
[47.825s] -- Up-to-date: /app/dev_ws/install/xsens_msgs/include/xsens_msgs/msg/detail
[47.825s] -- Installing: /app/dev_ws/install/xsens_msgs/include/xsens_msgs/msg/detail/sta_sw__rosidl_typesupport_introspection_cpp.hpp
[47.827s] -- Installing: /app/dev_ws/install/xsens_msgs/include/xsens_msgs/msg/detail/sta_sw__type_support.cpp
[47.828s] -- Installing: /app/dev_ws/install/xsens_msgs/include/xsens_msgs/msg/detail/pos_pl__type_support.cpp
[47.829s] -- Installing: /app/dev_ws/install/xsens_msgs/include/xsens_msgs/msg/detail/config_ntrip__type_support.cpp
[47.831s] -- Installing: /app/dev_ws/install/xsens_msgs/include/xsens_msgs/msg/detail/ori_oe__type_support.cpp
[47.832s] -- Installing: /app/dev_ws/install/xsens_msgs/include/xsens_msgs/msg/detail/pos_pa__rosidl_typesupport_introspection_cpp.hpp
[47.833s] -- Installing: /app/dev_ws/install/xsens_msgs/include/xsens_msgs/msg/detail/config_xsens__type_support.cpp
[47.835s] -- Installing: /app/dev_ws/install/xsens_msgs/include/xsens_msgs/msg/detail/pos_pa__type_support.cpp
[47.836s] -- Installing: /app/dev_ws/install/xsens_msgs/include/xsens_msgs/msg/detail/pos_pl__rosidl_typesupport_introspection_cpp.hpp
[47.837s] -- Installing: /app/dev_ws/install/xsens_msgs/include/xsens_msgs/msg/detail/config_xsens__rosidl_typesupport_introspection_cpp.hpp
[47.839s] -- Installing: /app/dev_ws/install/xsens_msgs/include/xsens_msgs/msg/detail/ori_oe__rosidl_typesupport_introspection_cpp.hpp
[47.840s] -- Installing: /app/dev_ws/install/xsens_msgs/include/xsens_msgs/msg/detail/config_ntrip__rosidl_typesupport_introspection_cpp.hpp
[47.842s] -- Up-to-date: /app/dev_ws/install/xsens_msgs/include/xsens_msgs/srv
[47.843s] -- Up-to-date: /app/dev_ws/install/xsens_msgs/include/xsens_msgs/srv/detail
[47.843s] -- Installing: /app/dev_ws/install/xsens_msgs/include/xsens_msgs/srv/detail/rtc_mdata__type_support.cpp
[47.844s] -- Installing: /app/dev_ws/install/xsens_msgs/include/xsens_msgs/srv/detail/rtc_mdata__rosidl_typesupport_introspection_cpp.hpp
[47.847s] -- Installing: /app/dev_ws/install/xsens_msgs/lib/libxsens_msgs__rosidl_typesupport_introspection_cpp.so
[47.851s] -- Set runtime path of "/app/dev_ws/install/xsens_msgs/lib/libxsens_msgs__rosidl_typesupport_introspection_cpp.so" to ""
[47.852s] -- Installing: /app/dev_ws/install/xsens_msgs/lib/libxsens_msgs__rosidl_typesupport_cpp.so
[47.855s] -- Set runtime path of "/app/dev_ws/install/xsens_msgs/lib/libxsens_msgs__rosidl_typesupport_cpp.so" to ""
[47.856s] -- Up-to-date: /app/dev_ws/install/xsens_msgs/share/xsens_msgs/environment/pythonpath.sh
[47.856s] -- Installing: /app/dev_ws/install/xsens_msgs/share/xsens_msgs/environment/pythonpath.dsv
[47.858s] -- Installing: /app/dev_ws/install/xsens_msgs/lib/python3.8/site-packages/xsens_msgs/__init__.py
[48.034s] Compiling '/app/dev_ws/install/xsens_msgs/lib/python3.8/site-packages/xsens_msgs/__init__.py'...
[48.060s] -- Up-to-date: /app/dev_ws/install/xsens_msgs/lib/python3.8/site-packages/xsens_msgs/msg
[48.062s] -- Installing: /app/dev_ws/install/xsens_msgs/lib/python3.8/site-packages/xsens_msgs/msg/_config_xsens.py
[48.063s] -- Installing: /app/dev_ws/install/xsens_msgs/lib/python3.8/site-packages/xsens_msgs/msg/_sta_sw_s.c
[48.065s] -- Installing: /app/dev_ws/install/xsens_msgs/lib/python3.8/site-packages/xsens_msgs/msg/_ori_oe.py
[48.067s] -- Installing: /app/dev_ws/install/xsens_msgs/lib/python3.8/site-packages/xsens_msgs/msg/_pos_pl_s.c
[48.068s] -- Installing: /app/dev_ws/install/xsens_msgs/lib/python3.8/site-packages/xsens_msgs/msg/_ori_oe_s.c
[48.070s] -- Installing: /app/dev_ws/install/xsens_msgs/lib/python3.8/site-packages/xsens_msgs/msg/_pos_pa_s.c
[48.073s] -- Installing: /app/dev_ws/install/xsens_msgs/lib/python3.8/site-packages/xsens_msgs/msg/_sta_sw.py
[48.073s] -- Installing: /app/dev_ws/install/xsens_msgs/lib/python3.8/site-packages/xsens_msgs/msg/_pos_pa.py
[48.074s] -- Installing: /app/dev_ws/install/xsens_msgs/lib/python3.8/site-packages/xsens_msgs/msg/_pos_pl.py
[48.076s] -- Installing: /app/dev_ws/install/xsens_msgs/lib/python3.8/site-packages/xsens_msgs/msg/_config_ntrip_s.c
[48.080s] -- Installing: /app/dev_ws/install/xsens_msgs/lib/python3.8/site-packages/xsens_msgs/msg/_config_ntrip.py
[48.081s] -- Installing: /app/dev_ws/install/xsens_msgs/lib/python3.8/site-packages/xsens_msgs/msg/__init__.py
[48.083s] -- Installing: /app/dev_ws/install/xsens_msgs/lib/python3.8/site-packages/xsens_msgs/msg/_config_xsens_s.c
[48.085s] -- Up-to-date: /app/dev_ws/install/xsens_msgs/lib/python3.8/site-packages/xsens_msgs/srv
[48.087s] -- Installing: /app/dev_ws/install/xsens_msgs/lib/python3.8/site-packages/xsens_msgs/srv/_rtc_mdata.py
[48.087s] -- Installing: /app/dev_ws/install/xsens_msgs/lib/python3.8/site-packages/xsens_msgs/srv/_rtc_mdata_s.c
[48.089s] -- Installing: /app/dev_ws/install/xsens_msgs/lib/python3.8/site-packages/xsens_msgs/srv/__init__.py
[48.093s] -- Installing: /app/dev_ws/install/xsens_msgs/lib/python3.8/site-packages/xsens_msgs/xsens_msgs_s__rosidl_typesupport_fastrtps_c.cpython-38-aarch64-linux-gnu.so
[48.097s] -- Set runtime path of "/app/dev_ws/install/xsens_msgs/lib/python3.8/site-packages/xsens_msgs/xsens_msgs_s__rosidl_typesupport_fastrtps_c.cpython-38-aarch64-linux-gnu.so" to ""
[48.099s] -- Installing: /app/dev_ws/install/xsens_msgs/lib/python3.8/site-packages/xsens_msgs/xsens_msgs_s__rosidl_typesupport_introspection_c.cpython-38-aarch64-linux-gnu.so
[48.105s] -- Set runtime path of "/app/dev_ws/install/xsens_msgs/lib/python3.8/site-packages/xsens_msgs/xsens_msgs_s__rosidl_typesupport_introspection_c.cpython-38-aarch64-linux-gnu.so" to ""
[48.107s] -- Installing: /app/dev_ws/install/xsens_msgs/lib/python3.8/site-packages/xsens_msgs/xsens_msgs_s__rosidl_typesupport_c.cpython-38-aarch64-linux-gnu.so
[48.112s] -- Set runtime path of "/app/dev_ws/install/xsens_msgs/lib/python3.8/site-packages/xsens_msgs/xsens_msgs_s__rosidl_typesupport_c.cpython-38-aarch64-linux-gnu.so" to ""
[48.115s] -- Installing: /app/dev_ws/install/xsens_msgs/lib/libxsens_msgs__python.so
[48.118s] -- Set runtime path of "/app/dev_ws/install/xsens_msgs/lib/libxsens_msgs__python.so" to ""
[48.119s] -- Up-to-date: /app/dev_ws/install/xsens_msgs/share/xsens_msgs/msg/OriOE.idl
[48.119s] -- Up-to-date: /app/dev_ws/install/xsens_msgs/share/xsens_msgs/msg/PosPA.idl
[48.120s] -- Up-to-date: /app/dev_ws/install/xsens_msgs/share/xsens_msgs/msg/PosPL.idl
[48.120s] -- Up-to-date: /app/dev_ws/install/xsens_msgs/share/xsens_msgs/msg/StaSW.idl
[48.121s] -- Up-to-date: /app/dev_ws/install/xsens_msgs/share/xsens_msgs/msg/ConfigXsens.idl
[48.121s] -- Installing: /app/dev_ws/install/xsens_msgs/share/xsens_msgs/msg/ConfigNtrip.idl
[48.123s] -- Up-to-date: /app/dev_ws/install/xsens_msgs/share/xsens_msgs/srv/RTCMdata.idl
[48.123s] -- Up-to-date: /app/dev_ws/install/xsens_msgs/share/xsens_msgs/msg/OriOE.msg
[48.124s] -- Up-to-date: /app/dev_ws/install/xsens_msgs/share/xsens_msgs/msg/PosPA.msg
[48.124s] -- Up-to-date: /app/dev_ws/install/xsens_msgs/share/xsens_msgs/msg/PosPL.msg
[48.125s] -- Up-to-date: /app/dev_ws/install/xsens_msgs/share/xsens_msgs/msg/StaSW.msg
[48.125s] -- Up-to-date: /app/dev_ws/install/xsens_msgs/share/xsens_msgs/msg/ConfigXsens.msg
[48.126s] -- Installing: /app/dev_ws/install/xsens_msgs/share/xsens_msgs/msg/ConfigNtrip.msg
[48.127s] -- Up-to-date: /app/dev_ws/install/xsens_msgs/share/xsens_msgs/srv/RTCMdata.srv
[48.127s] -- Up-to-date: /app/dev_ws/install/xsens_msgs/share/xsens_msgs/srv/RTCMdata_Request.msg
[48.128s] -- Up-to-date: /app/dev_ws/install/xsens_msgs/share/xsens_msgs/srv/RTCMdata_Response.msg
[48.128s] -- Up-to-date: /app/dev_ws/install/xsens_msgs/share/ament_index/resource_index/package_run_dependencies/xsens_msgs
[48.129s] -- Up-to-date: /app/dev_ws/install/xsens_msgs/share/ament_index/resource_index/parent_prefix_path/xsens_msgs
[48.129s] -- Up-to-date: /app/dev_ws/install/xsens_msgs/share/xsens_msgs/environment/ament_prefix_path.sh
[48.130s] -- Installing: /app/dev_ws/install/xsens_msgs/share/xsens_msgs/environment/ament_prefix_path.dsv
[48.132s] -- Up-to-date: /app/dev_ws/install/xsens_msgs/share/xsens_msgs/environment/path.sh
[48.132s] -- Installing: /app/dev_ws/install/xsens_msgs/share/xsens_msgs/environment/path.dsv
[48.133s] -- Up-to-date: /app/dev_ws/install/xsens_msgs/share/xsens_msgs/local_setup.bash
[48.134s] -- Up-to-date: /app/dev_ws/install/xsens_msgs/share/xsens_msgs/local_setup.sh
[48.134s] -- Up-to-date: /app/dev_ws/install/xsens_msgs/share/xsens_msgs/local_setup.zsh
[48.135s] -- Installing: /app/dev_ws/install/xsens_msgs/share/xsens_msgs/local_setup.dsv
[48.138s] -- Installing: /app/dev_ws/install/xsens_msgs/share/xsens_msgs/package.dsv
[48.139s] -- Up-to-date: /app/dev_ws/install/xsens_msgs/share/ament_index/resource_index/packages/xsens_msgs
[48.141s] -- Up-to-date: /app/dev_ws/install/xsens_msgs/share/xsens_msgs/cmake/xsens_msgs__rosidl_generator_cExport.cmake
[48.142s] -- Installing: /app/dev_ws/install/xsens_msgs/share/xsens_msgs/cmake/xsens_msgs__rosidl_generator_cExport-noconfig.cmake
[48.144s] -- Up-to-date: /app/dev_ws/install/xsens_msgs/share/xsens_msgs/cmake/xsens_msgs__rosidl_typesupport_introspection_cExport.cmake
[48.145s] -- Installing: /app/dev_ws/install/xsens_msgs/share/xsens_msgs/cmake/xsens_msgs__rosidl_typesupport_introspection_cExport-noconfig.cmake
[48.148s] -- Up-to-date: /app/dev_ws/install/xsens_msgs/share/xsens_msgs/cmake/xsens_msgs__rosidl_typesupport_cExport.cmake
[48.149s] -- Installing: /app/dev_ws/install/xsens_msgs/share/xsens_msgs/cmake/xsens_msgs__rosidl_typesupport_cExport-noconfig.cmake
[48.151s] -- Up-to-date: /app/dev_ws/install/xsens_msgs/share/xsens_msgs/cmake/xsens_msgs__rosidl_generator_cppExport.cmake
[48.152s] -- Up-to-date: /app/dev_ws/install/xsens_msgs/share/xsens_msgs/cmake/xsens_msgs__rosidl_typesupport_introspection_cppExport.cmake
[48.153s] -- Installing: /app/dev_ws/install/xsens_msgs/share/xsens_msgs/cmake/xsens_msgs__rosidl_typesupport_introspection_cppExport-noconfig.cmake
[48.157s] -- Up-to-date: /app/dev_ws/install/xsens_msgs/share/xsens_msgs/cmake/xsens_msgs__rosidl_typesupport_cppExport.cmake
[48.157s] -- Installing: /app/dev_ws/install/xsens_msgs/share/xsens_msgs/cmake/xsens_msgs__rosidl_typesupport_cppExport-noconfig.cmake
[48.159s] -- Up-to-date: /app/dev_ws/install/xsens_msgs/share/xsens_msgs/cmake/rosidl_cmake-extras.cmake
[48.160s] -- Up-to-date: /app/dev_ws/install/xsens_msgs/share/xsens_msgs/cmake/ament_cmake_export_dependencies-extras.cmake
[48.160s] -- Up-to-date: /app/dev_ws/install/xsens_msgs/share/xsens_msgs/cmake/ament_cmake_export_libraries-extras.cmake
[48.161s] -- Up-to-date: /app/dev_ws/install/xsens_msgs/share/xsens_msgs/cmake/ament_cmake_export_targets-extras.cmake
[48.161s] -- Up-to-date: /app/dev_ws/install/xsens_msgs/share/xsens_msgs/cmake/ament_cmake_export_include_directories-extras.cmake
[48.162s] -- Up-to-date: /app/dev_ws/install/xsens_msgs/share/xsens_msgs/cmake/rosidl_cmake_export_typesupport_libraries-extras.cmake
[48.162s] -- Up-to-date: /app/dev_ws/install/xsens_msgs/share/xsens_msgs/cmake/rosidl_cmake_export_typesupport_targets-extras.cmake
[48.163s] -- Up-to-date: /app/dev_ws/install/xsens_msgs/share/xsens_msgs/cmake/xsens_msgsConfig.cmake
[48.164s] -- Up-to-date: /app/dev_ws/install/xsens_msgs/share/xsens_msgs/cmake/xsens_msgsConfig-version.cmake
[48.164s] -- Up-to-date: /app/dev_ws/install/xsens_msgs/share/xsens_msgs/package.xml
[48.176s] Invoked command in '/app/dev_ws/build/xsens_msgs' returned '0': CMAKE_PREFIX_PATH=${CMAKE_PREFIX_PATH}:/app/dev_ws/install/xsens_driver:/app/dev_ws/install/ntrip_client:/app/dev_ws/install/central:/opt/ros/foxy /usr/bin/cmake --install /app/dev_ws/build/xsens_msgs
