running egg_info
writing ../../build/central/central.egg-info/PKG-INFO
writing dependency_links to ../../build/central/central.egg-info/dependency_links.txt
writing entry points to ../../build/central/central.egg-info/entry_points.txt
writing requirements to ../../build/central/central.egg-info/requires.txt
writing top-level names to ../../build/central/central.egg-info/top_level.txt
reading manifest file '../../build/central/central.egg-info/SOURCES.txt'
writing manifest file '../../build/central/central.egg-info/SOURCES.txt'
running build
running build_py
copying central/central_data.py -> /app/dev_ws/build/central/build/lib/central
running install
running install_lib
copying /app/dev_ws/build/central/build/lib/central/central_data.py -> /app/dev_ws/install/central/lib/python3.8/site-packages/central
byte-compiling /app/dev_ws/install/central/lib/python3.8/site-packages/central/central_data.py to central_data.cpython-38.pyc
Sorry: TabError: inconsistent use of tabs and spaces in indentation (central_data.py, line 104)
running install_data
running install_egg_info
removing '/app/dev_ws/install/central/lib/python3.8/site-packages/central-0.0.0-py3.8.egg-info' (and everything under it)
Copying ../../build/central/central.egg-info to /app/dev_ws/install/central/lib/python3.8/site-packages/central-0.0.0-py3.8.egg-info
running install_scripts
Installing collect_data script to /app/dev_ws/install/central/lib/central
Installing config script to /app/dev_ws/install/central/lib/central
writing list of installed files to '/app/dev_ws/build/central/install.log'
