[3.164s] Invoking command in '/app/dev_ws/src/central': PYTHONPATH=/app/dev_ws/install/central/lib/python3.8/site-packages:${PYTHONPATH} /usr/bin/python3 setup.py egg_info --egg-base ../../build/central build --build-base /app/dev_ws/build/central/build install --prefix /app/dev_ws/install/central --record /app/dev_ws/build/central/install.log --single-version-externally-managed
[4.280s] running egg_info
[4.283s] writing ../../build/central/central.egg-info/PKG-INFO
[4.284s] writing dependency_links to ../../build/central/central.egg-info/dependency_links.txt
[4.285s] writing entry points to ../../build/central/central.egg-info/entry_points.txt
[4.287s] writing requirements to ../../build/central/central.egg-info/requires.txt
[4.287s] writing top-level names to ../../build/central/central.egg-info/top_level.txt
[4.453s] reading manifest file '../../build/central/central.egg-info/SOURCES.txt'
[4.458s] writing manifest file '../../build/central/central.egg-info/SOURCES.txt'
[4.459s] running build
[4.460s] running build_py
[4.460s] copying central/central_data.py -> /app/dev_ws/build/central/build/lib/central
[4.463s] running install
[4.468s] running install_lib
[4.473s] copying /app/dev_ws/build/central/build/lib/central/central_data.py -> /app/dev_ws/install/central/lib/python3.8/site-packages/central
[4.477s] byte-compiling /app/dev_ws/install/central/lib/python3.8/site-packages/central/central_data.py to central_data.cpython-38.pyc
[4.483s] Sorry: TabError: inconsistent use of tabs and spaces in indentation (central_data.py, line 104)
[4.483s] running install_data
[4.486s] running install_egg_info
[4.494s] removing '/app/dev_ws/install/central/lib/python3.8/site-packages/central-0.0.0-py3.8.egg-info' (and everything under it)
[4.496s] Copying ../../build/central/central.egg-info to /app/dev_ws/install/central/lib/python3.8/site-packages/central-0.0.0-py3.8.egg-info
[4.502s] running install_scripts
[4.583s] Installing collect_data script to /app/dev_ws/install/central/lib/central
[4.584s] Installing config script to /app/dev_ws/install/central/lib/central
[4.586s] writing list of installed files to '/app/dev_ws/build/central/install.log'
[4.687s] Invoked command in '/app/dev_ws/src/central' returned '0': PYTHONPATH=/app/dev_ws/install/central/lib/python3.8/site-packages:${PYTHONPATH} /usr/bin/python3 setup.py egg_info --egg-base ../../build/central build --build-base /app/dev_ws/build/central/build install --prefix /app/dev_ws/install/central --record /app/dev_ws/build/central/install.log --single-version-externally-managed
