[0.080s] Invoking command in '/app/dev_ws/src/build/xsens_msgs': CMAKE_PREFIX_PATH=${CMAKE_PREFIX_PATH}:/app/dev_ws/install/xsens_driver:/app/dev_ws/install/ntrip_client:/app/dev_ws/install/central:/opt/ros/foxy /usr/bin/cmake /app/dev_ws/src/xsens_msgs -DCMAKE_INSTALL_PREFIX=/app/dev_ws/src/install/xsens_msgs
[1.489s] -- The C compiler identification is GNU 9.4.0
[2.430s] -- The CXX compiler identification is GNU 9.4.0
[2.470s] -- Check for working C compiler: /usr/bin/cc
[2.909s] -- Check for working C compiler: /usr/bin/cc -- works
[2.916s] -- Detecting C compiler ABI info
[3.525s] -- Detecting C compiler ABI info - done
[3.581s] -- Detecting C compile features
[3.584s] -- Detecting C compile features - done
[3.599s] -- Check for working CXX compiler: /usr/bin/c++
[4.145s] -- Check for working CXX compiler: /usr/bin/c++ -- works
[4.149s] -- Detecting CXX compiler ABI info
[4.590s] -- Detecting CXX compiler ABI info - done
[4.632s] -- Detecting CXX compile features
[4.634s] -- Detecting CXX compile features - done
[4.692s] -- Found ament_cmake: 0.9.9 (/opt/ros/foxy/share/ament_cmake/cmake)
[4.913s] -- Found PythonInterp: /usr/bin/python3 (found suitable version "3.8.10", minimum required is "3") 
[4.914s] -- Using PYTHON_EXECUTABLE: /usr/bin/python3
[6.316s] -- Found std_msgs: 2.0.5 (/opt/ros/foxy/share/std_msgs/cmake)
[6.750s] -- Using all available rosidl_typesupport_c: rosidl_typesupport_fastrtps_c;rosidl_typesupport_introspection_c
[6.876s] -- Found rosidl_adapter: 1.2.1 (/opt/ros/foxy/share/rosidl_adapter/cmake)
[7.678s] -- Found OpenSSL: /usr/lib/aarch64-linux-gnu/libcrypto.so (found version "1.1.1f")  
[7.942s] -- Found FastRTPS: /opt/ros/foxy/include  
[8.712s] -- Using all available rosidl_typesupport_cpp: rosidl_typesupport_fastrtps_cpp;rosidl_typesupport_introspection_cpp
[9.047s] -- Found rosidl_default_generators: 1.0.1 (/opt/ros/foxy/share/rosidl_default_generators/cmake)
[9.172s] -- Found sensor_msgs: 2.0.5 (/opt/ros/foxy/share/sensor_msgs/cmake)
[9.878s] -- Found PythonInterp: /usr/bin/python3 (found version "3.8.10") 
[11.280s] -- Found ament_cmake_cppcheck: 0.9.6 (/opt/ros/foxy/share/ament_cmake_cppcheck/cmake)
[11.319s] -- Found ament_cmake_cpplint: 0.9.6 (/opt/ros/foxy/share/ament_cmake_cpplint/cmake)
[11.360s] -- Found ament_cmake_uncrustify: 0.9.6 (/opt/ros/foxy/share/ament_cmake_uncrustify/cmake)
[11.401s] -- Found ament_cmake_ros: 0.9.2 (/opt/ros/foxy/share/ament_cmake_ros/cmake)
[13.526s] -- Using all available rosidl_typesupport_c: rosidl_typesupport_fastrtps_c;rosidl_typesupport_introspection_c
[14.353s] -- Using all available rosidl_typesupport_cpp: rosidl_typesupport_fastrtps_cpp;rosidl_typesupport_introspection_cpp
[14.527s] -- Found PythonInterp: /usr/bin/python3 (found suitable version "3.8.10", minimum required is "3.5") 
[14.560s] -- Found python_cmake_module: 0.8.1 (/opt/ros/foxy/share/python_cmake_module/cmake)
[14.725s] -- Found PythonLibs: /usr/lib/aarch64-linux-gnu/libpython3.8.so (found suitable version "3.8.10", minimum required is "3.5") 
[14.726s] -- Using PYTHON_EXECUTABLE: /usr/bin/python3
[14.727s] -- Using PYTHON_INCLUDE_DIRS: /usr/include/python3.8
[14.727s] -- Using PYTHON_LIBRARIES: /usr/lib/aarch64-linux-gnu/libpython3.8.so
[14.867s] -- Found PythonExtra: .so  
[15.449s] -- Found ament_cmake_flake8: 0.9.6 (/opt/ros/foxy/share/ament_cmake_flake8/cmake)
[15.489s] -- Found ament_cmake_pep257: 0.9.6 (/opt/ros/foxy/share/ament_cmake_pep257/cmake)
[15.534s] -- Found ament_lint_auto: 0.9.6 (/opt/ros/foxy/share/ament_lint_auto/cmake)
[15.670s] -- Configuring done
[16.219s] -- Generating done
[16.236s] -- Build files have been written to: /app/dev_ws/src/build/xsens_msgs
[16.277s] Invoked command in '/app/dev_ws/src/build/xsens_msgs' returned '0': CMAKE_PREFIX_PATH=${CMAKE_PREFIX_PATH}:/app/dev_ws/install/xsens_driver:/app/dev_ws/install/ntrip_client:/app/dev_ws/install/central:/opt/ros/foxy /usr/bin/cmake /app/dev_ws/src/xsens_msgs -DCMAKE_INSTALL_PREFIX=/app/dev_ws/src/install/xsens_msgs
[16.290s] Invoking command in '/app/dev_ws/src/build/xsens_msgs': CMAKE_PREFIX_PATH=${CMAKE_PREFIX_PATH}:/app/dev_ws/install/xsens_driver:/app/dev_ws/install/ntrip_client:/app/dev_ws/install/central:/opt/ros/foxy /usr/bin/cmake --build /app/dev_ws/src/build/xsens_msgs -- -j4 -l4
[16.548s] [35m[1mScanning dependencies of target xsens_msgs__cpp[0m
[16.565s] [  1%] [34m[1mGenerating C code for ROS interfaces[0m
[16.626s] [  1%] [34m[1mGenerating C++ code for ROS interfaces[0m
[21.172s] [  1%] Built target xsens_msgs__cpp
[21.265s] [  1%] [34m[1mGenerating C++ type support for eProsima Fast-RTPS[0m
[21.271s] [  2%] [34m[1mGenerating C++ introspection for ROS interfaces[0m
[21.325s] [  3%] [34m[1mGenerating C++ type support dispatch for ROS interfaces[0m
[22.046s] [35m[1mScanning dependencies of target xsens_msgs__rosidl_generator_c[0m
[22.454s] [  4%] [32mBuilding C object CMakeFiles/xsens_msgs__rosidl_generator_c.dir/rosidl_generator_c/xsens_msgs/msg/detail/ori_oe__functions.c.o[0m
[23.319s] [  5%] [32mBuilding C object CMakeFiles/xsens_msgs__rosidl_generator_c.dir/rosidl_generator_c/xsens_msgs/msg/detail/pos_pa__functions.c.o[0m
[23.649s] [  5%] [32mBuilding C object CMakeFiles/xsens_msgs__rosidl_generator_c.dir/rosidl_generator_c/xsens_msgs/msg/detail/pos_pl__functions.c.o[0m
[24.002s] [  6%] [32mBuilding C object CMakeFiles/xsens_msgs__rosidl_generator_c.dir/rosidl_generator_c/xsens_msgs/msg/detail/sta_sw__functions.c.o[0m
[24.298s] [  7%] [32mBuilding C object CMakeFiles/xsens_msgs__rosidl_generator_c.dir/rosidl_generator_c/xsens_msgs/msg/detail/acc_aa__functions.c.o[0m
[24.628s] [  8%] [32mBuilding C object CMakeFiles/xsens_msgs__rosidl_generator_c.dir/rosidl_generator_c/xsens_msgs/msg/detail/acc_af__functions.c.o[0m
[24.742s] [35m[1mScanning dependencies of target xsens_msgs__rosidl_typesupport_cpp[0m
[24.898s] [  9%] [32mBuilding CXX object CMakeFiles/xsens_msgs__rosidl_typesupport_cpp.dir/rosidl_typesupport_cpp/xsens_msgs/msg/ori_oe__type_support.cpp.o[0m
[24.947s] [ 10%] [32mBuilding C object CMakeFiles/xsens_msgs__rosidl_generator_c.dir/rosidl_generator_c/xsens_msgs/msg/detail/ang_wr__functions.c.o[0m
[25.244s] [ 11%] [32mBuilding C object CMakeFiles/xsens_msgs__rosidl_generator_c.dir/rosidl_generator_c/xsens_msgs/msg/detail/config_xsens__functions.c.o[0m
[25.534s] [ 12%] [32mBuilding C object CMakeFiles/xsens_msgs__rosidl_generator_c.dir/rosidl_generator_c/xsens_msgs/msg/detail/config_ntrip__functions.c.o[0m
[25.849s] [ 12%] [32mBuilding C object CMakeFiles/xsens_msgs__rosidl_generator_c.dir/rosidl_generator_c/xsens_msgs/msg/detail/sta_nt__functions.c.o[0m
[26.226s] [ 13%] [32mBuilding C object CMakeFiles/xsens_msgs__rosidl_generator_c.dir/rosidl_generator_c/xsens_msgs/msg/detail/sta_ct__functions.c.o[0m
[26.701s] [ 14%] [32mBuilding C object CMakeFiles/xsens_msgs__rosidl_generator_c.dir/rosidl_generator_c/xsens_msgs/srv/detail/rtc_mdata__functions.c.o[0m
[26.786s] [35m[1mScanning dependencies of target xsens_msgs__rosidl_typesupport_introspection_cpp[0m
[27.307s] [ 14%] [32mBuilding CXX object CMakeFiles/xsens_msgs__rosidl_typesupport_introspection_cpp.dir/rosidl_typesupport_introspection_cpp/xsens_msgs/msg/detail/ori_oe__type_support.cpp.o[0m
[27.434s] [ 15%] [32m[1mLinking C shared library libxsens_msgs__rosidl_generator_c.so[0m
[27.560s] [35m[1mScanning dependencies of target xsens_msgs__rosidl_typesupport_fastrtps_cpp[0m
[27.596s] [ 16%] [32mBuilding CXX object CMakeFiles/xsens_msgs__rosidl_typesupport_cpp.dir/rosidl_typesupport_cpp/xsens_msgs/msg/pos_pa__type_support.cpp.o[0m
[27.833s] [ 17%] [32mBuilding CXX object CMakeFiles/xsens_msgs__rosidl_typesupport_fastrtps_cpp.dir/rosidl_typesupport_fastrtps_cpp/xsens_msgs/msg/detail/dds_fastrtps/ori_oe__type_support.cpp.o[0m
[27.860s] [ 17%] Built target xsens_msgs__rosidl_generator_c
[27.926s] [ 18%] [32mBuilding CXX object CMakeFiles/xsens_msgs__rosidl_typesupport_fastrtps_cpp.dir/rosidl_typesupport_fastrtps_cpp/xsens_msgs/msg/detail/dds_fastrtps/pos_pa__type_support.cpp.o[0m
[29.682s] [ 19%] [32mBuilding CXX object CMakeFiles/xsens_msgs__rosidl_typesupport_cpp.dir/rosidl_typesupport_cpp/xsens_msgs/msg/pos_pl__type_support.cpp.o[0m
[29.698s] [ 20%] [32mBuilding CXX object CMakeFiles/xsens_msgs__rosidl_typesupport_introspection_cpp.dir/rosidl_typesupport_introspection_cpp/xsens_msgs/msg/detail/pos_pa__type_support.cpp.o[0m
[31.566s] [ 21%] [32mBuilding CXX object CMakeFiles/xsens_msgs__rosidl_typesupport_fastrtps_cpp.dir/rosidl_typesupport_fastrtps_cpp/xsens_msgs/msg/detail/dds_fastrtps/pos_pl__type_support.cpp.o[0m
[31.934s] [ 22%] [32mBuilding CXX object CMakeFiles/xsens_msgs__rosidl_typesupport_fastrtps_cpp.dir/rosidl_typesupport_fastrtps_cpp/xsens_msgs/msg/detail/dds_fastrtps/sta_sw__type_support.cpp.o[0m
[32.681s] [ 23%] [32mBuilding CXX object CMakeFiles/xsens_msgs__rosidl_typesupport_cpp.dir/rosidl_typesupport_cpp/xsens_msgs/msg/sta_sw__type_support.cpp.o[0m
[33.006s] [ 24%] [32mBuilding CXX object CMakeFiles/xsens_msgs__rosidl_typesupport_introspection_cpp.dir/rosidl_typesupport_introspection_cpp/xsens_msgs/msg/detail/pos_pl__type_support.cpp.o[0m
[35.126s] [ 24%] [32mBuilding CXX object CMakeFiles/xsens_msgs__rosidl_typesupport_cpp.dir/rosidl_typesupport_cpp/xsens_msgs/msg/acc_aa__type_support.cpp.o[0m
[35.365s] [ 25%] [32mBuilding CXX object CMakeFiles/xsens_msgs__rosidl_typesupport_introspection_cpp.dir/rosidl_typesupport_introspection_cpp/xsens_msgs/msg/detail/sta_sw__type_support.cpp.o[0m
[35.546s] [ 26%] [32mBuilding CXX object CMakeFiles/xsens_msgs__rosidl_typesupport_fastrtps_cpp.dir/rosidl_typesupport_fastrtps_cpp/xsens_msgs/msg/detail/dds_fastrtps/acc_aa__type_support.cpp.o[0m
[35.895s] [ 26%] [32mBuilding CXX object CMakeFiles/xsens_msgs__rosidl_typesupport_fastrtps_cpp.dir/rosidl_typesupport_fastrtps_cpp/xsens_msgs/msg/detail/dds_fastrtps/acc_af__type_support.cpp.o[0m
[37.743s] [ 27%] [32mBuilding CXX object CMakeFiles/xsens_msgs__rosidl_typesupport_introspection_cpp.dir/rosidl_typesupport_introspection_cpp/xsens_msgs/msg/detail/acc_aa__type_support.cpp.o[0m
[38.363s] [ 28%] [32mBuilding CXX object CMakeFiles/xsens_msgs__rosidl_typesupport_cpp.dir/rosidl_typesupport_cpp/xsens_msgs/msg/acc_af__type_support.cpp.o[0m
[40.062s] [ 29%] [32mBuilding CXX object CMakeFiles/xsens_msgs__rosidl_typesupport_cpp.dir/rosidl_typesupport_cpp/xsens_msgs/msg/ang_wr__type_support.cpp.o[0m
[40.171s] [ 30%] [32mBuilding CXX object CMakeFiles/xsens_msgs__rosidl_typesupport_fastrtps_cpp.dir/rosidl_typesupport_fastrtps_cpp/xsens_msgs/msg/detail/dds_fastrtps/ang_wr__type_support.cpp.o[0m
[40.537s] [ 31%] [32mBuilding CXX object CMakeFiles/xsens_msgs__rosidl_typesupport_introspection_cpp.dir/rosidl_typesupport_introspection_cpp/xsens_msgs/msg/detail/acc_af__type_support.cpp.o[0m
[41.017s] [ 32%] [32mBuilding CXX object CMakeFiles/xsens_msgs__rosidl_typesupport_cpp.dir/rosidl_typesupport_cpp/xsens_msgs/msg/config_xsens__type_support.cpp.o[0m
[42.264s] [ 32%] [32mBuilding CXX object CMakeFiles/xsens_msgs__rosidl_typesupport_introspection_cpp.dir/rosidl_typesupport_introspection_cpp/xsens_msgs/msg/detail/ang_wr__type_support.cpp.o[0m
[43.782s] [ 33%] [32mBuilding CXX object CMakeFiles/xsens_msgs__rosidl_typesupport_fastrtps_cpp.dir/rosidl_typesupport_fastrtps_cpp/xsens_msgs/msg/detail/dds_fastrtps/config_xsens__type_support.cpp.o[0m
[44.545s] [ 34%] [32mBuilding CXX object CMakeFiles/xsens_msgs__rosidl_typesupport_cpp.dir/rosidl_typesupport_cpp/xsens_msgs/msg/config_ntrip__type_support.cpp.o[0m
[44.770s] [ 35%] [32mBuilding CXX object CMakeFiles/xsens_msgs__rosidl_typesupport_fastrtps_cpp.dir/rosidl_typesupport_fastrtps_cpp/xsens_msgs/msg/detail/dds_fastrtps/config_ntrip__type_support.cpp.o[0m
[45.491s] [ 36%] [32mBuilding CXX object CMakeFiles/xsens_msgs__rosidl_typesupport_introspection_cpp.dir/rosidl_typesupport_introspection_cpp/xsens_msgs/msg/detail/config_xsens__type_support.cpp.o[0m
[46.745s] [ 37%] [32mBuilding CXX object CMakeFiles/xsens_msgs__rosidl_typesupport_cpp.dir/rosidl_typesupport_cpp/xsens_msgs/msg/sta_nt__type_support.cpp.o[0m
[48.465s] [ 38%] [32mBuilding CXX object CMakeFiles/xsens_msgs__rosidl_typesupport_fastrtps_cpp.dir/rosidl_typesupport_fastrtps_cpp/xsens_msgs/msg/detail/dds_fastrtps/sta_nt__type_support.cpp.o[0m
[48.494s] [ 39%] [32mBuilding CXX object CMakeFiles/xsens_msgs__rosidl_typesupport_fastrtps_cpp.dir/rosidl_typesupport_fastrtps_cpp/xsens_msgs/msg/detail/dds_fastrtps/sta_ct__type_support.cpp.o[0m
[48.917s] [ 40%] [32mBuilding CXX object CMakeFiles/xsens_msgs__rosidl_typesupport_introspection_cpp.dir/rosidl_typesupport_introspection_cpp/xsens_msgs/msg/detail/config_ntrip__type_support.cpp.o[0m
[49.748s] [ 40%] [32mBuilding CXX object CMakeFiles/xsens_msgs__rosidl_typesupport_cpp.dir/rosidl_typesupport_cpp/xsens_msgs/msg/sta_ct__type_support.cpp.o[0m
[51.283s] [ 41%] [32mBuilding CXX object CMakeFiles/xsens_msgs__rosidl_typesupport_introspection_cpp.dir/rosidl_typesupport_introspection_cpp/xsens_msgs/msg/detail/sta_nt__type_support.cpp.o[0m
[51.784s] [ 42%] [32mBuilding CXX object CMakeFiles/xsens_msgs__rosidl_typesupport_cpp.dir/rosidl_typesupport_cpp/xsens_msgs/srv/rtc_mdata__type_support.cpp.o[0m
[51.828s] [ 42%] [32mBuilding CXX object CMakeFiles/xsens_msgs__rosidl_typesupport_fastrtps_cpp.dir/rosidl_typesupport_fastrtps_cpp/xsens_msgs/srv/detail/dds_fastrtps/rtc_mdata__type_support.cpp.o[0m
[51.933s] [ 43%] [32mBuilding CXX object CMakeFiles/xsens_msgs__rosidl_typesupport_introspection_cpp.dir/rosidl_typesupport_introspection_cpp/xsens_msgs/msg/detail/sta_ct__type_support.cpp.o[0m
[53.751s] [ 44%] [32mBuilding CXX object CMakeFiles/xsens_msgs__rosidl_typesupport_introspection_cpp.dir/rosidl_typesupport_introspection_cpp/xsens_msgs/srv/detail/rtc_mdata__type_support.cpp.o[0m
[54.073s] [ 45%] [32m[1mLinking CXX shared library libxsens_msgs__rosidl_typesupport_cpp.so[0m
[54.325s] [ 46%] [34m[1mGenerating C introspection for ROS interfaces[0m
[54.426s] [ 46%] Built target xsens_msgs__rosidl_typesupport_cpp
[54.529s] [ 47%] [34m[1mGenerating C type support dispatch for ROS interfaces[0m
[55.640s] [ 48%] [32m[1mLinking CXX shared library libxsens_msgs__rosidl_typesupport_fastrtps_cpp.so[0m
[55.916s] [ 49%] [32m[1mLinking CXX shared library libxsens_msgs__rosidl_typesupport_introspection_cpp.so[0m
[56.610s] [ 49%] Built target xsens_msgs__rosidl_typesupport_fastrtps_cpp
[56.695s] [ 49%] Built target xsens_msgs__rosidl_typesupport_introspection_cpp
[56.735s] [ 50%] [34m[1mGenerating C type support for eProsima Fast-RTPS[0m
[58.038s] [35m[1mScanning dependencies of target xsens_msgs__rosidl_typesupport_c[0m
[58.190s] [ 51%] [32mBuilding CXX object CMakeFiles/xsens_msgs__rosidl_typesupport_c.dir/rosidl_typesupport_c/xsens_msgs/msg/ori_oe__type_support.cpp.o[0m
[58.344s] [ 51%] [32mBuilding CXX object CMakeFiles/xsens_msgs__rosidl_typesupport_c.dir/rosidl_typesupport_c/xsens_msgs/msg/pos_pa__type_support.cpp.o[0m
[58.584s] [ 52%] [32mBuilding CXX object CMakeFiles/xsens_msgs__rosidl_typesupport_c.dir/rosidl_typesupport_c/xsens_msgs/msg/pos_pl__type_support.cpp.o[0m
[58.633s] [ 53%] [32mBuilding CXX object CMakeFiles/xsens_msgs__rosidl_typesupport_c.dir/rosidl_typesupport_c/xsens_msgs/msg/sta_sw__type_support.cpp.o[0m
[58.885s] [ 54%] [32mBuilding CXX object CMakeFiles/xsens_msgs__rosidl_typesupport_c.dir/rosidl_typesupport_c/xsens_msgs/msg/acc_aa__type_support.cpp.o[0m
[58.894s] [ 55%] [32mBuilding CXX object CMakeFiles/xsens_msgs__rosidl_typesupport_c.dir/rosidl_typesupport_c/xsens_msgs/msg/acc_af__type_support.cpp.o[0m
[58.937s] [35m[1mScanning dependencies of target xsens_msgs__rosidl_typesupport_introspection_c[0m
[59.098s] [ 56%] [32mBuilding C object CMakeFiles/xsens_msgs__rosidl_typesupport_introspection_c.dir/rosidl_typesupport_introspection_c/xsens_msgs/msg/detail/ori_oe__type_support.c.o[0m
[59.130s] [ 57%] [32mBuilding C object CMakeFiles/xsens_msgs__rosidl_typesupport_introspection_c.dir/rosidl_typesupport_introspection_c/xsens_msgs/msg/detail/pos_pa__type_support.c.o[0m
[59.139s] [ 58%] [32mBuilding CXX object CMakeFiles/xsens_msgs__rosidl_typesupport_c.dir/rosidl_typesupport_c/xsens_msgs/msg/ang_wr__type_support.cpp.o[0m
[59.364s] [ 58%] [32mBuilding CXX object CMakeFiles/xsens_msgs__rosidl_typesupport_c.dir/rosidl_typesupport_c/xsens_msgs/msg/config_xsens__type_support.cpp.o[0m
[59.383s] [ 59%] [32mBuilding CXX object CMakeFiles/xsens_msgs__rosidl_typesupport_c.dir/rosidl_typesupport_c/xsens_msgs/msg/config_ntrip__type_support.cpp.o[0m
[59.405s] [ 60%] [32mBuilding C object CMakeFiles/xsens_msgs__rosidl_typesupport_introspection_c.dir/rosidl_typesupport_introspection_c/xsens_msgs/msg/detail/pos_pl__type_support.c.o[0m
[59.625s] [ 61%] [32mBuilding CXX object CMakeFiles/xsens_msgs__rosidl_typesupport_c.dir/rosidl_typesupport_c/xsens_msgs/msg/sta_nt__type_support.cpp.o[0m
[59.629s] [ 61%] [32mBuilding C object CMakeFiles/xsens_msgs__rosidl_typesupport_introspection_c.dir/rosidl_typesupport_introspection_c/xsens_msgs/msg/detail/sta_sw__type_support.c.o[0m
[59.668s] [ 62%] [32mBuilding C object CMakeFiles/xsens_msgs__rosidl_typesupport_introspection_c.dir/rosidl_typesupport_introspection_c/xsens_msgs/msg/detail/acc_aa__type_support.c.o[0m
[59.884s] [ 63%] [32mBuilding CXX object CMakeFiles/xsens_msgs__rosidl_typesupport_c.dir/rosidl_typesupport_c/xsens_msgs/msg/sta_ct__type_support.cpp.o[0m
[59.947s] [ 64%] [32mBuilding C object CMakeFiles/xsens_msgs__rosidl_typesupport_introspection_c.dir/rosidl_typesupport_introspection_c/xsens_msgs/msg/detail/acc_af__type_support.c.o[0m
[59.974s] [ 65%] [32mBuilding C object CMakeFiles/xsens_msgs__rosidl_typesupport_introspection_c.dir/rosidl_typesupport_introspection_c/xsens_msgs/msg/detail/ang_wr__type_support.c.o[0m
[60.180s] [ 66%] [32mBuilding CXX object CMakeFiles/xsens_msgs__rosidl_typesupport_c.dir/rosidl_typesupport_c/xsens_msgs/srv/rtc_mdata__type_support.cpp.o[0m
[60.387s] [ 67%] [32mBuilding C object CMakeFiles/xsens_msgs__rosidl_typesupport_introspection_c.dir/rosidl_typesupport_introspection_c/xsens_msgs/msg/detail/config_xsens__type_support.c.o[0m
[60.536s] [ 68%] [32mBuilding C object CMakeFiles/xsens_msgs__rosidl_typesupport_introspection_c.dir/rosidl_typesupport_introspection_c/xsens_msgs/msg/detail/config_ntrip__type_support.c.o[0m
[60.554s] [ 69%] [32m[1mLinking CXX shared library libxsens_msgs__rosidl_typesupport_c.so[0m
[60.829s] [ 70%] [32mBuilding C object CMakeFiles/xsens_msgs__rosidl_typesupport_introspection_c.dir/rosidl_typesupport_introspection_c/xsens_msgs/msg/detail/sta_nt__type_support.c.o[0m
[60.855s] [ 70%] [32mBuilding C object CMakeFiles/xsens_msgs__rosidl_typesupport_introspection_c.dir/rosidl_typesupport_introspection_c/xsens_msgs/msg/detail/sta_ct__type_support.c.o[0m
[60.955s] [ 70%] Built target xsens_msgs__rosidl_typesupport_c
[61.030s] [ 71%] [32mBuilding C object CMakeFiles/xsens_msgs__rosidl_typesupport_introspection_c.dir/rosidl_typesupport_introspection_c/xsens_msgs/srv/detail/rtc_mdata__type_support.c.o[0m
[61.305s] [ 72%] [32m[1mLinking C shared library libxsens_msgs__rosidl_typesupport_introspection_c.so[0m
[61.454s] [35m[1mScanning dependencies of target xsens_msgs__rosidl_typesupport_fastrtps_c[0m
[61.537s] [ 72%] Built target xsens_msgs__rosidl_typesupport_introspection_c
[61.728s] [ 73%] [32mBuilding CXX object CMakeFiles/xsens_msgs__rosidl_typesupport_fastrtps_c.dir/rosidl_typesupport_fastrtps_c/xsens_msgs/msg/detail/ori_oe__type_support_c.cpp.o[0m
[61.730s] [ 74%] [32mBuilding CXX object CMakeFiles/xsens_msgs__rosidl_typesupport_fastrtps_c.dir/rosidl_typesupport_fastrtps_c/xsens_msgs/msg/detail/pos_pa__type_support_c.cpp.o[0m
[61.731s] [ 74%] [32mBuilding CXX object CMakeFiles/xsens_msgs__rosidl_typesupport_fastrtps_c.dir/rosidl_typesupport_fastrtps_c/xsens_msgs/msg/detail/pos_pl__type_support_c.cpp.o[0m
[61.762s] [ 75%] [32mBuilding CXX object CMakeFiles/xsens_msgs__rosidl_typesupport_fastrtps_c.dir/rosidl_typesupport_fastrtps_c/xsens_msgs/msg/detail/sta_sw__type_support_c.cpp.o[0m
[64.558s] [ 76%] [32mBuilding CXX object CMakeFiles/xsens_msgs__rosidl_typesupport_fastrtps_c.dir/rosidl_typesupport_fastrtps_c/xsens_msgs/msg/detail/acc_aa__type_support_c.cpp.o[0m
[64.665s] [ 77%] [32mBuilding CXX object CMakeFiles/xsens_msgs__rosidl_typesupport_fastrtps_c.dir/rosidl_typesupport_fastrtps_c/xsens_msgs/msg/detail/acc_af__type_support_c.cpp.o[0m
[64.857s] [ 78%] [32mBuilding CXX object CMakeFiles/xsens_msgs__rosidl_typesupport_fastrtps_c.dir/rosidl_typesupport_fastrtps_c/xsens_msgs/msg/detail/ang_wr__type_support_c.cpp.o[0m
[64.877s] [ 79%] [32mBuilding CXX object CMakeFiles/xsens_msgs__rosidl_typesupport_fastrtps_c.dir/rosidl_typesupport_fastrtps_c/xsens_msgs/msg/detail/config_xsens__type_support_c.cpp.o[0m
[67.181s] [ 79%] [32mBuilding CXX object CMakeFiles/xsens_msgs__rosidl_typesupport_fastrtps_c.dir/rosidl_typesupport_fastrtps_c/xsens_msgs/msg/detail/config_ntrip__type_support_c.cpp.o[0m
[67.472s] [ 80%] [32mBuilding CXX object CMakeFiles/xsens_msgs__rosidl_typesupport_fastrtps_c.dir/rosidl_typesupport_fastrtps_c/xsens_msgs/msg/detail/sta_nt__type_support_c.cpp.o[0m
[67.965s] [ 81%] [32mBuilding CXX object CMakeFiles/xsens_msgs__rosidl_typesupport_fastrtps_c.dir/rosidl_typesupport_fastrtps_c/xsens_msgs/msg/detail/sta_ct__type_support_c.cpp.o[0m
[68.012s] [ 82%] [32mBuilding CXX object CMakeFiles/xsens_msgs__rosidl_typesupport_fastrtps_c.dir/rosidl_typesupport_fastrtps_c/xsens_msgs/srv/detail/rtc_mdata__type_support_c.cpp.o[0m
[70.826s] [ 83%] [32m[1mLinking CXX shared library libxsens_msgs__rosidl_typesupport_fastrtps_c.so[0m
[71.303s] [ 83%] Built target xsens_msgs__rosidl_typesupport_fastrtps_c
[71.363s] [35m[1mScanning dependencies of target xsens_msgs[0m
[71.434s] [ 83%] Built target xsens_msgs
[71.497s] [35m[1mScanning dependencies of target xsens_msgs__py[0m
[71.570s] [ 84%] [34m[1mGenerating Python code for ROS interfaces[0m
[79.018s] [ 84%] Built target xsens_msgs__py
[79.077s] [35m[1mScanning dependencies of target xsens_msgs__python[0m
[79.447s] [ 85%] [32mBuilding C object CMakeFiles/xsens_msgs__python.dir/rosidl_generator_py/xsens_msgs/msg/_pos_pa_s.c.o[0m
[79.454s] [ 86%] [32mBuilding C object CMakeFiles/xsens_msgs__python.dir/rosidl_generator_py/xsens_msgs/msg/_ori_oe_s.c.o[0m
[79.457s] [ 87%] [32mBuilding C object CMakeFiles/xsens_msgs__python.dir/rosidl_generator_py/xsens_msgs/msg/_pos_pl_s.c.o[0m
[79.475s] [ 88%] [32mBuilding C object CMakeFiles/xsens_msgs__python.dir/rosidl_generator_py/xsens_msgs/msg/_sta_sw_s.c.o[0m
[80.145s] [ 89%] [32mBuilding C object CMakeFiles/xsens_msgs__python.dir/rosidl_generator_py/xsens_msgs/msg/_acc_af_s.c.o[0m
[80.152s] [ 89%] [32mBuilding C object CMakeFiles/xsens_msgs__python.dir/rosidl_generator_py/xsens_msgs/msg/_acc_aa_s.c.o[0m
[80.186s] [ 90%] [32mBuilding C object CMakeFiles/xsens_msgs__python.dir/rosidl_generator_py/xsens_msgs/msg/_ang_wr_s.c.o[0m
[80.196s] [ 91%] [32mBuilding C object CMakeFiles/xsens_msgs__python.dir/rosidl_generator_py/xsens_msgs/msg/_config_xsens_s.c.o[0m
[80.801s] [ 92%] [32mBuilding C object CMakeFiles/xsens_msgs__python.dir/rosidl_generator_py/xsens_msgs/msg/_config_ntrip_s.c.o[0m
[80.833s] [ 93%] [32mBuilding C object CMakeFiles/xsens_msgs__python.dir/rosidl_generator_py/xsens_msgs/msg/_sta_nt_s.c.o[0m
[80.902s] [ 93%] [32mBuilding C object CMakeFiles/xsens_msgs__python.dir/rosidl_generator_py/xsens_msgs/msg/_sta_ct_s.c.o[0m
[80.956s] [ 94%] [32mBuilding C object CMakeFiles/xsens_msgs__python.dir/rosidl_generator_py/xsens_msgs/srv/_rtc_mdata_s.c.o[0m
[81.612s] [ 95%] [32m[1mLinking C shared library rosidl_generator_py/xsens_msgs/libxsens_msgs__python.so[0m
[81.923s] [ 95%] Built target xsens_msgs__python
[81.988s] [35m[1mScanning dependencies of target xsens_msgs__rosidl_typesupport_c__pyext[0m
[81.989s] [35m[1mScanning dependencies of target xsens_msgs__rosidl_typesupport_introspection_c__pyext[0m
[82.006s] [35m[1mScanning dependencies of target xsens_msgs__rosidl_typesupport_fastrtps_c__pyext[0m
[82.178s] [ 95%] [32mBuilding C object CMakeFiles/xsens_msgs__rosidl_typesupport_c__pyext.dir/rosidl_generator_py/xsens_msgs/_xsens_msgs_s.ep.rosidl_typesupport_c.c.o[0m
[82.196s] [ 96%] [32mBuilding C object CMakeFiles/xsens_msgs__rosidl_typesupport_introspection_c__pyext.dir/rosidl_generator_py/xsens_msgs/_xsens_msgs_s.ep.rosidl_typesupport_introspection_c.c.o[0m
[82.245s] [ 97%] [32mBuilding C object CMakeFiles/xsens_msgs__rosidl_typesupport_fastrtps_c__pyext.dir/rosidl_generator_py/xsens_msgs/_xsens_msgs_s.ep.rosidl_typesupport_fastrtps_c.c.o[0m
[82.940s] [ 98%] [32m[1mLinking C shared library rosidl_generator_py/xsens_msgs/xsens_msgs_s__rosidl_typesupport_c.cpython-38-aarch64-linux-gnu.so[0m
[82.952s] [ 99%] [32m[1mLinking C shared library rosidl_generator_py/xsens_msgs/xsens_msgs_s__rosidl_typesupport_introspection_c.cpython-38-aarch64-linux-gnu.so[0m
[83.140s] [100%] [32m[1mLinking CXX shared library rosidl_generator_py/xsens_msgs/xsens_msgs_s__rosidl_typesupport_fastrtps_c.cpython-38-aarch64-linux-gnu.so[0m
[83.333s] [100%] Built target xsens_msgs__rosidl_typesupport_c__pyext
[83.334s] [100%] Built target xsens_msgs__rosidl_typesupport_introspection_c__pyext
[83.789s] [100%] Built target xsens_msgs__rosidl_typesupport_fastrtps_c__pyext
[83.878s] Invoked command in '/app/dev_ws/src/build/xsens_msgs' returned '0': CMAKE_PREFIX_PATH=${CMAKE_PREFIX_PATH}:/app/dev_ws/install/xsens_driver:/app/dev_ws/install/ntrip_client:/app/dev_ws/install/central:/opt/ros/foxy /usr/bin/cmake --build /app/dev_ws/src/build/xsens_msgs -- -j4 -l4
[85.608s] Invoking command in '/app/dev_ws/src/build/xsens_msgs': CMAKE_PREFIX_PATH=${CMAKE_PREFIX_PATH}:/app/dev_ws/install/xsens_driver:/app/dev_ws/install/ntrip_client:/app/dev_ws/install/central:/opt/ros/foxy /usr/bin/cmake --install /app/dev_ws/src/build/xsens_msgs
[85.655s] -- Install configuration: ""
[85.656s] -- Installing: /app/dev_ws/src/install/xsens_msgs/share/ament_index/resource_index/rosidl_interfaces/xsens_msgs
[85.658s] -- Installing: /app/dev_ws/src/install/xsens_msgs/include/xsens_msgs
[85.659s] -- Installing: /app/dev_ws/src/install/xsens_msgs/include/xsens_msgs/msg
[85.660s] -- Installing: /app/dev_ws/src/install/xsens_msgs/include/xsens_msgs/msg/config_xsens.h
[85.661s] -- Installing: /app/dev_ws/src/install/xsens_msgs/include/xsens_msgs/msg/sta_nt.h
[85.662s] -- Installing: /app/dev_ws/src/install/xsens_msgs/include/xsens_msgs/msg/config_ntrip.h
[85.663s] -- Installing: /app/dev_ws/src/install/xsens_msgs/include/xsens_msgs/msg/sta_sw.h
[85.664s] -- Installing: /app/dev_ws/src/install/xsens_msgs/include/xsens_msgs/msg/acc_aa.h
[85.665s] -- Installing: /app/dev_ws/src/install/xsens_msgs/include/xsens_msgs/msg/rosidl_generator_c__visibility_control.h
[85.666s] -- Installing: /app/dev_ws/src/install/xsens_msgs/include/xsens_msgs/msg/acc_af.h
[85.668s] -- Installing: /app/dev_ws/src/install/xsens_msgs/include/xsens_msgs/msg/sta_ct.h
[85.673s] -- Installing: /app/dev_ws/src/install/xsens_msgs/include/xsens_msgs/msg/detail
[85.673s] -- Installing: /app/dev_ws/src/install/xsens_msgs/include/xsens_msgs/msg/detail/acc_af__functions.h
[85.674s] -- Installing: /app/dev_ws/src/install/xsens_msgs/include/xsens_msgs/msg/detail/config_ntrip__functions.h
[85.675s] -- Installing: /app/dev_ws/src/install/xsens_msgs/include/xsens_msgs/msg/detail/config_ntrip__struct.h
[85.675s] -- Installing: /app/dev_ws/src/install/xsens_msgs/include/xsens_msgs/msg/detail/acc_aa__functions.h
[85.676s] -- Installing: /app/dev_ws/src/install/xsens_msgs/include/xsens_msgs/msg/detail/ang_wr__struct.h
[85.677s] -- Installing: /app/dev_ws/src/install/xsens_msgs/include/xsens_msgs/msg/detail/config_ntrip__type_support.h
[85.679s] -- Installing: /app/dev_ws/src/install/xsens_msgs/include/xsens_msgs/msg/detail/ori_oe__struct.h
[85.680s] -- Installing: /app/dev_ws/src/install/xsens_msgs/include/xsens_msgs/msg/detail/acc_aa__type_support.h
[85.681s] -- Installing: /app/dev_ws/src/install/xsens_msgs/include/xsens_msgs/msg/detail/sta_sw__functions.c
[85.682s] -- Installing: /app/dev_ws/src/install/xsens_msgs/include/xsens_msgs/msg/detail/acc_aa__struct.h
[85.683s] -- Installing: /app/dev_ws/src/install/xsens_msgs/include/xsens_msgs/msg/detail/pos_pa__type_support.h
[85.684s] -- Installing: /app/dev_ws/src/install/xsens_msgs/include/xsens_msgs/msg/detail/sta_nt__functions.h
[85.686s] -- Installing: /app/dev_ws/src/install/xsens_msgs/include/xsens_msgs/msg/detail/ori_oe__functions.c
[85.687s] -- Installing: /app/dev_ws/src/install/xsens_msgs/include/xsens_msgs/msg/detail/pos_pa__functions.h
[85.688s] -- Installing: /app/dev_ws/src/install/xsens_msgs/include/xsens_msgs/msg/detail/config_xsens__functions.c
[85.689s] -- Installing: /app/dev_ws/src/install/xsens_msgs/include/xsens_msgs/msg/detail/acc_af__functions.c
[85.690s] -- Installing: /app/dev_ws/src/install/xsens_msgs/include/xsens_msgs/msg/detail/ang_wr__functions.c
[85.692s] -- Installing: /app/dev_ws/src/install/xsens_msgs/include/xsens_msgs/msg/detail/acc_aa__functions.c
[85.693s] -- Installing: /app/dev_ws/src/install/xsens_msgs/include/xsens_msgs/msg/detail/pos_pl__type_support.h
[85.694s] -- Installing: /app/dev_ws/src/install/xsens_msgs/include/xsens_msgs/msg/detail/sta_nt__functions.c
[85.695s] -- Installing: /app/dev_ws/src/install/xsens_msgs/include/xsens_msgs/msg/detail/sta_nt__type_support.h
[85.697s] -- Installing: /app/dev_ws/src/install/xsens_msgs/include/xsens_msgs/msg/detail/config_xsens__type_support.h
[85.698s] -- Installing: /app/dev_ws/src/install/xsens_msgs/include/xsens_msgs/msg/detail/config_xsens__struct.h
[85.700s] -- Installing: /app/dev_ws/src/install/xsens_msgs/include/xsens_msgs/msg/detail/sta_ct__functions.h
[85.701s] -- Installing: /app/dev_ws/src/install/xsens_msgs/include/xsens_msgs/msg/detail/ori_oe__functions.h
[85.702s] -- Installing: /app/dev_ws/src/install/xsens_msgs/include/xsens_msgs/msg/detail/ang_wr__type_support.h
[85.704s] -- Installing: /app/dev_ws/src/install/xsens_msgs/include/xsens_msgs/msg/detail/sta_ct__type_support.h
[85.705s] -- Installing: /app/dev_ws/src/install/xsens_msgs/include/xsens_msgs/msg/detail/config_ntrip__functions.c
[85.706s] -- Installing: /app/dev_ws/src/install/xsens_msgs/include/xsens_msgs/msg/detail/sta_nt__struct.h
[85.708s] -- Installing: /app/dev_ws/src/install/xsens_msgs/include/xsens_msgs/msg/detail/pos_pa__struct.h
[85.709s] -- Installing: /app/dev_ws/src/install/xsens_msgs/include/xsens_msgs/msg/detail/config_xsens__functions.h
[85.710s] -- Installing: /app/dev_ws/src/install/xsens_msgs/include/xsens_msgs/msg/detail/sta_ct__functions.c
[85.712s] -- Installing: /app/dev_ws/src/install/xsens_msgs/include/xsens_msgs/msg/detail/acc_af__type_support.h
[85.713s] -- Installing: /app/dev_ws/src/install/xsens_msgs/include/xsens_msgs/msg/detail/sta_sw__type_support.h
[85.714s] -- Installing: /app/dev_ws/src/install/xsens_msgs/include/xsens_msgs/msg/detail/sta_sw__functions.h
[85.715s] -- Installing: /app/dev_ws/src/install/xsens_msgs/include/xsens_msgs/msg/detail/pos_pa__functions.c
[85.717s] -- Installing: /app/dev_ws/src/install/xsens_msgs/include/xsens_msgs/msg/detail/pos_pl__functions.c
[85.718s] -- Installing: /app/dev_ws/src/install/xsens_msgs/include/xsens_msgs/msg/detail/pos_pl__struct.h
[85.719s] -- Installing: /app/dev_ws/src/install/xsens_msgs/include/xsens_msgs/msg/detail/sta_ct__struct.h
[85.720s] -- Installing: /app/dev_ws/src/install/xsens_msgs/include/xsens_msgs/msg/detail/acc_af__struct.h
[85.721s] -- Installing: /app/dev_ws/src/install/xsens_msgs/include/xsens_msgs/msg/detail/pos_pl__functions.h
[85.723s] -- Installing: /app/dev_ws/src/install/xsens_msgs/include/xsens_msgs/msg/detail/sta_sw__struct.h
[85.724s] -- Installing: /app/dev_ws/src/install/xsens_msgs/include/xsens_msgs/msg/detail/ang_wr__functions.h
[85.725s] -- Installing: /app/dev_ws/src/install/xsens_msgs/include/xsens_msgs/msg/detail/ori_oe__type_support.h
[85.726s] -- Installing: /app/dev_ws/src/install/xsens_msgs/include/xsens_msgs/msg/pos_pa.h
[85.727s] -- Installing: /app/dev_ws/src/install/xsens_msgs/include/xsens_msgs/msg/pos_pl.h
[85.728s] -- Installing: /app/dev_ws/src/install/xsens_msgs/include/xsens_msgs/msg/ang_wr.h
[85.729s] -- Installing: /app/dev_ws/src/install/xsens_msgs/include/xsens_msgs/msg/ori_oe.h
[85.730s] -- Installing: /app/dev_ws/src/install/xsens_msgs/include/xsens_msgs/srv
[85.731s] -- Installing: /app/dev_ws/src/install/xsens_msgs/include/xsens_msgs/srv/detail
[85.732s] -- Installing: /app/dev_ws/src/install/xsens_msgs/include/xsens_msgs/srv/detail/rtc_mdata__functions.h
[85.733s] -- Installing: /app/dev_ws/src/install/xsens_msgs/include/xsens_msgs/srv/detail/rtc_mdata__functions.c
[85.734s] -- Installing: /app/dev_ws/src/install/xsens_msgs/include/xsens_msgs/srv/detail/rtc_mdata__struct.h
[85.735s] -- Installing: /app/dev_ws/src/install/xsens_msgs/include/xsens_msgs/srv/detail/rtc_mdata__type_support.h
[85.737s] -- Installing: /app/dev_ws/src/install/xsens_msgs/include/xsens_msgs/srv/rtc_mdata.h
[85.739s] -- Installing: /app/dev_ws/src/install/xsens_msgs/share/xsens_msgs/environment/library_path.sh
[85.741s] -- Installing: /app/dev_ws/src/install/xsens_msgs/share/xsens_msgs/environment/library_path.dsv
[85.743s] -- Installing: /app/dev_ws/src/install/xsens_msgs/lib/libxsens_msgs__rosidl_generator_c.so
[85.746s] -- Set runtime path of "/app/dev_ws/src/install/xsens_msgs/lib/libxsens_msgs__rosidl_generator_c.so" to ""
[85.746s] -- Up-to-date: /app/dev_ws/src/install/xsens_msgs/include/xsens_msgs
[85.747s] -- Up-to-date: /app/dev_ws/src/install/xsens_msgs/include/xsens_msgs/msg
[85.747s] -- Up-to-date: /app/dev_ws/src/install/xsens_msgs/include/xsens_msgs/msg/detail
[85.748s] -- Installing: /app/dev_ws/src/install/xsens_msgs/include/xsens_msgs/msg/detail/pos_pa__rosidl_typesupport_fastrtps_c.h
[85.749s] -- Installing: /app/dev_ws/src/install/xsens_msgs/include/xsens_msgs/msg/detail/acc_aa__rosidl_typesupport_fastrtps_c.h
[85.751s] -- Installing: /app/dev_ws/src/install/xsens_msgs/include/xsens_msgs/msg/detail/config_xsens__rosidl_typesupport_fastrtps_c.h
[85.752s] -- Installing: /app/dev_ws/src/install/xsens_msgs/include/xsens_msgs/msg/detail/acc_af__rosidl_typesupport_fastrtps_c.h
[85.753s] -- Installing: /app/dev_ws/src/install/xsens_msgs/include/xsens_msgs/msg/detail/sta_ct__rosidl_typesupport_fastrtps_c.h
[85.755s] -- Installing: /app/dev_ws/src/install/xsens_msgs/include/xsens_msgs/msg/detail/ang_wr__rosidl_typesupport_fastrtps_c.h
[85.756s] -- Installing: /app/dev_ws/src/install/xsens_msgs/include/xsens_msgs/msg/detail/sta_nt__rosidl_typesupport_fastrtps_c.h
[85.757s] -- Installing: /app/dev_ws/src/install/xsens_msgs/include/xsens_msgs/msg/detail/sta_sw__rosidl_typesupport_fastrtps_c.h
[85.759s] -- Installing: /app/dev_ws/src/install/xsens_msgs/include/xsens_msgs/msg/detail/ori_oe__rosidl_typesupport_fastrtps_c.h
[85.760s] -- Installing: /app/dev_ws/src/install/xsens_msgs/include/xsens_msgs/msg/detail/pos_pl__rosidl_typesupport_fastrtps_c.h
[85.761s] -- Installing: /app/dev_ws/src/install/xsens_msgs/include/xsens_msgs/msg/detail/config_ntrip__rosidl_typesupport_fastrtps_c.h
[85.763s] -- Installing: /app/dev_ws/src/install/xsens_msgs/include/xsens_msgs/msg/rosidl_typesupport_fastrtps_c__visibility_control.h
[85.764s] -- Up-to-date: /app/dev_ws/src/install/xsens_msgs/include/xsens_msgs/srv
[85.765s] -- Up-to-date: /app/dev_ws/src/install/xsens_msgs/include/xsens_msgs/srv/detail
[85.765s] -- Installing: /app/dev_ws/src/install/xsens_msgs/include/xsens_msgs/srv/detail/rtc_mdata__rosidl_typesupport_fastrtps_c.h
[85.767s] -- Installing: /app/dev_ws/src/install/xsens_msgs/lib/libxsens_msgs__rosidl_typesupport_fastrtps_c.so
[85.772s] -- Set runtime path of "/app/dev_ws/src/install/xsens_msgs/lib/libxsens_msgs__rosidl_typesupport_fastrtps_c.so" to ""
[85.773s] -- Up-to-date: /app/dev_ws/src/install/xsens_msgs/include/xsens_msgs
[85.773s] -- Up-to-date: /app/dev_ws/src/install/xsens_msgs/include/xsens_msgs/msg
[85.774s] -- Up-to-date: /app/dev_ws/src/install/xsens_msgs/include/xsens_msgs/msg/detail
[85.775s] -- Installing: /app/dev_ws/src/install/xsens_msgs/include/xsens_msgs/msg/detail/acc_af__rosidl_typesupport_fastrtps_cpp.hpp
[85.775s] -- Installing: /app/dev_ws/src/install/xsens_msgs/include/xsens_msgs/msg/detail/sta_ct__rosidl_typesupport_fastrtps_cpp.hpp
[85.777s] -- Installing: /app/dev_ws/src/install/xsens_msgs/include/xsens_msgs/msg/detail/sta_nt__rosidl_typesupport_fastrtps_cpp.hpp
[85.779s] -- Installing: /app/dev_ws/src/install/xsens_msgs/include/xsens_msgs/msg/detail/ang_wr__rosidl_typesupport_fastrtps_cpp.hpp
[85.782s] -- Installing: /app/dev_ws/src/install/xsens_msgs/include/xsens_msgs/msg/detail/pos_pa__rosidl_typesupport_fastrtps_cpp.hpp
[85.783s] -- Installing: /app/dev_ws/src/install/xsens_msgs/include/xsens_msgs/msg/detail/acc_aa__rosidl_typesupport_fastrtps_cpp.hpp
[85.784s] -- Installing: /app/dev_ws/src/install/xsens_msgs/include/xsens_msgs/msg/detail/config_xsens__rosidl_typesupport_fastrtps_cpp.hpp
[85.788s] -- Installing: /app/dev_ws/src/install/xsens_msgs/include/xsens_msgs/msg/detail/config_ntrip__rosidl_typesupport_fastrtps_cpp.hpp
[85.789s] -- Installing: /app/dev_ws/src/install/xsens_msgs/include/xsens_msgs/msg/detail/pos_pl__rosidl_typesupport_fastrtps_cpp.hpp
[85.789s] -- Installing: /app/dev_ws/src/install/xsens_msgs/include/xsens_msgs/msg/detail/ori_oe__rosidl_typesupport_fastrtps_cpp.hpp
[85.790s] -- Installing: /app/dev_ws/src/install/xsens_msgs/include/xsens_msgs/msg/detail/dds_fastrtps
[85.790s] -- Installing: /app/dev_ws/src/install/xsens_msgs/include/xsens_msgs/msg/detail/sta_sw__rosidl_typesupport_fastrtps_cpp.hpp
[85.792s] -- Installing: /app/dev_ws/src/install/xsens_msgs/include/xsens_msgs/msg/rosidl_typesupport_fastrtps_cpp__visibility_control.h
[85.793s] -- Up-to-date: /app/dev_ws/src/install/xsens_msgs/include/xsens_msgs/srv
[85.794s] -- Up-to-date: /app/dev_ws/src/install/xsens_msgs/include/xsens_msgs/srv/detail
[85.794s] -- Installing: /app/dev_ws/src/install/xsens_msgs/include/xsens_msgs/srv/detail/rtc_mdata__rosidl_typesupport_fastrtps_cpp.hpp
[85.796s] -- Installing: /app/dev_ws/src/install/xsens_msgs/include/xsens_msgs/srv/detail/dds_fastrtps
[85.797s] -- Installing: /app/dev_ws/src/install/xsens_msgs/lib/libxsens_msgs__rosidl_typesupport_fastrtps_cpp.so
[85.801s] -- Set runtime path of "/app/dev_ws/src/install/xsens_msgs/lib/libxsens_msgs__rosidl_typesupport_fastrtps_cpp.so" to ""
[85.802s] -- Up-to-date: /app/dev_ws/src/install/xsens_msgs/include/xsens_msgs
[85.802s] -- Up-to-date: /app/dev_ws/src/install/xsens_msgs/include/xsens_msgs/msg
[85.810s] -- Installing: /app/dev_ws/src/install/xsens_msgs/include/xsens_msgs/msg/rosidl_typesupport_introspection_c__visibility_control.h
[85.811s] -- Up-to-date: /app/dev_ws/src/install/xsens_msgs/include/xsens_msgs/msg/detail
[85.811s] -- Installing: /app/dev_ws/src/install/xsens_msgs/include/xsens_msgs/msg/detail/ori_oe__type_support.c
[85.812s] -- Installing: /app/dev_ws/src/install/xsens_msgs/include/xsens_msgs/msg/detail/sta_nt__type_support.c
[85.812s] -- Installing: /app/dev_ws/src/install/xsens_msgs/include/xsens_msgs/msg/detail/ori_oe__rosidl_typesupport_introspection_c.h
[85.813s] -- Installing: /app/dev_ws/src/install/xsens_msgs/include/xsens_msgs/msg/detail/pos_pl__type_support.c
[85.813s] -- Installing: /app/dev_ws/src/install/xsens_msgs/include/xsens_msgs/msg/detail/acc_aa__type_support.c
[85.813s] -- Installing: /app/dev_ws/src/install/xsens_msgs/include/xsens_msgs/msg/detail/acc_af__type_support.c
[85.814s] -- Installing: /app/dev_ws/src/install/xsens_msgs/include/xsens_msgs/msg/detail/config_ntrip__rosidl_typesupport_introspection_c.h
[85.815s] -- Installing: /app/dev_ws/src/install/xsens_msgs/include/xsens_msgs/msg/detail/acc_af__rosidl_typesupport_introspection_c.h
[85.816s] -- Installing: /app/dev_ws/src/install/xsens_msgs/include/xsens_msgs/msg/detail/ang_wr__type_support.c
[85.817s] -- Installing: /app/dev_ws/src/install/xsens_msgs/include/xsens_msgs/msg/detail/ang_wr__rosidl_typesupport_introspection_c.h
[85.819s] -- Installing: /app/dev_ws/src/install/xsens_msgs/include/xsens_msgs/msg/detail/sta_ct__rosidl_typesupport_introspection_c.h
[85.820s] -- Installing: /app/dev_ws/src/install/xsens_msgs/include/xsens_msgs/msg/detail/config_xsens__type_support.c
[85.821s] -- Installing: /app/dev_ws/src/install/xsens_msgs/include/xsens_msgs/msg/detail/config_xsens__rosidl_typesupport_introspection_c.h
[85.823s] -- Installing: /app/dev_ws/src/install/xsens_msgs/include/xsens_msgs/msg/detail/pos_pa__rosidl_typesupport_introspection_c.h
[85.824s] -- Installing: /app/dev_ws/src/install/xsens_msgs/include/xsens_msgs/msg/detail/pos_pl__rosidl_typesupport_introspection_c.h
[85.825s] -- Installing: /app/dev_ws/src/install/xsens_msgs/include/xsens_msgs/msg/detail/sta_sw__rosidl_typesupport_introspection_c.h
[85.827s] -- Installing: /app/dev_ws/src/install/xsens_msgs/include/xsens_msgs/msg/detail/sta_nt__rosidl_typesupport_introspection_c.h
[85.828s] -- Installing: /app/dev_ws/src/install/xsens_msgs/include/xsens_msgs/msg/detail/pos_pa__type_support.c
[85.829s] -- Installing: /app/dev_ws/src/install/xsens_msgs/include/xsens_msgs/msg/detail/sta_sw__type_support.c
[85.831s] -- Installing: /app/dev_ws/src/install/xsens_msgs/include/xsens_msgs/msg/detail/config_ntrip__type_support.c
[85.832s] -- Installing: /app/dev_ws/src/install/xsens_msgs/include/xsens_msgs/msg/detail/sta_ct__type_support.c
[85.833s] -- Installing: /app/dev_ws/src/install/xsens_msgs/include/xsens_msgs/msg/detail/acc_aa__rosidl_typesupport_introspection_c.h
[85.834s] -- Up-to-date: /app/dev_ws/src/install/xsens_msgs/include/xsens_msgs/srv
[85.835s] -- Up-to-date: /app/dev_ws/src/install/xsens_msgs/include/xsens_msgs/srv/detail
[85.835s] -- Installing: /app/dev_ws/src/install/xsens_msgs/include/xsens_msgs/srv/detail/rtc_mdata__rosidl_typesupport_introspection_c.h
[85.837s] -- Installing: /app/dev_ws/src/install/xsens_msgs/include/xsens_msgs/srv/detail/rtc_mdata__type_support.c
[85.839s] -- Installing: /app/dev_ws/src/install/xsens_msgs/lib/libxsens_msgs__rosidl_typesupport_introspection_c.so
[85.842s] -- Set runtime path of "/app/dev_ws/src/install/xsens_msgs/lib/libxsens_msgs__rosidl_typesupport_introspection_c.so" to ""
[85.843s] -- Installing: /app/dev_ws/src/install/xsens_msgs/lib/libxsens_msgs__rosidl_typesupport_c.so
[85.846s] -- Set runtime path of "/app/dev_ws/src/install/xsens_msgs/lib/libxsens_msgs__rosidl_typesupport_c.so" to ""
[85.847s] -- Up-to-date: /app/dev_ws/src/install/xsens_msgs/include/xsens_msgs
[85.847s] -- Up-to-date: /app/dev_ws/src/install/xsens_msgs/include/xsens_msgs/msg
[85.848s] -- Installing: /app/dev_ws/src/install/xsens_msgs/include/xsens_msgs/msg/sta_sw.hpp
[85.849s] -- Installing: /app/dev_ws/src/install/xsens_msgs/include/xsens_msgs/msg/ori_oe.hpp
[85.850s] -- Installing: /app/dev_ws/src/install/xsens_msgs/include/xsens_msgs/msg/pos_pa.hpp
[85.851s] -- Installing: /app/dev_ws/src/install/xsens_msgs/include/xsens_msgs/msg/acc_af.hpp
[85.852s] -- Installing: /app/dev_ws/src/install/xsens_msgs/include/xsens_msgs/msg/sta_nt.hpp
[85.853s] -- Installing: /app/dev_ws/src/install/xsens_msgs/include/xsens_msgs/msg/acc_aa.hpp
[85.854s] -- Installing: /app/dev_ws/src/install/xsens_msgs/include/xsens_msgs/msg/config_ntrip.hpp
[85.856s] -- Installing: /app/dev_ws/src/install/xsens_msgs/include/xsens_msgs/msg/config_xsens.hpp
[85.857s] -- Installing: /app/dev_ws/src/install/xsens_msgs/include/xsens_msgs/msg/sta_ct.hpp
[85.858s] -- Up-to-date: /app/dev_ws/src/install/xsens_msgs/include/xsens_msgs/msg/detail
[85.858s] -- Installing: /app/dev_ws/src/install/xsens_msgs/include/xsens_msgs/msg/detail/pos_pa__builder.hpp
[85.860s] -- Installing: /app/dev_ws/src/install/xsens_msgs/include/xsens_msgs/msg/detail/pos_pl__struct.hpp
[85.861s] -- Installing: /app/dev_ws/src/install/xsens_msgs/include/xsens_msgs/msg/detail/sta_ct__traits.hpp
[85.862s] -- Installing: /app/dev_ws/src/install/xsens_msgs/include/xsens_msgs/msg/detail/pos_pa__struct.hpp
[85.863s] -- Installing: /app/dev_ws/src/install/xsens_msgs/include/xsens_msgs/msg/detail/ang_wr__traits.hpp
[85.865s] -- Installing: /app/dev_ws/src/install/xsens_msgs/include/xsens_msgs/msg/detail/ori_oe__builder.hpp
[85.866s] -- Installing: /app/dev_ws/src/install/xsens_msgs/include/xsens_msgs/msg/detail/sta_nt__traits.hpp
[85.867s] -- Installing: /app/dev_ws/src/install/xsens_msgs/include/xsens_msgs/msg/detail/sta_nt__builder.hpp
[85.870s] -- Installing: /app/dev_ws/src/install/xsens_msgs/include/xsens_msgs/msg/detail/config_xsens__struct.hpp
[85.871s] -- Installing: /app/dev_ws/src/install/xsens_msgs/include/xsens_msgs/msg/detail/config_xsens__builder.hpp
[85.873s] -- Installing: /app/dev_ws/src/install/xsens_msgs/include/xsens_msgs/msg/detail/config_ntrip__traits.hpp
[85.873s] -- Installing: /app/dev_ws/src/install/xsens_msgs/include/xsens_msgs/msg/detail/pos_pl__builder.hpp
[85.875s] -- Installing: /app/dev_ws/src/install/xsens_msgs/include/xsens_msgs/msg/detail/config_ntrip__struct.hpp
[85.877s] -- Installing: /app/dev_ws/src/install/xsens_msgs/include/xsens_msgs/msg/detail/sta_ct__struct.hpp
[85.878s] -- Installing: /app/dev_ws/src/install/xsens_msgs/include/xsens_msgs/msg/detail/ang_wr__builder.hpp
[85.879s] -- Installing: /app/dev_ws/src/install/xsens_msgs/include/xsens_msgs/msg/detail/ori_oe__traits.hpp
[85.880s] -- Installing: /app/dev_ws/src/install/xsens_msgs/include/xsens_msgs/msg/detail/acc_af__builder.hpp
[85.881s] -- Installing: /app/dev_ws/src/install/xsens_msgs/include/xsens_msgs/msg/detail/sta_ct__builder.hpp
[85.882s] -- Installing: /app/dev_ws/src/install/xsens_msgs/include/xsens_msgs/msg/detail/ang_wr__struct.hpp
[85.884s] -- Installing: /app/dev_ws/src/install/xsens_msgs/include/xsens_msgs/msg/detail/sta_sw__traits.hpp
[85.885s] -- Installing: /app/dev_ws/src/install/xsens_msgs/include/xsens_msgs/msg/detail/ori_oe__struct.hpp
[85.886s] -- Installing: /app/dev_ws/src/install/xsens_msgs/include/xsens_msgs/msg/detail/config_xsens__traits.hpp
[85.887s] -- Installing: /app/dev_ws/src/install/xsens_msgs/include/xsens_msgs/msg/detail/acc_aa__builder.hpp
[85.889s] -- Installing: /app/dev_ws/src/install/xsens_msgs/include/xsens_msgs/msg/detail/sta_sw__struct.hpp
[85.890s] -- Installing: /app/dev_ws/src/install/xsens_msgs/include/xsens_msgs/msg/detail/pos_pl__traits.hpp
[85.891s] -- Installing: /app/dev_ws/src/install/xsens_msgs/include/xsens_msgs/msg/detail/sta_nt__struct.hpp
[85.893s] -- Installing: /app/dev_ws/src/install/xsens_msgs/include/xsens_msgs/msg/detail/acc_af__traits.hpp
[85.894s] -- Installing: /app/dev_ws/src/install/xsens_msgs/include/xsens_msgs/msg/detail/config_ntrip__builder.hpp
[85.895s] -- Installing: /app/dev_ws/src/install/xsens_msgs/include/xsens_msgs/msg/detail/sta_sw__builder.hpp
[85.896s] -- Installing: /app/dev_ws/src/install/xsens_msgs/include/xsens_msgs/msg/detail/pos_pa__traits.hpp
[85.898s] -- Installing: /app/dev_ws/src/install/xsens_msgs/include/xsens_msgs/msg/detail/acc_aa__traits.hpp
[85.900s] -- Installing: /app/dev_ws/src/install/xsens_msgs/include/xsens_msgs/msg/detail/acc_af__struct.hpp
[85.901s] -- Installing: /app/dev_ws/src/install/xsens_msgs/include/xsens_msgs/msg/detail/acc_aa__struct.hpp
[85.902s] -- Installing: /app/dev_ws/src/install/xsens_msgs/include/xsens_msgs/msg/pos_pl.hpp
[85.903s] -- Installing: /app/dev_ws/src/install/xsens_msgs/include/xsens_msgs/msg/ang_wr.hpp
[85.911s] -- Up-to-date: /app/dev_ws/src/install/xsens_msgs/include/xsens_msgs/srv
[85.912s] -- Installing: /app/dev_ws/src/install/xsens_msgs/include/xsens_msgs/srv/rtc_mdata.hpp
[85.912s] -- Up-to-date: /app/dev_ws/src/install/xsens_msgs/include/xsens_msgs/srv/detail
[85.913s] -- Installing: /app/dev_ws/src/install/xsens_msgs/include/xsens_msgs/srv/detail/rtc_mdata__builder.hpp
[85.913s] -- Installing: /app/dev_ws/src/install/xsens_msgs/include/xsens_msgs/srv/detail/rtc_mdata__traits.hpp
[85.914s] -- Installing: /app/dev_ws/src/install/xsens_msgs/include/xsens_msgs/srv/detail/rtc_mdata__struct.hpp
[85.914s] -- Up-to-date: /app/dev_ws/src/install/xsens_msgs/include/xsens_msgs
[85.914s] -- Up-to-date: /app/dev_ws/src/install/xsens_msgs/include/xsens_msgs/msg
[85.915s] -- Up-to-date: /app/dev_ws/src/install/xsens_msgs/include/xsens_msgs/msg/detail
[85.915s] -- Installing: /app/dev_ws/src/install/xsens_msgs/include/xsens_msgs/msg/detail/sta_sw__rosidl_typesupport_introspection_cpp.hpp
[85.915s] -- Installing: /app/dev_ws/src/install/xsens_msgs/include/xsens_msgs/msg/detail/sta_nt__rosidl_typesupport_introspection_cpp.hpp
[85.916s] -- Installing: /app/dev_ws/src/install/xsens_msgs/include/xsens_msgs/msg/detail/sta_sw__type_support.cpp
[85.916s] -- Installing: /app/dev_ws/src/install/xsens_msgs/include/xsens_msgs/msg/detail/ang_wr__type_support.cpp
[85.917s] -- Installing: /app/dev_ws/src/install/xsens_msgs/include/xsens_msgs/msg/detail/acc_af__type_support.cpp
[85.919s] -- Installing: /app/dev_ws/src/install/xsens_msgs/include/xsens_msgs/msg/detail/pos_pl__type_support.cpp
[85.920s] -- Installing: /app/dev_ws/src/install/xsens_msgs/include/xsens_msgs/msg/detail/config_ntrip__type_support.cpp
[85.921s] -- Installing: /app/dev_ws/src/install/xsens_msgs/include/xsens_msgs/msg/detail/ori_oe__type_support.cpp
[85.923s] -- Installing: /app/dev_ws/src/install/xsens_msgs/include/xsens_msgs/msg/detail/pos_pa__rosidl_typesupport_introspection_cpp.hpp
[85.924s] -- Installing: /app/dev_ws/src/install/xsens_msgs/include/xsens_msgs/msg/detail/ang_wr__rosidl_typesupport_introspection_cpp.hpp
[85.926s] -- Installing: /app/dev_ws/src/install/xsens_msgs/include/xsens_msgs/msg/detail/config_xsens__type_support.cpp
[85.927s] -- Installing: /app/dev_ws/src/install/xsens_msgs/include/xsens_msgs/msg/detail/acc_af__rosidl_typesupport_introspection_cpp.hpp
[85.929s] -- Installing: /app/dev_ws/src/install/xsens_msgs/include/xsens_msgs/msg/detail/pos_pa__type_support.cpp
[85.930s] -- Installing: /app/dev_ws/src/install/xsens_msgs/include/xsens_msgs/msg/detail/sta_ct__rosidl_typesupport_introspection_cpp.hpp
[85.931s] -- Installing: /app/dev_ws/src/install/xsens_msgs/include/xsens_msgs/msg/detail/pos_pl__rosidl_typesupport_introspection_cpp.hpp
[85.933s] -- Installing: /app/dev_ws/src/install/xsens_msgs/include/xsens_msgs/msg/detail/sta_ct__type_support.cpp
[85.934s] -- Installing: /app/dev_ws/src/install/xsens_msgs/include/xsens_msgs/msg/detail/sta_nt__type_support.cpp
[85.935s] -- Installing: /app/dev_ws/src/install/xsens_msgs/include/xsens_msgs/msg/detail/acc_aa__type_support.cpp
[85.937s] -- Installing: /app/dev_ws/src/install/xsens_msgs/include/xsens_msgs/msg/detail/acc_aa__rosidl_typesupport_introspection_cpp.hpp
[85.938s] -- Installing: /app/dev_ws/src/install/xsens_msgs/include/xsens_msgs/msg/detail/config_xsens__rosidl_typesupport_introspection_cpp.hpp
[85.940s] -- Installing: /app/dev_ws/src/install/xsens_msgs/include/xsens_msgs/msg/detail/ori_oe__rosidl_typesupport_introspection_cpp.hpp
[85.941s] -- Installing: /app/dev_ws/src/install/xsens_msgs/include/xsens_msgs/msg/detail/config_ntrip__rosidl_typesupport_introspection_cpp.hpp
[85.942s] -- Up-to-date: /app/dev_ws/src/install/xsens_msgs/include/xsens_msgs/srv
[85.943s] -- Up-to-date: /app/dev_ws/src/install/xsens_msgs/include/xsens_msgs/srv/detail
[85.943s] -- Installing: /app/dev_ws/src/install/xsens_msgs/include/xsens_msgs/srv/detail/rtc_mdata__type_support.cpp
[85.945s] -- Installing: /app/dev_ws/src/install/xsens_msgs/include/xsens_msgs/srv/detail/rtc_mdata__rosidl_typesupport_introspection_cpp.hpp
[85.947s] -- Installing: /app/dev_ws/src/install/xsens_msgs/lib/libxsens_msgs__rosidl_typesupport_introspection_cpp.so
[85.951s] -- Set runtime path of "/app/dev_ws/src/install/xsens_msgs/lib/libxsens_msgs__rosidl_typesupport_introspection_cpp.so" to ""
[85.952s] -- Installing: /app/dev_ws/src/install/xsens_msgs/lib/libxsens_msgs__rosidl_typesupport_cpp.so
[85.955s] -- Set runtime path of "/app/dev_ws/src/install/xsens_msgs/lib/libxsens_msgs__rosidl_typesupport_cpp.so" to ""
[85.956s] -- Installing: /app/dev_ws/src/install/xsens_msgs/share/xsens_msgs/environment/pythonpath.sh
[85.957s] -- Installing: /app/dev_ws/src/install/xsens_msgs/share/xsens_msgs/environment/pythonpath.dsv
[85.959s] -- Installing: /app/dev_ws/src/install/xsens_msgs/lib/python3.8/site-packages/xsens_msgs/__init__.py
[86.237s] Compiling '/app/dev_ws/src/install/xsens_msgs/lib/python3.8/site-packages/xsens_msgs/__init__.py'...
[86.264s] -- Installing: /app/dev_ws/src/install/xsens_msgs/lib/python3.8/site-packages/xsens_msgs/msg
[86.274s] -- Installing: /app/dev_ws/src/install/xsens_msgs/lib/python3.8/site-packages/xsens_msgs/msg/_acc_af_s.c
[86.276s] -- Installing: /app/dev_ws/src/install/xsens_msgs/lib/python3.8/site-packages/xsens_msgs/msg/_config_xsens.py
[86.277s] -- Installing: /app/dev_ws/src/install/xsens_msgs/lib/python3.8/site-packages/xsens_msgs/msg/_sta_sw_s.c
[86.277s] -- Installing: /app/dev_ws/src/install/xsens_msgs/lib/python3.8/site-packages/xsens_msgs/msg/_ori_oe.py
[86.278s] -- Installing: /app/dev_ws/src/install/xsens_msgs/lib/python3.8/site-packages/xsens_msgs/msg/_pos_pl_s.c
[86.279s] -- Installing: /app/dev_ws/src/install/xsens_msgs/lib/python3.8/site-packages/xsens_msgs/msg/_ori_oe_s.c
[86.280s] -- Installing: /app/dev_ws/src/install/xsens_msgs/lib/python3.8/site-packages/xsens_msgs/msg/_sta_nt_s.c
[86.282s] -- Installing: /app/dev_ws/src/install/xsens_msgs/lib/python3.8/site-packages/xsens_msgs/msg/_pos_pa_s.c
[86.285s] -- Installing: /app/dev_ws/src/install/xsens_msgs/lib/python3.8/site-packages/xsens_msgs/msg/_ang_wr.py
[86.287s] -- Installing: /app/dev_ws/src/install/xsens_msgs/lib/python3.8/site-packages/xsens_msgs/msg/_sta_sw.py
[86.289s] -- Installing: /app/dev_ws/src/install/xsens_msgs/lib/python3.8/site-packages/xsens_msgs/msg/_acc_aa.py
[86.290s] -- Installing: /app/dev_ws/src/install/xsens_msgs/lib/python3.8/site-packages/xsens_msgs/msg/_pos_pa.py
[86.292s] -- Installing: /app/dev_ws/src/install/xsens_msgs/lib/python3.8/site-packages/xsens_msgs/msg/_sta_nt.py
[86.293s] -- Installing: /app/dev_ws/src/install/xsens_msgs/lib/python3.8/site-packages/xsens_msgs/msg/_sta_ct_s.c
[86.296s] -- Installing: /app/dev_ws/src/install/xsens_msgs/lib/python3.8/site-packages/xsens_msgs/msg/_pos_pl.py
[86.299s] -- Installing: /app/dev_ws/src/install/xsens_msgs/lib/python3.8/site-packages/xsens_msgs/msg/_config_ntrip_s.c
[86.304s] -- Installing: /app/dev_ws/src/install/xsens_msgs/lib/python3.8/site-packages/xsens_msgs/msg/_sta_ct.py
[86.324s] -- Installing: /app/dev_ws/src/install/xsens_msgs/lib/python3.8/site-packages/xsens_msgs/msg/_ang_wr_s.c
[86.325s] -- Installing: /app/dev_ws/src/install/xsens_msgs/lib/python3.8/site-packages/xsens_msgs/msg/_config_ntrip.py
[86.326s] -- Installing: /app/dev_ws/src/install/xsens_msgs/lib/python3.8/site-packages/xsens_msgs/msg/__init__.py
[86.326s] -- Installing: /app/dev_ws/src/install/xsens_msgs/lib/python3.8/site-packages/xsens_msgs/msg/_config_xsens_s.c
[86.327s] -- Installing: /app/dev_ws/src/install/xsens_msgs/lib/python3.8/site-packages/xsens_msgs/msg/_acc_af.py
[86.328s] -- Installing: /app/dev_ws/src/install/xsens_msgs/lib/python3.8/site-packages/xsens_msgs/msg/_acc_aa_s.c
[86.329s] -- Installing: /app/dev_ws/src/install/xsens_msgs/lib/python3.8/site-packages/xsens_msgs/srv
[86.329s] -- Installing: /app/dev_ws/src/install/xsens_msgs/lib/python3.8/site-packages/xsens_msgs/srv/_rtc_mdata.py
[86.339s] -- Installing: /app/dev_ws/src/install/xsens_msgs/lib/python3.8/site-packages/xsens_msgs/srv/_rtc_mdata_s.c
[86.340s] -- Installing: /app/dev_ws/src/install/xsens_msgs/lib/python3.8/site-packages/xsens_msgs/srv/__init__.py
[86.341s] -- Installing: /app/dev_ws/src/install/xsens_msgs/lib/python3.8/site-packages/xsens_msgs/xsens_msgs_s__rosidl_typesupport_fastrtps_c.cpython-38-aarch64-linux-gnu.so
[86.341s] -- Set runtime path of "/app/dev_ws/src/install/xsens_msgs/lib/python3.8/site-packages/xsens_msgs/xsens_msgs_s__rosidl_typesupport_fastrtps_c.cpython-38-aarch64-linux-gnu.so" to ""
[86.344s] -- Installing: /app/dev_ws/src/install/xsens_msgs/lib/python3.8/site-packages/xsens_msgs/xsens_msgs_s__rosidl_typesupport_introspection_c.cpython-38-aarch64-linux-gnu.so
[86.349s] -- Set runtime path of "/app/dev_ws/src/install/xsens_msgs/lib/python3.8/site-packages/xsens_msgs/xsens_msgs_s__rosidl_typesupport_introspection_c.cpython-38-aarch64-linux-gnu.so" to ""
[86.350s] -- Installing: /app/dev_ws/src/install/xsens_msgs/lib/python3.8/site-packages/xsens_msgs/xsens_msgs_s__rosidl_typesupport_c.cpython-38-aarch64-linux-gnu.so
[86.355s] -- Set runtime path of "/app/dev_ws/src/install/xsens_msgs/lib/python3.8/site-packages/xsens_msgs/xsens_msgs_s__rosidl_typesupport_c.cpython-38-aarch64-linux-gnu.so" to ""
[86.356s] -- Installing: /app/dev_ws/src/install/xsens_msgs/lib/libxsens_msgs__python.so
[86.360s] -- Set runtime path of "/app/dev_ws/src/install/xsens_msgs/lib/libxsens_msgs__python.so" to ""
[86.362s] -- Installing: /app/dev_ws/src/install/xsens_msgs/share/xsens_msgs/msg/OriOE.idl
[86.366s] -- Installing: /app/dev_ws/src/install/xsens_msgs/share/xsens_msgs/msg/PosPA.idl
[86.369s] -- Installing: /app/dev_ws/src/install/xsens_msgs/share/xsens_msgs/msg/PosPL.idl
[86.373s] -- Installing: /app/dev_ws/src/install/xsens_msgs/share/xsens_msgs/msg/StaSW.idl
[86.376s] -- Installing: /app/dev_ws/src/install/xsens_msgs/share/xsens_msgs/msg/AccAA.idl
[86.379s] -- Installing: /app/dev_ws/src/install/xsens_msgs/share/xsens_msgs/msg/AccAF.idl
[86.381s] -- Installing: /app/dev_ws/src/install/xsens_msgs/share/xsens_msgs/msg/AngWR.idl
[86.386s] -- Installing: /app/dev_ws/src/install/xsens_msgs/share/xsens_msgs/msg/ConfigXsens.idl
[86.388s] -- Installing: /app/dev_ws/src/install/xsens_msgs/share/xsens_msgs/msg/ConfigNtrip.idl
[86.389s] -- Installing: /app/dev_ws/src/install/xsens_msgs/share/xsens_msgs/msg/StaNT.idl
[86.397s] -- Installing: /app/dev_ws/src/install/xsens_msgs/share/xsens_msgs/msg/StaCT.idl
[86.398s] -- Installing: /app/dev_ws/src/install/xsens_msgs/share/xsens_msgs/srv/RTCMdata.idl
[86.398s] -- Installing: /app/dev_ws/src/install/xsens_msgs/share/xsens_msgs/msg/OriOE.msg
[86.399s] -- Installing: /app/dev_ws/src/install/xsens_msgs/share/xsens_msgs/msg/PosPA.msg
[86.401s] -- Installing: /app/dev_ws/src/install/xsens_msgs/share/xsens_msgs/msg/PosPL.msg
[86.403s] -- Installing: /app/dev_ws/src/install/xsens_msgs/share/xsens_msgs/msg/StaSW.msg
[86.405s] -- Installing: /app/dev_ws/src/install/xsens_msgs/share/xsens_msgs/msg/AccAA.msg
[86.409s] -- Installing: /app/dev_ws/src/install/xsens_msgs/share/xsens_msgs/msg/AccAF.msg
[86.411s] -- Installing: /app/dev_ws/src/install/xsens_msgs/share/xsens_msgs/msg/AngWR.msg
[86.413s] -- Installing: /app/dev_ws/src/install/xsens_msgs/share/xsens_msgs/msg/ConfigXsens.msg
[86.414s] -- Installing: /app/dev_ws/src/install/xsens_msgs/share/xsens_msgs/msg/ConfigNtrip.msg
[86.416s] -- Installing: /app/dev_ws/src/install/xsens_msgs/share/xsens_msgs/msg/StaNT.msg
[86.418s] -- Installing: /app/dev_ws/src/install/xsens_msgs/share/xsens_msgs/msg/StaCT.msg
[86.420s] -- Installing: /app/dev_ws/src/install/xsens_msgs/share/xsens_msgs/srv/RTCMdata.srv
[86.421s] -- Installing: /app/dev_ws/src/install/xsens_msgs/share/xsens_msgs/srv/RTCMdata_Request.msg
[86.423s] -- Installing: /app/dev_ws/src/install/xsens_msgs/share/xsens_msgs/srv/RTCMdata_Response.msg
[86.426s] -- Installing: /app/dev_ws/src/install/xsens_msgs/share/ament_index/resource_index/package_run_dependencies/xsens_msgs
[86.428s] -- Installing: /app/dev_ws/src/install/xsens_msgs/share/ament_index/resource_index/parent_prefix_path/xsens_msgs
[86.431s] -- Installing: /app/dev_ws/src/install/xsens_msgs/share/xsens_msgs/environment/ament_prefix_path.sh
[86.433s] -- Installing: /app/dev_ws/src/install/xsens_msgs/share/xsens_msgs/environment/ament_prefix_path.dsv
[86.434s] -- Installing: /app/dev_ws/src/install/xsens_msgs/share/xsens_msgs/environment/path.sh
[86.436s] -- Installing: /app/dev_ws/src/install/xsens_msgs/share/xsens_msgs/environment/path.dsv
[86.437s] -- Installing: /app/dev_ws/src/install/xsens_msgs/share/xsens_msgs/local_setup.bash
[86.439s] -- Installing: /app/dev_ws/src/install/xsens_msgs/share/xsens_msgs/local_setup.sh
[86.440s] -- Installing: /app/dev_ws/src/install/xsens_msgs/share/xsens_msgs/local_setup.zsh
[86.442s] -- Installing: /app/dev_ws/src/install/xsens_msgs/share/xsens_msgs/local_setup.dsv
[86.444s] -- Installing: /app/dev_ws/src/install/xsens_msgs/share/xsens_msgs/package.dsv
[86.446s] -- Installing: /app/dev_ws/src/install/xsens_msgs/share/ament_index/resource_index/packages/xsens_msgs
[86.448s] -- Installing: /app/dev_ws/src/install/xsens_msgs/share/xsens_msgs/cmake/xsens_msgs__rosidl_generator_cExport.cmake
[86.450s] -- Installing: /app/dev_ws/src/install/xsens_msgs/share/xsens_msgs/cmake/xsens_msgs__rosidl_generator_cExport-noconfig.cmake
[86.452s] -- Installing: /app/dev_ws/src/install/xsens_msgs/share/xsens_msgs/cmake/xsens_msgs__rosidl_typesupport_introspection_cExport.cmake
[86.457s] -- Installing: /app/dev_ws/src/install/xsens_msgs/share/xsens_msgs/cmake/xsens_msgs__rosidl_typesupport_introspection_cExport-noconfig.cmake
[86.461s] -- Installing: /app/dev_ws/src/install/xsens_msgs/share/xsens_msgs/cmake/xsens_msgs__rosidl_typesupport_cExport.cmake
[86.465s] -- Installing: /app/dev_ws/src/install/xsens_msgs/share/xsens_msgs/cmake/xsens_msgs__rosidl_typesupport_cExport-noconfig.cmake
[86.468s] -- Installing: /app/dev_ws/src/install/xsens_msgs/share/xsens_msgs/cmake/xsens_msgs__rosidl_generator_cppExport.cmake
[86.474s] -- Installing: /app/dev_ws/src/install/xsens_msgs/share/xsens_msgs/cmake/xsens_msgs__rosidl_typesupport_introspection_cppExport.cmake
[86.475s] -- Installing: /app/dev_ws/src/install/xsens_msgs/share/xsens_msgs/cmake/xsens_msgs__rosidl_typesupport_introspection_cppExport-noconfig.cmake
[86.488s] -- Installing: /app/dev_ws/src/install/xsens_msgs/share/xsens_msgs/cmake/xsens_msgs__rosidl_typesupport_cppExport.cmake
[86.490s] -- Installing: /app/dev_ws/src/install/xsens_msgs/share/xsens_msgs/cmake/xsens_msgs__rosidl_typesupport_cppExport-noconfig.cmake
[86.491s] -- Installing: /app/dev_ws/src/install/xsens_msgs/share/xsens_msgs/cmake/rosidl_cmake-extras.cmake
[86.492s] -- Installing: /app/dev_ws/src/install/xsens_msgs/share/xsens_msgs/cmake/ament_cmake_export_dependencies-extras.cmake
[86.493s] -- Installing: /app/dev_ws/src/install/xsens_msgs/share/xsens_msgs/cmake/ament_cmake_export_libraries-extras.cmake
[86.497s] -- Installing: /app/dev_ws/src/install/xsens_msgs/share/xsens_msgs/cmake/ament_cmake_export_targets-extras.cmake
[86.501s] -- Installing: /app/dev_ws/src/install/xsens_msgs/share/xsens_msgs/cmake/ament_cmake_export_include_directories-extras.cmake
[86.504s] -- Installing: /app/dev_ws/src/install/xsens_msgs/share/xsens_msgs/cmake/rosidl_cmake_export_typesupport_libraries-extras.cmake
[86.505s] -- Installing: /app/dev_ws/src/install/xsens_msgs/share/xsens_msgs/cmake/rosidl_cmake_export_typesupport_targets-extras.cmake
[86.508s] -- Installing: /app/dev_ws/src/install/xsens_msgs/share/xsens_msgs/cmake/xsens_msgsConfig.cmake
[86.509s] -- Installing: /app/dev_ws/src/install/xsens_msgs/share/xsens_msgs/cmake/xsens_msgsConfig-version.cmake
[86.512s] -- Installing: /app/dev_ws/src/install/xsens_msgs/share/xsens_msgs/package.xml
[86.524s] Invoked command in '/app/dev_ws/src/build/xsens_msgs' returned '0': CMAKE_PREFIX_PATH=${CMAKE_PREFIX_PATH}:/app/dev_ws/install/xsens_driver:/app/dev_ws/install/ntrip_client:/app/dev_ws/install/central:/opt/ros/foxy /usr/bin/cmake --install /app/dev_ws/src/build/xsens_msgs
