[0.744s] DEBUG:colcon:Command line arguments: ['/usr/bin/colcon', 'build']
[0.744s] DEBUG:colcon:Parsed command line arguments: Namespace(allow_overriding=[], ament_cmake_args=None, base_paths=['.'], build_base='build', catkin_cmake_args=None, catkin_skip_building_tests=False, cmake_args=None, cmake_clean_cache=False, cmake_clean_first=False, cmake_force_configure=False, cmake_target=None, cmake_target_skip_unavailable=False, continue_on_error=False, event_handlers=None, executor='parallel', ignore_user_meta=False, install_base='install', log_base=None, log_level=None, main=<bound method BuildVerb.main of <colcon_core.verb.build.BuildVerb object at 0xffff83e14850>>, merge_install=False, metas=['./colcon.meta'], mixin=None, mixin_files=None, mixin_verb=('build',), packages_above=None, packages_above_and_dependencies=None, packages_above_depth=None, packages_end=None, packages_ignore=None, packages_ignore_regex=None, packages_select=None, packages_select_build_failed=False, packages_select_by_dep=None, packages_select_regex=None, packages_select_test_failures=False, packages_skip=None, packages_skip_build_finished=False, packages_skip_by_dep=None, packages_skip_regex=None, packages_skip_test_passed=False, packages_skip_up_to=None, packages_start=None, packages_up_to=None, packages_up_to_regex=None, parallel_workers=4, paths=None, symlink_install=False, test_result_base=None, verb_extension=<colcon_core.verb.build.BuildVerb object at 0xffff83e14850>, verb_name='build', verb_parser=<colcon_mixin.mixin.mixin_argument.MixinArgumentDecorator object at 0xffff83e14e20>)
[0.771s] Level 1:colcon.colcon_core.package_discovery:discover_packages(colcon_meta) check parameters
[0.774s] INFO:colcon.colcon_metadata.package_discovery.colcon_meta:Using configuration from '/root/.colcon/metadata/default/Gazebo.meta'
[0.776s] INFO:colcon.colcon_metadata.package_discovery.colcon_meta:Using configuration from '/root/.colcon/metadata/default/fastrtps.meta'
[0.777s] Level 1:colcon.colcon_core.package_discovery:discover_packages(recursive) check parameters
[0.777s] Level 1:colcon.colcon_core.package_discovery:discover_packages(ignore) check parameters
[0.777s] Level 1:colcon.colcon_core.package_discovery:discover_packages(path) check parameters
[0.777s] Level 1:colcon.colcon_core.package_discovery:discover_packages(colcon_meta) discover
[0.777s] Level 1:colcon.colcon_core.package_discovery:discover_packages(recursive) discover
[0.778s] INFO:colcon.colcon_core.package_discovery:Crawling recursively for packages in '/app/dev_ws'
[0.778s] Level 1:colcon.colcon_core.package_identification:_identify(.) by extensions ['ignore', 'ignore_ament_install']
[0.778s] Level 1:colcon.colcon_core.package_identification:_identify(.) by extension 'ignore'
[0.779s] Level 1:colcon.colcon_core.package_identification:_identify(.) by extension 'ignore_ament_install'
[0.779s] Level 1:colcon.colcon_core.package_identification:_identify(.) by extensions ['colcon_pkg']
[0.779s] Level 1:colcon.colcon_core.package_identification:_identify(.) by extension 'colcon_pkg'
[0.779s] Level 1:colcon.colcon_core.package_identification:_identify(.) by extensions ['colcon_meta']
[0.779s] Level 1:colcon.colcon_core.package_identification:_identify(.) by extension 'colcon_meta'
[0.780s] Level 1:colcon.colcon_core.package_identification:_identify(.) by extensions ['ros']
[0.780s] Level 1:colcon.colcon_core.package_identification:_identify(.) by extension 'ros'
[0.828s] Level 1:colcon.colcon_core.package_identification:_identify(.) by extensions ['cmake', 'python']
[0.829s] Level 1:colcon.colcon_core.package_identification:_identify(.) by extension 'cmake'
[0.829s] Level 1:colcon.colcon_core.package_identification:_identify(.) by extension 'python'
[0.829s] Level 1:colcon.colcon_core.package_identification:_identify(.) by extensions ['python_setup_py']
[0.829s] Level 1:colcon.colcon_core.package_identification:_identify(.) by extension 'python_setup_py'
[0.830s] Level 1:colcon.colcon_core.package_identification:_identify(build) by extensions ['ignore', 'ignore_ament_install']
[0.830s] Level 1:colcon.colcon_core.package_identification:_identify(build) by extension 'ignore'
[0.830s] Level 1:colcon.colcon_core.package_identification:_identify(build) ignored
[0.831s] Level 1:colcon.colcon_core.package_identification:_identify(install) by extensions ['ignore', 'ignore_ament_install']
[0.831s] Level 1:colcon.colcon_core.package_identification:_identify(install) by extension 'ignore'
[0.832s] Level 1:colcon.colcon_core.package_identification:_identify(install) ignored
[0.832s] Level 1:colcon.colcon_core.package_identification:_identify(log) by extensions ['ignore', 'ignore_ament_install']
[0.832s] Level 1:colcon.colcon_core.package_identification:_identify(log) by extension 'ignore'
[0.833s] Level 1:colcon.colcon_core.package_identification:_identify(log) ignored
[0.833s] Level 1:colcon.colcon_core.package_identification:_identify(src) by extensions ['ignore', 'ignore_ament_install']
[0.833s] Level 1:colcon.colcon_core.package_identification:_identify(src) by extension 'ignore'
[0.834s] Level 1:colcon.colcon_core.package_identification:_identify(src) by extension 'ignore_ament_install'
[0.834s] Level 1:colcon.colcon_core.package_identification:_identify(src) by extensions ['colcon_pkg']
[0.834s] Level 1:colcon.colcon_core.package_identification:_identify(src) by extension 'colcon_pkg'
[0.834s] Level 1:colcon.colcon_core.package_identification:_identify(src) by extensions ['colcon_meta']
[0.834s] Level 1:colcon.colcon_core.package_identification:_identify(src) by extension 'colcon_meta'
[0.835s] Level 1:colcon.colcon_core.package_identification:_identify(src) by extensions ['ros']
[0.835s] Level 1:colcon.colcon_core.package_identification:_identify(src) by extension 'ros'
[0.835s] Level 1:colcon.colcon_core.package_identification:_identify(src) by extensions ['cmake', 'python']
[0.835s] Level 1:colcon.colcon_core.package_identification:_identify(src) by extension 'cmake'
[0.835s] Level 1:colcon.colcon_core.package_identification:_identify(src) by extension 'python'
[0.836s] Level 1:colcon.colcon_core.package_identification:_identify(src) by extensions ['python_setup_py']
[0.836s] Level 1:colcon.colcon_core.package_identification:_identify(src) by extension 'python_setup_py'
[0.836s] Level 1:colcon.colcon_core.package_identification:_identify(src/central) by extensions ['ignore', 'ignore_ament_install']
[0.837s] Level 1:colcon.colcon_core.package_identification:_identify(src/central) by extension 'ignore'
[0.837s] Level 1:colcon.colcon_core.package_identification:_identify(src/central) by extension 'ignore_ament_install'
[0.837s] Level 1:colcon.colcon_core.package_identification:_identify(src/central) by extensions ['colcon_pkg']
[0.837s] Level 1:colcon.colcon_core.package_identification:_identify(src/central) by extension 'colcon_pkg'
[0.837s] Level 1:colcon.colcon_core.package_identification:_identify(src/central) by extensions ['colcon_meta']
[0.837s] Level 1:colcon.colcon_core.package_identification:_identify(src/central) by extension 'colcon_meta'
[0.838s] Level 1:colcon.colcon_core.package_identification:_identify(src/central) by extensions ['ros']
[0.838s] Level 1:colcon.colcon_core.package_identification:_identify(src/central) by extension 'ros'
[0.846s] DEBUG:colcon.colcon_core.package_identification:Package 'src/central' with type 'ros.ament_python' and name 'central'
[0.847s] Level 1:colcon.colcon_core.package_identification:_identify(src/ntrip_client) by extensions ['ignore', 'ignore_ament_install']
[0.848s] Level 1:colcon.colcon_core.package_identification:_identify(src/ntrip_client) by extension 'ignore'
[0.848s] Level 1:colcon.colcon_core.package_identification:_identify(src/ntrip_client) by extension 'ignore_ament_install'
[0.848s] Level 1:colcon.colcon_core.package_identification:_identify(src/ntrip_client) by extensions ['colcon_pkg']
[0.848s] Level 1:colcon.colcon_core.package_identification:_identify(src/ntrip_client) by extension 'colcon_pkg'
[0.848s] Level 1:colcon.colcon_core.package_identification:_identify(src/ntrip_client) by extensions ['colcon_meta']
[0.849s] Level 1:colcon.colcon_core.package_identification:_identify(src/ntrip_client) by extension 'colcon_meta'
[0.849s] Level 1:colcon.colcon_core.package_identification:_identify(src/ntrip_client) by extensions ['ros']
[0.849s] Level 1:colcon.colcon_core.package_identification:_identify(src/ntrip_client) by extension 'ros'
[0.852s] DEBUG:colcon.colcon_core.package_identification:Package 'src/ntrip_client' with type 'ros.ament_python' and name 'ntrip_client'
[0.852s] Level 1:colcon.colcon_core.package_identification:_identify(src/xsens_driver) by extensions ['ignore', 'ignore_ament_install']
[0.853s] Level 1:colcon.colcon_core.package_identification:_identify(src/xsens_driver) by extension 'ignore'
[0.853s] Level 1:colcon.colcon_core.package_identification:_identify(src/xsens_driver) by extension 'ignore_ament_install'
[0.853s] Level 1:colcon.colcon_core.package_identification:_identify(src/xsens_driver) by extensions ['colcon_pkg']
[0.853s] Level 1:colcon.colcon_core.package_identification:_identify(src/xsens_driver) by extension 'colcon_pkg'
[0.854s] Level 1:colcon.colcon_core.package_identification:_identify(src/xsens_driver) by extensions ['colcon_meta']
[0.854s] Level 1:colcon.colcon_core.package_identification:_identify(src/xsens_driver) by extension 'colcon_meta'
[0.854s] Level 1:colcon.colcon_core.package_identification:_identify(src/xsens_driver) by extensions ['ros']
[0.854s] Level 1:colcon.colcon_core.package_identification:_identify(src/xsens_driver) by extension 'ros'
[0.857s] DEBUG:colcon.colcon_core.package_identification:Package 'src/xsens_driver' with type 'ros.ament_python' and name 'xsens_driver'
[0.858s] Level 1:colcon.colcon_core.package_identification:_identify(src/xsens_msgs) by extensions ['ignore', 'ignore_ament_install']
[0.859s] Level 1:colcon.colcon_core.package_identification:_identify(src/xsens_msgs) by extension 'ignore'
[0.859s] Level 1:colcon.colcon_core.package_identification:_identify(src/xsens_msgs) by extension 'ignore_ament_install'
[0.859s] Level 1:colcon.colcon_core.package_identification:_identify(src/xsens_msgs) by extensions ['colcon_pkg']
[0.859s] Level 1:colcon.colcon_core.package_identification:_identify(src/xsens_msgs) by extension 'colcon_pkg'
[0.859s] Level 1:colcon.colcon_core.package_identification:_identify(src/xsens_msgs) by extensions ['colcon_meta']
[0.860s] Level 1:colcon.colcon_core.package_identification:_identify(src/xsens_msgs) by extension 'colcon_meta'
[0.860s] Level 1:colcon.colcon_core.package_identification:_identify(src/xsens_msgs) by extensions ['ros']
[0.860s] Level 1:colcon.colcon_core.package_identification:_identify(src/xsens_msgs) by extension 'ros'
[0.863s] DEBUG:colcon.colcon_core.package_identification:Package 'src/xsens_msgs' with type 'ros.ament_cmake' and name 'xsens_msgs'
[0.863s] Level 1:colcon.colcon_core.package_discovery:discover_packages(recursive) using defaults
[0.863s] Level 1:colcon.colcon_core.package_discovery:discover_packages(ignore) discover
[0.863s] Level 1:colcon.colcon_core.package_discovery:discover_packages(ignore) using defaults
[0.863s] Level 1:colcon.colcon_core.package_discovery:discover_packages(path) discover
[0.864s] Level 1:colcon.colcon_core.package_discovery:discover_packages(path) using defaults
[0.942s] Level 5:colcon.colcon_core.verb:set package 'central' build argument 'cmake_args' from command line to 'None'
[0.942s] Level 5:colcon.colcon_core.verb:set package 'central' build argument 'cmake_target' from command line to 'None'
[0.942s] Level 5:colcon.colcon_core.verb:set package 'central' build argument 'cmake_target_skip_unavailable' from command line to 'False'
[0.942s] Level 5:colcon.colcon_core.verb:set package 'central' build argument 'cmake_clean_cache' from command line to 'False'
[0.942s] Level 5:colcon.colcon_core.verb:set package 'central' build argument 'cmake_clean_first' from command line to 'False'
[0.942s] Level 5:colcon.colcon_core.verb:set package 'central' build argument 'cmake_force_configure' from command line to 'False'
[0.943s] Level 5:colcon.colcon_core.verb:set package 'central' build argument 'ament_cmake_args' from command line to 'None'
[0.943s] Level 5:colcon.colcon_core.verb:set package 'central' build argument 'catkin_cmake_args' from command line to 'None'
[0.943s] Level 5:colcon.colcon_core.verb:set package 'central' build argument 'catkin_skip_building_tests' from command line to 'False'
[0.943s] DEBUG:colcon.colcon_core.verb:Building package 'central' with the following arguments: {'ament_cmake_args': None, 'build_base': '/app/dev_ws/build/central', 'catkin_cmake_args': None, 'catkin_skip_building_tests': False, 'cmake_args': None, 'cmake_clean_cache': False, 'cmake_clean_first': False, 'cmake_force_configure': False, 'cmake_target': None, 'cmake_target_skip_unavailable': False, 'install_base': '/app/dev_ws/install/central', 'merge_install': False, 'path': '/app/dev_ws/src/central', 'symlink_install': False, 'test_result_base': None}
[0.946s] Level 5:colcon.colcon_core.verb:set package 'ntrip_client' build argument 'cmake_args' from command line to 'None'
[0.946s] Level 5:colcon.colcon_core.verb:set package 'ntrip_client' build argument 'cmake_target' from command line to 'None'
[0.946s] Level 5:colcon.colcon_core.verb:set package 'ntrip_client' build argument 'cmake_target_skip_unavailable' from command line to 'False'
[0.946s] Level 5:colcon.colcon_core.verb:set package 'ntrip_client' build argument 'cmake_clean_cache' from command line to 'False'
[0.946s] Level 5:colcon.colcon_core.verb:set package 'ntrip_client' build argument 'cmake_clean_first' from command line to 'False'
[0.947s] Level 5:colcon.colcon_core.verb:set package 'ntrip_client' build argument 'cmake_force_configure' from command line to 'False'
[0.947s] Level 5:colcon.colcon_core.verb:set package 'ntrip_client' build argument 'ament_cmake_args' from command line to 'None'
[0.947s] Level 5:colcon.colcon_core.verb:set package 'ntrip_client' build argument 'catkin_cmake_args' from command line to 'None'
[0.947s] Level 5:colcon.colcon_core.verb:set package 'ntrip_client' build argument 'catkin_skip_building_tests' from command line to 'False'
[0.947s] DEBUG:colcon.colcon_core.verb:Building package 'ntrip_client' with the following arguments: {'ament_cmake_args': None, 'build_base': '/app/dev_ws/build/ntrip_client', 'catkin_cmake_args': None, 'catkin_skip_building_tests': False, 'cmake_args': None, 'cmake_clean_cache': False, 'cmake_clean_first': False, 'cmake_force_configure': False, 'cmake_target': None, 'cmake_target_skip_unavailable': False, 'install_base': '/app/dev_ws/install/ntrip_client', 'merge_install': False, 'path': '/app/dev_ws/src/ntrip_client', 'symlink_install': False, 'test_result_base': None}
[0.950s] Level 5:colcon.colcon_core.verb:set package 'xsens_msgs' build argument 'cmake_args' from command line to 'None'
[0.951s] Level 5:colcon.colcon_core.verb:set package 'xsens_msgs' build argument 'cmake_target' from command line to 'None'
[0.951s] Level 5:colcon.colcon_core.verb:set package 'xsens_msgs' build argument 'cmake_target_skip_unavailable' from command line to 'False'
[0.951s] Level 5:colcon.colcon_core.verb:set package 'xsens_msgs' build argument 'cmake_clean_cache' from command line to 'False'
[0.951s] Level 5:colcon.colcon_core.verb:set package 'xsens_msgs' build argument 'cmake_clean_first' from command line to 'False'
[0.951s] Level 5:colcon.colcon_core.verb:set package 'xsens_msgs' build argument 'cmake_force_configure' from command line to 'False'
[0.951s] Level 5:colcon.colcon_core.verb:set package 'xsens_msgs' build argument 'ament_cmake_args' from command line to 'None'
[0.951s] Level 5:colcon.colcon_core.verb:set package 'xsens_msgs' build argument 'catkin_cmake_args' from command line to 'None'
[0.951s] Level 5:colcon.colcon_core.verb:set package 'xsens_msgs' build argument 'catkin_skip_building_tests' from command line to 'False'
[0.952s] DEBUG:colcon.colcon_core.verb:Building package 'xsens_msgs' with the following arguments: {'ament_cmake_args': None, 'build_base': '/app/dev_ws/build/xsens_msgs', 'catkin_cmake_args': None, 'catkin_skip_building_tests': False, 'cmake_args': None, 'cmake_clean_cache': False, 'cmake_clean_first': False, 'cmake_force_configure': False, 'cmake_target': None, 'cmake_target_skip_unavailable': False, 'install_base': '/app/dev_ws/install/xsens_msgs', 'merge_install': False, 'path': '/app/dev_ws/src/xsens_msgs', 'symlink_install': False, 'test_result_base': None}
[0.954s] Level 5:colcon.colcon_core.verb:set package 'xsens_driver' build argument 'cmake_args' from command line to 'None'
[0.955s] Level 5:colcon.colcon_core.verb:set package 'xsens_driver' build argument 'cmake_target' from command line to 'None'
[0.955s] Level 5:colcon.colcon_core.verb:set package 'xsens_driver' build argument 'cmake_target_skip_unavailable' from command line to 'False'
[0.955s] Level 5:colcon.colcon_core.verb:set package 'xsens_driver' build argument 'cmake_clean_cache' from command line to 'False'
[0.955s] Level 5:colcon.colcon_core.verb:set package 'xsens_driver' build argument 'cmake_clean_first' from command line to 'False'
[0.955s] Level 5:colcon.colcon_core.verb:set package 'xsens_driver' build argument 'cmake_force_configure' from command line to 'False'
[0.955s] Level 5:colcon.colcon_core.verb:set package 'xsens_driver' build argument 'ament_cmake_args' from command line to 'None'
[0.955s] Level 5:colcon.colcon_core.verb:set package 'xsens_driver' build argument 'catkin_cmake_args' from command line to 'None'
[0.956s] Level 5:colcon.colcon_core.verb:set package 'xsens_driver' build argument 'catkin_skip_building_tests' from command line to 'False'
[0.956s] DEBUG:colcon.colcon_core.verb:Building package 'xsens_driver' with the following arguments: {'ament_cmake_args': None, 'build_base': '/app/dev_ws/build/xsens_driver', 'catkin_cmake_args': None, 'catkin_skip_building_tests': False, 'cmake_args': None, 'cmake_clean_cache': False, 'cmake_clean_first': False, 'cmake_force_configure': False, 'cmake_target': None, 'cmake_target_skip_unavailable': False, 'install_base': '/app/dev_ws/install/xsens_driver', 'merge_install': False, 'path': '/app/dev_ws/src/xsens_driver', 'symlink_install': False, 'test_result_base': None}
[0.961s] WARNING:colcon.colcon_ros.prefix_path.ament:The path '/app/dev_ws/install/xsens_driver' in the environment variable AMENT_PREFIX_PATH doesn't exist
[0.961s] WARNING:colcon.colcon_ros.prefix_path.ament:The path '/app/dev_ws/install/xsens_msgs' in the environment variable AMENT_PREFIX_PATH doesn't exist
[0.962s] WARNING:colcon.colcon_ros.prefix_path.ament:The path '/app/dev_ws/install/ntrip_client' in the environment variable AMENT_PREFIX_PATH doesn't exist
[0.962s] WARNING:colcon.colcon_ros.prefix_path.ament:The path '/app/dev_ws/install/central' in the environment variable AMENT_PREFIX_PATH doesn't exist
[0.963s] WARNING:colcon.colcon_ros.prefix_path.catkin:The path '/app/dev_ws/install/xsens_msgs' in the environment variable CMAKE_PREFIX_PATH doesn't exist
[0.977s] INFO:colcon.colcon_core.executor:Executing jobs using 'parallel' executor
[0.986s] DEBUG:colcon.colcon_parallel_executor.executor.parallel:run_until_complete
[0.988s] INFO:colcon.colcon_ros.task.ament_cmake.build:Building ROS package in '/app/dev_ws/src/xsens_msgs' with build type 'ament_cmake'
[0.989s] INFO:colcon.colcon_cmake.task.cmake.build:Building CMake package in '/app/dev_ws/src/xsens_msgs'
[1.007s] INFO:colcon.colcon_core.plugin_system:Skipping extension 'colcon_core.shell.bat': Not used on non-Windows systems
[1.008s] INFO:colcon.colcon_core.shell:Skip shell extension 'powershell' for command environment: Not usable outside of PowerShell
[1.008s] DEBUG:colcon.colcon_core.shell:Skip shell extension 'dsv' for command environment
[1.036s] INFO:colcon.colcon_ros.task.ament_python.build:Building ROS package in '/app/dev_ws/src/central' with build type 'ament_python'
[1.039s] Level 1:colcon.colcon_core.shell:create_environment_hook('central', 'ament_prefix_path')
[1.042s] INFO:colcon.colcon_core.shell:Creating environment hook '/app/dev_ws/install/central/share/central/hook/ament_prefix_path.ps1'
[1.046s] INFO:colcon.colcon_core.shell:Creating environment descriptor '/app/dev_ws/install/central/share/central/hook/ament_prefix_path.dsv'
[1.049s] INFO:colcon.colcon_core.shell:Creating environment hook '/app/dev_ws/install/central/share/central/hook/ament_prefix_path.sh'
[1.056s] INFO:colcon.colcon_core.shell:Skip shell extension 'powershell' for command environment: Not usable outside of PowerShell
[1.056s] DEBUG:colcon.colcon_core.shell:Skip shell extension 'dsv' for command environment
[1.098s] INFO:colcon.colcon_ros.task.ament_python.build:Building ROS package in '/app/dev_ws/src/ntrip_client' with build type 'ament_python'
[1.101s] Level 1:colcon.colcon_core.shell:create_environment_hook('ntrip_client', 'ament_prefix_path')
[1.107s] INFO:colcon.colcon_core.shell:Creating environment hook '/app/dev_ws/install/ntrip_client/share/ntrip_client/hook/ament_prefix_path.ps1'
[1.115s] INFO:colcon.colcon_core.shell:Creating environment descriptor '/app/dev_ws/install/ntrip_client/share/ntrip_client/hook/ament_prefix_path.dsv'
[1.120s] INFO:colcon.colcon_core.shell:Creating environment hook '/app/dev_ws/install/ntrip_client/share/ntrip_client/hook/ament_prefix_path.sh'
[1.129s] INFO:colcon.colcon_core.shell:Skip shell extension 'powershell' for command environment: Not usable outside of PowerShell
[1.129s] DEBUG:colcon.colcon_core.shell:Skip shell extension 'dsv' for command environment
[1.190s] DEBUG:colcon.colcon_core.event_handler.log_command:Invoking command in '/app/dev_ws/build/xsens_msgs': CMAKE_PREFIX_PATH=${CMAKE_PREFIX_PATH}:/app/dev_ws/install/xsens_driver:/app/dev_ws/install/ntrip_client:/app/dev_ws/install/central:/opt/ros/foxy /usr/bin/cmake /app/dev_ws/src/xsens_msgs -DCMAKE_INSTALL_PREFIX=/app/dev_ws/install/xsens_msgs
[2.309s] INFO:colcon.colcon_core.task.python.build:Building Python package in '/app/dev_ws/src/central'
[2.312s] INFO:colcon.colcon_core.shell:Skip shell extension 'powershell' for command environment: Not usable outside of PowerShell
[2.313s] DEBUG:colcon.colcon_core.shell:Skip shell extension 'dsv' for command environment
[3.408s] INFO:colcon.colcon_core.task.python.build:Building Python package in '/app/dev_ws/src/ntrip_client'
[3.412s] INFO:colcon.colcon_core.shell:Skip shell extension 'powershell' for command environment: Not usable outside of PowerShell
[3.412s] DEBUG:colcon.colcon_core.shell:Skip shell extension 'dsv' for command environment
[5.486s] DEBUG:colcon.colcon_core.event_handler.log_command:Invoking command in '/app/dev_ws/src/central': PYTHONPATH=/app/dev_ws/install/central/lib/python3.8/site-packages:${PYTHONPATH} /usr/bin/python3 setup.py egg_info --egg-base ../../build/central build --build-base /app/dev_ws/build/central/build install --prefix /app/dev_ws/install/central --record /app/dev_ws/build/central/install.log --single-version-externally-managed
[5.545s] DEBUG:colcon.colcon_core.event_handler.log_command:Invoking command in '/app/dev_ws/src/ntrip_client': PYTHONPATH=/app/dev_ws/install/ntrip_client/lib/python3.8/site-packages:${PYTHONPATH} /usr/bin/python3 setup.py egg_info --egg-base ../../build/ntrip_client build --build-base /app/dev_ws/build/ntrip_client/build install --prefix /app/dev_ws/install/ntrip_client --record /app/dev_ws/build/ntrip_client/install.log --single-version-externally-managed
[7.129s] DEBUG:colcon.colcon_core.event_handler.log_command:Invoked command in '/app/dev_ws/src/central' returned '0': PYTHONPATH=/app/dev_ws/install/central/lib/python3.8/site-packages:${PYTHONPATH} /usr/bin/python3 setup.py egg_info --egg-base ../../build/central build --build-base /app/dev_ws/build/central/build install --prefix /app/dev_ws/install/central --record /app/dev_ws/build/central/install.log --single-version-externally-managed
[7.163s] Level 1:colcon.colcon_core.environment:checking '/app/dev_ws/install/central' for CMake module files
[7.167s] Level 1:colcon.colcon_core.environment:checking '/app/dev_ws/install/central' for CMake config files
[7.173s] Level 1:colcon.colcon_core.environment:checking '/app/dev_ws/install/central/lib'
[7.175s] Level 1:colcon.colcon_core.environment:checking '/app/dev_ws/install/central/bin'
[7.176s] Level 1:colcon.colcon_core.environment:checking '/app/dev_ws/install/central/lib/pkgconfig/central.pc'
[7.177s] Level 1:colcon.colcon_core.environment:checking '/app/dev_ws/install/central/lib/python3.8/site-packages'
[7.178s] Level 1:colcon.colcon_core.shell:create_environment_hook('central', 'pythonpath')
[7.182s] INFO:colcon.colcon_core.shell:Creating environment hook '/app/dev_ws/install/central/share/central/hook/pythonpath.ps1'
[7.188s] INFO:colcon.colcon_core.shell:Creating environment descriptor '/app/dev_ws/install/central/share/central/hook/pythonpath.dsv'
[7.192s] INFO:colcon.colcon_core.shell:Creating environment hook '/app/dev_ws/install/central/share/central/hook/pythonpath.sh'
[7.196s] Level 1:colcon.colcon_core.environment:create_environment_scripts_only(central)
[7.201s] INFO:colcon.colcon_core.shell:Creating package script '/app/dev_ws/install/central/share/central/package.ps1'
[7.206s] INFO:colcon.colcon_core.shell:Creating package descriptor '/app/dev_ws/install/central/share/central/package.dsv'
[7.210s] INFO:colcon.colcon_core.shell:Creating package script '/app/dev_ws/install/central/share/central/package.sh'
[7.215s] INFO:colcon.colcon_core.shell:Creating package script '/app/dev_ws/install/central/share/central/package.bash'
[7.220s] INFO:colcon.colcon_core.shell:Creating package script '/app/dev_ws/install/central/share/central/package.zsh'
[7.225s] Level 1:colcon.colcon_core.environment:create_file_with_runtime_dependencies(/app/dev_ws/install/central/share/colcon-core/packages/central)
[7.254s] Level 1:colcon.colcon_core.environment:checking '/app/dev_ws/install/ntrip_client' for CMake module files
[7.257s] DEBUG:colcon.colcon_core.event_handler.log_command:Invoked command in '/app/dev_ws/src/ntrip_client' returned '0': PYTHONPATH=/app/dev_ws/install/ntrip_client/lib/python3.8/site-packages:${PYTHONPATH} /usr/bin/python3 setup.py egg_info --egg-base ../../build/ntrip_client build --build-base /app/dev_ws/build/ntrip_client/build install --prefix /app/dev_ws/install/ntrip_client --record /app/dev_ws/build/ntrip_client/install.log --single-version-externally-managed
[7.260s] Level 1:colcon.colcon_core.environment:checking '/app/dev_ws/install/ntrip_client' for CMake config files
[7.264s] Level 1:colcon.colcon_core.environment:checking '/app/dev_ws/install/ntrip_client/lib'
[7.264s] Level 1:colcon.colcon_core.environment:checking '/app/dev_ws/install/ntrip_client/bin'
[7.264s] Level 1:colcon.colcon_core.environment:checking '/app/dev_ws/install/ntrip_client/lib/pkgconfig/ntrip_client.pc'
[7.265s] Level 1:colcon.colcon_core.environment:checking '/app/dev_ws/install/ntrip_client/lib/python3.8/site-packages'
[7.265s] Level 1:colcon.colcon_core.shell:create_environment_hook('ntrip_client', 'pythonpath')
[7.267s] INFO:colcon.colcon_core.shell:Creating environment hook '/app/dev_ws/install/ntrip_client/share/ntrip_client/hook/pythonpath.ps1'
[7.269s] INFO:colcon.colcon_core.shell:Creating environment descriptor '/app/dev_ws/install/ntrip_client/share/ntrip_client/hook/pythonpath.dsv'
[7.271s] INFO:colcon.colcon_core.shell:Creating environment hook '/app/dev_ws/install/ntrip_client/share/ntrip_client/hook/pythonpath.sh'
[7.273s] Level 1:colcon.colcon_core.environment:create_environment_scripts_only(ntrip_client)
[7.276s] INFO:colcon.colcon_core.shell:Creating package script '/app/dev_ws/install/ntrip_client/share/ntrip_client/package.ps1'
[7.279s] INFO:colcon.colcon_core.shell:Creating package descriptor '/app/dev_ws/install/ntrip_client/share/ntrip_client/package.dsv'
[7.282s] INFO:colcon.colcon_core.shell:Creating package script '/app/dev_ws/install/ntrip_client/share/ntrip_client/package.sh'
[7.284s] INFO:colcon.colcon_core.shell:Creating package script '/app/dev_ws/install/ntrip_client/share/ntrip_client/package.bash'
[7.286s] INFO:colcon.colcon_core.shell:Creating package script '/app/dev_ws/install/ntrip_client/share/ntrip_client/package.zsh'
[7.289s] Level 1:colcon.colcon_core.environment:create_file_with_runtime_dependencies(/app/dev_ws/install/ntrip_client/share/colcon-core/packages/ntrip_client)
[15.832s] DEBUG:colcon.colcon_core.event_handler.log_command:Invoked command in '/app/dev_ws/build/xsens_msgs' returned '0': CMAKE_PREFIX_PATH=${CMAKE_PREFIX_PATH}:/app/dev_ws/install/xsens_driver:/app/dev_ws/install/ntrip_client:/app/dev_ws/install/central:/opt/ros/foxy /usr/bin/cmake /app/dev_ws/src/xsens_msgs -DCMAKE_INSTALL_PREFIX=/app/dev_ws/install/xsens_msgs
[15.846s] DEBUG:colcon.colcon_core.event_handler.log_command:Invoking command in '/app/dev_ws/build/xsens_msgs': CMAKE_PREFIX_PATH=${CMAKE_PREFIX_PATH}:/app/dev_ws/install/xsens_driver:/app/dev_ws/install/ntrip_client:/app/dev_ws/install/central:/opt/ros/foxy /usr/bin/cmake --build /app/dev_ws/build/xsens_msgs -- -j4 -l4
[54.210s] DEBUG:colcon.colcon_core.event_handler.log_command:Invoked command in '/app/dev_ws/build/xsens_msgs' returned '0': CMAKE_PREFIX_PATH=${CMAKE_PREFIX_PATH}:/app/dev_ws/install/xsens_driver:/app/dev_ws/install/ntrip_client:/app/dev_ws/install/central:/opt/ros/foxy /usr/bin/cmake --build /app/dev_ws/build/xsens_msgs -- -j4 -l4
[55.191s] DEBUG:colcon.colcon_core.event_handler.log_command:Invoking command in '/app/dev_ws/build/xsens_msgs': CMAKE_PREFIX_PATH=${CMAKE_PREFIX_PATH}:/app/dev_ws/install/xsens_driver:/app/dev_ws/install/ntrip_client:/app/dev_ws/install/central:/opt/ros/foxy /usr/bin/cmake --install /app/dev_ws/build/xsens_msgs
[55.767s] Level 1:colcon.colcon_core.environment:create_environment_scripts_only(xsens_msgs)
[55.772s] Level 1:colcon.colcon_core.environment:checking '/app/dev_ws/install/xsens_msgs' for CMake module files
[55.774s] DEBUG:colcon.colcon_core.event_handler.log_command:Invoked command in '/app/dev_ws/build/xsens_msgs' returned '0': CMAKE_PREFIX_PATH=${CMAKE_PREFIX_PATH}:/app/dev_ws/install/xsens_driver:/app/dev_ws/install/ntrip_client:/app/dev_ws/install/central:/opt/ros/foxy /usr/bin/cmake --install /app/dev_ws/build/xsens_msgs
[55.777s] Level 1:colcon.colcon_core.environment:checking '/app/dev_ws/install/xsens_msgs' for CMake config files
[55.783s] Level 1:colcon.colcon_core.shell:create_environment_hook('xsens_msgs', 'cmake_prefix_path')
[55.785s] INFO:colcon.colcon_core.shell:Creating environment hook '/app/dev_ws/install/xsens_msgs/share/xsens_msgs/hook/cmake_prefix_path.ps1'
[55.787s] INFO:colcon.colcon_core.shell:Creating environment descriptor '/app/dev_ws/install/xsens_msgs/share/xsens_msgs/hook/cmake_prefix_path.dsv'
[55.789s] INFO:colcon.colcon_core.shell:Creating environment hook '/app/dev_ws/install/xsens_msgs/share/xsens_msgs/hook/cmake_prefix_path.sh'
[55.791s] Level 1:colcon.colcon_core.environment:checking '/app/dev_ws/install/xsens_msgs/lib'
[55.792s] Level 1:colcon.colcon_core.shell:create_environment_hook('xsens_msgs', 'ld_library_path_lib')
[55.794s] INFO:colcon.colcon_core.shell:Creating environment hook '/app/dev_ws/install/xsens_msgs/share/xsens_msgs/hook/ld_library_path_lib.ps1'
[55.795s] INFO:colcon.colcon_core.shell:Creating environment descriptor '/app/dev_ws/install/xsens_msgs/share/xsens_msgs/hook/ld_library_path_lib.dsv'
[55.797s] INFO:colcon.colcon_core.shell:Creating environment hook '/app/dev_ws/install/xsens_msgs/share/xsens_msgs/hook/ld_library_path_lib.sh'
[55.798s] Level 1:colcon.colcon_core.environment:checking '/app/dev_ws/install/xsens_msgs/bin'
[55.799s] Level 1:colcon.colcon_core.environment:checking '/app/dev_ws/install/xsens_msgs/lib/pkgconfig/xsens_msgs.pc'
[55.799s] Level 1:colcon.colcon_core.environment:checking '/app/dev_ws/install/xsens_msgs/lib/python3.8/site-packages'
[55.799s] Level 1:colcon.colcon_core.shell:create_environment_hook('xsens_msgs', 'pythonpath')
[55.801s] INFO:colcon.colcon_core.shell:Creating environment hook '/app/dev_ws/install/xsens_msgs/share/xsens_msgs/hook/pythonpath.ps1'
[55.803s] INFO:colcon.colcon_core.shell:Creating environment descriptor '/app/dev_ws/install/xsens_msgs/share/xsens_msgs/hook/pythonpath.dsv'
[55.804s] INFO:colcon.colcon_core.shell:Creating environment hook '/app/dev_ws/install/xsens_msgs/share/xsens_msgs/hook/pythonpath.sh'
[55.808s] INFO:colcon.colcon_core.shell:Creating package script '/app/dev_ws/install/xsens_msgs/share/xsens_msgs/package.ps1'
[55.811s] INFO:colcon.colcon_core.shell:Creating package descriptor '/app/dev_ws/install/xsens_msgs/share/xsens_msgs/package.dsv'
[55.813s] INFO:colcon.colcon_core.shell:Creating package script '/app/dev_ws/install/xsens_msgs/share/xsens_msgs/package.sh'
[55.816s] INFO:colcon.colcon_core.shell:Creating package script '/app/dev_ws/install/xsens_msgs/share/xsens_msgs/package.bash'
[55.817s] INFO:colcon.colcon_core.shell:Creating package script '/app/dev_ws/install/xsens_msgs/share/xsens_msgs/package.zsh'
[55.819s] Level 1:colcon.colcon_core.environment:create_file_with_runtime_dependencies(/app/dev_ws/install/xsens_msgs/share/colcon-core/packages/xsens_msgs)
[56.745s] Level 1:colcon.colcon_core.environment:create_environment_scripts_only(xsens_msgs)
[56.749s] Level 1:colcon.colcon_core.environment:checking '/app/dev_ws/install/xsens_msgs' for CMake module files
[56.753s] Level 1:colcon.colcon_core.environment:checking '/app/dev_ws/install/xsens_msgs' for CMake config files
[56.759s] Level 1:colcon.colcon_core.shell:create_environment_hook('xsens_msgs', 'cmake_prefix_path')
[56.761s] INFO:colcon.colcon_core.shell:Creating environment hook '/app/dev_ws/install/xsens_msgs/share/xsens_msgs/hook/cmake_prefix_path.ps1'
[56.764s] INFO:colcon.colcon_core.shell:Creating environment descriptor '/app/dev_ws/install/xsens_msgs/share/xsens_msgs/hook/cmake_prefix_path.dsv'
[56.766s] INFO:colcon.colcon_core.shell:Creating environment hook '/app/dev_ws/install/xsens_msgs/share/xsens_msgs/hook/cmake_prefix_path.sh'
[56.770s] Level 1:colcon.colcon_core.environment:checking '/app/dev_ws/install/xsens_msgs/lib'
[56.770s] Level 1:colcon.colcon_core.shell:create_environment_hook('xsens_msgs', 'ld_library_path_lib')
[56.772s] INFO:colcon.colcon_core.shell:Creating environment hook '/app/dev_ws/install/xsens_msgs/share/xsens_msgs/hook/ld_library_path_lib.ps1'
[56.774s] INFO:colcon.colcon_core.shell:Creating environment descriptor '/app/dev_ws/install/xsens_msgs/share/xsens_msgs/hook/ld_library_path_lib.dsv'
[56.776s] INFO:colcon.colcon_core.shell:Creating environment hook '/app/dev_ws/install/xsens_msgs/share/xsens_msgs/hook/ld_library_path_lib.sh'
[56.778s] Level 1:colcon.colcon_core.environment:checking '/app/dev_ws/install/xsens_msgs/bin'
[56.779s] Level 1:colcon.colcon_core.environment:checking '/app/dev_ws/install/xsens_msgs/lib/pkgconfig/xsens_msgs.pc'
[56.779s] Level 1:colcon.colcon_core.environment:checking '/app/dev_ws/install/xsens_msgs/lib/python3.8/site-packages'
[56.779s] Level 1:colcon.colcon_core.shell:create_environment_hook('xsens_msgs', 'pythonpath')
[56.781s] INFO:colcon.colcon_core.shell:Creating environment hook '/app/dev_ws/install/xsens_msgs/share/xsens_msgs/hook/pythonpath.ps1'
[56.783s] INFO:colcon.colcon_core.shell:Creating environment descriptor '/app/dev_ws/install/xsens_msgs/share/xsens_msgs/hook/pythonpath.dsv'
[56.785s] INFO:colcon.colcon_core.shell:Creating environment hook '/app/dev_ws/install/xsens_msgs/share/xsens_msgs/hook/pythonpath.sh'
[56.789s] INFO:colcon.colcon_core.shell:Creating package script '/app/dev_ws/install/xsens_msgs/share/xsens_msgs/package.ps1'
[56.792s] INFO:colcon.colcon_core.shell:Creating package descriptor '/app/dev_ws/install/xsens_msgs/share/xsens_msgs/package.dsv'
[56.795s] INFO:colcon.colcon_core.shell:Creating package script '/app/dev_ws/install/xsens_msgs/share/xsens_msgs/package.sh'
[56.798s] INFO:colcon.colcon_core.shell:Creating package script '/app/dev_ws/install/xsens_msgs/share/xsens_msgs/package.bash'
[56.800s] INFO:colcon.colcon_core.shell:Creating package script '/app/dev_ws/install/xsens_msgs/share/xsens_msgs/package.zsh'
[56.802s] Level 1:colcon.colcon_core.environment:create_file_with_runtime_dependencies(/app/dev_ws/install/xsens_msgs/share/colcon-core/packages/xsens_msgs)
[56.804s] INFO:colcon.colcon_ros.task.ament_python.build:Building ROS package in '/app/dev_ws/src/xsens_driver' with build type 'ament_python'
[56.805s] Level 1:colcon.colcon_core.shell:create_environment_hook('xsens_driver', 'ament_prefix_path')
[56.807s] INFO:colcon.colcon_core.shell:Creating environment hook '/app/dev_ws/install/xsens_driver/share/xsens_driver/hook/ament_prefix_path.ps1'
[56.811s] INFO:colcon.colcon_core.shell:Creating environment descriptor '/app/dev_ws/install/xsens_driver/share/xsens_driver/hook/ament_prefix_path.dsv'
[56.813s] INFO:colcon.colcon_core.shell:Creating environment hook '/app/dev_ws/install/xsens_driver/share/xsens_driver/hook/ament_prefix_path.sh'
[56.817s] INFO:colcon.colcon_core.shell:Skip shell extension 'powershell' for command environment: Not usable outside of PowerShell
[56.817s] DEBUG:colcon.colcon_core.shell:Skip shell extension 'dsv' for command environment
[57.900s] INFO:colcon.colcon_core.task.python.build:Building Python package in '/app/dev_ws/src/xsens_driver'
[57.903s] INFO:colcon.colcon_core.shell:Skip shell extension 'powershell' for command environment: Not usable outside of PowerShell
[57.903s] DEBUG:colcon.colcon_core.shell:Skip shell extension 'dsv' for command environment
[59.492s] DEBUG:colcon.colcon_core.event_handler.log_command:Invoking command in '/app/dev_ws/src/xsens_driver': PYTHONPATH=/app/dev_ws/install/xsens_driver/lib/python3.8/site-packages:/app/dev_ws/install/xsens_msgs/lib/python3.8/site-packages:/app/dev_ws/install/xsens_driver/lib/python3.8/site-packages:/app/dev_ws/install/ntrip_client/lib/python3.8/site-packages:/app/dev_ws/install/central/lib/python3.8/site-packages:/opt/ros/foxy/lib/python3.8/site-packages /usr/bin/python3 setup.py egg_info --egg-base ../../build/xsens_driver build --build-base /app/dev_ws/build/xsens_driver/build install --prefix /app/dev_ws/install/xsens_driver --record /app/dev_ws/build/xsens_driver/install.log --single-version-externally-managed
[60.851s] Level 1:colcon.colcon_core.environment:checking '/app/dev_ws/install/xsens_driver' for CMake module files
[60.853s] DEBUG:colcon.colcon_core.event_handler.log_command:Invoked command in '/app/dev_ws/src/xsens_driver' returned '0': PYTHONPATH=/app/dev_ws/install/xsens_driver/lib/python3.8/site-packages:/app/dev_ws/install/xsens_msgs/lib/python3.8/site-packages:/app/dev_ws/install/xsens_driver/lib/python3.8/site-packages:/app/dev_ws/install/ntrip_client/lib/python3.8/site-packages:/app/dev_ws/install/central/lib/python3.8/site-packages:/opt/ros/foxy/lib/python3.8/site-packages /usr/bin/python3 setup.py egg_info --egg-base ../../build/xsens_driver build --build-base /app/dev_ws/build/xsens_driver/build install --prefix /app/dev_ws/install/xsens_driver --record /app/dev_ws/build/xsens_driver/install.log --single-version-externally-managed
[60.855s] Level 1:colcon.colcon_core.environment:checking '/app/dev_ws/install/xsens_driver' for CMake config files
[60.859s] Level 1:colcon.colcon_core.environment:checking '/app/dev_ws/install/xsens_driver/lib'
[60.860s] Level 1:colcon.colcon_core.environment:checking '/app/dev_ws/install/xsens_driver/bin'
[60.860s] Level 1:colcon.colcon_core.environment:checking '/app/dev_ws/install/xsens_driver/lib/pkgconfig/xsens_driver.pc'
[60.860s] Level 1:colcon.colcon_core.environment:checking '/app/dev_ws/install/xsens_driver/lib/python3.8/site-packages'
[60.860s] Level 1:colcon.colcon_core.shell:create_environment_hook('xsens_driver', 'pythonpath')
[60.862s] INFO:colcon.colcon_core.shell:Creating environment hook '/app/dev_ws/install/xsens_driver/share/xsens_driver/hook/pythonpath.ps1'
[60.865s] INFO:colcon.colcon_core.shell:Creating environment descriptor '/app/dev_ws/install/xsens_driver/share/xsens_driver/hook/pythonpath.dsv'
[60.866s] INFO:colcon.colcon_core.shell:Creating environment hook '/app/dev_ws/install/xsens_driver/share/xsens_driver/hook/pythonpath.sh'
[60.869s] Level 1:colcon.colcon_core.environment:create_environment_scripts_only(xsens_driver)
[60.871s] INFO:colcon.colcon_core.shell:Creating package script '/app/dev_ws/install/xsens_driver/share/xsens_driver/package.ps1'
[60.873s] INFO:colcon.colcon_core.shell:Creating package descriptor '/app/dev_ws/install/xsens_driver/share/xsens_driver/package.dsv'
[60.875s] INFO:colcon.colcon_core.shell:Creating package script '/app/dev_ws/install/xsens_driver/share/xsens_driver/package.sh'
[60.877s] INFO:colcon.colcon_core.shell:Creating package script '/app/dev_ws/install/xsens_driver/share/xsens_driver/package.bash'
[60.879s] INFO:colcon.colcon_core.shell:Creating package script '/app/dev_ws/install/xsens_driver/share/xsens_driver/package.zsh'
[60.881s] Level 1:colcon.colcon_core.environment:create_file_with_runtime_dependencies(/app/dev_ws/install/xsens_driver/share/colcon-core/packages/xsens_driver)
[60.882s] DEBUG:colcon.colcon_parallel_executor.executor.parallel:closing loop
[60.884s] DEBUG:colcon.colcon_parallel_executor.executor.parallel:loop closed
[60.884s] DEBUG:colcon.colcon_parallel_executor.executor.parallel:run_until_complete finished with '0'
[60.885s] DEBUG:colcon.colcon_core.event_reactor:joining thread
[60.921s] INFO:colcon.colcon_core.plugin_system:Skipping extension 'colcon_notification.desktop_notification.notify_send': Could not find 'notify-send'
[60.922s] INFO:colcon.colcon_core.plugin_system:Skipping extension 'colcon_notification.desktop_notification.terminal_notifier': Not used on non-Darwin systems
[60.922s] INFO:colcon.colcon_core.plugin_system:Skipping extension 'colcon_notification.desktop_notification.win32': Not used on non-Windows systems
[60.923s] INFO:colcon.colcon_notification.desktop_notification:Sending desktop notification using 'notify2'
[60.952s] DEBUG:colcon.colcon_notification.desktop_notification.notify2:Failed to initialize notify2: org.freedesktop.DBus.Error.ServiceUnknown: The name org.freedesktop.Notifications was not provided by any .service files
[60.953s] DEBUG:colcon.colcon_core.event_reactor:joined thread
[60.959s] INFO:colcon.colcon_core.shell:Creating prefix script '/app/dev_ws/install/local_setup.ps1'
[60.969s] INFO:colcon.colcon_core.shell:Creating prefix util module '/app/dev_ws/install/_local_setup_util_ps1.py'
[60.978s] INFO:colcon.colcon_core.shell:Creating prefix chain script '/app/dev_ws/install/setup.ps1'
[60.984s] INFO:colcon.colcon_core.shell:Creating prefix script '/app/dev_ws/install/local_setup.sh'
[60.989s] INFO:colcon.colcon_core.shell:Creating prefix util module '/app/dev_ws/install/_local_setup_util_sh.py'
[60.993s] INFO:colcon.colcon_core.shell:Creating prefix chain script '/app/dev_ws/install/setup.sh'
[60.999s] INFO:colcon.colcon_core.shell:Creating prefix script '/app/dev_ws/install/local_setup.bash'
[61.002s] INFO:colcon.colcon_core.shell:Creating prefix chain script '/app/dev_ws/install/setup.bash'
[61.052s] INFO:colcon.colcon_core.shell:Creating prefix script '/app/dev_ws/install/local_setup.zsh'
[61.054s] INFO:colcon.colcon_core.shell:Creating prefix chain script '/app/dev_ws/install/setup.zsh'
