[3.772s] Invoking command in '/app/dev_ws/src/central': PYTHONPATH=/app/dev_ws/install/central/lib/python3.8/site-packages:${PYTHONPATH} /usr/bin/python3 setup.py egg_info --egg-base ../../build/central build --build-base /app/dev_ws/build/central/build install --prefix /app/dev_ws/install/central --record /app/dev_ws/build/central/install.log --single-version-externally-managed
[4.960s] running egg_info
[4.962s] writing ../../build/central/central.egg-info/PKG-INFO
[4.964s] writing dependency_links to ../../build/central/central.egg-info/dependency_links.txt
[4.964s] writing entry points to ../../build/central/central.egg-info/entry_points.txt
[4.966s] writing requirements to ../../build/central/central.egg-info/requires.txt
[4.966s] writing top-level names to ../../build/central/central.egg-info/top_level.txt
[5.134s] reading manifest file '../../build/central/central.egg-info/SOURCES.txt'
[5.139s] writing manifest file '../../build/central/central.egg-info/SOURCES.txt'
[5.139s] running build
[5.140s] running build_py
[5.140s] copying central/central_data.py -> /app/dev_ws/build/central/build/lib/central
[5.144s] running install
[5.149s] running install_lib
[5.154s] copying /app/dev_ws/build/central/build/lib/central/central_data.py -> /app/dev_ws/install/central/lib/python3.8/site-packages/central
[5.158s] byte-compiling /app/dev_ws/install/central/lib/python3.8/site-packages/central/central_data.py to central_data.cpython-38.pyc
[5.183s] running install_data
[5.185s] running install_egg_info
[5.193s] removing '/app/dev_ws/install/central/lib/python3.8/site-packages/central-0.0.0-py3.8.egg-info' (and everything under it)
[5.196s] Copying ../../build/central/central.egg-info to /app/dev_ws/install/central/lib/python3.8/site-packages/central-0.0.0-py3.8.egg-info
[5.202s] running install_scripts
[5.288s] Installing collect_data script to /app/dev_ws/install/central/lib/central
[5.290s] Installing config script to /app/dev_ws/install/central/lib/central
[5.292s] writing list of installed files to '/app/dev_ws/build/central/install.log'
[5.409s] Invoked command in '/app/dev_ws/src/central' returned '0': PYTHONPATH=/app/dev_ws/install/central/lib/python3.8/site-packages:${PYTHONPATH} /usr/bin/python3 setup.py egg_info --egg-base ../../build/central build --build-base /app/dev_ws/build/central/build install --prefix /app/dev_ws/install/central --record /app/dev_ws/build/central/install.log --single-version-externally-managed
