[0.136s] Invoking command in '/app/dev_ws/build/xsens_msgs': CMAKE_PREFIX_PATH=${CMAKE_PREFIX_PATH}:/app/dev_ws/install/xsens_driver:/app/dev_ws/install/cam_client:/app/dev_ws/install/ntrip_client:/app/dev_ws/install/central:/opt/ros/foxy /usr/bin/cmake --build /app/dev_ws/build/xsens_msgs -- -j4 -l4
[0.369s] -- Found ament_cmake: 0.9.9 (/opt/ros/foxy/share/ament_cmake/cmake)
[0.564s] -- Found PythonInterp: /usr/bin/python3 (found suitable version "3.8.10", minimum required is "3") 
[0.564s] -- Using PYTHON_EXECUTABLE: /usr/bin/python3
[1.642s] -- Found std_msgs: 2.0.5 (/opt/ros/foxy/share/std_msgs/cmake)
[1.816s] -- Using all available rosidl_typesupport_c: rosidl_typesupport_fastrtps_c;rosidl_typesupport_introspection_c
[1.846s] -- Found rosidl_adapter: 1.2.1 (/opt/ros/foxy/share/rosidl_adapter/cmake)
[3.096s] -- Using all available rosidl_typesupport_cpp: rosidl_typesupport_fastrtps_cpp;rosidl_typesupport_introspection_cpp
[3.401s] -- Found rosidl_default_generators: 1.0.1 (/opt/ros/foxy/share/rosidl_default_generators/cmake)
[3.463s] -- Found sensor_msgs: 2.0.5 (/opt/ros/foxy/share/sensor_msgs/cmake)
[4.185s] -- Found PythonInterp: /usr/bin/python3 (found version "3.8.10") 
[5.181s] CMake Error at /opt/ros/foxy/share/rosidl_adapter/cmake/rosidl_adapt_interfaces.cmake:60 (message):
[5.181s]   execute_process(/usr/bin/python3 -m rosidl_adapter --package-name
[5.183s]   xsens_msgs --arguments-file
[5.183s]   /app/dev_ws/build/xsens_msgs/rosidl_adapter__arguments__xsens_msgs.json
[5.184s]   --output-dir /app/dev_ws/build/xsens_msgs/rosidl_adapter/xsens_msgs
[5.184s]   --output-file /app/dev_ws/build/xsens_msgs/rosidl_adapter/xsens_msgs.idls)
[5.184s]   returned error code 1:
[5.185s] 
[5.186s]   Error processing 'int64 hAcc' of 'xsens_msgs/GnsNP': ''hAcc' is an invalid
[5.186s]   field name.  It should have the pattern
[5.186s]   '^(?!.*__)(?!.*_$)[a-z][a-z0-9_]*$''
[5.187s] 
[5.187s]   Traceback (most recent call last):
[5.187s] 
[5.188s]     File "/usr/lib/python3.8/runpy.py", line 194, in _run_module_as_main
[5.188s]       return _run_code(code, main_globals, None,
[5.188s]     File "/usr/lib/python3.8/runpy.py", line 87, in _run_code
[5.189s]       exec(code, run_globals)
[5.189s]     File "/opt/ros/foxy/lib/python3.8/site-packages/rosidl_adapter/__main__.py", line 19, in <module>
[5.189s]       sys.exit(main())
[5.190s]     File "/opt/ros/foxy/lib/python3.8/site-packages/rosidl_adapter/main.py", line 53, in main
[5.190s]       abs_idl_file = convert_to_idl(
[5.190s]     File "/opt/ros/foxy/lib/python3.8/site-packages/rosidl_adapter/__init__.py", line 19, in convert_to_idl
[5.191s]       return convert_msg_to_idl(
[5.191s]     File "/opt/ros/foxy/lib/python3.8/site-packages/rosidl_adapter/msg/__init__.py", line 28, in convert_msg_to_idl
[5.191s]       msg = parse_message_string(package_name, input_file.stem, content)
[5.192s]     File "/opt/ros/foxy/lib/python3.8/site-packages/rosidl_adapter/parser.py", line 515, in parse_message_string
[5.192s]       fields.append(Field(
[5.192s]     File "/opt/ros/foxy/lib/python3.8/site-packages/rosidl_adapter/parser.py", line 353, in __init__
[5.193s]       raise NameError(
[5.193s] 
[5.193s]   NameError: 'hAcc' is an invalid field name.  It should have the pattern
[5.194s]   '^(?!.*__)(?!.*_$)[a-z][a-z0-9_]*$'
[5.194s] 
[5.194s] Call Stack (most recent call first):
[5.195s]   /opt/ros/foxy/share/rosidl_cmake/cmake/rosidl_generate_interfaces.cmake:130 (rosidl_adapt_interfaces)
[5.196s]   CMakeLists.txt:44 (rosidl_generate_interfaces)
[5.196s] 
[5.196s] 
[5.202s] -- Configuring incomplete, errors occurred!
[5.202s] See also "/app/dev_ws/build/xsens_msgs/CMakeFiles/CMakeOutput.log".
[5.215s] make: *** [Makefile:4348: cmake_check_build_system] Error 1
[5.223s] Invoked command in '/app/dev_ws/build/xsens_msgs' returned '2': CMAKE_PREFIX_PATH=${CMAKE_PREFIX_PATH}:/app/dev_ws/install/xsens_driver:/app/dev_ws/install/cam_client:/app/dev_ws/install/ntrip_client:/app/dev_ws/install/central:/opt/ros/foxy /usr/bin/cmake --build /app/dev_ws/build/xsens_msgs -- -j4 -l4
