[0.796s] DEBUG:colcon:Command line arguments: ['/usr/bin/colcon', 'build', '--packages-select', 'xsens_msgs']
[0.797s] DEBUG:colcon:Parsed command line arguments: Namespace(allow_overriding=[], ament_cmake_args=None, base_paths=['.'], build_base='build', catkin_cmake_args=None, catkin_skip_building_tests=False, cmake_args=None, cmake_clean_cache=False, cmake_clean_first=False, cmake_force_configure=False, cmake_target=None, cmake_target_skip_unavailable=False, continue_on_error=False, event_handlers=None, executor='parallel', ignore_user_meta=False, install_base='install', log_base=None, log_level=None, main=<bound method BuildVerb.main of <colcon_core.verb.build.BuildVerb object at 0xffff841d3b80>>, merge_install=False, metas=['./colcon.meta'], mixin=None, mixin_files=None, mixin_verb=('build',), packages_above=None, packages_above_and_dependencies=None, packages_above_depth=None, packages_end=None, packages_ignore=None, packages_ignore_regex=None, packages_select=['xsens_msgs'], packages_select_build_failed=False, packages_select_by_dep=None, packages_select_regex=None, packages_select_test_failures=False, packages_skip=None, packages_skip_build_finished=False, packages_skip_by_dep=None, packages_skip_regex=None, packages_skip_test_passed=False, packages_skip_up_to=None, packages_start=None, packages_up_to=None, packages_up_to_regex=None, parallel_workers=4, paths=None, symlink_install=False, test_result_base=None, verb_extension=<colcon_core.verb.build.BuildVerb object at 0xffff841d3b80>, verb_name='build', verb_parser=<colcon_mixin.mixin.mixin_argument.MixinArgumentDecorator object at 0xffff841df190>)
[0.824s] Level 1:colcon.colcon_core.package_discovery:discover_packages(colcon_meta) check parameters
[0.827s] INFO:colcon.colcon_metadata.package_discovery.colcon_meta:Using configuration from '/root/.colcon/metadata/default/Gazebo.meta'
[0.830s] INFO:colcon.colcon_metadata.package_discovery.colcon_meta:Using configuration from '/root/.colcon/metadata/default/fastrtps.meta'
[0.830s] Level 1:colcon.colcon_core.package_discovery:discover_packages(recursive) check parameters
[0.830s] Level 1:colcon.colcon_core.package_discovery:discover_packages(ignore) check parameters
[0.830s] Level 1:colcon.colcon_core.package_discovery:discover_packages(path) check parameters
[0.831s] Level 1:colcon.colcon_core.package_discovery:discover_packages(colcon_meta) discover
[0.831s] Level 1:colcon.colcon_core.package_discovery:discover_packages(recursive) discover
[0.831s] INFO:colcon.colcon_core.package_discovery:Crawling recursively for packages in '/app/dev_ws'
[0.832s] Level 1:colcon.colcon_core.package_identification:_identify(.) by extensions ['ignore', 'ignore_ament_install']
[0.832s] Level 1:colcon.colcon_core.package_identification:_identify(.) by extension 'ignore'
[0.832s] Level 1:colcon.colcon_core.package_identification:_identify(.) by extension 'ignore_ament_install'
[0.833s] Level 1:colcon.colcon_core.package_identification:_identify(.) by extensions ['colcon_pkg']
[0.833s] Level 1:colcon.colcon_core.package_identification:_identify(.) by extension 'colcon_pkg'
[0.833s] Level 1:colcon.colcon_core.package_identification:_identify(.) by extensions ['colcon_meta']
[0.833s] Level 1:colcon.colcon_core.package_identification:_identify(.) by extension 'colcon_meta'
[0.833s] Level 1:colcon.colcon_core.package_identification:_identify(.) by extensions ['ros']
[0.834s] Level 1:colcon.colcon_core.package_identification:_identify(.) by extension 'ros'
[0.885s] Level 1:colcon.colcon_core.package_identification:_identify(.) by extensions ['cmake', 'python']
[0.885s] Level 1:colcon.colcon_core.package_identification:_identify(.) by extension 'cmake'
[0.885s] Level 1:colcon.colcon_core.package_identification:_identify(.) by extension 'python'
[0.886s] Level 1:colcon.colcon_core.package_identification:_identify(.) by extensions ['python_setup_py']
[0.886s] Level 1:colcon.colcon_core.package_identification:_identify(.) by extension 'python_setup_py'
[0.886s] Level 1:colcon.colcon_core.package_identification:_identify(build) by extensions ['ignore', 'ignore_ament_install']
[0.887s] Level 1:colcon.colcon_core.package_identification:_identify(build) by extension 'ignore'
[0.887s] Level 1:colcon.colcon_core.package_identification:_identify(build) ignored
[0.888s] Level 1:colcon.colcon_core.package_identification:_identify(install) by extensions ['ignore', 'ignore_ament_install']
[0.888s] Level 1:colcon.colcon_core.package_identification:_identify(install) by extension 'ignore'
[0.889s] Level 1:colcon.colcon_core.package_identification:_identify(install) ignored
[0.889s] Level 1:colcon.colcon_core.package_identification:_identify(log) by extensions ['ignore', 'ignore_ament_install']
[0.890s] Level 1:colcon.colcon_core.package_identification:_identify(log) by extension 'ignore'
[0.890s] Level 1:colcon.colcon_core.package_identification:_identify(log) ignored
[0.890s] Level 1:colcon.colcon_core.package_identification:_identify(src) by extensions ['ignore', 'ignore_ament_install']
[0.891s] Level 1:colcon.colcon_core.package_identification:_identify(src) by extension 'ignore'
[0.891s] Level 1:colcon.colcon_core.package_identification:_identify(src) by extension 'ignore_ament_install'
[0.891s] Level 1:colcon.colcon_core.package_identification:_identify(src) by extensions ['colcon_pkg']
[0.891s] Level 1:colcon.colcon_core.package_identification:_identify(src) by extension 'colcon_pkg'
[0.892s] Level 1:colcon.colcon_core.package_identification:_identify(src) by extensions ['colcon_meta']
[0.892s] Level 1:colcon.colcon_core.package_identification:_identify(src) by extension 'colcon_meta'
[0.892s] Level 1:colcon.colcon_core.package_identification:_identify(src) by extensions ['ros']
[0.892s] Level 1:colcon.colcon_core.package_identification:_identify(src) by extension 'ros'
[0.893s] Level 1:colcon.colcon_core.package_identification:_identify(src) by extensions ['cmake', 'python']
[0.893s] Level 1:colcon.colcon_core.package_identification:_identify(src) by extension 'cmake'
[0.893s] Level 1:colcon.colcon_core.package_identification:_identify(src) by extension 'python'
[0.893s] Level 1:colcon.colcon_core.package_identification:_identify(src) by extensions ['python_setup_py']
[0.893s] Level 1:colcon.colcon_core.package_identification:_identify(src) by extension 'python_setup_py'
[0.894s] Level 1:colcon.colcon_core.package_identification:_identify(src/central) by extensions ['ignore', 'ignore_ament_install']
[0.894s] Level 1:colcon.colcon_core.package_identification:_identify(src/central) by extension 'ignore'
[0.894s] Level 1:colcon.colcon_core.package_identification:_identify(src/central) by extension 'ignore_ament_install'
[0.895s] Level 1:colcon.colcon_core.package_identification:_identify(src/central) by extensions ['colcon_pkg']
[0.895s] Level 1:colcon.colcon_core.package_identification:_identify(src/central) by extension 'colcon_pkg'
[0.895s] Level 1:colcon.colcon_core.package_identification:_identify(src/central) by extensions ['colcon_meta']
[0.895s] Level 1:colcon.colcon_core.package_identification:_identify(src/central) by extension 'colcon_meta'
[0.895s] Level 1:colcon.colcon_core.package_identification:_identify(src/central) by extensions ['ros']
[0.895s] Level 1:colcon.colcon_core.package_identification:_identify(src/central) by extension 'ros'
[0.905s] DEBUG:colcon.colcon_core.package_identification:Package 'src/central' with type 'ros.ament_python' and name 'central'
[0.906s] Level 1:colcon.colcon_core.package_identification:_identify(src/ntrip_client) by extensions ['ignore', 'ignore_ament_install']
[0.906s] Level 1:colcon.colcon_core.package_identification:_identify(src/ntrip_client) by extension 'ignore'
[0.906s] Level 1:colcon.colcon_core.package_identification:_identify(src/ntrip_client) by extension 'ignore_ament_install'
[0.907s] Level 1:colcon.colcon_core.package_identification:_identify(src/ntrip_client) by extensions ['colcon_pkg']
[0.907s] Level 1:colcon.colcon_core.package_identification:_identify(src/ntrip_client) by extension 'colcon_pkg'
[0.907s] Level 1:colcon.colcon_core.package_identification:_identify(src/ntrip_client) by extensions ['colcon_meta']
[0.907s] Level 1:colcon.colcon_core.package_identification:_identify(src/ntrip_client) by extension 'colcon_meta'
[0.907s] Level 1:colcon.colcon_core.package_identification:_identify(src/ntrip_client) by extensions ['ros']
[0.908s] Level 1:colcon.colcon_core.package_identification:_identify(src/ntrip_client) by extension 'ros'
[0.910s] DEBUG:colcon.colcon_core.package_identification:Package 'src/ntrip_client' with type 'ros.ament_python' and name 'ntrip_client'
[0.911s] Level 1:colcon.colcon_core.package_identification:_identify(src/rosbridge_suite) by extensions ['ignore', 'ignore_ament_install']
[0.911s] Level 1:colcon.colcon_core.package_identification:_identify(src/rosbridge_suite) by extension 'ignore'
[0.911s] Level 1:colcon.colcon_core.package_identification:_identify(src/rosbridge_suite) by extension 'ignore_ament_install'
[0.911s] Level 1:colcon.colcon_core.package_identification:_identify(src/rosbridge_suite) by extensions ['colcon_pkg']
[0.912s] Level 1:colcon.colcon_core.package_identification:_identify(src/rosbridge_suite) by extension 'colcon_pkg'
[0.912s] Level 1:colcon.colcon_core.package_identification:_identify(src/rosbridge_suite) by extensions ['colcon_meta']
[0.912s] Level 1:colcon.colcon_core.package_identification:_identify(src/rosbridge_suite) by extension 'colcon_meta'
[0.912s] Level 1:colcon.colcon_core.package_identification:_identify(src/rosbridge_suite) by extensions ['ros']
[0.912s] Level 1:colcon.colcon_core.package_identification:_identify(src/rosbridge_suite) by extension 'ros'
[0.913s] Level 1:colcon.colcon_core.package_identification:_identify(src/rosbridge_suite) by extensions ['cmake', 'python']
[0.913s] Level 1:colcon.colcon_core.package_identification:_identify(src/rosbridge_suite) by extension 'cmake'
[0.913s] Level 1:colcon.colcon_core.package_identification:_identify(src/rosbridge_suite) by extension 'python'
[0.913s] Level 1:colcon.colcon_core.package_identification:_identify(src/rosbridge_suite) by extensions ['python_setup_py']
[0.914s] Level 1:colcon.colcon_core.package_identification:_identify(src/rosbridge_suite) by extension 'python_setup_py'
[0.914s] Level 1:colcon.colcon_core.package_identification:_identify(src/rosbridge_suite/rosapi) by extensions ['ignore', 'ignore_ament_install']
[0.915s] Level 1:colcon.colcon_core.package_identification:_identify(src/rosbridge_suite/rosapi) by extension 'ignore'
[0.915s] Level 1:colcon.colcon_core.package_identification:_identify(src/rosbridge_suite/rosapi) by extension 'ignore_ament_install'
[0.915s] Level 1:colcon.colcon_core.package_identification:_identify(src/rosbridge_suite/rosapi) by extensions ['colcon_pkg']
[0.915s] Level 1:colcon.colcon_core.package_identification:_identify(src/rosbridge_suite/rosapi) by extension 'colcon_pkg'
[0.916s] Level 1:colcon.colcon_core.package_identification:_identify(src/rosbridge_suite/rosapi) by extensions ['colcon_meta']
[0.916s] Level 1:colcon.colcon_core.package_identification:_identify(src/rosbridge_suite/rosapi) by extension 'colcon_meta'
[0.916s] Level 1:colcon.colcon_core.package_identification:_identify(src/rosbridge_suite/rosapi) by extensions ['ros']
[0.916s] Level 1:colcon.colcon_core.package_identification:_identify(src/rosbridge_suite/rosapi) by extension 'ros'
[0.920s] DEBUG:colcon.colcon_core.package_identification:Package 'src/rosbridge_suite/rosapi' with type 'ros.ament_cmake' and name 'rosapi'
[0.920s] Level 1:colcon.colcon_core.package_identification:_identify(src/rosbridge_suite/rosapi_msgs) by extensions ['ignore', 'ignore_ament_install']
[0.921s] Level 1:colcon.colcon_core.package_identification:_identify(src/rosbridge_suite/rosapi_msgs) by extension 'ignore'
[0.921s] Level 1:colcon.colcon_core.package_identification:_identify(src/rosbridge_suite/rosapi_msgs) by extension 'ignore_ament_install'
[0.921s] Level 1:colcon.colcon_core.package_identification:_identify(src/rosbridge_suite/rosapi_msgs) by extensions ['colcon_pkg']
[0.921s] Level 1:colcon.colcon_core.package_identification:_identify(src/rosbridge_suite/rosapi_msgs) by extension 'colcon_pkg'
[0.922s] Level 1:colcon.colcon_core.package_identification:_identify(src/rosbridge_suite/rosapi_msgs) by extensions ['colcon_meta']
[0.922s] Level 1:colcon.colcon_core.package_identification:_identify(src/rosbridge_suite/rosapi_msgs) by extension 'colcon_meta'
[0.922s] Level 1:colcon.colcon_core.package_identification:_identify(src/rosbridge_suite/rosapi_msgs) by extensions ['ros']
[0.922s] Level 1:colcon.colcon_core.package_identification:_identify(src/rosbridge_suite/rosapi_msgs) by extension 'ros'
[0.925s] DEBUG:colcon.colcon_core.package_identification:Package 'src/rosbridge_suite/rosapi_msgs' with type 'ros.ament_cmake' and name 'rosapi_msgs'
[0.926s] Level 1:colcon.colcon_core.package_identification:_identify(src/rosbridge_suite/rosbridge_library) by extensions ['ignore', 'ignore_ament_install']
[0.926s] Level 1:colcon.colcon_core.package_identification:_identify(src/rosbridge_suite/rosbridge_library) by extension 'ignore'
[0.927s] Level 1:colcon.colcon_core.package_identification:_identify(src/rosbridge_suite/rosbridge_library) by extension 'ignore_ament_install'
[0.927s] Level 1:colcon.colcon_core.package_identification:_identify(src/rosbridge_suite/rosbridge_library) by extensions ['colcon_pkg']
[0.927s] Level 1:colcon.colcon_core.package_identification:_identify(src/rosbridge_suite/rosbridge_library) by extension 'colcon_pkg'
[0.927s] Level 1:colcon.colcon_core.package_identification:_identify(src/rosbridge_suite/rosbridge_library) by extensions ['colcon_meta']
[0.927s] Level 1:colcon.colcon_core.package_identification:_identify(src/rosbridge_suite/rosbridge_library) by extension 'colcon_meta'
[0.928s] Level 1:colcon.colcon_core.package_identification:_identify(src/rosbridge_suite/rosbridge_library) by extensions ['ros']
[0.928s] Level 1:colcon.colcon_core.package_identification:_identify(src/rosbridge_suite/rosbridge_library) by extension 'ros'
[0.931s] DEBUG:colcon.colcon_core.package_identification:Package 'src/rosbridge_suite/rosbridge_library' with type 'ros.ament_cmake' and name 'rosbridge_library'
[0.932s] Level 1:colcon.colcon_core.package_identification:_identify(src/rosbridge_suite/rosbridge_msgs) by extensions ['ignore', 'ignore_ament_install']
[0.932s] Level 1:colcon.colcon_core.package_identification:_identify(src/rosbridge_suite/rosbridge_msgs) by extension 'ignore'
[0.933s] Level 1:colcon.colcon_core.package_identification:_identify(src/rosbridge_suite/rosbridge_msgs) by extension 'ignore_ament_install'
[0.933s] Level 1:colcon.colcon_core.package_identification:_identify(src/rosbridge_suite/rosbridge_msgs) by extensions ['colcon_pkg']
[0.933s] Level 1:colcon.colcon_core.package_identification:_identify(src/rosbridge_suite/rosbridge_msgs) by extension 'colcon_pkg'
[0.933s] Level 1:colcon.colcon_core.package_identification:_identify(src/rosbridge_suite/rosbridge_msgs) by extensions ['colcon_meta']
[0.933s] Level 1:colcon.colcon_core.package_identification:_identify(src/rosbridge_suite/rosbridge_msgs) by extension 'colcon_meta'
[0.934s] Level 1:colcon.colcon_core.package_identification:_identify(src/rosbridge_suite/rosbridge_msgs) by extensions ['ros']
[0.934s] Level 1:colcon.colcon_core.package_identification:_identify(src/rosbridge_suite/rosbridge_msgs) by extension 'ros'
[0.936s] DEBUG:colcon.colcon_core.package_identification:Package 'src/rosbridge_suite/rosbridge_msgs' with type 'ros.ament_cmake' and name 'rosbridge_msgs'
[0.937s] Level 1:colcon.colcon_core.package_identification:_identify(src/rosbridge_suite/rosbridge_server) by extensions ['ignore', 'ignore_ament_install']
[0.938s] Level 1:colcon.colcon_core.package_identification:_identify(src/rosbridge_suite/rosbridge_server) by extension 'ignore'
[0.938s] Level 1:colcon.colcon_core.package_identification:_identify(src/rosbridge_suite/rosbridge_server) by extension 'ignore_ament_install'
[0.938s] Level 1:colcon.colcon_core.package_identification:_identify(src/rosbridge_suite/rosbridge_server) by extensions ['colcon_pkg']
[0.939s] Level 1:colcon.colcon_core.package_identification:_identify(src/rosbridge_suite/rosbridge_server) by extension 'colcon_pkg'
[0.939s] Level 1:colcon.colcon_core.package_identification:_identify(src/rosbridge_suite/rosbridge_server) by extensions ['colcon_meta']
[0.939s] Level 1:colcon.colcon_core.package_identification:_identify(src/rosbridge_suite/rosbridge_server) by extension 'colcon_meta'
[0.939s] Level 1:colcon.colcon_core.package_identification:_identify(src/rosbridge_suite/rosbridge_server) by extensions ['ros']
[0.939s] Level 1:colcon.colcon_core.package_identification:_identify(src/rosbridge_suite/rosbridge_server) by extension 'ros'
[0.942s] DEBUG:colcon.colcon_core.package_identification:Package 'src/rosbridge_suite/rosbridge_server' with type 'ros.ament_cmake' and name 'rosbridge_server'
[0.943s] Level 1:colcon.colcon_core.package_identification:_identify(src/rosbridge_suite/rosbridge_suite) by extensions ['ignore', 'ignore_ament_install']
[0.944s] Level 1:colcon.colcon_core.package_identification:_identify(src/rosbridge_suite/rosbridge_suite) by extension 'ignore'
[0.944s] Level 1:colcon.colcon_core.package_identification:_identify(src/rosbridge_suite/rosbridge_suite) by extension 'ignore_ament_install'
[0.944s] Level 1:colcon.colcon_core.package_identification:_identify(src/rosbridge_suite/rosbridge_suite) by extensions ['colcon_pkg']
[0.944s] Level 1:colcon.colcon_core.package_identification:_identify(src/rosbridge_suite/rosbridge_suite) by extension 'colcon_pkg'
[0.944s] Level 1:colcon.colcon_core.package_identification:_identify(src/rosbridge_suite/rosbridge_suite) by extensions ['colcon_meta']
[0.945s] Level 1:colcon.colcon_core.package_identification:_identify(src/rosbridge_suite/rosbridge_suite) by extension 'colcon_meta'
[0.945s] Level 1:colcon.colcon_core.package_identification:_identify(src/rosbridge_suite/rosbridge_suite) by extensions ['ros']
[0.945s] Level 1:colcon.colcon_core.package_identification:_identify(src/rosbridge_suite/rosbridge_suite) by extension 'ros'
[0.947s] DEBUG:colcon.colcon_core.package_identification:Package 'src/rosbridge_suite/rosbridge_suite' with type 'ros.ament_cmake' and name 'rosbridge_suite'
[0.948s] Level 1:colcon.colcon_core.package_identification:_identify(src/rosbridge_suite/rosbridge_test_msgs) by extensions ['ignore', 'ignore_ament_install']
[0.948s] Level 1:colcon.colcon_core.package_identification:_identify(src/rosbridge_suite/rosbridge_test_msgs) by extension 'ignore'
[0.949s] Level 1:colcon.colcon_core.package_identification:_identify(src/rosbridge_suite/rosbridge_test_msgs) by extension 'ignore_ament_install'
[0.949s] Level 1:colcon.colcon_core.package_identification:_identify(src/rosbridge_suite/rosbridge_test_msgs) by extensions ['colcon_pkg']
[0.949s] Level 1:colcon.colcon_core.package_identification:_identify(src/rosbridge_suite/rosbridge_test_msgs) by extension 'colcon_pkg'
[0.949s] Level 1:colcon.colcon_core.package_identification:_identify(src/rosbridge_suite/rosbridge_test_msgs) by extensions ['colcon_meta']
[0.950s] Level 1:colcon.colcon_core.package_identification:_identify(src/rosbridge_suite/rosbridge_test_msgs) by extension 'colcon_meta'
[0.950s] Level 1:colcon.colcon_core.package_identification:_identify(src/rosbridge_suite/rosbridge_test_msgs) by extensions ['ros']
[0.950s] Level 1:colcon.colcon_core.package_identification:_identify(src/rosbridge_suite/rosbridge_test_msgs) by extension 'ros'
[0.954s] DEBUG:colcon.colcon_core.package_identification:Package 'src/rosbridge_suite/rosbridge_test_msgs' with type 'ros.ament_cmake' and name 'rosbridge_test_msgs'
[0.955s] Level 1:colcon.colcon_core.package_identification:_identify(src/xsens_driver) by extensions ['ignore', 'ignore_ament_install']
[0.959s] Level 1:colcon.colcon_core.package_identification:_identify(src/xsens_driver) by extension 'ignore'
[0.960s] Level 1:colcon.colcon_core.package_identification:_identify(src/xsens_driver) by extension 'ignore_ament_install'
[0.960s] Level 1:colcon.colcon_core.package_identification:_identify(src/xsens_driver) by extensions ['colcon_pkg']
[0.960s] Level 1:colcon.colcon_core.package_identification:_identify(src/xsens_driver) by extension 'colcon_pkg'
[0.961s] Level 1:colcon.colcon_core.package_identification:_identify(src/xsens_driver) by extensions ['colcon_meta']
[0.961s] Level 1:colcon.colcon_core.package_identification:_identify(src/xsens_driver) by extension 'colcon_meta'
[0.961s] Level 1:colcon.colcon_core.package_identification:_identify(src/xsens_driver) by extensions ['ros']
[0.961s] Level 1:colcon.colcon_core.package_identification:_identify(src/xsens_driver) by extension 'ros'
[0.965s] DEBUG:colcon.colcon_core.package_identification:Package 'src/xsens_driver' with type 'ros.ament_python' and name 'xsens_driver'
[0.965s] Level 1:colcon.colcon_core.package_identification:_identify(src/xsens_msgs) by extensions ['ignore', 'ignore_ament_install']
[0.966s] Level 1:colcon.colcon_core.package_identification:_identify(src/xsens_msgs) by extension 'ignore'
[0.966s] Level 1:colcon.colcon_core.package_identification:_identify(src/xsens_msgs) by extension 'ignore_ament_install'
[0.966s] Level 1:colcon.colcon_core.package_identification:_identify(src/xsens_msgs) by extensions ['colcon_pkg']
[0.966s] Level 1:colcon.colcon_core.package_identification:_identify(src/xsens_msgs) by extension 'colcon_pkg'
[0.967s] Level 1:colcon.colcon_core.package_identification:_identify(src/xsens_msgs) by extensions ['colcon_meta']
[0.967s] Level 1:colcon.colcon_core.package_identification:_identify(src/xsens_msgs) by extension 'colcon_meta'
[0.967s] Level 1:colcon.colcon_core.package_identification:_identify(src/xsens_msgs) by extensions ['ros']
[0.967s] Level 1:colcon.colcon_core.package_identification:_identify(src/xsens_msgs) by extension 'ros'
[0.970s] DEBUG:colcon.colcon_core.package_identification:Package 'src/xsens_msgs' with type 'ros.ament_cmake' and name 'xsens_msgs'
[0.970s] Level 1:colcon.colcon_core.package_identification:_identify(webUI) by extensions ['ignore', 'ignore_ament_install']
[0.971s] Level 1:colcon.colcon_core.package_identification:_identify(webUI) by extension 'ignore'
[0.971s] Level 1:colcon.colcon_core.package_identification:_identify(webUI) by extension 'ignore_ament_install'
[0.972s] Level 1:colcon.colcon_core.package_identification:_identify(webUI) by extensions ['colcon_pkg']
[0.972s] Level 1:colcon.colcon_core.package_identification:_identify(webUI) by extension 'colcon_pkg'
[0.972s] Level 1:colcon.colcon_core.package_identification:_identify(webUI) by extensions ['colcon_meta']
[0.972s] Level 1:colcon.colcon_core.package_identification:_identify(webUI) by extension 'colcon_meta'
[0.972s] Level 1:colcon.colcon_core.package_identification:_identify(webUI) by extensions ['ros']
[0.973s] Level 1:colcon.colcon_core.package_identification:_identify(webUI) by extension 'ros'
[0.973s] Level 1:colcon.colcon_core.package_identification:_identify(webUI) by extensions ['cmake', 'python']
[0.973s] Level 1:colcon.colcon_core.package_identification:_identify(webUI) by extension 'cmake'
[0.973s] Level 1:colcon.colcon_core.package_identification:_identify(webUI) by extension 'python'
[0.974s] Level 1:colcon.colcon_core.package_identification:_identify(webUI) by extensions ['python_setup_py']
[0.974s] Level 1:colcon.colcon_core.package_identification:_identify(webUI) by extension 'python_setup_py'
[0.975s] Level 1:colcon.colcon_core.package_identification:_identify(webUI/node_modules) by extensions ['ignore', 'ignore_ament_install']
[0.975s] Level 1:colcon.colcon_core.package_identification:_identify(webUI/node_modules) by extension 'ignore'
[0.975s] Level 1:colcon.colcon_core.package_identification:_identify(webUI/node_modules) by extension 'ignore_ament_install'
[0.976s] Level 1:colcon.colcon_core.package_identification:_identify(webUI/node_modules) by extensions ['colcon_pkg']
[0.976s] Level 1:colcon.colcon_core.package_identification:_identify(webUI/node_modules) by extension 'colcon_pkg'
[0.976s] Level 1:colcon.colcon_core.package_identification:_identify(webUI/node_modules) by extensions ['colcon_meta']
[0.976s] Level 1:colcon.colcon_core.package_identification:_identify(webUI/node_modules) by extension 'colcon_meta'
[0.976s] Level 1:colcon.colcon_core.package_identification:_identify(webUI/node_modules) by extensions ['ros']
[0.976s] Level 1:colcon.colcon_core.package_identification:_identify(webUI/node_modules) by extension 'ros'
[0.977s] Level 1:colcon.colcon_core.package_identification:_identify(webUI/node_modules) by extensions ['cmake', 'python']
[0.977s] Level 1:colcon.colcon_core.package_identification:_identify(webUI/node_modules) by extension 'cmake'
[0.977s] Level 1:colcon.colcon_core.package_identification:_identify(webUI/node_modules) by extension 'python'
[0.977s] Level 1:colcon.colcon_core.package_identification:_identify(webUI/node_modules) by extensions ['python_setup_py']
[0.978s] Level 1:colcon.colcon_core.package_identification:_identify(webUI/node_modules) by extension 'python_setup_py'
[0.978s] Level 1:colcon.colcon_core.package_identification:_identify(webUI/node_modules/@babel) by extensions ['ignore', 'ignore_ament_install']
[0.978s] Level 1:colcon.colcon_core.package_identification:_identify(webUI/node_modules/@babel) by extension 'ignore'
[0.979s] Level 1:colcon.colcon_core.package_identification:_identify(webUI/node_modules/@babel) by extension 'ignore_ament_install'
[0.979s] Level 1:colcon.colcon_core.package_identification:_identify(webUI/node_modules/@babel) by extensions ['colcon_pkg']
[0.979s] Level 1:colcon.colcon_core.package_identification:_identify(webUI/node_modules/@babel) by extension 'colcon_pkg'
[0.979s] Level 1:colcon.colcon_core.package_identification:_identify(webUI/node_modules/@babel) by extensions ['colcon_meta']
[0.979s] Level 1:colcon.colcon_core.package_identification:_identify(webUI/node_modules/@babel) by extension 'colcon_meta'
[0.980s] Level 1:colcon.colcon_core.package_identification:_identify(webUI/node_modules/@babel) by extensions ['ros']
[0.980s] Level 1:colcon.colcon_core.package_identification:_identify(webUI/node_modules/@babel) by extension 'ros'
[0.980s] Level 1:colcon.colcon_core.package_identification:_identify(webUI/node_modules/@babel) by extensions ['cmake', 'python']
[0.980s] Level 1:colcon.colcon_core.package_identification:_identify(webUI/node_modules/@babel) by extension 'cmake'
[0.981s] Level 1:colcon.colcon_core.package_identification:_identify(webUI/node_modules/@babel) by extension 'python'
[0.981s] Level 1:colcon.colcon_core.package_identification:_identify(webUI/node_modules/@babel) by extensions ['python_setup_py']
[0.981s] Level 1:colcon.colcon_core.package_identification:_identify(webUI/node_modules/@babel) by extension 'python_setup_py'
[0.981s] Level 1:colcon.colcon_core.package_identification:_identify(webUI/node_modules/@babel/parser) by extensions ['ignore', 'ignore_ament_install']
[0.982s] Level 1:colcon.colcon_core.package_identification:_identify(webUI/node_modules/@babel/parser) by extension 'ignore'
[0.982s] Level 1:colcon.colcon_core.package_identification:_identify(webUI/node_modules/@babel/parser) by extension 'ignore_ament_install'
[0.982s] Level 1:colcon.colcon_core.package_identification:_identify(webUI/node_modules/@babel/parser) by extensions ['colcon_pkg']
[0.982s] Level 1:colcon.colcon_core.package_identification:_identify(webUI/node_modules/@babel/parser) by extension 'colcon_pkg'
[0.983s] Level 1:colcon.colcon_core.package_identification:_identify(webUI/node_modules/@babel/parser) by extensions ['colcon_meta']
[0.983s] Level 1:colcon.colcon_core.package_identification:_identify(webUI/node_modules/@babel/parser) by extension 'colcon_meta'
[0.983s] Level 1:colcon.colcon_core.package_identification:_identify(webUI/node_modules/@babel/parser) by extensions ['ros']
[0.983s] Level 1:colcon.colcon_core.package_identification:_identify(webUI/node_modules/@babel/parser) by extension 'ros'
[0.984s] Level 1:colcon.colcon_core.package_identification:_identify(webUI/node_modules/@babel/parser) by extensions ['cmake', 'python']
[0.984s] Level 1:colcon.colcon_core.package_identification:_identify(webUI/node_modules/@babel/parser) by extension 'cmake'
[0.984s] Level 1:colcon.colcon_core.package_identification:_identify(webUI/node_modules/@babel/parser) by extension 'python'
[0.984s] Level 1:colcon.colcon_core.package_identification:_identify(webUI/node_modules/@babel/parser) by extensions ['python_setup_py']
[0.984s] Level 1:colcon.colcon_core.package_identification:_identify(webUI/node_modules/@babel/parser) by extension 'python_setup_py'
[0.985s] Level 1:colcon.colcon_core.package_identification:_identify(webUI/node_modules/@babel/parser/bin) by extensions ['ignore', 'ignore_ament_install']
[0.986s] Level 1:colcon.colcon_core.package_identification:_identify(webUI/node_modules/@babel/parser/bin) by extension 'ignore'
[0.986s] Level 1:colcon.colcon_core.package_identification:_identify(webUI/node_modules/@babel/parser/bin) by extension 'ignore_ament_install'
[0.986s] Level 1:colcon.colcon_core.package_identification:_identify(webUI/node_modules/@babel/parser/bin) by extensions ['colcon_pkg']
[0.986s] Level 1:colcon.colcon_core.package_identification:_identify(webUI/node_modules/@babel/parser/bin) by extension 'colcon_pkg'
[0.987s] Level 1:colcon.colcon_core.package_identification:_identify(webUI/node_modules/@babel/parser/bin) by extensions ['colcon_meta']
[0.987s] Level 1:colcon.colcon_core.package_identification:_identify(webUI/node_modules/@babel/parser/bin) by extension 'colcon_meta'
[0.987s] Level 1:colcon.colcon_core.package_identification:_identify(webUI/node_modules/@babel/parser/bin) by extensions ['ros']
[0.987s] Level 1:colcon.colcon_core.package_identification:_identify(webUI/node_modules/@babel/parser/bin) by extension 'ros'
[0.988s] Level 1:colcon.colcon_core.package_identification:_identify(webUI/node_modules/@babel/parser/bin) by extensions ['cmake', 'python']
[0.988s] Level 1:colcon.colcon_core.package_identification:_identify(webUI/node_modules/@babel/parser/bin) by extension 'cmake'
[0.988s] Level 1:colcon.colcon_core.package_identification:_identify(webUI/node_modules/@babel/parser/bin) by extension 'python'
[0.988s] Level 1:colcon.colcon_core.package_identification:_identify(webUI/node_modules/@babel/parser/bin) by extensions ['python_setup_py']
[0.988s] Level 1:colcon.colcon_core.package_identification:_identify(webUI/node_modules/@babel/parser/bin) by extension 'python_setup_py'
[0.989s] Level 1:colcon.colcon_core.package_identification:_identify(webUI/node_modules/@babel/parser/lib) by extensions ['ignore', 'ignore_ament_install']
[0.989s] Level 1:colcon.colcon_core.package_identification:_identify(webUI/node_modules/@babel/parser/lib) by extension 'ignore'
[0.989s] Level 1:colcon.colcon_core.package_identification:_identify(webUI/node_modules/@babel/parser/lib) by extension 'ignore_ament_install'
[0.990s] Level 1:colcon.colcon_core.package_identification:_identify(webUI/node_modules/@babel/parser/lib) by extensions ['colcon_pkg']
[0.990s] Level 1:colcon.colcon_core.package_identification:_identify(webUI/node_modules/@babel/parser/lib) by extension 'colcon_pkg'
[0.990s] Level 1:colcon.colcon_core.package_identification:_identify(webUI/node_modules/@babel/parser/lib) by extensions ['colcon_meta']
[0.990s] Level 1:colcon.colcon_core.package_identification:_identify(webUI/node_modules/@babel/parser/lib) by extension 'colcon_meta'
[0.990s] Level 1:colcon.colcon_core.package_identification:_identify(webUI/node_modules/@babel/parser/lib) by extensions ['ros']
[0.991s] Level 1:colcon.colcon_core.package_identification:_identify(webUI/node_modules/@babel/parser/lib) by extension 'ros'
[0.991s] Level 1:colcon.colcon_core.package_identification:_identify(webUI/node_modules/@babel/parser/lib) by extensions ['cmake', 'python']
[0.991s] Level 1:colcon.colcon_core.package_identification:_identify(webUI/node_modules/@babel/parser/lib) by extension 'cmake'
[0.991s] Level 1:colcon.colcon_core.package_identification:_identify(webUI/node_modules/@babel/parser/lib) by extension 'python'
[0.991s] Level 1:colcon.colcon_core.package_identification:_identify(webUI/node_modules/@babel/parser/lib) by extensions ['python_setup_py']
[0.992s] Level 1:colcon.colcon_core.package_identification:_identify(webUI/node_modules/@babel/parser/lib) by extension 'python_setup_py'
[0.992s] Level 1:colcon.colcon_core.package_identification:_identify(webUI/node_modules/@babel/parser/typings) by extensions ['ignore', 'ignore_ament_install']
[0.993s] Level 1:colcon.colcon_core.package_identification:_identify(webUI/node_modules/@babel/parser/typings) by extension 'ignore'
[0.993s] Level 1:colcon.colcon_core.package_identification:_identify(webUI/node_modules/@babel/parser/typings) by extension 'ignore_ament_install'
[0.993s] Level 1:colcon.colcon_core.package_identification:_identify(webUI/node_modules/@babel/parser/typings) by extensions ['colcon_pkg']
[0.993s] Level 1:colcon.colcon_core.package_identification:_identify(webUI/node_modules/@babel/parser/typings) by extension 'colcon_pkg'
[0.993s] Level 1:colcon.colcon_core.package_identification:_identify(webUI/node_modules/@babel/parser/typings) by extensions ['colcon_meta']
[0.994s] Level 1:colcon.colcon_core.package_identification:_identify(webUI/node_modules/@babel/parser/typings) by extension 'colcon_meta'
[0.994s] Level 1:colcon.colcon_core.package_identification:_identify(webUI/node_modules/@babel/parser/typings) by extensions ['ros']
[0.994s] Level 1:colcon.colcon_core.package_identification:_identify(webUI/node_modules/@babel/parser/typings) by extension 'ros'
[0.994s] Level 1:colcon.colcon_core.package_identification:_identify(webUI/node_modules/@babel/parser/typings) by extensions ['cmake', 'python']
[0.995s] Level 1:colcon.colcon_core.package_identification:_identify(webUI/node_modules/@babel/parser/typings) by extension 'cmake'
[0.995s] Level 1:colcon.colcon_core.package_identification:_identify(webUI/node_modules/@babel/parser/typings) by extension 'python'
[0.995s] Level 1:colcon.colcon_core.package_identification:_identify(webUI/node_modules/@babel/parser/typings) by extensions ['python_setup_py']
[0.995s] Level 1:colcon.colcon_core.package_identification:_identify(webUI/node_modules/@babel/parser/typings) by extension 'python_setup_py'
[0.996s] Level 1:colcon.colcon_core.package_identification:_identify(webUI/node_modules/@popperjs) by extensions ['ignore', 'ignore_ament_install']
[0.996s] Level 1:colcon.colcon_core.package_identification:_identify(webUI/node_modules/@popperjs) by extension 'ignore'
[0.997s] Level 1:colcon.colcon_core.package_identification:_identify(webUI/node_modules/@popperjs) by extension 'ignore_ament_install'
[0.997s] Level 1:colcon.colcon_core.package_identification:_identify(webUI/node_modules/@popperjs) by extensions ['colcon_pkg']
[0.997s] Level 1:colcon.colcon_core.package_identification:_identify(webUI/node_modules/@popperjs) by extension 'colcon_pkg'
[0.997s] Level 1:colcon.colcon_core.package_identification:_identify(webUI/node_modules/@popperjs) by extensions ['colcon_meta']
[0.997s] Level 1:colcon.colcon_core.package_identification:_identify(webUI/node_modules/@popperjs) by extension 'colcon_meta'
[0.998s] Level 1:colcon.colcon_core.package_identification:_identify(webUI/node_modules/@popperjs) by extensions ['ros']
[0.998s] Level 1:colcon.colcon_core.package_identification:_identify(webUI/node_modules/@popperjs) by extension 'ros'
[0.998s] Level 1:colcon.colcon_core.package_identification:_identify(webUI/node_modules/@popperjs) by extensions ['cmake', 'python']
[0.998s] Level 1:colcon.colcon_core.package_identification:_identify(webUI/node_modules/@popperjs) by extension 'cmake'
[0.999s] Level 1:colcon.colcon_core.package_identification:_identify(webUI/node_modules/@popperjs) by extension 'python'
[0.999s] Level 1:colcon.colcon_core.package_identification:_identify(webUI/node_modules/@popperjs) by extensions ['python_setup_py']
[0.999s] Level 1:colcon.colcon_core.package_identification:_identify(webUI/node_modules/@popperjs) by extension 'python_setup_py'
[0.999s] Level 1:colcon.colcon_core.package_identification:_identify(webUI/node_modules/@vitejs) by extensions ['ignore', 'ignore_ament_install']
[1.000s] Level 1:colcon.colcon_core.package_identification:_identify(webUI/node_modules/@vitejs) by extension 'ignore'
[1.000s] Level 1:colcon.colcon_core.package_identification:_identify(webUI/node_modules/@vitejs) by extension 'ignore_ament_install'
[1.000s] Level 1:colcon.colcon_core.package_identification:_identify(webUI/node_modules/@vitejs) by extensions ['colcon_pkg']
[1.001s] Level 1:colcon.colcon_core.package_identification:_identify(webUI/node_modules/@vitejs) by extension 'colcon_pkg'
[1.001s] Level 1:colcon.colcon_core.package_identification:_identify(webUI/node_modules/@vitejs) by extensions ['colcon_meta']
[1.001s] Level 1:colcon.colcon_core.package_identification:_identify(webUI/node_modules/@vitejs) by extension 'colcon_meta'
[1.001s] Level 1:colcon.colcon_core.package_identification:_identify(webUI/node_modules/@vitejs) by extensions ['ros']
[1.001s] Level 1:colcon.colcon_core.package_identification:_identify(webUI/node_modules/@vitejs) by extension 'ros'
[1.002s] Level 1:colcon.colcon_core.package_identification:_identify(webUI/node_modules/@vitejs) by extensions ['cmake', 'python']
[1.002s] Level 1:colcon.colcon_core.package_identification:_identify(webUI/node_modules/@vitejs) by extension 'cmake'
[1.002s] Level 1:colcon.colcon_core.package_identification:_identify(webUI/node_modules/@vitejs) by extension 'python'
[1.003s] Level 1:colcon.colcon_core.package_identification:_identify(webUI/node_modules/@vitejs) by extensions ['python_setup_py']
[1.003s] Level 1:colcon.colcon_core.package_identification:_identify(webUI/node_modules/@vitejs) by extension 'python_setup_py'
[1.003s] Level 1:colcon.colcon_core.package_identification:_identify(webUI/node_modules/@vitejs/plugin-vue) by extensions ['ignore', 'ignore_ament_install']
[1.004s] Level 1:colcon.colcon_core.package_identification:_identify(webUI/node_modules/@vitejs/plugin-vue) by extension 'ignore'
[1.004s] Level 1:colcon.colcon_core.package_identification:_identify(webUI/node_modules/@vitejs/plugin-vue) by extension 'ignore_ament_install'
[1.004s] Level 1:colcon.colcon_core.package_identification:_identify(webUI/node_modules/@vitejs/plugin-vue) by extensions ['colcon_pkg']
[1.005s] Level 1:colcon.colcon_core.package_identification:_identify(webUI/node_modules/@vitejs/plugin-vue) by extension 'colcon_pkg'
[1.005s] Level 1:colcon.colcon_core.package_identification:_identify(webUI/node_modules/@vitejs/plugin-vue) by extensions ['colcon_meta']
[1.005s] Level 1:colcon.colcon_core.package_identification:_identify(webUI/node_modules/@vitejs/plugin-vue) by extension 'colcon_meta'
[1.005s] Level 1:colcon.colcon_core.package_identification:_identify(webUI/node_modules/@vitejs/plugin-vue) by extensions ['ros']
[1.005s] Level 1:colcon.colcon_core.package_identification:_identify(webUI/node_modules/@vitejs/plugin-vue) by extension 'ros'
[1.006s] Level 1:colcon.colcon_core.package_identification:_identify(webUI/node_modules/@vitejs/plugin-vue) by extensions ['cmake', 'python']
[1.006s] Level 1:colcon.colcon_core.package_identification:_identify(webUI/node_modules/@vitejs/plugin-vue) by extension 'cmake'
[1.006s] Level 1:colcon.colcon_core.package_identification:_identify(webUI/node_modules/@vitejs/plugin-vue) by extension 'python'
[1.006s] Level 1:colcon.colcon_core.package_identification:_identify(webUI/node_modules/@vitejs/plugin-vue) by extensions ['python_setup_py']
[1.007s] Level 1:colcon.colcon_core.package_identification:_identify(webUI/node_modules/@vitejs/plugin-vue) by extension 'python_setup_py'
[1.007s] Level 1:colcon.colcon_core.package_identification:_identify(webUI/node_modules/@vitejs/plugin-vue/dist) by extensions ['ignore', 'ignore_ament_install']
[1.008s] Level 1:colcon.colcon_core.package_identification:_identify(webUI/node_modules/@vitejs/plugin-vue/dist) by extension 'ignore'
[1.008s] Level 1:colcon.colcon_core.package_identification:_identify(webUI/node_modules/@vitejs/plugin-vue/dist) by extension 'ignore_ament_install'
[1.008s] Level 1:colcon.colcon_core.package_identification:_identify(webUI/node_modules/@vitejs/plugin-vue/dist) by extensions ['colcon_pkg']
[1.009s] Level 1:colcon.colcon_core.package_identification:_identify(webUI/node_modules/@vitejs/plugin-vue/dist) by extension 'colcon_pkg'
[1.009s] Level 1:colcon.colcon_core.package_identification:_identify(webUI/node_modules/@vitejs/plugin-vue/dist) by extensions ['colcon_meta']
[1.009s] Level 1:colcon.colcon_core.package_identification:_identify(webUI/node_modules/@vitejs/plugin-vue/dist) by extension 'colcon_meta'
[1.009s] Level 1:colcon.colcon_core.package_identification:_identify(webUI/node_modules/@vitejs/plugin-vue/dist) by extensions ['ros']
[1.010s] Level 1:colcon.colcon_core.package_identification:_identify(webUI/node_modules/@vitejs/plugin-vue/dist) by extension 'ros'
[1.010s] Level 1:colcon.colcon_core.package_identification:_identify(webUI/node_modules/@vitejs/plugin-vue/dist) by extensions ['cmake', 'python']
[1.010s] Level 1:colcon.colcon_core.package_identification:_identify(webUI/node_modules/@vitejs/plugin-vue/dist) by extension 'cmake'
[1.010s] Level 1:colcon.colcon_core.package_identification:_identify(webUI/node_modules/@vitejs/plugin-vue/dist) by extension 'python'
[1.010s] Level 1:colcon.colcon_core.package_identification:_identify(webUI/node_modules/@vitejs/plugin-vue/dist) by extensions ['python_setup_py']
[1.011s] Level 1:colcon.colcon_core.package_identification:_identify(webUI/node_modules/@vitejs/plugin-vue/dist) by extension 'python_setup_py'
[1.011s] Level 1:colcon.colcon_core.package_identification:_identify(webUI/node_modules/@vue) by extensions ['ignore', 'ignore_ament_install']
[1.012s] Level 1:colcon.colcon_core.package_identification:_identify(webUI/node_modules/@vue) by extension 'ignore'
[1.012s] Level 1:colcon.colcon_core.package_identification:_identify(webUI/node_modules/@vue) by extension 'ignore_ament_install'
[1.012s] Level 1:colcon.colcon_core.package_identification:_identify(webUI/node_modules/@vue) by extensions ['colcon_pkg']
[1.012s] Level 1:colcon.colcon_core.package_identification:_identify(webUI/node_modules/@vue) by extension 'colcon_pkg'
[1.013s] Level 1:colcon.colcon_core.package_identification:_identify(webUI/node_modules/@vue) by extensions ['colcon_meta']
[1.013s] Level 1:colcon.colcon_core.package_identification:_identify(webUI/node_modules/@vue) by extension 'colcon_meta'
[1.013s] Level 1:colcon.colcon_core.package_identification:_identify(webUI/node_modules/@vue) by extensions ['ros']
[1.013s] Level 1:colcon.colcon_core.package_identification:_identify(webUI/node_modules/@vue) by extension 'ros'
[1.013s] Level 1:colcon.colcon_core.package_identification:_identify(webUI/node_modules/@vue) by extensions ['cmake', 'python']
[1.014s] Level 1:colcon.colcon_core.package_identification:_identify(webUI/node_modules/@vue) by extension 'cmake'
[1.014s] Level 1:colcon.colcon_core.package_identification:_identify(webUI/node_modules/@vue) by extension 'python'
[1.014s] Level 1:colcon.colcon_core.package_identification:_identify(webUI/node_modules/@vue) by extensions ['python_setup_py']
[1.014s] Level 1:colcon.colcon_core.package_identification:_identify(webUI/node_modules/@vue) by extension 'python_setup_py'
[1.015s] Level 1:colcon.colcon_core.package_identification:_identify(webUI/node_modules/@vue/compiler-core) by extensions ['ignore', 'ignore_ament_install']
[1.015s] Level 1:colcon.colcon_core.package_identification:_identify(webUI/node_modules/@vue/compiler-core) by extension 'ignore'
[1.015s] Level 1:colcon.colcon_core.package_identification:_identify(webUI/node_modules/@vue/compiler-core) by extension 'ignore_ament_install'
[1.016s] Level 1:colcon.colcon_core.package_identification:_identify(webUI/node_modules/@vue/compiler-core) by extensions ['colcon_pkg']
[1.016s] Level 1:colcon.colcon_core.package_identification:_identify(webUI/node_modules/@vue/compiler-core) by extension 'colcon_pkg'
[1.016s] Level 1:colcon.colcon_core.package_identification:_identify(webUI/node_modules/@vue/compiler-core) by extensions ['colcon_meta']
[1.016s] Level 1:colcon.colcon_core.package_identification:_identify(webUI/node_modules/@vue/compiler-core) by extension 'colcon_meta'
[1.016s] Level 1:colcon.colcon_core.package_identification:_identify(webUI/node_modules/@vue/compiler-core) by extensions ['ros']
[1.016s] Level 1:colcon.colcon_core.package_identification:_identify(webUI/node_modules/@vue/compiler-core) by extension 'ros'
[1.017s] Level 1:colcon.colcon_core.package_identification:_identify(webUI/node_modules/@vue/compiler-core) by extensions ['cmake', 'python']
[1.017s] Level 1:colcon.colcon_core.package_identification:_identify(webUI/node_modules/@vue/compiler-core) by extension 'cmake'
[1.017s] Level 1:colcon.colcon_core.package_identification:_identify(webUI/node_modules/@vue/compiler-core) by extension 'python'
[1.017s] Level 1:colcon.colcon_core.package_identification:_identify(webUI/node_modules/@vue/compiler-core) by extensions ['python_setup_py']
[1.018s] Level 1:colcon.colcon_core.package_identification:_identify(webUI/node_modules/@vue/compiler-core) by extension 'python_setup_py'
[1.018s] Level 1:colcon.colcon_core.package_identification:_identify(webUI/node_modules/@vue/compiler-core/dist) by extensions ['ignore', 'ignore_ament_install']
[1.019s] Level 1:colcon.colcon_core.package_identification:_identify(webUI/node_modules/@vue/compiler-core/dist) by extension 'ignore'
[1.019s] Level 1:colcon.colcon_core.package_identification:_identify(webUI/node_modules/@vue/compiler-core/dist) by extension 'ignore_ament_install'
[1.019s] Level 1:colcon.colcon_core.package_identification:_identify(webUI/node_modules/@vue/compiler-core/dist) by extensions ['colcon_pkg']
[1.019s] Level 1:colcon.colcon_core.package_identification:_identify(webUI/node_modules/@vue/compiler-core/dist) by extension 'colcon_pkg'
[1.020s] Level 1:colcon.colcon_core.package_identification:_identify(webUI/node_modules/@vue/compiler-core/dist) by extensions ['colcon_meta']
[1.020s] Level 1:colcon.colcon_core.package_identification:_identify(webUI/node_modules/@vue/compiler-core/dist) by extension 'colcon_meta'
[1.020s] Level 1:colcon.colcon_core.package_identification:_identify(webUI/node_modules/@vue/compiler-core/dist) by extensions ['ros']
[1.020s] Level 1:colcon.colcon_core.package_identification:_identify(webUI/node_modules/@vue/compiler-core/dist) by extension 'ros'
[1.021s] Level 1:colcon.colcon_core.package_identification:_identify(webUI/node_modules/@vue/compiler-core/dist) by extensions ['cmake', 'python']
[1.021s] Level 1:colcon.colcon_core.package_identification:_identify(webUI/node_modules/@vue/compiler-core/dist) by extension 'cmake'
[1.021s] Level 1:colcon.colcon_core.package_identification:_identify(webUI/node_modules/@vue/compiler-core/dist) by extension 'python'
[1.021s] Level 1:colcon.colcon_core.package_identification:_identify(webUI/node_modules/@vue/compiler-core/dist) by extensions ['python_setup_py']
[1.021s] Level 1:colcon.colcon_core.package_identification:_identify(webUI/node_modules/@vue/compiler-core/dist) by extension 'python_setup_py'
[1.022s] Level 1:colcon.colcon_core.package_identification:_identify(webUI/node_modules/@vue/compiler-dom) by extensions ['ignore', 'ignore_ament_install']
[1.022s] Level 1:colcon.colcon_core.package_identification:_identify(webUI/node_modules/@vue/compiler-dom) by extension 'ignore'
[1.023s] Level 1:colcon.colcon_core.package_identification:_identify(webUI/node_modules/@vue/compiler-dom) by extension 'ignore_ament_install'
[1.023s] Level 1:colcon.colcon_core.package_identification:_identify(webUI/node_modules/@vue/compiler-dom) by extensions ['colcon_pkg']
[1.023s] Level 1:colcon.colcon_core.package_identification:_identify(webUI/node_modules/@vue/compiler-dom) by extension 'colcon_pkg'
[1.023s] Level 1:colcon.colcon_core.package_identification:_identify(webUI/node_modules/@vue/compiler-dom) by extensions ['colcon_meta']
[1.023s] Level 1:colcon.colcon_core.package_identification:_identify(webUI/node_modules/@vue/compiler-dom) by extension 'colcon_meta'
[1.024s] Level 1:colcon.colcon_core.package_identification:_identify(webUI/node_modules/@vue/compiler-dom) by extensions ['ros']
[1.024s] Level 1:colcon.colcon_core.package_identification:_identify(webUI/node_modules/@vue/compiler-dom) by extension 'ros'
[1.024s] Level 1:colcon.colcon_core.package_identification:_identify(webUI/node_modules/@vue/compiler-dom) by extensions ['cmake', 'python']
[1.024s] Level 1:colcon.colcon_core.package_identification:_identify(webUI/node_modules/@vue/compiler-dom) by extension 'cmake'
[1.025s] Level 1:colcon.colcon_core.package_identification:_identify(webUI/node_modules/@vue/compiler-dom) by extension 'python'
[1.025s] Level 1:colcon.colcon_core.package_identification:_identify(webUI/node_modules/@vue/compiler-dom) by extensions ['python_setup_py']
[1.025s] Level 1:colcon.colcon_core.package_identification:_identify(webUI/node_modules/@vue/compiler-dom) by extension 'python_setup_py'
[1.026s] Level 1:colcon.colcon_core.package_identification:_identify(webUI/node_modules/@vue/compiler-dom/dist) by extensions ['ignore', 'ignore_ament_install']
[1.026s] Level 1:colcon.colcon_core.package_identification:_identify(webUI/node_modules/@vue/compiler-dom/dist) by extension 'ignore'
[1.026s] Level 1:colcon.colcon_core.package_identification:_identify(webUI/node_modules/@vue/compiler-dom/dist) by extension 'ignore_ament_install'
[1.027s] Level 1:colcon.colcon_core.package_identification:_identify(webUI/node_modules/@vue/compiler-dom/dist) by extensions ['colcon_pkg']
[1.027s] Level 1:colcon.colcon_core.package_identification:_identify(webUI/node_modules/@vue/compiler-dom/dist) by extension 'colcon_pkg'
[1.027s] Level 1:colcon.colcon_core.package_identification:_identify(webUI/node_modules/@vue/compiler-dom/dist) by extensions ['colcon_meta']
[1.027s] Level 1:colcon.colcon_core.package_identification:_identify(webUI/node_modules/@vue/compiler-dom/dist) by extension 'colcon_meta'
[1.027s] Level 1:colcon.colcon_core.package_identification:_identify(webUI/node_modules/@vue/compiler-dom/dist) by extensions ['ros']
[1.027s] Level 1:colcon.colcon_core.package_identification:_identify(webUI/node_modules/@vue/compiler-dom/dist) by extension 'ros'
[1.028s] Level 1:colcon.colcon_core.package_identification:_identify(webUI/node_modules/@vue/compiler-dom/dist) by extensions ['cmake', 'python']
[1.028s] Level 1:colcon.colcon_core.package_identification:_identify(webUI/node_modules/@vue/compiler-dom/dist) by extension 'cmake'
[1.028s] Level 1:colcon.colcon_core.package_identification:_identify(webUI/node_modules/@vue/compiler-dom/dist) by extension 'python'
[1.028s] Level 1:colcon.colcon_core.package_identification:_identify(webUI/node_modules/@vue/compiler-dom/dist) by extensions ['python_setup_py']
[1.028s] Level 1:colcon.colcon_core.package_identification:_identify(webUI/node_modules/@vue/compiler-dom/dist) by extension 'python_setup_py'
[1.029s] Level 1:colcon.colcon_core.package_identification:_identify(webUI/node_modules/@vue/compiler-sfc) by extensions ['ignore', 'ignore_ament_install']
[1.029s] Level 1:colcon.colcon_core.package_identification:_identify(webUI/node_modules/@vue/compiler-sfc) by extension 'ignore'
[1.030s] Level 1:colcon.colcon_core.package_identification:_identify(webUI/node_modules/@vue/compiler-sfc) by extension 'ignore_ament_install'
[1.030s] Level 1:colcon.colcon_core.package_identification:_identify(webUI/node_modules/@vue/compiler-sfc) by extensions ['colcon_pkg']
[1.030s] Level 1:colcon.colcon_core.package_identification:_identify(webUI/node_modules/@vue/compiler-sfc) by extension 'colcon_pkg'
[1.030s] Level 1:colcon.colcon_core.package_identification:_identify(webUI/node_modules/@vue/compiler-sfc) by extensions ['colcon_meta']
[1.031s] Level 1:colcon.colcon_core.package_identification:_identify(webUI/node_modules/@vue/compiler-sfc) by extension 'colcon_meta'
[1.031s] Level 1:colcon.colcon_core.package_identification:_identify(webUI/node_modules/@vue/compiler-sfc) by extensions ['ros']
[1.031s] Level 1:colcon.colcon_core.package_identification:_identify(webUI/node_modules/@vue/compiler-sfc) by extension 'ros'
[1.032s] Level 1:colcon.colcon_core.package_identification:_identify(webUI/node_modules/@vue/compiler-sfc) by extensions ['cmake', 'python']
[1.032s] Level 1:colcon.colcon_core.package_identification:_identify(webUI/node_modules/@vue/compiler-sfc) by extension 'cmake'
[1.032s] Level 1:colcon.colcon_core.package_identification:_identify(webUI/node_modules/@vue/compiler-sfc) by extension 'python'
[1.032s] Level 1:colcon.colcon_core.package_identification:_identify(webUI/node_modules/@vue/compiler-sfc) by extensions ['python_setup_py']
[1.032s] Level 1:colcon.colcon_core.package_identification:_identify(webUI/node_modules/@vue/compiler-sfc) by extension 'python_setup_py'
[1.033s] Level 1:colcon.colcon_core.package_identification:_identify(webUI/node_modules/@vue/compiler-sfc/dist) by extensions ['ignore', 'ignore_ament_install']
[1.033s] Level 1:colcon.colcon_core.package_identification:_identify(webUI/node_modules/@vue/compiler-sfc/dist) by extension 'ignore'
[1.034s] Level 1:colcon.colcon_core.package_identification:_identify(webUI/node_modules/@vue/compiler-sfc/dist) by extension 'ignore_ament_install'
[1.034s] Level 1:colcon.colcon_core.package_identification:_identify(webUI/node_modules/@vue/compiler-sfc/dist) by extensions ['colcon_pkg']
[1.034s] Level 1:colcon.colcon_core.package_identification:_identify(webUI/node_modules/@vue/compiler-sfc/dist) by extension 'colcon_pkg'
[1.034s] Level 1:colcon.colcon_core.package_identification:_identify(webUI/node_modules/@vue/compiler-sfc/dist) by extensions ['colcon_meta']
[1.034s] Level 1:colcon.colcon_core.package_identification:_identify(webUI/node_modules/@vue/compiler-sfc/dist) by extension 'colcon_meta'
[1.035s] Level 1:colcon.colcon_core.package_identification:_identify(webUI/node_modules/@vue/compiler-sfc/dist) by extensions ['ros']
[1.035s] Level 1:colcon.colcon_core.package_identification:_identify(webUI/node_modules/@vue/compiler-sfc/dist) by extension 'ros'
[1.035s] Level 1:colcon.colcon_core.package_identification:_identify(webUI/node_modules/@vue/compiler-sfc/dist) by extensions ['cmake', 'python']
[1.035s] Level 1:colcon.colcon_core.package_identification:_identify(webUI/node_modules/@vue/compiler-sfc/dist) by extension 'cmake'
[1.035s] Level 1:colcon.colcon_core.package_identification:_identify(webUI/node_modules/@vue/compiler-sfc/dist) by extension 'python'
[1.036s] Level 1:colcon.colcon_core.package_identification:_identify(webUI/node_modules/@vue/compiler-sfc/dist) by extensions ['python_setup_py']
[1.036s] Level 1:colcon.colcon_core.package_identification:_identify(webUI/node_modules/@vue/compiler-sfc/dist) by extension 'python_setup_py'
[1.036s] Level 1:colcon.colcon_core.package_identification:_identify(webUI/node_modules/@vue/compiler-ssr) by extensions ['ignore', 'ignore_ament_install']
[1.037s] Level 1:colcon.colcon_core.package_identification:_identify(webUI/node_modules/@vue/compiler-ssr) by extension 'ignore'
[1.037s] Level 1:colcon.colcon_core.package_identification:_identify(webUI/node_modules/@vue/compiler-ssr) by extension 'ignore_ament_install'
[1.037s] Level 1:colcon.colcon_core.package_identification:_identify(webUI/node_modules/@vue/compiler-ssr) by extensions ['colcon_pkg']
[1.037s] Level 1:colcon.colcon_core.package_identification:_identify(webUI/node_modules/@vue/compiler-ssr) by extension 'colcon_pkg'
[1.038s] Level 1:colcon.colcon_core.package_identification:_identify(webUI/node_modules/@vue/compiler-ssr) by extensions ['colcon_meta']
[1.038s] Level 1:colcon.colcon_core.package_identification:_identify(webUI/node_modules/@vue/compiler-ssr) by extension 'colcon_meta'
[1.038s] Level 1:colcon.colcon_core.package_identification:_identify(webUI/node_modules/@vue/compiler-ssr) by extensions ['ros']
[1.038s] Level 1:colcon.colcon_core.package_identification:_identify(webUI/node_modules/@vue/compiler-ssr) by extension 'ros'
[1.039s] Level 1:colcon.colcon_core.package_identification:_identify(webUI/node_modules/@vue/compiler-ssr) by extensions ['cmake', 'python']
[1.039s] Level 1:colcon.colcon_core.package_identification:_identify(webUI/node_modules/@vue/compiler-ssr) by extension 'cmake'
[1.039s] Level 1:colcon.colcon_core.package_identification:_identify(webUI/node_modules/@vue/compiler-ssr) by extension 'python'
[1.039s] Level 1:colcon.colcon_core.package_identification:_identify(webUI/node_modules/@vue/compiler-ssr) by extensions ['python_setup_py']
[1.039s] Level 1:colcon.colcon_core.package_identification:_identify(webUI/node_modules/@vue/compiler-ssr) by extension 'python_setup_py'
[1.040s] Level 1:colcon.colcon_core.package_identification:_identify(webUI/node_modules/@vue/compiler-ssr/dist) by extensions ['ignore', 'ignore_ament_install']
[1.040s] Level 1:colcon.colcon_core.package_identification:_identify(webUI/node_modules/@vue/compiler-ssr/dist) by extension 'ignore'
[1.041s] Level 1:colcon.colcon_core.package_identification:_identify(webUI/node_modules/@vue/compiler-ssr/dist) by extension 'ignore_ament_install'
[1.041s] Level 1:colcon.colcon_core.package_identification:_identify(webUI/node_modules/@vue/compiler-ssr/dist) by extensions ['colcon_pkg']
[1.041s] Level 1:colcon.colcon_core.package_identification:_identify(webUI/node_modules/@vue/compiler-ssr/dist) by extension 'colcon_pkg'
[1.041s] Level 1:colcon.colcon_core.package_identification:_identify(webUI/node_modules/@vue/compiler-ssr/dist) by extensions ['colcon_meta']
[1.041s] Level 1:colcon.colcon_core.package_identification:_identify(webUI/node_modules/@vue/compiler-ssr/dist) by extension 'colcon_meta'
[1.042s] Level 1:colcon.colcon_core.package_identification:_identify(webUI/node_modules/@vue/compiler-ssr/dist) by extensions ['ros']
[1.042s] Level 1:colcon.colcon_core.package_identification:_identify(webUI/node_modules/@vue/compiler-ssr/dist) by extension 'ros'
[1.042s] Level 1:colcon.colcon_core.package_identification:_identify(webUI/node_modules/@vue/compiler-ssr/dist) by extensions ['cmake', 'python']
[1.043s] Level 1:colcon.colcon_core.package_identification:_identify(webUI/node_modules/@vue/compiler-ssr/dist) by extension 'cmake'
[1.043s] Level 1:colcon.colcon_core.package_identification:_identify(webUI/node_modules/@vue/compiler-ssr/dist) by extension 'python'
[1.043s] Level 1:colcon.colcon_core.package_identification:_identify(webUI/node_modules/@vue/compiler-ssr/dist) by extensions ['python_setup_py']
[1.043s] Level 1:colcon.colcon_core.package_identification:_identify(webUI/node_modules/@vue/compiler-ssr/dist) by extension 'python_setup_py'
[1.044s] Level 1:colcon.colcon_core.package_identification:_identify(webUI/node_modules/@vue/reactivity) by extensions ['ignore', 'ignore_ament_install']
[1.044s] Level 1:colcon.colcon_core.package_identification:_identify(webUI/node_modules/@vue/reactivity) by extension 'ignore'
[1.044s] Level 1:colcon.colcon_core.package_identification:_identify(webUI/node_modules/@vue/reactivity) by extension 'ignore_ament_install'
[1.045s] Level 1:colcon.colcon_core.package_identification:_identify(webUI/node_modules/@vue/reactivity) by extensions ['colcon_pkg']
[1.045s] Level 1:colcon.colcon_core.package_identification:_identify(webUI/node_modules/@vue/reactivity) by extension 'colcon_pkg'
[1.045s] Level 1:colcon.colcon_core.package_identification:_identify(webUI/node_modules/@vue/reactivity) by extensions ['colcon_meta']
[1.045s] Level 1:colcon.colcon_core.package_identification:_identify(webUI/node_modules/@vue/reactivity) by extension 'colcon_meta'
[1.045s] Level 1:colcon.colcon_core.package_identification:_identify(webUI/node_modules/@vue/reactivity) by extensions ['ros']
[1.046s] Level 1:colcon.colcon_core.package_identification:_identify(webUI/node_modules/@vue/reactivity) by extension 'ros'
[1.046s] Level 1:colcon.colcon_core.package_identification:_identify(webUI/node_modules/@vue/reactivity) by extensions ['cmake', 'python']
[1.046s] Level 1:colcon.colcon_core.package_identification:_identify(webUI/node_modules/@vue/reactivity) by extension 'cmake'
[1.046s] Level 1:colcon.colcon_core.package_identification:_identify(webUI/node_modules/@vue/reactivity) by extension 'python'
[1.046s] Level 1:colcon.colcon_core.package_identification:_identify(webUI/node_modules/@vue/reactivity) by extensions ['python_setup_py']
[1.047s] Level 1:colcon.colcon_core.package_identification:_identify(webUI/node_modules/@vue/reactivity) by extension 'python_setup_py'
[1.047s] Level 1:colcon.colcon_core.package_identification:_identify(webUI/node_modules/@vue/reactivity/dist) by extensions ['ignore', 'ignore_ament_install']
[1.048s] Level 1:colcon.colcon_core.package_identification:_identify(webUI/node_modules/@vue/reactivity/dist) by extension 'ignore'
[1.048s] Level 1:colcon.colcon_core.package_identification:_identify(webUI/node_modules/@vue/reactivity/dist) by extension 'ignore_ament_install'
[1.048s] Level 1:colcon.colcon_core.package_identification:_identify(webUI/node_modules/@vue/reactivity/dist) by extensions ['colcon_pkg']
[1.048s] Level 1:colcon.colcon_core.package_identification:_identify(webUI/node_modules/@vue/reactivity/dist) by extension 'colcon_pkg'
[1.049s] Level 1:colcon.colcon_core.package_identification:_identify(webUI/node_modules/@vue/reactivity/dist) by extensions ['colcon_meta']
[1.049s] Level 1:colcon.colcon_core.package_identification:_identify(webUI/node_modules/@vue/reactivity/dist) by extension 'colcon_meta'
[1.049s] Level 1:colcon.colcon_core.package_identification:_identify(webUI/node_modules/@vue/reactivity/dist) by extensions ['ros']
[1.049s] Level 1:colcon.colcon_core.package_identification:_identify(webUI/node_modules/@vue/reactivity/dist) by extension 'ros'
[1.050s] Level 1:colcon.colcon_core.package_identification:_identify(webUI/node_modules/@vue/reactivity/dist) by extensions ['cmake', 'python']
[1.050s] Level 1:colcon.colcon_core.package_identification:_identify(webUI/node_modules/@vue/reactivity/dist) by extension 'cmake'
[1.050s] Level 1:colcon.colcon_core.package_identification:_identify(webUI/node_modules/@vue/reactivity/dist) by extension 'python'
[1.050s] Level 1:colcon.colcon_core.package_identification:_identify(webUI/node_modules/@vue/reactivity/dist) by extensions ['python_setup_py']
[1.050s] Level 1:colcon.colcon_core.package_identification:_identify(webUI/node_modules/@vue/reactivity/dist) by extension 'python_setup_py'
[1.051s] Level 1:colcon.colcon_core.package_identification:_identify(webUI/node_modules/@vue/reactivity-transform) by extensions ['ignore', 'ignore_ament_install']
[1.051s] Level 1:colcon.colcon_core.package_identification:_identify(webUI/node_modules/@vue/reactivity-transform) by extension 'ignore'
[1.051s] Level 1:colcon.colcon_core.package_identification:_identify(webUI/node_modules/@vue/reactivity-transform) by extension 'ignore_ament_install'
[1.052s] Level 1:colcon.colcon_core.package_identification:_identify(webUI/node_modules/@vue/reactivity-transform) by extensions ['colcon_pkg']
[1.052s] Level 1:colcon.colcon_core.package_identification:_identify(webUI/node_modules/@vue/reactivity-transform) by extension 'colcon_pkg'
[1.052s] Level 1:colcon.colcon_core.package_identification:_identify(webUI/node_modules/@vue/reactivity-transform) by extensions ['colcon_meta']
[1.052s] Level 1:colcon.colcon_core.package_identification:_identify(webUI/node_modules/@vue/reactivity-transform) by extension 'colcon_meta'
[1.052s] Level 1:colcon.colcon_core.package_identification:_identify(webUI/node_modules/@vue/reactivity-transform) by extensions ['ros']
[1.053s] Level 1:colcon.colcon_core.package_identification:_identify(webUI/node_modules/@vue/reactivity-transform) by extension 'ros'
[1.053s] Level 1:colcon.colcon_core.package_identification:_identify(webUI/node_modules/@vue/reactivity-transform) by extensions ['cmake', 'python']
[1.053s] Level 1:colcon.colcon_core.package_identification:_identify(webUI/node_modules/@vue/reactivity-transform) by extension 'cmake'
[1.053s] Level 1:colcon.colcon_core.package_identification:_identify(webUI/node_modules/@vue/reactivity-transform) by extension 'python'
[1.054s] Level 1:colcon.colcon_core.package_identification:_identify(webUI/node_modules/@vue/reactivity-transform) by extensions ['python_setup_py']
[1.054s] Level 1:colcon.colcon_core.package_identification:_identify(webUI/node_modules/@vue/reactivity-transform) by extension 'python_setup_py'
[1.055s] Level 1:colcon.colcon_core.package_identification:_identify(webUI/node_modules/@vue/reactivity-transform/dist) by extensions ['ignore', 'ignore_ament_install']
[1.055s] Level 1:colcon.colcon_core.package_identification:_identify(webUI/node_modules/@vue/reactivity-transform/dist) by extension 'ignore'
[1.055s] Level 1:colcon.colcon_core.package_identification:_identify(webUI/node_modules/@vue/reactivity-transform/dist) by extension 'ignore_ament_install'
[1.056s] Level 1:colcon.colcon_core.package_identification:_identify(webUI/node_modules/@vue/reactivity-transform/dist) by extensions ['colcon_pkg']
[1.056s] Level 1:colcon.colcon_core.package_identification:_identify(webUI/node_modules/@vue/reactivity-transform/dist) by extension 'colcon_pkg'
[1.056s] Level 1:colcon.colcon_core.package_identification:_identify(webUI/node_modules/@vue/reactivity-transform/dist) by extensions ['colcon_meta']
[1.056s] Level 1:colcon.colcon_core.package_identification:_identify(webUI/node_modules/@vue/reactivity-transform/dist) by extension 'colcon_meta'
[1.056s] Level 1:colcon.colcon_core.package_identification:_identify(webUI/node_modules/@vue/reactivity-transform/dist) by extensions ['ros']
[1.057s] Level 1:colcon.colcon_core.package_identification:_identify(webUI/node_modules/@vue/reactivity-transform/dist) by extension 'ros'
[1.057s] Level 1:colcon.colcon_core.package_identification:_identify(webUI/node_modules/@vue/reactivity-transform/dist) by extensions ['cmake', 'python']
[1.057s] Level 1:colcon.colcon_core.package_identification:_identify(webUI/node_modules/@vue/reactivity-transform/dist) by extension 'cmake'
[1.057s] Level 1:colcon.colcon_core.package_identification:_identify(webUI/node_modules/@vue/reactivity-transform/dist) by extension 'python'
[1.058s] Level 1:colcon.colcon_core.package_identification:_identify(webUI/node_modules/@vue/reactivity-transform/dist) by extensions ['python_setup_py']
[1.058s] Level 1:colcon.colcon_core.package_identification:_identify(webUI/node_modules/@vue/reactivity-transform/dist) by extension 'python_setup_py'
[1.058s] Level 1:colcon.colcon_core.package_identification:_identify(webUI/node_modules/@vue/runtime-core) by extensions ['ignore', 'ignore_ament_install']
[1.059s] Level 1:colcon.colcon_core.package_identification:_identify(webUI/node_modules/@vue/runtime-core) by extension 'ignore'
[1.059s] Level 1:colcon.colcon_core.package_identification:_identify(webUI/node_modules/@vue/runtime-core) by extension 'ignore_ament_install'
[1.059s] Level 1:colcon.colcon_core.package_identification:_identify(webUI/node_modules/@vue/runtime-core) by extensions ['colcon_pkg']
[1.059s] Level 1:colcon.colcon_core.package_identification:_identify(webUI/node_modules/@vue/runtime-core) by extension 'colcon_pkg'
[1.059s] Level 1:colcon.colcon_core.package_identification:_identify(webUI/node_modules/@vue/runtime-core) by extensions ['colcon_meta']
[1.060s] Level 1:colcon.colcon_core.package_identification:_identify(webUI/node_modules/@vue/runtime-core) by extension 'colcon_meta'
[1.060s] Level 1:colcon.colcon_core.package_identification:_identify(webUI/node_modules/@vue/runtime-core) by extensions ['ros']
[1.060s] Level 1:colcon.colcon_core.package_identification:_identify(webUI/node_modules/@vue/runtime-core) by extension 'ros'
[1.060s] Level 1:colcon.colcon_core.package_identification:_identify(webUI/node_modules/@vue/runtime-core) by extensions ['cmake', 'python']
[1.061s] Level 1:colcon.colcon_core.package_identification:_identify(webUI/node_modules/@vue/runtime-core) by extension 'cmake'
[1.061s] Level 1:colcon.colcon_core.package_identification:_identify(webUI/node_modules/@vue/runtime-core) by extension 'python'
[1.061s] Level 1:colcon.colcon_core.package_identification:_identify(webUI/node_modules/@vue/runtime-core) by extensions ['python_setup_py']
[1.061s] Level 1:colcon.colcon_core.package_identification:_identify(webUI/node_modules/@vue/runtime-core) by extension 'python_setup_py'
[1.062s] Level 1:colcon.colcon_core.package_identification:_identify(webUI/node_modules/@vue/runtime-core/dist) by extensions ['ignore', 'ignore_ament_install']
[1.062s] Level 1:colcon.colcon_core.package_identification:_identify(webUI/node_modules/@vue/runtime-core/dist) by extension 'ignore'
[1.062s] Level 1:colcon.colcon_core.package_identification:_identify(webUI/node_modules/@vue/runtime-core/dist) by extension 'ignore_ament_install'
[1.063s] Level 1:colcon.colcon_core.package_identification:_identify(webUI/node_modules/@vue/runtime-core/dist) by extensions ['colcon_pkg']
[1.063s] Level 1:colcon.colcon_core.package_identification:_identify(webUI/node_modules/@vue/runtime-core/dist) by extension 'colcon_pkg'
[1.063s] Level 1:colcon.colcon_core.package_identification:_identify(webUI/node_modules/@vue/runtime-core/dist) by extensions ['colcon_meta']
[1.063s] Level 1:colcon.colcon_core.package_identification:_identify(webUI/node_modules/@vue/runtime-core/dist) by extension 'colcon_meta'
[1.063s] Level 1:colcon.colcon_core.package_identification:_identify(webUI/node_modules/@vue/runtime-core/dist) by extensions ['ros']
[1.064s] Level 1:colcon.colcon_core.package_identification:_identify(webUI/node_modules/@vue/runtime-core/dist) by extension 'ros'
[1.064s] Level 1:colcon.colcon_core.package_identification:_identify(webUI/node_modules/@vue/runtime-core/dist) by extensions ['cmake', 'python']
[1.064s] Level 1:colcon.colcon_core.package_identification:_identify(webUI/node_modules/@vue/runtime-core/dist) by extension 'cmake'
[1.065s] Level 1:colcon.colcon_core.package_identification:_identify(webUI/node_modules/@vue/runtime-core/dist) by extension 'python'
[1.065s] Level 1:colcon.colcon_core.package_identification:_identify(webUI/node_modules/@vue/runtime-core/dist) by extensions ['python_setup_py']
[1.065s] Level 1:colcon.colcon_core.package_identification:_identify(webUI/node_modules/@vue/runtime-core/dist) by extension 'python_setup_py'
[1.066s] Level 1:colcon.colcon_core.package_identification:_identify(webUI/node_modules/@vue/runtime-dom) by extensions ['ignore', 'ignore_ament_install']
[1.067s] Level 1:colcon.colcon_core.package_identification:_identify(webUI/node_modules/@vue/runtime-dom) by extension 'ignore'
[1.067s] Level 1:colcon.colcon_core.package_identification:_identify(webUI/node_modules/@vue/runtime-dom) by extension 'ignore_ament_install'
[1.067s] Level 1:colcon.colcon_core.package_identification:_identify(webUI/node_modules/@vue/runtime-dom) by extensions ['colcon_pkg']
[1.068s] Level 1:colcon.colcon_core.package_identification:_identify(webUI/node_modules/@vue/runtime-dom) by extension 'colcon_pkg'
[1.068s] Level 1:colcon.colcon_core.package_identification:_identify(webUI/node_modules/@vue/runtime-dom) by extensions ['colcon_meta']
[1.068s] Level 1:colcon.colcon_core.package_identification:_identify(webUI/node_modules/@vue/runtime-dom) by extension 'colcon_meta'
[1.069s] Level 1:colcon.colcon_core.package_identification:_identify(webUI/node_modules/@vue/runtime-dom) by extensions ['ros']
[1.069s] Level 1:colcon.colcon_core.package_identification:_identify(webUI/node_modules/@vue/runtime-dom) by extension 'ros'
[1.070s] Level 1:colcon.colcon_core.package_identification:_identify(webUI/node_modules/@vue/runtime-dom) by extensions ['cmake', 'python']
[1.070s] Level 1:colcon.colcon_core.package_identification:_identify(webUI/node_modules/@vue/runtime-dom) by extension 'cmake'
[1.070s] Level 1:colcon.colcon_core.package_identification:_identify(webUI/node_modules/@vue/runtime-dom) by extension 'python'
[1.071s] Level 1:colcon.colcon_core.package_identification:_identify(webUI/node_modules/@vue/runtime-dom) by extensions ['python_setup_py']
[1.071s] Level 1:colcon.colcon_core.package_identification:_identify(webUI/node_modules/@vue/runtime-dom) by extension 'python_setup_py'
