[4.644s] Invoking command in '/app/dev_ws/src/ntrip_client': PYTHONPATH=/app/dev_ws/install/ntrip_client/lib/python3.8/site-packages:${PYTHONPATH} /usr/bin/python3 setup.py egg_info --egg-base ../../build/ntrip_client build --build-base /app/dev_ws/build/ntrip_client/build install --prefix /app/dev_ws/install/ntrip_client --record /app/dev_ws/build/ntrip_client/install.log --single-version-externally-managed
[6.010s] running egg_info
[6.013s] writing ../../build/ntrip_client/ntrip_client.egg-info/PKG-INFO
[6.015s] writing dependency_links to ../../build/ntrip_client/ntrip_client.egg-info/dependency_links.txt
[6.016s] writing entry points to ../../build/ntrip_client/ntrip_client.egg-info/entry_points.txt
[6.017s] writing requirements to ../../build/ntrip_client/ntrip_client.egg-info/requires.txt
[6.018s] writing top-level names to ../../build/ntrip_client/ntrip_client.egg-info/top_level.txt
[6.217s] reading manifest file '../../build/ntrip_client/ntrip_client.egg-info/SOURCES.txt'
[6.219s] writing manifest file '../../build/ntrip_client/ntrip_client.egg-info/SOURCES.txt'
[6.220s] running build
[6.220s] running build_py
[6.221s] copying ntrip_client/ntrip_pub.py -> /app/dev_ws/build/ntrip_client/build/lib/ntrip_client
[6.222s] running install
[6.223s] running install_lib
[6.228s] copying /app/dev_ws/build/ntrip_client/build/lib/ntrip_client/ntrip_pub.py -> /app/dev_ws/install/ntrip_client/lib/python3.8/site-packages/ntrip_client
[6.231s] byte-compiling /app/dev_ws/install/ntrip_client/lib/python3.8/site-packages/ntrip_client/ntrip_pub.py to ntrip_pub.cpython-38.pyc
[6.243s] running install_data
[6.245s] running install_egg_info
[6.253s] removing '/app/dev_ws/install/ntrip_client/lib/python3.8/site-packages/ntrip_client-0.0.0-py3.8.egg-info' (and everything under it)
[6.256s] Copying ../../build/ntrip_client/ntrip_client.egg-info to /app/dev_ws/install/ntrip_client/lib/python3.8/site-packages/ntrip_client-0.0.0-py3.8.egg-info
[6.267s] running install_scripts
[6.378s] Installing main script to /app/dev_ws/install/ntrip_client/lib/ntrip_client
[6.381s] writing list of installed files to '/app/dev_ws/build/ntrip_client/install.log'
[6.978s] Invoked command in '/app/dev_ws/src/ntrip_client' returned '0': PYTHONPATH=/app/dev_ws/install/ntrip_client/lib/python3.8/site-packages:${PYTHONPATH} /usr/bin/python3 setup.py egg_info --egg-base ../../build/ntrip_client build --build-base /app/dev_ws/build/ntrip_client/build install --prefix /app/dev_ws/install/ntrip_client --record /app/dev_ws/build/ntrip_client/install.log --single-version-externally-managed
