[2.992s] Invoking command in '/app/dev_ws/src/central': PYTHONPATH=/app/dev_ws/install/central/lib/python3.8/site-packages:${PYTHONPATH} /usr/bin/python3 setup.py egg_info --egg-base ../../build/central build --build-base /app/dev_ws/build/central/build install --prefix /app/dev_ws/install/central --record /app/dev_ws/build/central/install.log --single-version-externally-managed
[4.069s] running egg_info
[4.070s] writing ../../build/central/central.egg-info/PKG-INFO
[4.071s] writing dependency_links to ../../build/central/central.egg-info/dependency_links.txt
[4.072s] writing entry points to ../../build/central/central.egg-info/entry_points.txt
[4.073s] writing requirements to ../../build/central/central.egg-info/requires.txt
[4.074s] writing top-level names to ../../build/central/central.egg-info/top_level.txt
[4.237s] reading manifest file '../../build/central/central.egg-info/SOURCES.txt'
[4.242s] writing manifest file '../../build/central/central.egg-info/SOURCES.txt'
[4.242s] running build
[4.243s] running build_py
[4.243s] copying central/central_data.py -> /app/dev_ws/build/central/build/lib/central
[4.245s] running install
[4.249s] running install_lib
[4.254s] copying /app/dev_ws/build/central/build/lib/central/central_data.py -> /app/dev_ws/install/central/lib/python3.8/site-packages/central
[4.259s] byte-compiling /app/dev_ws/install/central/lib/python3.8/site-packages/central/central_data.py to central_data.cpython-38.pyc
[4.269s] running install_data
[4.272s] running install_egg_info
[4.280s] removing '/app/dev_ws/install/central/lib/python3.8/site-packages/central-0.0.0-py3.8.egg-info' (and everything under it)
[4.282s] Copying ../../build/central/central.egg-info to /app/dev_ws/install/central/lib/python3.8/site-packages/central-0.0.0-py3.8.egg-info
[4.289s] running install_scripts
[4.368s] Installing collect_data script to /app/dev_ws/install/central/lib/central
[4.368s] Installing config script to /app/dev_ws/install/central/lib/central
[4.370s] writing list of installed files to '/app/dev_ws/build/central/install.log'
[4.469s] Invoked command in '/app/dev_ws/src/central' returned '0': PYTHONPATH=/app/dev_ws/install/central/lib/python3.8/site-packages:${PYTHONPATH} /usr/bin/python3 setup.py egg_info --egg-base ../../build/central build --build-base /app/dev_ws/build/central/build install --prefix /app/dev_ws/install/central --record /app/dev_ws/build/central/install.log --single-version-externally-managed
