[4.545s] Invoking command in '/app/dev_ws/src/central': PYTHONPATH=/app/dev_ws/install/central/lib/python3.8/site-packages:${PYTHONPATH} /usr/bin/python3 setup.py egg_info --egg-base ../../build/central build --build-base /app/dev_ws/build/central/build install --prefix /app/dev_ws/install/central --record /app/dev_ws/build/central/install.log --single-version-externally-managed
[6.311s] running egg_info
[6.314s] creating ../../build/central/central.egg-info
[6.317s] writing ../../build/central/central.egg-info/PKG-INFO
[6.321s] writing dependency_links to ../../build/central/central.egg-info/dependency_links.txt
[6.323s] writing entry points to ../../build/central/central.egg-info/entry_points.txt
[6.324s] writing requirements to ../../build/central/central.egg-info/requires.txt
[6.325s] writing top-level names to ../../build/central/central.egg-info/top_level.txt
[6.337s] writing manifest file '../../build/central/central.egg-info/SOURCES.txt'
[6.578s] reading manifest file '../../build/central/central.egg-info/SOURCES.txt'
[6.584s] writing manifest file '../../build/central/central.egg-info/SOURCES.txt'
[6.585s] running build
[6.585s] running build_py
[6.588s] creating /app/dev_ws/build/central/build
[6.589s] creating /app/dev_ws/build/central/build/lib
[6.590s] creating /app/dev_ws/build/central/build/lib/central
[6.590s] copying central/central_data.py -> /app/dev_ws/build/central/build/lib/central
[6.593s] copying central/central_config.py -> /app/dev_ws/build/central/build/lib/central
[6.597s] copying central/__init__.py -> /app/dev_ws/build/central/build/lib/central
[6.600s] running install
[6.605s] running install_lib
[6.613s] creating /app/dev_ws/install/central/lib/python3.8/site-packages/central
[6.615s] copying /app/dev_ws/build/central/build/lib/central/central_data.py -> /app/dev_ws/install/central/lib/python3.8/site-packages/central
[6.618s] copying /app/dev_ws/build/central/build/lib/central/central_config.py -> /app/dev_ws/install/central/lib/python3.8/site-packages/central
[6.622s] copying /app/dev_ws/build/central/build/lib/central/__init__.py -> /app/dev_ws/install/central/lib/python3.8/site-packages/central
[6.625s] byte-compiling /app/dev_ws/install/central/lib/python3.8/site-packages/central/central_data.py to central_data.cpython-38.pyc
[6.635s] byte-compiling /app/dev_ws/install/central/lib/python3.8/site-packages/central/central_config.py to central_config.cpython-38.pyc
[6.639s] byte-compiling /app/dev_ws/install/central/lib/python3.8/site-packages/central/__init__.py to __init__.cpython-38.pyc
[6.641s] running install_data
[6.645s] creating /app/dev_ws/install/central/share/ament_index
[6.647s] creating /app/dev_ws/install/central/share/ament_index/resource_index
[6.648s] creating /app/dev_ws/install/central/share/ament_index/resource_index/packages
[6.650s] copying resource/central -> /app/dev_ws/install/central/share/ament_index/resource_index/packages
[6.653s] copying package.xml -> /app/dev_ws/install/central/share/central
[6.655s] running install_egg_info
[6.666s] Copying ../../build/central/central.egg-info to /app/dev_ws/install/central/lib/python3.8/site-packages/central-0.0.0-py3.8.egg-info
[6.677s] running install_scripts
[6.781s] Installing collect_data script to /app/dev_ws/install/central/lib/central
[6.784s] Installing config script to /app/dev_ws/install/central/lib/central
[6.787s] writing list of installed files to '/app/dev_ws/build/central/install.log'
[6.932s] Invoked command in '/app/dev_ws/src/central' returned '0': PYTHONPATH=/app/dev_ws/install/central/lib/python3.8/site-packages:${PYTHONPATH} /usr/bin/python3 setup.py egg_info --egg-base ../../build/central build --build-base /app/dev_ws/build/central/build install --prefix /app/dev_ws/install/central --record /app/dev_ws/build/central/install.log --single-version-externally-managed
